
**** vanir:build ****
1dcf50c : Build hacks <DHOMD> 5 months ago
 
**** cm:LineageOS/android_device_htc_pme ****
6f026fc : pme: Snap: Use marlin config file. (fixes Snap) Enable Snap. <Tab Fitts> 30 hours ago
 
**** cm:LineageOS/android_device_motorola_athene ****
bde5705 : athene: Add TWRP Support <Shreps> 6 months ago
 
**** cm:LineageOS/android_device_motorola_lux ****
8e94905 : lux: Commonize Adreno 4xx blobs <Alberto97> 3 days ago
 
**** vanir:device_motorola_msm8916-common ****
986aa61 : msm8916-common: Commonize Adreno 4xx blobs <Alberto97> 3 days ago
3dcb14e : msm8916-common: Fix IMS pinning <Alberto97> 3 days ago
4e8ca3b : msm8916-common: Pin netmgr blobs <Alberto97> 3 days ago
 
**** cm:LineageOS/android_device_motorola_otus ****
ea1653e : Otus: Fix FM Radio <DHOMD> 6 weeks ago
 
**** cm:LineageOS/android_device_oppo_msm8974-common ****
6dd1086 : Port from bacon: Add blob to decrypt full-disk encryption of /data. <J. Joe Feise> 3 months ago
 
**** vanir:device_qcom_common ****
73cad59 : Suboptimal way of fixing Pixie builds <DHOMD> 10 weeks ago
 
**** cm:LineageOS/android_device_samsung_jfltetmo ****
65c54ca : jfltetmo: lineage.mk: Update build fingerprint from FOK3 to FQA1 <Nolen Johnson> 7 hours ago
12f1362 : jfltetmo: Rebrand to LineageOS <Nolen Johnson> 7 hours ago
 
**** vanir:device_samsung_klte ****
2c15d4f : klte: libinit: Sort match list alphabetically <Kevin F. Haggerty> 11 days ago
eb51cbb : Revert "init: Restructure common properties" <Kevin F. Haggerty> 11 days ago
ad919e2 : klte: libinit: Update build fingerprints <Kevin F. Haggerty> 13 hours ago
 
**** vanir:device_samsung_klte-common ****
56e35ca : klte-common: kang brightness overlays from bacon <OzzysCmAcc> 8 days ago
b539b7f : klte-common: Add informational note to proprietary files list <Kevin F. Haggerty> 12 hours ago
 
**** cm:LineageOS/android_device_samsung_kltedv ****
ce8395b : kltedv: libinit: Update build fingerprint <Kevin F. Haggerty> 10 hours ago
 
**** vanir:device_samsung_kltevzw ****
6bfe273 : kltevzw: libinit: Update SM-G900V build fingerprint <Kevin F. Haggerty> 13 hours ago
 
**** vanir:device_yu_lettuce ****
af09665 : lettuce: Add 32-bits Adreno blobs <Louis Popi> 2 days ago
 
**** cm:LineageOS/android_hardware_cyanogen ****
acd2816 : livedisplay: Always use SDM if TARGET_USES_SDM is set <Luca Stefani> 2 days ago
0e74e30 : livedisplay: Update board targets <Luca Stefani> 2 days ago
 
**** cm:LineageOS/android_hardware_qcom_audio ****
1e33348 : hal: dolby: Only set C_KEY if ACDB License is enabled. <Daniel stuart> 11 hours ago
 
**** vanir:hardware_samsung ****
354f713 : power: Remove superfluous log newlines <Christopher N. Hesse> 27 hours ago
0fdef0c : audio: Add support for Audience EarSmart ICs <Christopher N. Hesse> 8 days ago
 
**** cmold:android_kernel_htc_msm8996 ****
430deb1 : msm: wlan: update regulatory database <Agrawal Ashish> 3 weeks ago
4a20082 : uio: fix potential use after free issue when accessing debug_buffer <Sahitya Tummala> 4 weeks ago
db99abe : qseecom: release memory when failed to get fw size <Zhen Kong> 6 weeks ago
8d05975 : crypto: msm: check length before copying to buf in _debug_stats_read <Zhen Kong> 5 weeks ago
0707065 : input: touchscreen: gt9xx: fix memory corruption in Goodix driver <Vevek Venkatesan> 6 weeks ago
a115f47 : BACKPORT: aio: mark AIO pseudo-fs noexec <Jann Horn> 4 months ago
9862275 : fs/proc/array.c: make safe access to group_leader <Adrian Salido> 3 months ago
eecbf23 : msm: ba: Fix race conditions in debug writes <Rahul Sharma> 6 weeks ago
6bad287 : msm: pm: Add mutex lock for shared data <Raju P.L.S.S.S.N> 5 weeks ago
f81bccb : input: synaptics_dsx: reallocate buffer under lock. <Andrew Chant> 3 months ago
2740c5a : ASoC: msm8x16-wcd: modify interrupt handling <Yeleswarapu Nagaradhesh> 8 weeks ago
16b6825 : ARM: dts: msm: Limit max gpu power level jump for MSM8940 <Hareesh Gundu> 6 weeks ago
f68f727 : msm: kgsl: Add facility to limit max GPU power level jump <Hareesh Gundu> 6 weeks ago
6ff4a74 : usb: gadget: Fixes enumeration failure on Windows 10 <Sriharsha Allenki> 5 weeks ago
f8927e6 : usb: android: f_uac2: Fix audio quality issues <Sriharsha Allenki> 3 weeks ago
9214188 : ASoC: wcd9xxx: fix out of bound access <Yeleswarapu Nagaradhesh> 4 weeks ago
cda4910 : msm: kgsl: Increase fault detection threshold value <Harshdeep Dhatt> 4 months ago
ee3a4ef : msm: ADSPRPC: Check for buffer overflow condition <Sathish Ambley> 5 weeks ago
9a9f38b : msm: mdss: Avoid unnecessary warnings during pipe unstaging <Krishna Chaitanya Devarakonda> 9 weeks ago
5ff829c : ASoc: wcd-mbhc: correct handling of electrical interrupts <Yeleswarapu Nagaradhesh> 5 weeks ago
2f255b5 : msm: vidc: Check for sanity of size while mapping buffers <Abdulla Anam> 6 weeks ago
0e1a0ed : memshare: Fix parameters to collect ramdump <Manoj Prabhu B> 6 weeks ago
85ab8da : memshare: Listen to SUBSYS_BEFORE_POWERUP to collect ramdump <Manoj Prabhu B> 3 months ago
 
**** cmold:android_kernel_lge_hammerhead ****
d96d815 : binder: blacklist %p kptr_restrict <Nick Desaulniers> 5 months ago
640266c : ion: blacklist %p kptr_restrict <Nick Desaulniers> 5 months ago
b6a9437 : UPSTREAM: ring-buffer: Prevent overflow of size in ring_buffer_resize() <Steven Rostedt (Red Hat)> 10 months ago
 
**** cmold:android_kernel_oneplus_msm8974 ****
f7bd50e : dm-req-crypt: properly close the current device <Hendrik Hagendorn> 2 weeks ago
 
**** vanir:platform_manifest ****
a40b24b : Meh try i9300... again <DHOMD> 3 hours ago
4d3f330 : FOllow our own jfltespr <DHOMD> 4 hours ago
 
**** vanir:packages_apps_Bluetooth ****
949846c : Automatic translation import <Michael W> 3 days ago
 
**** vanir:packages_apps_CMParts ****
f1970ae : Automatic translation import <Michael W> 3 days ago
3d5ba1e : [2/3] CMParts: single hand for hardware keys <Joey Rizzoli> 2 weeks ago
 
**** vanir:packages_apps_Calendar ****
903f21f : Automatic translation import <Michael W> 3 days ago
 
**** vanir:packages_apps_KeyChain ****
6028cc7 : Automatic translation import <Michael W> 3 days ago
 
**** vanir:packages_apps_LockClock ****
7e84bff : Automatic translation import <Michael W> 3 days ago
 
**** vanir:packages_apps_ManagedProvisioning ****
39d4bce : Automatic translation import <Michael W> 3 days ago
 
**** vanir:packages_apps_Messaging ****
74222c3 : Automatic translation import <Michael W> 3 days ago
 
**** vanir:packages_apps_Nfc ****
e2790c8 : Automatic translation import <Michael W> 3 days ago
 
**** vanir:packages_apps_Settings ****
995628e : Automatic translation import <Michael W> 2 days ago
 
**** vanir:packages_services_Telephony ****
7f101c5 : Telephony: Fix mobile network settings for CDMA without LTE <Gabriele M> 5 months ago
 
**** vanir:vendor_cmsdk ****
2298aad : Automatic translation import <Michael W> 3 days ago
a72790f : [3/3] cmsdk: single hand for hw keys <Joey Rizzoli> 2 weeks ago
 
**** github:TheMuppets/proprietary_vendor_oneplus ****
dfc6edb : op3: Add adreno blobs <dianlujitao> 2 days ago
4166a22 : Revert "op3: Add adreno blobs" <dianlujitao> 25 hours ago
 
**** vanir:vendor_samsung ****
013e816 : Re-add i9300.. again <DHOMD> 3 hours ago
5746e85 : klte-common: Update blobs <Kevin F. Haggerty> 12 hours ago
 
**** vanir:vendor_vanir ****
5ae37bf : extract-utils: Fix handling of pulling src:dest pairs from dumps <Christopher R. Palmer> 17 hours ago
 
