
**** vanir:bootable_recovery ****
5d701cc : recovery: Complete project pathmap usage <Michael Bestas> 2 days ago
39ce741 : Revert "recovery:updater: Changes to support 32->64 bit upgrades" <Michael Bestas> 2 days ago
 
**** vanir:build ****
b9abdb3 : Build hacks <DHOMD> 7 months ago
7a517a0 : Revert "build: releasetools: ota: Add support for 32-64 bit upgrades" <Michael Bestas> 2 days ago
 
**** cm:LineageOS/android_device_cyanogen_msm8916-common ****
32e78d8 : recovery: Use project pathmap for recovery lib <Michael Bestas> 2 days ago
8127ecd : recovery: Calculate baseband/TrustZone size at runtime <dianlujitao> 3 months ago
c945751 : Adapt recovery updater lib to new recovery code. <Danny Baumann> 8 months ago
669428f : recovery: Add support for bootdevice symlinks <Rashed Abdel-Tawab> 1 year, 8 months ago
1876f22 : recovery: Fix multi version baseband/TrustZone support <Ketut Putu Kumajaya> 1 year, 11 months ago
 
**** vanir:device_google_marlin ****
b314cf8 : Add a proper barrier and use vendor/caf/telephony <DHOMD> 7 weeks ago
3ad4fb5 : Revert "marlin: disable our local telephony extensions" <DHOMD> 7 weeks ago
9dac693 : marlin: Remove forced triple framebuffers <Steve Kondik> 9 months ago
1700fdc : marlin: animate screen lights <Christian Oder> 4 months ago
 
**** cm:LineageOS/android_device_htc_pme ****
dabc6a0 : pme: Fix Sprint/Verizon requiring flashing open firmware. <Tab Fitts> 4 days ago
 
**** vanir:device_lge_v20-common ****
df6056a : v20: Add camcorder stereo dual mic paths <Matt Filetto> 4 days ago
 
**** cm:LineageOS/android_device_motorola_otus ****
44f6d3d : Otus: Fix FM Radio <DHOMD> 3 months ago
 
**** vanir:device_motorola_qcom-common ****
afb9150 : qcom-common: Remedy of acute lack of slashes <nadlabak> 2 days ago
d1c62a2 : qcom-common: Enable SVELTE memory configuration <nadlabak> 3 days ago
4bf555e : overlay: Disable config_networkAvoidBadWifi <nadlabak> 3 days ago
f59ba8c : init.qcom.usb.rc: Add single adb mode <nadlabak> 3 days ago
7f1ab28 : qcom-common: Specify we have a cache partition <Luca Stefani> 9 days ago
e8d6d37 : qcom-common: Compress recovery ramdisk with LZMA <nadlabak> 9 days ago
 
**** vanir:device_oppo_common ****
a141dca : recovery: Use project pathmap for recovery <Michael Bestas> 2 days ago
 
**** cm:LineageOS/android_device_oppo_msm8974-common ****
50a3739 : Port from bacon: Add blob to decrypt full-disk encryption of /data. <J. Joe Feise> 5 months ago
 
**** vanir:device_qcom_common ****
0dc3673 : recovery: Use project pathmap for recovery <Michael Bestas> 2 days ago
 
**** vanir:device_samsung_msm8960-common ****
ea7f5be : Revert "power: Switch to unified samsung powerhal" <Dan Pasanen> 3 days ago
979dfbd : Revert "msm8960: Nuke SDCLANG" <Dan Pasanen> 3 days ago
 
**** vanir:device_yu_lettuce ****
c226459 : lettuce: compress recovery ramdisk with lzma <Michael Bestas> 2 days ago
 
**** cm:LineageOS/android_external_ahbottomnavigation ****
53fc7fd : ahbottomnavigation: use right background resources <Joey Rizzoli> 11 months ago
5346543 : Add Android.mk <Michael Bestas> 12 months ago
eccc2cd : Update docs <Aurelien Hubert> 8 weeks ago
274180a : Update design support & lib version <Aurelien Hubert> 8 weeks ago
4e82d02 : Update gradle <Aurelien Hubert> 8 weeks ago
2403d45 : Fix bug with the ripple effect for API >= 21 <Aurelien Hubert> 8 weeks ago
2c00973 : Update & fix the isHidden() method <Aurelien Hubert> 8 weeks ago
5f89dec : Update gradle <Aurelien Hubert> 8 weeks ago
a4da865 : Update docs <Aurelien Hubert> 10 weeks ago
40c509e : Update gradle files <Aurelien Hubert> 10 weeks ago
b97a852 : Update layouts <Aurelien Hubert> 10 weeks ago
8804a4f : Clean code <Aurelien Hubert> 10 weeks ago
628f1f0 : Add setTitleTextSizeInSp method <Aurelien Hubert> 10 weeks ago
9da39a7 : Allow for the disabling of sound effects <csdodd> 2 months ago
34f9eae : Updated documentations <Aurelien Hubert> 3 months ago
2cef53c : Updated gradle <Aurelien Hubert> 3 months ago
99d1652 : Fixed alpha icon update <Aurelien Hubert> 3 months ago
df85851 : Updated docs <Aurelien Hubert> 4 months ago
a3c1fd9 : Updated gradle files <Aurelien Hubert> 4 months ago
6783a77 : A: Method to get the tab view <Aurelien Hubert> 4 months ago
c19c4fa : Updated docs <Aurelien Hubert> 5 months ago
0ea8e0e : Updated gradle <Aurelien Hubert> 5 months ago
eca8391 : Improved behavior when titles are hidden <Aurelien Hubert> 5 months ago
2a70543 : Fixed a bug when titles are hidden <Aurelien Hubert> 5 months ago
0d737f0 : Update documentations <Aurelien Hubert> 6 months ago
3cac844 : Update gradle <Aurelien Hubert> 6 months ago
0680341 : Fix a crash with setCurrentItem(int position, boolean useCallback) <Aurelien Hubert> 6 months ago
a2b20db : Updated documentations <Aurelien Hubert> 6 months ago
4315b72 : Updated demo2 <Aurelien Hubert> 6 months ago
cead912 : Added translucentNavigationEnabled getter & setter <Aurelien Hubert> 6 months ago
50c6a84 : Updated gradle <Aurelien Hubert> 6 months ago
5e0732d : Updated demo <Aurelien Hubert> 6 months ago
f530297 : Updated documentation <Aurelien Hubert> 6 months ago
68294c1 : Updated documentations <Aurelien Hubert> 6 months ago
c6e7ec4 : Improved demo <Aurelien Hubert> 6 months ago
584defb : Clean AHBottomNavigation behavior <Aurelien Hubert> 6 months ago
ba264a6 : Add behavior for FAB with AHBottomNavigation <Aurelien Hubert> 6 months ago
aab2de2 : Manage FAB with AHBottomNavigation <Aurelien Hubert> 6 months ago
1aca4b4 : Updated demo gradle <Aurelien Hubert> 6 months ago
0b420a7 : Updated lib gradle <Aurelien Hubert> 6 months ago
b351626 : Updated  gradle version <Aurelien Hubert> 6 months ago
d1ad045 : Add item title display state configuration <Kevin Wolkober> 8 months ago
be9a57d : Updated docs <Aurelien Hubert> 7 months ago
82ed2b6 : Updated build.gradle <Aurelien Hubert> 7 months ago
82c4fcc : Add layouts for 21+ <Aurelien Hubert> 7 months ago
eb85410 : Remove unnecessary code <Aurelien Hubert> 7 months ago
a486e04 : Add color under the navigation bar <Vitaliy Malyshev> 7 months ago
9140197 : Update build tools version <Aurelien Hubert> 7 months ago
f279768 : Update documentations <Aurelien Hubert> 7 months ago
1bf3cc9 : Update build.gradle (lib & demo) <Aurelien Hubert> 7 months ago
 
**** vanir:frameworks_base ****
9602492 : Revert "base: LocationTile detail" <nuclearmistake> 4 hours ago
27d46f3 : Obex: Reduce MTU Size. <Sravan Kumar V> 1 year ago
ac8641d : base: don't show reboot options for safe mode <Jorge Ruesga> 1 year, 6 months ago
d1fecb1 : SystemUI: Use already existing overlay to show QS auto brightness <Michael Bestas> 3 days ago
f3faf1f : SystemUI: use vector drawables for brightness icons <Alexander Westphal> 4 days ago
39738c7 : fix anr when concurrent request provider <yuanhuihui> 8 weeks ago
94d8c27 : Ensure that the decor view is attached to window. <xiaomei.li> 3 months ago
07ece0c : Bad token of activity when do the launch work at the app process side. <xiaomei.li> 7 months ago
aac81bb : Query geo description in worker thread to prevent ANR <Ceci Wu> 8 months ago
45bff37 : remove duplicated incorrectly code in ProcessRecord <yuanhuihui> 7 months ago
bdb9183 : fix foreground process will be mistakenly killed when it uses content provider. <yuanhuihui> 8 months ago
400822e : Fix PacketKeepalive.stop() crash <Peter Hsiang> 5 months ago
217b8fc : FATAL EXCEPTION IN SYSTEM PROCESS: android.ui <yangbingqian> 6 weeks ago
525f760 : Restart persistent process if start timeout. <riddle_hsu> 1 year, 5 months ago
105067d : fix system_server crash issue caused by fd leak. <songjinshi> 7 weeks ago
eefd167 : base: LocationTile detail <oreiche> 1 year, 10 months ago
bf7933d : Add protected broadcast for app crash broadcast <Ivan Iskandar> 12 days ago
 
**** cm:LineageOS/android_hardware_libhardware_legacy ****
ec33ac3 : wifi: add firmware loader support for the non-LKM case <M1cha> 4 months ago
 
**** vanir:hardware_samsung ****
a58b7d9 : AdvancedDisplay - Rename default scenario <Abhisek Devkota> 3 days ago
 
**** cmold:android_kernel_htc_msm8996 ****
36cba7c : netfilter: x_tables: check for size overflow <Florian Westphal> 1 year, 2 months ago
8b9f81b : Input: aiptek - fix crash on detecting device without endpoints <Vladis Dronov> 1 year, 5 months ago
3b16ccc : net: llc: use correct size for sysctl timeout entries <Sasha Levin> 2 years, 3 months ago
0f6d7a9 : netlink: Fix dump skb leak/double free <Herbert Xu> 12 months ago
5cc40a0 : net: avoid signed overflows for SO_{SND|RCV}BUFFORCE <Eric Dumazet> 5 months ago
a39d171 : packet: fix race condition in packet_set_ring <Philip Pettersson> 5 months ago
cb19a35 : mpi: Fix NULL ptr dereference in mpi_powm() [ver #3] <Andrey Ryabinin> 5 months ago
a39a46c : fbdev: color map copying bounds checking <Kees Cook> 3 months ago
1f3a832 : net: ping: check minimum size on ICMP header length <Kees Cook> 5 months ago
303c182 : usbnet: cleanup after bind() in probe() <Oliver Neukum> 1 year, 2 months ago
e8350a1 : ipv4: Don't do expensive useless work during inetdev destroy. <David S. Miller> 1 year, 2 months ago
18fda20 : USB: cdc-acm: more sanity checking <Oliver Neukum> 1 year, 2 months ago
70f5b1d : mm: migrate dirty page without clear_page_dirty_for_io etc <Hugh Dickins> 10 months ago
430feec : pipe: limit the per-user amount of pages allocated in pipes <Willy Tarreau> 1 year, 3 months ago
23c4243 : ALSA: hrtimer: Fix stall by hrtimer_cancel() <Takashi Iwai> 1 year, 3 months ago
4a8c50c : ext4: validate s_first_meta_bg at mount time <Eryu Guan> 5 months ago
0dfe303 : udp: properly support MSG_PEEK with truncated buffers <Eric Dumazet> 1 year, 4 months ago
b997d3e : l2tp: fix racy SOCK_ZAPPED flag check in l2tp_ip{,6}_bind() <Guillaume Nault> 5 months ago
da228f2 : libceph: introduce ceph_crypt() for in-place en/decryption <Ilya Dryomov> 5 months ago
df2d3d7 : sg_write()/bsg_write() is not fit to be called under KERNEL_DS <Al Viro> 5 months ago
71b96d7 : mm: Tighten x86 /dev/mem with zeroing reads <Kees Cook> 4 weeks ago
2dda38d : mm/mempolicy.c: fix error handling in set_mempolicy and mbind. <Chris Salls> 3 weeks ago
8621f97 : net/packet: fix overflow in check for priv area size <Andrey Konovalov> 5 weeks ago
4507d6c : scsi: sg: check length passed to SG_NEXT_CMD_LEN <peter chang> 2 months ago
3b551e9 : sctp: deny peeloff operation on asocs with threads sleeping on it <Marcelo Ricardo Leitner> 9 weeks ago
d7f4979 : irda: Fix lockdep annotations in hashbin_delete(). <David S. Miller> 2 months ago
1dd4fb8 : net/llc: avoid BUG_ON() in skb_orphan() <Eric Dumazet> 3 months ago
0d06abc : tcp: avoid infinite loop in tcp_splice_read() <Eric Dumazet> 3 months ago
611bdbc : dccp: fix freeing skb too early for IPV6_RECVPKTINFO <Andrey Konovalov> 2 months ago
2656a46 : perf/core: Fix concurrent sys_perf_event_open() vs. 'move_group' race <Peter Zijlstra> 4 months ago
1b16ab6 : sctp: avoid BUG_ON on sctp_wait_for_sndbuf <Marcelo Ricardo Leitner> 3 months ago
7c3c4ff : posix_acl: Clear SGID bit when setting file permissions <Jan Kara> 7 months ago
980962c : pme: defconfig: Remove CONFIG_TIMER_STATS <Christopher R. Palmer> 31 hours ago
6556f71 : time: Remove CONFIG_TIMER_STATS <Kees Cook> 3 months ago
9ee936d : ipc/shm: Fix shmat mmap nil-page protection <Davidlohr Bueso> 9 weeks ago
2c14efe : tmpfs: clear S_ISGID when setting posix ACLs <Gu Zheng> 4 months ago
fb9a757 : tty: n_hdlc: get rid of racy n_hdlc.tbuf <Alexander Popov> 9 weeks ago
ece3045 : TTY: n_hdlc, fix lockdep false positive <Jiri Slaby> 1 year, 5 months ago
fc460e7 : ANDROID: ion: Protect kref from userspace manipulation <Nick Desaulniers> 3 months ago
086bc25 : ANDROID: ion: check for kref overflow <Ariel Yin> 4 months ago
67b714c : vfs: Add setattr2 for filesystems with per mount permissions <Daniel Rosenberg> 6 months ago
cf073be : vfs: Add permission2 for filesystems with per mount permissions <Daniel Rosenberg> 6 months ago
aead051 : vfs: Allow filesystems to access their private mount data <Daniel Rosenberg> 6 months ago
a610c59 : mnt: Add filesystem private data to mount points <Daniel Rosenberg> 6 months ago
c46e7595 : ANDROID: sdcardfs: Call lower fs's revalidate <Daniel Rosenberg> 6 days ago
5721dcc : ANDROID: sdcardfs: Avoid setting GIDs outside of valid ranges <Daniel Rosenberg> 6 days ago
a97165f : ANDROID: sdcardfs: Copy meta-data from lower inode <Daniel Rosenberg> 6 days ago
d232719 : Revert "Revert "Android: sdcardfs: Don't do d_add for lower fs"" <Daniel Rosenberg> 10 days ago
0b78d9e : ANDROID: sdcardfs: Use filesystem specific hash <Daniel Rosenberg> 10 days ago
911bfca : Revert "Android: sdcardfs: Don't do d_add for lower fs" <Daniel Rosenberg> 10 days ago
 
**** cmold:android_kernel_lge_msm8996 ****
ed3f458 : us996: Use Common NFC DT <Aaron Knight> 29 hours ago
df6fe16 : ANDROID: cpu: send KOBJ_ONLINE event when enabling cpus <Thierry Strudel> 10 weeks ago
6e65986 : arm64: Restore native CPU hotplugging <Rashed Abdel-Tawab> 19 hours ago
75c587c : vs995: Update NFC pinctrl <Matt Filetto> 3 days ago
2eb6d09 : ls997: Update NFC pinctrl <Matt Filetto> 3 days ago
7b0ba62 : us996: Update NFC pinctrl <Matt Filetto> 3 days ago
76888da : h910: Cleanup NFC pinctrl <Matt Filetto> 3 days ago
0583ccd : vs995_defconfig: Update defconfig <Matt Filetto> 3 days ago
92bb407 : us996_defconfig: Update defconfig <Matt Filetto> 3 days ago
9814184 : ls997_defconfig: Update defconfig <Matt Filetto> 3 days ago
2143424 : h910_defconfig: Update defconfig <Matt Filetto> 3 days ago
 
**** cmold:android_kernel_motorola_msm8226 ****
51e4af0 : mm: migrate dirty page without clear_page_dirty_for_io etc <Hugh Dickins> 10 months ago
38e1eb4 : mm: fix warning in __set_page_dirty_nobuffers <Hugh Dickins> 4 years, 11 months ago
b81b030 : mm/mempolicy.c: fix error handling in set_mempolicy and mbind. <Chris Salls> 3 weeks ago
864971d : BACKPORT: signal: allow to send any siginfo to itself <Andrey Vagin> 4 years, 2 months ago
 
**** vanir:packages_apps_Messaging ****
ef2b0e0 : Revert "32807795  Security Vulnerability - AOSP Messaging App: thirdparty can" <DHOMD> 7 weeks ago
 
**** github:substratum/interfacer ****
40e3809 : JobService: Expose configuration shim refresh delay <Ivan Iskandar> 3 days ago
 
**** vanir:packages_services_Telephony ****
1ecb7f2 : Revert "UI will no longer kick-off the search of network operators automatically." <Michael W> 3 days ago
 
**** vanir:system_core ****
3efb4ec : fs_mgr: Use project pathmap for recovery <Michael Bestas> 2 days ago
783cb54 : healthd: Use project pathmap for recovery <Tom Marshall> 2 years, 5 months ago
 
**** vanir:system_extras ****
f30ae7f : Use project pathmap for recovery <Michael Bestas> 2 days ago
 
**** cm:LineageOS/android_vendor_qcom_opensource_time-services ****
9c0e705 : Add a barrier for Marlin/Sailfish <DHOMD> 7 weeks ago
 
**** vanir:vendor_vanir ****
24dd339 : Busybox is broken A.F. <nuclearmistake> 2 days ago
93d50b8 : tabs ==> spaces in common.mk <nuclearmistake> 2 days ago
694bff6 : /system/xbin/busybox winds up being the wget replacement wrapper? <nuclearmistake> 2 days ago
 
