
**** vanir:build ****
8492d3f : Hacks <DHOMD> 7 months ago
175aa0c : qcom: Use correct path for BT vendor <Ethan Chen> 2 days ago
b0fa40c : img_from_target_files: Skip oem.img in fastboot image creation <Brint E. Kriebel> 8 months ago
e1caad2 : releasetools: Fix print in boot image signing <Brint E. Kriebel> 1 year, 2 months ago
5f59260 : releasetools: Add bootable image signing <Brint E. Kriebel> 1 year, 2 months ago
 
**** aosp:platform/cts ****
93d35b3 : DO NOT MERGE: fixed breakage <Daniel Xie> 4 days ago
23630f2 : DO NOT MERGE: Fix the profile-wifi-cleanup test by increasing the timeout. <Lenka Trochtova> 2 weeks ago
858f8a7 : DO NOT MERGE: Disable CVE 2015_3826 test <Daniel Xie> 4 days ago
b059e04 : DO NOT MERGE: Remove testDumpProtected <Daniel Xie> 4 days ago
c0c6f0b : DO NOT MERGE ANYWHERE: Bump CTS 6.0 to R6 <Daniel Xie> 4 days ago
c062132 : DO NOT MERGE ANYWHERE: Bump CTS 5.0 to R6 <Daniel Xie> 4 days ago
b27454c : DO NOT MERGE ANYWHERE: Bump CTS 5.1 to R7 <Daniel Xie> 4 days ago
 
**** cm:CyanogenMod/android_device_htc_msm8974-common ****
961e45f : libril: correct include <Alexander Martinz> 9 weeks ago
 
**** vanir:device_huawei_angler ****
4e0d8c2 : Angler: Use XXXHDPI dalvik heap and HWUI As this device IS XXXHDPI and has 3gb of ram, why not utilise it <winxuser> 5 days ago
 
**** vanir:device_lge_hammerhead ****
f8dea40 : hammerhead: Update fingerprints to MOB30D <Alexander Zandt> 3 days ago
 
**** github:AndroidNoob69/android_device_oneplus_onyx ****
ecd37eb : full_onyx.mk <Carlsen Teo> 2 days ago
5544e4e : onyx: Fixup BT Mac generation <Ashwin Ramesh> 2 days ago
8bede2d : onyx: Fix MIC mute issue when using Hangouts <Ashwin Ramesh> 13 days ago
 
**** vanir:device_samsung_klte ****
5fad0e9 : klte: Update SM-G900F fingerprint <Kevin F. Haggerty> 32 hours ago
 
**** vanir:device_sony_fusion3-common ****
a771616 : init: remove old mac-update <Georg Veichtlbauer> 6 hours ago
 
**** cm:CyanogenMod/android_device_sony_nicki ****
bb1fb8c : nicki: Use new fm calibration data file path <RonGokhale> 2 days ago
415223c : nicki: Fix the issue with fm patch downloader <Venkateshwarlu Domakonda> 9 months ago
 
**** vanir:external_wpa_supplicant_8 ****
b5ff4de : wpa_supplicant: Force the p2p channels to reuse frequencies used by STA <Diogo Ferreira> 1 year, 1 month ago
 
**** vanir:frameworks_av ****
32ef055 : audiopolicy: Clean up the mess <Steve Kondik> 2 days ago
1a53d70 : audiopolicy: Clean up the mess <Steve Kondik> 2 days ago
 
**** vanir:frameworks_base ****
9878124 : Lockscreen : Fix dead-zone in bottom area <Danesh M> 9 days ago
b90fd3d : Revert "Lockscreen : Ensure window bounds change after view animations" <Danesh M> 9 hours ago
fca8f4d : Lockscreen : Fix dead-zone in bottom area <Danesh M> 9 days ago
13efa42 : LLS: Fix screen off event firing when not interactive <d34d> 2 days ago
8bb9f43 : Global actions: fix airplane mode switch for MSIM <Roman Birg> 12 days ago
 
**** vanir:frameworks_native ****
ec0faee : sensorservice: fix an invalid format string <Khalid Zubair> 4 hours ago
573fb3e : sensorservice: add power usage to dumpsys <Khalid Zubair> 32 hours ago
 
**** cm:CyanogenMod/android_frameworks_opt_hardware ****
39638c0 : cmhw: Fix DisplayColorCalibration GPU-mode issues <Steve Kondik> 2 days ago
 
**** cm:CyanogenMod/android_hardware_qcom_audio ****
886c244 : hal: remove explicit direct pcm usecase <vivek mehta> 7 months ago
f6cd4f7 : hal: stop sound trigger buffering during close <Mingming Yin> 3 months ago
4fb2812 : hal: don't allow track offload if there's active sw effect <Weiyin Jiang> 8 weeks ago
bfe1cc3 : hal: Fix 44.1Khz playback when native support is not enabled <Amit Shekhar> 3 months ago
dc520bc : libaudiopolicymanager: DirectPCM: fix 44.1 clip playing noisy issue <vivek mehta> 5 months ago
b73a764 : audio: Extend platform parser to allow device name aliasing <Ethan Chen> 1 year, 7 months ago
64387ed : hal: Fix voice call recording <solk2> 1 year, 7 months ago
91c7d6b : hal: Fix digital USB headset combo device <Steve Kondik> 1 year, 8 months ago
be6fdfc : hal: Clean up compilation warnings <Steve Kondik> 1 year, 4 months ago
13ba1b4 : hal: Add support for audio amplifier HAL <Ethan Chen> 2 years, 11 months ago
381b7a0 : audio: Configure CM default feature set <Steve Kondik> 1 year, 4 months ago
b25084a : hal: Allow building hardware audio encoders <Arne Coucheron> 1 year, 3 months ago
f48de3d : audio: Use project pathmap <Ethan Chen> 4 months ago
1362fc7 : audio: Only allow non-legacy HAL <Ethan Chen> 4 months ago
b5b6d33 : hal: Update format table with AAC ADTS formats. <Ashish Jain> 5 months ago
102616d : HAL: Identify the track offload session <Sharad Sangle> 4 months ago
d7eaf2b : HAL: Identify Track offload session <Alexy Joseph> 5 months ago
8c21ad7 : Merge DAX2 changes <Gao Jie> 5 months ago
12467a1 : hal: Use AUDIO_TX_MONO_COPP topology for incall record usecases <Karthik Reddy Katta> 5 months ago
 
**** cm:CyanogenMod/android_hardware_qcom_audio ****
f15ad14 : post_proc: fix inconsistency in virtualizer state from set_strength call <Dhananjay Kumar> 4 months ago
 
**** vanir:hardware_qcom_audio ****
526cf00 : post_proc: Misc cleanups <Steve Kondik> 2 days ago
6131d95 : post_proc: improve logging <Dhananjay Kumar> 2 years, 1 month ago
410cbfb : post_proc: Fix bassboost/virtualizer not disabled on speaker <wjiang> 1 year, 9 months ago
db738c0 : volume_listener: Silence volume listener log <Alexy Joseph> 7 months ago
948d7df : post_proc: fix inconsistency in virtualizer state from set_strength call <Dhananjay Kumar> 4 months ago
 
**** cm:CyanogenMod/android_hardware_qcom_display ****
7b9a3a1 : hwc/overlay: Validate cursor position in hwc_setPositionAsync <Baldev Sahu> 8 weeks ago
4c401f0 : hwc: Fix sanitize ROI func <Ramakant Singh> 3 months ago
6dab9c9 : hwc: Apply Default Mode on real framework start <Sravan Kumar D.V.N> 3 months ago
732b9ac : qdutils: Correct the hwc-driver mismatch <Ramakant Singh> 3 months ago
f1e2905 : hwc: remove local constant DISPLAY_ATTRIBUTES list <Ramakant Singh> 3 months ago
a74edfb : hwc: Remove references to display-frameworks <Ethan Chen> 3 months ago
c7cce05 : hwc: Fix compile errors after display-frameworks removal <Arne Coucheron> 3 months ago
b375570 : hwc: Support for QDCM Preference when PU enabled <Nitesh Gupta> 4 months ago
cc1ec84 : hwc: Set ioprio for vsync thread <Steve Kondik> 7 months ago
7516867 : Don't build lights module if vendor supplies it <Steve Kondik> 1 year, 5 months ago
730d245 : Revert "hqd: Use MSM_VIDC_TARGET_LIST for Venus color format" <Ethan Chen> 4 months ago
bc1215a : display: Use project pathmap <Ethan Chen> 1 year, 5 months ago
c324d73 : hwc: Set DefaultMode after bootup completion <Ramakant Singh> 5 months ago
8a6e7c9 : gralloc: Add a private flag for INTERNAL only <Arun Kumar K.R> 8 months ago
394c830 : hwc: Donot update dynamic-fps when device is not active <Ramakant Singh> 6 months ago
8f21571 : hwc: Do not wait for MDSS fence for layers with rotation <Dileep Kumar Reddi> 7 months ago
d2c5ca0 : hwc: Start with ROI set to destination <Arun Kumar K.R> 6 months ago
9ef4d8c : hwc: Set minfps as part of timeout_handler during idlefallback <Ramakant Singh> 7 months ago
0d616ba : Revert "hwc: Relax format change restrictions for certain targets" <Dileep Kumar Reddi> 6 months ago
213ead5 : Default flexible YUV format to NV21 <Tanmaya Godbole> 8 months ago
ed75fdb : hwc: Reset refresh-rate for few cases as part of timeout handler <Dileep Kumar Reddi> 7 months ago
56ed396 : gralloc: Add support for PRIV_FLAGS_DISP_CONSUMER <Surajit Podder> 10 months ago
a2d5295 : hwc: Support ActionSafe on targets with non-scaling RGB pipes. <Sandeep Panda> 7 months ago
248378d : gralloc: Use adreno_utils api for NV21 and NV12 alignment <Sushil Chauhan> 8 months ago
037d21d : hwc: Use basePipe for fullscreen and opaque layer <Pullakavi Srinivas> 8 months ago
77ec4ef : gralloc: Modify check for uncompressed RGB buffers <Naomi Luis> 8 months ago
449fbe0 : hwc: Use aligned width and height <Dileep Kumar Reddi> 8 months ago
02dbc50 : Revert "HWC: use aligned width and height for rearranging ROI" <Dileep Kumar Reddi> 8 months ago
cd7217a : hwc: Support ActionSafe on targets with non-scaling RGB pipes. <Sandeep Panda> 7 months ago
eed742d : overlay: add tertiary display definition in overlay <Vinu Deokaran> 7 months ago
a029479 : hwc: Validate display ID in hwc interface <Arun Kumar K.R> 7 months ago
09441c1 : gralloc: Add missing changes related to RAW16 <Raj Kamal> 9 months ago
7ea10c5 : hwc: Use basePipe for fullscreen and opaque layer <Pullakavi Srinivas> 8 months ago
c039f6e : hwc: Use aligned width and height <Dileep Kumar Reddi> 8 months ago
60cbe72 : Revert "HWC: use aligned width and height for rearranging ROI" <Dileep Kumar Reddi> 8 months ago
2e918bf : hwc: Avoid idlefallback during video playback <Raj Kamal> 8 months ago
fbe5a60 : HWC: use aligned width and height for rearranging ROI <Dileep Kumar Reddi> 8 months ago
597b313 : hwc: Featurize HWC_DISPLAY_SECURE <Raj Kamal> 8 months ago
eb4d7a6 : hwc: Use HWC_DISPLAY_NO_ATTRIBUTE as terminator. <Prabhanjan Kandula> 8 months ago
410ba7c : hwc : Normalize source crop before validating scaling limits. <Prabhanjan Kandula> 8 months ago
95fef31 : hwc: Relax format change restrictions for certain targets <Dileep Kumar Reddi> 8 months ago
42a1c98 : hwc: Changes for display-hal compilation with QTI_BSP enabled <Ramakant Singh> 9 months ago
c772eec : hwc: Do not use Borderfill pipe for composition in WFD <Dileep Kumar Reddi> 8 months ago
e5268fd : hwc/overlay: Pass handle w/h and crop w/h through fb_image field <Arun Kumar K.R> 9 months ago
5d39f02 : hwc: Log warning instead of mHDMIClient object not available <Dileep Kumar Reddi> 8 months ago
55b3489 : hwc: Ignore float-conversion for included headers <Naseer Ahmed> 8 months ago
82fe9c6 : hwc: Do not consider rotation for smart blit <Ramakant Singh> 9 months ago
dd689ff : hwc: Do not create idle invalidator for MDP3 targets <Dileep Kumar Reddi> 9 months ago
c58836b : hwc: Align ROI's width and height in both directions <Dileep Kumar Reddi> 9 months ago
19f2250 : hwc: Fix SF crash due to SIGSEGV error <Raj Kamal> 9 months ago
 
**** cm:CyanogenMod/android_hardware_qcom_display ****
17f2d38 : Don't build lights module if vendor supplies it <Steve Kondik> 1 year, 5 months ago
420cc3a : msm8996: remove unused qcom features <Scott Mertz> 4 months ago
5bdcfa4 : Additional pathmap & build fixes <Scott Mertz> 4 months ago
e80bb52 : display: Use project pathmap <Ethan Chen> 1 year, 5 months ago
e04e869 : Remove usage of MASTER_SIDE_CP_TARGET_LIST <Scott Mertz> 4 months ago
3fd7d00 : Revert "hqd: Use MSM_VIDC_TARGET_LIST for Venus color format" <Scott Mertz> 4 months ago
99aa8ca : sdm: Fix uninitialized HWLayers object <Saurabh Shah> 5 months ago
572b2bf : sdm: Do not copy surfaceDamage rects for SKIP layers <Sushil Chauhan> 5 months ago
074314d : gralloc: Add support for PRIV_FLAGS_DISP_CONSUMER <Surajit Podder> 10 months ago
8f8f6c7 : sdm : Add support for dynamic BW limit management <Prabhanjan Kandula> 7 months ago
83a945b : libqdutils: Refer to standard definitions for display types. <Dileep Marchya> 5 months ago
f29ff14 : sdm: Fix buffer overflow <Manoj Kumar AVM> 5 months ago
99ef378 : sdm: HWDevice: Set correct HWDisplayMode <Arun Kumar K.R> 6 months ago
ddca4e7 : sdm: Remove unused function in rect utility <Manoj Kumar AVM> 6 months ago
8d22bad : sdm: Fix memory leaks. <Dileep Marchya> 5 months ago
1c3f9a3 : hwc: Handle SBM operation set for all layers <Saurabh Shah> 5 months ago
b8067a4 : qdMetadata: Use uint32_t instead of bool <Saurabh Shah> 6 months ago
a0db84b : sdm: hdmi: Set the default grayscale value to RGB888 <Tatenda Chipeperekwa> 6 months ago
e94e78c : sdm: Add bandwidth and clock members <Sushil Chauhan> 9 months ago
959863b : sdm: Update HWPanelInfo during primary resolution switch <Sushil Chauhan> 6 months ago
b8ecfbf : display: Enable clang for all display modules <Naseer Ahmed> 6 months ago
63e8c95 : sdm: Source crop top needs adjustment for interlaced <Sushil Chauhan> 6 months ago
f1c8357 : sdm: Remove closing of fd during Sync operations <Manoj Kumar AVM> 6 months ago
44e2be1 : sdm: Do not process blit configuration for zero app layers. <Dileep Marchya> 6 months ago
61ef29b : sdm: Add support for single buffer layers <Saurabh Shah> 6 months ago
a816961 : sdm: Use FB resolution for virtual display <radhakrishna> 6 months ago
a0394ad : qdMetaData: Remove unused metadata fields. <Arun Kumar K.R> 6 months ago
50ff0bb : sdm: Panel name retrieval support <Dileep Marchya> 6 months ago
95f8368 : gralloc/metadata: Add support for single buffer mode <Saurabh Shah> 6 months ago
d7131e6 : sdm: Add support for UBWC in C2D <radhakrishna> 6 months ago
67c1f90 : sdm: Allow draw cycle in doze state. <Dileep Marchya> 6 months ago
5fb6d40 : sdm: Perform GPU target layer validation. <Manoj Kumar AVM> 6 months ago
226646c : sdm: Populate correct WB index for virtual <radhakrishna> 6 months ago
3edaf83 : sdm: Read rotator capabilities from driver <radhakrishna> 7 months ago
492ab99 : sdm: Fix ROI and Split info in SF dumpsys <Sushil Chauhan> 6 months ago
a9fb396 : sdm: Remove buffer format validation from hwc wrapper. <Ramkumar Radhakrishnan> 6 months ago
76750f2 : sdm: Add support for YCbCr420 Semiplanar format <Ramkumar Radhakrishnan> 6 months ago
bddb952 : gralloc: Use only metadata for color space <Saurabh Shah> 7 months ago
4a31ec4 : sdm: Make premultiplied as default blending <Saurabh Shah> 6 months ago
e1f01dd : sdm: Flush after first successful commit only. <Dileep Marchya> 6 months ago
1a7e1f1 : sdm: Add support for IGC. <Dileep Marchya> 7 months ago
9b99074 : sdm: Fix memory leaks. <Dileep Marchya> 6 months ago
ec8fe35 : sdm: Fix HDMI & virtual display concurrency. <Dileep Marchya> 6 months ago
d433464 : sdm: Add interface to consider rotator during scaling validation. <Ramkumar Radhakrishnan> 7 months ago
a5b764f : sdm: Add support for minimum encryption level settings for HDCP. <Dileep Marchya> 6 months ago
55fe304 : sdm: Add SPD information for HDMI <Arun Kumar K.R> 7 months ago
06078aa : sdm: Acquire lock during hwcomposer module open and close <Ramkumar Radhakrishnan> 6 months ago
d169be9 : sdm: properly close all the fence Fds <Ping Li> 7 months ago
040a3d0 : sdm: hwc: SetRefreshRate before validate IOCTL <Arun Kumar K.R> 7 months ago
6e43f57 : sdm: Handle/set dynamic fps appropriately <Arun Kumar K.R> 7 months ago
 
**** cm:CyanogenMod/android_hardware_qcom_fm ****
ee0b89e : Route audio to connected A2DP headset on turn on. <Rupesh Tatiya> 3 weeks ago
2f5edee : FM: Fix Static Analysis Issues <Kamal Negi> 4 weeks ago
836e8dc : Handle orientation change in FM app <Kamal Negi> 3 weeks ago
220242c : Fix null pointer exception in FMRadioService <Mingbo Zhang> 4 weeks ago
 
**** cm:CyanogenMod/android_hardware_qcom_media ****
ff3940f : mm-video-v4l2: Return correct level support for 8956 <Surajit Podder> 8 weeks ago
1fd6df0 : mm-video-v4l2: vidc: vdec: handle ftbs during reconfig and port disable <Abdulla Anam> 3 months ago
e9bacff : mm-video-v4l2: venc: check for null pointer <Maheshwar Ajja> 3 months ago
a699a13 : mm-video-v4l2: vdec: set 24 fps framerate for 4k clips <Deepak Kushwah> 3 months ago
bc9e191 : mm-video-v4l2: vidc: Fix race condition with msg thread fd close <Shalaj Jain> 5 months ago
a860362 : mm-video-v4l2: vidc: update thread names <Ashray Kulkarni> 9 months ago
8e66146 : mm-video-v4l2: Add support for prefer adaptive playback extension <Shalaj Jain> 9 months ago
41a5cfd : mm-video: Adjust stride value for planar format <Surajit Podder> 11 months ago
c40cf77 : mm-video: vidc: Reliably stop the message thread <Deepak Kushwah> 4 months ago
62f611d : Fix duplicated OMX.qcom.audio.decoder.aac entry <Keith Mok> 5 months ago
69d6d4b : media: Avoid collision with FFMPEG plugin <Steve Kondik> 4 months ago
610c356 : media: Use project pathmap <Ethan Chen> 4 months ago
dc1b1d4 : mm-video-v4l2: Unmap dropped output buffers <Surajit Podder> 4 months ago
78521c5 : Include kernel header dependency for libOmxVidcCommon <Divya Sharma> 5 months ago
f9c92f0 : mm-video-v4l2: vidc: venc: Fix hybrid HP layer count <Abdulla Anam> 6 months ago
a5dce41 : mm-video-v4l2: Enable get_param to check downscalar enablement <Surajit Podder> 6 months ago
e7743ae : mm-video-v4l2: venc: Add support to enhance hybrid Hier-p mode <Abdulla Anam> 6 months ago
75bc6a6 : mm-video-v4l2: vdec:  release buffer when qbuf to driver fails <Manikanta Kanamarlapudi> 6 months ago
cfeaf87 : mm-video-v4l2: Use client buffer header for FTB <Surajit Podder> 7 months ago
b6c736d : mm-video-v4l2: Disable intra refresh mode on msm8956/76 <Maheshwar Ajja> 6 months ago
a54c5d4 : mm-video-v4l2: vdec: fix fps issues in arbitrary mode <Ashray Kulkarni> 8 months ago
826ba8c : QCMetadata: add a new key for big buffers <Sidipotu Ashok> 7 months ago
ef3143a : QCMetadata: Add key for setBuffers API support <Manikanta Kanamarlapudi> 11 months ago
f178e8b : mm-video-v4l2: venc: support all I frame encoding usecase. <Abdulla Anam> 7 months ago
bcf4fa3 : libstagefrighthw: Add header guard to QComOMXMetadata.h and fix file perms <Deva Ramasubramanian> 7 months ago
e2d287f : mm-video-v4l2: vdec: streamoff while freeing first output buffer <Balamurugan Alagarsamy> 1 year, 4 months ago
f0fc3d0 : mm-video: Disable downscalar for non-display usecase <Surajit Podder> 10 months ago
0997c8a : mm-video: Enable HEVC software encoder OMX component. <Manikanta Sivapala> 7 months ago
8bb96de : mm-video_v4l2: pass crop nWidth and nHeight in reconfig event. <Abdulla Anam> 8 months ago
afb1469 : mm-video-v4l2: Fix downscalar issue <Surajit Podder> 7 months ago
269f6cd : mm-video-v4l2: Fix crash due to divide by zero <Surajit Podder> 7 months ago
c14558c : mm-video-v4l2: venc: initialize the member variables <Maheshwar Ajja> 7 months ago
99c2455 : mm-video-v4l2: vdec: Fix closing of file descriptor "0" <Deepak Kushwah> 7 months ago
b4d0e38 : mm-video-v4l2: venc: limit pixels value in input buffers. <Abdulla Anam> 7 months ago
1202ebd : mm-video_v4l2: pass crop nWidth and nHeight in reconfig event. <Abdulla Anam> 8 months ago
1fc82f0 : mm-video: Disable downscalar for non-display usecase <Surajit Podder> 10 months ago
6ecc67f : mm-core: update vpp related structures and enums. <Abdulla Anam> 8 months ago
56c0a51 : mm-video-v4l2: vidc: venc: fix CTS issues in vp8 encoder <Maheshwar Ajja> 8 months ago
1fe6770 : mm-core: update vpp related structures and enums. <Abdulla Anam> 8 months ago
a9c2410 : mm-video: Set correct color format to driver <Surajit Podder> 9 months ago
f2fa16b : mm-video-v4l2: vidc: venc: enable low latency mode <Maheshwar Ajja> 8 months ago
79da148 : mm-video-v4l2: null check before pointer dereference <Abdulla Anam> 8 months ago
a66ec1f : audio: Fix stale session opening of DSP audio decoder <Naresh Tanniru> 8 months ago
1171b44 : audio: Fix stale session opening of DSP audio decoder <Naresh Tanniru> 8 months ago
03f6533 : mm-video-v4l2: change variables used for reconfig height & width <Abdulla Anam> 8 months ago
6dc2004 : mm-video-v4l2: venc: Disable Bframes incase of UHD recording <Deepak Kushwah> 9 months ago
f493b73 : audio: Add support for new key kKeyByteMode <Manish Dewangan> 8 months ago
382b5b7 : mm-video-v4l2: video: add new extensions <Ashray Kulkarni> 11 months ago
b266f81 : mm-video-v4l2: venc: Add support for low latency mode <Maheshwar Ajja> 9 months ago
14c22a7 : mm-core: Add Skype extensions <Ashray Kulkarni> 11 months ago
 
**** cm:CyanogenMod/android_hardware_qcom_media ****
347b90c : libc2dcolorconvert: refer c2d header from display <Praveen Chavan> 1 year, 11 months ago
6316605 : vidc: Fix makefiles <Steve Kondik> 1 year ago
d84d430 : media: Avoid collision with FFMPEG plugin <Steve Kondik> 2 years ago
8ba01d1 : media: Use project pathmap <Ethan Chen> 1 year, 2 months ago
be989ef : audio: Add entry for ALAC/APE software component <Preetam Singh Ranawat> 5 months ago
ab3e6cf : Include kernel header dependency for libOmxVidcCommon <Divya Sharma> 5 months ago
f5b8f20 : Include kernel header dependency for libOmxVidcCommon <Divya Sharma> 5 months ago
2266025 : mm-video-v4l2: vidc: Ensure async_message_thread always exits <Arun Menon> 5 months ago
b0d352b : media : Add Max CSD values for ALAC and APE <Preetam Singh Ranawat> 6 months ago
a04219f : mm-video-v4l2: vdec: skip enabling extn_user extradata for secure session <Srinu Gorle> 5 months ago
622d480 : mm-video-v4l2: vidc: Enhance VQZIP checks <Praneeth Paladugu> 8 months ago
2b5bd8a : mm-video-v4l2: vidc: venc: Fix input extradata issues <Praneeth Paladugu> 5 months ago
ce13944 : mm-video-v4l2: vidc: vdec: Add UBWC color format support <Srinu Gorle> 5 months ago
a725170 : mm-video: venc: Initialize m_graphicBufferSize <Deva Ramasubramanian> 5 months ago
8be933c : mm-video-v4l2: vidc: vdec: Add support for downscalar in component <Srinu Gorle> 11 months ago
c29ae31 : mm-video-v4l2: vidc: Fix race condition with msg thread fd close <Shalaj Jain> 5 months ago
6a50516 : mm-video-v4l2: vdec: Fix CTS issue with color coversion <Vinay Kalia> 5 months ago
ab08584 : mm-core: Add extensions for FRC <Vinay Kalia> 5 months ago
b12f245 : mm-video-v4l2: Handle async_message_thread error <Arun Menon> 5 months ago
9952fd8 : mm-core: Add secure component registry entry <Vikash Garodia> 5 months ago
8d855cc : mm-video: common: update OmxVidcCommon dependency list <Srinu Gorle> 5 months ago
3c3fe6c : mm-video-v4l2: vdec: Change preferred color format default order <Arun Menon> 5 months ago
c73daac : mm-video-v4l2: Add registry entry for openmax components. <Vikash Garodia> 6 months ago
bcb448c : mm-video: swvdec: Add SwVdec registry entries for 8937. <Manikanta Sivapala> 6 months ago
e592d0a : mm-video: swvdec: Add SwVdec OMX component. <Manikanta Sivapala> 6 months ago
41cf898 : mm-core: Update the correct instance index for storing VPP handle <Praneeth Paladugu> 6 months ago
c8827e2 : mm-video-v4l2: vidc: Allocate secure bitstream buffers from CMA <Shalaj Jain> 6 months ago
cf6d469 : mm-video: vidc: Fully drainbuffers from the driver if batch not complete <Deva Ramasubramanian> 6 months ago
093280d : mm-core: Unload the component library after the session is done <Praneeth Paladugu> 6 months ago
45267c8 : Remove msm8937 due to missing HY11 rule <Naveen Kumar> 6 months ago
fb36868 : mm-video: venc: Revert Venus native support for RGBA8888 <Deva Ramasubramanian> 6 months ago
1c7b346 : mm-video: swvenc: Add pure virtual functions. <Manikanta Sivapala> 6 months ago
0ec71b0 : mm-video: Add extensions to enable and configure ROI QP info <Vinay Kalia> 7 months ago
db88209 : audio: remove duplicate instances of aac decoder <Mingming Yin> 6 months ago
b04a903 : mm-video-v4l2: vdec: Fix a bug with C2D and DROPPED_FRAME <Vinay Kalia> 6 months ago
183f501 : mm-video-v4l2: vidc: Add null checks in async_message_process <Arun Menon> 6 months ago
fbdcaba : mm-video-v4l2: Add support for VP9 secure decoder <Shalaj Jain> 9 months ago
a935f80 : mm-video: swvenc: Add SwVenc registry entries for 8937. <Manikanta Sivapala> 6 months ago
f3f1e00 : QCMetadata: add a new key for big buffers <Sidipotu Ashok> 7 months ago
be1c0e3 : mm-video: vidc: Adjust performance level only after STREAMON <Deva Ramasubramanian> 6 months ago
6f6f5fb : mm-video-v4l2: vidc: venc: Fix hybrid HP layer count <Ashray Kulkarni> 6 months ago
144b092 : mm-video: venc: Get rid of PREPARE_BUF on input port <Vinay Kalia> 6 months ago
431e6b1 : mm-video-v4l2: vdec: fix fps issues in arbitrary mode <Ashray Kulkarni> 8 months ago
edd1b09 : mm-video-v4l2: vidc: vdec: Put decoder sessions in TURBO <Praneeth Paladugu> 9 months ago
07a4eca : libc2dcolorconvert: Fix height alignment issue with RGBA formats <Rajesh Sastrula> 6 months ago
c826460 : mm-video-v4l2: venc: Add support to enhance hybrid Hier-p mode <Ashray Kulkarni> 10 months ago
c08fc90 : mm-core: Add registry entry for titanium <Srinu Gorle> 6 months ago
94af4ea : mm-video: Add opaque color format support to MPEG-4 SwVenc. <Manikanta Sivapala> 7 months ago
f4e1426 : mm-video-v4l2: Do not send error to client once in loaded state <Shalaj Jain> 7 months ago
bf75c1c : mm-video-v4l2: vdec: Add range check before native_buffer usage <Arun Menon> 7 months ago
 
**** cm:CyanogenMod/android_hardware_samsung_slsi-cm_exynos5 ****
d457924 : libgscaler: Fix number of gsc nodes for recent platforms <Christopher N. Hesse> 2 days ago
d012619 : libgscaler: Improve gsc_open_node logging <Christopher N. Hesse> 2 days ago
 
**** cmold:android_kernel_google_msm ****
25ebc02 : video: msm: Fix autocontrast sysfs write validation <Steve Kondik> 2 days ago
e80ba7b : video: msm: Don't send CABC commands with power off <Steve Kondik> 2 days ago
 
**** cmold:android_kernel_htc_msm8952 ****
c549b12 : msm: mdss: Remove unnecessary offlock during fps update <Jayant Shekhar> 4 months ago
e3726a1 : msm: mdss: Reorder mutex locks in ESD thread <Jayant Shekhar> 9 months ago
55e883e : msm: vidc: Make buffer validity checks stronger <Deva Ramasubramanian> 3 months ago
 
**** cmold:android_kernel_oppo_msm8974 ****
b0b9d40 : find7/n3: Set CONFIG_HZ to 300 <Steve Kondik> 4 days ago
7e38e7e : net: do not use rcu in rtnl_dump_ifinfo() <Eric Dumazet> 1 year, 2 months ago
9dadfa7 : mm: vmpressure: dynamic window sizing. <Martijn Coenen> 9 weeks ago
13030a9 : mm: adjust page migration heuristic <Tim Murray> 7 weeks ago
9118451 : ion: adjust system heap pool orders <Tim Murray> 7 weeks ago
b95a9a0 : kgsl: add page pool allocator <Tim Murray> 8 weeks ago
af3d538 : ARM: 8337/1: mm: Do not invoke OOM for higher order IOMMU DMA allocations <Tomasz Figa> 1 year, 1 month ago
8d77de0 : lib: align source before using optimized implementation <Sanrio Alvares> 2 months ago
14acbe4 : Revert "ASoC: wcd9320: Wait a little longer for HPH PA to settle" <Ben Romberger> 5 months ago
1c5e49d : ASoC: wcd9320: Add digital mute for capture dai's <Ravi Kumar Alamanda> 8 months ago
dff7691 : bacon: Set CONFIG_HZ to 300 <Steve Kondik> 4 days ago
7e6a9fd : msm: kgsl: Fix direct references to HZ <Ajay Dudani> 4 months ago
a0726ab : sched_clock: Backport high-resolution support <Stephen Boyd> 2 years, 3 months ago
3141882 : clocksource: Extract max nsec calculation into separate function <Stephen Boyd> 2 years, 9 months ago
f18fb74 : ASoC: msm: qdsp6v2: fix invalid access to memory <Laxminath Kasam> 1 year, 3 months ago
cb21ad2 : ASoC: msm: qdsp6v2: Copy multiple frames per msm-pcm-q6 copy <Ben Romberger> 5 months ago
15bd4e3 : ALSA: compress: allow writes in SNDRV_PCM_STATE_PREPARED state <Eric Laurent> 7 weeks ago
 
**** cmold:android_kernel_sony_apq8064 ****
348c0b1 : configs: regenerate, switch kernel compression to LZ4 <Georg Veichtlbauer> 2 days ago
471393a : decompressor: add LZ4 decompressor module <Kyungsik Lee> 2 years, 9 months ago
3940be3 : slub: fix a possible memory leak <Joonsoo Kim> 3 years, 11 months ago
 
**** vanir:platform_manifest ****
9437299 : default: Move HAL repos to their own manifest snippet <Ethan Chen> 7 days ago
849eb2c : Snippetize device and vendor repos <nuclearmistake> 19 hours ago
 
**** vanir:packages_apps_Dialer ****
581e03b : Dialer NPE - Search Results <Richard MacGregor> 5 days ago
 
**** cm:CyanogenMod/android_packages_apps_Exchange ****
a29687e : Patch Exchange Autodiscover Code for Security Issue <Rohan Shah> 2 months ago
 
**** vanir:packages_apps_InCallUI ****
1ca5290 : Make Block action contingent on system-wide Blacklist setting <Rohit Yengisetty> 9 days ago
 
**** cm:CyanogenMod/android_packages_apps_Messaging ****
98df70d : Messaging: Read Report != Delivery Report. <Adnan Begovic> 2 days ago
1fd9824 : Messaging: Fix mms expiry preferences. <Adnan Begovic> 2 days ago
 
**** cm:CyanogenMod/android_packages_apps_Snap ****
f9739a3 : Revert "Snap: Improve focusing" <Ethan Chen> 56 minutes ago
 
**** vanir:packages_screensavers_Basic ****
76d7a60 : Update THIRD_PARTY_KEYGUARD perm name <d34d> 2 days ago
 
**** vanir:packages_services_Telecomm ****
9c02764 : Incorrect cache key in ConnectionServiceRepository <You Kim> 2 weeks ago
 
**** cm:CyanogenMod/android_prebuilts_cmsdk ****
55dfb9c : prebuilts/cmsdk: Update released artifact (overwritten). <Adnan Begovic> 5 hours ago
 
**** cm:CyanogenMod/cm_platform_sdk ****
9adbc6f : cmsdk: Ignore "samples" subdir. <Adnan Begovic> 2 hours ago
ab3916f : Add Weather API test coverage <Luis Vidal> 4 days ago
02a71cc : Weather API: Honor the values set for today's low/high temp <Luis Vidal> 5 days ago
 
**** commotio:commotio ****
8be3282 : Fingerprinted <DHOMD> 26 hours ago
 
**** vanir:vendor_sony ****
728929b : nicki: Use cancro mm fm patch downloader <RonGokhale> 2 days ago
 
**** vanir:vendor_vanir ****
aeef912 : Run fingerprint matcher script <nuclearmistake> 19 hours ago
db711f1 : MetroPCS APN update <Jason Riordan> 6 days ago
 
