
**** vanir:build ****
399158a : Build hacks <DHOMD> 9 weeks ago
 
**** cm:CyanogenMod/android_device_htc_hima-common ****
d544abf : Update misc_partition sepolicy to nuggat <DHOMD> 5 hours ago
 
**** vanir:device_htc_m7-common ****
59a8c4c : Update misc_partition sepolicy to Nuggat <DHOMD> 5 hours ago
 
**** vanir:device_lge_g2-common ****
032b9c6 : So uh, enabling atime is bad. <Jeff Sharkey> 16 hours ago
5d0892a : g2-common: Cleanup cmdline <Tyler Dunn> 8 days ago
 
**** vanir:device_lge_g3-common ****
496057e : g3: disable the qc location stack <Hendrik Hagendorn> 17 hours ago
4bb462c : g3: move izat.conf to the device tree <Hendrik Hagendorn> 16 hours ago
ba41d18 : g3: enable audio features <Hendrik Hagendorn> 10 months ago
 
**** cm:CyanogenMod/android_device_lge_g4-common ****
e6f3888 : g4: add shim for libwvm <codeworkx> 30 hours ago
 
**** vanir:device_motorola_msm8226-common ****
cb272dd : msm8226-common: Remove hbm permissions <LuK1337> 14 hours ago
 
**** cm:CyanogenMod/android_device_motorola_msm8610-common ****
4311f96 : msm8610-common: move motorola log shim into libshims <Sultan Qasim Khan> 29 hours ago
bee61e2 : msm8610-common: switch to new flag for LZMA ramdisk <Sultan Qasim Khan> 31 hours ago
 
**** vanir:device_samsung_mondrianwifi ****
e96ce09 : Consumer IR has been moved to hardware/samsung <DHOMD> 28 hours ago
 
**** cm:CyanogenMod/android_device_samsung_nobleltetmo ****
5280ea1 : nobleltetmo: Remove NFC enhanced addons <Christopher N. Hesse> 2 days ago
 
**** cm:CyanogenMod/android_device_sony_pollux-common ****
a5f73d7 : pollux: Delete common partition sizes <Tetsuo Osaka> 5 weeks ago
 
**** cm:CyanogenMod/android_device_yu_tomato ****
6d274a7 : tomato: compress recovery ramdisk with lzma <Michael Bestas> 4 days ago
 
**** vanir:frameworks_base ****
e358688 : SystemUI: Don't vibrate on touchscreen camera gesture <Michael Bestas> 10 months ago
80e263c : Automatic translation import <pinky@build01> 23 hours ago
 
**** cm:CyanogenMod/android_hardware_cyanogen ****
bab4499 : cmhw: Add support for HBM <Michael Bestas> 7 days ago
 
**** vanir:hardware_samsung ****
1bf7769 : macloader : add n5110 murata MAC address <RGIB> 2 days ago
 
**** cm:CyanogenMod/android_hardware_ti_wlan ****
f2267c4 : wl12xx: Common WLAN KM build target for reuse by devices <D. Andrei Măceș> 3 days ago
 
**** cmold:android_kernel_lge_hammerhead ****
1fe3c9d : KEYS: Fix crash when attempt to garbage collect an uninstantiated keyring <David Howells> 1 year, 2 months ago
cf756a1 : msm: sensor: validate the i2c table index before use <Suman Mukherjee> 3 months ago
ce710d5 : [PATCH] arm: fix handling of F_OFD_... in oabi_fcntl64() <Al Viro> 12 months ago
aff3a55 : hammerhead: Add IPv6 rpfilter support. <Lorenzo Colitti> 4 months ago
1594e46 : KEYS: Fix short sprintf buffer in /proc/keys show function <David Howells> 3 months ago
39febfb : mm, gup: close FOLL MAP_PRIVATE race <Michal Hocko> 8 weeks ago
bba9e86 : qseecom: Change format specifier %p to %pK <Mallikarjuna Reddy Amireddy> 5 months ago
b61ea88 : UPSTREAM: HID: core: prevent out-of-bound readings <Benjamin Tissoires> 11 months ago
99545c5 : BACKPORT: tty: Prevent ldisc drivers from re-using stale tty fields <Peter Hurley> 1 year ago
4467599 : msm: sensor: Avoid potential stack overflow <Biswajit Paul> 4 months ago
4e4acf1 : qcedev: Validate Source and Destination addresses <Biswajit Paul> 3 months ago
56a52b8 : BACKPORT: ALSA: usb-audio: Fix double-free in error paths after snd_usb_add_audio_stream() call <Vladis Dronov> 9 months ago
31185bb : BACKPORT: ALSA: usb-audio: Minor code cleanup in create_fixed_stream_quirk() <Takashi Iwai> 9 months ago
e2cc8c9 : UPSTREAM: tcp: fix use after free in tcp_xmit_retransmit_queue() <Eric Dumazet> 4 months ago
352099d : UPSTREAM: block: fix use-after-free in seq file <Vegard Nossum> 5 months ago
c53fdde : video: mdss: Color temperature interface using PCC <Steve Kondik> 1 year, 10 months ago
3183a38 : msm: mdss: Revert changes for separating out PP flushes from commits <Ping Li> 3 years, 3 months ago
cf10b7e : ion: Disable ION_HEAP_TYPE_SYSTEM_CONTIG <Daniel Rosenberg> 3 months ago
71abe49 : Export sound/audio_effects.h <Chirayu Desai> 4 months ago
773221e : selinux: nlmsgtab: add SOCK_DESTROY to the netlink mapping tables <Lorenzo Colitti> 10 months ago
a6e7f8f : UPSTREAM: selinux: fix bug in conditional rules handling <Stephen Smalley> 1 year, 1 month ago
ee37090 : selinux: Android kernel compatibility with M userspace <Jeff Vander Stoep> 1 year, 2 months ago
06e878a : selinux: extended permissions for ioctls <Jeff Vander Stoep> 1 year, 5 months ago
4817655 : selinux: remove unnecessary pointer reassignment <Jeff Vander Stoep> 1 year, 10 months ago
9db0e06 : Revert "SELinux: per-command whitelisting of ioctls" <Jeff Vander Stoep> 1 year, 4 months ago
c4b3104 : Revert "SELinux: use deletion-safe iterator to free list" <Jeff Vander Stoep> 1 year, 4 months ago
079aee5 : Revert "SELinux: ss: Fix policy write for ioctl operations" <Jeff Vander Stoep> 1 year, 4 months ago
5225aad : net: diag: Add the ability to destroy a socket. <Lorenzo Colitti> 12 months ago
4f47e10 : FROMLIST: arm: mm: support ARCH_MMAP_RND_BITS. <dcashman> 12 months ago
6e0da8b : FROMLIST: mm: mmap: Add new /proc tunable for mmap_base ASLR. <dcashman> 12 months ago
99666f7 : ANDROID: binder: Clear binder and cookie when setting handle in flat binder struct <Arve Hjønnevåg> 4 months ago
5e48506 : ANDROID: binder: Add strong ref checks <Arve Hjønnevåg> 4 months ago
197a22a : msm: camera: sensor: Fix use after free condition <Biswajit Paul> 5 months ago
ecde42f : msm: camera: restructure data handling to be more robust <Vasko Kalanoski> 1 year, 10 months ago
2330631 : ASoC: check for null function pointer for dummy device read/write <Yuan Lin> 4 months ago
c24c13e : arm64: dma-mapping: always clear allocated buffers <Marek Szyprowski> 1 year, 8 months ago
966da38 : BACKPORT: Bluetooth: Fix potential NULL dereference in RFCOMM bind callback <Jaganath Kanakkassery> 1 year, 7 months ago
65385ad : binder: prevent kptr leak by using %pK format specifier <Nick Desaulniers> 4 months ago
8f57dad : UPSTREAM: net: Fix use after free in the recvmmsg exit path <Arnaldo Carvalho de Melo> 9 months ago
1070bba : ashmem: Validate ashmem memory with fops pointer <Sunil Khatri> 6 months ago
f4693be : net: ipc_router: Bind only a client port as control port <Karthikeyan Ramasubramanian> 10 months ago
f512a6b : ashmem: Validate ashmem memory with fops pointer <Sunil Khatri> 6 months ago
4651cfa : hammerhead_defconfig: enable SECURITY_PERF_EVENTS_RESTRICT Bug: 29119870 Change-Id: I9fcd42b47ec57ea71d75bb1fe76356c67479911a Signed-off-by: Mekala Natarajan <mnatarajan@google.com> <Abhisek Devkota> 4 months ago
5345d0b : fs: ext4: disable support for fallocate FALLOC_FL_PUNCH_HOLE <Nick Desaulniers> 5 months ago
39ff817 : UPSTREAM: ALSA: control: Fix replacing user controls <Lars-Peter Clausen> 2 years, 6 months ago
bdba81b : msm: camera: Fix memory read by adding bounds check <Biswajit Paul> 6 months ago
8090859 : UPSTREAM: KEYS: close race between key lookup and freeing <Sasha Levin> 5 months ago
50bb616 : BACKPORT: netfilter: x_tables: validate e->target_offset early <Florian Westphal> 9 months ago
cef4f17 : Soc: msm: qdsp6v2: Fix improper param checks <engstk> 5 months ago
c13cbfe : UPSTREAM: netfilter: x_tables: make sure e->next_offset covers remaining blob size <Florian Westphal> 9 months ago
 
**** vanir:kernel_lge_msm8974 ****
8b59e85 : Symlinks: Easist way to fix 7 builds <DHOMD> 28 hours ago
 
**** cmold:android_kernel_lge_msm8992 ****
fa9f0ab : ASoC: msm: lock read/write when add/free audio ion memory <Walter Yang> 3 months ago
cdd8f2e : msm: sensor: validate the i2c table index before use <Suman Mukherjee> 3 months ago
9725e7b : arm64: make sys_call_table const <Mark Rutland> 1 year, 11 months ago
11666f9 : arm: fix handling of F_OFD_... in oabi_fcntl64() <Al Viro> 12 months ago
 
**** cmold:android_kernel_motorola_msm8916 ****
a96e11d : Revert "msm: mdss: Port HBM fixes" <Alberto97> 30 hours ago
407faa5 : fs: ext4: disable support for fallocate FALLOC_FL_PUNCH_HOLE <Nick Desaulniers> 5 months ago
2c191f4 : KEYS: Fix short sprintf buffer in /proc/keys show function <David Howells> 3 months ago
b01a156 : net: llc: use correct size for sysctl timeout entries <Sasha Levin> 1 year, 11 months ago
30ccaa1 : mm: Fix NULL pointer dereference in madvise(MADV_WILLNEED) support <Kirill A. Shutemov> 3 years ago
f42e15b : vfs: read file_handle only once in handle_to_path <Sasha Levin> 1 year, 10 months ago
9416794 : mnt: Only change user settable mount flags in remount <Eric W. Biederman> 2 years, 5 months ago
ae92c20 : eCryptfs: Remove buggy and unnecessary write in file name decode routine <Michael Halcrow> 2 years, 1 month ago
 
**** cmold:android_kernel_motorola_msm8974 ****
ea4f0f5 : victara: Enable RPFILTER <Ethan Chen> 4 days ago
a060805 : packet: fix race condition in packet_set_ring <Philip Pettersson> 11 days ago
a4e5512 : msm: camera: Validate size param before allocating memory <Deepak Kaushal> 1 year, 8 months ago
3b9a77a : platform: msm: sensor: Fix out of bounds and null pointer. <Ivan Tiyanov> 2 years, 6 months ago
a6e800f : msm: camera: Restructure data handling to be more robust <Samyukta Mogily> 3 months ago
f45bc4d : msm: sensor: Avoid potential stack overflow <VijayaKumar T M> 3 months ago
dd2b9ec : bfq-sched: Forcefully lookup entities when the cache is inconsistent <Diogo Ferreira> 3 weeks ago
cfa705c : af_unix: speedup /proc/net/unix <Eric Dumazet> 4 years, 6 months ago
4c740c7 : ion: disable system contig heap <Liam Mark> 9 weeks ago
c0c2ed6 : Fix incorrect conflict resolution in "vfs: Add setns support for the mount namespace" <Daniel Rosenberg> 1 year, 5 months ago
121f0e5 : proc: fix build broken by proc inode per namespace patch <Jin Qian> 1 year, 5 months ago
51dfb23 : BACKPORT: audit: fix a double fetch in audit_log_single_execve_arg() <Paul Moore> 3 months ago
0dc3e00 : BACKPORT: tty: Prevent ldisc drivers from re-using stale tty fields <Peter Hurley> 1 year ago
667f30a : msm: crypto: Fix integer over flow check in qcrypto driver <Zhen Kong> 4 months ago
62cab56 : ALSA: usb-audio: Fix double-free in error paths after snd_usb_add_audio_stream() call <Vladis Dronov> 9 months ago
d750f9f : ALSA: usb-audio: Minor code cleanup in create_fixed_stream_quirk() <Takashi Iwai> 9 months ago
6b8f616 : block: fix use-after-free in seq file <Vegard Nossum> 5 months ago
4006d42 : block: fix use-after-free in sys_ioprio_get() <Omar Sandoval> 5 months ago
578e0c5 : sg: Fix double-free when drives detach during SG_IO <Calvin Owens> 1 year, 1 month ago
7c12d77 : perf: Fix race in swevent hash <Peter Zijlstra> 12 months ago
f45d716 : HID: core: prevent out-of-bound readings <Benjamin Tissoires> 11 months ago
fea1f44 : sdcardfs: fix external storage exporting incorrect uid <alvin_liang> 3 months ago
5e970cd : sdcardfs: Flag files as non-mappable <fluxi> 7 weeks ago
aefc5be : mm: remove gup_flags FOLL_WRITE games from __get_user_pages() <Linus Torvalds> 8 weeks ago
b114791 : KEYS: Fix short sprintf buffer in /proc/keys show function <David Howells> 3 months ago
f645860 : fix infoleak in rtnetlink <kangjie> 7 months ago
cb6cd9c : Replace %p with %pK to prevent leaking kernel address <Mohamad Ayyash> 7 months ago
578055a : ALSA: control: Fix replacing user controls <Lars-Peter Clausen> 2 years, 6 months ago
6c27208 : fs: ext4: disable support for fallocate FALLOC_FL_PUNCH_HOLE <Nick Desaulniers> 5 months ago
075996f : binder: prevent kptr leak by using %pK format specifier <Nick Desaulniers> 4 months ago
238cf26 : tcp: fix use after free in tcp_xmit_retransmit_queue() <Eric Dumazet> 4 months ago
c5377de : net: Fix use after free in the recvmmsg exit path <Arnaldo Carvalho de Melo> 9 months ago
4cfab8e : USB: dwc3: debugfs: Add boundary check in dwc3_store_ep_num() <Vijayavardhan Vennapusa> 7 months ago
90b9d10 : msm: perf: Do not allocate new hw_event if event is duplicate. <Veena Sambasivan> 7 months ago
76cd6cb : ASoC: msm: audio-effects: misc fixes in h/w accelerated effect <Weiyin Jiang> 8 months ago
f6ce941 : perf: duplicate deletion of perf event <Srinivasarao P> 10 months ago
dfe03a1 : victara: enable sdcardfs <Dan Pasanen> 3 months ago
72a5f49 : Adds bound check on reg_cfg_cmd->u.dmi_info.hi_tbl_offset. <Trishansh Bhardwaj> 4 months ago
19e1e0b : ASoC: msm: qdsp6v2: check param length for EAC3 format <Surendar karka> 4 months ago
e24b815 : wcnss: Avoid user buffer overloading for write cal data <Anand Kumar> 6 months ago
9d7e7f0 : BACKPORT: fs: Add TTY PM IOCTLs to compat table <Naveen Kaje> 2 years, 4 months ago
079bf71 : sdcardfs: Remove stale dentries when reusing an inode. <Daniel Rosenberg> 4 months ago
0cccd2f : sdcardfs: Fix issue with d_child move <Daniel Rosenberg> 9 months ago
efdddb6 : sdcardfs: Added top to sdcardfs_inode_info <Daniel Rosenberg> 7 months ago
72f90f2 : sdcardfs: Fix locking <Daniel Rosenberg> 7 months ago
6f8d6ce : sdcardfs: Check for other cases on path lookup <Daniel Rosenberg> 8 months ago
81c41a1 : sdcardfs: override umask on mkdir and create <Daniel Rosenberg> 8 months ago
4b9c3a6 : ANDROID: sdcardfs: fix itnull.cocci warnings <Julia Lawall> 6 months ago
064bced : sdcardfs: Truncate packages_gid.list on overflow <Daniel Rosenberg> 5 months ago
1acc425 : fuse: Add support for d_canonical_path <Daniel Rosenberg> 8 months ago
 
**** cmold:android_kernel_oneplus_msm8996 ****
d157c3c : op3: Enable IP_NF_MATCH_RPFILTER <dianlujitao> 2 days ago
23fb307 : ARM: dts: msm: Config sleep state for wlan bootstrap pin for msm8996 <Sarada Prasanna Garnayak> 5 months ago
20ab93e : ARM: dts: msm: add fixed regulator support for wlan_en for  msm8996 <Sarada Prasanna Garnayak> 5 months ago
7b1db27 : op3: Update defconfig for new qcacld driver <dianlujitao> 2 weeks ago
238ef78 : qcacld-2.0: Release LA.UM.5.5.r1-01800-8x96.0 <dianlujitao> 3 weeks ago
5d85927 : cnss: Fix compilation error of missing CONFIG_CNSS_SECURE_FW <Yuanyuan Liu> 10 months ago
a6be9dc : wcnss: Read multiple SMD Packet from SMD Channel <Anand Kumar> 10 weeks ago
10e80f5 : cnss: Enable SECURE FIRMWARE Download Feature <Komal Seelam> 3 months ago
e4277cd : Revert "cnss: Configure wlan gpio" <Hardik Kantilal Patel> 4 months ago
7a42080 : cnss: Toggle PCIe EP WLAN_EN on dual-wifi platforms <Komal Seelam> 4 months ago
7cc3b10 : cnss: Reset QCA Card during WLAN SubSystem Recovery <Komal Seelam> 5 months ago
02c3fb9 : net: cnss: Release QCA Chip resources when Wi-Fi is turned off <Komal Seelam> 5 months ago
f629a2b : cnss: add support for pinctrl framework to configure the wlan gpio <Sarada Prasanna Garnayak> 5 months ago
08182d4 : net: cnss: add fixed regulator support for wlan enable pin <Sarada Prasanna Garnayak> 5 months ago
f42295f : net: cnss: Add support to get fw files for QCA SDIO target <Govind Singh> 6 months ago
2bfc317 : cnss: Use Different Dump Names for QCA PCIe and SDIO targets <Komal Seelam> 5 months ago
897761e : wcnss: Avoid user buffer overloading for write cal data <Anand Kumar> 6 months ago
1fa3363 : net: cnss_prealloc: add debugfs entry to check the memory status <Sarada Prasanna Garnayak> 6 months ago
4120204 : cnss: Initialize the unsafe channel list structure properly <Anand Kumar> 6 months ago
8cceec9 : wil6210: abort P2P search when stopping P2P device <Maya Erez> 6 months ago
d563001 : wil6210: fix chan check in wil_p2p_listen <Maya Erez> 6 months ago
ddbaf2e : net: cnss_prealloc: Add prealloc memory for dual WiFi device <Anand Kumar> 6 months ago
f37b84c : net: cnss_prealloc: add pre alloc support for socket buffer <Sarada Prasanna Garnayak> 6 months ago
6c968f6 : cnss: disable pre-alloc memory leak check and reset for dual WiFi <Sarada Prasanna Garnayak> 7 months ago
aac8042 : net: CNSS: Define new config WLAN_FEATURE_RX_WAKELOCK <Himanshu Agarwal> 10 months ago
35d0a87 : cnss: Provide API to CLD Driver to control SPDT GPIO <Komal Seelam> 7 months ago
4cc8eb9 : cnss: store the unsafe channel info even channel count is zero <Sarada Prasanna Garnayak> 7 months ago
4e3d13f : cnss: Disable wlan irq when PCIe link down is detected <Komal Seelam> 7 months ago
4bd5d41 : cnss: Expose Power Up/Down API to WLAN Functional Driver <Komal Seelam> 7 months ago
72ca9e6 : net: cnss: Fix the NULL pointer dereference <Sarada Prasanna Garnayak> 7 months ago
ef87baa : cnss: Correct boot sequence for WLAN hardware <Yue Ma> 8 months ago
c197b832 : cnss: Refactor CNSS Platform Driver for better code maintenance <Komal Seelam> 8 months ago
ac7bec7 : net: cnss: add CNSS logger service to support advanced CLD logging <Ryan Hsu> 9 months ago
b01a348 : net: cnss: add dual cnss platform driver support for dual WiFi <Sarada Prasanna Garnayak> 9 months ago
a346e17 : net: cnss: remove redundant and dead code from platform driver <Sarada Prasanna Garnayak> 8 months ago
50da9cc : Revert "net: cnss: remove redundant and dead code from platform driver" <Sarada Prasanna Garnayak> 8 months ago
62f95f0 : cnss: Add optional property to control wlan_en gpio for Dual-Wifi platforms <Komal Seelam> 9 months ago
7327eb5 : net: cnss: remove redundant and dead code from platform driver <Sarada Prasanna Garnayak> 9 months ago
5fb59a8 : Revert "cnss: Disable wlan irq when PCIe link down is detected" <dianlujitao> 3 weeks ago
94f2ef8 : cnss: Control vdd-wlan-xtal-aon-supply regulator in cnss platform driver <Komal Seelam> 9 months ago
ef46e4d : net: cnss: add bus bandwidth support for sdio wlan module <Sarada Prasanna Garnayak> 9 months ago
c10c56a : cnss: Add Pinctrl Framework to control antenna sharing GPIO 38 <Komal Seelam> 9 months ago
dcb4287 : net: cnss: add cnss common api support for dual WiFi <Sarada Prasanna Garnayak> 9 months ago
c138d7c : wcnss: Access boot remap address register <Sunkad, Anand Ningappa> 9 months ago
1be7f40 : cnss: Implement API to store WLAN MAC address in platform driver <Komal Seelam> 9 months ago
50a7a73 : net: cnss: add subsystem restart support for dual WiFi <Sarada Prasanna Garnayak> 10 months ago
570b6b5 : net: cnss: add PM QoS support for dual WiFi <Sarada Prasanna Garnayak> 10 months ago
f13fb9a : net: cnss: add DFS NOL support for dual WiFi <Sarada Prasanna Garnayak> 10 months ago
ae8cc7e : net: cnss: add unsafe channel list support for dual WiFi <Sarada Prasanna Garnayak> 10 months ago
68e2f5b : cnss: Expose dump stack functionality <Abhishek Singh> 10 months ago
 
**** cmold:android_kernel_oppo_msm8974 ****
82e38c7 : find7/n3: Enable RPFILTER <Ethan Chen> 4 days ago
 
**** vanir:platform_manifest ****
15dab32 : Follow our own Onyx <DHOMD> 7 hours ago
fcc5fcc : Fixup Device dependancies and move them all to snippets <DHOMD> 11 hours ago
34834ed : Zero is dead <DHOMD> 11 hours ago
ecbe8d0 : Readd Mako + Kiwi <DHOMD> 11 hours ago
 
**** cm:CyanogenMod/android_packages_apps_AudioFX ****
7f84f53 : Automatic translation import <pinky@build01> 23 hours ago
 
**** vanir:packages_apps_Bluetooth ****
9d5a01b : Automatic translation import <pinky@build01> 23 hours ago
 
**** vanir:packages_apps_CMParts ****
6a7fc58 : Automatic translation import <pinky@build01> 23 hours ago
 
**** vanir:packages_apps_Calendar ****
e415032 : Automatic translation import <pinky@build01> 23 hours ago
 
**** vanir:packages_apps_CellBroadcastReceiver ****
efeed63 : Automatic translation import <pinky@build01> 23 hours ago
 
**** vanir:packages_apps_Dialer ****
8313ed0 : Automatic translation import <pinky@build01> 23 hours ago
 
**** vanir:packages_apps_Messaging ****
4e89cad : Automatic translation import <pinky@build01> 23 hours ago
 
**** vanir:packages_apps_PhoneCommon ****
d49dfeb : Automatic translation import <pinky@build01> 23 hours ago
 
**** vanir:packages_apps_Settings ****
67e263e : Settings: Set summary for zen priority notif preference <Zhao Wei Liew> 15 hours ago
f37382e : Automatic translation import <pinky@build01> 23 hours ago
 
**** cm:CyanogenMod/android_packages_apps_Snap ****
6d717ac : Remove log spam <Michael Bestas> 2 days ago
8ac1f65 : Automatic translation import <pinky@build01> 23 hours ago
 
**** vanir:packages_apps_ThemeChooser ****
85d86c7 : Automatic translation import <pinky@build01> 23 hours ago
 
**** vanir:packages_apps_Trebuchet ****
f58093a : Automatic translation import <pinky@build01> 23 hours ago
 
**** vanir:packages_providers_DownloadProvider ****
f1d6599 : Automatic translation import <pinky@build01> 23 hours ago
 
**** vanir:packages_services_Telephony ****
ae0e61c : Automatic translation import <pinky@build01> 23 hours ago
 
**** cm:CyanogenMod/cm_platform_sdk ****
636867f : Automatic translation import <pinky@build01> 23 hours ago
f6e4623 : FileUtils: Add util to check if a file exists <Michael Bestas> 7 days ago
 
**** commotio:commotio ****
91fa8cb : Regen oneplus2 mk based upon Garak's template <DHOMD> 9 hours ago
92b613a : Regen Bacon mk <DHOMD> 10 hours ago
d5072e6 : Add back Trabuchet for now, Kill Jewel <DHOMD> 11 hours ago
 
**** vanir:vendor_lge ****
24399cb : g3: move izat.conf to our device tree <Hendrik Hagendorn> 17 hours ago
 
**** github:TheMuppets/proprietary_vendor_oneplus ****
78548c7 : onyx: Update Blobs <Ashwin Ramesh> 5 days ago
dfbd158 : oneplus2: Update blobs <Willi Ye> 3 days ago
 
**** vanir:vendor_samsung ****
2f89436 : Zero is dead <DHOMD> 11 hours ago
 
**** vanir:vendor_vanir ****
e006681 : Victara needs boot animation manualy set <DHOMD> 6 hours ago
0ce98b6 : Vanir onyx <Derek> 8 hours ago
f15c25c : WTF did onyx go? <Derek> 8 hours ago
0145c6f : Regen oneplus2 mk based upon Garak's template <Derek> 9 hours ago
580ca3b : Fix build <Derek> 10 hours ago
 
**** github:TheMuppets/proprietary_vendor_xiaomi ****
71fadaf : kenzo: Ship prebuilt wcnss_service <TheStrix> 31 hours ago
dc9e276 : hydrogen: Ship prebuilt wcnss_service <TheStrix> 31 hours ago
 
