
**** vanir:build ****
f420055 : Build hacks <DHOMD> 6 months ago
55aa2ff : build: fix verity generation <Dan Pasanen> 34 hours ago
96efb21 : build: allow to disable recovery-two-step.img generation <Flex1911> 9 days ago
 
**** cm:LineageOS/android_dalvik ****
6354515 : Backport changes to whitelist sockets opened by the zygote. <Narayan Kamath> 8 months ago
 
**** vanir:device_google_marlin ****
fa88224 : Add a proper barrier and use vendor/caf/telephony <DHOMD> 5 weeks ago
281f139 : Revert "marlin: disable our local telephony extensions" <DHOMD> 5 weeks ago
 
**** cm:LineageOS/android_device_htc_pme ****
b64f9a0 : pme: Fail if hwui config is not available <Christopher N. Hesse> 16 hours ago
 
**** vanir:device_huawei_angler ****
24a7ef2 : angler: Set initial copyright year in extract script <razorloves> 2 days ago
5f8a209 : angler: use atfwd service <razorloves> 12 days ago
b2bb2d7 : angler: update build fingerprint & description to 7.1.2 N2G47H <razorloves> 12 days ago
 
**** vanir:device_lge_bullhead ****
be49969 : bullhead: update build fingerprint & description to 7.1.2 N2G47F <razorloves> 12 days ago
e8bc813 : bullhead: Set initial copyright year in extract script <razorloves> 2 days ago
 
**** vanir:device_motorola_msm8226-common ****
124e943 : Enable svelte configuration for jemalloc <Gabriele M> 13 hours ago
 
**** cm:LineageOS/android_device_motorola_otus ****
e10d6d7 : Otus: Fix FM Radio <DHOMD> 3 months ago
 
**** vanir:device_motorola_qcom-common ****
32b8728 : qcom-common: overlay: Re-enable temporarily disabled configs <nadlabak> 3 hours ago
 
**** cm:LineageOS/android_device_oppo_msm8974-common ****
80748cb : Port from bacon: Add blob to decrypt full-disk encryption of /data. <J. Joe Feise> 5 months ago
 
**** cm:LineageOS/android_device_samsung_noblelte-common ****
ea7e1c3 : noblelte: Remove crashing drm service <Christopher N. Hesse> 3 days ago
 
**** vanir:device_samsung_smdk4412-common ****
4045f81 : smdk4412-common: Update Widevine <Jason Lu> 13 hours ago
 
**** vanir:device_sony_fusion3-common ****
4c69a4a : fusion3: Import prima firmware files from vendor <Chippa-a> 2 days ago
175f030 : fusion3: init: Update init_sony boot configuration <Chippa-a> 13 days ago
0f8bf90 : fusion3: Use package prebuilt fstab and inits <Chippa-a> 4 days ago
0d14a10 : fusion3: README: Add board and devices informations <Chippa-a> 3 weeks ago
0bf9204 : fusion3: liblights: Add TARGET_PROVIDES_LIBLIGHT dependency <Adrian DC> 10 months ago
7289719 : fusion3: camera: Add TARGET_NEEDS_CAMERA_WRAPPER dependency <Adrian DC> 9 months ago
0dbdb8f : fusion3: Rebase the platform tree into fragments structure <Chippa-a> 2 weeks ago
 
**** vanir:device_sony_pollux ****
4a2469a : pollux: Update README file <Chippa-a> 3 weeks ago
017e72f : pollux: Rebase the device tree into fragments structure <Chippa-a> 2 weeks ago
 
**** cm:LineageOS/android_device_sony_pollux-common ****
5c8c8bd : pollux-common: Update README file <Chippa-a> 3 weeks ago
e7fd07c : pollux-common: Rebase the device tree into fragments structure <Chippa-a> 2 weeks ago
 
**** cm:LineageOS/android_device_sony_pollux_windy ****
884ac59 : pollux_windy: Update README file <Chippa-a> 3 weeks ago
a6f4ebc : pollux_windy: Rebase the device tree into fragments structure <Chippa-a> 2 weeks ago
 
**** vanir:device_sony_yuga ****
9567f65 : yuga: Update README file <Chippa-a> 3 weeks ago
d8b4dda : yuga: Rebase the device tree into fragments structure <Chippa-a> 2 weeks ago
 
**** cm:LineageOS/android_external_aac ****
97a1b81 : Fix aacDecoder_drcExtractAndMap() <Jean-Michel Trivi> 1 year ago
 
**** vanir:frameworks_av ****
4a98590 : stagefright: Fix SurfaceMediaSource buffer search condition when buffer return <Bill Chen> 2 weeks ago
18a402d : stagefright: Remove the HAL3 limitation from the video reference clock selection <Ricardo Cerqueira> 8 months ago
9da10a0 : Revert "Revert "mediacodec: minijail: Enable exporting of policy files"" <Christopher N. Hesse> 10 days ago
 
**** vanir:frameworks_base ****
5aca944 : SystemUI: Fix SystemUI ANR <mqi> 5 months ago
770ed6c : frameworks/base: Fix password/PIN/pattern update issue <AnilKumar Chimata> 11 months ago
6688d03 : BT: Update wait function in ManagerService to handle  BLE states <Gurpreet Ghai> 4 months ago
8c8b499 : SystemUI:Notification bar custom notification display problems <minz> 7 weeks ago
dbfbf86 : Various fixes and cleanups after 7.1.2 merge <Arne Coucheron> 4 days ago
d597cd5 : Zygote: Fix GL preload property evaluation <Gabriele M> 2 days ago
33e31be : systemui: Fix DE translation for navbar buttons <Elektroschmock> 3 days ago
b531f7e : Show lockscreen wallpaper when blur effect is enabled <Gabriele M> 8 days ago
22a3f02 : Revert "SystemUI: Add SlotId for MultiSim" <Danny Baumann> 11 days ago
b525bd0 : PowerManager: Bring back the compatibility with AOSP <Gabriele M> 13 days ago
 
**** vanir:frameworks_native ****
e7456d6 : sensorservice: Register orientation sensor if HAL doesn't provide it <Arne Coucheron> 2 years, 5 months ago
 
**** cm:LineageOS/android_hardware_intel_common_omx-components ****
c98025c : Handle the skip decoding case. <Austin Hu> 10 months ago
 
**** cm:LineageOS/android_hardware_intel_img_psb_video ****
06e002d : Fixed the Media CTS testVideoSurfaceResetting random failure issue. <Austin Hu> 5 months ago
 
**** vanir:hardware_qcom_audio ****
32847ef : audio: hal: fix power issue if tfa98xx calibration failed <Zheng Zhang> 9 weeks ago
243503e : Fix for audio distortion on speaker <rago> 4 months ago
587e913 : Fix for audio distortion on speaker <rago> 4 months ago
3927e17 : audio: hal: Use the elapsed time only if last_write_time_us is valid <Devin Kim> 4 months ago
dc71a44 : audio: hal: Fix CTS test failure with no hardware output <Prashant Malani> 4 months ago
8a8deaa : msm8998: rename from cobalt to 8998 <Thierry Strudel> 4 months ago
858c3c6 : audio: hal: fix no sound in mic during hfp-sco call <Zheng Zhang> 4 months ago
6185d57 : audio: hal: a workaround to avoid mic no sound while making voice call. <Zheng Zhang> 5 months ago
0c0f53e : audio: hal: add hfp volume control for smart pa <Zheng Zhang> 5 months ago
0b67950 : audio: hal: set mode bt in tfa when entering start_hfp <Zheng Zhang> 5 months ago
01197db : hal: extend configuring VOICEMMODE1 device id runtime <vivek mehta> 5 months ago
13f26e8 : audio: hal: add customized external smart pa code <Alain Vongsouvanh> 5 months ago
122b241 : Fix the wrong volume setting on HFP call <Tom Cherry> 5 months ago
500a9fe : Fix security vulnerability: Effect command might allow negative indexes <rago> 5 months ago
7fea204 : hal: Fix an issue on finding a wrong operator in case of no sim <Tom Cherry> 5 months ago
a2bdf6e : hal: Update mixer control for voice/volte call <Yamit Mehta> 6 months ago
ceb7b2d : Fix security vulnerability: Equalizer command might allow negative indexes <rago> 6 months ago
0cfc50a : msmcobalt: add to build <Thierry Strudel> 6 months ago
d135c31 : msm8916: hal: optimize worst case soundcard detection time <vivek mehta> 7 months ago
3f6051b : hal: select HFP devices based on hfp active session <Madhuri Athota> 6 months ago
9c50bd8 : hal: add new acdb ids for HFP call <Yamit Mehta> 8 months ago
4e80fa2 : Add forward definition for usecase_type_t <Tom Cherry> 6 months ago
e3b9956 : hal: add support for app type config in HFP call <Yamit Mehta> 7 months ago
bb15d17 : hal: msm8916: Add correct HFP Tx mute mixer controller <Yamit Mehta> 8 months ago
65dba39 : post_proc: Enable post processing for msm8909 <Yamit Mehta> 9 months ago
 
**** vanir:kernel_huawei_angler ****
65a7381 : angler: defconfig: apply changes from 7.1.2 N2G47H <razorloves> 12 days ago
 
**** cmold:android_kernel_lge_bullhead ****
a00c53a : bullhead: regen defconfig for 7.1.2 N2G47F changes <razorloves> 27 hours ago
1b227bb : ANDROID: ion: Protect kref from userspace manipulation <Nick Desaulniers> 9 weeks ago
4989793 : ASoC: msm: qdsp6v2: Fix out-of-bounds access in put functions <Nick Desaulniers> 9 weeks ago
175e490 : FROMLIST: msm: mdss: Correct the format specifiers in sscanf function <Shalini Krishnamoorthi> 10 months ago
4b50125 : FROMLIST: msm: ipa: fix ioctl input param validation <Skylar Chang> 6 months ago
4ec5177 : mdss: Validate cursor image size <Naseer Ahmed> 3 months ago
825b236 : FROMLIST: defconfig: msm: Disable CONFIG_CP_ACCESS64 <Bruce Levy> 1 year, 3 months ago
47918a4 : qcacld-2.0: Do not copy buffer to user-space if diag read fails <Srinivas Girigowda> 2 months ago
a1363cb : qcacld-2.0: Fix buffer overflow in WLANSAP_Set_WPARSNIes() <Srinivas Girigowda> 3 months ago
f9a0438 : FROMLIST: 9p: fix a potential acl leak <Cong Wang> 4 months ago
7f22e81 : BACKPORT: posix_acl: Clear SGID bit when setting file permissions <Jan Kara> 7 months ago
ddc398c : qcacld-2.0: Avoid integer overflow in wma_enable_arp_ns_offload <Srinivas Girigowda> 2 months ago
d583f12 : sdcardfs: limit stacking depth <Andrew Chant> 9 weeks ago
de04c17 : BACKPORT: fs: limit filesystem stacking depth <Miklos Szeredi> 2 years, 6 months ago
f6432ed : UPSTREAM: udp: properly support MSG_PEEK with truncated buffers <Eric Dumazet> 9 months ago
a33fab2 : FROMLIST: ASoC: msm: qdspv2: add mutex lock when access output buffer length <kunleiz> 4 months ago
4c71366 : crypto: msm: check integer overflow on total data len in qcedev.c <Biswajit Paul> 3 months ago
be081a3 : FROMLIST: qcrypto: protect potential integer overflow. <Neeraj Soni> 5 months ago
b41c6bf : qseecom: whitelist support for kernel client and listener <Biswajit Paul> 8 months ago
aa0fca3 : qseecom: Change whitelist_support flag to false if TZ failed to check <Biswajit Paul> 7 months ago
9776ffd : qseecom: allocate sglistinfo buffer for kernel clients <Biswajit Paul> 8 months ago
903dbba : qseecom: support whitelist memory for qseecom_send_modfd_cmd <Biswajit Paul> 9 months ago
446aa6a : Revert "audio: mbhc fix" <David Lin> 3 months ago
d9dfd30 : random32: include missing header file <Patrick Tjin> 3 months ago
5bb169b : ARM64: Wire up getrandom. <Josh Gao> 10 months ago
1e6ffcb : BACKPORT: ARM: wire up getrandom syscall <Russell King> 2 years, 8 months ago
2513e97 : BACKPORT: random: Wake up all getrandom(2) callers when pool is ready <Herbert Xu> 1 year, 11 months ago
f4387cc : BACKPORT: random: introduce getrandom(2) system call <Theodore Ts'o> 2 years, 9 months ago
71726ee : BACKPORT: random32: add prandom_reseed_late() and call when nonblocking pool becomes initialized <Hannes Frederic Sowa> 3 years, 5 months ago
df074e7 : BACKPORT: random32: add periodic reseeding <Hannes Frederic Sowa> 3 years, 5 months ago
f97a38b : bullhead: config: enable CONFIG_CRYPTO_SHA512 and savedefconfig <Lorenzo Colitti> 3 months ago
bc7f262 : qcacld-2.0: wlan host driver upgrade to 4.4.23.014 <Srinivas Girigowda> 4 months ago
256823c : qcacld-2.0: Add recovery in pci resume failure case <Srinivas Girigowda> 4 months ago
8d55f76 : qcacld-2.0: wlan host driver upgrade to 4.4.23.013 <Srinivas Girigowda> 4 months ago
657b318 : qcacld-2.0: Reduce log level in smeTraceDump <Srinivas Girigowda> 5 months ago
5414d8d : qcacld-2.0: Fix memory leak issue <Srinivas Girigowda> 5 months ago
2431031 : arm64/configs: enable RCU_BOOST <John Dias> 4 months ago
5031372 : msm: kgsl: Add accounting for memory mapped in userspace <Harshdeep Dhatt> 1 year, 3 months ago
 
**** cmold:android_kernel_motorola_msm8916 ****
7e6711f : BACKPORT: UPSTREAM: selinux: fix off-by-one in setprocattr <Stephen Smalley> 2 months ago
cbe5087 : BACKPORT: UPSTREAM: sg_start_req(): make sure that there's not too many elements in iovec <Al Viro> 2 years, 1 month ago
 
**** cmold:android_kernel_oneplus_msm8996 ****
ebba2b9 : input: synaptics: Ditch oneplus virtual abs code <Willi Ye> 7 months ago
35cc568 : perf:arm64: fix lockdep warning when handling CPU_STARTING. <Yabin Cui> 5 months ago
244b831 : perf:arm64: fix pmu percpu irq handling at hotplug. <Yabin Cui> 8 months ago
42d9f73 : perf: arm64: fix RCU usage on pmu resume from low-power <Veena Sambasivan> 8 months ago
c44ed3d : perf: arm64: implement CPU_PM notifier <Veena Sambasivan> 8 months ago
2744baa : Revert "Perf: arm64: support hotplug and power collapse" <Veena Sambasivan> 8 months ago
f7c91cd : Revert "Perf: arm64: fix disable of pmu irq during hotplug" <Veena Sambasivan> 8 months ago
cc6a6a0 : Revert "Perf: arm64: restore registers after reset" <Veena Sambasivan> 8 months ago
a831293 : Revert "Perf: arm64: stop counters when going into hotplug" <Veena Sambasivan> 8 months ago
 
**** cmold:android_kernel_samsung_smdk4412 ****
5f96d9a : smdk4210: Add Pegasus governor support <Dominggoes Isakh> 8 days ago
 
**** cm:LineageOS/android_packages_apps_Browser ****
06a318d : Browser: Import incognito_mode_start_page resources <Adrian DC> 11 days ago
 
**** vanir:packages_apps_CarrierConfig ****
fd64a03 : Consider O2 and E-Plus as non-roaming <leskal> 2 weeks ago
14d3bb7 : Consider Q-TELECOM Greece as non-roaming <leskal> 2 weeks ago
 
**** vanir:packages_apps_CellBroadcastReceiver ****
4c0252f : CellBroadcastReceiver: fix channel 50 not disabling <João Paulo Just Peixoto> 2 weeks ago
 
**** vanir:packages_apps_Gallery2 ****
aad548e : Gallery2: support the newly added media file types in MTP mode <Jaesung Chung> 1 year, 1 month ago
99a5354 : Gallery2: Fix use of uninitialized stack variables <Greg Kaiser> 1 year, 1 month ago
7959af6 : Gallery2: Remove unused renderscript class <Arne Coucheron> 4 days ago
 
**** vanir:packages_apps_Messaging ****
469a8b2 : Revert "32807795  Security Vulnerability - AOSP Messaging App: thirdparty can" <DHOMD> 5 weeks ago
 
**** vanir:packages_apps_Nfc ****
3090980 : Nfc: Include android-support-v4 for the NXP stack <Adrian DC> 10 days ago
 
**** github:substratum/interfacer ****
754b6ea : restartService --> forceStopService <George G> 4 days ago
 
**** vanir:packages_services_Telephony ****
33e790d : VoicemailSettingsActivity: Fix NPE <Gabriele M> 3 weeks ago
9799368 : telephony: fix crash when missing simcard <Tom Powell> 3 weeks ago
 
**** github:TheMuppets/proprietary_vendor_google ****
b9d7b22 : marlin: update blobs from n2g47e <Dan Pasanen> 33 hours ago
 
**** cm:LineageOS/android_vendor_qcom_opensource_time-services ****
787f433 : Add a barrier for Marlin/Sailfish <DHOMD> 5 weeks ago
 
