
**** vanir:build ****
0880b4f : Build hacks <DHOMD> 9 months ago
 
**** vanir:device_google_marlin ****
02beb6a : Add a proper barrier and use vendor/caf/telephony <DHOMD> 4 months ago
7d16345 : Revert "marlin: disable our local telephony extensions" <DHOMD> 4 months ago
 
**** vanir:device_lge_g2-common ****
a522915 : g2-common: bluetooth: Enable WBS <Martin Hoffmann> 4 weeks ago
e33bd18 : g2-common: Force SCO WBS samplerate to 8kHz <KhabarlakKonstantin> 3 hours ago
 
**** cm:LineageOS/android_device_lge_msm8996-common ****
5670223 : msm8996: Add h870 and us997 to setup-makefiles guard <Rashed Abdel-Tawab> 3 hours ago
 
**** vanir:device_motorola_msm8226-common ****
8bf9cc9 : msm8226-common: sepolicy: Clean up <LuK1337> 10 days ago
 
**** cm:LineageOS/android_device_motorola_otus ****
3607eb5 : Otus: Fix FM Radio <DHOMD> 6 months ago
 
**** cm:LineageOS/android_device_oneplus_oneplus3 ****
23bcbdb : op3: Update from OB19 <dianlujitao> 3 days ago
9fd9351 : op3: Assert on modem build time-stamp <Luca Stefani> 3 months ago
ea2917a : recovery: Use project pathmap for recovery <Michael Bestas> 3 months ago
9fdd488 : op3: Calculate TrustZone size at runtime <dianlujitao> 6 months ago
2dd0506 : op3: Adapt recovery updater lib to new recovery code. <Danny Baumann> 11 months ago
8abb422 : op3: assert: Add support for bootdevice symlinks <Rashed Abdel-Tawab> 1 year, 10 months ago
f710096 : op3: Fix multi version TrustZone support <Ketut Putu Kumajaya> 2 years, 2 months ago
eb46898 : op3: Remove useless parameter <Ethan Chen> 2 years, 6 months ago
50b35b1 : op3: Add assertions on TrustZone version <Ethan Chen> 2 years, 6 months ago
 
**** cm:LineageOS/android_device_oppo_msm8974-common ****
bc4fa00 : Port from bacon: Add blob to decrypt full-disk encryption of /data. <J. Joe Feise> 8 months ago
 
**** vanir:device_samsung_manta ****
4f2199d : manta: use gts2-common widevine blob <Corinna Vinschen> 3 days ago
 
**** vanir:device_sony_fusion3-common ****
5da50f6 : fusion3: Clean up kernel cmdline <xboxfanj> 1 year, 6 months ago
 
**** vanir:frameworks_base ****
16c042a : ScreenCap : Add jpeg support <Danesh M> 2 years, 3 months ago
 
**** cmold:android_kernel_google_msm ****
6046979 : ipv4: keep skb->dst around in presence of IP options <Eric Dumazet> 5 months ago
383328a : ALSA: timer: Fix race between read and ioctl <Takashi Iwai> 6 weeks ago
0fad971 : ALSA: timer: Fix missing queue indices reset at SNDRV_TIMER_IOCTL_SELECT <Takashi Iwai> 6 weeks ago
b49074e : hid: usbhid: Changes to prevent buffer overflow <Sriharsha Allenki> 7 months ago
6f25be1 : udf: Check path length when reading symlink <Jan Kara> 2 years, 7 months ago
14d798d : USB: iowarrior: fix NULL-deref at probe <Johan Hovold> 4 months ago
4c83bc5 : USB: iowarrior: fix oops with malicious USB descriptors <Josh Boyer> 1 year, 4 months ago
39034b2 : Input: gtco - fix crash on detecting device without endpoints <Vladis Dronov> 1 year, 4 months ago
044c0da : Input: powermate - fix oops with malicious USB descriptors <Josh Boyer> 1 year, 4 months ago
5177232 : Input: ati_remote2 - fix crashes on detecting device with invalid descriptor <Vladis Dronov> 1 year, 4 months ago
 
**** vanir:kernel_lge_msm8974 ****
d617d7a : Remove double pointer null check in fbcmap.c <KhabarlakKonstantin> 27 hours ago
 
**** cmold:android_kernel_lge_msm8996 ****
372547c : g6_defconfig: Disable CONFIG_APSS_CORE_EA <Rashed Abdel-Tawab> 12 hours ago
20cb857a : g6_defconfig: Update defconfigs to match Lineage device trees <Rashed Abdel-Tawab> 13 hours ago
8ec0b78 : h870_defconfig: Initial defconfig <Rashed Abdel-Tawab> 13 hours ago
adfcbe5 : us997_defconfig: Initial defconfig <Rashed Abdel-Tawab> 13 hours ago
b7e9dc4 : h872_defconfig: Disable HSWAP and enable LZ4 compression <Paul Keith> 3 days ago
e626bd3 : msm: camera_v2: Fix bad ifdefs <Rashed Abdel-Tawab> 17 hours ago
 
**** cmold:android_kernel_sony_msm8x27 ****
627687e : defconfig: nicki: Remove CONFIG_NFS_FS <Adrian DC> 3 weeks ago
b3b88fc : time: Remove CONFIG_TIMER_STATS <Kees Cook> 5 months ago
9d4c90e : hrtimer: Set expiry time before switch_hrtimer_base() <Viresh Kumar> 3 years, 2 months ago
 
**** vanir:platform_manifest ****
2f5db07 : Remove ahbottomnavigation <Luca Stefani> 24 hours ago
 
**** vanir:packages_apps_Gallery2 ****
d9f1451 : Gallery: Fix potential crash <Michael W> 5 days ago
8af515d : Gallery2: Switch to navigationbar from support libs <Luca Stefani> 10 days ago
 
**** github:TheMuppets/proprietary_vendor_oneplus ****
c98fad7 : op3: Update to Open Beta 19 blobs <dianlujitao> 3 days ago
 
**** cm:LineageOS/android_vendor_qcom_opensource_time-services ****
740555a : Add a barrier for Marlin/Sailfish <DHOMD> 4 months ago
 
**** vanir:vendor_samsung ****
d517e86 : manta: update widevine <Paul Keith> 3 days ago
 
**** vanir:vendor_vanir ****
1f364fe : Script the Magisk fix <DHOMD> 34 minutes ago
 
