
**** vanir:build ****
d4db3f0 : Build hacks <DHOMD> 6 months ago
9c79c18 : Fix syntax <DHOMD> 8 hours ago
 
**** cm:LineageOS/android_device_cyanogen_msm8916-common ****
078c25f : msm8916-common: memory: Enable SVELTE memory configuration <Karthik Gopalan> 9 months ago
 
**** vanir:device_google_marlin ****
8e7fd92 : Add a proper barrier and use vendor/caf/telephony <DHOMD> 6 weeks ago
3b36d4a : Revert "marlin: disable our local telephony extensions" <DHOMD> 6 weeks ago
 
**** cm:LineageOS/android_device_lge_msm8996-common ****
6a7ea57 : msm8996: Add missing OMX blobs <Rashed Abdel-Tawab> 6 days ago
 
**** cm:LineageOS/android_device_motorola_otus ****
1153016 : Otus: Fix FM Radio <DHOMD> 3 months ago
 
**** cm:LineageOS/android_device_oneplus_oneplus3 ****
90d4bc5 : op3: Add missing & remove unused blobs <dianlujitao> 2 days ago
6fd6073 : op3: Sort blob list <dianlujitao> 2 days ago
0f16cda : op3: Update to OB14 blobs <dianlujitao> 2 days ago
5919338 : op3: use stock aptX libraries from ob14 <dh.harald> 3 days ago
 
**** cm:LineageOS/android_device_oppo_msm8974-common ****
aab44dd : Port from bacon: Add blob to decrypt full-disk encryption of /data. <J. Joe Feise> 5 months ago
 
**** vanir:frameworks_base ****
4fb6a6d : Keyguard: Move CAF strings to cm_strings.xml. <Danny Baumann> 3 weeks ago
 
**** cm:LineageOS/android_hardware_libhardware_legacy ****
372a36e : wifi: Change USES_TI_MAC80211 to a BoardConfig flag <Michael Bestas> 7 days ago
 
**** cmold:android_kernel_cyanogen_msm8916 ****
f011db4 : staging: prima: Update to LA.BR.1.2.9_rb1.15 <Michael Bestas> 20 hours ago
723fe360 : staging: prima: Update to LA.BR.1.2.9_rb1.14 <Louis Popi> 10 days ago
4ac305d : fscrypt: remove broken support for detecting keyring key revocation <Eric Biggers> 9 weeks ago
b7b92a9 : scsi: sg: check length passed to SG_NEXT_CMD_LEN <peter chang> 10 weeks ago
0af9bc9 : BACKPORT: sg: relax 16 byte cdb restriction <Douglas Gilbert> 2 years, 11 months ago
d3aad7ba : BACKPORT: block: add blk_rq_set_block_pc() <Jens Axboe> 2 years, 11 months ago
14b09ec : irda: Fix lockdep annotations in hashbin_delete(). <David S. Miller> 9 weeks ago
b93c5b8 : packet: fix races in fanout_add() <Eric Dumazet> 10 weeks ago
b5066ca : udp: properly support MSG_PEEK with truncated buffers <Eric Dumazet> 1 year, 4 months ago
20d6303 : BACKPORT: fs: limit filesystem stacking depth <Miklos Szeredi> 2 years, 6 months ago
402e83d : sdcardfs: limit stacking depth <Andrew Chant> 2 months ago
0a5a7fe : splice: Apply generic position and size checks to each write <Ben Hutchings> 2 years, 3 months ago
a2dce67 : ASoC: msm8x16-wcd: prevent out of bounds access <Aravind Kumar> 1 year, 11 months ago
7caf239 : ASoC: soc: msm: initialize buffer to prevent kernel data leakage <Xiaojun Sang> 4 months ago
5d98cf3 : msm: wlan: update regulatory database <Agrawal Ashish> 6 weeks ago
f51b0f3 : msm: vidc: Protect debug_buffer access in core_info_read with lock. <Abdulla Anam> 5 weeks ago
470bb8d : input: touchscreen: synaptics_dsx: Remove fw_update sysfs entries <Andrew Chant> 6 weeks ago
0da5a61 : ion: blacklist %p kptr_restrict <Nick Desaulniers> 7 months ago
281baa7 : soc: qcom: Do not clear segments if pil boot failed in memory allocation <Avaneesh Kumar Dwivedi> 5 weeks ago
7ce792a : soc: qcom: Skip clearing modem FW region post load failure <Avaneesh Kumar Dwivedi> 5 weeks ago
35a28c7 : ASoC : msm: qdsp6v2: set pointer to NULL after free. <Xiaojun Sang> 8 weeks ago
9e4e39b : msm: thermal-dev: Protect IOCTL from race condition <Ram Chandrasekar> 4 weeks ago
2809cb4 : ipv6: make unsolicited report intervals configurable for mld <Hannes Frederic Sowa> 3 years, 8 months ago
9fd4166 : ASoC: msm: qdsp6v2: Enable voice features for new voice sessions <Shiv Maliyappanahalli> 1 year, 11 months ago
797e568 : ANDROID: ion: check for kref overflow <Daniel Rosenberg> 5 months ago
de34875 : msm: camera: isp: fix for out of bound access array <Senthil Kumar Rajagopal> 7 weeks ago
f5158dc : soc: qcom: pil: Clear elf region on authentication failure <Gaurav Kohli> 9 weeks ago
b732fbc : msm: mdss: Fix fence installation when retire fence is skipped <Naseer Ahmed> 5 weeks ago
a079a71 : android: fiq_debugger: restrict access to critical commands. <Mark Salyzyn> 4 months ago
fecc981 : msm: mdss: fix race condition in mdp debugfs <Ingrid Gallardo> 8 weeks ago
fbf96e9 : usb: dwc3: Replace sscanf with kstrtou8_from_user <Liangliang Lu> 9 weeks ago
84e2302 : msm: IPA: add the check on intf query <Skylar Chang> 8 weeks ago
5caaeb2 : CHROMIUM: usb: gadget: configfs: Fix KASAN use-after-free <Jim Lin> 3 months ago
82e4750 : packet: fix race condition in packet_set_ring <Philip Pettersson> 5 months ago
c7b9d86 : mpi: Fix NULL ptr dereference in mpi_powm() [ver #3] <Andrey Ryabinin> 5 months ago
b61465b : input: synaptics: put offset checks under mutex. <Andrew Chant> 3 months ago
56c642e : input: touchscreen: synaptics: Remove fw_update sysfs entries <Andrew Chant> 9 weeks ago
 
**** vanir:platform_manifest ****
759ae51 : manifest: Track our external/libchrome <Paul Keith> 6 days ago
 
**** vanir:packages_apps_Messaging ****
7bec1fa : Revert "32807795  Security Vulnerability - AOSP Messaging App: thirdparty can" <DHOMD> 6 weeks ago
 
**** github:TheMuppets/proprietary_vendor_oneplus ****
2b571b4 : op3: Add missing & remove unused blobs <dianlujitao> 2 days ago
bc1b928 : op3: Update to OB14 blobs <dianlujitao> 2 days ago
 
**** cm:LineageOS/android_vendor_qcom_opensource_time-services ****
8346122 : Add a barrier for Marlin/Sailfish <DHOMD> 6 weeks ago
 
**** github:TheMuppets/proprietary_vendor_yu ****
f6b4c22 : Revert "tomato: Use bin/netmgrd from ASUS stock rom" <Michael Bestas> 9 hours ago
b72f5f1 : Revert "lettuce: Use bin/netmgrd from ASUS stock rom" <Michael Bestas> 20 hours ago
 
