
**** vanir:bionic ****
0d0b7a9 : linker: load shims prior to dt_needed check <jrior001> 10 days ago
938781e : Revert "bionic: Allow devices to add device specfic static libs" <Michael Bestas> 2 days ago
 
**** cm:CyanogenMod/android_bootable_recovery ****
f4f6705 : updater: Allow devices to suppress BLKDISCARD <andi34> 1 year, 5 months ago
c07204f : sr: Add performance control <Steve Kondik> 2 years, 7 months ago
 
**** cm:CyanogenMod/android_device_htc_hiae-common ****
e33d4b0 : Revert "hiae: amp: Disable TFA9895 DSP mode" <Ethan Chen> 6 months ago
9b817db : hiae: Add missing compress-offload-playback2 speaker path <Ethan Chen> 18 hours ago
8881827 : hiae: Don't advertise RAW/ULL output <Ethan Chen> 4 days ago
4a62f36 : hiae: Address more SELinux denials <Ethan Chen> 8 days ago
 
**** github:AndroidNoob69/android_device_oneplus_onyx ****
dfd3eb8 : onyx: Enable media extensions <Ashwin Ramesh> 6 days ago
c8b49c8 : sepolicy: add persist_block_device type <Carlsen Teo> 3 days ago
0bbe524 : Add full_onyx.mk + Force enable USB Debugging on boot <Carlsen Teo> 3 days ago
a649c61 : onyx: Enable media extensions <Ashwin Ramesh> 6 days ago
877e3f6 : BACKPORT: QCamera2: Set common ints in shared header. <Suman Mukherjee> 7 weeks ago
805439a : BACKPORT: QCamera2: Don't close duped native handles. <Suman Mukherjee> 9 weeks ago
6f32e77 : BACKPORT: QCamera2: HAL1: Flush pending video frames during stopRecording. <Suman Mukherjee> 4 months ago
d506a83 : BACKPORT: QCamera2: HAL1: Close duplicated FD's for media extension. <Suman Mukherjee> 4 months ago
a366c1c : BACKPORT: QCamera2: HAL1: Update native handle for every timestamp callback <Suman Mukherjee> 4 months ago
2e83a19 : Sepolicies for N <Ashwin Ramesh> 6 days ago
144d31c : [TEMP]: N bringup <Ashwin Ramesh> 7 weeks ago
4496f7c : onyx: Hack GPS for N <Ashwin Ramesh> 6 days ago
a863358 : onyx: Enable Sensors work around for pre N sensor blobs <Ashwin Ramesh> 5 weeks ago
3856855 : Revert "onyx: Reenable the QC location stack" <Ashwin Ramesh> 4 weeks ago
584c0c5 : onyx: Add missing CameraParameters <Ashwin Ramesh> 5 weeks ago
43fd238 : onyx: Define service for rild <Ashwin Ramesh> 6 weeks ago
ec78b7f : onyx: init: Update for N <Ashwin Ramesh> 7 weeks ago
4f1d2c0 : onyx: bluetooth: Our kernel is missing CLOCK_BOOTTIME_ALARM (alarmtimer) <Chirayu Desai> 8 weeks ago
b42f4d1 : onyx: Delete /mnt/sdcard symlink <Nick Kralevich> 6 months ago
6d889c4 : onyx: Delete dhcpcd init entries, since dhcpcd is no more. <Lorenzo Colitti> 8 months ago
8ce8084 : onyx: Update blob listing <Ashwin Ramesh> 9 days ago
1fea5d1 : onyx: Switch to prebuilt libril <Ashwin Ramesh> 8 days ago
295aafa : onyx: Don't use QC telephony plugin <Ashwin Ramesh> 8 days ago
5d4de7f : onyx: wifi: Update Configuration <Ashwin Ramesh> 8 days ago
f72a051 : onyx: Update thermal-engine path <Ashwin Ramesh> 8 days ago
d74a23f : onyx: camera: Fix Warnings <Ashwin Ramesh> 8 days ago
088e49c : onyx: camera: Project pathmap changes <Ashwin Ramesh> 8 days ago
3821c04 : onyx: Use OSS Camera HAL <Ashwin Ramesh> 8 days ago
6cf3b95 : onyx: Remove dtbtoolonyx <Ashwin Ramesh> 9 days ago
5b0f0ed : onyx: Enable blur <Steve Kondik> 2 months ago
a3ec445 : onyx: Remove healthd extension <Ashwin Ramesh> 9 weeks ago
f8857e1 : onyx: Drop stlport <Ashwin Ramesh> 9 days ago
e20c724 : onyx: Drop all the shims <Ashwin Ramesh> 9 days ago
ad929f0 : onyx: configs: Update from OOS 3.1.3 <Ashwin Ramesh> 9 days ago
c1b7028 : onyx: audio: Update config from OOS 3.1.3 <Ashwin Ramesh> 9 days ago
 
**** vanir:device_oppo_common ****
d0d86d6 : ConfigPanel: add Settings search indexing <Roman Birg> 10 weeks ago
 
**** cm:CyanogenMod/android_device_oppo_msm8974-common ****
1737d8a : msm8974: Update DRM blobs <Michael Bestas> 4 weeks ago
a5ad957 : msm8974: Mount debugfs on early-init <Zhao Wei Liew> 3 weeks ago
 
**** vanir:device_samsung_klte-common ****
c610224 : klte-common: Add additional BT firmwares to proprietary files <Kevin F. Haggerty> 2 days ago
a7ddeef : klte-common: Add BOARD_HAVE_SAMSUNG_BLUETOOTH flag <Kevin F. Haggerty> 2 days ago
6051f0c : klte-common: Fix proprietary files list <Kevin F. Haggerty> 3 days ago
fad2a8a : klte-common: Put common graphics import into -common makefile <Kevin F. Haggerty> 3 days ago
a971342 : klte-common: init updates for power and thermal <OzzysCmAcc> 6 days ago
4008d31 : klte-common: update blob list for mm blobs <OzzysCmAcc> 6 days ago
 
**** vanir:device_samsung_manta ****
5c0067f : manta: build dumpstate as c++ <Menno van Grinsven> 5 weeks ago
3cc0dbf : updater: Switch to C++ and fix the build. <Tao Bao> 1 year, 2 months ago
658d3ef : seplicy:catch up with AOSP master branch modifications <Maxime Poulain> 7 months ago
f68fbd7 : catch up health's modification with master branch <Maxime Poulain> 7 months ago
c9d759f : BoardConfig: Switch to malloc_svelte <Tetsuo Osaka> 3 days ago
73bd696 : Drop smdk5250 files <Tetsuo55> 9 days ago
1095f34 : BoardConfig: Drop BOARD_USES_GENERIC_AUDIO <Tetsuo55> 8 days ago
367a58e : BoardConfig: Update comments <Tetsuo55> 8 days ago
f5716de : Sepolicy deny fixes for init <Tetsuo55> 11 days ago
9bf12ae : Fix "error: use of undeclared identifier 'memset'". <Elliott Hughes> 1 year, 9 months ago
87c2a94 : Add missing include. <Elliott Hughes> 1 year, 8 months ago
10101ed : Avoid ro->rw->ro mounts for /factory <Nick Kralevich> 2 years ago
6ef7d2e : Cleanup Obsolete LOCAL_PRELINK_MODULE. <Ying Wang> 1 year, 10 months ago
8841e2f : manta: label boot block device <Nick Kralevich> 1 year, 8 months ago
a7ff6d4 : Assign specific type to metadata block device. <Stephen Smalley> 2 years ago
d0daac5 : Assign specific types to system and recovery block devices. <Stephen Smalley> 2 years, 1 month ago
95f4b9e : Update fingerprint to LMY49J <Tetsuo55> 11 days ago
e3bd2f1 : BoardCondig.mk Drop depreciated flags <Tetsuo55> 13 days ago
f9f2751 : Don't use the CM charger <Scott Warner> 6 weeks ago
 
**** vanir:device_xiaomi_cancro ****
4b09631 : cancro: bluetooth: update bdroid buildcfg <Joey Rizzoli> 12 days ago
c570140 : cancro: Cleanup init.qcom.bt.sh <Michael Bestas> 12 days ago
d32bbc4 : cancro: add shared blobs <Joey Rizzoli> 4 days ago
faa70f4 : cancro: update blobs extraction files <Joey Rizzoli> 2 weeks ago
38a7dbb : Revert "cancro: remove debugfs mounting" <Joey Rizzoli> 2 weeks ago
31c3b43 : cancro: remove lpcm media profile <Dan Pasanen> 2 weeks ago
12746b0 : cancro: remove context from firmware <Joey Rizzoli> 2 weeks ago
ed13d2c : cancro: removed unused encryption flag <Joey Rizzoli> 2 weeks ago
19cdab8 : cancro: update sdcardfs prop for n <Joey Rizzoli> 2 weeks ago
f271435 : cancro: init: cleanup <Joey Rizzoli> 2 weeks ago
5698855 : cancro: lower recovery assets resolution to fit partition size <Joey Rizzoli> 2 weeks ago
8e313a5 : cancro: init: Explicitly include unistd.h <Kevin F. Haggerty> 2 weeks ago
cbe2f11 : cancro: Enable platform text relocations <LuK1337> 2 weeks ago
19a806d : bluetooth: Our kernel is missing CLOCK_BOOTTIME_ALARM  (alarmtimer) <Chirayu Desai> 2 weeks ago
889ab16 : cancro: recovery_updater to cpp <Joey Rizzoli> 2 weeks ago
9f1c2d1 : cancro: COMMON_GLOBAL_CFLAGS to BOARD_GLOBAL_CFLAGS <Joey Rizzoli> 2 weeks ago
6341ba8 : cancro: remove dhcpcd <Joey Rizzoli> 2 weeks ago
7ed5d4b : cancro: Remove unneeded CLANG flag <Luca Stefani> 8 weeks ago
e220100 : cancro: Delete /mnt/sdcard symlink <Nick Kralevich> 2 weeks ago
 
**** vanir:external_icu ****
7b4f34b : icu: Regenerate ICU data <Michael Bestas> 2 days ago
 
**** vanir:frameworks_base ****
1d475ba : SystemUI: fix navbar drawing glitch <Matthias Yzusqui> 4 weeks ago
a95ee9f : PowerManager: Add proximity check on wake <Danesh M> 2 years, 4 months ago
cac7ffc : BluetoothAdapter: disable logspew <Alexander Martinz> 1 year, 4 months ago
095f9ea : SystemUI: Use Tuner API for CM settings <Zhao Wei Liew> 11 days ago
d0adc72 : systemui: Tweak the media queue UX <Steve Kondik> 4 days ago
84b06b5 : SystemUI: tuner: Allow Tuner API for System settings <Zhao Wei Liew> 5 days ago
71490dc : Revert "Add support for sending raw commands" <Steve Kondik> 4 days ago
821f8fe : SystemUI: make sure to expand all the way when flinging <Roman Birg> 9 months ago
4746e9c : Do not scan a file which cannot be read <Bartosz Bialek> 2 years ago
4608a60 : Should use scan flag, or it will not scan device. <guotao.deng> 8 months ago
71c3a63 : MediaScanner: Detect folders <Stephen Bird> 1 year, 4 months ago
6101526 : Add support for sending raw commands <Steve Kondik> 3 years, 6 months ago
866b194 : Properly handle null URIs. <Danny Baumann> 2 years, 10 months ago
58cc1bd : MiniThumbFile: Fix image/bitmap retrieval <Ricardo Cerqueira> 3 years ago
0fed1d8 : Rework thumbnail handling <fun> 3 years, 8 months ago
 
**** vanir:frameworks_native ****
a93dbeb : Revert "Revert "input: Adjust priority"" <Steve Kondik> 4 days ago
a58a9e0 : Revert "libgui: Provide M-compatible sensors ABI" <Michael Bestas> 2 days ago
 
**** cm:CyanogenMod/android_hardware_qcom_display ****
4c081f6 : hwc: Set ioprio for vsync thread <Steve Kondik> 1 year, 1 month ago
 
**** vanir:hardware_samsung ****
ae50788 : macloader: add another semco3rd OUI for klte (SM-G900F) <Cal Archer> 3 days ago
 
**** vanir:platform_manifest ****
d622b1c : Use clone-depth="1" for all pre-built projects. <Xin Li> 10 months ago
 
**** cm:CyanogenMod/android_packages_apps_AudioFX ****
98931b9 : AudioFX: fix missing virtualizer <Roman Birg> 6 weeks ago
 
**** vanir:packages_apps_Bluetooth ****
73f1cec : Bluetooth: Move & improve caf strings <Michael Bestas> 11 months ago
eec9e74 : [2/3]Bluetooth: add "Accept all files" option for incoming files <Hamster Tian> 2 years, 6 months ago
d2f3fdc : bluetooth: Disable logspam from GattService <Steve Kondik> 4 days ago
3375584 : Kill logspam during battery level events <Steve Kondik> 4 days ago
446714d : bluetooth: Tone down the logspam <Christopher R. Palmer> 1 year, 9 months ago
 
**** vanir:packages_apps_CellBroadcastReceiver ****
c772391 : Themes: Expose hardcoded styles and colors for themes <Bryan Owens> 10 months ago
e39ce5f : Hide CMAS dev options in user builds <Luis Vidal> 8 months ago
 
**** vanir:packages_apps_DeskClock ****
f1d91c1 : Make new menu entry to link to cLock widget settings. <Martin Brabham> 1 year, 6 months ago
 
**** vanir:packages_apps_PackageInstaller ****
6c84557 : Hide toast windows when permissions UI shown <Svetoslav Ganov> 3 months ago
 
**** vanir:packages_apps_Settings ****
695ef5f : settings: Remove lock screen blur stuff breaking build <Arne Coucheron> 2 days ago
8dec027 : Settings: Add toggles for several CM additions <Zhao Wei Liew> 10 days ago
 
**** vanir:packages_apps_WallpaperPicker ****
8164b5c : Update the WallpaperPicker <Steve Kondik> 4 days ago
 
**** vanir:system_core ****
6b71e30 : init: Add support for kernels that don't have finit_module <DodoGTA GT> 2 days ago
 
**** cm:CyanogenMod/cm_platform_sdk ****
32921b7 : cmsdk: Fix lint warning in string conversion <Tetsuo55> 25 hours ago
5d787c2 : cmsdk: preference: Add SecureSettingSwitchPreference <Zhao Wei Liew> 5 days ago
 
**** vanir:vendor_huawei ****
ce661b9 : Re-re-extractor <DHOMD> 4 days ago
 
**** github:TheMuppets/proprietary_vendor_oppo ****
c186376 : find7/n3: Use bacon libmmcamera_faceproc <Michael Bestas> 4 weeks ago
029d04b : msm8974: Update DRM blobs <Michael Bestas> 4 weeks ago
 
**** vanir:vendor_samsung ****
8dbcd68 : klte-common: update blobs from mm package <OzzysCmAcc> 6 days ago
144c8cb : klte-common: minimal mm blobs for mm kernel <OzzysCmAcc> 2 weeks ago
3ca0fdc : klte-common: update blobs from mm package <OzzysCmAcc> 6 days ago
1a59555 : klte-common: Use Bacon Adreno <Paul Keith> 10 days ago
60eb974 : klte-common: Update WiFi blobs <Kevin F. Haggerty> 7 days ago
98de30c : d2: Kang rmt_storage from deb <Paul Keith> 9 days ago
c2e1c86 : klte: Remove FPS Blobs <Paul Keith> 3 weeks ago
ad4f22c : zero: Add blobs needed for camera <Brandon McAnsh> 8 weeks ago
c6957ab : jf: Set up package target for libtime_genoff <Zhao Wei Liew> 8 weeks ago
83c71be : jf: Update blobs <Zhao Wei Liew> 7 weeks ago
726be83 : zero: Update to generic extract files <Brandon McAnsh> 8 weeks ago
 
**** vanir:vendor_vanir ****
f28373e : bottleservice: `` => $() <nuclearmistake> 35 hours ago
f5ce40a : cm: Re-add WallpaperPicker <Steve Kondik> 4 days ago
 
