
**** vanir:build ****
6b43282 : Build hacks <DHOMD> 10 months ago
 
**** vanir:device_google_marlin ****
36b180c : Add a proper barrier and use vendor/caf/telephony <DHOMD> 5 months ago
5073630 : Revert "marlin: disable our local telephony extensions" <DHOMD> 5 months ago
 
**** vanir:device_htc_m8 ****
3d9f084 : m8: Compile libril with GCC instead of Clang <Bruno Martins> 13 days ago
1c05aef : m8: Compile libc with GCC instead of Clang <pstrangwrzekle> 9 months ago
fcd2ac9 : m8: Switch to source-built RIL <Bruno Martins> 8 months ago
 
**** cm:LineageOS/android_device_htc_msm8974-common ****
843933f : msm8974-common: Fix crashing RIL with Clang libc <Willi Ye> 1 year, 5 months ago
e58368b : msm8974-common: Move GCC libc hax to devices <Bruno Martins> 7 months ago
6defcbc : msm8974-common: Use shim for extra RIL symbol <Christopher R. Palmer> 8 months ago
2d23d9b : msm8974-common: Use CAF RIL variant <Ethan Chen> 8 months ago
 
**** cm:LineageOS/android_device_motorola_otus ****
2d9e42e : Otus: Fix FM Radio <DHOMD> 7 months ago
 
**** cm:LineageOS/android_device_oneplus_oneplus3 ****
6912c56 : op3: Address wcnss_service denial <dianlujitao> 16 hours ago
51813e8 : op3: Update blobs from OB22 / OB13 <dianlujitao> 16 hours ago
 
**** cm:LineageOS/android_device_oppo_msm8974-common ****
c7a0ed8 : Port from bacon: Add blob to decrypt full-disk encryption of /data. <J. Joe Feise> 9 months ago
 
**** vanir:device_sony_fusion3-common ****
6070005 : fusion3: drm: Update widevine from gts2 (N920C) <Paul Keith> 5 months ago
95fa1a2 : fusion3: enable blur <ZeeLog> 7 months ago
b200204 : fusion3: use wildcard match for fstab <Hamster Tian> 2 years, 7 months ago
c63ffa7 : fusion3: Improve the fstab <AdrianDC> 1 year, 11 months ago
2747f21 : fusion3: bluetooth: Set bluetooth HFP version to 1.6 <Arne Coucheron> 3 months ago
 
**** cm:LineageOS/android_hardware_qcom_audio ****
1087b37 : hal: fix acdb data corruption when both voice and voip are active <Zhou Song> 4 months ago
 
**** cmold:android_kernel_cyanogen_msm8916 ****
b5ebd72 : input: touchscreen: gt9xx_hq: remove data pointer from driver structure <Shantanu Jain> 6 months ago
aaa8c9d : input: touchscreen: gt9xx_hq: fix memory corruption in Goodix driver <Vevek Venkatesan> 7 months ago
 
**** cmold:lge-kernel-mako ****
5b3fcb8 : BACKPORT: ASoC: msm: qdsp6: set pointer to NULL after free. <Xiaojun Sang> 6 months ago
ac8b4b8 : BACKPORT: ASoC: msm: qdsp6v2: set pointer to NULL after free. <Xiaojun Sang> 6 months ago
 
**** vanir:vendor_htc ****
fc01439 : m8/m8d: Switch to source-built RIL <Bruno Martins> 8 months ago
 
**** github:TheMuppets/proprietary_vendor_oneplus ****
564b739 : op3: Update to OB22 / OB13 blobs <dianlujitao> 10 hours ago
5ace225 : cheeseburger: include libhwdaphal <codeworkx> 14 hours ago
 
**** cm:LineageOS/android_vendor_qcom_opensource_time-services ****
e61ad7e : Add a barrier for Marlin/Sailfish <DHOMD> 5 months ago
 
**** vanir:vendor_sony ****
32903c6 : fusion3: Use cancro mm fm patch downloader <RonGokhale> 1 year, 4 months ago
c391aa9 : fusion3: Update libacdbloader and libcsd-client <Chippa-a> 4 months ago
4cb0768 : fusion3: Update blobs to latest 10.7.A.0.228 <Chippa-a> 4 months ago
d38cd9d : fusion3: drm: Update widevine from gts2 (N920C) <Paul Keith> 5 months ago
9ac5bbc : fusion3: Add blur blob <RonGokhale> 1 year, 1 month ago
 
