
**** vanir:build ****
28aa86f : Build hacks <DHOMD> 8 months ago
762ca4d : Disable recovery resource warning <Sean hoyt> 9 weeks ago
 
**** vanir:device_google_marlin ****
3de81ed : Add a proper barrier and use vendor/caf/telephony <DHOMD> 3 months ago
195c006 : Revert "marlin: disable our local telephony extensions" <DHOMD> 3 months ago
 
**** vanir:device_htc_flounder ****
bf98095 : flounder: remove discard flag from fstab <Hashbang173> 6 hours ago
f662225 : flounder: support f2fs on cache <Hashbang173> 6 hours ago
536d408 : flounder: update verity fstab from AOSP <Hashbang173> 6 hours ago
 
**** cm:LineageOS/android_device_htc_pme ****
3489321 : pme: Fix HDMI permissions <Christopher R. Palmer> 32 hours ago
313d8eb : pme: sepolicy: Allow priv_app to access adsp <Christopher R. Palmer> 4 weeks ago
831a5b0 : pme: sepolicy: Allow kernel to read rtg_3 <Christopher R. Palmer> 6 weeks ago
 
**** cm:LineageOS/android_device_motorola_otus ****
9098e7a : Otus: Fix FM Radio <DHOMD> 5 months ago
 
**** vanir:device_oneplus_bacon ****
63e7ca6 : bacon: restore libcneapiclient.so <Simon Shields> 2 weeks ago
79a55e7 : bacon: set INITIAL_COPYRIGHT_YEAR <Simon Shields> 2 weeks ago
 
**** cm:LineageOS/android_device_oppo_find7-common ****
9f76495 : find7: Enforce vendor tree presence <Christopher N. Hesse> 9 weeks ago
 
**** cm:LineageOS/android_device_oppo_msm8974-common ****
5cbbf50 : Port from bacon: Add blob to decrypt full-disk encryption of /data. <J. Joe Feise> 7 months ago
7671cea : msm8974: Enforce vendor tree presence <Christopher N. Hesse> 9 weeks ago
8f2d7a7 : msm8974: Remove non existant qcom_oncrpc group UID <Christopher N. Hesse> 10 weeks ago
 
**** cm:LineageOS/android_device_oppo_n3 ****
3abd5a4 : n3: Enforce vendor tree presence <Christopher N. Hesse> 9 weeks ago
 
**** vanir:device_samsung_klte ****
9a965d0 : klte: libinit: Update build fingerprints for all SKUs <Kevin F. Haggerty> 17 hours ago
 
**** vanir:device_samsung_klte-common ****
25f75c0 : klte-common: bluetooth: Enable WBS <Martin Hoffmann> 22 hours ago
 
**** cm:LineageOS/android_device_samsung_kltedv ****
ca7150f : kltedv: libinit: Update build fingerprint <Kevin F. Haggerty> 15 hours ago
 
**** cm:LineageOS/android_device_samsung_kltespr ****
f920941 : kltespr: libinit: Update build fingerprint <Kevin F. Haggerty> 15 hours ago
 
**** vanir:frameworks_base ****
7ae6785 : SystemUI: Fix task lock & freeform buttons placement <LuK1337> 26 hours ago
84e6fa9 : [1/3] Torch long press power: add auto-off function <Sam Mortimer> 6 months ago
4570384 : Aapt2: Fix png leak <Andreas Gampe> 8 weeks ago
f35e01c : Destroy Allocation right away on exception <Yang Ni> 8 weeks ago
85090f4 : SymbolComparator operator() is missing const <Yi Kong> 7 weeks ago
bab2a83 : StatusBar: Catch OOM caused by third-party icons <Adrian Roos> 5 months ago
f3c8597 : Adopt lockscreen shortcut hint from AOSP <Sebastian Haderecker> 10 weeks ago
f077227 : CaptivePortalLoginActivity correctly gets UserAgent <Hugo Benichi> 4 months ago
58800f6 : Prettify the captive portal sign-in activity <Hugo Benichi> 5 weeks ago
a6a5763 : LocationTile: Behave like other tiles <Michael W> 8 days ago
 
**** vanir:hardware_qcom_display ****
f3072db : hwcomposer: Fix regression in hwc_sync <Alex Naidis> 6 months ago
 
**** cm:LineageOS/android_hardware_qcom_display ****
38e457c : hwcomposer: Fix regression in hwc_sync <Alex Naidis> 6 months ago
 
**** cm:LineageOS/android_hardware_qcom_display ****
6700612 : hwcomposer: Fix regression in hwc_sync <Alex Naidis> 6 months ago
 
**** cm:LineageOS/android_hardware_qcom_display ****
24176c9 : hwcomposer: Fix regression in hwc_sync <Alex Naidis> 6 months ago
 
**** cm:LineageOS/android_hardware_qcom_display ****
023758b : hwcomposer: Fix regression in hwc_sync <Alex Naidis> 6 months ago
 
**** vanir:hardware_samsung ****
e95e9c3 : liblights: Fix fast blinking notification LEDs. <Jason Vidal> 10 days ago
 
**** cmold:android_kernel_htc_flounder ****
2003ee9 : ANDROID: sdcardfs: remove dead function open_flags_to_access_mode() <Greg Hackmann> 5 weeks ago
 
**** cmold:android_kernel_samsung_smdk4412 ****
e0df81b : cypress: BLN: Remove timeout condition for breathing bln-wakelock <Dominggoes Isakh> 11 hours ago
 
**** cmold:android_kernel_xiaomi_msm8992 ****
bb206af : drivers: synaptics_dsx_libra: remove edge touch support <Demon000> 10 days ago
 
**** vanir:packages_apps_CMParts ****
eab1c5d : [3/3] Torch long press power: add auto-off function <Sam Mortimer> 6 months ago
e8a2f89 : CMParts: Rename button action list handlers <Sam Mortimer> 3 months ago
 
**** vanir:packages_apps_Messaging ****
01f84b7 : Revert "32807795  Security Vulnerability - AOSP Messaging App: thirdparty can" <DHOMD> 3 months ago
 
**** vanir:packages_apps_Settings ****
e226952 : Settings: handle decrypting larger pattern sizes for sw600dp <Michael Bestas> 28 hours ago
 
**** vanir:system_core ****
fdea661 : init: Run restorecon_recursive asynchronously <Tom Marshall> 11 days ago
 
**** vanir:vendor_cmsdk ****
bdea7f5 : [2/3] Torch long press power: add auto-off function <Sam Mortimer> 6 months ago
 
**** cm:LineageOS/android_vendor_qcom_opensource_time-services ****
2eea224 : Add a barrier for Marlin/Sailfish <DHOMD> 3 months ago
 
