
**** vanir:build ****
f8f2b59 : Build hacks <DHOMD> 3 months ago
 
**** vanir:device_huawei_angler ****
a0e850f : I need a quieter lawn mover or a louder phone <DHOMD> 10 days ago
bb13a82 : Update IMS paths in init.angler <DHOMD> 4 weeks ago
 
**** vanir:device_huawei_kiwi ****
801207e : kiwi: proprietary: Add kiw variant sound_param files <Christopher R. Palmer> 24 hours ago
7bb6c2a : kiwi: Dynamically load the correct path for HUAWEI_SOUND_PARAM_PATH <Christopher R. Palmer> 30 hours ago
cbec1c4 : kiwi: Only set telephony.lteOnCdmaDevice for CDMA devices <Christopher R. Palmer> 7 days ago
 
**** vanir:device_lge_f400 ****
ab5df1d : f400: lunch target: cm->lineage <Hendrik Hagendorn> 25 hours ago
 
**** vanir:device_moto_shamu ****
3ccd4c4 : audio: fix headset + speaker path <Eric Laurent> 2 months ago
a49600d : Xtra Patch - https <Wyatt Riley> 3 months ago
2538a1c : Separate ambient display triggers <Adrian Roos> 3 months ago
a5eb0b1 : Revert "shamu: add location API" <Patrick Tjin> 3 months ago
921546b : Update blobs to reflect QXDM logger change <Bill Yi> 3 months ago
b76d411 : shamu: remove discard in fstab <Wei Wang> 5 months ago
c6efa5d : Disable QXDM Logger for AOSP Shamu build <Ecco Park> 3 months ago
5b3d406 : QCamera2: stack: Time out if wait_for_event takes too long <Shuzhen Wang> 4 months ago
e25bd40 : Allow shell to access battery info <Patrick Tjin> 4 months ago
4cf50f3 : Revert "Revert "Path fix for backend connection to FE upon call disconnection"" <Eric Laurent> 4 months ago
deda7a6 : Revert "Path fix for backend connection to FE upon call disconnection" <Pat Tjin> 4 months ago
0658344 : Fix support for UNPROCESSED audio sources <rago> 4 months ago
6376cf2 : Fix support for UNPROCESSED audio sources <rago> 4 months ago
3112ad5 : Path fix for backend connection to FE upon call disconnection <Jean-Michel Trivi> 4 months ago
6fdd734 : shamu: Set default values for audio HAL. <Vineeta Srivastava> 4 months ago
a02879f : shamu: remove discard in fstab <Wei Wang> 5 months ago
f736f88 : Ensure device does not use "allow hold" carrier config option. <Tyler Gunn> 5 months ago
f995806 : DO NOT MERGE - Make Shamu stop using SUPL <Robert Greenwalt> 5 months ago
6bd2972 : Revert "Add Wearable node.db to Shamu dumpstate." <Calvin On> 5 months ago
18413ed : Revert "Add Wearable node.db to Shamu dumpstate." <Calvin On> 5 months ago
3624be3 : Enabling 24 bit profile for audio capture <rago> 6 months ago
9673a92 : Add Wearable node.db to Shamu dumpstate. <Calvin On> 7 months ago
cf3efea : audio: set proper flags for QCOM preprocessing <Eric Laurent> 7 months ago
7047254 : Revert "Dump Wearable/Google info for Shamu." <Calvin On> 7 months ago
721a883 : Dump Wearable/Google info for Shamu. <Calvin On> 7 months ago
 
**** cm:LineageOS/android_device_oppo_msm8974-common ****
77b0729 : Port from bacon: Add blob to decrypt full-disk encryption of /data. <J. Joe Feise> 7 weeks ago
 
**** vanir:frameworks_av ****
7a17a62 : Revert "Revert "Stagefright: Allow setting high-framerates in CameraSource"" <Michael Bestas> 4 weeks ago
 
**** vanir:frameworks_base ****
e1247c3 : core: Fix camel case <Michael Bestas> 8 hours ago
8faece0 : SystemUI: remove 'hide clock' option from clock position tunable <Hendrik Hagendorn> 4 weeks ago
24bb6b4 : Update APIs for building aapt aaot <DHOMD> 4 days ago
54f4e66 : OMS7-N: ApplicationsState: add filter for Substratum icon overlays [1/2] <Kuba Schenk> 5 weeks ago
3669db7 : Revert "N-Extras: Add dynamic theme BootAnimation support" <DHOMD> 4 days ago
6bd9692 : Likely break things to fix substratum builds <DHOMD> 10 days ago
7b6eee5 : OMS: Introduce MODIFY_OVERLAYS permission for user apps <bigrushdog> 3 weeks ago
6cc4d1a : Themes: Expose QS battery <Abdulwahab Isam> 3 months ago
e462692 : OMS7-N: ApplicationsState: add filter for Substratum overlays [1/2] <George G> 6 months ago
bbd2deb : N-Extras: AudioService: Allow system effect sounds to be themed <Nicholas Chum> 6 months ago
6a2738b : N-Extras: Add dynamic theme fonts support <0xD34D> 7 months ago
b534cf9 : N-Extras: Add dynamic theme BootAnimation support <0xD34D> 7 months ago
9ce9735 : SystemUI: Use own drawables for QS expand icon <Ivan Iskandar> 5 weeks ago
47e1a43 : OMS7 compatible 'Ambient notification inversion' <George G> 8 weeks ago
2013b46 : Allow prevention of doze notification color inversion <Daniel Koman> 1 year, 9 months ago
4a80d4b : Notification dynamic colors bool compatible with OMS7 <George G> 8 weeks ago
2b2e81f : Notifications: Expose a bool to disable dynamic colors <Nicholas Chum> 4 months ago
7d3d050 : Themes: Expose various QuickSettings text colors <Niklas Schnettler (Sh4dowSoul)> 3 months ago
9236596 : Allow custom alpha for notification shade bg color <Simao Gomes Viana> 6 weeks ago
792995a : SystemUI: Expose QS edit item decoration background color <Ivan Iskandar> 4 months ago
31e5ffc : Themes: Allow Navbar ripple color to be themed <Dave Kover> 9 months ago
1601c14 : Themes: Allow Permission Icons to be fully themed <Nicholas Chum> 1 year, 2 months ago
bed0d7d : Themes: Allow Immersive cling colors to be fully themed <Nicholas Chum> 1 year, 2 months ago
8cde51f : Themes: Expose resolver hardcoded colors <Dave Kover> 4 weeks ago
5efeadf : OMS7-N: Implement multi-target enable/disable and disable-all [11/11] <Jacob McSwain> 7 months ago
6a3a327 : OMS7-N: Do not enforce code policy limiting overlay installation [10/11] <Nicholas Chum> 2 months ago
e67cbde : OMS7-N: Persistence on boot through OverlayManagerServiceImpl [9/11] <Nicholas Chum> 7 months ago
1999b63 : OMS7-N: Disable Zygote preloaded drawables [8/11] <Josh Guilfoyle> 6 years ago
2c624ce : OMS7-N: installd: add command 'rmidmap' [7/11] <Mårten Kongstad> 7 months ago
eae8384 : OMS7-N: Fix memory leak during idmap creation [6/11] <Mårten Kongstad> 7 months ago
5c865a6 : OMS7-N: idmap: suppress print for padded resources [5/11] <Mårten Kongstad> 10 months ago
5026094 : OMS7-N: Set EXTRA_REPLACING correctly in ACTION_PACKAGE_ADDED [4/11] <Mårten Kongstad> 9 months ago
0812daa : OMS7-N: Integrate OverlayManagerService into framework [3/11] <Mårten Kongstad> 7 months ago
ad4f101 : OMS7-N: Introduce the OverlayManagerService [2/11] <Mårten Kongstad> 1 year, 1 month ago
a01af2a : OMS7-N: Support tagging resources as OK to overlay [1/11] <Mårten Kongstad> 1 year, 1 month ago
 
**** vanir:frameworks_native ****
8be0608 : OMS-N: installd: add command 'rmidmap' <Mårten Kongstad> 1 year, 1 month ago
45fdfdd : OMS7-N: installd: add command 'rmidmap' <Mårten Kongstad> 1 year, 1 month ago
 
**** cmold:android_kernel_huawei_kiwi ****
441bcd5 : msm: sensor: validate the i2c table index before use <Suman Mukherjee> 4 weeks ago
cbf802c : kiwi: camera: Remove a little huawei stuff <Michael W> 4 weeks ago
df16b2d : usb: gadget: f_mbim: Change %p to %pK in debug messages <Min Chong> 3 months ago
4f01a39 : netfilter: Change %p to %pK in debug messages <Min Chong> 3 months ago
2bca122 : drivers: video: Add bounds checking in fb_cmap_to_user <Steve Pfetsch> 4 weeks ago
6d3e685 : msm: mdss: hide kernel addresses from unprevileged users <Abhijit Kulkarni> 4 weeks ago
387af35 : net: ping: Fix stack buffer overflow in ping_common_sendmsg() <Siqi Lin> 3 months ago
74ff79a : arm64: make sys_call_table const <Mark Rutland> 4 weeks ago
a9b0160 : ASoC: msm: lock read/write when add/free audio ion memory <Walter Yang> 4 weeks ago
76711f2 : perf: protect group_leader from races that cause ctx double-free <John Dias> 4 weeks ago
a7e03cc : perf: Fix event->ctx locking <Peter Zijlstra> 4 weeks ago
4d9205f : staging/android/ion : fix a race condition in the ion driver <Eun Taik Lee> 4 weeks ago
 
**** vanir:kernel_moto_shamu ****
3118fef : perf: don't leave group_entry on sibling list (use-after-free) <John Dias> 8 weeks ago
3887caa : UPSTREAM: ring-buffer: Prevent overflow of size in ring_buffer_resize() <Steven Rostedt (Red Hat)> 8 months ago
200e683 : net: wireless: bcmdhd: fix buffer overrun in private command path <Insun Song> 2 months ago
bf76995 : net: wireless: bcmdhd: fix buffer overrun in anqpo config <Insun Song> 8 weeks ago
09a0592 : net: wireless: bcmdhd: Fix up the BRCM wifi DHD code <Sudhir Kohalli> 10 weeks ago
265bfb6 : net: wireless: bcmdhd: fix buffer overrun in wl_cfgvendor_hotlist_cfg <Insun Song> 9 weeks ago
16981cc : net: wireless: bcmdhd: Heap over write in dhdmsgbuf_query_ioctl <Ram Sripathi> 9 weeks ago
a4dc74f : net: wireless: bcmdhd: remove unnecessary PCIe memory access when BUS down. <Insun Song> 1 year, 3 months ago
1fc2353 : net: wireless: bcmdhd: fix overrun in dhd_pno_set_cfg_gscan <Insun Song> 9 weeks ago
b8f8f7e : msm: ispif: Remove handling of SD_SHUTDOWN <Ranjith Kagathi Ananda> 1 year, 4 months ago
9fc46c1 : msm: kgsl: fix sync file error handling <Jeremy Gebben> 1 year, 10 months ago
e81ca94 : ASoC: msm: set pointers to NULL after kfree <Walter Yang> 6 months ago
e84f94b : BACKPORT: mm: avoid setting up anonymous pages into file mapping <Yuan Lin> 8 weeks ago
5fff621 : ion: Fix use after free during ION_IOC_ALLOC <Daniel Rosenberg> 9 weeks ago
c42c660 : UPSTREAM: mm: remove gup_flags FOLL_WRITE games from __get_user_pages() <Linus Torvalds> 3 months ago
86e7597 : net: ping: Fix stack buffer overflow in ping_common_sendmsg() <Qidan He> 3 months ago
2bf4d8b : msm: ocmem: Serialize allocation requests only when necessary <Naveen Ramaraj> 3 years ago
578f1f4 : qcom: ssr: Unlock the ssr_order mutex before returning <Deepak Katragadda> 2 years, 9 months ago
b3a7909 : msm: msm_bus: Suspected fix for deadlock <Alok Chauhan> 2 years, 4 months ago
686adc9 : qdsp6v2: blacklist %p kptr_restrict <Nick Desaulniers> 3 months ago
a479fab : UPSTREAM: KEYS: Fix crash when attempt to garbage collect an uninstantiated keyring <David Howells> 1 year, 3 months ago
4cbc875 : ion: blacklist %p kptr_restrict <Nick Desaulniers> 3 months ago
44f97e7 : msm: mdss: blacklist %p kptr_restrict <Nick Desaulniers> 3 months ago
6ca324c : UPSTREAM: KEYS: Fix race between key destruction and finding a keyring by name <David Howells> 1 year, 3 months ago
24aeb64 : ASoC: msm: lock read/write when add/free audio ion memory <Haynes Mathew George> 3 months ago
0fa16b5 : binder: blacklist %p kptr_restrict <Nick Desaulniers> 3 months ago
6a1a141 : BACKPORT: msm: camera: Avoid exposing kernel addresses <Siqi Lin> 3 months ago
8a65d47 : BACKPORT: msm: camera: cpp: Add validation for v4l2 ioctl arguments <Siqi Lin> 3 months ago
db0c837 : BACKPORT: perf: Fix event->ctx locking <John Dias> 3 months ago
63a2881 : perf: protect group_leader from races that cause ctx double-free <John Dias> 3 months ago
d7a1527 : netfilter: Change %p to %pK in debug messages <Min Chong> 3 months ago
c01b4ad : usb: gadget: f_mbim: Change %p to %pK in debug messages <Min Chong> 3 months ago
245d47b : drivers: video: Add bounds checking in fb_cmap_to_user <Steve Pfetsch> 3 months ago
bab8623 : ASoC: check for null function pointer for dummy device read/write, take 2 <Yuan Lin> 3 months ago
a1ce810 : UPSTREAM: staging/android/ion : fix a race condition in the ion driver <EunTaik Lee> 11 months ago
98c52e5 : msm: sensor: validate the i2c table index before use <Suman Mukherjee> 4 months ago
86f3da1 : UPSTREAM: fs,userns: Change inode_capable to capable_wrt_inode_uidgid <Andy Lutomirski> 2 years, 7 months ago
16883f5 : net: inet: diag: expose the socket mark to privileged processes. <Lorenzo Colitti> 4 months ago
cb7e812 : net: diag: make udp_diag_destroy work for mapped addresses. <Lorenzo Colitti> 4 months ago
a3efe51 : net: diag: support SOCK_DESTROY for UDP sockets <David Ahern> 5 months ago
27e8ba0 : net: diag: allow socket bytecode filters to match socket marks <Lorenzo Colitti> 5 months ago
4c72228 : net: diag: slightly refactor the inet_diag_bc_audit error checks. <Lorenzo Colitti> 5 months ago
b416511 : net: diag: Add support to filter on device index <David Ahern> 7 months ago
ebe4556 : Revert "Revert "Fix backend connection to FE upon call disconnection"" <Eric Laurent> 4 months ago
8375238 : msm: crypto: Fix integer over flow check in qcrypto driver <Biswajit Paul> 5 months ago
acdbf3d : BACKPORT: perf: Fix race in swevent hash <Peter Zijlstra> 4 months ago
c0bf230 : msm: vidc: use %pK instead of %p which respects kptr_restrict sysctl. <Yueyao (Nathan) Zhu> 4 months ago
097a0d5 : UPSTREAM: proc: prevent accessing /proc/<PID>/environ until it's ready <Mathias Krause> 8 months ago
424668b : BACKPORT: pstore: drop pmsg bounce buffer <Mark Salyzyn> 4 months ago
bc49b7d : arm/configs: shamu: disable extra SCSI configs <Patrick Tjin> 4 months ago
 
**** cmold:android_kernel_sony_msm8x27 ****
c21d290 : defconfig: debrand localversion <Alexander Agura> 4 days ago
 
**** vanir:packages_apps_CMParts ****
af5108f : CMParts: remove 'hide clock' option from clock position tunable <Hendrik Hagendorn> 4 weeks ago
 
**** vanir:packages_apps_Contacts ****
e969e04 : Themes: Expose hardcoded layout and styles colors <beanstown106> 1 year, 2 months ago
 
**** vanir:packages_apps_ContactsCommon ****
8287180 : Themes: Expose hardcoded contact tile text colors <bgill55> 1 year, 11 months ago
 
**** vanir:packages_apps_Dialer ****
c473e37 : Themes: InCallUI dialpad digits color <George G> 8 weeks ago
91e510e : Themes: Separate background color from text color <Alex Cruz> 8 months ago
 
**** vanir:packages_apps_ExactCalculator ****
52de819 : Themes: Expose all elevations <Abdulwahab Isam> 4 months ago
5fb9c66 : Themes: Expose hard coded background in java <Bryan Owens> 1 year ago
 
**** vanir:packages_apps_PhoneCommon ****
45cd17c : Themes: Make dialpad seperator line theme-able <Thyrus11> 1 year, 11 months ago
 
**** vanir:packages_apps_Settings ****
ac8bd97 : Expose color for external settings icons <Clark Scheff> 2 weeks ago
8ad6074 : Hide the "show/hide overlays" when no overlay installed <Ivan Iskandar> 4 weeks ago
0cd5916 : Exclude overlays from the app counter <Ivan Iskandar> 4 weeks ago
ea40b89 : OMS7-N: Apps: show/hide Substratum icon overlays [2/2] <Kuba Schenk> 5 weeks ago
6b6b9e8 : OMS7-N: Apps: show/hide Substratum overlays [2/2] <George G> 6 months ago
63634ad : Settings: Expose LinearColorBar default colors <SpiritCroc> 4 weeks ago
eb04bde : Settings: Expose storage icon colors <SpiritCroc> 4 weeks ago
dad0be1 : Settings: Expose gesture settings switchbar <daveyannihilation> 6 weeks ago
7d1ed0e : Settings: Expose storage summary text <George G> 1 year, 2 months ago
4bff13c : Settings: Expose condition card colors <daveyannihilation> 4 months ago
cbfb5d5 : Settings: Expose dashboard category and tile color <Ivan Iskandar> 4 months ago
 
**** vanir:system_sepolicy ****
74a17c4 : OMS-N: Add service 'overlay' to service_contexts <Mårten Kongstad> 1 year, 7 months ago
ecce491 : OMS7-N: Add service 'overlay' to service_contexts <Mårten Kongstad> 1 year, 7 months ago
 
**** vanir:vendor_cmsdk ****
5bb06dc : cmsdk: remove 'hide clock' option from clock position tunable <Hendrik Hagendorn> 4 weeks ago
 
**** vanir:vendor_vanir ****
0eda8ad : Experimental substratium picker <DHOMD> 9 days ago
2a6afee : build: include lineage releasekey in recovery <Tom Powell> 20 hours ago
cfc7484 : build: remove deprecated recovery keys <Tom Powell> 20 hours ago
d707d58 : 1+3 <DHOMD> 22 hours ago
 
