
**** vanir:build ****
4a1d7a1 : Build hacks <DHOMD> 8 months ago
 
**** vanir:device_google_marlin ****
d8c1924 : Add a proper barrier and use vendor/caf/telephony <DHOMD> 3 months ago
f0d2e43 : Revert "marlin: disable our local telephony extensions" <DHOMD> 3 months ago
 
**** vanir:device_huawei_angler ****
f46e18a : angler: Swap left with right fingerprint gestures <razorloves> 10 days ago
 
**** vanir:device_lge_bullhead ****
80799d9 : bullhead: Swap left with right fingerprint gestures <razorloves> 10 days ago
 
**** cm:LineageOS/android_device_motorola_otus ****
bdc3c57 : Otus: Fix FM Radio <DHOMD> 5 months ago
 
**** cm:LineageOS/android_device_oppo_msm8974-common ****
39e57ba : Port from bacon: Add blob to decrypt full-disk encryption of /data. <J. Joe Feise> 7 months ago
 
**** cm:LineageOS/android_device_samsung_noblelte-common ****
1677448 : noblelte: Enable audio effects <Christopher N. Hesse> 16 hours ago
55b29e7 : noblelte: Add bootloader assertion support <Christopher N. Hesse> 18 hours ago
018bac0 : noblelte: Remove legacy media hacks <Christopher N. Hesse> 4 days ago
69236d3 : noblelte: Advertise OpenGL ES 3.2 <Christopher N. Hesse> 4 days ago
 
**** cm:LineageOS/android_device_samsung_nobleltetmo ****
ce17040 : nobleltetmo: Assert bootloader version <Christopher N. Hesse> 3 weeks ago
 
**** cm:LineageOS/android_hardware_qcom_bt ****
896a499 : Apply the Cherokee's mechanism of stopping hci_filter to ROME <Luke Zhang> 4 months ago
2f5fa30 : BT: Modify implementation for command timeout crashdump collection <Manu Viswanadhan> 7 months ago
 
**** vanir:hardware_samsung ****
df15802 : liblights: Add BLN support <Dominggoes Isakh> 3 weeks ago
 
**** cmold:android_kernel_samsung_smdk4412 ****
63f7230 : i9100: Enable BLN support <Dominggoes Isakh> 3 weeks ago
ab00dad : cypress: BLN: Add notification support (CM9-paths) <Dominggoes Isakh> 2 weeks ago
d4b307f : cypress: BLN: Use wakelock for breathing when timeout is set <Dominggoes Isakh> 11 days ago
 
**** vanir:packages_apps_Messaging ****
5a04034 : Revert "32807795  Security Vulnerability - AOSP Messaging App: thirdparty can" <DHOMD> 3 months ago
 
**** vanir:system_core ****
e745075 : healthd: fix include paths <Ayke van Laethem> 8 days ago
 
**** vanir:vendor_huawei ****
eff02ea : angler: use source built nfc libs <razorloves> 35 hours ago
 
**** vanir:vendor_lge ****
ba6929a : bullhead: use source built nfc libs <razorloves> 35 hours ago
 
**** cm:LineageOS/android_vendor_qcom_opensource_time-services ****
2ff5dfa : Add a barrier for Marlin/Sailfish <DHOMD> 3 months ago
 
