
**** vanir:build ****
8f0dd42 : Build hacks <DHOMD> 3 months ago
 
**** vanir:device_google_marlin ****
74372cb : marlin: add ssr_setup <Dan Pasanen> 23 hours ago
 
**** cm:LineageOS/android_device_htc_hima-common ****
eb20fe3 : hima: Use /firmware/image to provide firmware <Ethan Chen> 5 months ago
 
**** cm:LineageOS/android_device_htc_himawl ****
df3011f : Revert "himawl: enable VVM3 visual voicemail" <David Hays> 25 hours ago
 
**** vanir:device_htc_m7-common ****
8a024d2 : m7-common: Additional SEPolicy updates <Matt Mower> 22 hours ago
025155e : m7-common: Moved ERI configuration files from resoures to Carrier Config. <Jack Yu> 9 months ago
f9588ae : m7-common: Update frameworks/base overlay <Matt Mower> 33 hours ago
2be93e3 : m7-common: Remove Settings overlay <Matt Mower> 33 hours ago
c718f65 : m7-common: Remove Camera2 overlay <Matt Mower> 33 hours ago
6fed2ac : m7-common: Move MMS overlays <Matt Mower> 33 hours ago
 
**** cm:LineageOS/android_device_htc_pme ****
1eba726 : pme: Declare that our LED can support RGB notification, battery & blink <Christopher R. Palmer> 10 days ago
0be97a4 : pme: Allow notification LED pulses to be configured <Christopher R. Palmer> 21 hours ago
6fe4ba0 : pme: bluetooth: Disable BTM_WBS_INCLUDED <Christopher R. Palmer> 2 days ago
 
**** vanir:device_htc_s4-common ****
f6dab99 : s4-common: Update frameworks/base overlay <Matt Mower> 32 hours ago
5799436 : s4-common: Remove Settings overlay <Matt Mower> 33 hours ago
 
**** vanir:device_huawei_angler ****
382d522 : I need a quieter lawn mover or a louder phone <DHOMD> 2 weeks ago
4f8c269 : Update IMS paths in init.angler <DHOMD> 5 weeks ago
 
**** vanir:device_huawei_kiwi ****
01067c7 : kiwi: Don't let mixer-paths.xml control the amplifier clocks <Christopher R. Palmer> 2 days ago
65936a6 : kiwi: Enable USE_CUSTOM_AUDIO_POLICY <Christopher R. Palmer> 2 days ago
8c7bdc8 : kiwi: cmactions: More cleanup <Michael W> 5 days ago
 
**** vanir:device_lge_ls980 ****
3309d89 : Why did we not update our symlinks? <DHOMD> 29 hours ago
 
**** cm:LineageOS/android_device_lge_mako ****
a85aa35 : mako: Use the generic extractor <Hendrik Hagendorn> 8 days ago
 
**** vanir:device_moto_shamu ****
462ea61 : shamu: set the gpu's default_pwrlevel to 4 <Alex Naidis> 5 weeks ago
 
**** cm:LineageOS/android_device_motorola_athene ****
bc1e04c : init: set core_ctl min cpu to 2 <rahulsnair> 2 days ago
 
**** cm:LineageOS/android_device_oneplus_oneplus3 ****
6a0ce6d : oneplus3: remove lteOnCdmaDevice from system.prop <Kasual> 2 weeks ago
 
**** cm:LineageOS/android_device_oppo_msm8974-common ****
4e54f2c : Port from bacon: Add blob to decrypt full-disk encryption of /data. <J. Joe Feise> 8 weeks ago
 
**** vanir:device_qcom_common ****
4d5a288 : extractors: Add msm8952 blobs <Rashed Abdel-Tawab> 11 hours ago
 
**** vanir:device_samsung_manta ****
d55583e : manta: Rebrand for Lineage <Scott Warner> 2 days ago
 
**** vanir:device_samsung_mondrianwifi ****
66dcbfd : mondrianwifi: Fix Samsung broken syntax for mm-pp-daemon's socket <Christopher R. Palmer> 2 weeks ago
afc0ec3 : mondrianwifi: Remove power_control_widget to fix Settings crash <Christopher R. Palmer> 7 hours ago
5c28f6d : mondrianwifi: Remove consumerir, it's been moved to common <Christopher R. Palmer> 2 weeks ago
c608613 : mondrianwifi: Remove cyanogenmod from defconfig name <Christopher R. Palmer> 7 hours ago
772a20c : mondrianwifi: Rebrand cm -> lineage <Christopher R. Palmer> 7 hours ago
 
**** vanir:device_samsung_qcom-common ****
8cd28f3 : qcom: doze: Move to display settings <Zhao Wei Liew> 5 weeks ago
 
**** vanir:device_sony_fusion3-common ****
c33c6ad : fusion3: Label gpuclk as sysfs_thermal file and add perms. <dcashman> 1 year, 1 month ago
1639eb4 : fusion3: Update sepolicy for N <Chippa-a> 6 weeks ago
 
**** cmold:android_kernel_htc_msm8996 ****
e41a8b5 : pme: Allow LED pulses to be configured <Christopher R. Palmer> 21 hours ago
876bbc2 : net: bcmdhd: Be less aggressive about the runtime pm <devsk> 7 days ago
 
**** vanir:kernel_moto_shamu ****
a79b1f2 : shamu: Regenerate defconfig <Elektroschmock> 4 days ago
 
**** cmold:android_kernel_oneplus_msm8974 ****
e428eea : sg_write()/bsg_write() is not fit to be called under KERNEL_DS <Al Viro> 4 weeks ago
0a13c6d : netlink: Fix dump skb leak/double free <Herbert Xu> 8 months ago
4c8654a : ALSA: pcm : Call kill_fasync() in stream lock <Takashi Iwai> 9 months ago
8dd58ce : net: avoid signed overflows for SO_{SND|RCV}BUFFORCE <Eric Dumazet> 6 weeks ago
115d04a : net: cleanups in sock_setsockopt() <Eric Dumazet> 4 years, 9 months ago
7e3d00f : UPSTREAM: ring-buffer: Prevent overflow of size in ring_buffer_resize() <Steven Rostedt (Red Hat)> 8 months ago
9e503ad : splice: introduce FMODE_SPLICE_READ and FMODE_SPLICE_WRITE <Linus Torvalds> 7 days ago
 
**** cmold:android_kernel_samsung_klte ****
f0abe78 : isofs: Fix infinite looping over CE entries <Jan Kara> 2 years, 1 month ago
27ea6b0 : ASoC: msm: set pointers to NULL after kfree <Walter Yang> 6 months ago
94450c4 : msm: kgsl: fix sync file error handling <Jeremy Gebben> 1 year, 11 months ago
edb67f1 : mm: avoid setting up anonymous pages into file mapping <Kirill A. Shutemov> 1 year, 6 months ago
7a7c781 : Revert "gpu: ion: remove IOMMU Heap and IOMMUCA introduced with mm source" <Kevin Haggerty> 5 days ago
 
**** cmold:android_kernel_samsung_mondrianwifi ****
43c68bb : Remove cyanogenmod from defconfig names <Christopher R. Palmer> 7 hours ago
 
**** vanir:packages_apps_Settings ****
fc9ae59 : Settings: Improve hotspot timeout strings <Michael Bestas> 11 months ago
 
**** cm:LineageOS/android_packages_apps_Snap ****
65bec49 : Snap: Fix missing untranslatables <Michael W> 28 hours ago
 
**** vanir:system_bt ****
cc99880 : bt: Allowed WBS to be disabled when building with QTI_SW <Christopher R. Palmer> 32 hours ago
 
**** github:TheMuppets/proprietary_vendor_google ****
31cd720 : marlin: add ssr_setup <Dan Pasanen> 23 hours ago
 
**** vanir:vendor_lge ****
fdaab9c : Fix vendor for d850 <DHOMD> 20 hours ago
 
**** github:TheMuppets/proprietary_vendor_qcom_binaries ****
a78a120 : msm8952: Add graphics blobs <Rashed Abdel-Tawab> 14 hours ago
 
**** vanir:vendor_vanir ****
077a538 : overlay: Enable Visual Voicemail for Verizon devices <David Hays> 2 days ago
8c5df68 : build: kernel: build arm kernel modules with -fno-pic <Ziyan> 2 days ago
b568511 : http_prebuilt: Improve retrieval of artifacts from archive <David Marble> 3 days ago
 
**** github:TheMuppets/proprietary_vendor_xiaomi ****
4412366 : ido: Remove unneeded fingerprint firmware <Anik1199> 25 hours ago
 
