
**** vanir:build ****
6421bdc : Updating Security String to 2017-09-05 Bug:63846344 <Adam Seaton> 8 weeks ago
 
**** vanir:device_htc_flounder ****
484e295 : flounder: update build fingerprint & description to N9F27L <razorloves> 11 days ago
 
**** cm:LineageOS/android_device_htc_hiae-common ****
c769de4 : hiae: data-ipa-cfg-mgr: Fix bad comparison <Ethan Chen> 6 days ago
3f55fc9 : hiae: Fix issues with data-ipa-cfg-mgr <Ethan Chen> 6 days ago
d9379ff : hiae: Update data-ipa-cfg-mgr <Ethan Chen> 6 days ago
16356a5 : hiae: amp: Default TFA amplifier to passthrough mode <Ethan Chen> 6 days ago
93b8a25 : hiae: amp: Refactor TFA implementation to use bitfields <Ethan Chen> 9 days ago
2d812c2 : hiae: amp: Rename tfa driver module file <Ethan Chen> 9 days ago
3e49d13 : hiae: amp: Enable clocks when switching DSP mode <Ethan Chen> 9 days ago
2a1f772 : hiae: amp: Move profile select to audio_amplifier <Ethan Chen> 9 days ago
8fcfc51 : hiae: amp: Only signal once <Ethan Chen> 9 days ago
4a8f159 : hiae: amp: Split init function into clock on/off <Ethan Chen> 9 days ago
72bf72d : hiae: amp: Convert RT55xx to object <Ethan Chen> 10 days ago
3d64862 : hiae: amp: Convert TFA to object <Ethan Chen> 10 days ago
bba798f : hiae: amplifier: Rename amp struct <Ethan Chen> 10 days ago
c53acb6 : hiae: amplifier: Rename tfa public interface <Ethan Chen> 10 days ago
a70130f : hiae: amplifier: Use headers from kernel <Ethan Chen> 10 days ago
f81a011 : Revert "Revert "Revert "hiae: amp: Disable TFA9895 DSP mode""" <Ethan Chen> 9 months ago
 
**** cm:LineageOS/android_device_htc_m8-common ****
1321744 : sepolicy: Simplify the labelling of variant blobs <Bruno Martins> 3 days ago
683acd2 : m8-common: releasetools: Copy variant blobs instead of creating symlinks <Kevin F. Haggerty> 3 days ago
 
**** cm:LineageOS/android_device_htc_msm8974-common ****
954e6d8 : msm8974-common: amplifier: Only signal once <Ethan Chen> 9 days ago
dc029fb : msm8974-common: amplifier: Add more clear check for TFA9887 status <Bruno Martins> 5 days ago
3754bb9 : msm8974-common: amplifier: Rename amp struct <Ethan Chen> 10 days ago
005e1dc : msm8974-common: amplifier: Use headers from kernel <Ethan Chen> 10 days ago
f86875e : msm8974-common: amplifier: Fix headphone amp config calls <Bruno Martins> 3 days ago
0dacd33 : msm8974-common: amplifier: Suppress compiler warnings <Bruno Martins> 5 days ago
0c54636 : msm8974-common: amplifier: Remove redundant switch case <Bruno Martins> 5 days ago
 
**** cm:LineageOS/android_device_lge_h811 ****
9d91292 : Revert "h811: move gps.conf to common tree" <Erwan> 5 days ago
7e4e69e : h811: move gps.conf to common tree <Erwan> 6 days ago
 
**** vanir:device_lge_hammerhead ****
f126d24 : hammerhead: remove deprecated/unused board flags <razorloves> 5 weeks ago
 
**** cm:LineageOS/android_device_lge_msm8996-common ****
927438d : msm8996: Remove nonexistent LG USB scripts <Rashed Abdel-Tawab> 3 days ago
 
**** vanir:device_lge_v20-common ****
3579083 : v20: Fix typo h910 -> h918 <phantom10111> 11 days ago
 
**** vanir:device_moto_shamu ****
133213f : shamu: update build fingerprint & description to NGI55D <razorloves> 2 days ago
 
**** vanir:device_motorola_msm8226-common ****
9440a85 : sensors: falcon-peregrine: Send flush events as soon as possible <Gabriele M> 11 days ago
 
**** vanir:device_motorola_msm8916-common ****
0b05453 : Revert "msm8916-common: Allow using new Moto Camera" <Alberto97> 2 months ago
0807a7f : msm8916-common: Set INITIAL_COPYRIGHT_YEAR <Alberto97> 6 months ago
51d90ff : msm8916-common: remove unused widevine L1 blobs <Alberto97> 3 weeks ago
480669f : msm8916-common: sepolicy: Use even more macros <Alberto97> 7 weeks ago
d25f3df : msm8916-common: Don't label unused partitions <Alberto97> 7 weeks ago
495c8e5 : msm8916-common: Remove debugging tools <Alberto97> 7 weeks ago
 
**** cm:LineageOS/android_device_oneplus_cheeseburger ****
b1609db : fstab: remove f2fs fallback for cache <Alexander Martinz> 8 days ago
ec26fa1 : cheeseburger: audio: fix acdb id for handset <codeworkx> 6 weeks ago
 
**** vanir:device_sony_fusion3-common ****
17908bf : bluetooth: Enable BLUETOOTH_QTI_SW for WBS support <Christopher R. Palmer> 2 years, 8 months ago
f34106e : bluetooth: Use run time parameters to control LE features <git-zhenye.broadcom.com> 3 years, 1 month ago
64f7a3c : fusion3: ueventd: Fix permission for libals input <CaHbKaUp> 5 months ago
c44e9dd : libril: fix a memory leak <Yunlian Jiang> 10 months ago
c378f47 : fusion3: init: Enable all low-power modes <Kalpaj Chaudhari> 3 months ago
36b2d66 : gps: Using https for Xtra2 download <Wyatt Riley> 11 months ago
b474cd0 : gps: Enable XTRA servers and version check <Arne Coucheron> 4 weeks ago
863adaa : fusion3: gps: Customize gps.conf <tetsuo55> 1 year, 5 months ago
d1c50b8 : fusion3: gps: Update gps.conf from CAF <CyberWalkMaN> 5 weeks ago
c9bba44 : remove video editor from media_profiles.xml <Chong Zhang> 2 years, 4 months ago
d2fc382 : fusion3: Switch to using CAF media configurations <Chippa-a> 5 months ago
1e6cd91 : audio: Disable tunnel mode playback by default <CyberWalkMaN> 3 weeks ago
d5174b9 : audio: enable AAC 5.1 channel decode <Gabriel M. Beddingfield> 5 years ago
 
**** cm:LineageOS/android_device_sony_pollux-common ****
dc2d030 : pollux-common: Switch to XML audio policy configuration <Chippa-a> 4 months ago
 
**** vanir:device_sony_yuga ****
0af785e : yuga: audio: Update mixer_paths file <Chippa-a> 3 months ago
5562656 : yuga: Switch to XML audio policy configuration <Chippa-a> 4 months ago
 
**** vanir:device_xiaomi_cancro ****
812038e : cancro: Grant rmt_storage proper unix perms <Bruno Martins> 3 weeks ago
 
**** cm:LineageOS/android_device_xiaomi_mido ****
7a97de9 : mido: update fingerprint and build description <Sai Vishal> 4 weeks ago
 
**** cm:LineageOS/android_hardware_qcom_audio ****
7a797d4 : Equalizer: Check value size for get preset name <Andy Hung> 4 months ago
7a97f3f : policy_hal: Force device switch on Primary Output first <pavanc> 9 weeks ago
 
**** cm:LineageOS/android_hardware_qcom_audio ****
0bf8b30 : Equalizer: Check value size for get preset name <Andy Hung> 4 months ago
 
**** cm:LineageOS/android_hardware_qcom_audio ****
01e8f3b : Equalizer: Check value size for get preset name <Andy Hung> 4 months ago
9d1af8a : aenc-aac: bounds checking <Aalique Grahame> 6 months ago
 
**** cm:LineageOS/android_hardware_qcom_audio ****
f5a8e83 : Equalizer: Check value size for get preset name <Andy Hung> 4 months ago
00b7019 : aenc-aac: bounds checking <Aalique Grahame> 6 months ago
 
**** cm:LineageOS/android_hardware_qcom_audio ****
7da7e5e : Equalizer: Check value size for get preset name <Andy Hung> 4 months ago
 
**** cm:LineageOS/android_hardware_qcom_audio ****
53c7f74 : Equalizer: Check value size for get preset name <Andy Hung> 4 months ago
aab6e9f : msm8937: hal: Support custom mixer_paths file names <Ricardo Cerqueira> 12 months ago
ed2f918 : policy_hal: Don't fill in offload information for unsupported streams <Diogo Ferreira> 1 year ago
c816745 : msm8937: acdb: Make acdb reloading optional <Diogo Ferreira> 1 year ago
49e5b92 : ssr: Fix building with OSS materials <Ricardo Cerqueira> 1 year, 3 months ago
955bf9d : msm8996: ultrasound: Initial open source hal for Elliptic Ultrasound <Balázs Triszka> 4 months ago
821cccf : msm8996: audio: Add l/r mic swapping when using stereo mics <Rashed Abdel-Tawab> 2 years, 2 months ago
ce1ee1d : Add special case for stereo camcorder <alanht_wu> 2 years, 2 months ago
bd30b5b : hal: Featureize APE/VORBIS/WMA offload support <dianlujitao> 7 months ago
d991672 : audio policy: fix capture indication to sound trigger service. <Eric Laurent> 12 months ago
4944746 : hal: Don't try to record using 3-mic unless we mean it <Steve Kondik> 12 months ago
1a22ffe : hal: Haxed header <Steve Kondik> 1 year, 2 months ago
62da52b : audio: Fix flac offload not working <Keith Mok> 1 year, 9 months ago
a819e32 : hal: Fix build with HDMI disabled <Steve Kondik> 1 year, 2 months ago
3c433f9 : audio: Fix complilation warnings under Clang <Steve Kondik> 1 year, 3 months ago
0881ab0 : msm8996: fix werror when AUDIO_FEATURE_ENABLED_DTS_EAGLE is enabled <Chao Chen> 1 year, 3 months ago
3b00fbd : audio: Extend platform parser to allow device name aliasing <Ethan Chen> 3 years ago
fa3ad7e : hal: post_proc: enabled / disable volume listener based on prop <vivek mehta> 1 year, 8 months ago
1eafbe7 : hal: Support the audio amplifier hook <Daniel Hillenbrand> 4 years, 4 months ago
93c4733 : audio: Use direct project pathmap <Ethan Chen> 2 years, 10 months ago
1d8f162 : Fix security vulnerability: Equalizer setParameter memory overflow <rago> 3 months ago
a11fed7 : policy_hal: adjust bitrate restriction for wma <Weiyin Jiang> 4 months ago
26005ac : hal: fix no sound issue in voice call <kunleiz> 1 year, 5 months ago
a28aa3e : hal: restore device for other active usecases when VOICE stopped <kunleiz> 5 months ago
 
**** cm:LineageOS/android_hardware_qcom_audio ****
c736bfe : Equalizer: Check value size for get preset name <Andy Hung> 4 months ago
 
**** cm:LineageOS/android_hardware_qcom_display ****
0e4f36e : display: Fix ColorMetaData <Arun Kumar K.R> 9 months ago
837bea4 : display-caf: msm8996: Use ColorMetaData in SDM in hwc2 <Rajesh Yadav> 6 months ago
b57e903 : display-caf: 8996: Add color metadata to libgralloc1 <Rajesh Yadav> 6 months ago
149b738 : hwc2: Only set display_width and display_height when equal to zero <Rashed Abdel-Tawab> 9 months ago
ad7a601 : hwc2: Handle empty lists in AcceptDisplayChanges <Naseer Ahmed> 11 months ago
8a47e28 : msm8996: hwc2: check for null layers in layer map <Steve Pfetsch> 11 months ago
934772f : hwc2 : Fix layer updating flag <Naseer Ahmed> 1 year ago
4d97c5e : gralloc: Return an error if the buffer was not mapped <Naseer Ahmed> 1 year, 4 months ago
9f3b96b : Revert "Revert "gralloc: Default to 601 color space"" <Courtney Goeltzenleuchter> 1 year, 1 month ago
0a5444d : hwc2: Workaround use after free by surfaceflinger <Naseer Ahmed> 1 year, 1 month ago
5e1a288 : hwc2: Update composition types on AcceptDisplayChanges <Naseer Ahmed> 1 year, 1 month ago
066fd9b : Revert "gralloc: Default to 601 color space" <Steve Pfetsch> 1 year, 1 month ago
6d28c4b : gralloc: Disable UBWC for writeback buffers <Naseer Ahmed> 1 year, 1 month ago
557c5ff : hwc2: Initialize color mode to native <Naseer Ahmed> 1 year, 1 month ago
1c5f5a8 : hwc2 : Allow only top most cursor layer <Naseer Ahmed> 1 year, 2 months ago
fd935a0 : Revert "gralloc: Return an error if the buffer was not mapped" <Eino-Ville Talvala> 1 year, 2 months ago
bcd5a49 : hwc2: Fix solid fill <Naseer Ahmed> 1 year, 2 months ago
52218dc : sdm:hwc2: Store higher order mode id in case of clash <Naseer Ahmed> 1 year, 2 months ago
302a25c : gralloc: Return an error if the buffer was not mapped <Naseer Ahmed> 1 year, 4 months ago
d42e293 : hwc2: Fix retire fences <Naseer Ahmed> 1 year, 2 months ago
0d41f5d : hwc2: Always store a release fence if a layer is presented <Naseer Ahmed> 1 year, 2 months ago
2b1d161 : hwc2: Use current frames retire fence only for the primary <Naseer Ahmed> 1 year, 2 months ago
2113967 : 8996/HWC2: Return this frame's retire fence <Dan Stoza> 1 year, 2 months ago
8fe4a3b : hwc2: Remove default mode application at boot. <Naseer Ahmed> 1 year, 2 months ago
6257c08 : hwc2: Support HWC2_CAPABILITY_SKIP_CLIENT_COLOR_TRANSFORM <Naseer Ahmed> 1 year, 2 months ago
36f1973 : hwc: Set ioprio for vsync thread <Steve Kondik> 2 years ago
bb18e78 : Fix duplicate copy file rules <Dan Willemsen> 1 year, 7 months ago
cc9a267 : Don't build lights module if vendor supplies it <Steve Kondik> 2 years, 10 months ago
8c771e6 : display: Use project pathmap <Ethan Chen> 2 years, 10 months ago
6b4e747 : sdm: Revalidate layer stack on layer reconfig. <Uday Kiran Pichika> 4 months ago
74d3892 : sdm: GPU fallback for primary if secure is present on external <Baldev Kumar Sahu> 4 months ago
144f4af : sdm: Reset the H/W layers of display <Pramodh Kumar Mukunda> 7 months ago
 
**** cm:LineageOS/android_hardware_qcom_media ****
477e1d7 : mm-video-v4l2: venc: Protect buffer from being freed while accessing <Paras Nagda> 2 months ago
 
**** cm:LineageOS/android_hardware_qcom_media ****
209a13c : mm-video-v4l2: venc: Protect buffer from being freed while accessing <Paras Nagda> 2 months ago
 
**** cm:LineageOS/android_hardware_qcom_media ****
e84dcfe : Fix duplicated OMX.qcom.audio.decoder.aac entry <Keith Mok> 1 year, 9 months ago
1b85693 : media: libOmxSw encoders require prop headers :( <Ricardo Cerqueira> 1 year, 2 months ago
8adf136 : mm-video: Disable proprietary extension <Steve Kondik> 11 months ago
166864f : venc: Fix VQZip issue <Steve Kondik> 1 year, 2 months ago
914d3bc : media: Avoid collision with FFMPEG plugin <Steve Kondik> 3 years, 4 months ago
71d6868 : media: Use project pathmap <Ethan Chen> 2 years, 7 months ago
98e495d : mm-video-v4l2: venc: Advertise correct output-size for meta-mode <Praveen Chavan> 6 months ago
58ffd77 : mm-video-v4l2: Protect buffer lifecycle with lock <Vikash Garodia> 3 months ago
9867003 : mm-video-v4l2: Protect buffer lifecycle with lock <Vikash Garodia> 3 months ago
29fad0e : mm-video-v4l2 : venc: Protect buffer from being freed while accessing <Praveen Chavan> 3 months ago
bfbb965 : mm-video-v4l2: vdec: Do not reset c2d init success variable. <Vasantha Balla> 3 months ago
 
**** cmold:android_kernel_google_msm ****
eb5d62e : IKHSS7-18791 msm:fix the list usage in msm_bus_dbg <Lianwei Wang> 5 years ago
490d667 : msm: camera: Allow driver file to be opend only once. <Trishansh Bhardwaj> 5 months ago
0befd4d : ASoC: msm: qdsp6v2: extend validation of virtual address <Siena Richard> 8 months ago
8ef51fc : ASoC: msm: remove unused msm-compr-q6-v2 <Xiaojun Sang> 5 months ago
01abb8e : mm: Fix incorrect type conversion for size during dma allocation <Rohit Vaswani> 2 years ago
7f4f6a5 : ipx: call ipxitf_put() in ioctl error path <Dan Carpenter> 5 months ago
 
**** cmold:android_kernel_htc_flounder ****
1c36a77 : Revert "UPSTREAM: dm ioctl: prevent stack leak in dm ioctl call" <Mark Salyzyn> 8 weeks ago
a8a638e : Revert "BACKPORT: ALSA: timer: Fix race between read and ioctl" <Mark Salyzyn> 8 weeks ago
4d3f880 : Revert "UPSTREAM: ALSA: timer: Fix missing queue indices reset at SNDRV_TIMER_IOCTL_SELECT" <Mark Salyzyn> 8 weeks ago
8c77470 : UPSTREAM: mm: fix new crash in unmapped_area_topdown() <Hugh Dickins> 3 months ago
29ddf3d : UPSTREAM: mm: larger stack guard gap, between vmas <Hugh Dickins> 3 months ago
49e5afd : UPSTREAM: packet: fix races in fanout_add() <Eric Dumazet> 7 months ago
aca45be : UPSTREAM: mm/mempolicy.c: fix error handling in set_mempolicy and mbind. <Chris Salls> 5 months ago
18828ac : UPSTREAM: ALSA: timer: Fix missing queue indices reset at SNDRV_TIMER_IOCTL_SELECT <Takashi Iwai> 4 months ago
6485db2 : BACKPORT: ALSA: timer: Fix race between read and ioctl <Takashi Iwai> 4 months ago
1ac73a7 : BACKPORT: ext4: fix data exposure after a crash <Jan Kara> 1 year, 5 months ago
b7d8bc3 : UPSTREAM: sctp: do not inherit ipv6_{mc|ac|fl}_list from parent <Eric Dumazet> 4 months ago
09481cd : UPSTREAM: ipx: call ipxitf_put() in ioctl error path <Dan Carpenter> 5 months ago
50ee82c : net: wireless: bcmdhd: remove SDIO debug IOVARs causing out of bounds <Insun Song> 2 months ago
 
**** cmold:android_kernel_htc_msm8952 ****
8641aa3 : i2c/rt5506: Export header for userspace <Ethan Chen> 10 days ago
93d4a90 : i2c/tfa9895: Export header for userspace <Ethan Chen> 10 days ago
 
**** cmold:android_kernel_htc_msm8974 ****
b179138 : ipx: call ipxitf_put() in ioctl error path <Dan Carpenter> 5 months ago
cb3af5b : msm: camera: Allow driver file to be opend only once. <Trishansh Bhardwaj> 5 months ago
c11c0c8 : msm: camera: fix off-by-one overflow in msm_isp_get_bufq <Gaoxiang Chen> 4 months ago
7a89578 : Bluetooth: Properly check L2CAP config option output buffer length <Ben Seri> 7 days ago
445f6c9 : ASoC: tfa9887: Export header for userspace <Ethan Chen> 10 days ago
c39ca95 : ASoC: rt5506: Export header for userspace <Ethan Chen> 10 days ago
acecacd : ASoC: rt5506: Refactor headphone amp driver <Bruno Martins> 3 days ago
 
**** cmold:android_kernel_htc_msm8994 ****
af0d8dd : Bluetooth: Properly check L2CAP config option output buffer length <Ben Seri> 7 days ago
 
**** cmold:android_kernel_huawei_kiwi ****
d896edc : ASoC: soc: msm: initialize buffer to prevent kernel data leakage <Xiaojun Sang> 9 months ago
704bc1d : Revert "ASoC: soc: msm: initialize buffer to prevent kernel data leakage" <Michael W> 7 hours ago
8f4aa23 : qcacld-2.0: Remove the support for iw_set_priv ioctl <SaidiReddy Yenuga> 3 months ago
9caf719 : qcacld-2.0: Avoid concurrent matrix max param overread <Srinivas Girigowda> 10 weeks ago
b2a3f9a : msm: camera: fix off-by-one overflow in msm_isp_get_bufq <Gaoxiang Chen> 4 months ago
ab82a76 : msm: camera: isp: protect driver from using invalid bufq <Petar Sivenov> 2 years, 5 months ago
3432b99 : msm: ipa: fix security issues in ipa wan driver <Skylar Chang> 6 months ago
55ba93a : ASoC: msm: qdsp6v2: extend validation of virtual address <Siena Richard> 8 months ago
ff90deb : msm: pcie: add bounds check for debugfs register write <Tony Truong> 8 months ago
eece9df : arm64: Fix out of bound access to compat_hwcap_str <Se Wang (Patrick) Oh> 2 years ago
0768e8d : tcp: remove BUG_ON() in tcp_check_req() <Eric Dumazet> 2 years ago
 
**** cmold:android_kernel_lge_bullhead ****
7d856b6 : Revert "UPSTREAM: ALSA: timer: Fix missing queue indices reset at SNDRV_TIMER_IOCTL_SELECT" <Jonathan Solnit> 8 weeks ago
e44d5aa : Revert "BACKPORT: ALSA: timer: Fix race between read and ioctl" <Jonathan Solnit> 8 weeks ago
e07d78c : Revert "msm: sensor: Validationg function pointers before using them" <Jonathan Solnit> 8 weeks ago
1023d21 : Revert "BACKPORT: crypto: msm: Fix buffer overflow issue" <Jonathan Solnit> 8 weeks ago
d3968ce : Revert "msm: camera: isp: Avoid information leak in ISPIF" <Jonathan Solnit> 8 weeks ago
4b1c181 : Revert "msm: camera: validate num_streams in stream_cfg_cmd before using it" <Jonathan Solnit> 8 weeks ago
375bc72 : Revert "dm ioctl: prevent stack leak in dm ioctl call" <Jonathan Solnit> 8 weeks ago
3434742 : Revert "msm: sps: Fix race condition in SPS debugfs APIs" <Jonathan Solnit> 8 weeks ago
6fb7c5f : msm: sensor: Validationg function pointers before using them <VijayaKumar T M> 10 months ago
ccab106 : UPSTREAM: mm: fix new crash in unmapped_area_topdown() <Hugh Dickins> 3 months ago
b62291e : ASoC: msm: remove unused msm-compr-q6-v2 <Xiaojun Sang> 5 months ago
115a881 : msm: camera: Allow driver file to be opend only once. <Trishansh Bhardwaj> 5 months ago
c390763 : soc: qcom: msm_bus: add mutex lock for cllist data <Maria Yu> 5 months ago
6b58aa8 : BACKPORT: ipv6/dccp: do not inherit ipv6_mc_list from parent <WANG Cong> 4 months ago
31aaef0 : UPSTREAM: ALSA: timer: Fix missing queue indices reset at SNDRV_TIMER_IOCTL_SELECT <Takashi Iwai> 4 months ago
ceb0995 : BACKPORT: ALSA: timer: Fix race between read and ioctl <Takashi Iwai> 4 months ago
c4fbca8 : BACKPORT: ext4: fix data exposure after a crash <Jan Kara> 1 year, 5 months ago
e874625 : BACKPORT: dccp/tcp: do not inherit mc_list from parent <Eric Dumazet> 4 months ago
067e855 : msm: camera: isp: Handle array out of bounds <Dennis Cagle> 3 months ago
3905b09 : UPSTREAM: tcp: avoid infinite loop in tcp_splice_read() <Eric Dumazet> 8 months ago
03d4c02 : UPSTREAM: packet: fix races in fanout_add() <Eric Dumazet> 7 months ago
4c00036 : BACKPORT: ip6_gre: fix ip6gre_err() invalid reads <Eric Dumazet> 7 months ago
443ed3d : UPSTREAM: mm/mempolicy.c: fix error handling in set_mempolicy and mbind. <Chris Salls> 5 months ago
f51a152 : msm: ipa: fix security issues in ipa wan driver <Skylar Chang> 6 months ago
9349ead : msm: camera: isp: Avoid information leak in ISPIF <Venu Yeshala> 4 months ago
4d526da : BACKPORT: crypto: msm: Fix buffer overflow issue <Dennis Cagle> 3 months ago
83c470d : msm: camera: validate num_streams in stream_cfg_cmd before using it <Gaoxiang Chen> 4 months ago
af787fd : msm: camera: fix off-by-one overflow in msm_isp_get_bufq <Gaoxiang Chen> 4 months ago
47b3a10 : Prevent potential double frees in sg driver <Robb Glasser> 6 months ago
1d5b6ba : dm ioctl: prevent stack leak in dm ioctl call <Adrian Salido> 5 months ago
3968c7d : msm: camera: Fix Use after free bug in msm_vb2.c. <VijayaKumar T M> 3 months ago
eee8b2c : msm: camera: Use mutex lock to avoid race condition <VijayaKumar T M> 4 months ago
19d2339 : msm: sps: Fix race condition in SPS debugfs APIs <Siva Kumar Akkireddi> 4 months ago
fae242d : msm: pcie: add bounds check for debugfs register write <Tony Truong> 8 months ago
3a42f1b : msm: camera: isp: fix for out of bound access array <Maggie White> 2 months ago
5935a69 : wcnss: fix the potential memory leak and heap overflow <Srinivas Girigowda> 10 weeks ago
25cd784 : BACKPORT: mm: larger stack guard gap, between vmas <Hugh Dickins> 2 months ago
56e2621 : mm: Fix incorrect type conversion for size during dma allocation <Maggie White> 2 months ago
9ffb3cd : ASoC: msm: qdsp6v2: extend validation of virtual address <Siena Richard> 8 months ago
825eeb8 : qcacld-2.0: Avoid concurrent matrix max param overread <Srinivas Girigowda> 10 weeks ago
d5d2c9b : qcacld-2.0: Fix out of bound read issue in get link properties <Srinivas Girigowda> 2 months ago
6a1d4a4 : msm: camera: fix untrusted pointer for power down setting <Haibin Liu> 4 months ago
c74dbab : msm:camera: correct stats query out of boundary <Fei Zhang> 4 months ago
 
**** cmold:android_kernel_lge_g3 ****
e3b13ea : Bluetooth: Properly check L2CAP config option output buffer length <Ben Seri> 7 days ago
0fb7938 : Revert "time: Remove CONFIG_TIMER_STATS" <Kelly Craft> 6 days ago
 
**** cmold:android_kernel_lge_hammerhead ****
161c71e : ASoC: wcd9320: Fix out of bounds for mad input value <Karthikeyan Mani> 9 months ago
648c247 : msm: ipa: fix ioctl input param validation <Skylar Chang> 11 months ago
0ac0dc1 : msm: camera: isp: Fix warning and errors based on static analysis <Jing Zhou> 1 year, 6 months ago
6fe493e : msm: ipa: fix potential race condition ioctls <Biswajit Paul> 1 year, 2 months ago
efb7f61 : ASoC: soc: msm: initialize buffer to prevent kernel data leakage <Xiaojun Sang> 9 months ago
e0b0d43 : Bluetooth: Properly check L2CAP config option output buffer length <Ben Seri> 7 days ago
 
**** cmold:lge-kernel-mako ****
08703c3 : Bluetooth: Properly check L2CAP config option output buffer length <Ben Seri> 7 days ago
0a16b95 : net: wireless: bcmdhd: adding boudary check in wl_escan_handler <Insun Song> 3 months ago
33f8d2c : Squashed update of qseecom from LA.AF.1.2.1_rb1.26 <Randy McCaskill> 8 days ago
 
**** vanir:kernel_moto_shamu ****
67581c4 : Revert "dm ioctl: prevent stack leak in dm ioctl call" <Siqi Lin> 8 weeks ago
f3f848d : Revert "UPSTREAM: ALSA: timer: Fix missing queue indices reset at SNDRV_TIMER_IOCTL_SELECT" <Siqi Lin> 8 weeks ago
ab0d46d : Revert "BACKPORT: ALSA: timer: Fix race between read and ioctl" <Siqi Lin> 8 weeks ago
6e1ce98d7 : Revert "msm: sensor: Validationg function pointers before using them" <Siqi Lin> 8 weeks ago
48c3d3a : Revert "BACKPORT: crypto: msm: Fix buffer overflow issue" <Siqi Lin> 8 weeks ago
022a171 : Revert "msm: sps: Fix race condition in SPS debugfs APIs" <Siqi Lin> 8 weeks ago
611cad9 : Revert "msm: camera: validate num_streams in stream_cfg_cmd before using it" <Siqi Lin> 8 weeks ago
6b54f55 : Revert "msm: camera: isp: Avoid information leak in ISPIF" <Siqi Lin> 8 weeks ago
637d1d5 : msm: camera: isp: fix for out of bound access array <Maggie White> 2 months ago
dcc5cd8 : ASoC: msm: remove unused msm-compr-q6-v2 <Xiaojun Sang> 5 months ago
82bbf01 : msm: camera: Allow driver file to be opend only once. <Trishansh Bhardwaj> 5 months ago
7ef8f85 : BACKPORT: ipv6/dccp: do not inherit ipv6_mc_list from parent <WANG Cong> 4 months ago
b0fe3a5 : UPSTREAM: ALSA: timer: Fix missing queue indices reset at SNDRV_TIMER_IOCTL_SELECT <Takashi Iwai> 4 months ago
35797c3 : BACKPORT: ALSA: timer: Fix race between read and ioctl <Takashi Iwai> 4 months ago
2573e16 : BACKPORT: ext4: fix data exposure after a crash <Jan Kara> 3 months ago
cd3a10e : BACKPORT: dccp/tcp: do not inherit mc_list from parent <Eric Dumazet> 4 months ago
9ba1700 : UPSTREAM: mm: fix new crash in unmapped_area_topdown() <Hugh Dickins> 3 months ago
d220a96 : BACKPORT: mm: larger stack guard gap, between vmas <Hugh Dickins> 3 months ago
f46e20a : ion: Fix unprotected userspace access <Se Wang (Patrick) Oh> 2 years, 3 months ago
700c28e : msm: camera: isp: Handle array out of bounds <Dennis Cagle> 3 months ago
63764a2 : mm: Fix incorrect type conversion for size during dma allocation <Maggie White> 2 months ago
6f14882 : ASoC: msm: qdsp6v2: extend validation of virtual address <Siena Richard> 8 months ago
866c001 : msm: sensor: Validationg function pointers before using them <VijayaKumar T M> 10 months ago
c006c9b : UPSTREAM: tcp: avoid infinite loop in tcp_splice_read() <Eric Dumazet> 8 months ago
96c9873 : UPSTREAM: packet: fix races in fanout_add() <Eric Dumazet> 7 months ago
ecf42ba : BACKPORT: ip6_gre: fix ip6gre_err() invalid reads <Eric Dumazet> 7 months ago
e84ce9f : UPSTREAM: mm/mempolicy.c: fix error handling in set_mempolicy and mbind. <Chris Salls> 5 months ago
ae96e58 : net: wireless: bcmdhd: adding boundary check for pfn events <Insun Song> 3 months ago
417d2ab : net: wireless: bcmdhd: Remove "dhd_handle_swc_evt" from dhd. <Sudhir Kohalli> 3 months ago
0dede9d : BACKPORT: crypto: msm: Fix buffer overflow issue <Dennis Cagle> 3 months ago
ba303ff : net: wireless: bcmdhd: add boundary check in GSCAN full result handler <Sudhir Kohalli> 3 months ago
25068b3 : net: wireless: bcmdhd: adding boudary check in wl_escan_handler <Insun Song> 3 months ago
723eb58 : net: wireless: bcmdhd: adding boundary check in wl_notify_rx_mgmt_frame <Insun Song> 4 months ago
b470493 : net: wireless: bcmdhd: add boundary check in dhd_rtt_event_handler <Insun Song> 4 months ago
a6840dc : msm: camera: isp: Avoid information leak in ISPIF <Venu Yeshala> 4 months ago
eaf0f7f : msm: ipa: fix security issues in ipa wan driver <Skylar Chang> 6 months ago
e1d73802 : msm:camera: correct stats query out of boundary <Fei Zhang> 4 months ago
be82753 : msm: camera: validate num_streams in stream_cfg_cmd before using it <Gaoxiang Chen> 4 months ago
db91427 : msm: camera: fix off-by-one overflow in msm_isp_get_bufq <Gaoxiang Chen> 9 weeks ago
22d8e80 : Prevent potential double frees in sg driver <Robb Glasser> 6 months ago
164de57 : dm ioctl: prevent stack leak in dm ioctl call <Adrian Salido> 5 months ago
6ae1f0c : msm: camera: Fix Use after free bug in msm_vb2.c. <VijayaKumar T M> 3 months ago
00cd887 : msm: camera: Use mutex lock to avoid race condition <Stuart Scott> 10 weeks ago
a72a005 : msm: sps: Fix race condition in SPS debugfs APIs <Siva Kumar Akkireddi> 4 months ago
 
**** cmold:android_kernel_motorola_msm8226 ****
41e13c4 : msm: camera: Allow driver file to be opend only once. <Trishansh Bhardwaj> 5 months ago
ef451eb : prima: Fix out of bound read issue in get link properties <Srinivas Girigowda> 2 months ago
d845bd3 : ASoC: msm: remove unused msm-compr-q6-v2 <Xiaojun Sang> 5 months ago
e234860 : mm: Fix incorrect type conversion for size during dma allocation <Maggie White> 2 months ago
62bdd72 : wcnss: fix the potential memory leak and heap overflow <Sarada Prasanna Garnayak> 5 months ago
0b40118 : msm: camera: isp: fix for out of bound access array <Maggie White> 2 months ago
8b34b72 : ipx: call ipxitf_put() in ioctl error path <Dan Carpenter> 5 months ago
3b8458e : xfrm: policy: check policy direction value <Vladis Dronov> 6 weeks ago
f0ac932 : prima: Avoid concurrent matrix max param overread <Srinivas Girigowda> 10 weeks ago
251e83c : msm: camera: fix off-by-one overflow in msm_isp_get_bufq <Gaoxiang Chen> 4 months ago
86492fa : ASoC: msm: qdsp6v2: extend validation of virtual address <Siena Richard> 8 months ago
b9a27cc : msm: vidc: Validate userspace buffer count before using it <Pachika, Vikas Reddy> 3 years, 10 months ago
12d8824 : msm: vidc: Validate userspace buffer count <Pachika, Vikas Reddy> 3 years, 11 months ago
 
**** cmold:android_kernel_motorola_msm8916 ****
836bc97 : ANDROID: sdcardfs: Add missing break <Daniel Rosenberg> 8 days ago
e48c11c : ANDROID: Sdcardfs: Move gid derivation under flag <Daniel Rosenberg> 8 weeks ago
675adf7 : ANDROID: mnt: Fix freeing of mount data <Daniel Rosenberg> 10 days ago
f7b9b30 : msm: camera: fix off-by-one overflow in msm_isp_get_bufq <VijayaKumar T M> 6 weeks ago
f08417e : msm: pcie: add bounds check for debugfs register write <Tony Truong> 8 months ago
b641280 : Prevent heap overflow in uvc driver <Robb Glasser> 7 months ago
d16724f : msm: camera: Allow driver file to be opend only once. <Trishansh Bhardwaj> 5 months ago
b4b3f69 : msm: camera: isp: fix for out of bound access array <Senthil Kumar Rajagopal> 7 months ago
122d184 : wcnss: fix the potential memory leak and heap overflow <Sarada Prasanna Garnayak> 5 months ago
014964d : soc: qcom: msm_bus: add mutex lock for cllist data <Maria Yu> 5 months ago
0944091 : msm: msm_bus: Add trace events to ad-hoc bus driver <Alok Chauhan> 2 years, 9 months ago
5b48d38 : msm: msm_bus: Add new APIs for bus scaling <Girish Mahadevan> 2 years, 10 months ago
82e4c21 : Revert "msm: msm_bus: add mutex to protect cl_list" <Alberto97> 9 days ago
86a1404 : ASoC: msm: qdsp6v2: extend validation of virtual address <Siena Richard> 4 months ago
39783f7 : ASoC: msm: qdsp6v2: extend validation of virtual address <Siena Richard> 8 months ago
7ba6096 : ASoC: msm: remove unused msm-compr-q6-v2 <Xiaojun Sang> 5 months ago
930eb00 : ion: Fix unprotected userspace access <Se Wang (Patrick) Oh> 2 years, 3 months ago
 
**** cmold:android_kernel_motorola_msm8992 ****
d03a0ac : Bluetooth: Properly check L2CAP config option output buffer length <Ben Seri> 7 days ago
 
**** cmold:android_kernel_oneplus_msm8998 ****
c932b07 : drivers: misc OnePlus source imports <Alexander Martinz> 4 weeks ago
0b5609a : msm: kgsl: Don't delete uninitialized preemption timer <Wenbin Wang> 6 months ago
 
**** cmold:android_kernel_samsung_d2 ****
d14f811 : Bluetooth: Properly check L2CAP config option output buffer length <Ben Seri> 7 days ago
 
**** cmold:android_kernel_samsung_jf ****
bc1acd3 : Bluetooth: Properly check L2CAP config option output buffer length <Ben Seri> 7 days ago
 
**** cmold:android_kernel_samsung_msm8974 ****
26e3e93 : arm: defconfig: Enable BFQ scheduler for {h,k}lte* <Kevin F. Haggerty> 3 hours ago
b672e62 : bfq-sched: Forcefully lookup entities when the cache is inconsistent <Diogo Ferreira> 10 months ago
b60ff55 : block, bfq: add Early Queue Merge (EQM) to BFQ-v7r8 for 3.4.0 <Mauro Andreolini> 2 years, 3 months ago
ea82975 : block: introduce the BFQ-v7r8 I/O sched for 3.4 <Paolo Valente> 4 years, 4 months ago
d2e91f6 : block: cgroups, kconfig, build bits for BFQ-v7r8-3.4 <Arianna Avanzini> 3 years, 8 months ago
37aa79e : ANDROID: sdcardfs: Add missing break <Daniel Rosenberg> 8 days ago
1fd7400 : ANDROID: Sdcardfs: Move gid derivation under flag <Daniel Rosenberg> 8 weeks ago
fb3e95e : ANDROID: mnt: Fix freeing of mount data <Daniel Rosenberg> 10 days ago
7fa8de5 : misc: Import SM-G900F kernel source code <Kevin F. Haggerty> 2 days ago
cd84983 : net: wireless: bcmdhd: fix for IOVAR GET failed <Insun Song> 6 months ago
4145c3e : ANDROID: ion: Protect kref from userspace manipulation <Daniel Rosenberg> 8 months ago
cfce084 : mm: Fix incorrect type conversion for size during dma allocation <Maggie White> 2 months ago
b6b140f : defconfig: gud: Remove gud driver <Dennis Cagle> 4 months ago
1cd9f76 : msm: gud: Remove gud driver <Maggie White> 4 months ago
cb708cb : USB: f_qc_rndis: Prevent use-after-free for _rndis_qc <Lena Salman> 3 years, 4 months ago
b0305a8 : usb: gadget: qc_rndis: Clean up code to allow patches to apply cleanly <Kevin F. Haggerty> 2 days ago
ccb763f : f_qc_rndis: Check config or cdev is NULL in before accessing <Mayank Rana> 3 years, 1 month ago
f4c99c1 : IKHSS7-18791 msm:fix the list usage in msm_bus_dbg <lianwei.wang> 5 years ago
d4a5fec : decnet: dn_rtmsg: Improve input length sanitization in dnrmg_receive_user_skb <Mateusz Jurczyk> 3 months ago
434975e : fuse: initialize the flock flag in fuse_file on allocation <Mateusz Jurczyk> 3 months ago
3f8d4ea : af_unix: Add sockaddr length checks before accessing sa_family in bind and connect handlers <Mateusz Jurczyk> 3 months ago
08fb81d : caif: Add sockaddr length check before accessing sa_family in connect handler <Mateusz Jurczyk> 3 months ago
b696b58 : nfc: Fix the sockaddr length sanitization in llcp_sock_connect <Mateusz Jurczyk> 4 months ago
e24eaac : nfc: Ensure presence of required attributes in the activate_target handler <Mateusz Jurczyk> 4 months ago
9ce07c4 : NFC: Add sockaddr length checks before accessing sa_family in bind handlers <Mateusz Jurczyk> 3 months ago
01d9ed4 : af_iucv: Move sockaddr length checks to before accessing sa_family in bind and connect handlers <Mateusz Jurczyk> 3 months ago
710b594 : Bluetooth: Add sockaddr length checks before accessing sa_family in bind and connect handlers <Mateusz Jurczyk> 3 months ago
e002d88 : kernel/sysctl_binary.c: check name array length in deprecated_sysctl_warning() <Mateusz Jurczyk> 9 weeks ago
605c0f1 : lowmemorykiller: Account for unevictable pages in vmpressure notifier <myfluxi> 9 months ago
abb3f3f : lowmemorykiller: Account for unevictable pages <Tim Murray> 1 year ago
21583d3 : lowmemorykiller: Set TIF_MEMDIE before send kill sig <Weijie Yang> 3 years, 7 months ago
7eeb3cf : lowmemorykiller: avoid false adaptive LMK triggers <Vinayak Menon> 2 years, 1 month ago
5d1aba9 : lowmemorykiller: adapt to vmpressure <Vinayak Menon> 2 years, 6 months ago
7ec4ebc : lowmemorykiller: Do proper NULL checks <Susheel Khiani> 2 years, 7 months ago
706fcc1 : lowmemorykiller: Run the lowmemory notifier when killing <Laura Abbott> 3 years ago
79003c5 : mm: Add notifier framework for showing memory <Laura Abbott> 3 years ago
7ceb7a6 : mm: vmpressure: allow in-kernel clients to subscribe for events <Vinayak Menon> 2 years, 6 months ago
4e2fa12 : lowmemorykiller: Dump out slab state information <Laura Abbott> 3 years ago
d4a8cac : lowmemorykiller: enhance debug information <Liam Mark> 3 years, 3 months ago
85ea423 : mm, oom: make dump_tasks public <Liam Mark> 3 years, 3 months ago
b08debd : lowmemorykiller: use for_each_thread instead of buggy while_each_thread <Vinayak Menon> 2 years, 4 months ago
d46f061 : lowmemorykiller: Don't count swap cache pages twice <Liam Mark> 2 years, 7 months ago
a2fad03 : lowmemorykiller: Account for highmem during kswapd reclaim <Liam Mark> 3 years, 6 months ago
1fdfb58 : lowmemorykiller: Remove Samsung sprinkles <Kevin F. Haggerty> 5 days ago
a8149a6 : Bluetooth: Properly check L2CAP config option output buffer length <Ben Seri> 7 days ago
93710f3 : ASoC: msm: remove unused msm-compr-q6-v2 <Xiaojun Sang> 5 months ago
00297f0 : wcnss: fix the potential memory leak and heap overflow <Sarada Prasanna Garnayak> 5 months ago
9bb0ad2 : msm: camera: isp: fix for out of bound access array <Maggie White> 2 months ago
9ee05b2 : msm: camera: Allow driver file to be opend only once. <Trishansh Bhardwaj> 5 months ago
63825e6 : ipx: call ipxitf_put() in ioctl error path <Dan Carpenter> 5 months ago
 
**** cmold:android_kernel_sony_apq8064 ****
1cc9351 : Revert "PM: Introduce suspend state PM_SUSPEND_FREEZE" <Kalpaj Chaudhari> 3 weeks ago
9d71cf3 : lc898300: Implement a sysfs class interface to control vibrator level <Adrian DC> 1 year, 3 months ago
ad7e8bf : Revert "driver: lc898300: implement sysfs interface for vibrator intensity" <CyberWalkMaN> 7 days ago
553b065 : hrtimer: Prevent enqueue of hrtimer on dead CPU <Michael Bohan> 4 years, 5 months ago
ef67c97 : hrtimer: Consider preemption when migrating hrtimer cpu_bases <Michael Bohan> 4 years, 5 months ago
e8cb5057 : sched: add wait_for_completion_io[_timeout] <Vladimir Davydov> 4 years, 7 months ago
5cf3e5e : sched: Micro-optimize the smart wake-affine logic <Peter Zijlstra> 4 years ago
d005da0 : sched: Implement smarter wake-affine logic <Michael Wang> 4 years ago
3f749e3 : sched: reinitialize rq->next_balance when a CPU is hot-added <Paul Walmsley> 4 years, 6 months ago
2795657 : staging: LMK: Evaluate regular swap space when calculating memory <Angelo G. Del Regno> 6 months ago
1008fdf : Fix CONFIG_HZ dependency in wifi driver. <Tim Murray> 1 year, 6 months ago
0ac9d58 : arm/configs: add NFLOG to hammerhead_defconfig <Patrick Tjin> 2 years, 2 months ago
4c4daae : PM / suspend: Remove unnecessary !! <Viresh Kumar> 3 years, 6 months ago
f16cad5 : BACKPORT: Bluetooth: Fix potential NULL dereference in RFCOMM bind callback <Jaganath Kanakkassery> 2 years, 4 months ago
8c541ad : msm: move printk out of spin lock low_water_lock <Tingting Yang> 4 years, 1 month ago
4c7e2e4 : timer: optimize apply_slack() <Felix Fietkau> 5 years ago
b601e05 : mm/hotplug: correctly setup fallback zonelists when creating new pgdat <Jiang Liu> 5 years ago
e22e004 : kernel/cpu.c: Add comment for priority in cpu_hotplug_pm_callback <Fenghua Yu> 4 years, 10 months ago
e0a4b86 : ACPI / processor: prevent cpu from becoming online <Yasuaki Ishimatsu> 4 years, 11 months ago
3b044e1 : smp: Fix idle_thread_init() inline stub <Thomas Gleixner> 5 years ago
7f42c70 : irq: Set CPU affinity right on thread creation <Sankara Muthukrishnan> 4 years, 11 months ago
a2a28b3 : CHROMIUM: clocksource: allow clocksources to be selected earlier during boot <Andrew Bresticker> 4 years ago
ed1d85f : smp: Allow booting a specific subset of CPUs <Stepan Moskovchenko> 3 years, 4 months ago
46448d6 : timer: Generalize timer->base flags handling <Tejun Heo> 5 years ago
7f55c4e : timekeeping: Add persistent_clock_exist flag <Feng Tang> 4 years, 8 months ago
f8f1f65 : ipv4: try to cache dst_entries which would cause a redirect <Hannes Frederic Sowa> 2 years, 8 months ago
d54c242 : cfg80211: Allow use_mfp to be specified with the connect command <Jouni Malinen> 3 years, 3 months ago
fb4da47 : net: ipv4: tcp: Get tcpi_count via file_count() not direct access <Lorenzo Colitti> 2 years, 7 months ago
3fd41c4 : bluetooth: Validate socket address length in sco_sock_bind(). <David S. Miller> 1 year, 9 months ago
7817208 : um: Put device-specific code behind #ifndef CONFIG_UML. <Lorenzo Colitti> 2 years, 7 months ago
3e71210 : wlan:Check priviledge permission for SET_CHANNEL_RANGE <Amarnath Hullur Subramanyam> 1 year, 11 months ago
2fd22bc : defconfig: fusion3: Disable CONFIG_CP_ACCESS <Tom Marshall> 6 weeks ago
483d1e1 : ALSA: seq: Fix race at creating a queue <Takashi Iwai> 7 months ago
d9a3783 : f2fs: sanity check segment count <Jin Qian> 5 months ago
874a1b4 : f2fs: sanity check checkpoint segno and blkoff <Jin Qian> 4 months ago
2220e0e : sched/fair: Fix and optimize the fork() path <Peter Zijlstra> 1 year, 3 months ago
1638514 : lib: lz4: Set ARM_EFFICIENT_UNALIGNED_ACCESS <Shashank Shekhar> 2 years, 9 months ago
816e4f7 : Revert "qseecom: fix an issue related to search app when unloading an app" <Shreyas Narayan> 2 years, 7 months ago
8d057663 : defconfig: fusion3: Support for AES CTR crypto algorithm <Subash Abhinov Kasiviswanathan> 2 years, 11 months ago
 
**** cmold:android_kernel_xiaomi_cancro ****
b709a6f : sctp: do not inherit ipv6_{mc|ac|fl}_list from parent <Eric Dumazet> 4 months ago
49516ea : dccp/tcp: do not inherit mc_list from parent <Eric Dumazet> 4 months ago
83cc284 : ashmem: remove cache maintenance support <Sudarshan Rajagopalan> 5 months ago
671045e : msm: camera: don't cut to 8bits for validating enum variable <Gaoxiang Chen> 6 months ago
9cb6a62 : msm: camera: sensor: Add boundary check for cci master <Rajesh Bondugula> 10 months ago
21e2a5c : BACKPORT: msm: IPA: add the check on intf query <Skylar Chang> 7 months ago
07ddffb : mm: Tighten x86 /dev/mem with zeroing reads <Kees Cook> 5 months ago
ee57717 : x86/mm/init.c: Fix devmem_is_allowed() off by one <T Makphaibulchoke> 5 years ago
f59c6a8 : xfrm_user: validate XFRM_MSG_NEWAE XFRMA_REPLAY_ESN_VAL replay_window <Andy Whitcroft> 6 months ago
e7b167b : Revert "msm: camera: sensor: Validate i2c_freq_mode in msm_cci_set_clk_param" <Michael Bestas> 5 weeks ago
dac8178 : irda: Fix lockdep annotations in hashbin_delete(). <David S. Miller> 7 months ago
dac2e80 : ext4: fix fencepost in s_first_meta_bg validation <Theodore Ts'o> 7 months ago
7970ff5 : ext4: fix condition of validate s_first_meta_bg <syphyr> 3 months ago
884df37 : tcp: do not lock listener to process SYN packets <Eric Dumazet> 2 years ago
801a390 : ipv4: keep skb->dst around in presence of IP options <Eric Dumazet> 7 months ago
3705d44 : ping: implement proper locking <Eric Dumazet> 6 months ago
eb801e5 : tty: n_hdlc: get rid of racy n_hdlc.tbuf <Alexander Popov> 7 months ago
8da357e : TTY: n_hdlc, fix lockdep false positive <Jiri Slaby> 1 year, 10 months ago
688e464 : selinux: fix off-by-one in setprocattr <Stephen Smalley> 8 months ago
f27dbcd : Revert "proc: smaps: Allow smaps access for CAP_SYS_RESOURCE" <Nick Desaulniers> 5 months ago
d5ab978 : msm: camera: sensor: Validate i2c_freq_mode in msm_cci_set_clk_param <VijayaKumar T M> 10 months ago
5b06cb3 : Input: gtco - fix crash on detecting device without endpoints <Vladis Dronov> 1 year, 6 months ago
51d3f0a : Input: powermate - fix oops with malicious USB descriptors <Josh Boyer> 1 year, 6 months ago
ca6c885 : Input: ati_remote2 - fix crashes on detecting device with invalid descriptor <Vladis Dronov> 1 year, 6 months ago
f490393 : unix: correctly track in-flight fds in sending process user_struct <Hannes Frederic Sowa> 1 year, 7 months ago
52e9b94 : unix: properly account for FDs passed over unix sockets <willy tarreau> 1 year, 8 months ago
553489e : msm: crypto: set CLR_CNTXT bit for crypto operations <AnilKumar Chimata> 9 months ago
a2fa99f : soc: qcom: scm: add check to avoid buffer overflow <Satya Durga Srinivasu Prabhala> 11 months ago
d237b82 : ASoC: soc: prevent risk of buffer overflow <Xiaojun Sang> 11 months ago
4d2cb5e : ASoC: msm: qdsp6v2: return error when copy from userspace fails <Siena Richard> 8 months ago
2b6b49d : ASoC: msm: qdsp6v2: return error when copy from userspace fails <Siena Richard> 10 months ago
b801ae9 : ASoC: msm: Fix to avoid crash during voip call <Vidyakumar Athota> 3 years, 2 months ago
c3f19b7 : ASoC: msm: qdsp6v2: Add range checking in msm_dai_q6_set_channel_map <Xiaoyu Ye> 9 months ago
5bbbf70 : ASoC: msm: q6dspv2: use correct variable type to store ION buff size <Banajit Goswami> 11 months ago
6b28c94 : defconfig: msm: Disable CONFIG_CP_ACCESS <Tom Marshall> 3 days ago
e9655a0 : msm: cpp: Fix for integer overflow in cpp <Ariel Yin> 8 months ago
c5e8fba : input: misc: fix heap overflow issue in hbtp_input.c <Vevek Venkatesan> 9 months ago
ecbcf61 : ALSA: info: Check for integer overflow in snd_info_entry_write() <Siqi Lin> 11 months ago
27166d1 : perf: don't leave group_entry on sibling list (use-after-free) <John Dias> 10 months ago
848144e : sctp: validate chunk len before actually using it <Marcelo Ricardo Leitner> 11 months ago
99f9a1f : drivers: qcom: ultrasound: Lock async driver calls <Sudheer Papothi> 11 months ago
2d892983 : msm: cpp: Fix for buffer overflow in cpp. <Krishnankutty Kolathappilly> 10 months ago
066e221 : proc: prevent accessing /proc/<PID>/environ until it's ready <Mathias Krause> 1 year, 4 months ago
6b5a7e8 : fs/exec: fix use after free in execve <Andrea Arcangeli> 8 weeks ago
eca421b : hid: usbhid: Changes to prevent buffer overflow <Tom Marshall> 7 weeks ago
6860f1e : drivers: soc: qcom: Add error handling in function avtimer_ioctl <Xiaoyu Ye> 9 months ago
9e4accc : avtimer: update ioctl call to query avtimer <Laxminath Kasam> 1 year, 10 months ago
b69c9e2 : msm : dma_test: Initialize newly allocated memory <Srinivasarao P> 1 year, 2 months ago
da928f1 : arm: oabi compat: add missing access checks <Dave Weinstein> 1 year, 2 months ago
8a32301 : USB: digi_acceleport: do sanity checking for the number of ports <Oliver Neukum> 1 year, 6 months ago
 
**** cm:LineageOS/android_packages_apps_Jelly ****
5f25616 : Jelly: Reuse DateFormat instance in HistoryAdapter. <Johan Olsson> 6 days ago
 
**** cm:LineageOS/android_packages_apps_Snap ****
853e8ee : WideAnglePanoramaUI: Show switcher on Stop Capture <Alberto97> 5 days ago
 
**** commotio:commotio ****
71dd6a0 : Fingerprinting <DHOMD> 32 hours ago
 
**** github:TheMuppets/proprietary_vendor_oneplus ****
69a73ed : oneplus2: add modem firmware <OzzysCmAcc> 3 days ago
 
**** vanir:vendor_vanir ****
a4dbe26 : Fingerprint the things <nuclearmistake> 10 days ago
 
