
**** cm:LineageOS/android_bootable_recovery ****
41ed544 : recovery: Fix "Wipe data" wrong "System reset" naming <Adrian DC> 2 days ago
 
**** vanir:build ****
e038bd2 : Build hacks <DHOMD> 3 months ago
 
**** cm:LineageOS/android_device_cyanogen_msm8916-common ****
2df88b1 : releasetools: Allow asserting baseband version <Michael Bestas> 2 weeks ago
 
**** vanir:device_htc_m7-common ****
3ad0344 : m7-common: CarrierConfig: Enable world mode for verizon <Matt Mower> 2 days ago
 
**** vanir:device_htc_s4-common ****
4872c8d : s4-common: CarrierConfig: Enable world mode for verizon <Matt Mower> 2 days ago
 
**** vanir:device_huawei_angler ****
941e584 : I need a quieter lawn mover or a louder phone <DHOMD> 3 weeks ago
a0c8d24 : Update IMS paths in init.angler <DHOMD> 5 weeks ago
 
**** vanir:device_lge_g2-common ****
50ef938 : g2-common: Fix baseband <Nikola Majkić> 8 hours ago
 
**** vanir:device_lge_hammerhead ****
af29e65 : hammerhead: remove duplicate bcm4335c0.hcd in proprietary blobs <razorloves> 2 days ago
 
**** cm:LineageOS/android_device_motorola_condor ****
6af3b1f : condor: rebrand to LineageOS <Sultan Qasim Khan> 10 days ago
 
**** vanir:device_motorola_msm8226-common ****
5827cb4 : msm8226-common: Remove our custom mkbootimg <Gabriele M> 35 hours ago
 
**** cm:LineageOS/android_device_motorola_msm8610-common ****
60af3a5 : msm8610-common: rebrand to LineageOS <Sultan Qasim Khan> 10 days ago
 
**** cm:LineageOS/android_device_motorola_otus ****
f58d762 : otus: rebrand to LineageOS <Sultan Qasim Khan> 10 days ago
 
**** cm:LineageOS/android_device_oneplus_oneplus3 ****
b81cedd : op3: Add seclabel to bluetooth related services <luca020400> 6 weeks ago
5415127 : op3: Address SELinux denials <dianlujitao> 14 hours ago
773d48e : op3: restart cam preview after picture taken <Ivan Grinko> 17 hours ago
f5a2b7d : op3: Stop using legacy open for cameras <dianlujitao> 4 days ago
8c1fa22 : Revert "op3: disable sound trigger" <dianlujitao> 3 days ago
a419a8c : op3: Add README.md <dianlujitao> 3 days ago
16e20ce : op3: Remove LED happy dance <dianlujitao> 4 days ago
fe332e5 : op3: Don't hardcode network mode for SIM2 <dianlujitao> 2 days ago
a931956 : op3: perflock: Changes in the initialization of perf lock <Vijay Ganti> 7 months ago
40033b0 : op3: Set device bring up year <Bruno Martins> 6 days ago
2300183 : op3: Update build fingerprint <dianlujitao> 4 days ago
c212dfd : Revert "op3: Enable legacy HAL1 hackage" <dianlujitao> 5 days ago
8974d6a : op3: Update camera blobs <dianlujitao> 5 days ago
a0715ba : op3: Add radio filesmap <dianlujitao> 6 months ago
1a972a7 : op3: Switch to XML audio policy configuration <dianlujitao> 4 weeks ago
244790d : op3: Update ramdisk from LA.UM.5.5.r1-02200-8x96.0 <dianlujitao> 4 weeks ago
0286acb : op3: Correct the name of the frp partition <dianlujitao> 4 weeks ago
2732dd5 : op3: Add net_raw group to ril-daemon <dianlujitao> 6 weeks ago
f3fb5a9 : op3: Build libgnsspps.so <dianlujitao> 6 weeks ago
e74263c : op3: ril: add required change to get ril loaded <Altaf-Mahdi> 2 weeks ago
9b2456b : op3: Copy ril headers from ril-caf <dianlujitao> 6 weeks ago
316e074 : op3: Update bloblist for official N blobs <dianlujitao> 6 weeks ago
ba79dfc : op3: Update GPS hal from upstream <dianlujitao> 6 weeks ago
034e2a5 : op3: Update IPACM for new BSP <dianlujitao> 6 weeks ago
b6c7d0c : op3: Misc updates from official N <dianlujitao> 6 weeks ago
 
**** cm:LineageOS/android_device_oppo_msm8974-common ****
5abe180 : Port from bacon: Add blob to decrypt full-disk encryption of /data. <J. Joe Feise> 8 weeks ago
 
**** vanir:device_samsung_jf-common ****
766ee16 : jf: Generate graphics vendor Makefile if missing <Gabriele M> 8 weeks ago
 
**** vanir:device_samsung_jfltexx ****
63471b3 : jfltexx: Rebrand to LineageOS <Zhao Wei Liew> 2 days ago
 
**** vanir:device_samsung_klte ****
61e4081 : klte: Update README <Kevin F. Haggerty> 31 hours ago
 
**** vanir:device_samsung_klte-common ****
e831cc5 : klte-common: Fix rotation sensor <Paul Keith> 23 hours ago
 
**** cm:LineageOS/android_device_samsung_kltedv ****
8baccd1 : kltedv: Update README <Kevin F. Haggerty> 31 hours ago
 
**** cm:LineageOS/android_device_samsung_kltespr ****
002958c : kltespr: Update README <Kevin F. Haggerty> 31 hours ago
 
**** vanir:device_samsung_kltevzw ****
c99b9a1 : kltevzw: Update README <Kevin F. Haggerty> 31 hours ago
 
**** vanir:device_samsung_msm8960-common ****
766f072 : rootdir: Move telephony symlinking to boot complete <Arne Coucheron> 3 days ago
 
**** vanir:device_samsung_qcom-common ****
3b6019e : Revert "Revert "qcom-common: doze: Add back button to action bar"" <Zhao Wei Liew> 2 days ago
 
**** cm:LineageOS/android_device_yu_tomato ****
2537afa : tomato: Add assertions on baseband version <Louis Popi> 3 weeks ago
 
**** vanir:frameworks_base ****
4329b46 : sensors: Allow opting out of default batch size <Paul Keith> 24 hours ago
24bb6b4 : Update APIs for building aapt aaot <DHOMD> 13 days ago
54f4e66 : OMS7-N: ApplicationsState: add filter for Substratum icon overlays [1/2] <Kuba Schenk> 7 weeks ago
3669db7 : Revert "N-Extras: Add dynamic theme BootAnimation support" <DHOMD> 13 days ago
6bd9692 : Likely break things to fix substratum builds <DHOMD> 3 weeks ago
7b6eee5 : OMS: Introduce MODIFY_OVERLAYS permission for user apps <bigrushdog> 4 weeks ago
6cc4d1a : Themes: Expose QS battery <Abdulwahab Isam> 3 months ago
e462692 : OMS7-N: ApplicationsState: add filter for Substratum overlays [1/2] <George G> 7 months ago
bbd2deb : N-Extras: AudioService: Allow system effect sounds to be themed <Nicholas Chum> 6 months ago
6a2738b : N-Extras: Add dynamic theme fonts support <0xD34D> 7 months ago
b534cf9 : N-Extras: Add dynamic theme BootAnimation support <0xD34D> 7 months ago
9ce9735 : SystemUI: Use own drawables for QS expand icon <Ivan Iskandar> 6 weeks ago
47e1a43 : OMS7 compatible 'Ambient notification inversion' <George G> 9 weeks ago
2013b46 : Allow prevention of doze notification color inversion <Daniel Koman> 1 year, 9 months ago
4a80d4b : Notification dynamic colors bool compatible with OMS7 <George G> 9 weeks ago
2b2e81f : Notifications: Expose a bool to disable dynamic colors <Nicholas Chum> 5 months ago
7d3d050 : Themes: Expose various QuickSettings text colors <Niklas Schnettler (Sh4dowSoul)> 3 months ago
9236596 : Allow custom alpha for notification shade bg color <Simao Gomes Viana> 7 weeks ago
792995a : SystemUI: Expose QS edit item decoration background color <Ivan Iskandar> 4 months ago
31e5ffc : Themes: Allow Navbar ripple color to be themed <Dave Kover> 9 months ago
1601c14 : Themes: Allow Permission Icons to be fully themed <Nicholas Chum> 1 year, 2 months ago
bed0d7d : Themes: Allow Immersive cling colors to be fully themed <Nicholas Chum> 1 year, 2 months ago
8cde51f : Themes: Expose resolver hardcoded colors <Dave Kover> 5 weeks ago
5efeadf : OMS7-N: Implement multi-target enable/disable and disable-all [11/11] <Jacob McSwain> 7 months ago
6a3a327 : OMS7-N: Do not enforce code policy limiting overlay installation [10/11] <Nicholas Chum> 3 months ago
e67cbde : OMS7-N: Persistence on boot through OverlayManagerServiceImpl [9/11] <Nicholas Chum> 7 months ago
1999b63 : OMS7-N: Disable Zygote preloaded drawables [8/11] <Josh Guilfoyle> 6 years ago
2c624ce : OMS7-N: installd: add command 'rmidmap' [7/11] <Mårten Kongstad> 8 months ago
eae8384 : OMS7-N: Fix memory leak during idmap creation [6/11] <Mårten Kongstad> 8 months ago
5c865a6 : OMS7-N: idmap: suppress print for padded resources [5/11] <Mårten Kongstad> 11 months ago
5026094 : OMS7-N: Set EXTRA_REPLACING correctly in ACTION_PACKAGE_ADDED [4/11] <Mårten Kongstad> 9 months ago
0812daa : OMS7-N: Integrate OverlayManagerService into framework [3/11] <Mårten Kongstad> 8 months ago
ad4f101 : OMS7-N: Introduce the OverlayManagerService [2/11] <Mårten Kongstad> 1 year, 1 month ago
a01af2a : OMS7-N: Support tagging resources as OK to overlay [1/11] <Mårten Kongstad> 1 year, 1 month ago
 
**** vanir:frameworks_native ****
8be0608 : OMS-N: installd: add command 'rmidmap' <Mårten Kongstad> 1 year, 1 month ago
45fdfdd : OMS7-N: installd: add command 'rmidmap' <Mårten Kongstad> 1 year, 1 month ago
 
**** cm:LineageOS/android_hardware_intel_common_omx-components ****
5abed81 : omx-component: fix video corruption <Benoît Laniel> 1 year, 1 month ago
 
**** cm:LineageOS/android_hardware_intel_img_psb_headers ****
7bb0667 : Allow clovertrail to include vbp_loader.h header <Jason Riordan> 8 months ago
 
**** cm:LineageOS/android_hardware_intel_img_psb_video ****
72b4180 : Encode: correctly handle VAConfig attributes on medfield/CTP <Benoît Laniel> 1 year, 2 months ago
e987d59 : Fix video encoding on clovertrail <Benoît Laniel> 1 year, 6 months ago
399140b : Add clovertrail support (based on the tree at 686e11709b57bc57ee94c3166f187fec959fd43b) <Benoît Laniel> 1 year, 8 months ago
747765a : Cleanup pvr_drv_video makefile for clovertrail support <Benoît Laniel> 1 year, 8 months ago
 
**** cm:LineageOS/android_hardware_qcom_fm ****
b516be3 : Use BOARD_HAVE_QCOM_FM flag <Ethan Chen> 5 hours ago
febb559 : Revert "fm: do not build for BCM FM devices" <Ethan Chen> 6 hours ago
4c0b246 : fm: do not build for BCM FM devices <David> 29 hours ago
 
**** vanir:hardware_samsung ****
7598a16 : dtbhtool: Add LOCAL_MODULE_TAGS := optional <Paul Keith> 9 hours ago
 
**** cm:LineageOS/android_hardware_samsung_slsi-cm_exynos ****
6080ca3 : libdisplay: add some special configs for Exynos 8890 <Fevax> 6 days ago
 
**** cmold:android_kernel_htc_msm8960 ****
364d198 : msm: HTC: m7/t6: Regenerate defconfigs <Matt Mower> 3 days ago
85d9ed9 : Makefile: update CROSS_COMPILE prefix <Matt Mower> 3 days ago
 
**** cmold:android_kernel_lge_hammerhead ****
fb10742 : packet: fix race condition in packet_set_ring <Philip Pettersson> 7 weeks ago
c436459 : netfilter: Change %p to %pK in debug messages <Min Chong> 3 months ago
0c1e587 : usb: gadget: f_mbim: Change %p to %pK in debug messages <Min Chong> 3 months ago
3fa71af : ASoC: msm: qdsp6v2: Change audio drivers to use %pK <Ben Romberger> 8 months ago
 
**** cmold:android_kernel_motorola_msm8610 ****
cb07f9b : netlink: Fix dump skb leak/double free <Herbert Xu> 8 months ago
edad7fb : ASoC: msm: qdsp6v2: Change audio drivers to use %pK <Ben Romberger> 8 months ago
7a81ed8 : sg_write()/bsg_write() is not fit to be called under KERNEL_DS <Al Viro> 4 weeks ago
cde236e : net: avoid signed overflows for SO_{SND|RCV}BUFFORCE <Eric Dumazet> 6 weeks ago
ff3f101 : net: cleanups in sock_setsockopt() <Eric Dumazet> 4 years, 9 months ago
ddacb86 : ALSA: pcm : Call kill_fasync() in stream lock <Takashi Iwai> 9 months ago
cc1664e : ppp: defer netns reference release for ppp channel <WANG Cong> 7 months ago
a85504c : ext4: validate s_reserved_gdt_blocks on mount <Theodore Ts'o> 7 months ago
 
**** cmold:android_kernel_oneplus_msm8996 ****
a022820 : qcacld-2.0: Update to LA.UM.5.5.c1-06000-8x96.0 <dianlujitao> 4 days ago
5899a29 : soc: qcom: glink: Fix uninitialized return value <Chris Lew> 4 months ago
f2a2cb3 : drivers: soc: add size checks and update log messages <Siena Richard> 3 months ago
7643afc : soc: qcom: build kryo perf events only for MSM8996 <Srinivas Ramana> 6 months ago
3d23cee : soc: qcom: glink_ssr: Fix uninitialized variable <Dhoat Harpal> 9 months ago
d98ad52 : soc: qcom: flush persistent kmaps and fixmap mappings for subsystem mdt <Gaurav Kohli> 5 months ago
25e40ba : coresight: fix the dangling pointer issues on coresight <Charan Teja Reddy> 4 months ago
95c0a2a : memshare: Add support to listen to SUBSYS_RAMDUMP_NOTIFICATION <Manoj Prabhu B> 5 months ago
ed9c359 : soc: qcom: smp2p: Fix kernel address leak <Karthikeyan Ramasubramanian> 5 months ago
ee468a0 : soc: qcom: rpm-smd: wait till all active set acks are cleared <Maulik Shah> 8 months ago
a52ceda : soc: qcom: protect kernel text from other bus masters <Shiraz Hashim> 5 months ago
6449222 : msm: mink: Adding SMCInvoke Driver <Dinesh K Garg> 7 months ago
c974292e : soc: qcom: ssr: Return from acknowledgment wait if modem is crashed <Avaneesh Kumar Dwivedi> 7 months ago
255e3ea : socinfo: Export API for getting SOC serial number <Yuanyuan Liu> 6 months ago
a55b2a0 : qcom: PMRESR register read returns zero for un supported group events <Prasad Sodagudi> 6 months ago
cfa7a45 : qcom: ssr: Fix possible overflow when copying firmware name <Srinivasarao P> 8 months ago
4958085 : soc: qcom: spm: Poll for the PMIC_STATE after updating the VCTL register <Anirudh Ghayal> 8 months ago
023946c : socinfo: Add support for ADP platform <Atul Raut> 7 months ago
012f317 : soc: qcom: bam_dmux: create Rx work queue with WQ_UNBOUND <Arun Kumar Neelakantam> 8 months ago
6f79378 : soc: qcom: Add new scm API support in function scm_set_boot_addr <Jaiju Yesudasan> 7 months ago
d53b563 : soc: qcom: pil: Proxy vote for QPIC clock during modem boot <Arun KS> 7 months ago
522f8fa : soc: qcom: boot_marker: change module load order <Atul Raut> 8 months ago
69a2f12 : drivers: soc: Add buffer overflow check for svc send request <Josh Kirsch> 9 months ago
e69a1e4 : soc: qcom: pil: timeouts to be disabled from pil-imem <Puja Gupta> 8 months ago
b1a765e : soc: qcom: boot_marker: pass formatted buffer to marker <Atul Raut> 9 months ago
deb6834 : soc: qcom: pil-q6v5: Update cx_max to INT_MAX while voting for CX rail <Avaneesh Kumar Dwivedi> 9 months ago
d6b8630 : drivers: soc: qcom: system_stats: Support for System stats <Mahesh Sivasubramanian> 9 months ago
7756f9d : soc: qcom: pil: Allow the MBA memory to be dynamic or a carveout <Puja Gupta> 9 months ago
a442a24 : soc: qcom: boot_stats: Add boot KPI markers <Atul Raut> 9 months ago
fbca637 : drivers: soc: Add intent notification callback for APR Glink <Deven Patel> 9 months ago
6d1be01 : soc: qcom: bam_dmux: exit ul_wakeup() thread in SSR case <Arun Kumar Neelakantam> 9 months ago
931e1eb : soc: qcom: pil-q6v5: Update max voltage level to INT_MAX for CX rail <Avaneesh Kumar Dwivedi> 9 months ago
d29c31e : msm: watchdog: Initialize delay_time variable with 0 <Gaurav Kohli> 10 months ago
a821512 : memshare: Synchronize memory allocation and free operations <Mohit Aggarwal> 10 months ago
6e8397c : soc: qcom: Return failure when subsystem descriptor is NULL <Avaneesh Kumar Dwivedi> 10 months ago
4692c51 : soc: qcom: remoteqdss: Implement the remaining message types <Patrick Daly> 10 months ago
cc71249 : soc: qcom: remoteqdss: Implement the new communication protocol <Patrick Daly> 11 months ago
8f90d1c : soc: qcom: add support for the socinfo v0.12 format <Se Wang (Patrick) Oh> 1 year, 3 months ago
7a6c907 : soc: qcom: Add offlining state to subsystem private state machine <Avaneesh Kumar Dwivedi> 10 months ago
9b21bde : spcom: add ION buffer support <Amir Samuelov> 10 months ago
649a668 : soc: qcom: jtagv8: disable the etm save-restore based on soc version <Charan Teja Reddy> 10 months ago
ae85498 : soc: qcom: Add support for gladiator error reporting v2 <Runmin Wang> 11 months ago
0e6cca0 : soc: qcom: pil: Make provision for collecting complete subsystem dump <Avaneesh Kumar Dwivedi> 10 months ago
f0bd5b7 : soc: qcom: fix spcom getting the file dentry <Amir Samuelov> 10 months ago
68ab4230 : qcom: subsystem_restart: Ignore SSR requests during system reboot/shutdown <Avaneesh Kumar Dwivedi> 10 months ago
7481c3c : icnss: Update WLAN mode in wlan_firmware_service <Yuanyuan Liu> 11 months ago
237b0e2 : icnss: Allocate msa memory in icnss_probe <Yuanyuan Liu> 10 months ago
c222605 : drivers: soc: Fix implicit typecast warning <Deven Patel> 10 months ago
54c8a83 : soc: qcom: pil-mss: Add scm call to inform TZ of modem area <Arun KS> 12 months ago
fc021df : soc: qcom: Use scm_is_secure_device() API to find secure boot or not <Prasad Sodagudi> 12 months ago
 
**** vanir:packages_apps_Bluetooth ****
36ec67c : cleanup unused resource strings <Marie Janssen> 12 days ago
 
**** vanir:packages_apps_CMParts ****
a6d80f6 : CMParts: Long-press power while display is off for torch <beanstown106> 1 year ago
6026784 : CMParts: profiles: Remove old PagerTabStrip hack <Zhao Wei Liew> 12 hours ago
1c156bf : ButtonBacklight: Preview timeout once user stops dragging <Zhao Wei Liew> 14 hours ago
7122e3c : CMParts: Update button backlight brightness in real time <nijel8> 9 days ago
b5ccea2 : ExpandedDesktop: Don't re-populate the app list in rebuild() <Zhao Wei Liew> 3 days ago
 
**** vanir:packages_apps_Contacts ****
e969e04 : Themes: Expose hardcoded layout and styles colors <beanstown106> 1 year, 2 months ago
 
**** vanir:packages_apps_ContactsCommon ****
8287180 : Themes: Expose hardcoded contact tile text colors <bgill55> 2 years ago
 
**** vanir:packages_apps_Dialer ****
4ff2151 : Dialer: Fix translations <Michael W> 2 days ago
c473e37 : Themes: InCallUI dialpad digits color <George G> 9 weeks ago
91e510e : Themes: Separate background color from text color <Alex Cruz> 9 months ago
 
**** vanir:packages_apps_ExactCalculator ****
52de819 : Themes: Expose all elevations <Abdulwahab Isam> 4 months ago
5fb9c66 : Themes: Expose hard coded background in java <Bryan Owens> 1 year, 1 month ago
 
**** vanir:packages_apps_PhoneCommon ****
45cd17c : Themes: Make dialpad seperator line theme-able <Thyrus11> 1 year, 11 months ago
 
**** vanir:packages_apps_Settings ****
a9d2eaf : Revert "Settings: DeviceInfo: Clean up the PlatLogo checks" <DHOMD> 8 hours ago
01cfd8b : Settings: DeviceInfo: Clean up the PlatLogo checks <Zhao Wei Liew> 3 days ago
f9987fb : Settings: Fix translations <Michael W> 2 days ago
6fa5392 : Allow restricted profiles on phones <Luke Dashjr> 7 days ago
ac8bd97 : Expose color for external settings icons <Clark Scheff> 3 weeks ago
8ad6074 : Hide the "show/hide overlays" when no overlay installed <Ivan Iskandar> 5 weeks ago
0cd5916 : Exclude overlays from the app counter <Ivan Iskandar> 6 weeks ago
ea40b89 : OMS7-N: Apps: show/hide Substratum icon overlays [2/2] <Kuba Schenk> 7 weeks ago
6b6b9e8 : OMS7-N: Apps: show/hide Substratum overlays [2/2] <George G> 7 months ago
63634ad : Settings: Expose LinearColorBar default colors <SpiritCroc> 6 weeks ago
eb04bde : Settings: Expose storage icon colors <SpiritCroc> 6 weeks ago
dad0be1 : Settings: Expose gesture settings switchbar <daveyannihilation> 7 weeks ago
7d1ed0e : Settings: Expose storage summary text <George G> 1 year, 2 months ago
4bff13c : Settings: Expose condition card colors <daveyannihilation> 4 months ago
cbfb5d5 : Settings: Expose dashboard category and tile color <Ivan Iskandar> 4 months ago
 
**** cm:LineageOS/android_packages_apps_Snap ****
32825fc : Snap: CAF strings cleanup second interation <Michael W> 2 days ago
 
**** vanir:packages_services_Telephony ****
0245fca : Telephony: Fix translations <Michael W> 2 days ago
 
**** vanir:prebuilts_cmsdk ****
b2a6a4d : Merge remote-tracking branch 'cm/cm-14.1' into HEAD <nuclearmistake> 8 hours ago
 
**** vanir:system_sepolicy ****
74a17c4 : OMS-N: Add service 'overlay' to service_contexts <Mårten Kongstad> 1 year, 7 months ago
ecce491 : OMS7-N: Add service 'overlay' to service_contexts <Mårten Kongstad> 1 year, 7 months ago
 
**** vanir:vendor_cmsdk ****
cf51b67 : cmsdk: Fix @deprecated annotation mismatch warnings <Zhao Wei Liew> 16 hours ago
05f0c40 : cmsdk: Update README references for LineageOS <Zhao Wei Liew> 2 days ago
 
**** github:TheMuppets/proprietary_vendor_google ****
5177c77 : shamrock: Update blobs to N3G06 <Ali İhsan Hatun> 2 days ago
53be8f9 : seed: HEX edit GPS blobs <Louis Popi> 5 days ago
a31e812 : Build GPS HAL from source <Arvin Quilao> 5 days ago
 
**** vanir:vendor_lge ****
32e3967 : hammerhead: remove duplicate bcm4335c0.hcd <razorloves> 2 days ago
 
**** github:TheMuppets/proprietary_vendor_oneplus ****
9e94fb1 : op3: Update blobs <dianlujitao> 5 days ago
f468160 : op3: Add radio images <dianlujitao> 6 weeks ago
2cda4c3 : op3: Update blobs from Open Beta 9 <dianlujitao> 4 weeks ago
2613256 : op3: Update to official N blobs <dianlujitao> 6 weeks ago
 
**** vanir:vendor_samsung ****
b0c625c : klte-common: Update blobs <Kevin F. Haggerty> 3 days ago
3cfdba8 : klte: Downgrade RIL/QC framework blobs to L revisions <Kevin F. Haggerty> 3 days ago
 
**** vanir:vendor_vanir ****
863f027 : Sepolicy: Add perm for find cmstatusbar <micky387> 5 days ago
 
