
**** cm:CyanogenMod/android_device_htc_hima-common ****
83c94c5 : hima: Disable GPS XTRA data download <Ethan Chen> 3 months ago
 
**** cm:CyanogenMod/android_device_oppo_msm8974-common ****
aaa6cfd : msm8974: Opt out of CM charger <Danny Baumann> 5 weeks ago
 
**** vanir:device_samsung_jf-common ****
2aef5cd : jf: rootdir: Remove useless IPv6 node writes <Zhao Wei Liew> 4 days ago
e4b7910 : jf: rootdir: Restore stock insthk and kickstart triggers <Zhao Wei Liew> 4 days ago
 
**** vanir:device_samsung_klte-common ****
f087b26 : klte-common: ril: Fix emergency call <B--B> 8 months ago
 
**** cm:CyanogenMod/android_device_sony_nicki ****
99fce34 : nicki: Fix headset key code <RonGokhale> 32 hours ago
 
**** cm:CyanogenMod/android_device_yu_tomato ****
b0ea29e : Revert "tomato: Add HighTouchSensitivity CMHW support" <Michael Bestas> 24 hours ago
 
**** cm:CyanogenMod/android_hardware_qcom_audio ****
543e8fa : msm8937: policy_hal: Don't fill in offload information for unsupported streams <Diogo Ferreira> 5 days ago
f0dd612 : msm8937: acdb: Make acdb reloading optional <Diogo Ferreira> 8 days ago
bf8c1ab : audio: Fix complilation warnings under Clang <Steve Kondik> 3 months ago
a11ff3c : ssr: Fix building with OSS materials <Ricardo Cerqueira> 3 months ago
77bb1db : post proc : volume listener : fix effect release crash <Eric Laurent> 10 months ago
d796841 : hal: Add support to reload ACDB files <Karthik Reddy Katta> 5 months ago
e1b5f35 : make: Fixup cross-platform guards <Ricardo Cerqueira> 4 months ago
95d38b9 : hal : Fix banned API's and input validation errors <Preetam Singh Ranawat> 5 months ago
67ab751 : hal: return with error code to avoid tearing down existing recording <Zhou Song> 5 months ago
90f2a4c : hal: add support for msm8917 tmo, msm8917 sku5 and msm8940 sku6 <Meng Wang> 5 months ago
9898456 : audiopolicymanager: fix device selection in getNewOutputDevice <Satya Krishna Pindiproli> 5 months ago
21f9fa7 : hal: post_proc: Do not enable volume listener <Dhanalakshmi Siddani> 6 months ago
6540c07 : audiopolicy: check active direct output before adding DIRECT_PCM flag <Zhou Song> 6 months ago
354a07c : hal: Update to make code more reliable <Kuirong Wang> 7 months ago
5319430 : hal : Fix data initialization and input validation errors <Preetam Singh Ranawat> 6 months ago
d77d3b3 : policy_hal: add support for 32/48KHz support for voip <Shiv Maliyappanahalli> 8 months ago
e66aba2 : hal: add support for 32/48KHz for voip <Shiv Maliyappanahalli> 8 months ago
78b70c0 : hal: add support for fluence in voice recognition <Vidyakumar Athota> 1 year, 3 months ago
726c71d : Revert "hal: Fix SSR issue for compress offload playback" <Naresh Tanniru> 7 months ago
a969a9b : Remove internal code name of msmtitanium for msm8952. <Arusha Goyal> 6 months ago
fd7607b : hal: stop sound trigger buffering during close <Mingming Yin> 8 months ago
fdbcd9d : Remove internal code name of msmtitanium for msm8952. <Arusha Goyal> 6 months ago
60cd764 : audio: port sound trigger fixes <Mingming Yin> 7 months ago
0a79f2c : hal: reset backend configuration before speaker calibration <Vidyakumar Athota> 9 months ago
4ffc926 : hal: Add support to get speaker FTM parameters <Vidyakumar Athota> 7 months ago
3abfee2 : Revert "hal: Fix voice call routing issue on headset" <Karthik Reddy Katta> 7 months ago
b137994 : hal: Fix warnings in audio HAL and policy <Alexy Joseph> 8 months ago
31eefec : hal: correct offload tear down check due to sw effect <Weiyin Jiang> 7 months ago
869f201 : hal: force device switch only for headset and headphone <Xiaojun Sang> 7 months ago
46025ef : hal: update compress offload pcm device ID <Vidyakumar Athota> 9 months ago
58081b6 : audiopolicy: fix notification tone during call not stopped after call ended <Zhou Song> 7 months ago
fccb915 : audiopolicy: do not set FM volume during device connection/disconnection <Satya Krishna Pindiproli> 7 months ago
0d47176 : hal: Fix the device disable/enable sequence for capture usecases <Karthik Reddy Katta> 1 year, 1 month ago
74a2eee : hal: support wsa combo for jacala <Naresh Tanniru> 7 months ago
cd327f8 : hal: don't allow track offload if there's active sw effect <Weiyin Jiang> 7 months ago
488ac37 : hal: spkr_prot: read temperature once during calibration <Vidyakumar Athota> 7 months ago
fdd505a : hal: limit AFE and ADM sample rate at 48 for speaker <Sidipotu Ashok> 7 months ago
bbce432 : hal: Ensure that stream is not started during Sub system restart. <Ashish Jain> 7 months ago
d211ef5 : policy_hal: handle incall sonification without checking output refCount <Weiyin Jiang> 7 months ago
4bd09d0 : hal: Add support to dynamically configure MI2S rx sample rate <Venkata Narendra Kumar Gutta> 8 months ago
f98e42f : hal: Remove return values from void functions <Leena Winterrowd> 8 months ago
ad8fff8 : hal: enhance the combo device detection logic during native playback <Sidipotu Ashok> 8 months ago
7f4817f : hal: Add support for FBSP in WSA analog mode <Venkata Narendra Kumar Gutta> 8 months ago
aee4fdd : hal: Fix potential memory leaks in HAL <Alexy Joseph> 8 months ago
4051676 : mm-audio: omx: Fix handling of flush error on session not found <Mingming Yin> 7 months ago
bb4cf0b : hal: fix no audio issue in voice call <Shiv Maliyappanahalli> 8 months ago
8d019b0 : hal: fix to enable aanc handset dynamically during voice call <Shiv Maliyappanahalli> 8 months ago
dda29e6 : hal: fix resource leak issues in platform.c <Mingming Yin> 10 months ago
34a303c : hal: Remove alac, ape from hardware decoder list <Naresh Tanniru> 8 months ago
d7a04cd : hal: Set sampling rate for stream_out <Leena Winterrowd> 8 months ago
 
**** cm:CyanogenMod/android_hardware_qcom_audio ****
dc4a1f6 : DO NOT MERGE Fix AudioEffect reply overflow <Andy Hung> 3 months ago
52af337 : hal: Garbage output in logcat <Keith Mok> 4 months ago
23187da : policy_hal: handle incall sonification without checking output refCount <Weiyin Jiang> 7 months ago
79f27c0 : hal: Fix WFD and voice call over USB concurrency <vivek mehta> 5 months ago
59da825 : hal: spk_prot: remove cond_wait for spkr_calib_cancel <Laxminath Kasam> 6 months ago
a0266fe : audio: update flags for selection of VoIP direct output <Karthik Reddy Katta> 10 months ago
e38d22a : hal: Fix glitch in audio playback during device switch <Weiyin Jiang> 6 months ago
237f1e8 : hal: spkr_prot: read temperature once during calibration <Vidyakumar Athota> 7 months ago
a74d752 : hal: correct offload tear down check due to sw effect <Weiyin Jiang> 7 months ago
886c244 : hal: remove explicit direct pcm usecase <vivek mehta> 1 year ago
f6cd4f7 : hal: stop sound trigger buffering during close <Mingming Yin> 8 months ago
4fb2812 : hal: don't allow track offload if there's active sw effect <Weiyin Jiang> 7 months ago
bfe1cc3 : hal: Fix 44.1Khz playback when native support is not enabled <Amit Shekhar> 8 months ago
dc520bc : libaudiopolicymanager: DirectPCM: fix 44.1 clip playing noisy issue <vivek mehta> 10 months ago
b73a764 : audio: Extend platform parser to allow device name aliasing <Ethan Chen> 2 years ago
64387ed : hal: Fix voice call recording <solk2> 2 years ago
91c7d6b : hal: Fix digital USB headset combo device <Steve Kondik> 2 years ago
be6fdfc : hal: Clean up compilation warnings <Steve Kondik> 1 year, 9 months ago
13ba1b4 : hal: Add support for audio amplifier HAL <Ethan Chen> 3 years, 4 months ago
381b7a0 : audio: Configure CM default feature set <Steve Kondik> 1 year, 9 months ago
b25084a : hal: Allow building hardware audio encoders <Arne Coucheron> 1 year, 8 months ago
f48de3d : audio: Use project pathmap <Ethan Chen> 9 months ago
1362fc7 : audio: Only allow non-legacy HAL <Ethan Chen> 9 months ago
b5b6d33 : hal: Update format table with AAC ADTS formats. <Ashish Jain> 10 months ago
102616d : HAL: Identify the track offload session <Sharad Sangle> 9 months ago
d7eaf2b : HAL: Identify Track offload session <Alexy Joseph> 10 months ago
8c21ad7 : Merge DAX2 changes <Gao Jie> 10 months ago
fc04fdc : hal: update in_call flag state based on mode information <Venkata Narendra Kumar Gutta> 11 months ago
12467a1 : hal: Use AUDIO_TX_MONO_COPP topology for incall record usecases <Karthik Reddy Katta> 10 months ago
 
**** cm:CyanogenMod/android_hardware_qcom_display ****
e435cea : Don't build lights module if vendor supplies it <Steve Kondik> 1 year, 10 months ago
9f98625 : make: Adjust to dynamic paths <Ricardo Cerqueira> 4 months ago
df7f309 : sdm: Add NULL check for allocated memory <Ramakant Singh> 5 months ago
5b880f0 : gralloc : Add singleton class for mdp capability <Ramakant Singh> 6 months ago
b8cb6de : sdm: Fix incorrect permission on hw_info.cpp <Naseer Ahmed> 6 months ago
805ea87 : libgralloc: Get appropriate width and height from metadata <Ramkumar Radhakrishnan> 6 months ago
57f0cc4 : sdm: Set the new panel width and height correctly <Ramakant Singh> 6 months ago
354bf79 : sdm: Disable partial update only if is enabled. <Dileep Marchya> 6 months ago
4570003 : sdm: Add parameter check for content list <Manoj Kumar AVM> 7 months ago
c5109e6 : sdm : Apply Default Mode on real framework start <Sravan Kumar D.V.N> 6 months ago
5e0a1dc : hwc: Initialize pipe type to kPipeTypeUnused <Pullakavi Srinivas> 6 months ago
c487a88 : sdm: Initialize blit class members <Anjaneya Prasad Musunuri> 6 months ago
3cb64d9 : sdm:  Adding mapping of MDP RGB565_UBWC  format to SDM format <Anjaneya Prasad Musunuri> 6 months ago
f4912df : sdm: Add support for 10 bit RGB/YUV formats. <Ramkumar Radhakrishnan> 6 months ago
db89d1f : libgralloc: Add support for 10 bit RGB/YUV formats. <Ramkumar Radhakrishnan> 6 months ago
813ec82 : sdm: Create rotator modules only if a config has required h/w <Saurabh Shah> 7 months ago
cdd3895 : sdm: Add support for V4L2 Rotator <Saurabh Shah> 10 months ago
48c0356 : sdm: Indicate if Rotator is separate H/W block <Sushil Chauhan> 7 months ago
9964fc0 : sdm: Read number of rects from per-pipe caps <Sushil Chauhan> 7 months ago
07f4d41 : sdm:  Adding mapping of MDP RGB565_UBWC  format to SDM format <Anjaneya Prasad Musunuri> 6 months ago
6f227cf : sdm: Set max_layers to 0 when HDMI is in S3D mode <Xu Yang> 8 months ago
53a9573 : sdm: color-manager: PA Dither implementation. <Siddharth Zaveri> 6 months ago
d9f58e0 : sdm: Fix layer blending parameter setting. <Ramkumar Radhakrishnan> 8 months ago
bf04660 : sdm: Fix default ROI initialization <Ramkumar Radhakrishnan> 7 months ago
a212934 : gralloc: Ignore IGC setting. <Dileep Marchya> 9 months ago
bb069a6 : sdm: Fix Wconversion errors <Naseer Ahmed> 8 months ago
95cf0f2 : sdm: color-manager: Add support for global dither. <Siddharth Zaveri> 7 months ago
36e000a : gralloc: Fix RAW10 stride <Ranjith Kagathi Ananda> 1 year, 3 months ago
0899057 : sdm: Initialize blit engine only if blit is supported. <Anjaneya Prasad Musunuri> 7 months ago
7b23121 : sdm: Fix out of bound access to HWC layers. <Dileep Marchya> 7 months ago
15ac3bd : Revert "sdm: Allocate layer stack objects individually." <Dileep Marchya> 7 months ago
eb97bc9 : sdm: Populate supported format table map from sysfs node <Ramkumar Radhakrishnan> 8 months ago
b2781cc : sdm: Typecast void pointer to mdp scale structure for QSEED2. <Ramkumar Radhakrishnan> 7 months ago
d4fa563 : sdm: Avoid flush for virtual display when no app layer is present. <Anjaneya Prasad Musunuri> 7 months ago
cb44d97 : libgralloc: disable UBWC for video encoder usecase <Manikanta Kanamarlapudi> 8 months ago
9c72d0d : sdm: Resolve mismatched deallocation of memory <Anjaneya Prasad Musunuri> 8 months ago
ee63e37 : sdm: Add output buffer resolution in dump <Manoj Kumar AVM> 8 months ago
2e2830c : sdm: Read per-pipe caps from MDP caps <Sushil Chauhan> 8 months ago
66b1fa5 : sdm: Allocate layer stack objects individually. <Dileep Marchya> 8 months ago
165ef42 : sdm: color-manager: Resolve uninitialized variable access. <Siddharth Zaveri> 8 months ago
7d0727d : sdm: Mark layer as updating if geometry has changed. <Dileep Marchya> 8 months ago
a55f866 : sdm: Fix out of bounds access <Saurabh Shah> 8 months ago
bd4aaf2 : libmemtrack: Update the parsing of flags field <Harshdeep Dhatt> 9 months ago
f77878d : sdm: Read max panel brightness level from file node. <Siddharth Zaveri> 8 months ago
930582e : sdm: Add an interface to store layer's input buffer id. <Ramkumar Radhakrishnan> 9 months ago
647e171 : hwc: Fix mutex deadlock in GetVsyncPeriod <Manoj Kumar AVM> 8 months ago
46ef281 : sdm: Add support for S3D video <Yang Xu> 10 months ago
cd0dace : sdm: Add CSC information in dump. <Dileep Marchya> 8 months ago
f8fa2a8 : sdm: Write auto refresh value only if changed <Saurabh Shah> 9 months ago
ae51451 : sdm: hwc: Use display_defs.h <Arun Kumar K.R> 9 months ago
 
**** cm:CyanogenMod/android_hardware_qcom_display ****
7b9a3a1 : hwc/overlay: Validate cursor position in hwc_setPositionAsync <Baldev Sahu> 7 months ago
4c401f0 : hwc: Fix sanitize ROI func <Ramakant Singh> 8 months ago
6dab9c9 : hwc: Apply Default Mode on real framework start <Sravan Kumar D.V.N> 8 months ago
732b9ac : qdutils: Correct the hwc-driver mismatch <Ramakant Singh> 8 months ago
f1e2905 : hwc: remove local constant DISPLAY_ATTRIBUTES list <Ramakant Singh> 8 months ago
a74edfb : hwc: Remove references to display-frameworks <Ethan Chen> 8 months ago
c7cce05 : hwc: Fix compile errors after display-frameworks removal <Arne Coucheron> 8 months ago
b375570 : hwc: Support for QDCM Preference when PU enabled <Nitesh Gupta> 9 months ago
cc1ec84 : hwc: Set ioprio for vsync thread <Steve Kondik> 12 months ago
7516867 : Don't build lights module if vendor supplies it <Steve Kondik> 1 year, 10 months ago
730d245 : Revert "hqd: Use MSM_VIDC_TARGET_LIST for Venus color format" <Ethan Chen> 9 months ago
bc1215a : display: Use project pathmap <Ethan Chen> 1 year, 10 months ago
c324d73 : hwc: Set DefaultMode after bootup completion <Ramakant Singh> 9 months ago
8a6e7c9 : gralloc: Add a private flag for INTERNAL only <Arun Kumar K.R> 1 year ago
394c830 : hwc: Donot update dynamic-fps when device is not active <Ramakant Singh> 11 months ago
8f21571 : hwc: Do not wait for MDSS fence for layers with rotation <Dileep Kumar Reddi> 12 months ago
d2c5ca0 : hwc: Start with ROI set to destination <Arun Kumar K.R> 11 months ago
9ef4d8c : hwc: Set minfps as part of timeout_handler during idlefallback <Ramakant Singh> 11 months ago
0d616ba : Revert "hwc: Relax format change restrictions for certain targets" <Dileep Kumar Reddi> 11 months ago
213ead5 : Default flexible YUV format to NV21 <Tanmaya Godbole> 1 year, 1 month ago
ed75fdb : hwc: Reset refresh-rate for few cases as part of timeout handler <Dileep Kumar Reddi> 12 months ago
56ed396 : gralloc: Add support for PRIV_FLAGS_DISP_CONSUMER <Surajit Podder> 1 year, 3 months ago
a2d5295 : hwc: Support ActionSafe on targets with non-scaling RGB pipes. <Sandeep Panda> 1 year ago
248378d : gralloc: Use adreno_utils api for NV21 and NV12 alignment <Sushil Chauhan> 1 year, 1 month ago
037d21d : hwc: Use basePipe for fullscreen and opaque layer <Pullakavi Srinivas> 1 year ago
77ec4ef : gralloc: Modify check for uncompressed RGB buffers <Naomi Luis> 1 year, 1 month ago
449fbe0 : hwc: Use aligned width and height <Dileep Kumar Reddi> 1 year ago
02dbc50 : Revert "HWC: use aligned width and height for rearranging ROI" <Dileep Kumar Reddi> 1 year ago
cd7217a : hwc: Support ActionSafe on targets with non-scaling RGB pipes. <Sandeep Panda> 1 year ago
eed742d : overlay: add tertiary display definition in overlay <Vinu Deokaran> 1 year ago
a029479 : hwc: Validate display ID in hwc interface <Arun Kumar K.R> 1 year ago
09441c1 : gralloc: Add missing changes related to RAW16 <Raj Kamal> 1 year, 1 month ago
7ea10c5 : hwc: Use basePipe for fullscreen and opaque layer <Pullakavi Srinivas> 1 year ago
c039f6e : hwc: Use aligned width and height <Dileep Kumar Reddi> 1 year ago
60cbe72 : Revert "HWC: use aligned width and height for rearranging ROI" <Dileep Kumar Reddi> 1 year ago
2e918bf : hwc: Avoid idlefallback during video playback <Raj Kamal> 1 year, 1 month ago
fbe5a60 : HWC: use aligned width and height for rearranging ROI <Dileep Kumar Reddi> 1 year, 1 month ago
597b313 : hwc: Featurize HWC_DISPLAY_SECURE <Raj Kamal> 1 year, 1 month ago
eb4d7a6 : hwc: Use HWC_DISPLAY_NO_ATTRIBUTE as terminator. <Prabhanjan Kandula> 1 year, 1 month ago
410ba7c : hwc : Normalize source crop before validating scaling limits. <Prabhanjan Kandula> 1 year, 1 month ago
95fef31 : hwc: Relax format change restrictions for certain targets <Dileep Kumar Reddi> 1 year, 1 month ago
42a1c98 : hwc: Changes for display-hal compilation with QTI_BSP enabled <Ramakant Singh> 1 year, 2 months ago
c772eec : hwc: Do not use Borderfill pipe for composition in WFD <Dileep Kumar Reddi> 1 year, 1 month ago
e5268fd : hwc/overlay: Pass handle w/h and crop w/h through fb_image field <Arun Kumar K.R> 1 year, 2 months ago
5d39f02 : hwc: Log warning instead of mHDMIClient object not available <Dileep Kumar Reddi> 1 year, 1 month ago
55b3489 : hwc: Ignore float-conversion for included headers <Naseer Ahmed> 1 year, 1 month ago
82fe9c6 : hwc: Do not consider rotation for smart blit <Ramakant Singh> 1 year, 2 months ago
dd689ff : hwc: Do not create idle invalidator for MDP3 targets <Dileep Kumar Reddi> 1 year, 1 month ago
c58836b : hwc: Align ROI's width and height in both directions <Dileep Kumar Reddi> 1 year, 2 months ago
19f2250 : hwc: Fix SF crash due to SIGSEGV error <Raj Kamal> 1 year, 2 months ago
 
**** cm:CyanogenMod/android_hardware_qcom_display ****
c823234 : libmemtrack: Update the parsing of flags field <Harshdeep Dhatt> 5 months ago
5277cf2 : sdm: Handle spurious wakeup from pthread_cond_wait <Saurabh Shah> 5 months ago
1a7387c : hwc: Initialize pipe type to kPipeTypeUnused <Pullakavi Srinivas> 6 months ago
0400de2 : sdm: Fix HDMI connect failures while changing the mode <Ramkumar Radhakrishnan> 9 weeks ago
5a2c41d : Revert "sdm: Fix Dynamic frame rate issue" <Ramkumar Radhakrishnan> 9 weeks ago
ec5aa61 : hdmi: Reset S3D configuration on bootup <feifanz> 2 months ago
643a537 : sdm: Reconfigure display on SetRefreshRate <Manoj Kumar AVM> 3 months ago
e3a3353 : sdm: Fix Dynamic frame rate issue <Manoj Kumar AVM> 3 months ago
202ab44 : hdmi: Set correct initial S3D configuration <feifanz> 2 months ago
0bbc949 : sdm/hwc: Silence logspam <Steve Kondik> 3 months ago
37605f8 : sdm: Remain display framerate after dynamic resolution change <feifanz> 3 months ago
3b48227 : hdmi: Set correct S3D configuration on bootup <Manoj Kumar AVM> 3 months ago
8775a2b : sdm: Notify surfaceflinger to draw S3D framebuffer target <feifanz> 5 months ago
52da784 : sdm: Fix rotator input buffer fence initialization for S3D use case <Ramkumar Radhakrishnan> 3 months ago
9f840e1 : sdm: Fix dynamic refresh rate setting during S3D video playback. <Ramkumar Radhakrishnan> 3 months ago
30f3628 : sdm: Add binder support to force set HDMI framerate <feifanz> 4 months ago
2b9f200 : sdm: Limit composed layers for non primary displays <Krishna Srinivas> 4 months ago
68b10a4 : sdm: Add mode chose for dynamic framerate switch <feifanz> 3 months ago
5277365 : sdm: Power on HDMI panel when pluged in <feifanz> 3 months ago
3d5d4c1 : libmemtrack: Update the parsing of flags field <Harshdeep Dhatt> 5 months ago
0c39af5 : sdm:  Adding mapping of MDP RGB565_UBWC  format to SDM format <Anjaneya Prasad Musunuri> 6 months ago
5e6e766 : gralloc: Handle RAW_OPAQUE formats similar to blob <Naseer Ahmed> 5 months ago
2106b2a : sdm: Fix HDMI Primary and Virtual Display concurrency use case <Tatenda Chipeperekwa> 5 months ago
c5f91b1 : sdm: Set system property when HDMI is Primary <Tatenda Chipeperekwa> 5 months ago
371b9bc : sdm: Fix compilation error in hwc <Ramkumar Radhakrishnan> 4 months ago
a9f99ef : sdm: Typecast void pointer to mdp scale structure for QSEED2. <Ramkumar Radhakrishnan> 7 months ago
5e37cc9 : hwc: Initialize pipe type to kPipeTypeUnused <Pullakavi Srinivas> 6 months ago
49f32ce : sdm: Handle spurious wakeup from pthread_cond_wait <Saurabh Shah> 5 months ago
e588c17 : sdm : Apply Default Mode on real framework start <Sravan Kumar D.V.N> 6 months ago
4273f6c : sdm: Full ROI for 1 frame after resolution switch <Saurabh Shah> 5 months ago
09ed480 : sdm: Add support to report the pixel format of the display <Tatenda Chipeperekwa> 5 months ago
4d18fb9 : sdm: Disable partial update only if is enabled. <Dileep Marchya> 6 months ago
b60921b : sdm: Enable HDMI dynamic frame rate switch feature <feifanz> 6 months ago
2ca46a4 : qdMetadata: Add MetaData operation functions <feifanz> 6 months ago
d4f544e : sdm: HDMI as primary and headless display support <Tatenda Chipeperekwa> 5 months ago
3fc6dfa : sdm: Add independent hardware event thread for display events <Tatenda Chipeperekwa> 6 months ago
d180922 : sdm: Add sys wrappers for read, write, eventfd system calls <Tatenda Chipeperekwa> 6 months ago
57572d5 : qservice: Fixes for IQHDMIClient <Tatenda Chipeperekwa> 6 months ago
fcb06b6 : cec: Fix message parsing and enable wakeup feature <Tatenda Chipeperekwa> 6 months ago
d6591ae : sdm: Wrap DISPLAY_TERTIARY around QTI_BSP <Manoj Kumar AVM> 6 months ago
b7a0693 : sdm: Add parameter check for content list <Manoj Kumar AVM> 7 months ago
b5a157d : libmemtrack: Update parsing of kgsl mem file <Harshdeep Dhatt> 8 months ago
009ad60 : sdm: Set max_layers to 0 when HDMI is in S3D mode <Xu Yang> 8 months ago
bbeb6d6 : sdm: Initialize blit class members <Anjaneya Prasad Musunuri> 6 months ago
07d45cf : sdm: Fix out of bound access to HWC layers. <Dileep Marchya> 7 months ago
9b2cc73 : sdm: Fix default ROI initialization <Ramkumar Radhakrishnan> 7 months ago
cef3584 : sdm: color-manager: Add support for global dither. <Siddharth Zaveri> 7 months ago
19e6179 : sdm: Populate supported format table map from sysfs node <Ramkumar Radhakrishnan> 8 months ago
5fb5686 : sdm: Fix layer blending parameter setting. <Ramkumar Radhakrishnan> 8 months ago
631a683 : gralloc: Ignore IGC setting. <Dileep Marchya> 9 months ago
 
**** cm:CyanogenMod/android_hardware_qcom_media ****
a7b4886 : The libOmxSw encoders require prop headers :( <Ricardo Cerqueira> 7 weeks ago
4b1c56f : venc: Disable building vqzip into the encoder for OSS <Ricardo Cerqueira> 3 months ago
e9e9b32 : mm-core: change data type for version <Manikanta Kanamarlapudi> 3 months ago
07f11ee : make: Fix up platform inclusion <Ricardo Cerqueira> 3 months ago
e9f9ae8 : mm-video-v4l2: venc: Avoid processing ETBs/FTBs in invalid states <Praveen Chavan> 5 months ago
9eae7f2 : mm-video-v4l2: vdec: Avoid processing ETBs/FTBs in invalid states <Praveen Chavan> 5 months ago
3965563 : make: Adjust to dynamic paths <Ricardo Cerqueira> 4 months ago
b5a27bf : Avoid collision with the ffpmeg plugin <Ricardo Cerqueira> 4 months ago
d822edf : mm-video: Fix race condition in component. <Manikanta Sivapala> 5 months ago
cc6a5bb : mm-video: Handle ETB's with invalid length <Manikanta Sivapala> 5 months ago
d4c68ef : mm-video: Update function to flush cached ION output buffer. <Manikanta Sivapala> 5 months ago
6f4b96d : mm-video-v4l2: vidc: validate omx param/config data <Praveen Chavan> 6 months ago
70ecf07 : mm-video-v4l2: venc: add safety checks for freeing buffers <Praveen Chavan> 6 months ago
58cfe3e : mm-video-v4l2: vdec: add safety checks for freeing buffers <Praveen Chavan> 6 months ago
c9d33c1 : mm-video-v4l2: vdec: deprecate unused config OMX_IndexVendorVideoExtraData <Praveen Chavan> 6 months ago
162d7c2 : mm-video-v4l2: vidc: venc: KW fix to initialize v4l2 control. <Srinu Gorle> 5 months ago
ba4f857 : mm-video-v4l2: vdec: Malloc failure handling in memory prefetch <Rohit Kulkarni> 6 months ago
f05c40f : mm-video-v4l2: vdec: Add support for prefetching secure memory <Shalaj Jain> 8 months ago
1e09dcc : mm-video: swvdec: Flush cached ION output buffer. <Manikanta Sivapala> 6 months ago
5aa6868 : mm-video-v4l2: vidc: Do not queue output buffer if flush is in progress <Arun Menon> 9 months ago
451c330 : mm-video-v4l2: vidc: vdec: KW fix to initialize v4l2 control. <Abdulla Anam> 6 months ago
87af875 : Remove internal code name of msmtitanium for msm8953. <Arusha Goyal> 6 months ago
98c1933 : mm-video: swvdec: Enable "arbitrary bytes mode" via setparam. <Manikanta Sivapala> 6 months ago
6a113e8 : Remove internal code name of msmtitanium for msm8953. <Arusha Goyal> 6 months ago
66507f6 : mm-core: Add secure component registry entry <Vikash Garodia> 7 months ago
3c0c75c : mm-video-v4l2: vdec: Change preferred color format default order <Arun Menon> 10 months ago
47a3c9e : mm-core: Rename vpp component name in the registry. <Abdulla Anam> 8 months ago
f673dc5 : mm-video: swvdec: Fix bug in 'arbitrary bytes mode'. <Manikanta Sivapala> 7 months ago
658d7f6 : mm-video-v4l2: vdec: add support for vp8 secure decoder <Deepak Kushwah> 7 months ago
d5acdbb : mm-video-v4l2: vidc: update thread names <Vikash Garodia> 7 months ago
981d875 : mm-video: swvdec: Use C++ standard library queue classes. <Manikanta Sivapala> 7 months ago
4738e01 : mm-video: vidc: Communicate the right colorformat to the driver <Deva Ramasubramanian> 9 months ago
6480767 : mm-core: Add vp8 and vp9 secure decoders for titanium <Srinu Gorle> 7 months ago
3134ae4 : mm-video-v4l2: venc: revert add support for handling EOS buffer <Manikanta Kanamarlapudi> 8 months ago
3160904 : audio: Add entry for ALAC/APE software component <Preetam Singh Ranawat> 8 months ago
f09ef0f : mm-video: vidc: memset struct v4l2_format prior to S_FMT <Deva Ramasubramanian> 8 months ago
99a9dea : mm-video: swvdec: Fix FD leak. <Vikash Garodia> 7 months ago
21b0839 : Revert "mm-video-v4l2: vidc: Enhance VQZIP checks" <Manikanta Sivapala> 8 months ago
73109a9 : Revert "mm-video-v4l2: vidc: venc: Bug fixes for VZIP" <Manikanta Sivapala> 8 months ago
bf6b113 : mm-video-v4l2: venc: Add support for low latency mode <Srinu Gorle> 9 months ago
e3ab4f0 : mm-core: Fix compilation issue to erratic string constant <Amit Shekhar> 1 year ago
68a4b6c : mm-video: swvdec: Add 'arbitrary bytes mode' support. <Manikanta Kanamarlapudi> 8 months ago
89b5e96 : mm-video-v4l2: vidc: venc: Bug fixes for VZIP <Praneeth Paladugu> 9 months ago
d9b4206 : libc2dcolorconvert: check if platform support c2d <Alex Wong> 8 months ago
fd7f872 : mm-video-v4l2: vidc: Enhance VQZIP checks <Praneeth Paladugu> 1 year, 1 month ago
ba30dca : mm-video: swvenc: update color format correctly <Manikanta Sivapala> 8 months ago
c950d91 : mm-video: swvdec: Fix bug in describe color format function. <Manikanta Sivapala> 8 months ago
cb9101d : mm-video-v4l2: venc: send flags to color converter <Maheshwar Ajja> 8 months ago
57a18a2 : mm-video: swvenc: Update color format correctly <Manikanta Sivapala> 8 months ago
66f5bdc : mm-video-v4l2: venc: Disable Bframes incase of UHD recording <Srinu Gorle> 10 months ago
 
**** cm:CyanogenMod/android_hardware_qcom_media ****
2182d03 : DO NOT MERGE mm-video-v4l2: venc: add checks before  accessing heap pointers <Praveen Chavan> 2 months ago
8db7a42 : DO NOT MERGE Fix wrong nAllocLen <Wonsik Kim> 2 months ago
d81a756 : mm-video-v4l2: vdec: Avoid processing ETBs/FTBs in invalid states <Praveen Chavan> 5 months ago
ddeb931 : mm-video-v4l2: venc: Avoid processing ETBs/FTBs in invalid states <Praveen Chavan> 5 months ago
1071714 : DO NOT MERGE mm-video-v4l2: vdec: deprecate unused config OMX_IndexVendorVideoExtraData <Praveen Chavan> 5 months ago
3dd7332 : DO NOT MERGE mm-video-v4l2: venc: add safety checks for freeing buffers <Praveen Chavan> 5 months ago
cbc1231 : DO NOT MERGE mm-video-v4l2: vidc: validate omx param/config data <Praveen Chavan> 5 months ago
bb2d97a : DO NOT MERGE mm-video-v4l2: vdec: add safety checks for freeing buffers <Praveen Chavan> 5 months ago
70ff94f : mm-video-v4l2: vdec: modify max supported level on msm8976 <Maheshwar Ajja> 6 months ago
9a1699d : mm-video-v4l2: Fix default session priority handling <Surajit Podder> 6 months ago
92b55f1 : mm-video-v4l2: vdec: Enhance video resolution check <Arun Menon> 7 months ago
bbcbc18 : mm-video-v4l2: vdec: Error out if set format ioctl fails <Abdulla Anam> 7 months ago
e184bed : mm-video-v4l2: vdec: Decrement semaphore count in error case. <vasantha> 7 months ago
ff3940f : mm-video-v4l2: Return correct level support for 8956 <Surajit Podder> 7 months ago
1fd6df0 : mm-video-v4l2: vidc: vdec: handle ftbs during reconfig and port disable <Abdulla Anam> 8 months ago
e9bacff : mm-video-v4l2: venc: check for null pointer <Maheshwar Ajja> 8 months ago
a699a13 : mm-video-v4l2: vdec: set 24 fps framerate for 4k clips <Deepak Kushwah> 8 months ago
bc9e191 : mm-video-v4l2: vidc: Fix race condition with msg thread fd close <Shalaj Jain> 10 months ago
a860362 : mm-video-v4l2: vidc: update thread names <Ashray Kulkarni> 1 year, 2 months ago
8e66146 : mm-video-v4l2: Add support for prefer adaptive playback extension <Shalaj Jain> 1 year, 2 months ago
41a5cfd : mm-video: Adjust stride value for planar format <Surajit Podder> 1 year, 4 months ago
c40cf77 : mm-video: vidc: Reliably stop the message thread <Deepak Kushwah> 9 months ago
62f611d : Fix duplicated OMX.qcom.audio.decoder.aac entry <Keith Mok> 10 months ago
69d6d4b : media: Avoid collision with FFMPEG plugin <Steve Kondik> 9 months ago
610c356 : media: Use project pathmap <Ethan Chen> 9 months ago
dc1b1d4 : mm-video-v4l2: Unmap dropped output buffers <Surajit Podder> 9 months ago
78521c5 : Include kernel header dependency for libOmxVidcCommon <Divya Sharma> 10 months ago
f9c92f0 : mm-video-v4l2: vidc: venc: Fix hybrid HP layer count <Abdulla Anam> 11 months ago
a5dce41 : mm-video-v4l2: Enable get_param to check downscalar enablement <Surajit Podder> 11 months ago
e7743ae : mm-video-v4l2: venc: Add support to enhance hybrid Hier-p mode <Abdulla Anam> 11 months ago
75bc6a6 : mm-video-v4l2: vdec:  release buffer when qbuf to driver fails <Manikanta Kanamarlapudi> 11 months ago
cfeaf87 : mm-video-v4l2: Use client buffer header for FTB <Surajit Podder> 12 months ago
b6c736d : mm-video-v4l2: Disable intra refresh mode on msm8956/76 <Maheshwar Ajja> 11 months ago
a54c5d4 : mm-video-v4l2: vdec: fix fps issues in arbitrary mode <Ashray Kulkarni> 1 year, 1 month ago
826ba8c : QCMetadata: add a new key for big buffers <Sidipotu Ashok> 12 months ago
ef3143a : QCMetadata: Add key for setBuffers API support <Manikanta Kanamarlapudi> 1 year, 3 months ago
f178e8b : mm-video-v4l2: venc: support all I frame encoding usecase. <Abdulla Anam> 12 months ago
bcf4fa3 : libstagefrighthw: Add header guard to QComOMXMetadata.h and fix file perms <Deva Ramasubramanian> 1 year ago
e2d287f : mm-video-v4l2: vdec: streamoff while freeing first output buffer <Balamurugan Alagarsamy> 1 year, 9 months ago
f0fc3d0 : mm-video: Disable downscalar for non-display usecase <Surajit Podder> 1 year, 3 months ago
0997c8a : mm-video: Enable HEVC software encoder OMX component. <Manikanta Sivapala> 12 months ago
8bb96de : mm-video_v4l2: pass crop nWidth and nHeight in reconfig event. <Abdulla Anam> 1 year ago
afb1469 : mm-video-v4l2: Fix downscalar issue <Surajit Podder> 1 year ago
269f6cd : mm-video-v4l2: Fix crash due to divide by zero <Surajit Podder> 12 months ago
c14558c : mm-video-v4l2: venc: initialize the member variables <Maheshwar Ajja> 1 year ago
99c2455 : mm-video-v4l2: vdec: Fix closing of file descriptor "0" <Deepak Kushwah> 1 year ago
b4d0e38 : mm-video-v4l2: venc: limit pixels value in input buffers. <Abdulla Anam> 1 year ago
1202ebd : mm-video_v4l2: pass crop nWidth and nHeight in reconfig event. <Abdulla Anam> 1 year ago
1fc82f0 : mm-video: Disable downscalar for non-display usecase <Surajit Podder> 1 year, 3 months ago
6ecc67f : mm-core: update vpp related structures and enums. <Abdulla Anam> 1 year ago
 
**** cm:CyanogenMod/android_hardware_qcom_media ****
1cbab89 : DO NOT MERGE mm-video-v4l2: venc: add checks before  accessing heap pointers <Praveen Chavan> 2 months ago
de2960f : DO NOT MERGE Fix wrong nAllocLen <Wonsik Kim> 2 months ago
5029df7 : venc: Fix VQZip issue <Steve Kondik> 7 weeks ago
fe01ff3 : mm-video-v4l2: vidc: venc: Remove unspported Levels <Praneeth Paladugu> 4 months ago
9a2ff6f : mm-video-v4l2: Fix crash during decoder output dump <Surajit Podder> 9 weeks ago
dc02ee7 : mm-video-v4l2: Detect interlace format types correctly. <Kim Zhang> 3 months ago
341f7d6 : mm-core: Add De-interlace case for VPP <Kim Zhang> 3 months ago
e896660 : mm-core: Fix the nVersion type issue in QOMX_EXTNINDEX_VIDEO_VENC_SAR <Kim Zhang> 3 months ago
8c6e1b9 : mm-video-v4l2: vdec: refine refresh_rate handling <Qiwei Liu> 3 months ago
05beae8 : venc: Disable building vqzip into the encoder for OSS <Ricardo Cerqueira> 3 months ago
0444f03 : Revert "venc: use libOmxVenc as blob" <Chao Chen> 3 months ago
6c2bccf : mm-video-v4l2: Fix issue with DCVS in split mode <Surajit Podder> 3 months ago
d92e6d9 : mm-video-v4l2: venc: Avoid processing ETBs/FTBs in invalid states <Praveen Chavan> 5 months ago
726dddc : mm-video-v4l2: vdec: Avoid processing ETBs/FTBs in invalid states <Praveen Chavan> 5 months ago
6f4a4ba : mm-video-v4l2: vide: vdec: modify refresh rate calculation <Qiwei Liu> 5 months ago
352a82c : mm-video-v4l2: Handle decoder output crop extradata <Vikash Garodia> 4 months ago
219d27a : venc: use libOmxVenc as blob <Matt Wagantall> 7 months ago
6cafea7 : mm-video-v4l2: vidc: Enumerate supported HEVC decoder profiles <Rohit Kulkarni> 5 months ago
b597f7e : mm-video-v4l2: vidc: Update supported Level values <Praneeth Paladugu> 7 months ago
5ae7676 : mm-video-v4l2: vdec: Update the buffer size after g_fmt <Vikash Garodia> 4 months ago
5b2d521 : mm-core: Remove the size and version fields for some vpp structures <Kim Zhang> 5 months ago
85372cd : mm-video-v4l2: vidc: vdec: Change DPB mode to combined for VP9 <Praneeth Paladugu> 5 months ago
45e8530 : mm-video-v4l2: Pass stride and scanlines with reconfig event <Abdulla Anam> 5 months ago
accaaf8 : mm-video-v4l2: vdec: DPB mode to split for CPU access of buffers <Praneeth Paladugu> 6 months ago
4925114 : mm-video-v4l2: vdec: deprecate unused config OMX_IndexVendorVideoExtraData <Praveen Chavan> 5 months ago
d4f4cdf : mm-video-v4l2: venc: add safety checks for freeing buffers <Praveen Chavan> 5 months ago
a797942 : mm-video-v4l2: vidc: validate omx param/config data <Praveen Chavan> 5 months ago
8c6b30e : mm-video-v4l2: vdec: add safety checks for freeing buffers <Praveen Chavan> 5 months ago
8943d96 : mm-video-v4l2: vidc: vdec: Add support for Output crop extra data <Arun Menon> 6 months ago
d39458f : mm-video-v4l2: vidc: Restore pixel format on capture plane <Kim Zhang> 5 months ago
73699c1 : mm-video-v4l2: Pointer null check before deferencing it <Deepak Kushwah> 8 months ago
b107003 : mm-video-v4l2: vidc: validate omx param/config data <Praveen Chavan> 6 months ago
d77c4a9 : mm-video-v4l2: vdec: deprecate unused config OMX_IndexVendorVideoExtraData <Praveen Chavan> 6 months ago
4802a3d : mm-video-v4l2: vidc: vdec: Add Extra data size during update_portdef <Arun Menon> 5 months ago
20f4efa : mm-video-v4l2: vidc: venc: Fix VQZIP issues <Praneeth Paladugu> 6 months ago
ace6a48 : mm-video-v4l2: vdec: Call vidioc_g_fmt to get updated buffer size <Arun Menon> 6 months ago
538225b : mm-video-v4l2: vdec: Malloc failure handling in memory prefetch <Rohit Kulkarni> 6 months ago
2a3c3fc : mm-video-v4l2: vidc: venc: Fix rotation issue <Praneeth Paladugu> 6 months ago
c1c9a54 : mm-video-v4l2: vdec: Add support for prefetching secure memory <Shalaj Jain> 8 months ago
cdd8a4b : mm-video-v4l2: vdec: add safety checks for freeing buffers <Praveen Chavan> 6 months ago
bd10da8 : mm-video-v4l2: venc: add safety checks for freeing buffers <Praveen Chavan> 6 months ago
c59fcaa :  mm-video-v4l2: vidc: HEVC Main10 profile support <Rohit Kulkarni> 6 months ago
56dd269 : mm-video: vidc: Squashed changes for component <Praneeth Paladugu> 6 months ago
347b90c : libc2dcolorconvert: refer c2d header from display <Praveen Chavan> 2 years, 4 months ago
14a416b : mm-video-v4l2: vdec: Increase buffer count to support high fps <Arun Menon> 8 months ago
6316605 : vidc: Fix makefiles <Steve Kondik> 1 year, 5 months ago
416ba49 : mm-video-v4l2: vidc: vdec: skip enabling S3D extra data for secure session <Srinu Gorle> 1 year, 5 months ago
5f4d49f : mm-video-v4l2: vidc: vdec: Add support for S3D metadata <Ashray Kulkarni> 1 year, 8 months ago
a53124e : mm-core: Fix compilation issue to erratic string constant <Amit Shekhar> 1 year ago
a7f1dda : mm-video-v4l2: vidc: venc: Fix rotation issue for 180 degrees <Praneeth Paladugu> 10 months ago
 
**** cmold:android_kernel_htc_msm8994 ****
75fb58e : Fixup the merge <Christopher N. Hesse> 3 weeks ago
9f6653f : arm64: dma-mapping: always clear allocated buffers <Marek Szyprowski> 1 year, 5 months ago
daac0e1 : ASoC: msm: qdsp6v2: DAP: Update check to validate data length <Ashish Jain> 9 weeks ago
77f3538 : defconfig: arm64: msm8994: Disable KERNEL_TEXT_MPU_PROT <Swetha Chikkaboraiah> 3 months ago
a57c1b0 : msm: ipa: Fix to polling mode <Sridhar Ancha> 5 months ago
210cba0 : ASoC: msm: qdsp6v2: support multi-ch and samplerate > 48K for NT wma <Weiyin Jiang> 2 months ago
f453498 : ASoC: msm: qdsp6v2: DAP: Add check to validate param length <Ashish Jain> 3 months ago
ea2e246 : ASoC: msm: qdsp6v2: DAP: Allocate param buffer with correct size <Ashish Jain> 3 months ago
8f53557 : USB: fix invalid memory access in hub_activate() <Alan Stern> 9 months ago
95f81c5 : ASoC: msm: qdsp6v2: DAP: Add check to validate data length <Ashish Jain> 3 months ago
5ec2afd : usb: f_serial: Check for SMD data length in GSER_IOCTL <Manu Gautam> 6 months ago
704c102 : qcom: ssr: Fix possible overflow when copying firmware name <Srinivasarao P> 3 months ago
801e08f : USB: dwc3: debugfs: Add boundary check in dwc3_store_ep_num() <Vijayavardhan Vennapusa> 5 months ago
5e6e05d : ASoC: msm: qdsp6v2: DAP: Fix buffer overflow <Ashish Jain> 5 months ago
41f810a : ASoC: msm: qdsp6v2: DAP: Fix unprotected userspace access <Patrick Daly> 1 year, 4 months ago
00aa894 : ASoC: msm: audio-effects: fix stack overread and heap overwrite <Weiyin Jiang> 3 months ago
e0efec7 : ARM: dts: msm: Add the gpio-shutdown-ack entry to modem on msm8909 <Gaurav Kohli> 4 months ago
e0b8e69 : msm: vidc: Avoid deadlock in dcvs during scale clocks <Arun Menon> 11 months ago
1a33e37 : cnss: Fix a boundary check bug in cnss prealloc driver <Yue Ma> 8 months ago
54104dc : net: rmnet_data: Stop adding pad bytes for MAPv3 uplink packets <Subash Abhinov Kasiviswanathan> 5 months ago
3565ca3 : net: rmnet_data: Stop adding pad bytes for MAPv4 uplink packets <Subash Abhinov Kasiviswanathan> 12 months ago
8ed7032 : msm: vidc: Make buffer validity checks stronger <Deva Ramasubramanian> 8 months ago
bc8a475 : trace: prevent NULL pointer dereference <Kishor PK> 8 months ago
ea949667e : lib: do_strncpy_from_user: Fix return error code for get_user failures <Imran Khan> 6 months ago
ad1a5b4c : msm: kgsl: Fix overflow in sharedmem read/write functions <Sunil Khatri> 5 months ago
62f0120 : msm: vidc: Avoid deadlock in dcvs during scale clocks <Arun Menon> 11 months ago
ce3dac3 : arm64: Log the machine name string during boot up <Stepan Moskovchenko> 2 years, 3 months ago
e2124bd : ARM/ARM64: Introduce arch_read_hardware_id <Abhimanyu Kapur> 2 years, 6 months ago
84b5ddc : msm: vidc: Fix race condition in DCVS <Arun Menon> 12 months ago
db00242 : lib: align source before using optimized implementation <Sanrio Alvares> 7 months ago
ffffbf9 : soc: qcom: smd: Catch missed close state transitions <Jeff Hugo> 11 months ago
8ed3792 : msm: mdss: avoid panel status check when panel is off <Dhaval Patel> 9 months ago
69e352d : perf: duplicate deletion of perf event <Srinivasarao P> 7 months ago
3f6964c : msm: vidc: Refine 2K DCVS condition <Praneeth Paladugu> 7 months ago
d250562 : msm: kgsl: Cast perfcounter query count to an unsigned int <Sunil Khatri> 1 year, 3 months ago
2321b1f : Revert "arm64: Introduce execute-only page access permissions" <Catalin Marinas> 7 months ago
b36e8e6 : perf: stop deadlock when cpu_up fails <Neil Leeder> 12 months ago
cfe1db2 : msm: mdss: allocate new cursor buf based on FB_CUR_SETIMAGE <Veera Sundaram Sankaran> 7 months ago
6394112 : ASoC: msm: qdsp6v2: Fix typecast error in memory unmap <Satish Babu Patakokila> 1 year, 4 months ago
f970bab : msm: ipa: fix the mux_channel buffer overflow <Skylar Chang> 9 months ago
6fd7e78 : msm: camera: sensor: Disable debug logs <Rajesh Bondugula> 1 year, 2 months ago
635f3c5 : defconfig: Enable CONFIG_UID_CPUTIME <Srinivasarao P> 8 months ago
e7e6057 : defconfig: Disable CONFIG_DEVMEM and CONFIG_DEVKMEM in 8994. <Kishor PK> 8 months ago
726a6cb : ARM: dts: msm: Update EEPROM cell idx for 8992 and 8994 <Rajesh Bondugula> 8 months ago
07d9ddf : ASoC: msm: qdsp6v2: use vzalloc for large mem alloc in DTS Eagle <Alexy Joseph> 1 year, 6 months ago
effab16 : In AndroidKernel.mk the 2 targets TARGET_PREBUILT_INT_KERNEL <Mishra Mahima> 9 months ago
018a323 : Avoid kernel from being rebuilt unnecessarily <Mishra Mahima> 9 months ago
b33fa73 : In AndroidKernel.mk the 2 targets TARGET_PREBUILT_INT_KERNEL <Mishra Mahima> 9 months ago
a86013a : mm/slub: don't wait for high-order page allocation <Joonsoo Kim> 1 year ago
4de21fa : ASoC: msm: Interrupt events in compress free <Ben Romberger> 12 months ago
 
**** vanir:kernel_lge_msm8974 ****
e62e8d2 : include: rmnet_data: Define the MAPv4 data format <Subash Abhinov Kasiviswanathan> 1 year ago
3220a8f : net: rmnet_data: Add header files for rmnet_data <Muhammed Siju> 1 year, 2 months ago
04ecb14 : net: ipv6: Add sysctl entry to disable MTU updates from RA <Harout Hedeshian> 1 year, 8 months ago
 
**** cmold:android_kernel_oneplus_msm8996 ****
dff3159 : qcacld-2.0: Fix stack corruption issue in sme_RrmProcessNeighborReport <Selvaraj, Sridhar> 3 months ago
aeee46f : Revert "qcacld-2.0: Fix stack corruption in sme_RrmProcessNeighborReport()" <dianlujitao> 15 hours ago
1021326 : qcacld-2.0: Fix stack corruption in sme_RrmProcessNeighborReport() <Sultanxda> 2 weeks ago
 
**** cmold:android_kernel_oppo_msm8974 ****
1baea3a : Makefile: Try to always use GNU ld <Gabriele M> 9 months ago
72f122c : msm: camera_v2: Remove leftover oppo changes <Michael Bestas> 20 hours ago
e46b8d2 : msm: camera: Fix erroneous ref_count decrements in CCI error path <Sultanxda> 6 months ago
d4c1e8d : msm: camera: Ensure CCI wakelock is always removed <Sultanxda> 6 months ago
9958e99 : msm: camera: Increase VFE core clock to 465MHz <Sultanxda> 1 year ago
b6a8949 : msm: camera: Increase minimum ISP bus bandwidth <Sultanxda> 1 year ago
04999f4 : msm: camera: Commonize minimum bus bandwidth rates for the ISP <Sultanxda> 1 year ago
1593e01 : msm: camera: Fix underflow in bus bandwidth calculation <Sultanxda> 1 year ago
93ec356 : msm: camera: Fix memory read by adding bounds check <Biswajit Paul> 3 months ago
599af7b : msm: camera: sensor: Fix use after free condition <VijayaKumar T M> 8 weeks ago
6be7816 : msm: camera: restructure data handling to be more robust <Vasko Kalanoski> 1 year, 7 months ago
fbf5140 : msm: camera: Handle race condition on stream buffer ops <Azam Sadiq Pasha Kapatrala Syed> 1 year, 6 months ago
1da4742 : msm: camera: Add NULL check in msm_actuator <Xu Han> 11 months ago
9dbedf3 : msm: camera: Reset HALT reg after the halt. <Ashok Raj Deenadayalan> 1 year, 2 months ago
5909487 : msm: camera: Don't return error code if array size is zero <Suman Mukherjee> 1 year, 3 months ago
d9cd11f : msm: camera: isp: protect driver from using invalid bufq <Petar Sivenov> 1 year, 5 months ago
476d6cb : msm: camera: fix write sensor settings issue <Vasko Kalanoski> 1 year, 5 months ago
467f37d : msm: camera: check size of allocated buffer to prevent overflow <Vasko Kalanoski> 1 year, 5 months ago
c0ebf7d : msm: isp: handle duplicate frameid. <Alok Kediya> 1 year, 5 months ago
ae38a9d : msm: camera2: cpp: Enhance timeout handler for multi-frame processing <VijayaKumar T M> 1 year, 5 months ago
44a7096 : msm: cpp: Ignore hardware interrupt when timer expires <VijayaKumar T M> 1 year, 5 months ago
219bd5e : msm:camera:isp: vfe num input validation during reset <VijayaKumar T M> 1 year, 6 months ago
60350b7 : msm: camera: isp: fix for avtimer power collapse <Senthil Kumar Rajagopal> 1 year, 7 months ago
3c67b31 : msm: camera: validate user space parameter for max and min value <Vasko Kalanoski> 1 year, 8 months ago
a0f3236 : msm:camera:isp: Fix array index bound checks <Suman Mukherjee> 1 year, 6 months ago
95ed0f3 : msm:pproc: CPP freed pointer in error case <Vijaya Kumar T M> 1 year, 7 months ago
c63ff8e : msm: isp: validate vfe_intf max params <Suman Mukherjee> 1 year, 7 months ago
64775b3 : msm:pproc:Freed the vpe prameters to avoid memleak <Vijaya Kumar T M> 1 year, 7 months ago
22c6383 : msm: camera: check size of allocated buffer to prevent overflow <Vasko Kalanoski> 1 year, 8 months ago
a5a3f62 : msm: camera: isp: Add support for AV time stamp for VT call <Suman Mukherjee> 1 year, 8 months ago
d8980d8 : msm: camera: isp: Validate input parameter for vfe_write and vfe_read <Alok Kediya> 1 year, 9 months ago
0c19112 : ARM: dts: oppo: Update camera configuration <Sultanxda> 3 months ago
f48e444 : msm: camera: ispif: Validate VFE num input during reset <Suman Mukherjee> 7 months ago
7991e04 : Revert "msm: camera: ispif: Validate VFE num input during reset" <Michael Bestas> 21 hours ago
90799ec : mdss: Restore last backlight value on panel on. <Danny Baumann> 4 weeks ago
62d75e8 : msm: camera: Port camera patches to oppo_camera <Diogo Ferreira> 9 days ago
eb9a5c6 : fs: ext4: disable support for fallocate FALLOC_FL_PUNCH_HOLE <Nick Desaulniers> 9 weeks ago
7c6652c : spmi: prevent showing the address of spmidev <Biswajit Paul> 3 months ago
8c17ce1 : msm: camera: Fix memory read by adding bounds check <Biswajit Paul> 3 months ago
78b7f88 : ASoC: msm: qdsp6v2: check param length for EAC3 format <vivek mehta> 2 months ago
e8cf912 : msm: ipa: fix potential race condition ioctls <Biswajit Paul> 2 months ago
35b7df8 : input: synaptics: allocate heap memory for temp buf <Biswajit Paul> 3 months ago
5ffc7c1 : msm: camera: sensor: Fix use after free condition <VijayaKumar T M> 8 weeks ago
beeaff9 : msm: camera: restructure data handling to be more robust <Vasko Kalanoski> 1 year, 7 months ago
c9b1475 : ASoC: msm-lsm-client: free lsm client data in msm_lsm_close <Vidyakumar Athota> 9 months ago
9af2502 : msm: crypto: Fix integer over flow check in qcedev driver <Zhen Kong> 7 weeks ago
5460b50 : msm: mdss: Correct block id check for mdss_mdp_misr_table <Ping Li> 5 months ago
a87df24 : wlan: fix buffer overflow in linkspeed ioctl <Manjeet Singh> 5 months ago
7062cfc : wcnss: Avoid user buffer overloading for write cal data <Anand Kumar> 3 months ago
e485ca6 : wlan: Remove the support for setwpaie ioctl <SaidiReddy Yenuga> 4 months ago
 
**** vanir:kernel_samsung_jf ****
6cbfb96 : fs: Remove remnants of legacy sdcardfs code <Zhao Wei Liew> 10 days ago
 
**** vanir:kernel_samsung_klte ****
f7f5cf0 : vfs: dcache: fix deadlock in tree traversal <Miklos Szeredi> 4 years ago
 
**** github:armani-dev/android_kernel_xiaomi_armani ****
0c97bae : armani: defconfig: Enable ECRYPT_FS <fefifofum> 4 hours ago
27b07dc : wlan: fix buffer overflow in linkspeed ioctl <Manjeet Singh> 5 months ago
6254600 : wlan: Remove the support for setwpaie ioctl <SaidiReddy Yenuga> 4 months ago
08b5a5c : Adds bound check on reg_cfg_cmd->u.dmi_info.hi_tbl_offset. <Trishansh Bhardwaj> 3 weeks ago
f4236dc : ASoC: msm: qdsp6v2: check param length for EAC3 format <Surendar karka> 3 weeks ago
bae1d8e : wcnss: Avoid user buffer overloading for write cal data <Anand Kumar> 3 months ago
3652fdc : BACKPORT: tcp: make challenge acks less predictable <Eric Dumazet> 10 weeks ago
3eaf9b4 : netfilter: x_tables: make sure e->next_offset covers remaining blob size <Florian Westphal> 6 months ago
5f589c0 : netfilter: x_tables: fix unconditional helper <Florian Westphal> 6 months ago
b838b15 : ipv4: Don't do expensive useless work during inetdev destroy. <David S. Miller> 6 months ago
f25db13 : net: ipv4: tcp: Get tcpi_count via file_count() not direct access <Lorenzo Colitti> 1 year, 7 months ago
ee0b7b8 : net: add validation for the socket syscall protocol argument <Hannes Frederic Sowa> 9 months ago
976dbf9 : net: fix iterating over hashtable in tcp_nuke_addr() <Dmitry Torokhov> 1 year, 2 months ago
c26db7c : net: add length argument to skb_copy_and_csum_datagram_iovec <Sabrina Dubroca> 11 months ago
d3cff12 : tcp_cubic: do not set epoch_start in the future <Eric Dumazet> 1 year ago
e44189b : tcp_cubic: better follow cubic curve after idle period <Eric Dumazet> 1 year ago
02b11ca : udp: fix behavior of wrong checksums <Eric Dumazet> 1 year, 4 months ago
b218db4 : net: tcp: null pointer crash in __inet_put_port <Vijayakumar Gn> 1 year, 7 months ago
28be0e0 : ipv4: try to cache dst_entries which would cause a redirect <Hannes Frederic Sowa> 1 year, 8 months ago
e7fd750 : tcp: undo spurious timeout after SACK reneging <Yuchung Cheng> 3 years, 6 months ago
6a4c546 : tcp: preserve ACK clocking in TSO <Eric Dumazet> 3 years, 6 months ago
c8b27e1 : inet: limit length of fragment queue hash table bucket lists <Hannes Frederic Sowa> 3 years, 6 months ago
4901a13 : tcp: fix skb_availroom() <Eric Dumazet> 3 years, 6 months ago
c18cad6 : net/ipv4: Ensure that location of timestamp option is stored <David Ward> 3 years, 6 months ago
459b7f4 : tcp: fix double-counted receiver RTT when leaving receiver fast path <Neal Cardwell> 3 years, 7 months ago
efa3651 : ipv6: use a stronger hash for tcp <Eric Dumazet> 3 years, 7 months ago
a65bd60 : tcp: fix for zero packets_in_flight was too broad <Ilpo Järvinen> 3 years, 7 months ago
fbfb14e : tcp: frto should not set snd_cwnd to 0 <Eric Dumazet> 3 years, 7 months ago
63b4384 : net: prevent setting ttl=0 via IP_TTL <Cong Wang> 3 years, 8 months ago
f4d1417 : tcp: RFC 5961 5.2 Blind Data Injection Attack Mitigation <Eric Dumazet> 3 years, 11 months ago
f24537e : tcp: tcp_replace_ts_recent() should not be called from tcp_validate_incoming() <Eric Dumazet> 3 years, 10 months ago
a5345fd : tcp: refine SYN handling in tcp_validate_incoming <Eric Dumazet> 4 years, 2 months ago
c8e7248 : tcp: implement RFC 5961 4.2 <Eric Dumazet> 4 years, 2 months ago
d60c789 : tcp: implement RFC 5961 3.2 <Eric Dumazet> 4 years, 2 months ago
fec0858 : inet: Fix kmemleak in tcp_v4/6_syn_recv_sock and dccp_v4/6_request_recv_sock <Christoph Paasch> 3 years, 9 months ago
392b4fc : inet_diag: validate port comparison byte code to prevent unsafe reads <Neal Cardwell> 3 years, 9 months ago
90268a7 : inet_diag: avoid unsafe and nonsensical prefix matches in inet_diag_bc_run() <Neal Cardwell> 3 years, 9 months ago
e66b04f : inet_diag: validate byte code to prevent oops in inet_diag_bc_run() <Neal Cardwell> 3 years, 9 months ago
b580228 : inet_diag: fix oops for IPv4 AF_INET6 TCP SYN-RECV state <Neal Cardwell> 3 years, 9 months ago
c0dd315 : ipv4: ip_check_defrag must not modify skb before unsharing <Johannes Berg> 3 years, 9 months ago
fd01c3c : armani: defconfig: Set CONFIG_HZ to 300 <Matthias Yzusqui> 5 months ago
69da010 : msm: kgsl: Fix direct references to HZ <Ajay Dudani> 9 months ago
6c75b6c : ARM: Allow selection HZ values <Russell King> 3 years, 5 months ago
 
**** vanir:platform_manifest ****
f3dce54 : Dataservices back to CyanogenMod <DHOMD> 27 hours ago
 
**** cm:CyanogenMod/android_packages_apps_AudioFX ****
dfc3f36 : AudioFX: Fix possible NPE <Michael W> 5 days ago
 
**** vanir:packages_apps_Messaging ****
9e542ad : Add permissions for ridesharing <Stephen Bird> 18 hours ago
 
**** cm:CyanogenMod/android_packages_themes_HexoLibre ****
b0003f4 : Fix eject SD card icon being too dark <Michael Bestas> 3 days ago
f433d8a : Update device settings theme and theme CMUpdater <Michael Bestas> 3 days ago
4d602a8 : Theme new Theme Chooser icon <Michael Bestas> 4 days ago
 
**** cm:CyanogenMod/android_vendor_qcom_opensource_dataservices ****
5451bb0 : Makefiles: Use project pathmap to determine build eligibility <Ethan Chen> 8 months ago
 
**** vanir:vendor_vanir ****
118f9dd : Gello artifact v37 <Abhisek Devkota> 22 hours ago
 
