
**** vanir:bootable_recovery_twrp ****
4a2a191 : adbbackup: write smaller reads less than 512 bytes <bigbiff bigbiff> 30 hours ago
05c2de4 : Fix various memory errors <Ayke van Laethem> 3 days ago
 
**** vanir:build ****
3c2605b : Build hacks <DHOMD> 8 months ago
 
**** vanir:device_google_marlin ****
2bd178e : Add a proper barrier and use vendor/caf/telephony <DHOMD> 3 months ago
d7d636b : Revert "marlin: disable our local telephony extensions" <DHOMD> 3 months ago
 
**** vanir:device_htc_flounder ****
14a795f : flounder: fix NFC selinux denial <Roman Birg> 1 year, 2 months ago
f5cc3c9 : flounder: Remove no longer needed lunch combo <Harry Youd> 4 weeks ago
34a834a : flounder: Update extract utils from template <Hashbang173> 2 months ago
 
**** vanir:device_htc_s4-common ****
630a97e : s4-common: Add qmuxd to qcom_diag group <Pavel Malyutin> 2 days ago
 
**** vanir:device_huawei_kiwi ****
0cd5fed : kiwi: adapt to FlipFlap overlay changes <jrior001> 6 days ago
 
**** cm:LineageOS/android_device_motorola_otus ****
f2ad4a6 : Otus: Fix FM Radio <DHOMD> 5 months ago
 
**** cm:LineageOS/android_device_oppo_msm8974-common ****
efef653 : Port from bacon: Add blob to decrypt full-disk encryption of /data. <J. Joe Feise> 7 months ago
 
**** vanir:device_samsung_klte-common ****
02f25ec : klte-common: adapt to FlipFlap overlay changes <jrior001> 6 days ago
 
**** cm:LineageOS/android_device_sony_nicki ****
931c82e : overlay: Enable data for MMS <Rudolf Tammekivi> 6 months ago
91bee47 : Revert "nicki: Enable data when sending mms" <Adrian DC> 24 hours ago
 
**** cm:LineageOS/android_external_chromium-webview ****
6613943 : Update README <Luca Stefani> 2 days ago
 
**** vanir:frameworks_base ****
2b7fd52 : Add support for page theme color to WebView and WebChromeClient. <Danny Baumann> 2 weeks ago
 
**** cm:LineageOS/android_hardware_qcom_display ****
5bf41f1 : sdm: Set layer frame rate if not specified. <Dileep Marchya> 6 months ago
 
**** cmold:lge-kernel-mako ****
fd1b48b : msm: camera: Fix memory read by adding bounds check <Trishansh Bhardwaj> 11 months ago
95a83d9 : msm: perf: Do not allocate new hw_event if event is duplicate. <Veena Sambasivan> 1 year, 1 month ago
65b3538 : net: wireless: bcmdhd: check privilege on priv cmd <Jerry Lee> 1 year, 2 months ago
 
**** cmold:android_kernel_oneplus_msm8974 ****
95d6b8c : libceph: introduce ceph_crypt() for in-place en/decryption <Ilya Dryomov> 6 months ago
7bab64e : ecryptfs: don't allow mmap when the lower fs doesn't support it <Jeff Mahoney> 11 months ago
 
**** cmold:android_kernel_samsung_smdk4412 ****
e42c98b : cypress: BLN: Add notification timeout support <Dominggoes Isakh> 8 days ago
46ba6a2 : cypress: Add BLN support <Dominggoes Isakh> 3 days ago
89da9f0 : Revert "cypress: Add BLN support" <Dominggoes Isakh> 23 hours ago
 
**** cm:LineageOS/android_packages_apps_FlipFlap ****
99c45c1 : FlipFlap: Circle/Rectangle View: Force layout to the follow BatteryViews <jrior001> 12 days ago
 
**** cm:LineageOS/android_packages_apps_Jelly ****
7ac5399 : Add support for WebViews that provide the site's theme color. <Danny Baumann> 6 days ago
 
**** vanir:packages_apps_Messaging ****
faca5e7 : Revert "32807795  Security Vulnerability - AOSP Messaging App: thirdparty can" <DHOMD> 3 months ago
 
**** cm:LineageOS/android_vendor_nxp-nfc_opensource_Nfc ****
45891dd : NFC: Enforce Nfcee Admin Perm for SmartcardService <Rohit Rangwani> 3 weeks ago
1e28ffe : NFC: Add null check before compare <Rohit Rangwani> 4 weeks ago
c30bd7f : NFC: Fix compile errors <Rohit Rangwani> 6 weeks ago
21fa77d : Update README.md <nxpandroid> 8 weeks ago
15ea183 : artf238836-AOSP-GEN-CE-HANDOVER-HCE-F-related-caches <nxpandroid> 8 weeks ago
83dad07 : artf237943-fix-compilation-error-in-NativeNfcManager <nxpandroid> 8 weeks ago
eb63aef : artf238478-PN80T-PN553-GEN_MW-Routing-table-update-f <nxpandroid> 8 weeks ago
810c477 : artf238475-Routing-Fix-for-routing-table-update-twic <nxpandroid> 8 weeks ago
a51b5bd : artf235189-SmartcardService-Adding-smartCardService <nxpandroid> 8 weeks ago
df9ef09 : artf234103-Card-Emulation-Card-Emulation-is-not-work <nxpandroid> 8 weeks ago
623a363 : artf192441-ANDROID_CHECKSTYLE-Resolve-Android-Check- <nxpandroid> 8 weeks ago
cdadc93 : artf229995-OSP-GEN-For-ETSI-reader-restart-rdr-mode- <nxpandroid> 8 weeks ago
7743be4 : artf229392-OSP-GEN-ETSI-reader-tag-stress-testing-wi <nxpandroid> 8 weeks ago
7e2accf : artf236012-DWP-PN80T-atr-not-working <nxpandroid> 8 weeks ago
8cd4a93 : artf221346-OSP-GEN-fix-for-memory-leak-while-releasi <nxpandroid> 8 weeks ago
6c6717a : artf222731-OSP-GEN-UICC-init-delayed-by-5-seconds-wh <nxpandroid> 8 weeks ago
5b89d81 : artf209704-OSP-GEN-pthread_kill-replaced-by-pthread_ <nxpandroid> 8 weeks ago
e7e6cc3 : artf228266-OSP-GEN-PWR_MGMT-Fix-standby-timer-not-be <nxpandroid> 8 weeks ago
ad3f93b : artf221204-OSP-GEN-ETSI-12-dual-initialization-restr <nxpandroid> 8 weeks ago
ed2a52b : artf224723-Empty-NCI_DATA_MSG-handling <nxpandroid> 8 weeks ago
e030d78 : artf234494-553-STANDALONE-NfcService-is-not-compilin <nxpandroid> 8 weeks ago
8bd96f6 : artf230649-Autonomous-mode-Autonomous-Mode-in-Screen <nxpandroid> 8 weeks ago
76a1d5a : artf230649-Autonomous-mode-Autonomous-Mode-in-Screen <nxpandroid> 8 weeks ago
fc2aab8 : artf214132-GSMA-Fix-for-sub-user-s-service-state-of- <nxpandroid> 8 weeks ago
1e2a13c : artf224374-Transaction-Fix-for-RF-state-machine-desy <nxpandroid> 8 weeks ago
67bd712 : artf222278-OSPtoGen-Timeout-occured-for-40-seconds-i <nxpandroid> 8 weeks ago
3bb3be9 : Revert-artf222278-OSPtoGEN-Timeout-occured-for-40-se <nxpandroid> 8 weeks ago
e226175 : artf222278-OSPtoGEN-Timeout-occured-for-40-seconds-i <nxpandroid> 8 weeks ago
2ac6b62 : artf226459-OSP-GEN-LMRT-Fix-for-RF-stuck-when-no-ISO <nxpandroid> 8 weeks ago
376f978 : artf223647-OSP-GEN-HAL-Perform-HCI-Initialization-re <nxpandroid> 8 weeks ago
c412d82 : artf232230-TAG-RW-Infinite-wait-when-presence-check- <nxpandroid> 8 weeks ago
396a3dc : artf224464-OSP-GEN-HCI-ETSI-12-pipe-creation-retrial <nxpandroid> 8 weeks ago
41bc6e0 : NFC: Fix stack buffer overflow <Gaurav Singhal> 9 weeks ago
205f080 : NFC: Fix Service crash for BeamShareActivity <Gaurav Singhal> 9 months ago
02d5837 : NFC: Fix compile error <Gaurav Singhal> 3 months ago
441fdbb : artf192441-ANDROID-CHECKSTYLE-Fix-for-android-check <nxpandroid> 3 months ago
ebbe383 : Update README.md <nxpandroid> 3 months ago
418ab78 : artf232004-TAG-CORE_RESET_NTF-during-presence-check <nxpandroid> 3 months ago
8f7e1e4 : artf229306-N_GEN-Code-cleanup <nxpandroid> 3 months ago
57869d2 : artf229306-N_GEN-Code-cleanup <nxpandroid> 3 months ago
74284c9 : artf229306-NGEN-Removal-of-dead-code-and-rearrangeme <nxpandroid> 3 months ago
875171a : PT_artf224476-GEN-Error-Handling-for-ABORT-event <nxpandroid> 3 months ago
f12a1d1 : PT_artf223678]-GEN-Fix-wired-mode-stuck-during-Wi <nxpandroid> 3 months ago
e68208c : artf229306-Optimization-MW-Code-cleanup <nxpandroid> 3 months ago
c98b4d5 : PT_artf192448-Part1-Resolve-Android-Coverity-violati <nxpandroid> 3 months ago
474fc72 : PT_artf225867-JAVA-API-doEnableDiscovery-cleanup <nxpandroid> 3 months ago
6c999f0 : PT_artf224531-PN80T-SysI-V-MW-eSE-UICC-concurrency-0 <nxpandroid> 3 months ago
3649b76 : PT_artf192441-Resolve-Android-Check-Style-violations <nxpandroid> 3 months ago
f839637 : PT_artf226719MW-7.2.0-will-not-Set-Ven-Config-V <nxpandroid> 3 months ago
f7ea99e : PT_artf192448-Part-2-Resolve-Android-coverity-viola <nxpandroid> 3 months ago
 
**** cm:LineageOS/android_vendor_nxp-nfc_opensource_frameworks ****
e11ff6a : NFC: Update frameworks to 7.4.0_N <Rohit Rangwani> 8 weeks ago
 
**** cm:LineageOS/android_vendor_nxp-nfc_opensource_libnfc-nci ****
15ad3ac : artfxxxxx-MW-version-updated-to-7.4.8 <nxpandroid> 8 weeks ago
295f292 : artf241278-SPI-Module-changes-SPI-Open-failing-with <nxpandroid> 8 weeks ago
c06b067 : NOSP-NGEN-artf227874-SVDD-protection-fix-added-for-P <nxpandroid> 8 weeks ago
c20a037 : artfxxxx-MW-version-updated-to-7.4.7 <nxpandroid> 8 weeks ago
4bf2a60 : artf223647-Perform-HCI-initialization-recovery-only <nxpandroid> 8 weeks ago
c4cbe39 : artfxxxx-MW-version-updated-to-7.4.6 <nxpandroid> 8 weeks ago
3f09bd2 : Revert-artf239728-NFC-initialisation-is-slow-due-to- <nxpandroid> 8 weeks ago
4e0a2d6 : artf239728-NFC-initialisation-is-slow-due-to-multipl <nxpandroid> 8 weeks ago
5604fd0 : artf238478-PN80T-PN553-GEN_MW-Routing-table-update-f <nxpandroid> 8 weeks ago
b68a1d9 : artf237561-NULL-pointer-deferencing-when-MW-recovery <nxpandroid> 8 weeks ago
6737985 : artfxxxx-MW-version-updated-to-7.4.5 <nxpandroid> 8 weeks ago
0927c94 : artf233036-OSP-GEN-Ese-UICC-concurrency-Fix-for-tran <nxpandroid> 8 weeks ago
310ce4d : artf228078-OSP-GEN-Transceive-timeout-is-reduced-to <nxpandroid> 8 weeks ago
f9364e9 : artf237943-Fixed-compilation-error-in-NativeNfcManag <nxpandroid> 8 weeks ago
0625e9c : artfxxxx-MW-version-updated-to-7.4.4 <nxpandroid> 8 weeks ago
0a4494f : artf237573-PN80T-PN553-GEN_MW-atr-not-working-after <nxpandroid> 8 weeks ago
bab124e : artfxxxx-MW-version-updated-to-7.4.3 <nxpandroid> 8 weeks ago
f1d964a : artfxxxx-MW-version-updated-to-7.4.2 <nxpandroid> 8 weeks ago
bd31615 : NOSP-NGEN-artf221204-Reverting-the-condition-to-chec <nxpandroid> 8 weeks ago
47796b5 : NOSP-NGEN-artf231785-Recovery-support-added-if-nfaSt <nxpandroid> 8 weeks ago
5ae6604 : NOSP-NGEN-artf227874-SVDD-protection-fix-added-for-P <nxpandroid> 8 weeks ago
f2bc64c : NOSP-NGEN-REVERT-artf225968-Timer-callback-not-invok <nxpandroid> 8 weeks ago
dd0ddb3 : NOSP-NGEN-artf223151-UICC-SWP-A0EC0101-not-enabled-d <nxpandroid> 8 weeks ago
98a1d1f : NOSP-NGEN-artf222731-NFC-init-done-without-waiting-f <nxpandroid> 8 weeks ago
2bc1051 : NOSP-NGEN-artf221204-Moved-processing-of-set-mode-fu <nxpandroid> 8 weeks ago
75faecb : NOSP-NGEN-artf221204-Taken-patches-as-per-the-list-f <nxpandroid> 8 weeks ago
e7cf3f0 : artf221204-OSP-GEN-HAL-ETSI-12-dual-initialization-r <nxpandroid> 8 weeks ago
d9364f3 : artf234376-PN551-COMPILATION-libnfc-nci-is-not-getti <nxpandroid> 8 weeks ago
beb0b7f : artfxxxx-MW-version-updated-and-chip-type-changed-to <nxpandroid> 8 weeks ago
b302197 : artf222278-OSPtoGEN-NFC_NXP_NOT_OPEN_INCLUDED-flag-r <nxpandroid> 8 weeks ago
55614a3 : artf223837-Timeout-occured-for-40-seconds-i <nxpandroid> 8 weeks ago
9e98db6 : artf222278-Timeout-occured-for-40-seconds <nxpandroid> 8 weeks ago
db191c6 : artf230649-Autonomous-mode-Autonomous-Mode-in-Screen <nxpandroid> 8 weeks ago
43d146c : artf227293-P2P-P2P-or-wired-mode-is-stuck-wh <nxpandroid> 8 weeks ago
7b3fe46 : artf230329-Mifare-Tag-for-PN547C2-module-Issue-to-re <nxpandroid> 8 weeks ago
9a5652d : artf223647-HAL-Perform-HCI-Initialization-re <nxpandroid> 8 weeks ago
6f80266 : artf224464-OSP-GEN-HCI-ETSI-12-pipe-creation-retrial <nxpandroid> 8 weeks ago
18f6ea5 : Fix native crash in nfc_ncif_proc_activate <fang.x.chen> 7 months ago
10e11ec : NFC: Disable DUAL UICC feature <Gaurav Singhal> 3 months ago
5f05876 : artfxxxx-MW-version-updated-7.4.0 <nxpandroid> 3 months ago
be3b36d : core and RF config related configurations updated <nxpandroid> 3 months ago
aee913a : [artfxxxx] Adding RF files <nxpandroid> 3 months ago
b8c16c4 : MW-version-updated-to-7.3.7 <nxpandroid> 3 months ago
81719b1 : artf229507-NFCForum-LLCP-Fix-LLCP-behaviour-in-case <nxpandroid> 3 months ago
46b48ba : Update README.md <nxpandroid> 3 months ago
b940657 : Update README.md <nxpandroid> 3 months ago
15ade87 :  MW version updated to 7.3.6 <nxpandroid> 3 months ago
7067f8e : artf209952-RF-file-TimeStamp-for-NFCC-stand-alone-RF <nxpandroid> 3 months ago
b9f032d :  PT_NFCCCxxxx-MW-version-updated-to-7.3.5 <nxpandroid> 3 months ago
0be89e5 : artf230648-ConfigFile-Fix-to-Wrong-NFC-Device-node-n <nxpandroid> 3 months ago
 
**** cm:LineageOS/android_vendor_qcom_opensource_time-services ****
8194dd7 : Add a barrier for Marlin/Sailfish <DHOMD> 3 months ago
 
