
**** vanir:art ****
f020b7d : Enable clang for ARM builds. <Stephen Hines> 3 months ago
 
**** vanir:bootable_recovery_TWRP ****
b9e547e : Move force_rgb_565 up. <Aaron Kling> 7 days ago
 
**** vanir:build ****
d984757 : Hacks <DHOMD> 9 months ago
dd3c428 : If EXPERIMENTAL_USE_JAVA8 is set, but java 1.7 is on the path, print a warning and build with java 1.7 <nuclearmistake> 31 hours ago
 
**** cm:CyanogenMod/android_device_cyanogen_msm8916-common ****
3e5217d : msm8916: Add missing ANT+ permission <Michael Bestas> 5 hours ago
36f1cd4 : cnd: update cnd class <Sanket Khidkikar> 4 months ago
db30b7f : msm8916: Enable DPM/CNE <Ethan Chen> 6 days ago
34c6dd0 : msm8916: Add CMHW vibrator intensity control <TheStrix> 8 weeks ago
7a9eb6b : msm8916-common: Remove duplicated debugfs mount <Luca Stefani> 2 months ago
e50b6f1 : msm8916-common: Do not chmod /system/bin/ <Luca Stefani> 28 hours ago
5c49349 : msm8916-common: rootdir: Remove a unnecessary ' 5' <LuK1337> 28 hours ago
5b195b1 : msm8916: Shift to new device fragment model <Ethan Chen> 3 weeks ago
a2119ce : msm8916: Commonize msm8939 and msm8916 <Ethan Chen> 9 days ago
 
**** vanir:device_huawei_angler ****
926c870 : Revert "Only preopt user builds of angler" <nuclearmistake> 2 days ago
1378c12 : Only preopt user builds of angler <nuclearmistake> 2 days ago
 
**** vanir:device_lge_bullhead ****
a4642d3 : bullhead: Fix max_comp_streams not get applied <Ketut Putu Kumajaya> 6 days ago
 
**** vanir:device_lge_g2-common ****
2b69650 : g2-common: init: Disable LMK debugging <Zdrowy Gosciu> 4 days ago
6943b9b : g2-common: Tweak power config <Tyler Dunn> 4 weeks ago
8d84559 : g2-common: Enable larger TCP accept window prop <Tyler Dunn> 4 weeks ago
2bf2d41 : g2-common: Rebase fluence props <Zdrowy Gosciu> 3 weeks ago
bacf0d5 : g2-common: Cleanup custom emergency number list <Zdrowy Gosciu> 5 months ago
6c7a66e : g2: power: Tweak interactive scaling <fluxi> 9 months ago
 
**** cm:CyanogenMod/android_device_motorola_condor ****
dc5ee16 : condor: use device specific versions of some camera blobs <Sultan Qasim Khan> 2 days ago
 
**** vanir:device_motorola_msm8226-common ****
fc08bb2 : Automatic translation import <inky@build01> 30 hours ago
 
**** cm:CyanogenMod/android_device_motorola_msm8610-common ****
6a08685 : msm8610-common: decommonize some camera libs <Sultan Qasim Khan> 2 days ago
 
**** vanir:device_motorola_msm8916-common ****
98cb6d5 : Automatic translation import <inky@build01> 30 hours ago
 
**** cm:CyanogenMod/android_device_motorola_otus ****
2d43f0b : otus: boost microphone gains <Sultan Qasim Khan> 25 hours ago
f642de7 : Automatic translation import <inky@build01> 30 hours ago
4ee991a : otus: bring back some camera libs from common <Sultan Qasim Khan> 2 days ago
 
**** vanir:device_motorola_qcom-common ****
0d3bd96 : Automatic translation import <inky@build01> 30 hours ago
 
**** cm:CyanogenMod/android_device_motorola_victara ****
078c3f0 : Automatic translation import <inky@build01> 30 hours ago
 
**** vanir:device_oppo_common ****
763aaf1 : Automatic translation import <inky@build01> 30 hours ago
 
**** cm:CyanogenMod/android_device_oppo_find7-common ****
c065bf9 : find7: Move gps properties to msm8974-common <Michael Bestas> 13 days ago
 
**** cm:CyanogenMod/android_device_oppo_msm8974-common ****
26d54ed : msm8974: Reenable the QC location stack <Steve Kondik> 2 weeks ago
fdbfeaa : msm8974: Enable CNE + DPM <Steve Kondik> 2 weeks ago
 
**** vanir:device_qcom_common ****
a214e51 : power: Fixup typo in 8939 cpu4 timer rate <Pat Erley> 6 hours ago
 
**** cm:CyanogenMod/android_device_samsung_d2-common ****
c398892 : Revert "d2: snap: force preview size to 1280x720" <Matrix Zone> 6 days ago
 
**** vanir:device_samsung_jf-common ****
33c2bf6 : rootdir: Fix BFQ Setting for External SD Card <Paul Keith> 3 months ago
 
**** vanir:device_samsung_kona-common ****
18a0f84 : kona : update selinux <RGIB> 34 hours ago
5c09772 : kona : fix prctl(0x53564d41 /* PR_??? */, ... ) = -1 EINVAL <RGIB> 2 days ago
fa33fa8 : kona : build dlmalloc <RGIB> 3 days ago
715d946 : kona: update proprietary files <Simon Shields> 5 days ago
7ae0111 : kona: extract-files: this is not i925 <Simon Shields> 5 days ago
b0f9725 : kona : selinux update <RGIB> 6 days ago
 
**** vanir:device_samsung_msm8960-common ****
5eea57f : msm8960: CameraWrapper: force 960x720 preview size <Matrix Zone> 6 days ago
 
**** vanir:device_samsung_qcom-common ****
2ceefc2 : Automatic translation import <inky@build01> 30 hours ago
 
**** vanir:device_samsung_smdk4412-qcom-common ****
8db8e87 : smdk4412-qcom-common : support for Note 8.0 n5120 <RGIB> 7 hours ago
 
**** cm:CyanogenMod/android_device_sony_common ****
8fb31de : init: Add a device overridable finish_keycheck function <AdrianDC> 5 days ago
 
**** cm:CyanogenMod/android_device_sony_nicki ****
7689a54 : nicki: Update gps hal <RonGokhale> 4 days ago
 
**** vanir:device_xiaomi_cancro ****
04e2bfa : cancro: init: underp libinit <Joey Rizzoli> 4 days ago
b6ca8b3 : cancro: define frp partition <Joey Rizzoli> 4 days ago
eebeab2 : cancro: Delicious butter <Steve Kondik> 4 days ago
ab5d60f : cancro: Switch to standalone libinit <Michael Bestas> 5 days ago
df06013 : cancro: rootdir: fix thermal paths <Joey Rizzoli> 5 days ago
a9b3152 : cancro: disable fluence for voicerec <Joey Rizzoli> 5 days ago
 
**** vanir:device_yu_lettuce ****
e3c4e62 : lettuce: Ship Gello <Pranav> 4 weeks ago
c6c6000 : lettuce: Update to match msm8916-common <Ethan Chen> 7 days ago
 
**** cm:CyanogenMod/android_device_yu_tomato ****
9b9843d : tomato: Remove duplicate sepolicy declaration <Meninblack007> 15 hours ago
db4b35c : tomato: Inherit from msm8916-common instead <Ethan Chen> 9 days ago
 
**** vanir:external_sepolicy ****
97cc5a7 : persist.dbg/data for radio to control QC prop's <Deepak Kundra> 6 days ago
 
**** vanir:external_stagefright-plugins ****
b8f2c70 : stagefright-plugins: check if input queue is empty <Keith Mok> 2 days ago
 
**** vanir:frameworks_base ****
ce709c9 : fw: Fix power key interception for PRIVATE_FLAG_PREVENT_POWER_KEY <Sultanxda> 8 hours ago
cb4391b : SystemUI: Fix mCanDismissKeyguard state issue <Ethan Chen> 6 weeks ago
1fb2216 : Automatic translation import <inky@build01> 30 hours ago
edb09e6 : SystemUI : Ensure we unset focus when showKeyguard is called <Danesh M> 31 hours ago
bdb7df2 : Don't lookup application keyguard notification visibility unnecessarily <Sam Mortimer> 1 year, 4 months ago
ee43aa5 : Frameworks: Add per app controls for LP keyguard notifications (1/2) <Lars Greiss> 1 year, 6 months ago
3ecb658 : Visualizer: Let visualizer fill the entire available screen <Dan Pasanen> 2 weeks ago
479ff51 : isRoaming: fix possible NPE <Michael W> 3 days ago
26be5e9 : SystemUI: Fix NPE <Michael W> 2 weeks ago
22993ec : Revert "SystemUI : Allow icons to move to overflow if center clock" <nuclearmistake> 2 days ago
44e91e0 : fw: reintroduce PRIVATE_FLAG_PREVENT_POWER_KEY <Scott Mertz> 2 days ago
70d2082 : services: Kick off to CMSystemServer for external service init. <Adnan Begovic> 5 weeks ago
9a23f2e : am: clear state for every protected app invocation. <Adnan Begovic> 2 days ago
aa238e9 : Core: Fix OOB <Michael W> 3 days ago
 
**** vanir:frameworks_native ****
6500d42 : Add dalvik heap/hwui overrides for xxxhdpi phone with 4096MB RAM <Louis Popi> 4 weeks ago
 
**** cm:CyanogenMod/android_hardware_qcom_audio ****
e1b5f35 : make: Fixup cross-platform guards <Ricardo Cerqueira> 10 days ago
95d38b9 : hal : Fix banned API's and input validation errors <Preetam Singh Ranawat> 7 weeks ago
67ab751 : hal: return with error code to avoid tearing down existing recording <Zhou Song> 6 weeks ago
90f2a4c : hal: add support for msm8917 tmo, msm8917 sku5 and msm8940 sku6 <Meng Wang> 7 weeks ago
9898456 : audiopolicymanager: fix device selection in getNewOutputDevice <Satya Krishna Pindiproli> 8 weeks ago
21f9fa7 : hal: post_proc: Do not enable volume listener <Dhanalakshmi Siddani> 8 weeks ago
6540c07 : audiopolicy: check active direct output before adding DIRECT_PCM flag <Zhou Song> 2 months ago
354a07c : hal: Update to make code more reliable <Kuirong Wang> 4 months ago
5319430 : hal : Fix data initialization and input validation errors <Preetam Singh Ranawat> 3 months ago
d77d3b3 : policy_hal: add support for 32/48KHz support for voip <Shiv Maliyappanahalli> 4 months ago
e66aba2 : hal: add support for 32/48KHz for voip <Shiv Maliyappanahalli> 4 months ago
78b70c0 : hal: add support for fluence in voice recognition <Vidyakumar Athota> 11 months ago
726c71d : Revert "hal: Fix SSR issue for compress offload playback" <Naresh Tanniru> 3 months ago
a969a9b : Remove internal code name of msmtitanium for msm8952. <Arusha Goyal> 3 months ago
fd7607b : hal: stop sound trigger buffering during close <Mingming Yin> 4 months ago
fdbcd9d : Remove internal code name of msmtitanium for msm8952. <Arusha Goyal> 3 months ago
60cd764 : audio: port sound trigger fixes <Mingming Yin> 4 months ago
0a79f2c : hal: reset backend configuration before speaker calibration <Vidyakumar Athota> 5 months ago
4ffc926 : hal: Add support to get speaker FTM parameters <Vidyakumar Athota> 4 months ago
3abfee2 : Revert "hal: Fix voice call routing issue on headset" <Karthik Reddy Katta> 3 months ago
b137994 : hal: Fix warnings in audio HAL and policy <Alexy Joseph> 4 months ago
31eefec : hal: correct offload tear down check due to sw effect <Weiyin Jiang> 3 months ago
869f201 : hal: force device switch only for headset and headphone <Xiaojun Sang> 3 months ago
46025ef : hal: update compress offload pcm device ID <Vidyakumar Athota> 6 months ago
58081b6 : audiopolicy: fix notification tone during call not stopped after call ended <Zhou Song> 3 months ago
fccb915 : audiopolicy: do not set FM volume during device connection/disconnection <Satya Krishna Pindiproli> 3 months ago
0d47176 : hal: Fix the device disable/enable sequence for capture usecases <Karthik Reddy Katta> 10 months ago
74a2eee : hal: support wsa combo for jacala <Naresh Tanniru> 4 months ago
cd327f8 : hal: don't allow track offload if there's active sw effect <Weiyin Jiang> 3 months ago
488ac37 : hal: spkr_prot: read temperature once during calibration <Vidyakumar Athota> 4 months ago
fdd505a : hal: limit AFE and ADM sample rate at 48 for speaker <Sidipotu Ashok> 4 months ago
bbce432 : hal: Ensure that stream is not started during Sub system restart. <Ashish Jain> 4 months ago
d211ef5 : policy_hal: handle incall sonification without checking output refCount <Weiyin Jiang> 4 months ago
4bd09d0 : hal: Add support to dynamically configure MI2S rx sample rate <Venkata Narendra Kumar Gutta> 4 months ago
f98e42f : hal: Remove return values from void functions <Leena Winterrowd> 4 months ago
ad8fff8 : hal: enhance the combo device detection logic during native playback <Sidipotu Ashok> 4 months ago
7f4817f : hal: Add support for FBSP in WSA analog mode <Venkata Narendra Kumar Gutta> 4 months ago
aee4fdd : hal: Fix potential memory leaks in HAL <Alexy Joseph> 4 months ago
4051676 : mm-audio: omx: Fix handling of flush error on session not found <Mingming Yin> 4 months ago
bb4cf0b : hal: fix no audio issue in voice call <Shiv Maliyappanahalli> 4 months ago
8d019b0 : hal: fix to enable aanc handset dynamically during voice call <Shiv Maliyappanahalli> 5 months ago
dda29e6 : hal: fix resource leak issues in platform.c <Mingming Yin> 6 months ago
34a303c : hal: Remove alac, ape from hardware decoder list <Naresh Tanniru> 4 months ago
d7a04cd : hal: Set sampling rate for stream_out <Leena Winterrowd> 5 months ago
125900e : hal: fix usecase selection in adev_open_output_stream <Satya Krishna Pindiproli> 4 months ago
eeb6b31 : hal: fm: add parameter to set mute options <Dhananjay Kumar> 4 months ago
2dd77c2 : policy_hal: fix for FM playback without active music stream <Mingming Yin> 5 months ago
603ae9b : policy: Delay FM volume update to start of FM playback <Haynes Mathew George> 5 months ago
3c8fbae : hal: Validate active input before accessing source <Leena Winterrowd> 5 months ago
dd28726 : hal: fix for Fluence V5 ECNS failing to work with AANC <Shiv Maliyappanahalli> 5 months ago
 
**** cm:CyanogenMod/android_hardware_qcom_audio ****
52af337 : hal: Garbage output in logcat <Keith Mok> 3 weeks ago
886c244 : hal: remove explicit direct pcm usecase <vivek mehta> 9 months ago
f6cd4f7 : hal: stop sound trigger buffering during close <Mingming Yin> 4 months ago
4fb2812 : hal: don't allow track offload if there's active sw effect <Weiyin Jiang> 3 months ago
bfe1cc3 : hal: Fix 44.1Khz playback when native support is not enabled <Amit Shekhar> 4 months ago
dc520bc : libaudiopolicymanager: DirectPCM: fix 44.1 clip playing noisy issue <vivek mehta> 6 months ago
b73a764 : audio: Extend platform parser to allow device name aliasing <Ethan Chen> 1 year, 9 months ago
64387ed : hal: Fix voice call recording <solk2> 1 year, 9 months ago
91c7d6b : hal: Fix digital USB headset combo device <Steve Kondik> 1 year, 9 months ago
be6fdfc : hal: Clean up compilation warnings <Steve Kondik> 1 year, 6 months ago
13ba1b4 : hal: Add support for audio amplifier HAL <Ethan Chen> 3 years ago
381b7a0 : audio: Configure CM default feature set <Steve Kondik> 1 year, 6 months ago
b25084a : hal: Allow building hardware audio encoders <Arne Coucheron> 1 year, 4 months ago
f48de3d : audio: Use project pathmap <Ethan Chen> 5 months ago
1362fc7 : audio: Only allow non-legacy HAL <Ethan Chen> 5 months ago
b5b6d33 : hal: Update format table with AAC ADTS formats. <Ashish Jain> 7 months ago
102616d : HAL: Identify the track offload session <Sharad Sangle> 6 months ago
d7eaf2b : HAL: Identify Track offload session <Alexy Joseph> 7 months ago
8c21ad7 : Merge DAX2 changes <Gao Jie> 7 months ago
12467a1 : hal: Use AUDIO_TX_MONO_COPP topology for incall record usecases <Karthik Reddy Katta> 7 months ago
 
**** cm:CyanogenMod/android_hardware_qcom_audio ****
27c02b0 : msm8996: fix werror when AUDIO_FEATURE_ENABLED_DTS_EAGLE is enabled <Chao Chen> 6 hours ago
ab301fb : hal: Add support for 24 bit through deep buffer <Alexy Joseph> 9 weeks ago
26ba118 : audio: Return error if sound card is offline <Haynes Mathew George> 7 weeks ago
51bd55e : hal: Fix voice call usecase de-referencing <Alexy Joseph> 2 weeks ago
d82ef90 : hal: avoid resetting to speaker if HDMI is still connected <Weiyin Jiang> 3 weeks ago
778375b : hal: Update backend match function for sub string match <Kuirong Wang> 4 weeks ago
20835d1 : hal: add correct headset/headphone backend id <vivek mehta> 4 weeks ago
f78c3ff : hal: retry failed MBDRC cal level <vivek mehta> 5 weeks ago
7a889c8 : hal: Fix device selection during voice call <Alexy Joseph> 6 weeks ago
0ffa7d4 : post proc : volume listener : fix effect release crash <Eric Laurent> 6 months ago
da1032f : hal: Code clean up for audio extension <Garmond Leung> 6 weeks ago
8445537 : hal: Fix the VOIP input device disable/enable sequence for capture usecases <kunleiz> 3 months ago
ba089ec : hal: remove audio config for DS2 <Banajit Goswami> 8 weeks ago
793e709 : hal: Fix WFD and voice call over USB concurrency <vivek mehta> 7 weeks ago
78224a7 : hal: add support for APQ 8096 <Josh Kirsch> 9 weeks ago
ae6fa42 : hal: fix crash due to null pointer deference <Haynes Mathew George> 7 weeks ago
929e270 : hal: fix recording due to improper function return values <Haynes Mathew George> 8 weeks ago
9087fcf : hal: dolby: send correct sample rate to ADM <vivek mehta> 4 months ago
b5194d8 : hal: move target specific audio configuration to HAL <Banajit Goswami> 2 months ago
9c3e314 : hal: move audio specific config files to HAL <Banajit Goswami> 2 months ago
68565c1 : Revert "hal: Fix SSR issue for compress offload playback" <Naresh Tanniru> 3 months ago
f1a77b3 : hal: Fix the device disable/enable sequence for capture usecases <Venkata Narendra Kumar Gutta> 10 months ago
60ccdb9 : hal: fm: add parameter to set mute options <Dhananjay Kumar> 4 months ago
ac96ba9 : hal: correct offload tear down check due to sw effect <Weiyin Jiang> 3 months ago
c2fd435 : mm-audio: omx: Fix handling of flush error on session not found <Mingming Yin> 3 months ago
8e76749 : audiopolicy: fix notification tone during call not stopped after call ended <Zhou Song> 3 months ago
4734644 : hal: fixes for codec backend configuration <Mingming Yin> 3 months ago
6ea0f22 : Revert "hal: don't allow track offload if there's active sw effect" <Mingming Yin> 3 months ago
642ea14 : hal: Update to make code more reliable <Kuirong Wang> 4 months ago
9e638df : policy_hal: handle incall sonification without checking output refCount <Weiyin Jiang> 4 months ago
c27181a : hal: don't allow track offload if there's active sw effect <Weiyin Jiang> 3 months ago
b31c72b : audio: port sound trigger fixes <Mingming Yin> 4 months ago
6b8c62e : hal: Add support to get speaker FTM parameters <Vidyakumar Athota> 4 months ago
0d16908 : hal: update combo device handling <Kuirong Wang> 11 months ago
f7936ae : hal: spkr_prot: read temperature once during calibration <Vidyakumar Athota> 4 months ago
04a9b1d : hal: Fix 44.1Khz playback when native support is not enabled <Amit Shekhar> 4 months ago
31537a1 : hal: fix for Fluence V5 ECNS failing to work with AANC <Shiv Maliyappanahalli> 5 months ago
63ed9cc : hal: Fix warnings in audio HAL and policy <Alexy Joseph> 4 months ago
e338c92 : hal: post_proc: enabled / disable volume listener based on prop <vivek mehta> 4 months ago
346df19 : audio: config audio backend for HDMI playback <Mingming Yin> 4 months ago
81fdb7f : hal: Fix closure of hardware dependent node <Banajit Goswami> 4 months ago
b940ee9 : hal: fix no audio issue in voice call <Shiv Maliyappanahalli> 4 months ago
9af2b5e : hal: fix to enable aanc handset dynamically during voice call <Shiv Maliyappanahalli> 5 months ago
fadd50b : hal: stop sound trigger buffering during close <Mingming Yin> 4 months ago
97e1e25 : hal: Fix potential memory leaks in HAL <Alexy Joseph> 4 months ago
1de7e49 : Revert "hal: Fix voice call routing issue on headset" <Venkata Narendra Kumar Gutta> 10 months ago
88bd9c6 : hal: Validate active input before accessing source <Leena Winterrowd> 5 months ago
7fcac44 : policy_hal: fix for FM playback without active music stream <Mingming Yin> 5 months ago
4da0672 : hal: reset backend configuration before speaker calibration <Vidyakumar Athota> 5 months ago
a24f8da : policy: Delay FM volume update to start of FM playback <Haynes Mathew George> 5 months ago
 
**** cm:CyanogenMod/android_hardware_qcom_display ****
9f98625 : make: Adjust to dynamic paths <Ricardo Cerqueira> 10 days ago
df7f309 : sdm: Add NULL check for allocated memory <Ramakant Singh> 7 weeks ago
5b880f0 : gralloc : Add singleton class for mdp capability <Ramakant Singh> 9 weeks ago
b8cb6de : sdm: Fix incorrect permission on hw_info.cpp <Naseer Ahmed> 9 weeks ago
805ea87 : libgralloc: Get appropriate width and height from metadata <Ramkumar Radhakrishnan> 2 months ago
57f0cc4 : sdm: Set the new panel width and height correctly <Ramakant Singh> 3 months ago
354bf79 : sdm: Disable partial update only if is enabled. <Dileep Marchya> 3 months ago
4570003 : sdm: Add parameter check for content list <Manoj Kumar AVM> 3 months ago
c5109e6 : sdm : Apply Default Mode on real framework start <Sravan Kumar D.V.N> 3 months ago
5e0a1dc : hwc: Initialize pipe type to kPipeTypeUnused <Pullakavi Srinivas> 3 months ago
c487a88 : sdm: Initialize blit class members <Anjaneya Prasad Musunuri> 3 months ago
3cb64d9 : sdm:  Adding mapping of MDP RGB565_UBWC  format to SDM format <Anjaneya Prasad Musunuri> 3 months ago
f4912df : sdm: Add support for 10 bit RGB/YUV formats. <Ramkumar Radhakrishnan> 3 months ago
db89d1f : libgralloc: Add support for 10 bit RGB/YUV formats. <Ramkumar Radhakrishnan> 3 months ago
813ec82 : sdm: Create rotator modules only if a config has required h/w <Saurabh Shah> 3 months ago
cdd3895 : sdm: Add support for V4L2 Rotator <Saurabh Shah> 7 months ago
48c0356 : sdm: Indicate if Rotator is separate H/W block <Sushil Chauhan> 3 months ago
9964fc0 : sdm: Read number of rects from per-pipe caps <Sushil Chauhan> 4 months ago
07f4d41 : sdm:  Adding mapping of MDP RGB565_UBWC  format to SDM format <Anjaneya Prasad Musunuri> 3 months ago
6f227cf : sdm: Set max_layers to 0 when HDMI is in S3D mode <Xu Yang> 4 months ago
53a9573 : sdm: color-manager: PA Dither implementation. <Siddharth Zaveri> 3 months ago
d9f58e0 : sdm: Fix layer blending parameter setting. <Ramkumar Radhakrishnan> 5 months ago
bf04660 : sdm: Fix default ROI initialization <Ramkumar Radhakrishnan> 3 months ago
a212934 : gralloc: Ignore IGC setting. <Dileep Marchya> 5 months ago
bb069a6 : sdm: Fix Wconversion errors <Naseer Ahmed> 4 months ago
95cf0f2 : sdm: color-manager: Add support for global dither. <Siddharth Zaveri> 3 months ago
36e000a : gralloc: Fix RAW10 stride <Ranjith Kagathi Ananda> 12 months ago
0899057 : sdm: Initialize blit engine only if blit is supported. <Anjaneya Prasad Musunuri> 3 months ago
7b23121 : sdm: Fix out of bound access to HWC layers. <Dileep Marchya> 3 months ago
15ac3bd : Revert "sdm: Allocate layer stack objects individually." <Dileep Marchya> 3 months ago
eb97bc9 : sdm: Populate supported format table map from sysfs node <Ramkumar Radhakrishnan> 4 months ago
b2781cc : sdm: Typecast void pointer to mdp scale structure for QSEED2. <Ramkumar Radhakrishnan> 3 months ago
d4fa563 : sdm: Avoid flush for virtual display when no app layer is present. <Anjaneya Prasad Musunuri> 4 months ago
cb44d97 : libgralloc: disable UBWC for video encoder usecase <Manikanta Kanamarlapudi> 4 months ago
9c72d0d : sdm: Resolve mismatched deallocation of memory <Anjaneya Prasad Musunuri> 4 months ago
ee63e37 : sdm: Add output buffer resolution in dump <Manoj Kumar AVM> 4 months ago
2e2830c : sdm: Read per-pipe caps from MDP caps <Sushil Chauhan> 5 months ago
66b1fa5 : sdm: Allocate layer stack objects individually. <Dileep Marchya> 4 months ago
165ef42 : sdm: color-manager: Resolve uninitialized variable access. <Siddharth Zaveri> 4 months ago
7d0727d : sdm: Mark layer as updating if geometry has changed. <Dileep Marchya> 4 months ago
a55f866 : sdm: Fix out of bounds access <Saurabh Shah> 4 months ago
bd4aaf2 : libmemtrack: Update the parsing of flags field <Harshdeep Dhatt> 6 months ago
f77878d : sdm: Read max panel brightness level from file node. <Siddharth Zaveri> 4 months ago
930582e : sdm: Add an interface to store layer's input buffer id. <Ramkumar Radhakrishnan> 5 months ago
647e171 : hwc: Fix mutex deadlock in GetVsyncPeriod <Manoj Kumar AVM> 4 months ago
46ef281 : sdm: Add support for S3D video <Yang Xu> 6 months ago
cd0dace : sdm: Add CSC information in dump. <Dileep Marchya> 4 months ago
f8fa2a8 : sdm: Write auto refresh value only if changed <Saurabh Shah> 6 months ago
ae51451 : sdm: hwc: Use display_defs.h <Arun Kumar K.R> 5 months ago
989b007 : gralloc: Default camera buffers to full range <Naseer Ahmed> 6 months ago
 
**** cm:CyanogenMod/android_hardware_qcom_display ****
7b9a3a1 : hwc/overlay: Validate cursor position in hwc_setPositionAsync <Baldev Sahu> 3 months ago
4c401f0 : hwc: Fix sanitize ROI func <Ramakant Singh> 4 months ago
6dab9c9 : hwc: Apply Default Mode on real framework start <Sravan Kumar D.V.N> 4 months ago
732b9ac : qdutils: Correct the hwc-driver mismatch <Ramakant Singh> 4 months ago
f1e2905 : hwc: remove local constant DISPLAY_ATTRIBUTES list <Ramakant Singh> 4 months ago
a74edfb : hwc: Remove references to display-frameworks <Ethan Chen> 5 months ago
c7cce05 : hwc: Fix compile errors after display-frameworks removal <Arne Coucheron> 5 months ago
b375570 : hwc: Support for QDCM Preference when PU enabled <Nitesh Gupta> 5 months ago
cc1ec84 : hwc: Set ioprio for vsync thread <Steve Kondik> 9 months ago
7516867 : Don't build lights module if vendor supplies it <Steve Kondik> 1 year, 7 months ago
730d245 : Revert "hqd: Use MSM_VIDC_TARGET_LIST for Venus color format" <Ethan Chen> 5 months ago
bc1215a : display: Use project pathmap <Ethan Chen> 1 year, 7 months ago
c324d73 : hwc: Set DefaultMode after bootup completion <Ramakant Singh> 6 months ago
8a6e7c9 : gralloc: Add a private flag for INTERNAL only <Arun Kumar K.R> 9 months ago
394c830 : hwc: Donot update dynamic-fps when device is not active <Ramakant Singh> 8 months ago
8f21571 : hwc: Do not wait for MDSS fence for layers with rotation <Dileep Kumar Reddi> 8 months ago
d2c5ca0 : hwc: Start with ROI set to destination <Arun Kumar K.R> 8 months ago
9ef4d8c : hwc: Set minfps as part of timeout_handler during idlefallback <Ramakant Singh> 8 months ago
0d616ba : Revert "hwc: Relax format change restrictions for certain targets" <Dileep Kumar Reddi> 8 months ago
213ead5 : Default flexible YUV format to NV21 <Tanmaya Godbole> 9 months ago
ed75fdb : hwc: Reset refresh-rate for few cases as part of timeout handler <Dileep Kumar Reddi> 8 months ago
56ed396 : gralloc: Add support for PRIV_FLAGS_DISP_CONSUMER <Surajit Podder> 11 months ago
a2d5295 : hwc: Support ActionSafe on targets with non-scaling RGB pipes. <Sandeep Panda> 9 months ago
248378d : gralloc: Use adreno_utils api for NV21 and NV12 alignment <Sushil Chauhan> 9 months ago
037d21d : hwc: Use basePipe for fullscreen and opaque layer <Pullakavi Srinivas> 9 months ago
77ec4ef : gralloc: Modify check for uncompressed RGB buffers <Naomi Luis> 9 months ago
449fbe0 : hwc: Use aligned width and height <Dileep Kumar Reddi> 9 months ago
02dbc50 : Revert "HWC: use aligned width and height for rearranging ROI" <Dileep Kumar Reddi> 9 months ago
cd7217a : hwc: Support ActionSafe on targets with non-scaling RGB pipes. <Sandeep Panda> 9 months ago
eed742d : overlay: add tertiary display definition in overlay <Vinu Deokaran> 9 months ago
a029479 : hwc: Validate display ID in hwc interface <Arun Kumar K.R> 9 months ago
09441c1 : gralloc: Add missing changes related to RAW16 <Raj Kamal> 10 months ago
7ea10c5 : hwc: Use basePipe for fullscreen and opaque layer <Pullakavi Srinivas> 9 months ago
c039f6e : hwc: Use aligned width and height <Dileep Kumar Reddi> 9 months ago
60cbe72 : Revert "HWC: use aligned width and height for rearranging ROI" <Dileep Kumar Reddi> 9 months ago
2e918bf : hwc: Avoid idlefallback during video playback <Raj Kamal> 9 months ago
fbe5a60 : HWC: use aligned width and height for rearranging ROI <Dileep Kumar Reddi> 9 months ago
597b313 : hwc: Featurize HWC_DISPLAY_SECURE <Raj Kamal> 9 months ago
eb4d7a6 : hwc: Use HWC_DISPLAY_NO_ATTRIBUTE as terminator. <Prabhanjan Kandula> 9 months ago
410ba7c : hwc : Normalize source crop before validating scaling limits. <Prabhanjan Kandula> 10 months ago
95fef31 : hwc: Relax format change restrictions for certain targets <Dileep Kumar Reddi> 10 months ago
42a1c98 : hwc: Changes for display-hal compilation with QTI_BSP enabled <Ramakant Singh> 10 months ago
c772eec : hwc: Do not use Borderfill pipe for composition in WFD <Dileep Kumar Reddi> 10 months ago
e5268fd : hwc/overlay: Pass handle w/h and crop w/h through fb_image field <Arun Kumar K.R> 11 months ago
5d39f02 : hwc: Log warning instead of mHDMIClient object not available <Dileep Kumar Reddi> 10 months ago
55b3489 : hwc: Ignore float-conversion for included headers <Naseer Ahmed> 10 months ago
82fe9c6 : hwc: Do not consider rotation for smart blit <Ramakant Singh> 10 months ago
dd689ff : hwc: Do not create idle invalidator for MDP3 targets <Dileep Kumar Reddi> 10 months ago
c58836b : hwc: Align ROI's width and height in both directions <Dileep Kumar Reddi> 10 months ago
19f2250 : hwc: Fix SF crash due to SIGSEGV error <Raj Kamal> 10 months ago
 
**** cm:CyanogenMod/android_hardware_qcom_display ****
371b9bc : sdm: Fix compilation error in hwc <Ramkumar Radhakrishnan> 3 weeks ago
a9f99ef : sdm: Typecast void pointer to mdp scale structure for QSEED2. <Ramkumar Radhakrishnan> 3 months ago
e588c17 : sdm : Apply Default Mode on real framework start <Sravan Kumar D.V.N> 3 months ago
4273f6c : sdm: Full ROI for 1 frame after resolution switch <Saurabh Shah> 6 weeks ago
09ed480 : sdm: Add support to report the pixel format of the display <Tatenda Chipeperekwa> 6 weeks ago
4d18fb9 : sdm: Disable partial update only if is enabled. <Dileep Marchya> 3 months ago
b60921b : sdm: Enable HDMI dynamic frame rate switch feature <feifanz> 2 months ago
2ca46a4 : qdMetadata: Add MetaData operation functions <feifanz> 2 months ago
d4f544e : sdm: HDMI as primary and headless display support <Tatenda Chipeperekwa> 7 weeks ago
3fc6dfa : sdm: Add independent hardware event thread for display events <Tatenda Chipeperekwa> 9 weeks ago
d180922 : sdm: Add sys wrappers for read, write, eventfd system calls <Tatenda Chipeperekwa> 9 weeks ago
57572d5 : qservice: Fixes for IQHDMIClient <Tatenda Chipeperekwa> 9 weeks ago
fcb06b6 : cec: Fix message parsing and enable wakeup feature <Tatenda Chipeperekwa> 9 weeks ago
d6591ae : sdm: Wrap DISPLAY_TERTIARY around QTI_BSP <Manoj Kumar AVM> 2 months ago
b7a0693 : sdm: Add parameter check for content list <Manoj Kumar AVM> 3 months ago
b5a157d : libmemtrack: Update parsing of kgsl mem file <Harshdeep Dhatt> 4 months ago
009ad60 : sdm: Set max_layers to 0 when HDMI is in S3D mode <Xu Yang> 4 months ago
bbeb6d6 : sdm: Initialize blit class members <Anjaneya Prasad Musunuri> 3 months ago
07d45cf : sdm: Fix out of bound access to HWC layers. <Dileep Marchya> 3 months ago
9b2cc73 : sdm: Fix default ROI initialization <Ramkumar Radhakrishnan> 3 months ago
cef3584 : sdm: color-manager: Add support for global dither. <Siddharth Zaveri> 3 months ago
19e6179 : sdm: Populate supported format table map from sysfs node <Ramkumar Radhakrishnan> 4 months ago
5fb5686 : sdm: Fix layer blending parameter setting. <Ramkumar Radhakrishnan> 5 months ago
631a683 : gralloc: Ignore IGC setting. <Dileep Marchya> 5 months ago
b92a3d3 : sdm: Initialize blit engine only if blit is supported. <Anjaneya Prasad Musunuri> 3 months ago
fa54538 : Revert "sdm: Allocate layer stack objects individually." <Dileep Marchya> 3 months ago
cc12857 : gralloc: Fix RAW10 stride <Ranjith Kagathi Ananda> 12 months ago
d4fa563 : sdm: Avoid flush for virtual display when no app layer is present. <Anjaneya Prasad Musunuri> 4 months ago
cb44d97 : libgralloc: disable UBWC for video encoder usecase <Manikanta Kanamarlapudi> 4 months ago
9c72d0d : sdm: Resolve mismatched deallocation of memory <Anjaneya Prasad Musunuri> 4 months ago
ee63e37 : sdm: Add output buffer resolution in dump <Manoj Kumar AVM> 4 months ago
2e2830c : sdm: Read per-pipe caps from MDP caps <Sushil Chauhan> 5 months ago
66b1fa5 : sdm: Allocate layer stack objects individually. <Dileep Marchya> 4 months ago
165ef42 : sdm: color-manager: Resolve uninitialized variable access. <Siddharth Zaveri> 4 months ago
7d0727d : sdm: Mark layer as updating if geometry has changed. <Dileep Marchya> 4 months ago
a55f866 : sdm: Fix out of bounds access <Saurabh Shah> 4 months ago
bd4aaf2 : libmemtrack: Update the parsing of flags field <Harshdeep Dhatt> 6 months ago
f77878d : sdm: Read max panel brightness level from file node. <Siddharth Zaveri> 4 months ago
930582e : sdm: Add an interface to store layer's input buffer id. <Ramkumar Radhakrishnan> 5 months ago
17f2d38 : Don't build lights module if vendor supplies it <Steve Kondik> 1 year, 7 months ago
647e171 : hwc: Fix mutex deadlock in GetVsyncPeriod <Manoj Kumar AVM> 4 months ago
46ef281 : sdm: Add support for S3D video <Yang Xu> 6 months ago
cd0dace : sdm: Add CSC information in dump. <Dileep Marchya> 4 months ago
f8fa2a8 : sdm: Write auto refresh value only if changed <Saurabh Shah> 6 months ago
ae51451 : sdm: hwc: Use display_defs.h <Arun Kumar K.R> 5 months ago
989b007 : gralloc: Default camera buffers to full range <Naseer Ahmed> 6 months ago
918435f : sdm: color-manager: Detect first frame of UI to apply color-mode. <Siddharth Zaveri> 5 months ago
703dff8 : sdm: Drop draw cycles with zero application layers. <Dileep Marchya> 5 months ago
7646621 : gralloc: Fix the result of SET_SINGLE_BUFFER_MODE operation <Sushil Chauhan> 5 months ago
8435038 : sdm: Set refresh rate only if there is a change <radhakrishna> 5 months ago
 
**** cm:CyanogenMod/android_hardware_qcom_media ****
3965563 : make: Adjust to dynamic paths <Ricardo Cerqueira> 10 days ago
b5a27bf : Avoid collision with the ffpmeg plugin <Ricardo Cerqueira> 13 days ago
d822edf : mm-video: Fix race condition in component. <Manikanta Sivapala> 5 weeks ago
cc6a5bb : mm-video: Handle ETB's with invalid length <Manikanta Sivapala> 7 weeks ago
d4c68ef : mm-video: Update function to flush cached ION output buffer. <Manikanta Sivapala> 7 weeks ago
6f4b96d : mm-video-v4l2: vidc: validate omx param/config data <Praveen Chavan> 9 weeks ago
70ecf07 : mm-video-v4l2: venc: add safety checks for freeing buffers <Praveen Chavan> 2 months ago
58cfe3e : mm-video-v4l2: vdec: add safety checks for freeing buffers <Praveen Chavan> 2 months ago
c9d33c1 : mm-video-v4l2: vdec: deprecate unused config OMX_IndexVendorVideoExtraData <Praveen Chavan> 2 months ago
162d7c2 : mm-video-v4l2: vidc: venc: KW fix to initialize v4l2 control. <Srinu Gorle> 7 weeks ago
ba4f857 : mm-video-v4l2: vdec: Malloc failure handling in memory prefetch <Rohit Kulkarni> 10 weeks ago
f05c40f : mm-video-v4l2: vdec: Add support for prefetching secure memory <Shalaj Jain> 4 months ago
1e09dcc : mm-video: swvdec: Flush cached ION output buffer. <Manikanta Sivapala> 2 months ago
5aa6868 : mm-video-v4l2: vidc: Do not queue output buffer if flush is in progress <Arun Menon> 6 months ago
451c330 : mm-video-v4l2: vidc: vdec: KW fix to initialize v4l2 control. <Abdulla Anam> 3 months ago
87af875 : Remove internal code name of msmtitanium for msm8953. <Arusha Goyal> 3 months ago
98c1933 : mm-video: swvdec: Enable "arbitrary bytes mode" via setparam. <Manikanta Sivapala> 3 months ago
6a113e8 : Remove internal code name of msmtitanium for msm8953. <Arusha Goyal> 3 months ago
66507f6 : mm-core: Add secure component registry entry <Vikash Garodia> 3 months ago
3c0c75c : mm-video-v4l2: vdec: Change preferred color format default order <Arun Menon> 7 months ago
47a3c9e : mm-core: Rename vpp component name in the registry. <Abdulla Anam> 4 months ago
f673dc5 : mm-video: swvdec: Fix bug in 'arbitrary bytes mode'. <Manikanta Sivapala> 3 months ago
658d7f6 : mm-video-v4l2: vdec: add support for vp8 secure decoder <Deepak Kushwah> 4 months ago
d5acdbb : mm-video-v4l2: vidc: update thread names <Vikash Garodia> 3 months ago
981d875 : mm-video: swvdec: Use C++ standard library queue classes. <Manikanta Sivapala> 4 months ago
4738e01 : mm-video: vidc: Communicate the right colorformat to the driver <Deva Ramasubramanian> 6 months ago
6480767 : mm-core: Add vp8 and vp9 secure decoders for titanium <Srinu Gorle> 4 months ago
3134ae4 : mm-video-v4l2: venc: revert add support for handling EOS buffer <Manikanta Kanamarlapudi> 4 months ago
3160904 : audio: Add entry for ALAC/APE software component <Preetam Singh Ranawat> 4 months ago
f09ef0f : mm-video: vidc: memset struct v4l2_format prior to S_FMT <Deva Ramasubramanian> 5 months ago
99a9dea : mm-video: swvdec: Fix FD leak. <Vikash Garodia> 4 months ago
21b0839 : Revert "mm-video-v4l2: vidc: Enhance VQZIP checks" <Manikanta Sivapala> 4 months ago
73109a9 : Revert "mm-video-v4l2: vidc: venc: Bug fixes for VZIP" <Manikanta Sivapala> 4 months ago
bf6b113 : mm-video-v4l2: venc: Add support for low latency mode <Srinu Gorle> 5 months ago
e3ab4f0 : mm-core: Fix compilation issue to erratic string constant <Amit Shekhar> 9 months ago
68a4b6c : mm-video: swvdec: Add 'arbitrary bytes mode' support. <Manikanta Kanamarlapudi> 4 months ago
89b5e96 : mm-video-v4l2: vidc: venc: Bug fixes for VZIP <Praneeth Paladugu> 6 months ago
d9b4206 : libc2dcolorconvert: check if platform support c2d <Alex Wong> 4 months ago
fd7f872 : mm-video-v4l2: vidc: Enhance VQZIP checks <Praneeth Paladugu> 9 months ago
ba30dca : mm-video: swvenc: update color format correctly <Manikanta Sivapala> 5 months ago
c950d91 : mm-video: swvdec: Fix bug in describe color format function. <Manikanta Sivapala> 4 months ago
cb9101d : mm-video-v4l2: venc: send flags to color converter <Maheshwar Ajja> 5 months ago
57a18a2 : mm-video: swvenc: Update color format correctly <Manikanta Sivapala> 5 months ago
66f5bdc : mm-video-v4l2: venc: Disable Bframes incase of UHD recording <Srinu Gorle> 6 months ago
b8eaaec : mm-video: swvdec: Fix static analysis issues. <Manikanta Sivapala> 5 months ago
a61ad21 : mm-video-v4l2: Pointer null check before deferencing it <Deepak Kushwah> 5 months ago
8fbf22f : mm-video-v4l2: venc: Initialize all members of encExtradata class <Vinay Kalia> 6 months ago
f8ae371 : mm-video: swvdec: Fix YUV dump race condition. <Manikanta Sivapala> 5 months ago
8bc7194 : mm-video-v4l2: venc: set correct buffer count <Manikanta Kanamarlapudi> 5 months ago
009c184 : mm-video: swvdec: Fix scanline alignment. <Manikanta Sivapala> 5 months ago
 
**** cm:CyanogenMod/android_hardware_qcom_media ****
ff3940f : mm-video-v4l2: Return correct level support for 8956 <Surajit Podder> 3 months ago
1fd6df0 : mm-video-v4l2: vidc: vdec: handle ftbs during reconfig and port disable <Abdulla Anam> 4 months ago
e9bacff : mm-video-v4l2: venc: check for null pointer <Maheshwar Ajja> 4 months ago
a699a13 : mm-video-v4l2: vdec: set 24 fps framerate for 4k clips <Deepak Kushwah> 5 months ago
bc9e191 : mm-video-v4l2: vidc: Fix race condition with msg thread fd close <Shalaj Jain> 7 months ago
a860362 : mm-video-v4l2: vidc: update thread names <Ashray Kulkarni> 11 months ago
8e66146 : mm-video-v4l2: Add support for prefer adaptive playback extension <Shalaj Jain> 11 months ago
41a5cfd : mm-video: Adjust stride value for planar format <Surajit Podder> 1 year, 1 month ago
c40cf77 : mm-video: vidc: Reliably stop the message thread <Deepak Kushwah> 5 months ago
62f611d : Fix duplicated OMX.qcom.audio.decoder.aac entry <Keith Mok> 6 months ago
69d6d4b : media: Avoid collision with FFMPEG plugin <Steve Kondik> 5 months ago
610c356 : media: Use project pathmap <Ethan Chen> 5 months ago
dc1b1d4 : mm-video-v4l2: Unmap dropped output buffers <Surajit Podder> 6 months ago
78521c5 : Include kernel header dependency for libOmxVidcCommon <Divya Sharma> 7 months ago
f9c92f0 : mm-video-v4l2: vidc: venc: Fix hybrid HP layer count <Abdulla Anam> 7 months ago
a5dce41 : mm-video-v4l2: Enable get_param to check downscalar enablement <Surajit Podder> 7 months ago
e7743ae : mm-video-v4l2: venc: Add support to enhance hybrid Hier-p mode <Abdulla Anam> 7 months ago
75bc6a6 : mm-video-v4l2: vdec:  release buffer when qbuf to driver fails <Manikanta Kanamarlapudi> 8 months ago
cfeaf87 : mm-video-v4l2: Use client buffer header for FTB <Surajit Podder> 8 months ago
b6c736d : mm-video-v4l2: Disable intra refresh mode on msm8956/76 <Maheshwar Ajja> 8 months ago
a54c5d4 : mm-video-v4l2: vdec: fix fps issues in arbitrary mode <Ashray Kulkarni> 9 months ago
826ba8c : QCMetadata: add a new key for big buffers <Sidipotu Ashok> 8 months ago
ef3143a : QCMetadata: Add key for setBuffers API support <Manikanta Kanamarlapudi> 12 months ago
f178e8b : mm-video-v4l2: venc: support all I frame encoding usecase. <Abdulla Anam> 8 months ago
bcf4fa3 : libstagefrighthw: Add header guard to QComOMXMetadata.h and fix file perms <Deva Ramasubramanian> 9 months ago
e2d287f : mm-video-v4l2: vdec: streamoff while freeing first output buffer <Balamurugan Alagarsamy> 1 year, 6 months ago
f0fc3d0 : mm-video: Disable downscalar for non-display usecase <Surajit Podder> 11 months ago
0997c8a : mm-video: Enable HEVC software encoder OMX component. <Manikanta Sivapala> 8 months ago
8bb96de : mm-video_v4l2: pass crop nWidth and nHeight in reconfig event. <Abdulla Anam> 9 months ago
afb1469 : mm-video-v4l2: Fix downscalar issue <Surajit Podder> 9 months ago
269f6cd : mm-video-v4l2: Fix crash due to divide by zero <Surajit Podder> 9 months ago
c14558c : mm-video-v4l2: venc: initialize the member variables <Maheshwar Ajja> 9 months ago
99c2455 : mm-video-v4l2: vdec: Fix closing of file descriptor "0" <Deepak Kushwah> 9 months ago
b4d0e38 : mm-video-v4l2: venc: limit pixels value in input buffers. <Abdulla Anam> 9 months ago
1202ebd : mm-video_v4l2: pass crop nWidth and nHeight in reconfig event. <Abdulla Anam> 9 months ago
1fc82f0 : mm-video: Disable downscalar for non-display usecase <Surajit Podder> 11 months ago
6ecc67f : mm-core: update vpp related structures and enums. <Abdulla Anam> 9 months ago
56c0a51 : mm-video-v4l2: vidc: venc: fix CTS issues in vp8 encoder <Maheshwar Ajja> 9 months ago
1fe6770 : mm-core: update vpp related structures and enums. <Abdulla Anam> 9 months ago
a9c2410 : mm-video: Set correct color format to driver <Surajit Podder> 10 months ago
f2fa16b : mm-video-v4l2: vidc: venc: enable low latency mode <Maheshwar Ajja> 10 months ago
79da148 : mm-video-v4l2: null check before pointer dereference <Abdulla Anam> 9 months ago
a66ec1f : audio: Fix stale session opening of DSP audio decoder <Naresh Tanniru> 10 months ago
1171b44 : audio: Fix stale session opening of DSP audio decoder <Naresh Tanniru> 10 months ago
03f6533 : mm-video-v4l2: change variables used for reconfig height & width <Abdulla Anam> 10 months ago
6dc2004 : mm-video-v4l2: venc: Disable Bframes incase of UHD recording <Deepak Kushwah> 10 months ago
f493b73 : audio: Add support for new key kKeyByteMode <Manish Dewangan> 10 months ago
382b5b7 : mm-video-v4l2: video: add new extensions <Ashray Kulkarni> 1 year, 1 month ago
b266f81 : mm-video-v4l2: venc: Add support for low latency mode <Maheshwar Ajja> 10 months ago
14c22a7 : mm-core: Add Skype extensions <Ashray Kulkarni> 1 year, 1 month ago
 
**** cm:CyanogenMod/android_hardware_qcom_media ****
5ae7676 : mm-video-v4l2: vdec: Update the buffer size after g_fmt <Vikash Garodia> 2 weeks ago
85372cd : mm-video-v4l2: vidc: vdec: Change DPB mode to combined for VP9 <Praneeth Paladugu> 4 weeks ago
45e8530 : mm-video-v4l2: Pass stride and scanlines with reconfig event <Abdulla Anam> 4 weeks ago
accaaf8 : mm-video-v4l2: vdec: DPB mode to split for CPU access of buffers <Praneeth Paladugu> 8 weeks ago
4925114 : mm-video-v4l2: vdec: deprecate unused config OMX_IndexVendorVideoExtraData <Praveen Chavan> 7 weeks ago
d4f4cdf : mm-video-v4l2: venc: add safety checks for freeing buffers <Praveen Chavan> 7 weeks ago
a797942 : mm-video-v4l2: vidc: validate omx param/config data <Praveen Chavan> 7 weeks ago
8c6b30e : mm-video-v4l2: vdec: add safety checks for freeing buffers <Praveen Chavan> 7 weeks ago
8943d96 : mm-video-v4l2: vidc: vdec: Add support for Output crop extra data <Arun Menon> 3 months ago
d39458f : mm-video-v4l2: vidc: Restore pixel format on capture plane <Kim Zhang> 5 weeks ago
73699c1 : mm-video-v4l2: Pointer null check before deferencing it <Deepak Kushwah> 5 months ago
b107003 : mm-video-v4l2: vidc: validate omx param/config data <Praveen Chavan> 9 weeks ago
d77c4a9 : mm-video-v4l2: vdec: deprecate unused config OMX_IndexVendorVideoExtraData <Praveen Chavan> 2 months ago
4802a3d : mm-video-v4l2: vidc: vdec: Add Extra data size during update_portdef <Arun Menon> 8 weeks ago
20f4efa : mm-video-v4l2: vidc: venc: Fix VQZIP issues <Praneeth Paladugu> 8 weeks ago
ace6a48 : mm-video-v4l2: vdec: Call vidioc_g_fmt to get updated buffer size <Arun Menon> 10 weeks ago
538225b : mm-video-v4l2: vdec: Malloc failure handling in memory prefetch <Rohit Kulkarni> 10 weeks ago
2a3c3fc : mm-video-v4l2: vidc: venc: Fix rotation issue <Praneeth Paladugu> 2 months ago
c1c9a54 : mm-video-v4l2: vdec: Add support for prefetching secure memory <Shalaj Jain> 4 months ago
cdd8a4b : mm-video-v4l2: vdec: add safety checks for freeing buffers <Praveen Chavan> 2 months ago
bd10da8 : mm-video-v4l2: venc: add safety checks for freeing buffers <Praveen Chavan> 2 months ago
c59fcaa :  mm-video-v4l2: vidc: HEVC Main10 profile support <Rohit Kulkarni> 3 months ago
56dd269 : mm-video: vidc: Squashed changes for component <Praneeth Paladugu> 3 months ago
347b90c : libc2dcolorconvert: refer c2d header from display <Praveen Chavan> 2 years, 1 month ago
14a416b : mm-video-v4l2: vdec: Increase buffer count to support high fps <Arun Menon> 5 months ago
6316605 : vidc: Fix makefiles <Steve Kondik> 1 year, 1 month ago
416ba49 : mm-video-v4l2: vidc: vdec: skip enabling S3D extra data for secure session <Srinu Gorle> 1 year, 2 months ago
5f4d49f : mm-video-v4l2: vidc: vdec: Add support for S3D metadata <Ashray Kulkarni> 1 year, 4 months ago
a53124e : mm-core: Fix compilation issue to erratic string constant <Amit Shekhar> 9 months ago
a7f1dda : mm-video-v4l2: vidc: venc: Fix rotation issue for 180 degrees <Praneeth Paladugu> 7 months ago
48fa270 : mm-video-v4l2: vidc: venc: Fix profile and level setting issue <Praneeth Paladugu> 5 months ago
18cb781 : mm-video-v4l2: vidc: venc: Add support for low latency mode <Ashray Kulkarni> 7 months ago
db7937a : mm-video: vidc: memset struct v4l2_format prior to S_FMT <Deva Ramasubramanian> 5 months ago
8895985 : mm-video-v4l2: vidc: vdec: Add property to disable UBWC for OPB <Arun Menon> 6 months ago
755ec08 : mm-video-v4l2: vidc: Do not queue output buffer if flush is in progress <Arun Menon> 6 months ago
3ac8410 : mm-video: vidc: Reliably stop the message thread <Praveen Chavan> 6 months ago
7e3007c : mm-video: vidc: Communicate the right colorformat to the driver <Deva Ramasubramanian> 6 months ago
d84d430 : media: Avoid collision with FFMPEG plugin <Steve Kondik> 2 years, 1 month ago
c11ffc6 : mm-video-v4l2: vdec: fix picture type decode mode return status <Srinu Gorle> 6 months ago
0a5ff49 : mm-video-v4l2: vidc: venc: Fix 601 to 709 color conversion issue <Arun Menon> 6 months ago
295515f : mm-video-v4l2: vidc: venc: Bug fixes for VZIP <Praneeth Paladugu> 6 months ago
8ba01d1 : media: Use project pathmap <Ethan Chen> 1 year, 3 months ago
685fc85 : mm-video-v4l2: venc: Initialize all members of encExtradata class <Vinay Kalia> 6 months ago
be989ef : audio: Add entry for ALAC/APE software component <Preetam Singh Ranawat> 6 months ago
ab3e6cf : Include kernel header dependency for libOmxVidcCommon <Divya Sharma> 7 months ago
f5b8f20 : Include kernel header dependency for libOmxVidcCommon <Divya Sharma> 7 months ago
2266025 : mm-video-v4l2: vidc: Ensure async_message_thread always exits <Arun Menon> 7 months ago
a194f50 : mm-video-v4l2: vidc: venc: Fix B-Frame handling <Shalaj Jain> 7 months ago
b0d352b : media : Add Max CSD values for ALAC and APE <Preetam Singh Ranawat> 7 months ago
a04219f : mm-video-v4l2: vdec: skip enabling extn_user extradata for secure session <Srinu Gorle> 6 months ago
 
**** vanir:hardware_samsung ****
9dad4fe : exynos: multimedia: implement proper EOS signalling for encoder <Dheeraj CVR> 10 weeks ago
 
**** cm:CyanogenMod/android_hardware_samsung_slsi-cm_exynos5 ****
461acd2 : exynos5: Remove FLAC decoder <Christopher N. Hesse> 4 days ago
 
**** cmold:android_kernel_cyanogen_msm8916 ****
f3c3a8d : ASoC: wcd: Remove extraneous time set on MBHC init <Zhao Wei Liew> 3 days ago
 
**** cmold:android_kernel_motorola_msm8916 ****
6ccf311 : defconfig: Upgrade to 24.107-56 <Alberto97> 13 hours ago
ba92424 : ARM: smp: add memory barrier before waking thread up <Lianwei Wang> 3 months ago
 
**** cmold:android_kernel_sony_msm8x27 ****
6580e15 : mutex: Add a delay into the SPIN_ON_OWNER wait loop. <Riley Andrews> 10 months ago
f007b09 : mm/page-writeback.c: fix dirty_balance_reserve subtraction from dirtyable memory <Johannes Weiner> 2 years, 4 months ago
8534a55 : Revert "CHROMIUM: mm: Fix calculation of dirtyable memory" <RonGokhale> 3 days ago
8f9fe15 : mm: fix anon vma naming <Colin Cross> 2 years, 7 months ago
b986012 : mm: add a field to store names for private anonymous memory <Colin Cross> 2 years, 11 months ago
 
**** cm:CyanogenMod/android_packages_apps_AudioFX ****
3e0aa4d : Automatic translation import <inky@build01> 30 hours ago
 
**** cm:CyanogenMod/android_packages_apps_Browser ****
0b4ec1e : Add DuckDuckGo to all locales <Olivier Mehani> 12 months ago
 
**** cm:CyanogenMod/android_packages_apps_Calendar ****
0d3b3f3 : Automatic translation import <inky@build01> 30 hours ago
 
**** vanir:packages_apps_Camera2 ****
d2bb13d : Camera2: only override power key <Scott Mertz> 2 days ago
 
**** vanir:packages_apps_CellBroadcastReceiver ****
eb998df : Revert "Automatic translation import" <Abhisek Devkota> 25 hours ago
b48cf1f : Move the strings to cm_strings.xml for translation <Deepak Kundra> 2 days ago
d6461d6 : Correct the broadcast channel for Colombia <Deepak Kundra> 6 days ago
 
**** vanir:packages_apps_Contacts ****
17df072 : Automatic translation import <inky@build01> 30 hours ago
 
**** vanir:packages_apps_ContactsCommon ****
3b240ec : Automatic translation import <inky@build01> 30 hours ago
 
**** vanir:packages_apps_Dialer ****
61d4f83 : Fix call recording does not using AAC format on some devices <Keith Mok> 2 days ago
5538aea : Automatic translation import <inky@build01> 30 hours ago
 
**** cm:CyanogenMod/android_packages_apps_Gello ****
94aa057 : Automatic translation import <inky@build01> 30 hours ago
3914bbb : Bring DuckDuckGo to parity with AOSP browser changes <Abhisek Devkota> 3 days ago
1a35851 : Gello: Add DuckDuckGo search engine to ES locale <Kra1o5> 2 days ago
 
**** vanir:packages_apps_InCallUI ****
474aa4a : Automatic translation import <inky@build01> 30 hours ago
42df587 : Remove ring around activated glowpad targets. <Danny Baumann> 2 weeks ago
 
**** vanir:packages_apps_LockClock ****
fc8ea24 : Automatic translation import <inky@build01> 30 hours ago
 
**** cm:CyanogenMod/android_packages_apps_Messaging ****
5366155 : Messaging: Respect always ask pref in quick message <cretin45> 29 hours ago
90cc20f : Automatic translation import <inky@build01> 30 hours ago
 
**** vanir:packages_apps_PhoneCommon ****
8a39ad1 : Automatic translation import <inky@build01> 30 hours ago
 
**** cm:CyanogenMod/android_packages_apps_Screencast ****
7926087 : Automatic translation import <inky@build01> 30 hours ago
 
**** vanir:packages_apps_Settings ****
1bd8d67 : Lockscreen -> lock screen <Michael Bestas> 12 hours ago
13b63ae : Automatic translation import <inky@build01> 30 hours ago
9546c00 : Settings: Add per app controls for LP keyguard notifications (2/2) <Lars Greiss> 1 year, 6 months ago
90c7953 : Radio info to control QC dbg prop's <Deepak Kundra> 6 days ago
 
**** cm:CyanogenMod/android_packages_apps_Snap ****
a3aea38 : Automatic translation import <inky@build01> 30 hours ago
a0a8d92 : Snap: Only override power key <Scott Mertz> 2 days ago
 
**** vanir:packages_apps_soundrecorder ****
dd05872 : Automatic translation import <inky@build01> 30 hours ago
 
**** vanir:packages_apps_Stk ****
f9aecea : Stk: Make the text a little smaller <Diogo Ferreira> 1 year, 6 months ago
053ce97 : Stk: Materialize message dialog icon <Michael Bestas> 1 year, 6 months ago
65aaf67 : Change the theme and the style of the activities <Chai Xuening> 3 months ago
a1e3c60 : Fix tab/space inconsistencies in stk_msg_dialog.xml <David Pursehouse> 2 years, 1 month ago
 
**** cm:CyanogenMod/android_packages_apps_Trebuchet ****
156cc21 : Automatic translation import <inky@build01> 30 hours ago
 
**** vanir:packages_apps_TvSettings ****
a5c32e0 : Automatic translation import <inky@build01> 30 hours ago
 
**** cm:CyanogenMod/android_packages_providers_DataUsageProvider ****
e48baf2 : Automatic translation import <inky@build01> 30 hours ago
 
**** vanir:packages_providers_DownloadProvider ****
7c5833e : Automatic translation import <inky@build01> 30 hours ago
 
**** cm:CyanogenMod/android_packages_providers_ThemesProvider ****
dafec22 : Apply bandaid to ensure preview permissions are correct <d34d> 32 hours ago
 
**** cm:CyanogenMod/android_packages_providers_WeatherProvider ****
38583d6 : Automatic translation import <inky@build01> 30 hours ago
 
**** cm:CyanogenMod/android_packages_services_LiveLockScreenService ****
3853af4 : Automatic translation import <inky@build01> 30 hours ago
 
**** cm:CyanogenMod/android_packages_services_Mms ****
50a85fe : Revert "MmsRequest: Turn on data for the MMS transaction if required" <Ricardo Cerqueira> 7 hours ago
 
**** vanir:packages_services_Telephony ****
e5bd6c0 : Automatic translation import <inky@build01> 30 hours ago
 
**** cm:CyanogenMod/android_packages_wallpapers_PhotoPhase ****
9fb61ea : Automatic translation import <inky@build01> 30 hours ago
 
**** cm:CyanogenMod/cm_platform_sdk ****
ee069f8 : Themes: Use default audibles when pkgName is empty <d34d> 8 hours ago
af55f98 : Automatic translation import <inky@build01> 30 hours ago
b51572d : cmsdk: Create CMSystemServer to handle our platform init. <Adnan Begovic> 5 weeks ago
 
**** commotio:commotio ****
11a0fe2 : Fixup <DHOMD> 48 minutes ago
 
**** github:TheMuppets/proprietary_vendor_oppo ****
48876dc : msm8974: Update blobs <Steve Kondik> 10 days ago
2789785 : msm8974: Update blobs <Steve Kondik> 2 weeks ago
 
**** vanir:vendor_samsung ****
6b0dba4 : mondrianwifi: Update adreno blobs to may 2016 qcom snapshot <Christopher R. Palmer> 4 days ago
 
**** vanir:vendor_vanir ****
b10afeb : Dear cancro crew: make up your mind <nuclearmistake> 2 days ago
cce374a : update COOPVOCE apn <RGIB> 3 days ago
680f4f0 : Don't dex-preopt Gello <Abhisek Devkota> 6 days ago
 
