
**** vanir:build ****
46479cc : Hacks <DHOMD> 3 months ago
f0b8bff : repopick: Allow commits to be excluded from a topic importation <AdrianDC> 13 days ago
 
**** samba:ccache.git ****
b05fe44 : Update NEWS <Joel Rosdahl> 3 days ago
3a9df36 : Tweak code style <Joel Rosdahl> 3 days ago
89aa39f : Allow multiple identical -arch arguments. <Rolf Bjarne Kvinge> 4 days ago
1a4d490 : Update NEWS <Joel Rosdahl> 3 days ago
e49066d : Sort sloppiness options in manual <Joel Rosdahl> 3 days ago
2150b15 : Tweak code style <Joel Rosdahl> 3 days ago
2197838 : Allow not including system headers in manifest <Anders Björklund> 8 weeks ago
a0db899 : Avoid bashism in .travis.yml <Joel Rosdahl> 3 days ago
9601eb5 : Add travis configuration <Joel Rosdahl> 2 weeks ago
f93d239 : Update NEWS <Joel Rosdahl> 2 weeks ago
07a529d : Don't assume that mkstemp leaves template unmodified on error <Joel Rosdahl> 2 weeks ago
 
**** vanir:device_asus_flo ****
de7a343 : flo: Remove no-op flag <Zhao Wei Liew> 6 months ago
f482a6e : flo: Build the kernel with gcc-4.9 <Steve Kondik> 6 weeks ago
 
**** vanir:device_htc_dlx ****
2fb1a48 : dlx: append to header dir, don't override it <Dan Pasanen> 31 hours ago
 
**** vanir:device_htc_m7-common ****
9afb910 : m7: append to header dir, don't override it <Dan Pasanen> 31 hours ago
 
**** cm:CyanogenMod/android_device_htc_m8-common ****
827cc80 : m8: append to header dir, don't override it <Dan Pasanen> 31 hours ago
 
**** vanir:device_htc_msm8960-common ****
a909b48 : include: Add custom AudioSystemLegacy.h <Arne Coucheron> 6 weeks ago
9f96627 : msm8960: Drop all the janky proprietary stuff we don't even use <Steve Kondik> 3 weeks ago
 
**** vanir:device_htc_s4-common ****
964809e : s4-common: append to header dir, don't override it <Dan Pasanen> 31 hours ago
19253c9 : s4-common: Add FM_TUNER to audio policy <Michael Schneider> 7 days ago
 
**** vanir:device_lge_g2-common ****
d846081 : Update fstab.g2 <Adriannemerenco> 2 days ago
5af9aa9 : Fix SD card mounting <Derek> 2 days ago
 
**** cm:CyanogenMod/android_device_lge_g4-common ****
4f95b65 : g4: gralloc: use nv21 format for camera preview <codeworkx> 3 days ago
 
**** vanir:device_motorola_msm8226-common ****
0770896 : msm8226-common: sepolicy: Don't change type of generic input devices <Gabriele M> 2 days ago
 
**** vanir:device_motorola_omap4-common ****
736819e : motoOmap4RIL: fix for UMTS <Michael Gernoth> 3 days ago
c659cc4 : SELinux: more fixes to get enforcing up and running on safestrap <Michael Gernoth> 3 days ago
 
**** cm:CyanogenMod/android_device_motorola_osprey ****
b52283a : cmhw: add isSelfManaged to SunlightEnhancement <Dan Pasanen> 12 days ago
97ebc17 : osprey: Update SELinux policy for M <Alberto97> 7 weeks ago
 
**** vanir:device_oneplus_bacon ****
1f21f9d : bacon: Update codec profiling data <Steve Kondik> 4 days ago
 
**** vanir:device_oneplus_oneplus2 ****
12575ba : FP: Fix build error <Neil Agarwal> 2 days ago
16cc5af : rootdir: Updaed camera lib args <Neil Agarwal> 3 days ago
cc00d26 : device.mk: Add camera <Neil Agarwal> 3 days ago
75bb2b6 : FP: Enable fingerprint scanner again <Neil Agarwal> 3 days ago
2eabad0 : cm.mk: Fix typo in build fingerprint <Neil Agarwal> 4 days ago
3c6648a : Update Build Fingerprint <Neil Agarwal> 4 days ago
a4247c5 : FP: Enable clock <Willi Ye> 6 days ago
4904acd : FP: Fingerprint API fixes <Danny Baumann> 12 days ago
b46616a : FP: Clear enrolled fingerprints if metadata can't be loaded. <Danny Baumann> 12 days ago
a95bf5b : FP: Fix capitalization issue <Danny Baumann> 4 weeks ago
6fbbd65 : FP: Update fingerprint HAL for M. <Danny Baumann> 7 weeks ago
024af5c : audio: fixed voice bug from community report <AuxXxilium> 3 weeks ago
e50513f : D2W: Fix double tap to wake Credits go to, @elgithubo and @AuxXxilium from github and xda for pointing me to the right direction. <Tino Engel> 5 days ago
b79c951 : BoardConfig.mk: We use specific device gps <Willi Ye> 6 days ago
03dc93f : overlay: Add radio access family <Steve Kondik> 6 weeks ago
f0fbeb6 : Init: Add simactivation <Neil Agarwal> 6 days ago
6729676 : RIL: Fix rild errors that are shown when started from shell + Cleanup <Tino Engel> 9 days ago
7e9f95c : RIL: Add qcril.db <manups4e> 8 days ago
f2c9ee1 : FP: Edit ueventd.qcom.rc to add fp <Neil Agarwal> 6 days ago
a96492b : FP: Bring up fingerprint sensor for M <Neil Agarwal> 6 days ago
9c93c13 : system.prop: Remove debug prop <Neil Agarwal> 7 days ago
0d4e19e : RIL: Add simactivation RIL feature <Danny Baumann> 5 weeks ago
cfbbd87 : RIL: Track ril header changes <Danny Baumann> 3 weeks ago
60092eb : RIL: Update ril.h from Marshmallow sources <Danny Baumann> 7 weeks ago
56b9a5a : RIL: Bring up RIL <Danny Baumann> 4 months ago
813c56e : Cleanup <Neil Agarwal> 7 days ago
fe8bccf : RIL: Missing RIL Symbols <Willi Ye> 10 days ago
b218089 : dtbtool: Recursively search input directory for dtb files <Scott Mertz> 13 days ago
fe10d5a : audio: Kang audio from Grarak's sources <Neil Agarwal> 10 days ago
170b909 : rootdir: Update ril blob <Neil Agarwal> 10 days ago
bfec28c : cm.dependencies, README.md: Cleanup the Confusion <Neil Agarwal> 11 days ago
593ee10 : Added all the dependencies for not 6.0 blobs <leonardo emanuele> 11 days ago
a278e7e : configpanel: Use ScreenType util from cmsdk <Neil Agarwal> 11 days ago
9c6d586 : Merge oneplus2-dev <Michael Bestas> 3 weeks ago
f6861e1 : README.md: Edit local manifest <Neil> 12 days ago
bdd9f53 : Add Readme with Local manifest <Neil Agarwal> 12 days ago
02d352a : use ScreenType from cmsdk <Tino Engel> 13 days ago
89f9134 : add reference to cmsdk <Tino Engel> 13 days ago
bb7d7d6 : system.prop: Update Build Fingerprint <Neil Agarwal> 2 weeks ago
20978ea : blobs: Removed unnecessary widevine blobs <Neil Agarwal> 2 weeks ago
9256741 : blobs: Removed qualcomm location <Neil Agarwal> 2 weeks ago
2062c52 : rootdir: Use usb init from stock again. <Neil Agarwal> 2 weeks ago
fe66ac0 : rootdir: Add my heavily edited init.qcom.rc <Neil Agarwal> 2 weeks ago
638eb0d : rootdir: Make a Backup of Original init.qcom.rc <Neil Agarwal> 2 weeks ago
441efd4 : rootdir: Revert to old usb config for now <Neil Agarwal> 2 weeks ago
71d4827 : configs: Add the nexus 9 media configs <Neil Agarwal> 2 weeks ago
db11ec8 : rootdir: Removed libboringssl compat wrapper <Neil Agarwal> 2 weeks ago
c3a09eb : system.prop: Enabled Debugging <Neil Agarwal> 2 weeks ago
eccb04a : Add: Missing msm8994 ramdisk files <Neil Agarwal> 2 weeks ago
633a2d1 : Art: Disable Dexpreopt due to errors <Neil Agarwal> 3 weeks ago
 
**** vanir:device_oppo_common ****
9f3ffc3 : Lazily initialize the rear camera ID. <Danny Baumann> 5 days ago
 
**** cm:CyanogenMod/android_device_samsung_d2-common ****
89d4bc7 : audio_policy: add a2dp section <Dan Pasanen> 8 hours ago
 
**** cm:CyanogenMod/android_device_samsung_hlte-common ****
d2094b6 : Remove depreciated overlays <DHOMD> 3 weeks ago
 
**** vanir:device_samsung_jf-common ****
c544d6d : audio_policy: add a2dp section <Dan Pasanen> 8 hours ago
b651ba7 : Revert "jf: set BOARD_HAVE_SAMSUNG_BLUETOOTH" <Dan Pasanen> 33 hours ago
 
**** vanir:device_samsung_klte-common ****
57623f1 : klte-common: Remove mm-parser libraries <OzzysCmAcc> 13 hours ago
a3fcdb2 : klte-common: Allow device to skip the sensor-permission request <Ethan Chen> 5 weeks ago
 
**** cm:CyanogenMod/android_device_samsung_n5100 ****
d3b0cd1 : n5100 : Add old KK symbols <RGIB> 7 days ago
ac77c91 : n5100 : Fixed internal storage <RGIB> 7 days ago
 
**** vanir:device_sony_fusion3-common ****
aa5f3c6 : Update sepolicy to match with qcom/sepolicy <kamarush> 4 weeks ago
 
**** cm:CyanogenMod/android_device_sony_taoshan ****
2a95f1d : taoshan: Define radio access family <Olivier K> 2 days ago
30f9799 : taoshan: Enable FM radio <Olivier K> 2 days ago
dbab81e : include: Add custom AudioSystemLegacy.h <Arne Coucheron> 6 weeks ago
a933743 : Revert "taoshan: Fix recovery build" <Olivier K.> 2 days ago
 
**** github:Team-Agni/vanir_armani ****
b2d29e8 : Switch to interactive cpu governor <mr-tweaker> 2 days ago
c89ce2f : Merge https://github.com/armani-dev/android_device_xiaomi_armani into m6 <mr-tweaker> 3 days ago
 
**** github:Team-Agni/vanir_cancro ****
87a5070 : cancro: fix slow charge <huangqiwu> 12 hours ago
3861da8 : cancro: disable deprecated performances profiles <jrizzoli> 13 hours ago
55b5445 : cancro: re-enable camerawrapper <jrizzoli> 13 hours ago
66ea5f5 : cancro: use open source thermanager <Adam Farden> 2 days ago
21a60e5 : cancro: update sepolicies for M <jrizzoli> 6 days ago
218f613 : cancro: cleanup <jrizzoli> 6 days ago
456e2e5 : cancro: switch to heathd <MrBaNkS> 3 days ago
f2d8845 : cancro: update overlays for M <jrizzoli> 6 days ago
2a3d892 : cancro: update FM for M <jrizzoli> 4 days ago
b20a2e1 : cancro: update wifi for M <jrizzoli> 4 days ago
8f5afe6 : cancro: update ril for M <jrizzoli> 4 days ago
1a107aa : cancro: update mkfiles for M <jrizzoli> 6 days ago
328c4de : cancro: update ramdisk for M <jrizzoli> 6 days ago
e7f3a5e : cancro: add liblight <audahadi> 6 days ago
958de4f : cancro: update media configs for M <jrizzoli> 6 days ago
0809687 : cancro: update init for M <jrizzoli> 6 days ago
114ca6b : cancro: update audio for M <jrizzoli> 6 days ago
6432be6 : cancro: update GPS for M <jrizzoli> 6 days ago
834c33c : cancro: update camera for M <jrizzoli> 6 days ago
a62d8b1 : cancro: cmhw: HighTouchSensitivity <jrizzoli> 3 months ago
25a032c : cancro: fstab: fix mismerge <jrizzoli> 3 months ago
1f2f531 : cancro: cmhw: update keydisabler <jrizzoli> 3 months ago
99bf96c : cancro: overlay: remove vibration-related configs <jrizzoli> 3 months ago
67c8a3d : cancro: add rild sepolicy <MrBaNkS> 3 months ago
4b6ad97 : cancro: don't use ttyHSL0 for console <jrizzoli> 3 months ago
ef03415 : cancro: update fingerprint <jrizzoli> 3 months ago
85ed328 : cancro: remove radiofm dependency <jrizzoli> 3 months ago
c7e5ab0 : cancro: people are deaf <jrizzoli> 3 months ago
f93c170 : cancro: update extract-files <jrizzoli> 3 months ago
e7344c3 : cancro: update perfomance profiles <jrizzoli> 3 months ago
f5e4cf7 : cancro: relocate common policy to vendor/cm <jrizzoli> 3 months ago
4dd5d8a : cancro: switch to prebuilt RadioFM <jrizzoli> 3 months ago
5a46317 : cancro: makefiles: fix syntax <jrizzoli> 3 months ago
8c11d82 : cancro: update nfc remover script <MrBaNkS> 3 months ago
c944550 : cancro: map keys as miui <linuxx> 3 months ago
d4834e7 : cancro: move keylayout to device tree [1/2] <linuxx> 3 months ago
b4c4911 : cancro: sepolicy: update nfc <Bitti09> 4 months ago
5f53afa : cancro: update sensor proprs <Joey Rizzoli> 4 months ago
64a1eec : cancro: use virgo MTP_* files <jrizzoli> 4 months ago
5a515eb : cancro: update blobs list <jrizzoli> 4 months ago
12cada3 : cancro: nuke doze <jrizzoli> 4 months ago
cb01e6d : cancro: releasetools: run resize2fs <jrizzoli> 4 months ago
646a8f0 : cancro: fix typo <jrizzoli> 4 months ago
6bc3edf : cancro: fix sensors <jrizzoli> 4 months ago
4eba3d6 : cancro: set right props for sensors <jrizzoli> 4 months ago
aa17d38 : cancro: update wcnss cfg <audahadi> 4 months ago
4b53d10 : cancro: readd wcnss and km symllinks <jrizzoli> 4 months ago
79706e4 : cancro: update props <jrizzoli> 4 months ago
dbd25a0 : cancro: init: don't override fingerprint <jrizzoli> 4 months ago
1dc0d76 : cancro: remove consumerir, use prebuilt instead <audahadi> 7 months ago
 
**** cm:CyanogenMod/android_external_stagefright-plugins ****
21ef449 : stagefright-plugins: Seek to beginning of file on seek error <Steve Kondik> 17 hours ago
c34df96 : stagefright-plugins: Fix AAC profile selection <Steve Kondik> 24 hours ago
 
**** vanir:frameworks_av ****
29c3ef4 : stagefright: Fix audio profile retrieved <Keith Mok> 11 hours ago
c68bccc : stagefright: Correctly reassemble HVCC data <Steve Kondik> 18 hours ago
ab35ee6 : stagefright: Deal with output format of other AAC decoders <Steve Kondik> 18 hours ago
d3c005d : stagefright: Fix AAC profile selection <Steve Kondik> 24 hours ago
e9990d5 : libmedia: correct latency computing of AudioRecord <Mingming Yin> 7 days ago
53c13f5 : audioflinger: update multiplier logic to calculate frameCount <Satya Krishna Pindiproli> 7 weeks ago
a58a479 : NuPlayerDecoder: add synchronous call pause() to ensure decoder will not request or send out data. <Wei Jia> 5 weeks ago
5ce76a8 : Revert "NuPlayer: Teardown sequence for pcm offload" <Haynes Mathew George> 3 weeks ago
ce4e903 : Revert "nuplayer: Perform proper shutdown sequence for offload teardown" <Haynes Mathew George> 3 weeks ago
05f67ff : libaudioflinger: avoid s/w effect processing in case of Direct PCM <vivek mehta> 4 weeks ago
d5dee70 : frameworks/av: fix channelmask and source format for pcm files <Amit Shekhar> 13 days ago
e93c7cc : nuplayer: Do not drop corrupt EOS frame <Shalaj Jain> 3 weeks ago
b82353b : Move overflow checks into SkipCutBuffer <Marco Nelissen> 9 weeks ago
f363219 : Fix potential double close in IMediaMetadataRetriever::setDataSource <Taiju Tsuiki> 8 months ago
ab9b1e9 : nuplayer: Fix priority inversion <Steve Kondik> 4 days ago
 
**** vanir:frameworks_base ****
282dcb5 : telephony: Hack GSM and LTE signal strength <Sultanxda> 9 weeks ago
2b807b6 : SettingsProvider: add mechanism to return migrated keys <Roman Birg> 3 days ago
19f8d4b : SystemUI: Don't collapse quick settings when removing custom tile <LuK1337> 2 days ago
093bdf9 : Keyguard: Support for external keyguard views <d34d> 11 days ago
86595f9 : TwilightService: always fall back to timezone-based location <Dan Elkouby> 2 days ago
9547f28 : Fix filedescriptor leakage in MediaMetadataRetriever <harvey_tsai> 6 months ago
dc84262 : SystemUI: More stings cleanup on QS tiles <Michael Bestas> 11 months ago
c682ba5 : core: String improvements from cm-12.1 <Michael Bestas> 3 days ago
 
**** vanir:frameworks_native ****
b17c928 : sensor: Skip additional permission request checks <Matt Filetto> 24 hours ago
cbd3e07 : gui: only support tertiary display if QTI_BSP is defined <Abhisek Devkota> 9 weeks ago
c377748 : gui: only support tertiary display if QTI_BSP is defined <Abhisek Devkota> 9 weeks ago
 
**** vanir:frameworks_opt_telephony ****
a6c18ee : Revert "Revert "Do not use the CSIM IMSI for mobile operator MNC."" <nuclearmistake> 2 days ago
 
**** cm:CyanogenMod/android_hardware_intel_common_libmix ****
0c6abb4 : intel: videoencoder: Add support for LP blobs <Christopher R. Palmer> 3 days ago
05ece44 : intel: videodecoder: Allow INTEL_VIDEO_XPROC_SHARING to be defined <Christopher R. Palmer> 5 months ago
 
**** cm:CyanogenMod/android_hardware_intel_common_libwsbm ****
e80d2ba : wsbm: Add support for LP blobs that predate ION support <Christopher R. Palmer> 4 weeks ago
 
**** cm:CyanogenMod/android_hardware_intel_img_hwcomposer ****
2855d50 : hwc: merrifield_plus: Add legacy LP blob support <Christopher R. Palmer> 10 weeks ago
662d8be : hwc: Use the proper define for the primary display <Christopher R. Palmer> 9 weeks ago
9303837 : hwc: Enabling ION <Christopher R. Palmer> 2 months ago
a8d4a6a : Update HWC interface <Christopher R. Palmer> 2 months ago
ea955fa : Update #define syntax for string concatenation <Christopher R. Palmer> 2 months ago
 
**** cm:CyanogenMod/android_hardware_intel_img_psb_video ****
b2c2f00 : intel: psb_video: Add support for LP blobs <Christopher R. Palmer> 4 weeks ago
 
**** vanir:hardware_libhardware ****
fff6841 : libhardware: Only support tertiary display in QTI_BSP is defined <Abhisek Devkota> 9 weeks ago
18396d4 : libhardware: Only support tertiary display in QTI_BSP is defined <Abhisek Devkota> 9 weeks ago
 
**** cm:CyanogenMod/android_hardware_qcom_audio ****
93979cc : libalsa-intf: Don't log as error on successful EC change <AdrianDC> 29 hours ago
 
**** cm:CyanogenMod/android_hardware_qcom_display ****
d616fad : hwc: add support for opaque surface layer. <Vinu Deokaran> 7 weeks ago
 
**** cm:CyanogenMod/android_hardware_qcom_display ****
583ef92 : hwc: reset overlay and writeback in unblank if writeback is active <Naseer Ahmed> 1 year, 4 months ago
 
**** cm:CyanogenMod/android_hardware_qcom_display ****
7a75b3e : gralloc: add cflag to use nv21 format for camera preview <codeworkx> 2 days ago
 
**** cmold:android_kernel_google_msm ****
e2e760d : mm: sparse: fix usemap allocation above node descriptor section <Yinghai Lu> 3 years, 5 months ago
df64e12 : arm: Use generic idle thread allocation <Thomas Gleixner> 3 years, 8 months ago
8ba2631 : mm: fix prctl_set_vma_anon_name <Colin Cross> 1 year, 5 months ago
a314b7c : flo: update build.config for MNC MR1 branch <Patrick Tjin> 9 weeks ago
4b3d11e : msm: ipc_socket: fix leak of kernel memory to userspace <Patrick Tjin> 2 months ago
bd8d871 : arm/configs: flo: Remove SysV IPC from kernel <Patrick Tjin> 10 weeks ago
 
**** github:wyldstallyns/nighthawk_kernel_bullhead ****
d3d3a32 : kthread_work: wake up worker only when the worker is idle <Lai Jiangshan> 1 year, 5 months ago
8d0d65b : kthread: make kthread_create() killable <Tetsuo Handa> 2 years, 1 month ago
2b942df : cpufreq: cpu-boost: don't boost big cluster on input touch unless it has at least 1 task running on any of its cores to save power <franciscofranco> 12 days ago
fafe0a4 : Herp derp! <varchild> 2 days ago
d5e5a0c : Adding Nightmare, Pegasusq, and Intelliactive <varchild> 2 days ago
 
**** cmold:android_kernel_lge_msm8992 ****
0a49766 : msm: mdss: properly clean up pipe in case of failure during  reuse <Adrian Salido-Moreno> 2 days ago
6083f50 : mdss: mdp: reuse pipes from cleanup pool <Saurabh Shah> 2 days ago
ae43cf2 : msm: mdss: add csc tables for mdp5 for various color spaces <Mekala Natarajan> 2 days ago
f0c4863 : defconfig: regenerate h811 defconfig <genesixx> 2 days ago
af13a33 : ASoC: msm: qdsp6v2: Handle additional codec specific metadata <Alexy Joseph> 3 months ago
 
**** cmold:android_kernel_motorola_msm8226 ****
2a7117a : defconfig: msm8226: Enable wiimote <luca020400> 12 days ago
5942c30 : Revert "HID: wiimote: add LEGO-wiimote VID" <Jiri Kosina> 2 years, 1 month ago
268892d : HID: wiimote: add pro-controller analog stick calibration <David Herrmann> 2 years, 2 months ago
d948b06 : HID: wiimote: fix inverted pro-controller axes <David Herrmann> 2 years, 2 months ago
6a7ebad : HID: wiimote: add LEGO-wiimote VID <David Herrmann> 2 years, 2 months ago
919e9d6 : HID: wiimote: fix FF deadlock <David Herrmann> 2 years, 3 months ago
913fad1 : Revert "Input: introduce BTN/ABS bits for drums and guitars" <Linus Torvalds> 2 years, 3 months ago
a5e38f8 : HID: hid-wiimote: print small buffers via %*phC <Andy Shevchenko> 2 years, 4 months ago
dfb9378 : HID: wiimote: add support for Guitar-Hero guitars <Nicolas Adenis-Lamarre> 2 years, 4 months ago
10e8d48 : HID: wiimote: add support for Guitar-Hero drums <David Herrmann> 2 years, 4 months ago
dfff89d : HID: wiimote: work around broken DRM_KAI on GEN10 <David Herrmann> 2 years, 5 months ago
cdb3ef1 : HID: wiimote: support Nintendo Wii U Pro Controller <David Herrmann> 2 years, 6 months ago
ed7b6db : HID: wiimote: fix coccinelle warnings <Jiri Kosina> 2 years, 6 months ago
f1a7753 : HID: wiimote: discard invalid EXT data reports <David Herrmann> 2 years, 7 months ago
87c4ac9 : HID: wiimote: fix classic controller parsing <David Herrmann> 2 years, 7 months ago
1accf77 : HID: wiimote: init EXT/MP during device detection <David Herrmann> 2 years, 7 months ago
2857faa : HID: wiimote: fix DRM debug-attr to correctly parse input <David Herrmann> 2 years, 8 months ago
291a8f5 : HID: wiimote: add MP quirks <David Herrmann> 2 years, 8 months ago
3d6ad96 : HID: wiimote: remove old static extension support <David Herrmann> 2 years, 8 months ago
c9634d7 : HID: wiimote: add "bboard_calib" attribute <David Herrmann> 2 years, 8 months ago
ca6b0fd : HID: wiimote: add sysfs extension/device-type attrs <David Herrmann> 2 years, 8 months ago
5d0ade5 : HID: wiimote: lock DRM mode during debugfs overwrite <David Herrmann> 2 years, 8 months ago
9c6b443 : HID: wiimote: fix ctx pointer in debugfs DRM-write <David Herrmann> 2 years, 8 months ago
930d803 : HID: wiimote: add Motion Plus extension module <David Herrmann> 2 years, 8 months ago
36c86e7 : HID: wiimote: add Classic Controller extension <David Herrmann> 2 years, 8 months ago
da48eff : HID: wiimote: add Nunchuk support <David Herrmann> 2 years, 8 months ago
8c86742 : HID: wiimote: add Balance Board support <David Herrmann> 2 years, 8 months ago
278a285 : HID: wiimote: add extension hotplug support <David Herrmann> 2 years, 8 months ago
844edbc : HID: wiimote: convert IR to module <David Herrmann> 2 years, 8 months ago
d650b8d : HID: wiimote: convert ACCEL to module <David Herrmann> 2 years, 8 months ago
11b7c5e : HID: wiimote: convert LEDS to modules <David Herrmann> 2 years, 8 months ago
f67171b : HID: wiimote: convert BATTERY to module <David Herrmann> 2 years, 8 months ago
f6a8ff8 : HID: wiimote: convert KEYS and RUMBLE to modules <David Herrmann> 2 years, 8 months ago
752308e : HID: wiimote: add sub-device module infrastructure <David Herrmann> 2 years, 8 months ago
4630780 : HID: wiimote: wake up if output queue failed <David Herrmann> 2 years, 8 months ago
c33083f : HID: wiimote: use cached battery values on I/O failure <David Herrmann> 2 years, 8 months ago
69682ae : HID: wiimote: add device detection <David Herrmann> 2 years, 8 months ago
574d96c : HID: wiimote: keep HID device open <David Herrmann> 2 years, 8 months ago
56142dc : HID: wiimote: move queue handling into separate struct <David Herrmann> 2 years, 8 months ago
6802a8e : HID: wiimote: extend driver description <David Herrmann> 2 years, 8 months ago
6331924 : HID: wiimote: parse reduced status reports <David Herrmann> 2 years, 9 months ago
991e739 : HID: wiimote: add 2nd generation Wii Remote IDs <David Herrmann> 2 years, 9 months ago
68bff18 : HID: wiimote: use unique battery names <David Herrmann> 2 years, 9 months ago
d794c36 : HID: Fix uninitialized variable "size" in hid-wiimote-debug <Simon Que> 2 years, 11 months ago
d001a03 : HID: wiimote: fix weight conversion error for values > 17kg <Florian Echtler> 3 years, 3 months ago
4980a3b : HID: wiimote: Parse calibration data of balance boards <Florian Echtler> 3 years, 3 months ago
e7e6039 : HID: wiimote: Add Nintendo Balance-Board support <David Herrmann> 3 years, 3 months ago
348cf35 : HID: Allow drivers to be their own listener <David Herrmann> 3 years, 5 months ago
484c837 : HID: wiimote-ext: comment spelling fix <Giuseppe Bilotta> 3 years, 7 months ago
70025f1 : input: document gamepad API and add extra keycodes <David Herrmann> 2 years, 6 months ago
 
**** cmold:android_kernel_oneplus_msm8974 ****
c8e0ee2 : sched/fair: Fix tg_set_cfs_bandwidth() deadlock on rq->lock <Roman Gushchin> 1 year, 7 months ago
dc5456f : sched: Avoid throttle_cfs_rq() racing with period_timer stopping <Ben Segall> 2 years, 2 months ago
5d11691 : sched: Fix race in idle_balance() <Steve Kondik> 19 hours ago
bf5bfdf : mmc: sdhci: convert ADMA descriptors to a coherent allocation <Russell King> 1 year, 8 months ago
9dbb4f3 : bacon: Update defconfig <Steve Kondik> 2 days ago
66417e6 : mmc: Fix mismerge <Steve Kondik> 2 days ago
9489d0e : workqueue: Added null check and warning <Srinivasarao P> 2 years, 3 months ago
7ec24e9 : PM / devfreq: governor_cpufreq: Fix incorrect refcounting of OF node <Saravana Kannan> 6 weeks ago
94fe660 : spmi-pmic-arb: improve error reporting <Gilad Avidov> 1 year, 7 months ago
fab9927 : spmi: qpnp-int: clear the latched status when unmasking an interrupt <David Collins> 2 years, 2 months ago
a1b687a : spmi: qpnp-int: use edge flow handler for edge interrupts <Abhijeet Dharmapurikar> 2 years, 1 month ago
6b57bc0 : spmi: qpnp-int: add irq_ack() callback and use it inside irq_mask_ack() <David Collins> 2 years, 1 month ago
13ce7ee : USB: ci13xxx_udc:  Add support for UI interrupts counting <Manu Gautam> 1 year, 6 months ago
182ebdd : USB: msm: Add support for MSM_USB_EXT_CHG_TYPE ioctl <Vijayavardhan Vennapusa> 1 year, 8 months ago
0ae643d : usb: msm_otg: Fix bug with hvdcp connect and disconnect processing <Saket Saurabh> 1 year, 7 months ago
d3c74d1 : USB: msm_otg: Process HOST disconnect only after system RESUME <Saket Saurabh> 1 year, 7 months ago
aafe92d : usb: msm_otg: Fix timeout during usb disconnect with hvdcp charger <Saket Saurabh> 1 year, 7 months ago
e3b9597 : USB: Fix bug in ext_chg_active flag handling <Pavankumar Kondeti> 1 year, 7 months ago
620951f : usb: phy: msm: Use correct HS_PHY_CTRL register <Vijayavardhan Vennapusa> 6 months ago
3a47225 : USB: ehci-msm2: Put data lines into nondriving mode before PHY lpm <Vijayavardhan Vennapusa> 1 year, 10 months ago
87c8e66 : USB: ehci-msm2: Add module parameter to activate driver for uicc card <Vijayavardhan Vennapusa> 1 year, 9 months ago
2e258f4 : USB: android: Add support for USB UICC mass storage <Pavankumar Kondeti> 1 year, 9 months ago
8ca2b18 : dwc3: gadget: Add support for transfer complete events counting <Manu Gautam> 1 year, 6 months ago
fe71010 : USB: dwc3: ep0: Use WARN_ON_ONCE to fix message flooding issue <Vijayavardhan Vennapusa> 6 months ago
ba2e49d : USB: dwc3: msm: Don't disable/enable clocks if in lpm during block reset <Vijayavardhan Vennapusa> 6 months ago
85c67aa : dwc3: Fix order of pm_runtime calls <Steve Kondik> 4 days ago
8b6c9fa : USB: ccid_bridge: Provide bulk message write/read stats via debugfs <Pavankumar Kondeti> 1 year, 8 months ago
e8bb5e4 : USB: ccid_bridge: Don't kill URB in release after device is disconnected <Pavankumar Kondeti> 1 year, 8 months ago
f5d5398 : USB: ccid_bridge: Add module param for bulk message timeout <Pavankumar Kondeti> 1 year, 8 months ago
83f5d09 : USB: ccid_bridge: Enable the auto-suspend <Pavankumar Kondeti> 1 year, 10 months ago
cc193f3 : USB: ccid_bridge: Drop the usb device reference upon disconnect <Pavankumar Kondeti> 1 year, 10 months ago
5dc31e6 : USB: ccid_bridge: Increase the bulk message timeout <Pavankumar Kondeti> 1 year, 10 months ago
0503a6b : usb: dwc3: Improve erratic errors events handling <Manu Gautam> 8 months ago
 
**** cmold:android_kernel_samsung_d2 ****
f083b4e : d2: re-enable devmem and devkmem <Dan Pasanen> 2 days ago
 
**** vanir:kernel_samsung_jf ****
eb804a2 : jf: disable a few unused features <Dan Pasanen> 33 hours ago
67e35c4 : bluetooth: update from OJ2 <Dan Pasanen> 34 hours ago
 
**** cmold:android_kernel_samsung_smdk4412 ****
008e15d : i9300: we have bluetooth deadlocks <Simon Shields> 2 days ago
73bb47e : cpufreq: pegasusq: allow keeping at least two cores awake <JustArchi> 2 days ago
 
**** cmold:android_kernel_xiaomi_cancro ****
2531b76 : include: fix mismerge <jrizzoli> 6 days ago
d906323 : vidc: replace VB2_MAX_FRAME with VIDEO_MAX_FRAME <jrizzoli> 6 days ago
3429ac8 : wlan: Address buffer overflow due to invalid length <Mahesh A Saptasagar> 6 weeks ago
ee1fb01 : cancro: fix vibration intensity being forced to 100% <jrizzoli> 3 months ago
efaec44 : cancro: fix mi4 vibre_strenght <Vasishath Kaushal> 3 months ago
d03919f : Sound Control: squashed updates <Paul Reioux> 1 year, 5 months ago
2dfdc9f : Update Faux Sound <Paul Reioux> 2 years, 1 month ago
a7bfce9 : Sound Control: WCD9320: expose additional controls <Paul Reioux> 2 years, 2 months ago
79acf3b : stereo call recording support <skvalex> 1 year, 7 months ago
b69913d : cancro: block: FIOPS <jrizzoli> 5 months ago
f2e4a89 : block: Disable add_random <Chester Kener> 1 year, 10 months ago
7f7375a : PM / devfreq: Fix simple_ondemand crashing <myfluxi> 2 years ago
a20f924 : udp: fix behavior of wrong checksums <Eric Dumazet> 4 months ago
5da3649 : fs: take i_mutex during prepare_binprm for set[ug]id executables <Jann Horn> 4 months ago
39d5f2b : netfilter: nf_conntrack: reserve two bytes for nf_ct_ext->len <Andrey Vagin> 4 months ago
7ca844d : mnt: Prevent pivot_root from creating a loop in the mount tree <Eric W. Biederman> 4 months ago
630d209 : eCryptfs: Remove buggy and unnecessary write in file name decode routine <Michael Halcrow> 4 months ago
e7eb536 : KEYS: close race between key lookup and freeing <Sasha Levin> 4 months ago
38ccf19 : tracing/syscalls: Ignore numbers outside NR_syscalls' range <Rabin Vincent> 4 months ago
7c1e54d : net/l2tp: don't fall back on UDP [get|set]sockopt <Sasha Levin> 4 months ago
c47894e : create cyanogenmod defconfig <jrizzoli> 6 days ago
7c73b76 : Update camera for mnc <huangqiwu> 5 weeks ago
46e1bc6 : ARM: 8160/1: drop warning about return_address not using unwind tables <Uwe Kleine-König> 1 year, 3 months ago
da2bd67 : ARM: msm: GCC Version change. <Samir Mehta> 2 weeks ago
70e749e : selinux: add SOCK_DIAG_BY_FAMILY to the list of netlink message types <Paul Moore> 1 year, 11 months ago
debc100 : selinux/nlmsg: add XFRM_MSG_MAPPING <Nicolas Dichtel> 9 months ago
8f4e157 : selinux/nlmsg: add XFRM_MSG_MIGRATE <Nicolas Dichtel> 9 months ago
cb79b34 : selinux/nlmsg: add XFRM_MSG_REPORT <Nicolas Dichtel> 9 months ago
bce59b2 : selinux/nlmsg: add XFRM_MSG_GETSPDINFO <Nicolas Dichtel> 9 months ago
3393542 : selinux/nlmsg: add XFRM_MSG_NEWSPDINFO <Nicolas Dichtel> 9 months ago
eb659b1 : msm: camera: isp: protect driver from using invalid bufq <Petar Sivenov> 9 months ago
fa30d44 : msm: isp: validate vfe_intf max params <Suman Mukherjee> 10 months ago
707def7 : msm:pproc:Freed the vpe prameters to avoid memleak <Vijaya Kumar T M> 11 months ago
d48b535 : ARM:dts:msm: update generic cam entries <Rajesh Bondugula> 1 year, 8 months ago
876f8d6 : Update vidc for mnc <huangqiwu> 6 days ago
09acd2f : Failed to load kernel modules <Srinivasarao P> 8 weeks ago
efcfe12 : vfs: umount_tree() might be called on subtree that had never made it <Al Viro> 8 weeks ago
f69edb7 : defconfig: Disable CONFIG_DEVMEM and CONFIG_DEVKMEM <Swetha Chikkaboraiah> 10 weeks ago
c4b4ec7 : ipv6: clean up anycast when an interface is destroyed <Sabrina Dubroca> 1 year, 3 months ago
90b9b83 : ipv4, fib: pass LOOPBACK_IFINDEX instead of 0 to flowi4_iif <Cong Wang> 1 year, 8 months ago
0b05fd0 : net: ipv6: Add sysctl entry to disable MTU updates from RA <Harout Hedeshian> 11 months ago
d52d039 : um: siginfo cleanup <Richard Weinberger> 2 years, 5 months ago
aa388d4 : net: ping: Return EAFNOSUPPORT when appropriate. <Lorenzo Colitti> 10 months ago
ae8ebda : net/ping: handle protocol mismatching scenario <Jane Zhou> 1 year, 1 month ago
056f20f : msm: smd: Register SMD & SMSM IRQs with IRQF_NO_SUSPEND flag <Arun Kumar Neelakantam> 1 year ago
fd1951e : drivers: clocksource: add CPU PM notifier for ARM architected timer <Sudeep KarkadaNagesha> 2 years, 4 months ago
64e0836 : ARM: arch_timer: add support to configure and enable event stream <Sudeep KarkadaNagesha> 2 years, 4 months ago
9d4b8cb : ARM/ARM64: arch_timer: add macros for bits in control register <Sudeep KarkadaNagesha> 2 years, 4 months ago
d5e0d4c : arm: arch_timer: provide user space access to virtual counter <Srinivasarao P> 12 months ago
008c90f : ARM: 8036/1: Enable IRQs before attempting to read user space in __und_usr <Kishan Kumar> 1 year, 8 months ago
 
**** vanir:platform_manifest ****
c64473c : vanir libhardware <nuclearmistake> 2 days ago
395930d : Follow our own qcom open dataservice to fix many builds <DHOMD> 3 days ago
b9cedf6 : Revert "Revert "Revert "Revert "vendor_qcom_opensource_dataservices"""" <DHOMD> 3 days ago
 
**** cm:CyanogenMod/android_packages_apps_Contacts ****
07db402 : Contacts: More strings cleanup <Michael Bestas> 3 days ago
9984447 : Revert "Support adding contacts to blacklist and whitelist" <Michael Bestas> 3 days ago
 
**** cm:CyanogenMod/android_packages_apps_DeskClock ****
fe85450 : DeskClock: add switch to profile feature from Lollipop <Wilhelm Fitzpatrick> 4 days ago
 
**** cm:CyanogenMod/android_packages_apps_Gallery2 ****
65196ed : Revert "Gallery2: Properly declare the own permissions" <Michael Bestas> 2 days ago
 
**** vanir:packages_apps_Settings ****
076ee75 : Settings: respect telephony config for profiles override <Roman Birg> 5 days ago
f01ba08 : Settings: display light pulse dialog settings conditionally <Roman Birg> 5 months ago
f56fac0 : Settings : Show wifi usage tab by default <Danesh M> 3 days ago
396f12d : Settings: Move NFC payment under NFC category <Michael Bestas> 3 days ago
a9b6e2c : Settings: update About screen device model fields <Roman Birg> 8 months ago
c7c9553 : Power Menu: remove power as an option <Dave Kessler> 10 months ago
429a4e6 : Settings: Add some more entries into 'SMS message limit' menu <kuci> 1 year, 11 months ago
17a4c79 : Settings: Cleanup ALL the strings <Michael Bestas> 3 days ago
 
**** cm:CyanogenMod/android_packages_services_Telecomm ****
438af33 : Telecom: fix test compilation <Roman Birg> 3 days ago
 
**** cm:CyanogenMod/cm_platform_sdk ****
8a79ddb : cmsdk: Clean up some provider tests. <Adnan Begovic> 10 hours ago
20bfdd7 : cmsdk: add keys which to intercept from SettingsProvider <Roman Birg> 3 days ago
cb4a990 : Profiles: add isEnabled(); send state changes <Roman Birg> 3 days ago
c81519d : cmsdk: remove visualizer from default qs tile list <Roman Birg> 3 days ago
 
**** commotio:commotio ****
a2d487a : 1+2 vendor include is in odd spot <DHOMD> 2 days ago
 
**** vanir:vendor_oneplus ****
a454ed1 : RIL: Add qcril.db <manups4e> 8 days ago
118942e : RIL: We need cm ril daemon <manups4e> 9 days ago
cb54887 : RIL: Fixes for vendor (see device) <manups4e> 9 days ago
e124e45 : Fix keymaster and qseecomd <manups4e> 10 days ago
122aa1d : Removed unnecessary widevine blobs <Neil Agarwal> 2 weeks ago
be6f49b : Removed qcom location to fix boot errors <Neil Agarwal> 2 weeks ago
b5a100e : Fix onyx <DHOMD> 2 days ago
f233404 : bacon: Update blobs <Steve Kondik> 5 days ago
 
**** vanir:vendor_samsung ****
a0b52d7 : klte-common: Remove mm-parser libraries <Ethan Chen> 10 hours ago
45d31c3 : jf: update broadcom firmware from OJ2 <Dan Pasanen> 34 hours ago
 
**** vanir:vendor_vanir ****
f8c0a02 : Fixup cancro to work w/ cm-13.0 <DHOMD> 3 hours ago
4034215 : Added support for cancro <mr-tweaker> 6 days ago
9863f3a : 1+2 needs vendor call here <DHOMD> 2 days ago
69bc7ba : sepolicy: Set the context for fsck.exfat/ntfs to fsck_exec <dhacker29> 2 weeks ago
 
