
**** vanir:build ****
02c205f : Build hacks <DHOMD> 3 months ago
 
**** cm:LineageOS/android_device_cyanogen_msm8916-common ****
6878315 : msm8916-common: rebrand to LineageOS <Harry Youd> 12 hours ago
 
**** vanir:device_google_marlin ****
a1fe7f0 : marlin: enable gesture settings <razorloves> 2 weeks ago
4a37058 : marlin: add hardware key overlays <Dan Pasanen> 25 hours ago
91500b5 : common: disable adb secure <beanstown106> 2 weeks ago
11c889d : marlin: disable bt test app <Dan Pasanen> 26 hours ago
d496c6b : common: add fingerprint sensor type prop <beanstown106> 3 weeks ago
1fa4e95 : marlin: specify device-specific recovery updater libs <Dan Pasanen> 9 days ago
4ae0c7b : marlin: use Snap <Dan Pasanen> 27 hours ago
f7e58ec : marlin: use Gello <Dan Pasanen> 27 hours ago
8bb1c0e : marlin: build brillo_update_payload <Dan Pasanen> 8 days ago
620e896 : marlin: disable our local telephony extensions <Dan Pasanen> 8 days ago
099131b : liblights: add kernel includes <Dan Pasanen> 8 days ago
d0d91f1 : fstab: disable dm-verity <Dan Pasanen> 8 days ago
8c5a8a9 : sepolicy: add newline to genfs_contexts <Dan Pasanen> 8 days ago
d776556 : marlin: support inline kernel building <Dan Pasanen> 9 days ago
2bf7470 : marlin: initial lineage bringup <Dan Pasanen> 9 days ago
 
**** cm:LineageOS/android_device_htc_pme ****
5315fe7 : pme: audio: Switch to match the kernel's enums for "AUX PCM SampleRate" <Christopher R. Palmer> 7 hours ago
5524a5e : pme: Rebrand to lineage <Christopher R. Palmer> 17 hours ago
 
**** vanir:device_huawei_kiwi ****
957922c : kiwi : Rebrand To LineageOS <Michael W> 7 hours ago
4c0bb32 : kiwi: overlay: Enable ambient display <Dan Pasanen> 2 days ago
cd72271 : kiwi: cmactions: Protect com.android.systemui.doze.pulse <Gabriele M> 3 days ago
eac41db : kiwi: cmactions: Cleanup <Michael W> 2 days ago
a59e965 : kiwi: cmactions: Integrate with Settings <Zhao Wei Liew> 4 days ago
7e267eb : kiwi: cmactions: Remove back button from action bar <Zhao Wei Liew> 4 days ago
baf90f7 : kiwi: Add Doze to our CMActions package <Jason Riordan> 4 days ago
 
**** vanir:device_lge_bullhead ****
99411e0 : bullhead: rebrand to LineageOS (2/2) <razorloves> 4 days ago
 
**** cm:LineageOS/android_device_lge_d850 ****
032bb9f : d850: lunch target: cm->lineage <Hendrik Hagendorn> 5 hours ago
 
**** cm:LineageOS/android_device_lge_d851 ****
a50adb9 : d851: lunch target: cm->lineage <Hendrik Hagendorn> 5 hours ago
 
**** cm:LineageOS/android_device_lge_d852 ****
4d9ecbf : d852: lunch target: cm->lineage <Hendrik Hagendorn> 5 hours ago
 
**** cm:LineageOS/android_device_lge_d855 ****
1e85064 : d855: lunch target: cm->lineage <Hendrik Hagendorn> 5 hours ago
 
**** vanir:device_lge_hammerhead ****
4bacb98 : hammerhead: Rebrand to LineageOS (2/2) <razorloves> 4 days ago
 
**** cm:LineageOS/android_device_lge_ls990 ****
87fecb5 : ls990: lunch target: cm->lineage <Hendrik Hagendorn> 5 hours ago
 
**** vanir:device_lge_v20-common ****
59fe8fa : v20-common: remove lteOnCdmaDevice from system.prop <Kasual> 6 days ago
 
**** cm:LineageOS/android_device_motorola_athene ****
432a3cd : athene: add perms for new homebutton wakeup entry <Vachounet> 9 hours ago
93b4a7b : athene: sync doze config with stock N <Vachounet> 12 hours ago
da97c94 : CMActions: add fingerprint wakeup option <Vachounet> 12 hours ago
ecc4851 : athene: enable ipacm-diag <Vachounet> 2 days ago
6f453b1 : athene: disable msm_irqbalance service <Vachounet> 2 days ago
9b35fb8 : CMActions: Replace FlatUp Sensor with Glance <Alberto97> 2 days ago
285beb2 : athene: build LiveDisplay native interface library <Vachounet> 2 days ago
27a1f21 : athene: continuous splash is not enable on panel side <Vachounet> 2 days ago
 
**** vanir:device_oneplus_bacon ****
d206554 : bacon: remove vendorsetup <Simon Shields> 22 hours ago
 
**** vanir:device_samsung_klte-common ****
8e29a7e : address rild denial <OzzysCmAcc> 6 days ago
 
**** cm:LineageOS/android_hardware_qcom_audio ****
d414d15 : hal: Dynamically load the correct path for HUAWEI_SOUND_PARAM_PATH <Christopher R. Palmer> 8 hours ago
 
**** cm:LineageOS/android_hardware_qcom_audio ****
becbb2f : hal: Dynamically load the correct path for HUAWEI_SOUND_PARAM_PATH <Christopher R. Palmer> 8 hours ago
 
**** cm:LineageOS/android_hardware_sony_timekeep ****
0499664 : timekeep: Store the adjusted value into ats_2 file <Humberto Borba> 6 months ago
 
**** cmold:android_kernel_htc_msm8996 ****
1b8d3d9 : sound: msm8996: Update the enum text for "AUX PCM SampleRate" <Christopher R. Palmer> 2 hours ago
66f2a14 : sound: Fix the getting of the "AUX PCM SampleRate" control <Christopher R. Palmer> 7 hours ago
80baafe : pme: Rename defconfig for rebranding <Christopher R. Palmer> 17 hours ago
 
**** cmold:android_kernel_huawei_kiwi ****
aa98185 : arm: fix handling of F_OFD_... in oabi_fcntl64() <Al Viro> 1 year ago
0066ca9 : kiwi: defconfig: Debrand <Michael W> 7 hours ago
 
**** cmold:android_kernel_lge_bullhead ****
a7c1934 : bullhead: rebrand to LineageOS (1/2) <razorloves> 4 days ago
 
**** cmold:android_kernel_lge_hammerhead ****
a4ba671 : hammerhead: Rebrand to LineageOS (1/2) <razorloves> 4 days ago
 
**** cmold:android_kernel_lge_msm8996 ****
1e68e82 : g5/v20_defconfig: Disable broadcom bluetooth drivers <Rashed Abdel-Tawab> 27 hours ago
e223918 : proc: Set androidboot.verifiedbootstate=green <James Christopher Adduono> 5 days ago
0d27d79 : Revert "proc: Remove verifiedbootstate flag from /proc/cmdline" <Rashed Abdel-Tawab> 2 days ago
 
**** cmold:android_kernel_samsung_klte ****
05c4dad : gpu: ion: remove IOMMU Heap and IOMMUCA introduced with mm source <Mitchel Humpherys> 3 years, 3 months ago
 
**** cmold:android_kernel_xiaomi_msm8956 ****
68b9c9b : prima: Update to LA.BR.1.3.6_rb1.10 <TheStrix> 2 weeks ago
19a103b : sdcardfs: Flag files as non-mappable <fluxi> 3 months ago
04d67bb : input: Handle an additional framebuffer hint <Bruno Martins> 3 weeks ago
aab8729 : video: Revert back to basic livedisplay driver <TheStrix> 3 weeks ago
d4c9e37 : sdcardfs: Fix build <TheStrix> 3 weeks ago
7f3f214 : defconfigs: Enable SDCARDFS <TheStrix> 3 weeks ago
eaa7e06 : sdcardfs: Change magic value <Daniel Rosenberg> 7 weeks ago
db20999 : sdcardfs: Use per mount permissions <Daniel Rosenberg> 2 months ago
b715dfa : sdcardfs: Add gid and mask to private mount data <Daniel Rosenberg> 2 months ago
2249484 : sdcardfs: User new permission2 functions <Daniel Rosenberg> 2 months ago
5b3fa5d : vfs: Add setattr2 for filesystems with per mount permissions <Daniel Rosenberg> 2 months ago
0e44d25 : vfs: Add permission2 for filesystems with per mount permissions <Daniel Rosenberg> 2 months ago
855b98c : vfs: Allow filesystems to access their private mount data <Daniel Rosenberg> 2 months ago
84c8ce4 : mnt: Add filesystem private data to mount points <Daniel Rosenberg> 2 months ago
c87a20d : sdcardfs: Move directory unlock before touch <Daniel Rosenberg> 3 months ago
c560e41 : sdcardfs: fix external storage exporting incorrect uid <alvin_liang> 4 months ago
8785bdf : sdcardfs: Added top to sdcardfs_inode_info <Daniel Rosenberg> 8 months ago
e41e323 : sdcardfs: Switch package list to RCU <Daniel Rosenberg> 8 months ago
e2e1ec5 : sdcardfs: Fix locking for permission fix up <Daniel Rosenberg> 5 months ago
85d0e06 : sdcardfs: Check for other cases on path lookup <Daniel Rosenberg> 8 months ago
e4799e5 : sdcardfs: override umask on mkdir and create <Daniel Rosenberg> 9 months ago
dfe7768 : ANDROID: sdcardfs: fix itnull.cocci warnings <Julia Lawall> 7 months ago
c70f87e : sdcardfs: Truncate packages_gid.list on overflow <Daniel Rosenberg> 6 months ago
4b06464 : fuse: Add support for d_canonical_path <Daniel Rosenberg> 9 months ago
efdef1b : vfs: change d_canonical_path to take two paths <Daniel Rosenberg> 9 months ago
f9ede00 : sdcardfs: remove unneeded __init and __exit <Daniel Rosenberg> 9 months ago
d8cef2e : sdcardfs: Remove unused code <Daniel Rosenberg> 9 months ago
19fd10e : sdcardfs: remove effectless config option <Daniel Rosenberg> 10 months ago
9816c4a : inotify: Fix erroneous update of bit count <Daniel Rosenberg> 10 months ago
62d39e5 : sdcardfs: Add support for d_canonicalize <Daniel Rosenberg> 11 months ago
8352cac : vfs: add d_canonical_path for stacked filesystem support <Daniel Rosenberg> 11 months ago
fabcac1 : sdcardfs: Bring up to date with Android M permissions: <Daniel Rosenberg> 11 months ago
15532a5 : sdcardfs: Changed type-cast in packagelist management <Daniel Campello> 1 year, 6 months ago
b90d49b : sdcardfs: port to 3.10 <Daniel Campello> 1 year, 7 months ago
ddb3fca : Initial port of sdcardfs <Daniel Campello> 1 year, 7 months ago
ac26ce1 : input: atmel_mxt_ts: Add double tap sysfs symlink <rohan> 3 weeks ago
816dafb : defconfig: Enable NF_MATCH_RPFILTER <Ethan Chen> 4 weeks ago
7597d69 : kobject: Fix "add_uevent_var: too many keys" warn. <Jiangli Yuan> 2 years, 6 months ago
98129ad : BACKPORT: tty: Prevent ldisc drivers from re-using stale tty fields <Peter Hurley> 1 year, 1 month ago
7513203 : sg: Fix double-free when drives detach during SG_IO <Calvin Owens> 1 year, 2 months ago
5bef68f : KEYS: Fix short sprintf buffer in /proc/keys show function <David Howells> 4 months ago
265a82f : fs: ext4: disable support for fallocate FALLOC_FL_PUNCH_HOLE <Nick Desaulniers> 6 months ago
8688434 : tty: Fix hang at ldsem_down_read() <Peter Hurley> 3 years, 1 month ago
c744c0e : mnt: Fail collect_mounts when applied to unmounted mounts <Eric W. Biederman> 2 years ago
19955df : netfilter: x_tables: check for size overflow <Florian Westphal> 10 months ago
1247445 : input: Create shared procfs nodes <TheStrix> 5 weeks ago
aef3ff5 : input: atmel_mxt_ts: Add option to disable keypad <TheScarastic> 5 weeks ago
e6454ee : input: ft5x06: Add option to disable keypad <TheScarastic> 5 weeks ago
2b56897 : input: atmel_mxt: Add option to disable keypad <TheStrix> 5 weeks ago
104ec98 : ASoC: compress: Don't error on both playback and capture being set <TheStrix> 5 weeks ago
 
**** vanir:platform_manifest ****
7aab5dd : Fix path <DHOMD> 2 hours ago
a73ceb9 : Try new Pixie sources <DHOMD> 2 hours ago
81cb068 : Kenzo... again <DHOMD> 4 hours ago
 
**** cm:LineageOS/android_packages_apps_Browser ****
b565222 : Search engines: Add DuckDuckGo FR <nailyk-fr> 30 hours ago
 
**** vanir:packages_apps_CMParts ****
ff37a00 : CMParts: Match pulse speed to frameworks default <Matt Mower> 1 year, 5 months ago
daa7387 : Fix handling of auto power save summary. <Danny Baumann> 4 days ago
 
**** commotio:commotio ****
1ae96a0 : 1 masquerade us currently 2 too many <DHOMD> 27 hours ago
 
**** vanir:vendor_huawei ****
4fed92f : Extract with updated (bak)?smali <nuclearmistake> 15 hours ago
 
**** github:TheMuppets/proprietary_vendor_qcom_binaries ****
652aced : msm8996: graphics: Update from display.lnx.3.0.r9-rel <Rashed Abdel-Tawab> 12 days ago
 
**** vanir:vendor_vanir ****
d7d0833 : Kenzo <DHOMD> 3 hours ago
b82603e : extract_utils: Update smali/backsmali to v2.2b4 <Luca Stefani> 33 hours ago
50ac503 : extract_utils: Update backsmali command <Gabriele M> 30 hours ago
1616a54 : Loosen backuptool's morals <nuclearmistake> 16 hours ago
 
