
**** vanir:build ****
0a11336 : Build hacks <DHOMD> 4 months ago
 
**** vanir:device_google_marlin ****
e7ca32a : marlin: disable our local telephony extensions <Dan Pasanen> 7 weeks ago
65e33f9 : Revert "marlin: specify device-specific recovery updater libs" <DHOMD> 4 weeks ago
 
**** cm:LineageOS/android_device_htc_pme ****
89dc6ac : pme: Add devicesettings <Michael W> 10 hours ago
 
**** vanir:device_lge_bullhead ****
0f1a440 : bullhead: add facelock properties <beanstown106> 1 year, 3 months ago
 
**** cm:LineageOS/android_device_lge_g4-common ****
aac52ff : g4: Add devicesettings <Michael W> 10 hours ago
 
**** vanir:device_moto_shamu ****
7048f63 : shamu: update facelock properties for N <beanstown106> 2 days ago
 
**** cm:LineageOS/android_device_motorola_athene ****
5ef2f80 : add ro.telephony.ril.config for dual sim variants <HashBang> 1 year, 1 month ago
6b026ec : athene : fix data wakelock <Klozz> 3 days ago
 
**** cm:LineageOS/android_device_motorola_otus ****
18aeb43 : Otus: Fix FM Radio <DHOMD> 4 weeks ago
 
**** cm:LineageOS/android_device_oppo_msm8974-common ****
e5892a9 : Port from bacon: Add blob to decrypt full-disk encryption of /data. <J. Joe Feise> 3 months ago
 
**** vanir:device_qcom_common ****
2a7df32 : Suboptimal way of fixing Pixie builds <DHOMD> 7 weeks ago
fc48325 : extractors: Add aptX & aptXHD to confirmed platforms <dh.harald> 3 weeks ago
 
**** cm:LineageOS/android_external_ntfs-3g ****
5effca1 : Loaded the fuse kernel module with no environment <Jean-Pierre André> 27 hours ago
 
**** vanir:hardware_qcom_media ****
c8a7605 : media: add missing 8952 symlink <David> 23 hours ago
38aa763 : Fix duplicated OMX.qcom.audio.decoder.aac entry <Keith Mok> 1 year, 2 months ago
 
**** vanir:hardware_samsung ****
e3800ac : Add another semco mac address <Sean hoyt> 7 hours ago
e06577d : audio: Disable voice log by default <Andreas Schneider> 32 hours ago
d44edaa : audio: Log error if we fail to set the audio path <Andreas Schneider> 33 hours ago
df6fc8a : audio: Add missing deep buffer to use_case_table <Andreas Schneider> 14 hours ago
adb788d : audio: Fix device table access in get_snd_device_name() <Andreas Schneider> 34 hours ago
58735a9 : audio: Fix time diff to always return positive numbers <Andreas Schneider> 33 hours ago
 
**** github:TheMuppets/proprietary_vendor_qcom_binaries ****
48c3f6b : bluetooth: Add aptX & aptXHD to comfirmed platforms <dh.harald> 8 weeks ago
 
