
**** vanir:bionic ****
0a143d0 : libc: Fix invalid offset warning with Clang <Steve Kondik> 3 days ago
02972e7 : Do not depend on host bits to get the right size to write. <Junichi Uekawa> 8 months ago
 
**** aosp:platform/cts ****
f4433c1 : DO NOT MERGE: disable libskia test. <Daniel Xie> 10 days ago
a578fc5 : Detect if file system is already encrypted by other means. <Junichi Uekawa> 13 days ago
e1568c9 : security: fix change in SELinux for kernel threads test <Oren Laadan> 1 year, 1 month ago
ac0620b : security: adjust test on SELinux for kernel threads <Oren Laadan> 1 year, 1 month ago
f92fb0b : Remove BrowserBenchTest <Selim Gurun> 2 weeks ago
3dd1905 : CameraIts: Fix test_param_shading_mode with no display <Chien-Yu Chen> 2 weeks ago
ce4bfc1 : DO NOT MERGE: Bump CTS to 5.1 R9 <Daniel Xie> 2 weeks ago
ad6f25d : CameraITS: Increase error margin for test_tonemap_sequence <Shuzhen Wang> 2 weeks ago
863638f : Remove non-CTS packets assertion code <Jun Tahara> 2 weeks ago
0461b57 : DO NOT MERGE Update TextViewTest to use KeyEventUtil for KeyEvents <Siyamed Sinir> 3 weeks ago
696dedc : EncryptionTest: Run only for API level >= 23 <Sami Tolvanen> 9 weeks ago
4ebdc23 : Improve resiliency of message parser in the case that events are missing <David Sodman> 6 weeks ago
49175ec : Fix TaskswitchingDeviceTest. <Daichi Hirono> 5 weeks ago
 
**** vanir:device_lge_bullhead ****
c112997 : bullhead: increase speaker volume to normal level <razorloves> 3 days ago
 
**** vanir:device_lge_g2-common ****
2002424 : Enable audio offloading with video <Jan Jasper de Kroon> 4 days ago
f1be890 : Revert "g2: Disable offload" <Ethan Chen> 5 months ago
 
**** cm:CyanogenMod/android_device_samsung_galaxys2-common ****
03471a0 : Use 2 zRAM compression streams (now that our driver can) <Andrei Măceș> 7 months ago
4dc5727 : galaxys2-common: Cleanup unused flags <Caio Schnepper> 7 weeks ago
3a44be3 : init: increase read-ahead value to 256 kb <Ziyan> 6 months ago
 
**** vanir:device_samsung_jf-common ****
0e14687 : jf: Remove unnecessary TCP setprops and chowns <Zhao Wei Liew> 5 days ago
96ff92d : jf: Remove deprecated thermal configs <Zhao Wei Liew> 4 days ago
828c966 : jf: Don't make persist directory <Zhao Wei Liew> 4 days ago
daede3e : jf: Improve interactive timer values <Zhao Wei Liew> 2 days ago
442e111 : jf: Enable thread migration notifier <Zhao Wei Liew> 3 days ago
 
**** vanir:device_samsung_klte ****
2d9c482 : klte: Update SM-G900F fingerprint <Kevin F. Haggerty> 2 days ago
1df2ba3 : init: Restructure common properties <Paul Keith> 5 days ago
 
**** vanir:device_samsung_klte-common ****
e8c6837 : klte-common: Move throbbing fingerprint dot to bottom of image <Kevin F. Haggerty> 3 days ago
0a50db1 : Configure fingerprint sensor location <d34d> 7 days ago
e3be430 : klte-common: Add libprotobuf-cpp-full to PRODUCT_PACKAGES <Kevin F. Haggerty> 4 weeks ago
 
**** cm:CyanogenMod/android_device_samsung_kltedv ****
2166a09 : kltedv: Update SM-G900I fingerprint <Kevin F. Haggerty> 22 hours ago
 
**** cm:CyanogenMod/android_device_samsung_kltespr ****
8648e8f : kltespr: Update SM-G900P fingerprint <Kevin F. Haggerty> 22 hours ago
 
**** vanir:device_samsung_kltevzw ****
b9fefcf : kltevzw: Update proprietary files list for MM blobs <Kevin F. Haggerty> 3 weeks ago
4a829d0 : kltevzw: Update SM-G900V fingerprint <Kevin F. Haggerty> 2 days ago
 
**** vanir:device_sony_fusion3-common ****
48e73bc : Create a tag for legacy audio <DHOMD> 4 days ago
ce5d90d : Revert "audio: switch to new msm8960 hal" <DHOMD> 4 days ago
 
**** cm:CyanogenMod/android_device_sony_nicki ****
a505a69 : nicki: overlay: Disable proximity check <LuK1337> 3 days ago
 
**** vanir:device_sony_yuga ****
fd6687f : yuga: Changes for new audio HAL <Georg Veichtlbauer> 9 weeks ago
 
**** vanir:external_wpa_supplicant_8 ****
782ab88 : wpa_supplicant: Cross-branch compilation fixes <Steve Kondik> 5 days ago
e402373 : wpa_supplicant_conf: Let devices provide their own template <Ricardo Cerqueira> 3 months ago
2f0f965 : Fix dependencies <Steve Kondik> 7 months ago
cf3f808 : eap_proxy: Fix compilation warning <Steve Kondik> 8 months ago
6bbb9c8 : wpa_supplicant: Force the p2p channels to reuse frequencies used by STA <Diogo Ferreira> 1 year, 3 months ago
a46cc71 : eap: Don't force reassociation when getting the identity and handshakes are in progress <Ricardo Cerqueira> 3 months ago
94b7293 : eap_peer: Make the QMI EAP proxy a standalone lib <Ricardo Cerqueira> 12 months ago
e2a4ce0 : Revert "p2p: Add p2p_no_group_iface flag to p2p conf file" <Steve Kondik> 2 years, 5 months ago
62cd79d : hostap: Provide option to disable HT20/40 COEX <Arif Hussain> 2 years, 1 month ago
425ea41 : WNM: Fetch scan results before checking transition candidates <Kanchanapally, Vidyullatha> 2 months ago
cd86cc1 : WNM: Optimize a single BSS transition management candidate scan <Jouni Malinen> 4 months ago
1d7cbb7 : nl80211: Add an option to specify the BSSID to scan for <Jouni Malinen> 4 months ago
53fd092 : eap_proxy: Resolve QMI EAP request length limitation <Bala Krishna Bhamidipati> 3 months ago
4dfbdd7 : eap_proxy: correct the invalid assignment to key <Bala Krishna Bhamidipati> 3 months ago
c7607c1 : P2P: Trigger event when invitation is accepted <Lior David> 3 months ago
e4a0877 : wpa_supplicant: "don't care" value for pbss in ssid structure <Lior David> 3 months ago
38c85e1 : P2P: Fix persistent group for 60 GHz networks <Lior David> 3 months ago
710691e : P2P: Add optional op_class argument to P2P_SET listen_channel <Lior David> 5 months ago
1f6d4da : P2P: Adjust service discovery maximum fragment size for 60 GHz <Lior David> 4 months ago
ca4a3cb : P2P: Add Dev Info attribute to Probe Request frames in 60 GHz <Lior David> 5 months ago
fd3fc23 : wpa_supplicant: Expose wpas_get_bands() and related API <Lior David> 5 months ago
df4e760 : P2P: Change order of P2P IE and frequencies set up <Lior David> 5 months ago
bd6240c : P2P: Support dedicated P2P_DEVICE without separate group interface <Lior David> 5 months ago
c15dbd8 : P2P: Add a separate pointer to the P2P Device instance <Lior David> 5 months ago
2b06378 : wpa_supplicant: Basic support for PBSS/PCP <Lior David> 5 months ago
99aceaf : nl80211: Basic support for PBSS/PCP <Lior David> 5 months ago
280e62d : Sync with mac80211-next.git include/uapi/linux/nl80211.h <Jouni Malinen> 5 months ago
f9262ef : Return error from wpa_drv_get_pref_freq_list() if no driver support <Jouni Malinen> 11 months ago
4da65ec : IBSS/mesh: Add support for VHT80P80 configuration <Ahmad Kholaif> 7 months ago
f337d73 : Add QCA vendor attribute and event to indicate subnet change status <Ravi Joshi> 8 months ago
c44d4f7 : Extend QCA roam event with subnet change indication <Ravi Joshi> 8 months ago
46ec7e2 : P2P: Add support for VHT 80+80 MHz and 160 MHz <Ahmad Kholaif> 8 months ago
43d4048 : nl80211: Add VHT 160 MHz channel flags <Ahmad Kholaif> 8 months ago
087bb32 : P2P: Define operating classes for VHT 80+80 and 160 <Ahmad Kholaif> 8 months ago
6ea5af0 : P2P: Do not reply to GO Negotiation Request if peer is waiting for us <Jouni Malinen> 9 months ago
b77598c : Parallelize distinct radio work operations <Kanchanapally, Vidyullatha> 9 months ago
d4770fe : nl80211: Extract driver offchannel simultaneous capability <Kanchanapally, Vidyullatha> 10 months ago
16d9b87 : nl80211: Support vendor scan together with normal scan <Kanchanapally, Vidyullatha> 10 months ago
a5568fd : Add QCA vendor definitions for simultaneous offchannel <Kanchanapally, Vidyullatha> 10 months ago
6f78925 : nl80211: Driver interaction for QCA vendor scan <Kanchanapally, Vidyullatha> 10 months ago
27a0e6f : Add QCA vendor definitions for vendor scan support <Kanchanapally, Vidyullatha> 10 months ago
2aaf677 : P2P: Support driver preferred freq list for invitation case <Ahmad Kholaif> 11 months ago
ba8401d : P2P: Support driver preferred freq list for Autonomous GO case <Ahmad Kholaif> 11 months ago
e71f642 : P2P: Process preferred frequency list as part of GO Neg Req/Resp <Ahmad Kholaif> 12 months ago
d8dfb42 : P2P: Expose driver preferred frequency list fetch to P2P <Ahmad Kholaif> 12 months ago
a674391 : P2P: Do not omit known operating channel preference from GO Neg Resp <Ahmad Kholaif> 12 months ago
871e8ab : P2P: Parse preferred frequency list extension <Ahmad Kholaif> 12 months ago
bd6c7c7 : P2P: Add preferred frequency list extension to GO Neg Req <Ahmad Kholaif> 12 months ago
9fe2590 : P2P: Use preferred frequency list from the local driver <Ahmad Kholaif> 12 months ago
fa36f79 : Add parsing of preferred frequency list element <Ahmad Kholaif> 12 months ago
 
**** vanir:frameworks_base ****
70dd4a2 : SystemUI: Restrict persistent USB drive notifications to USB disks <AdrianDC> 6 days ago
396b4c2 : BT: Set persiste Bluetooth State during enable timeout case <Gurpreet Ghai> 3 months ago
34040d0 : Add absent sim info to locked screen text <Wileen Chiu> 4 months ago
528b0dd : Encapsulate the unbindService with try catch block <Luke Zhang> 3 months ago
f689b2e : Bluetooth: Access mediaplayerlist in synchronized way <Ayan Ghosh> 4 months ago
169748b : WifiDisplayController: Fix p2p disconnect before rtsp teardown completes <Manoj Kumar AVM> 6 months ago
a873111 : Wifi: Make maximum selective channel scans and interval configurable <Nalla Kartheek> 6 months ago
47ea7c7 : combo bug when location reported by providers do not come with extras <Kevin Tang> 6 months ago
914b672 : Ignore IMS type APN when notify data connection <Richard LIU> 7 months ago
6fcfa2e : Remove TONE_SUPERVISORY_CH <Sandeep Kunta> 5 months ago
4d75d9e : MSIM: Restrict data activity change to listeners with matching subId <Muhammed Siju> 6 months ago
52f0f91 : Add config to show HD icon on EVS codec. <Dheeraj Shetty> 3 months ago
0456759d : Remove use of '_' variable name <Neil Fuller> 9 months ago
 
**** vanir:frameworks_opt_telephony ****
9f4f4be : Subscription updater: don't post messages on events in BroadcastReceiver <Altaf-Mahdi> 8 days ago
3b24907 : TelephonyProvider: Add CDMA call forwarding/waiting function <kaiyiz> 1 year, 8 months ago
c49c744 : dct: Sync with upstream <Steve Kondik> 3 days ago
8ea51be : MSIM: Send FINISH request on flex map START fail <Sandeep Gutta> 3 months ago
3e12eb4 : Set additional info for LaunchBrowser error case. <Umashankar Godachi> 3 months ago
83ffc48 : Telephony: Reduce back to back same APN activation delay. <Yashdev Singh> 10 weeks ago
4cc7ede : Fix emergency ims pdn setup issue <Susheel nyamala> 5 months ago
09ca1bb : Fix ims pdn issue on non dds sub on iwlan <Susheel nyamala> 3 months ago
4a6e7c5 : Fix to resolve data call issue for sim hot swap case <Ravindra> 4 months ago
a9d7209 : Notify disconnect on phone dispose <Ravindra Thattahalli Javaraiah> 7 months ago
e93e6b5 : Use EVS codec for HD if carrier supports it. <Dheeraj Shetty> 3 months ago
a8208a5 : Fix Dds switch issue for wifi and IWLAN scenarios <Susheel nyamala> 3 months ago
b6d95be : Fix to avoid unnecessary PS attach. <Ravindra> 3 months ago
fea40e5 : Fix ims pdn request issue <Susheel nyamala> 3 months ago
cbaa8d3 : Parse the record number from byte to int <Yujing Gu> 3 months ago
ce2ca07 : Finer grained character boundaries in computing SMS fragment lengths <pengfeix> 3 months ago
b3571da : MSIM: Use SIM specific subId for setMccMnc <Sandeep Gutta> 6 months ago
8b477da : IMS: Fix phone app crash at setOutgoingCallerIdDisplay(). <Suchand Ghosh> 4 months ago
0f88ef6 : Fix DDS switch issues for CDMA and IWLAN scenarios. <Muhammed Siju> 4 months ago
7e64272 : Add the slot id when broadcasting card state to STK app. <Yujing Gu> 8 months ago
0dbab41 : Fix default data reset issue on device powerup <Susheel nyamala> 4 months ago
1e4c0b0 : Send shutdown command to modem <Wileen Chiu> 4 months ago
8b4ba43 : Telephony: CDMA: allow MT SMS when in ECBM <Huaibin Yang> 5 months ago
eec0d61 : IMS: Exit ECBM before dialing a pending non-emergency MO call <Suresh Kumar Sugguna> 7 months ago
28678cf : IMS: Fix null pointer exception for call forwarding <Benergy Meenan Ravuri> 6 months ago
35b357b : Setup data on new APNs only when APN changes <Sukanya Rajkhowa> 7 months ago
31cadbe : MSIM: Fix ECBM dialog issue in G+C <Sandeep Kunta> 1 year, 10 months ago
fe0a2f2 : Do not set "gsm.operator.idpstring" per phoneId <Richard LIU> 8 months ago
2a2094e : Telephony: Config values for other languages <Andalam Parthasarathi> 7 months ago
200c495 : Revert "updateSpnDisplay: When PLMN values are same for before & after SIM loading in." <David Ng> 7 months ago
9a69cad : Check subid when querying network selection <Wileen Chiu> 8 months ago
3139447 : FR29338: Read SIM Contacts from EF-ADN if EF-PBR read failed. <Umashankar Godachi> 9 months ago
07d7e45 : Fix ADN records loading removing EFEXT1 dependency. <Umashankar Godachi> 9 months ago
f567219 : Add channel 60 Cellboradcast support. <Sridhar Dubbaka> 10 months ago
a80e16f : gsmsst: Protect against "null" string literals <Steve Kondik> 3 days ago
f1efbb4 : gsmsst: Protect against "null" string literals <Steve Kondik> 3 days ago
44396d8 : Remove identifier that causes warnings under OpenJDK 8 compiler <Neil Fuller> 7 months ago
 
**** cm:CyanogenMod/android_hardware_qcom_audio ****
a11ff3c : ssr: Fix building with OSS materials <Ricardo Cerqueira> 2 weeks ago
77bb1db : post proc : volume listener : fix effect release crash <Eric Laurent> 7 months ago
d796841 : hal: Add support to reload ACDB files <Karthik Reddy Katta> 3 months ago
e1b5f35 : make: Fixup cross-platform guards <Ricardo Cerqueira> 6 weeks ago
95d38b9 : hal : Fix banned API's and input validation errors <Preetam Singh Ranawat> 3 months ago
67ab751 : hal: return with error code to avoid tearing down existing recording <Zhou Song> 3 months ago
90f2a4c : hal: add support for msm8917 tmo, msm8917 sku5 and msm8940 sku6 <Meng Wang> 3 months ago
9898456 : audiopolicymanager: fix device selection in getNewOutputDevice <Satya Krishna Pindiproli> 3 months ago
21f9fa7 : hal: post_proc: Do not enable volume listener <Dhanalakshmi Siddani> 3 months ago
6540c07 : audiopolicy: check active direct output before adding DIRECT_PCM flag <Zhou Song> 4 months ago
354a07c : hal: Update to make code more reliable <Kuirong Wang> 5 months ago
5319430 : hal : Fix data initialization and input validation errors <Preetam Singh Ranawat> 4 months ago
d77d3b3 : policy_hal: add support for 32/48KHz support for voip <Shiv Maliyappanahalli> 5 months ago
e66aba2 : hal: add support for 32/48KHz for voip <Shiv Maliyappanahalli> 5 months ago
78b70c0 : hal: add support for fluence in voice recognition <Vidyakumar Athota> 1 year ago
726c71d : Revert "hal: Fix SSR issue for compress offload playback" <Naresh Tanniru> 4 months ago
a969a9b : Remove internal code name of msmtitanium for msm8952. <Arusha Goyal> 4 months ago
fd7607b : hal: stop sound trigger buffering during close <Mingming Yin> 5 months ago
fdbcd9d : Remove internal code name of msmtitanium for msm8952. <Arusha Goyal> 4 months ago
60cd764 : audio: port sound trigger fixes <Mingming Yin> 5 months ago
0a79f2c : hal: reset backend configuration before speaker calibration <Vidyakumar Athota> 6 months ago
4ffc926 : hal: Add support to get speaker FTM parameters <Vidyakumar Athota> 5 months ago
3abfee2 : Revert "hal: Fix voice call routing issue on headset" <Karthik Reddy Katta> 4 months ago
b137994 : hal: Fix warnings in audio HAL and policy <Alexy Joseph> 5 months ago
31eefec : hal: correct offload tear down check due to sw effect <Weiyin Jiang> 4 months ago
869f201 : hal: force device switch only for headset and headphone <Xiaojun Sang> 4 months ago
46025ef : hal: update compress offload pcm device ID <Vidyakumar Athota> 7 months ago
58081b6 : audiopolicy: fix notification tone during call not stopped after call ended <Zhou Song> 4 months ago
fccb915 : audiopolicy: do not set FM volume during device connection/disconnection <Satya Krishna Pindiproli> 4 months ago
0d47176 : hal: Fix the device disable/enable sequence for capture usecases <Karthik Reddy Katta> 11 months ago
74a2eee : hal: support wsa combo for jacala <Naresh Tanniru> 5 months ago
cd327f8 : hal: don't allow track offload if there's active sw effect <Weiyin Jiang> 4 months ago
488ac37 : hal: spkr_prot: read temperature once during calibration <Vidyakumar Athota> 5 months ago
fdd505a : hal: limit AFE and ADM sample rate at 48 for speaker <Sidipotu Ashok> 5 months ago
bbce432 : hal: Ensure that stream is not started during Sub system restart. <Ashish Jain> 5 months ago
d211ef5 : policy_hal: handle incall sonification without checking output refCount <Weiyin Jiang> 5 months ago
4bd09d0 : hal: Add support to dynamically configure MI2S rx sample rate <Venkata Narendra Kumar Gutta> 5 months ago
f98e42f : hal: Remove return values from void functions <Leena Winterrowd> 5 months ago
ad8fff8 : hal: enhance the combo device detection logic during native playback <Sidipotu Ashok> 5 months ago
7f4817f : hal: Add support for FBSP in WSA analog mode <Venkata Narendra Kumar Gutta> 5 months ago
aee4fdd : hal: Fix potential memory leaks in HAL <Alexy Joseph> 5 months ago
4051676 : mm-audio: omx: Fix handling of flush error on session not found <Mingming Yin> 5 months ago
bb4cf0b : hal: fix no audio issue in voice call <Shiv Maliyappanahalli> 6 months ago
8d019b0 : hal: fix to enable aanc handset dynamically during voice call <Shiv Maliyappanahalli> 6 months ago
dda29e6 : hal: fix resource leak issues in platform.c <Mingming Yin> 7 months ago
34a303c : hal: Remove alac, ape from hardware decoder list <Naresh Tanniru> 5 months ago
d7a04cd : hal: Set sampling rate for stream_out <Leena Winterrowd> 6 months ago
125900e : hal: fix usecase selection in adev_open_output_stream <Satya Krishna Pindiproli> 5 months ago
eeb6b31 : hal: fm: add parameter to set mute options <Dhananjay Kumar> 5 months ago
2dd77c2 : policy_hal: fix for FM playback without active music stream <Mingming Yin> 6 months ago
 
**** cm:CyanogenMod/android_hardware_qcom_audio ****
52af337 : hal: Garbage output in logcat <Keith Mok> 8 weeks ago
23187da : policy_hal: handle incall sonification without checking output refCount <Weiyin Jiang> 5 months ago
79f27c0 : hal: Fix WFD and voice call over USB concurrency <vivek mehta> 3 months ago
59da825 : hal: spk_prot: remove cond_wait for spkr_calib_cancel <Laxminath Kasam> 3 months ago
a0266fe : audio: update flags for selection of VoIP direct output <Karthik Reddy Katta> 7 months ago
e38d22a : hal: Fix glitch in audio playback during device switch <Weiyin Jiang> 4 months ago
237f1e8 : hal: spkr_prot: read temperature once during calibration <Vidyakumar Athota> 5 months ago
a74d752 : hal: correct offload tear down check due to sw effect <Weiyin Jiang> 4 months ago
886c244 : hal: remove explicit direct pcm usecase <vivek mehta> 10 months ago
f6cd4f7 : hal: stop sound trigger buffering during close <Mingming Yin> 5 months ago
4fb2812 : hal: don't allow track offload if there's active sw effect <Weiyin Jiang> 4 months ago
bfe1cc3 : hal: Fix 44.1Khz playback when native support is not enabled <Amit Shekhar> 6 months ago
dc520bc : libaudiopolicymanager: DirectPCM: fix 44.1 clip playing noisy issue <vivek mehta> 7 months ago
b73a764 : audio: Extend platform parser to allow device name aliasing <Ethan Chen> 1 year, 10 months ago
64387ed : hal: Fix voice call recording <solk2> 1 year, 10 months ago
91c7d6b : hal: Fix digital USB headset combo device <Steve Kondik> 1 year, 10 months ago
be6fdfc : hal: Clean up compilation warnings <Steve Kondik> 1 year, 7 months ago
13ba1b4 : hal: Add support for audio amplifier HAL <Ethan Chen> 3 years, 1 month ago
381b7a0 : audio: Configure CM default feature set <Steve Kondik> 1 year, 7 months ago
b25084a : hal: Allow building hardware audio encoders <Arne Coucheron> 1 year, 5 months ago
f48de3d : audio: Use project pathmap <Ethan Chen> 6 months ago
1362fc7 : audio: Only allow non-legacy HAL <Ethan Chen> 6 months ago
b5b6d33 : hal: Update format table with AAC ADTS formats. <Ashish Jain> 8 months ago
102616d : HAL: Identify the track offload session <Sharad Sangle> 7 months ago
d7eaf2b : HAL: Identify Track offload session <Alexy Joseph> 8 months ago
8c21ad7 : Merge DAX2 changes <Gao Jie> 8 months ago
fc04fdc : hal: update in_call flag state based on mode information <Venkata Narendra Kumar Gutta> 9 months ago
12467a1 : hal: Use AUDIO_TX_MONO_COPP topology for incall record usecases <Karthik Reddy Katta> 8 months ago
 
**** vanir:hardware_qcom_audio ****
e393091 : Make compatiable with legacy branch <DHOMD> 4 days ago
 
**** cm:CyanogenMod/android_hardware_qcom_audio ****
bfad1f3 : audio: Fix complilation warnings under Clang <Steve Kondik> 3 days ago
 
**** cm:CyanogenMod/android_hardware_qcom_display ****
9f98625 : make: Adjust to dynamic paths <Ricardo Cerqueira> 6 weeks ago
df7f309 : sdm: Add NULL check for allocated memory <Ramakant Singh> 3 months ago
5b880f0 : gralloc : Add singleton class for mdp capability <Ramakant Singh> 3 months ago
b8cb6de : sdm: Fix incorrect permission on hw_info.cpp <Naseer Ahmed> 3 months ago
805ea87 : libgralloc: Get appropriate width and height from metadata <Ramkumar Radhakrishnan> 3 months ago
57f0cc4 : sdm: Set the new panel width and height correctly <Ramakant Singh> 4 months ago
354bf79 : sdm: Disable partial update only if is enabled. <Dileep Marchya> 4 months ago
4570003 : sdm: Add parameter check for content list <Manoj Kumar AVM> 4 months ago
c5109e6 : sdm : Apply Default Mode on real framework start <Sravan Kumar D.V.N> 4 months ago
5e0a1dc : hwc: Initialize pipe type to kPipeTypeUnused <Pullakavi Srinivas> 4 months ago
c487a88 : sdm: Initialize blit class members <Anjaneya Prasad Musunuri> 4 months ago
3cb64d9 : sdm:  Adding mapping of MDP RGB565_UBWC  format to SDM format <Anjaneya Prasad Musunuri> 4 months ago
f4912df : sdm: Add support for 10 bit RGB/YUV formats. <Ramkumar Radhakrishnan> 4 months ago
db89d1f : libgralloc: Add support for 10 bit RGB/YUV formats. <Ramkumar Radhakrishnan> 4 months ago
813ec82 : sdm: Create rotator modules only if a config has required h/w <Saurabh Shah> 4 months ago
cdd3895 : sdm: Add support for V4L2 Rotator <Saurabh Shah> 8 months ago
48c0356 : sdm: Indicate if Rotator is separate H/W block <Sushil Chauhan> 5 months ago
9964fc0 : sdm: Read number of rects from per-pipe caps <Sushil Chauhan> 5 months ago
07f4d41 : sdm:  Adding mapping of MDP RGB565_UBWC  format to SDM format <Anjaneya Prasad Musunuri> 4 months ago
6f227cf : sdm: Set max_layers to 0 when HDMI is in S3D mode <Xu Yang> 5 months ago
53a9573 : sdm: color-manager: PA Dither implementation. <Siddharth Zaveri> 4 months ago
d9f58e0 : sdm: Fix layer blending parameter setting. <Ramkumar Radhakrishnan> 6 months ago
bf04660 : sdm: Fix default ROI initialization <Ramkumar Radhakrishnan> 4 months ago
a212934 : gralloc: Ignore IGC setting. <Dileep Marchya> 6 months ago
bb069a6 : sdm: Fix Wconversion errors <Naseer Ahmed> 5 months ago
95cf0f2 : sdm: color-manager: Add support for global dither. <Siddharth Zaveri> 4 months ago
36e000a : gralloc: Fix RAW10 stride <Ranjith Kagathi Ananda> 1 year, 1 month ago
0899057 : sdm: Initialize blit engine only if blit is supported. <Anjaneya Prasad Musunuri> 4 months ago
7b23121 : sdm: Fix out of bound access to HWC layers. <Dileep Marchya> 4 months ago
15ac3bd : Revert "sdm: Allocate layer stack objects individually." <Dileep Marchya> 4 months ago
eb97bc9 : sdm: Populate supported format table map from sysfs node <Ramkumar Radhakrishnan> 6 months ago
b2781cc : sdm: Typecast void pointer to mdp scale structure for QSEED2. <Ramkumar Radhakrishnan> 5 months ago
d4fa563 : sdm: Avoid flush for virtual display when no app layer is present. <Anjaneya Prasad Musunuri> 5 months ago
cb44d97 : libgralloc: disable UBWC for video encoder usecase <Manikanta Kanamarlapudi> 5 months ago
9c72d0d : sdm: Resolve mismatched deallocation of memory <Anjaneya Prasad Musunuri> 5 months ago
ee63e37 : sdm: Add output buffer resolution in dump <Manoj Kumar AVM> 5 months ago
2e2830c : sdm: Read per-pipe caps from MDP caps <Sushil Chauhan> 6 months ago
66b1fa5 : sdm: Allocate layer stack objects individually. <Dileep Marchya> 6 months ago
165ef42 : sdm: color-manager: Resolve uninitialized variable access. <Siddharth Zaveri> 5 months ago
7d0727d : sdm: Mark layer as updating if geometry has changed. <Dileep Marchya> 5 months ago
a55f866 : sdm: Fix out of bounds access <Saurabh Shah> 5 months ago
bd4aaf2 : libmemtrack: Update the parsing of flags field <Harshdeep Dhatt> 7 months ago
f77878d : sdm: Read max panel brightness level from file node. <Siddharth Zaveri> 5 months ago
930582e : sdm: Add an interface to store layer's input buffer id. <Ramkumar Radhakrishnan> 6 months ago
647e171 : hwc: Fix mutex deadlock in GetVsyncPeriod <Manoj Kumar AVM> 6 months ago
46ef281 : sdm: Add support for S3D video <Yang Xu> 7 months ago
cd0dace : sdm: Add CSC information in dump. <Dileep Marchya> 6 months ago
f8fa2a8 : sdm: Write auto refresh value only if changed <Saurabh Shah> 7 months ago
ae51451 : sdm: hwc: Use display_defs.h <Arun Kumar K.R> 6 months ago
989b007 : gralloc: Default camera buffers to full range <Naseer Ahmed> 7 months ago
 
**** cm:CyanogenMod/android_hardware_qcom_display ****
7b9a3a1 : hwc/overlay: Validate cursor position in hwc_setPositionAsync <Baldev Sahu> 4 months ago
4c401f0 : hwc: Fix sanitize ROI func <Ramakant Singh> 5 months ago
6dab9c9 : hwc: Apply Default Mode on real framework start <Sravan Kumar D.V.N> 5 months ago
732b9ac : qdutils: Correct the hwc-driver mismatch <Ramakant Singh> 5 months ago
f1e2905 : hwc: remove local constant DISPLAY_ATTRIBUTES list <Ramakant Singh> 5 months ago
a74edfb : hwc: Remove references to display-frameworks <Ethan Chen> 6 months ago
c7cce05 : hwc: Fix compile errors after display-frameworks removal <Arne Coucheron> 6 months ago
b375570 : hwc: Support for QDCM Preference when PU enabled <Nitesh Gupta> 7 months ago
cc1ec84 : hwc: Set ioprio for vsync thread <Steve Kondik> 10 months ago
7516867 : Don't build lights module if vendor supplies it <Steve Kondik> 1 year, 8 months ago
730d245 : Revert "hqd: Use MSM_VIDC_TARGET_LIST for Venus color format" <Ethan Chen> 6 months ago
bc1215a : display: Use project pathmap <Ethan Chen> 1 year, 8 months ago
c324d73 : hwc: Set DefaultMode after bootup completion <Ramakant Singh> 7 months ago
8a6e7c9 : gralloc: Add a private flag for INTERNAL only <Arun Kumar K.R> 10 months ago
394c830 : hwc: Donot update dynamic-fps when device is not active <Ramakant Singh> 9 months ago
8f21571 : hwc: Do not wait for MDSS fence for layers with rotation <Dileep Kumar Reddi> 9 months ago
d2c5ca0 : hwc: Start with ROI set to destination <Arun Kumar K.R> 9 months ago
9ef4d8c : hwc: Set minfps as part of timeout_handler during idlefallback <Ramakant Singh> 9 months ago
0d616ba : Revert "hwc: Relax format change restrictions for certain targets" <Dileep Kumar Reddi> 9 months ago
213ead5 : Default flexible YUV format to NV21 <Tanmaya Godbole> 10 months ago
ed75fdb : hwc: Reset refresh-rate for few cases as part of timeout handler <Dileep Kumar Reddi> 9 months ago
56ed396 : gralloc: Add support for PRIV_FLAGS_DISP_CONSUMER <Surajit Podder> 1 year ago
a2d5295 : hwc: Support ActionSafe on targets with non-scaling RGB pipes. <Sandeep Panda> 10 months ago
248378d : gralloc: Use adreno_utils api for NV21 and NV12 alignment <Sushil Chauhan> 10 months ago
037d21d : hwc: Use basePipe for fullscreen and opaque layer <Pullakavi Srinivas> 10 months ago
77ec4ef : gralloc: Modify check for uncompressed RGB buffers <Naomi Luis> 10 months ago
449fbe0 : hwc: Use aligned width and height <Dileep Kumar Reddi> 10 months ago
02dbc50 : Revert "HWC: use aligned width and height for rearranging ROI" <Dileep Kumar Reddi> 10 months ago
cd7217a : hwc: Support ActionSafe on targets with non-scaling RGB pipes. <Sandeep Panda> 10 months ago
eed742d : overlay: add tertiary display definition in overlay <Vinu Deokaran> 10 months ago
a029479 : hwc: Validate display ID in hwc interface <Arun Kumar K.R> 10 months ago
09441c1 : gralloc: Add missing changes related to RAW16 <Raj Kamal> 11 months ago
7ea10c5 : hwc: Use basePipe for fullscreen and opaque layer <Pullakavi Srinivas> 10 months ago
c039f6e : hwc: Use aligned width and height <Dileep Kumar Reddi> 10 months ago
60cbe72 : Revert "HWC: use aligned width and height for rearranging ROI" <Dileep Kumar Reddi> 10 months ago
2e918bf : hwc: Avoid idlefallback during video playback <Raj Kamal> 10 months ago
fbe5a60 : HWC: use aligned width and height for rearranging ROI <Dileep Kumar Reddi> 10 months ago
597b313 : hwc: Featurize HWC_DISPLAY_SECURE <Raj Kamal> 10 months ago
eb4d7a6 : hwc: Use HWC_DISPLAY_NO_ATTRIBUTE as terminator. <Prabhanjan Kandula> 10 months ago
410ba7c : hwc : Normalize source crop before validating scaling limits. <Prabhanjan Kandula> 11 months ago
95fef31 : hwc: Relax format change restrictions for certain targets <Dileep Kumar Reddi> 11 months ago
42a1c98 : hwc: Changes for display-hal compilation with QTI_BSP enabled <Ramakant Singh> 11 months ago
c772eec : hwc: Do not use Borderfill pipe for composition in WFD <Dileep Kumar Reddi> 11 months ago
e5268fd : hwc/overlay: Pass handle w/h and crop w/h through fb_image field <Arun Kumar K.R> 12 months ago
5d39f02 : hwc: Log warning instead of mHDMIClient object not available <Dileep Kumar Reddi> 11 months ago
55b3489 : hwc: Ignore float-conversion for included headers <Naseer Ahmed> 11 months ago
82fe9c6 : hwc: Do not consider rotation for smart blit <Ramakant Singh> 11 months ago
dd689ff : hwc: Do not create idle invalidator for MDP3 targets <Dileep Kumar Reddi> 11 months ago
c58836b : hwc: Align ROI's width and height in both directions <Dileep Kumar Reddi> 11 months ago
19f2250 : hwc: Fix SF crash due to SIGSEGV error <Raj Kamal> 11 months ago
 
**** cm:CyanogenMod/android_hardware_qcom_display ****
0bbc949 : sdm/hwc: Silence logspam <Steve Kondik> 21 hours ago
371b9bc : sdm: Fix compilation error in hwc <Ramkumar Radhakrishnan> 7 weeks ago
a9f99ef : sdm: Typecast void pointer to mdp scale structure for QSEED2. <Ramkumar Radhakrishnan> 5 months ago
e588c17 : sdm : Apply Default Mode on real framework start <Sravan Kumar D.V.N> 4 months ago
4273f6c : sdm: Full ROI for 1 frame after resolution switch <Saurabh Shah> 3 months ago
09ed480 : sdm: Add support to report the pixel format of the display <Tatenda Chipeperekwa> 3 months ago
4d18fb9 : sdm: Disable partial update only if is enabled. <Dileep Marchya> 4 months ago
b60921b : sdm: Enable HDMI dynamic frame rate switch feature <feifanz> 3 months ago
2ca46a4 : qdMetadata: Add MetaData operation functions <feifanz> 3 months ago
d4f544e : sdm: HDMI as primary and headless display support <Tatenda Chipeperekwa> 3 months ago
3fc6dfa : sdm: Add independent hardware event thread for display events <Tatenda Chipeperekwa> 3 months ago
d180922 : sdm: Add sys wrappers for read, write, eventfd system calls <Tatenda Chipeperekwa> 3 months ago
57572d5 : qservice: Fixes for IQHDMIClient <Tatenda Chipeperekwa> 3 months ago
fcb06b6 : cec: Fix message parsing and enable wakeup feature <Tatenda Chipeperekwa> 3 months ago
d6591ae : sdm: Wrap DISPLAY_TERTIARY around QTI_BSP <Manoj Kumar AVM> 4 months ago
b7a0693 : sdm: Add parameter check for content list <Manoj Kumar AVM> 4 months ago
b5a157d : libmemtrack: Update parsing of kgsl mem file <Harshdeep Dhatt> 5 months ago
009ad60 : sdm: Set max_layers to 0 when HDMI is in S3D mode <Xu Yang> 5 months ago
bbeb6d6 : sdm: Initialize blit class members <Anjaneya Prasad Musunuri> 4 months ago
07d45cf : sdm: Fix out of bound access to HWC layers. <Dileep Marchya> 4 months ago
9b2cc73 : sdm: Fix default ROI initialization <Ramkumar Radhakrishnan> 4 months ago
cef3584 : sdm: color-manager: Add support for global dither. <Siddharth Zaveri> 4 months ago
19e6179 : sdm: Populate supported format table map from sysfs node <Ramkumar Radhakrishnan> 6 months ago
5fb5686 : sdm: Fix layer blending parameter setting. <Ramkumar Radhakrishnan> 6 months ago
631a683 : gralloc: Ignore IGC setting. <Dileep Marchya> 6 months ago
b92a3d3 : sdm: Initialize blit engine only if blit is supported. <Anjaneya Prasad Musunuri> 4 months ago
fa54538 : Revert "sdm: Allocate layer stack objects individually." <Dileep Marchya> 4 months ago
cc12857 : gralloc: Fix RAW10 stride <Ranjith Kagathi Ananda> 1 year, 1 month ago
d4fa563 : sdm: Avoid flush for virtual display when no app layer is present. <Anjaneya Prasad Musunuri> 5 months ago
cb44d97 : libgralloc: disable UBWC for video encoder usecase <Manikanta Kanamarlapudi> 5 months ago
9c72d0d : sdm: Resolve mismatched deallocation of memory <Anjaneya Prasad Musunuri> 5 months ago
ee63e37 : sdm: Add output buffer resolution in dump <Manoj Kumar AVM> 5 months ago
2e2830c : sdm: Read per-pipe caps from MDP caps <Sushil Chauhan> 6 months ago
66b1fa5 : sdm: Allocate layer stack objects individually. <Dileep Marchya> 6 months ago
165ef42 : sdm: color-manager: Resolve uninitialized variable access. <Siddharth Zaveri> 5 months ago
7d0727d : sdm: Mark layer as updating if geometry has changed. <Dileep Marchya> 5 months ago
a55f866 : sdm: Fix out of bounds access <Saurabh Shah> 5 months ago
bd4aaf2 : libmemtrack: Update the parsing of flags field <Harshdeep Dhatt> 7 months ago
f77878d : sdm: Read max panel brightness level from file node. <Siddharth Zaveri> 5 months ago
930582e : sdm: Add an interface to store layer's input buffer id. <Ramkumar Radhakrishnan> 6 months ago
17f2d38 : Don't build lights module if vendor supplies it <Steve Kondik> 1 year, 8 months ago
647e171 : hwc: Fix mutex deadlock in GetVsyncPeriod <Manoj Kumar AVM> 6 months ago
46ef281 : sdm: Add support for S3D video <Yang Xu> 7 months ago
cd0dace : sdm: Add CSC information in dump. <Dileep Marchya> 6 months ago
f8fa2a8 : sdm: Write auto refresh value only if changed <Saurabh Shah> 7 months ago
ae51451 : sdm: hwc: Use display_defs.h <Arun Kumar K.R> 6 months ago
989b007 : gralloc: Default camera buffers to full range <Naseer Ahmed> 7 months ago
918435f : sdm: color-manager: Detect first frame of UI to apply color-mode. <Siddharth Zaveri> 6 months ago
703dff8 : sdm: Drop draw cycles with zero application layers. <Dileep Marchya> 6 months ago
7646621 : gralloc: Fix the result of SET_SINGLE_BUFFER_MODE operation <Sushil Chauhan> 6 months ago
 
**** cm:CyanogenMod/android_hardware_qcom_media ****
4b1c56f : venc: Disable building vqzip into the encoder for OSS <Ricardo Cerqueira> 2 weeks ago
e9e9b32 : mm-core: change data type for version <Manikanta Kanamarlapudi> 3 weeks ago
07f11ee : make: Fix up platform inclusion <Ricardo Cerqueira> 4 weeks ago
e9f9ae8 : mm-video-v4l2: venc: Avoid processing ETBs/FTBs in invalid states <Praveen Chavan> 2 months ago
9eae7f2 : mm-video-v4l2: vdec: Avoid processing ETBs/FTBs in invalid states <Praveen Chavan> 2 months ago
3965563 : make: Adjust to dynamic paths <Ricardo Cerqueira> 6 weeks ago
b5a27bf : Avoid collision with the ffpmeg plugin <Ricardo Cerqueira> 6 weeks ago
d822edf : mm-video: Fix race condition in component. <Manikanta Sivapala> 10 weeks ago
cc6a5bb : mm-video: Handle ETB's with invalid length <Manikanta Sivapala> 3 months ago
d4c68ef : mm-video: Update function to flush cached ION output buffer. <Manikanta Sivapala> 3 months ago
6f4b96d : mm-video-v4l2: vidc: validate omx param/config data <Praveen Chavan> 3 months ago
70ecf07 : mm-video-v4l2: venc: add safety checks for freeing buffers <Praveen Chavan> 4 months ago
58cfe3e : mm-video-v4l2: vdec: add safety checks for freeing buffers <Praveen Chavan> 3 months ago
c9d33c1 : mm-video-v4l2: vdec: deprecate unused config OMX_IndexVendorVideoExtraData <Praveen Chavan> 3 months ago
162d7c2 : mm-video-v4l2: vidc: venc: KW fix to initialize v4l2 control. <Srinu Gorle> 3 months ago
ba4f857 : mm-video-v4l2: vdec: Malloc failure handling in memory prefetch <Rohit Kulkarni> 3 months ago
f05c40f : mm-video-v4l2: vdec: Add support for prefetching secure memory <Shalaj Jain> 5 months ago
1e09dcc : mm-video: swvdec: Flush cached ION output buffer. <Manikanta Sivapala> 3 months ago
5aa6868 : mm-video-v4l2: vidc: Do not queue output buffer if flush is in progress <Arun Menon> 7 months ago
451c330 : mm-video-v4l2: vidc: vdec: KW fix to initialize v4l2 control. <Abdulla Anam> 4 months ago
87af875 : Remove internal code name of msmtitanium for msm8953. <Arusha Goyal> 4 months ago
98c1933 : mm-video: swvdec: Enable "arbitrary bytes mode" via setparam. <Manikanta Sivapala> 4 months ago
6a113e8 : Remove internal code name of msmtitanium for msm8953. <Arusha Goyal> 4 months ago
66507f6 : mm-core: Add secure component registry entry <Vikash Garodia> 4 months ago
3c0c75c : mm-video-v4l2: vdec: Change preferred color format default order <Arun Menon> 8 months ago
47a3c9e : mm-core: Rename vpp component name in the registry. <Abdulla Anam> 5 months ago
f673dc5 : mm-video: swvdec: Fix bug in 'arbitrary bytes mode'. <Manikanta Sivapala> 4 months ago
658d7f6 : mm-video-v4l2: vdec: add support for vp8 secure decoder <Deepak Kushwah> 5 months ago
d5acdbb : mm-video-v4l2: vidc: update thread names <Vikash Garodia> 5 months ago
981d875 : mm-video: swvdec: Use C++ standard library queue classes. <Manikanta Sivapala> 5 months ago
4738e01 : mm-video: vidc: Communicate the right colorformat to the driver <Deva Ramasubramanian> 7 months ago
6480767 : mm-core: Add vp8 and vp9 secure decoders for titanium <Srinu Gorle> 5 months ago
3134ae4 : mm-video-v4l2: venc: revert add support for handling EOS buffer <Manikanta Kanamarlapudi> 5 months ago
3160904 : audio: Add entry for ALAC/APE software component <Preetam Singh Ranawat> 5 months ago
f09ef0f : mm-video: vidc: memset struct v4l2_format prior to S_FMT <Deva Ramasubramanian> 6 months ago
99a9dea : mm-video: swvdec: Fix FD leak. <Vikash Garodia> 5 months ago
21b0839 : Revert "mm-video-v4l2: vidc: Enhance VQZIP checks" <Manikanta Sivapala> 5 months ago
73109a9 : Revert "mm-video-v4l2: vidc: venc: Bug fixes for VZIP" <Manikanta Sivapala> 5 months ago
bf6b113 : mm-video-v4l2: venc: Add support for low latency mode <Srinu Gorle> 7 months ago
e3ab4f0 : mm-core: Fix compilation issue to erratic string constant <Amit Shekhar> 10 months ago
68a4b6c : mm-video: swvdec: Add 'arbitrary bytes mode' support. <Manikanta Kanamarlapudi> 5 months ago
89b5e96 : mm-video-v4l2: vidc: venc: Bug fixes for VZIP <Praneeth Paladugu> 7 months ago
d9b4206 : libc2dcolorconvert: check if platform support c2d <Alex Wong> 6 months ago
fd7f872 : mm-video-v4l2: vidc: Enhance VQZIP checks <Praneeth Paladugu> 10 months ago
ba30dca : mm-video: swvenc: update color format correctly <Manikanta Sivapala> 6 months ago
c950d91 : mm-video: swvdec: Fix bug in describe color format function. <Manikanta Sivapala> 5 months ago
cb9101d : mm-video-v4l2: venc: send flags to color converter <Maheshwar Ajja> 6 months ago
57a18a2 : mm-video: swvenc: Update color format correctly <Manikanta Sivapala> 6 months ago
66f5bdc : mm-video-v4l2: venc: Disable Bframes incase of UHD recording <Srinu Gorle> 7 months ago
b8eaaec : mm-video: swvdec: Fix static analysis issues. <Manikanta Sivapala> 6 months ago
 
**** cm:CyanogenMod/android_hardware_qcom_media ****
d81a756 : mm-video-v4l2: vdec: Avoid processing ETBs/FTBs in invalid states <Praveen Chavan> 2 months ago
ddeb931 : mm-video-v4l2: venc: Avoid processing ETBs/FTBs in invalid states <Praveen Chavan> 2 months ago
1071714 : DO NOT MERGE mm-video-v4l2: vdec: deprecate unused config OMX_IndexVendorVideoExtraData <Praveen Chavan> 3 months ago
3dd7332 : DO NOT MERGE mm-video-v4l2: venc: add safety checks for freeing buffers <Praveen Chavan> 9 weeks ago
cbc1231 : DO NOT MERGE mm-video-v4l2: vidc: validate omx param/config data <Praveen Chavan> 9 weeks ago
bb2d97a : DO NOT MERGE mm-video-v4l2: vdec: add safety checks for freeing buffers <Praveen Chavan> 9 weeks ago
70ff94f : mm-video-v4l2: vdec: modify max supported level on msm8976 <Maheshwar Ajja> 4 months ago
9a1699d : mm-video-v4l2: Fix default session priority handling <Surajit Podder> 4 months ago
92b55f1 : mm-video-v4l2: vdec: Enhance video resolution check <Arun Menon> 5 months ago
bbcbc18 : mm-video-v4l2: vdec: Error out if set format ioctl fails <Abdulla Anam> 4 months ago
e184bed : mm-video-v4l2: vdec: Decrement semaphore count in error case. <vasantha> 5 months ago
ff3940f : mm-video-v4l2: Return correct level support for 8956 <Surajit Podder> 4 months ago
1fd6df0 : mm-video-v4l2: vidc: vdec: handle ftbs during reconfig and port disable <Abdulla Anam> 5 months ago
e9bacff : mm-video-v4l2: venc: check for null pointer <Maheshwar Ajja> 5 months ago
a699a13 : mm-video-v4l2: vdec: set 24 fps framerate for 4k clips <Deepak Kushwah> 6 months ago
bc9e191 : mm-video-v4l2: vidc: Fix race condition with msg thread fd close <Shalaj Jain> 8 months ago
a860362 : mm-video-v4l2: vidc: update thread names <Ashray Kulkarni> 12 months ago
8e66146 : mm-video-v4l2: Add support for prefer adaptive playback extension <Shalaj Jain> 12 months ago
41a5cfd : mm-video: Adjust stride value for planar format <Surajit Podder> 1 year, 2 months ago
c40cf77 : mm-video: vidc: Reliably stop the message thread <Deepak Kushwah> 6 months ago
62f611d : Fix duplicated OMX.qcom.audio.decoder.aac entry <Keith Mok> 7 months ago
69d6d4b : media: Avoid collision with FFMPEG plugin <Steve Kondik> 6 months ago
610c356 : media: Use project pathmap <Ethan Chen> 6 months ago
dc1b1d4 : mm-video-v4l2: Unmap dropped output buffers <Surajit Podder> 7 months ago
78521c5 : Include kernel header dependency for libOmxVidcCommon <Divya Sharma> 8 months ago
f9c92f0 : mm-video-v4l2: vidc: venc: Fix hybrid HP layer count <Abdulla Anam> 9 months ago
a5dce41 : mm-video-v4l2: Enable get_param to check downscalar enablement <Surajit Podder> 8 months ago
e7743ae : mm-video-v4l2: venc: Add support to enhance hybrid Hier-p mode <Abdulla Anam> 8 months ago
75bc6a6 : mm-video-v4l2: vdec:  release buffer when qbuf to driver fails <Manikanta Kanamarlapudi> 9 months ago
cfeaf87 : mm-video-v4l2: Use client buffer header for FTB <Surajit Podder> 9 months ago
b6c736d : mm-video-v4l2: Disable intra refresh mode on msm8956/76 <Maheshwar Ajja> 9 months ago
a54c5d4 : mm-video-v4l2: vdec: fix fps issues in arbitrary mode <Ashray Kulkarni> 10 months ago
826ba8c : QCMetadata: add a new key for big buffers <Sidipotu Ashok> 9 months ago
ef3143a : QCMetadata: Add key for setBuffers API support <Manikanta Kanamarlapudi> 1 year, 1 month ago
f178e8b : mm-video-v4l2: venc: support all I frame encoding usecase. <Abdulla Anam> 9 months ago
bcf4fa3 : libstagefrighthw: Add header guard to QComOMXMetadata.h and fix file perms <Deva Ramasubramanian> 10 months ago
e2d287f : mm-video-v4l2: vdec: streamoff while freeing first output buffer <Balamurugan Alagarsamy> 1 year, 7 months ago
f0fc3d0 : mm-video: Disable downscalar for non-display usecase <Surajit Podder> 1 year ago
0997c8a : mm-video: Enable HEVC software encoder OMX component. <Manikanta Sivapala> 10 months ago
8bb96de : mm-video_v4l2: pass crop nWidth and nHeight in reconfig event. <Abdulla Anam> 10 months ago
afb1469 : mm-video-v4l2: Fix downscalar issue <Surajit Podder> 10 months ago
269f6cd : mm-video-v4l2: Fix crash due to divide by zero <Surajit Podder> 10 months ago
c14558c : mm-video-v4l2: venc: initialize the member variables <Maheshwar Ajja> 10 months ago
99c2455 : mm-video-v4l2: vdec: Fix closing of file descriptor "0" <Deepak Kushwah> 10 months ago
b4d0e38 : mm-video-v4l2: venc: limit pixels value in input buffers. <Abdulla Anam> 10 months ago
1202ebd : mm-video_v4l2: pass crop nWidth and nHeight in reconfig event. <Abdulla Anam> 10 months ago
1fc82f0 : mm-video: Disable downscalar for non-display usecase <Surajit Podder> 1 year ago
6ecc67f : mm-core: update vpp related structures and enums. <Abdulla Anam> 10 months ago
56c0a51 : mm-video-v4l2: vidc: venc: fix CTS issues in vp8 encoder <Maheshwar Ajja> 10 months ago
1fe6770 : mm-core: update vpp related structures and enums. <Abdulla Anam> 10 months ago
 
**** cm:CyanogenMod/android_hardware_qcom_media ****
05beae8 : venc: Disable building vqzip into the encoder for OSS <Ricardo Cerqueira> 2 weeks ago
0444f03 : Revert "venc: use libOmxVenc as blob" <Chao Chen> 13 days ago
d92e6d9 : mm-video-v4l2: venc: Avoid processing ETBs/FTBs in invalid states <Praveen Chavan> 2 months ago
726dddc : mm-video-v4l2: vdec: Avoid processing ETBs/FTBs in invalid states <Praveen Chavan> 2 months ago
219d27a : venc: use libOmxVenc as blob <Matt Wagantall> 4 months ago
5ae7676 : mm-video-v4l2: vdec: Update the buffer size after g_fmt <Vikash Garodia> 7 weeks ago
85372cd : mm-video-v4l2: vidc: vdec: Change DPB mode to combined for VP9 <Praneeth Paladugu> 9 weeks ago
45e8530 : mm-video-v4l2: Pass stride and scanlines with reconfig event <Abdulla Anam> 9 weeks ago
accaaf8 : mm-video-v4l2: vdec: DPB mode to split for CPU access of buffers <Praneeth Paladugu> 3 months ago
4925114 : mm-video-v4l2: vdec: deprecate unused config OMX_IndexVendorVideoExtraData <Praveen Chavan> 3 months ago
d4f4cdf : mm-video-v4l2: venc: add safety checks for freeing buffers <Praveen Chavan> 3 months ago
a797942 : mm-video-v4l2: vidc: validate omx param/config data <Praveen Chavan> 3 months ago
8c6b30e : mm-video-v4l2: vdec: add safety checks for freeing buffers <Praveen Chavan> 3 months ago
8943d96 : mm-video-v4l2: vidc: vdec: Add support for Output crop extra data <Arun Menon> 4 months ago
d39458f : mm-video-v4l2: vidc: Restore pixel format on capture plane <Kim Zhang> 10 weeks ago
73699c1 : mm-video-v4l2: Pointer null check before deferencing it <Deepak Kushwah> 6 months ago
b107003 : mm-video-v4l2: vidc: validate omx param/config data <Praveen Chavan> 3 months ago
d77c4a9 : mm-video-v4l2: vdec: deprecate unused config OMX_IndexVendorVideoExtraData <Praveen Chavan> 3 months ago
4802a3d : mm-video-v4l2: vidc: vdec: Add Extra data size during update_portdef <Arun Menon> 3 months ago
20f4efa : mm-video-v4l2: vidc: venc: Fix VQZIP issues <Praneeth Paladugu> 3 months ago
ace6a48 : mm-video-v4l2: vdec: Call vidioc_g_fmt to get updated buffer size <Arun Menon> 3 months ago
538225b : mm-video-v4l2: vdec: Malloc failure handling in memory prefetch <Rohit Kulkarni> 3 months ago
2a3c3fc : mm-video-v4l2: vidc: venc: Fix rotation issue <Praneeth Paladugu> 3 months ago
c1c9a54 : mm-video-v4l2: vdec: Add support for prefetching secure memory <Shalaj Jain> 5 months ago
cdd8a4b : mm-video-v4l2: vdec: add safety checks for freeing buffers <Praveen Chavan> 3 months ago
bd10da8 : mm-video-v4l2: venc: add safety checks for freeing buffers <Praveen Chavan> 4 months ago
c59fcaa :  mm-video-v4l2: vidc: HEVC Main10 profile support <Rohit Kulkarni> 4 months ago
56dd269 : mm-video: vidc: Squashed changes for component <Praneeth Paladugu> 4 months ago
347b90c : libc2dcolorconvert: refer c2d header from display <Praveen Chavan> 2 years, 2 months ago
14a416b : mm-video-v4l2: vdec: Increase buffer count to support high fps <Arun Menon> 6 months ago
6316605 : vidc: Fix makefiles <Steve Kondik> 1 year, 2 months ago
416ba49 : mm-video-v4l2: vidc: vdec: skip enabling S3D extra data for secure session <Srinu Gorle> 1 year, 3 months ago
5f4d49f : mm-video-v4l2: vidc: vdec: Add support for S3D metadata <Ashray Kulkarni> 1 year, 5 months ago
a53124e : mm-core: Fix compilation issue to erratic string constant <Amit Shekhar> 10 months ago
a7f1dda : mm-video-v4l2: vidc: venc: Fix rotation issue for 180 degrees <Praneeth Paladugu> 8 months ago
48fa270 : mm-video-v4l2: vidc: venc: Fix profile and level setting issue <Praneeth Paladugu> 6 months ago
18cb781 : mm-video-v4l2: vidc: venc: Add support for low latency mode <Ashray Kulkarni> 9 months ago
db7937a : mm-video: vidc: memset struct v4l2_format prior to S_FMT <Deva Ramasubramanian> 6 months ago
8895985 : mm-video-v4l2: vidc: vdec: Add property to disable UBWC for OPB <Arun Menon> 7 months ago
755ec08 : mm-video-v4l2: vidc: Do not queue output buffer if flush is in progress <Arun Menon> 7 months ago
3ac8410 : mm-video: vidc: Reliably stop the message thread <Praveen Chavan> 7 months ago
7e3007c : mm-video: vidc: Communicate the right colorformat to the driver <Deva Ramasubramanian> 7 months ago
d84d430 : media: Avoid collision with FFMPEG plugin <Steve Kondik> 2 years, 2 months ago
c11ffc6 : mm-video-v4l2: vdec: fix picture type decode mode return status <Srinu Gorle> 7 months ago
0a5ff49 : mm-video-v4l2: vidc: venc: Fix 601 to 709 color conversion issue <Arun Menon> 7 months ago
295515f : mm-video-v4l2: vidc: venc: Bug fixes for VZIP <Praneeth Paladugu> 7 months ago
8ba01d1 : media: Use project pathmap <Ethan Chen> 1 year, 4 months ago
685fc85 : mm-video-v4l2: venc: Initialize all members of encExtradata class <Vinay Kalia> 7 months ago
be989ef : audio: Add entry for ALAC/APE software component <Preetam Singh Ranawat> 7 months ago
ab3e6cf : Include kernel header dependency for libOmxVidcCommon <Divya Sharma> 8 months ago
 
**** cmold:android_kernel_htc_msm8960 ****
7c10333 : HID: hiddev: validate num_values for HIDIOCGUSAGES, HIDIOCSUSAGES commands <Scott Bauer> 11 days ago
 
**** cmold:android_kernel_htc_msm8974 ****
bed51e9 : HID: hiddev: validate num_values for HIDIOCGUSAGES, HIDIOCSUSAGES commands <Scott Bauer> 11 days ago
 
**** cmold:android_kernel_htc_msm8994 ****
1be87e7 : HID: hiddev: validate num_values for HIDIOCGUSAGES, HIDIOCSUSAGES commands <Scott Bauer> 11 days ago
 
**** github:wyldstallyns/nighthawk_kernel_bullhead ****
c441a5b : Create elementalx_defconfig <varchild> 3 days ago
 
**** cmold:android_kernel_lge_g3 ****
7a6b127 : HID: hiddev: validate num_values for HIDIOCGUSAGES, HIDIOCSUSAGES commands <Scott Bauer> 11 days ago
 
**** vanir:kernel_lge_msm8974 ****
f8e6309 : HID: hiddev: validate num_values for HIDIOCGUSAGES, HIDIOCSUSAGES commands <Scott Bauer> 11 days ago
 
**** cmold:android_kernel_samsung_d2 ****
39c92c3 : HID: hiddev: validate num_values for HIDIOCGUSAGES, HIDIOCSUSAGES commands <Scott Bauer> 11 days ago
 
**** cmold:android_kernel_samsung_mondrianwifi ****
9271829 : HID: hiddev: validate num_values for HIDIOCGUSAGES, HIDIOCSUSAGES commands <Scott Bauer> 11 days ago
88a9c59 : video: mdss: Color temperature interface using PCC <Steve Kondik> 1 year, 5 months ago
 
**** vanir:kernel_samsung_smdk4412 ****
d30f8df : net: validate the range we feed to iov_iter_init() in sys_sendto/sys_recvfrom <Al Viro> 1 year, 4 months ago
21d10cf : HID: hiddev: validate num_values for HIDIOCGUSAGES, HIDIOCSUSAGES commands <Scott Bauer> 11 days ago
f2b2129 : KEYS: potential uninitialized variable <Dan Carpenter> 6 weeks ago
0e4a159 : mnt: Fail collect_mounts when applied to unmounted mounts <Eric W. Biederman> 1 year, 6 months ago
fffeac7 : ARM: EXYNOS: silence watchdog log spam <Simon Shields> 3 weeks ago
 
**** cmold:android_kernel_sony_msm8x27 ****
5e04b39 : thermal: return an error on failure to register thermal class <Richard Guy Briggs> 3 years, 5 months ago
2746ed9 : Bluetooth: Replace %p with %pK <Dibyendu Roy> 3 months ago
 
**** vanir:platform_manifest ****
6d226c8 : Add legacy audio hal for sony <DHOMD> 4 days ago
 
**** vanir:packages_apps_CarrierConfig ****
ad2308f : feijao: Set voicemail's notification persistent. <Ankit Gupta> 5 days ago
 
**** vanir:packages_apps_CellBroadcastReceiver ****
2126a2f : Use of SubId inplace of SlotId in CellBroadcastReceiver <Sridhar Dubbaka> 8 months ago
9d5aa27 : Add Msim support for Service State intent in CB receiver <Sridhar Dubbaka> 10 months ago
7a76013 : Regional: Support Channel 60 switch in CellBroadcast <Sridhar Dubbaka> 10 months ago
1389da5 : Fix duplicate detection for ETWS primary and secondary notifications. <Sridhar Dubbaka> 9 months ago
 
**** vanir:packages_apps_Contacts ****
6ecb91a : Contacts metrics: corrected parsed timestamp values <Erica Chang> 5 days ago
04561ba : Contacts metrics: flip contacts merge order since they have dependency <Erica Chang> 5 days ago
 
**** vanir:packages_apps_Dialer ****
8e281d6 : Added permission READ_PRIVILEGED_PHONE_STATE. <Shammi Khattar> 7 months ago
 
**** cm:CyanogenMod/android_packages_apps_Gello ****
2c40f6b : Gello: nuke unused/broken localized search engines <Joey Rizzoli> 4 days ago
 
**** vanir:packages_apps_InCallUI ****
cde32f3 : IMS-VT: Fix for auto fullscreen issue during UI rotation. <Muhammed Siju> 4 months ago
5a7ea94 : Fix display 'null' for geocoder location <Mengjun Leng> 7 months ago
5227cbd : Add rtl support to GlowPadView <Shaoxu Liu> 7 months ago
f71be91 : Fix to incall screen for incoming call <Ravindra> 8 months ago
 
**** cm:CyanogenMod/android_packages_apps_Messaging ****
e063271 : Remove identifier that causes warnings under OpenJDK 8 compiler <Neil Fuller> 7 months ago
 
**** vanir:packages_apps_Settings ****
69e6746 : Telephony(MSIM): Fix ANR on SIM deactivation <Venkatraman Nerellapalli> 6 months ago
f79f08e : Fix to enable data for non-dds sub. <Ravindra> 3 months ago
b3906b4 : IMS: Set Wifi calling preference to Wifi preferred by default <Benergy Meenan Ravuri> 5 months ago
0dbd029 : Wi-Fi: Do not display the not scanned saved networks forever <Nalla Kartheek> 8 months ago
403f50c : Don't start auto scan if screen recovers from frozen state <venkata Jagadeesh> 8 months ago
d0f59be : Fix mcc-mnc population issue in apn editor <Susheel nyamala> 8 months ago
7975c8e : Update OperatorInfo in Simstatus settings for correct subid <Sridhar Dubbaka> 9 months ago
6b63386 : Grey out PIN1 enable/disable option when SUB is not ready <Ruthwar Kumar Ambeer> 9 months ago
d7d6c6d : Bluetooth : Handle SQL memory situation during OPP. <Sravan Kumar V> 10 months ago
e40a0c5 : fingerpint: Allow devices to configure sensor location <d34d> 11 days ago
 
**** cm:CyanogenMod/android_packages_apps_Snap ****
f5c6dd5 : Snap: Fix name for OnePlus 3 resolution <dianlujitao> 5 days ago
 
**** vanir:packages_apps_soundrecorder ****
c8b4cf4 : Add Bluetooth sound recording <Khalid Zubair> 4 days ago
 
**** vanir:packages_apps_Stk ****
f983c8e : Do not go Fullscreen in StkInputAcvtivity. <Rakesh Pallerla> 5 months ago
e1ec2cc : Fix the notification cancel during SIM refresh. <Umashankar Godachi> 3 months ago
dec7400 : MSIM: Add MSIM support for language selection event. <Ravindra> 5 months ago
6dd1eb9 : Send slotId in message for OP_STOP_TONE <Wileen Chiu> 4 months ago
7757426 : Add intent to send STK app name <Paramananda Pradhan> 1 year, 6 months ago
 
**** vanir:packages_providers_TelephonyProvider ****
057cbb3 : TelephonyProvider: Add CDMA call forwarding/waiting function <Richard LIU> 1 year, 7 months ago
615e785 : Merge regional apns to telephony db <Susheel nyamala> 1 year, 2 months ago
2ab318f : Fix Mms failures due to wrong numeric <Susheel nyamala> 8 months ago
09632e8 : [CellBroadcast Alerts] : Enable CMAS Test alerts <Sridhar Dubbaka> 9 months ago
1752a04 : [TelephonyProvider]: Add Channel 60 support <Sridhar Dubbaka> 10 months ago
 
**** cm:CyanogenMod/android_packages_providers_ThemesProvider ****
37c4dd0 : Cleanup icon preview generation code <d34d> 11 days ago
 
**** vanir:packages_screensavers_Basic ****
43c7edb : Avoid potential NPE when tearing down LLS <d34d> 3 days ago
 
**** vanir:packages_services_Telecomm ****
a154eed : DO NOT MERGE - Restrict ability to add call based on device provision status <Hall Liu> 5 months ago
50c5860 : Fix to prevent NPE <Ravindra> 6 months ago
a5ee9a7 : Remove TONE_SUPERVISORY_CH <Sandeep Kunta> 5 months ago
95a3e66 : Fix a bug where conference call does not automatically resume. <Shriram Ganesh> 7 months ago
bce16cb : Fix disabled merge button on conference failure. <Shriram Ganesh> 7 months ago
51fed81 : Fix sound output from headset when switching speaker to BT <Mengjun Leng> 7 months ago
 
**** vanir:packages_services_Telephony ****
2db4d87 : Telephony: Handle PIN locked sim slot swapping between boots. <Adnan Begovic> 6 days ago
f1826d8 : Fix updating FDN using uri without subId issue <Qiang Chen> 5 months ago
8ff8c84 : Mms: Fix SMS is not sent in ECBM unless click send again <wangjing> 1 year, 3 months ago
865ab32 : Add "FDN service is not available" toast message <Umashankar Godachi> 2 years, 7 months ago
d34b5c3 : SEEK: Change security check for getAtrUsingSubId <Wileen Chiu> 8 months ago
9bfe715 : IMS-VT: Conf: Propagate call extras to UI. <Garik Badalyan> 8 months ago
95d94df : Set APM mode property for RIL to access. <Rakesh Pallerla> 9 months ago
 
**** vanir:system_core ****
dd08664 : healthd: Support new PD and USB Type C types <Benson Leung> 9 months ago
d68de66 : Copy the ETB dumps and maps file to /data/core <Maunik Shah> 10 months ago
00c551e : Don't use global variable in libnetutils. <sanketk> 1 year, 1 month ago
 
**** cm:CyanogenMod/cm_platform_sdk ****
d4bc9d3 : cmsdk: Update README. <Adnan Begovic> 3 days ago
b62a455 : cmsdk: Create brokerablecmsystemservice concept. <Adnan Begovic> 13 days ago
551b377 : cmsdk: Factor CMSystemServiceHelper to common. <Adnan Begovic> 10 days ago
50571ba : Apply active profile if user enables system profiles <Luis Vidal> 7 days ago
 
**** vanir:vendor_lge ****
8177653 : hammerhead: remove unused libqt-opt.so <razorloves> 6 days ago
939c9ef : Hammerhead: one last deodex fix <razorloves> 7 days ago
69a56d8 : Hammerhead: Fix one more deodex derp <razorloves> 7 days ago
 
**** github:TheMuppets/proprietary_vendor_oppo ****
4902e0b : msm8939: Remove unused tfa9890 calibration blobs <Michael Bestas> 4 days ago
138525a : Initial r7sf blobs <Michael Bestas> 2 days ago
 
**** vanir:vendor_samsung ****
7f0da11 : kltevzw: Update to MM blobs <Kevin F. Haggerty> 3 weeks ago
d9e55d0 : mondrianwifi: Update adreno drivers to the June 2016 qcom release <Christopher R. Palmer> 3 days ago
 
**** vanir:vendor_vanir ****
d114907 : run modified fingerprint updater <nuclearmistake> 3 days ago
cc516ac : Drop problematic conditionals when updating fingerprints <nuclearmistake> 3 days ago
c3a91db : fix lettuce? <nuclearmistake> 3 days ago
 
