
**** vanir:bootable_recovery ****
50ff158 : recovery: Add wipe system partition option <Michael Bestas> 2 months ago
 
**** vanir:bootable_recovery-aosp ****
ec4df63 : Fix integer overflows in recovery procedure. <Yabin Cui> 7 weeks ago
 
**** vanir:bootable_recovery_TWRP ****
b894cd2 : Update hungarian translation <Wechy77> 2 days ago
30f0c22 : translate install reboot option to dutch <thecrazyskull> 2 days ago
 
**** vanir:build ****
d193f7f : Hacks <DHOMD> 7 months ago
375268c : build: add cmts config to global build <Khalid Zubair> 5 weeks ago
f994a23 : qcom: Allow usage of default QC HAL paths <Ethan Chen> 10 days ago
85fe638 : Preventing default locale from being overridden because of buildinfo.sh <Abhishek G> 3 days ago
 
**** cm:CyanogenMod/android_device_cyanogen_msm8939-common ****
5082654 : msm8939: Disable scheduler inputs for interactive <Zhao Wei Liew> 4 weeks ago
 
**** cm:CyanogenMod/android_device_htc_hiae-common ****
9c8ab5f : hiae: amp: Disable TFA9895 DSP mode <Ethan Chen> 33 hours ago
 
**** vanir:device_lge_bullhead ****
455aa7d : bullhead: MHC19Q <Jake Whatley> 35 hours ago
 
**** cm:CyanogenMod/android_device_lge_hammerhead ****
c9e993e : hammerhead: Change mount flags for f2fs <myfluxi> 3 months ago
5864cbe : hammerhead: Enable doze mode <myfluxi> 3 months ago
63302ae : hammerhead: enable doze power saving mode <beanstown106> 5 weeks ago
 
**** cm:CyanogenMod/android_device_lge_mako ****
48a7d8d : Snap: Disable ZSL <Abhisek Devkota> 13 days ago
 
**** vanir:device_moto_shamu ****
4e917f3 : shamu: Update fingerprint to MMB29X <Elektroschmock> 9 hours ago
 
**** cm:CyanogenMod/android_device_motorola_lux ****
d3ffb11 : Revert "lux: init: persist.radio.plmn_name_cmp=1 once for all, again" <DHOMD> 2 hours ago
f3fdf89 : lux: PowerHAL: don't reconfigure big cluster governor for power save <Sultan Qasim Khan> 32 hours ago
6f66aa2 : lux: PowerHAL: update for ClusterPlug 2 <Sultan Qasim Khan> 6 days ago
 
**** vanir:device_motorola_msm8226-common ****
95db773 : Automatic translation import <Michael Bestas> 2 days ago
 
**** cm:CyanogenMod/android_device_motorola_msm8610-common ****
7302d22 : msm8610-common: fix missing newline at EOF <Sultan Qasim Khan> 24 hours ago
2cbd288 : msm8610-common: Put the year 2016 on makefiles programmatically <akxt1022> 2 days ago
 
**** vanir:device_motorola_msm8916-common ****
b9d37c1 : msm8916-common: Update CMHW implementation of vibration control <Alberto97> 2 days ago
2086521 : Automatic translation import <Michael Bestas> 2 days ago
 
**** vanir:device_motorola_omap4-common ****
ce1e36e : Automatic translation import <Michael Bestas> 2 days ago
 
**** vanir:device_motorola_qcom-common ****
fdb1320 : qcom-common: Remove mm-parser and dependencies <nadlabak> 6 days ago
d572c1f : Automatic translation import <Michael Bestas> 2 days ago
 
**** cm:CyanogenMod/android_device_motorola_victara ****
b558bf5 : Automatic translation import <Michael Bestas> 2 days ago
 
**** vanir:device_oppo_common ****
3663d1d : Automatic translation import <Michael Bestas> 2 days ago
 
**** cm:CyanogenMod/android_device_oppo_msm8974-common ****
8448d02 : msm8974: init: Set permissions for dynamic FPS <Michael Bestas> 32 hours ago
 
**** vanir:device_samsung_jf-common ****
ad89300 : jf: Update cpu boost parameters <Zhao Wei Liew> 7 days ago
b238cf3 : Revert "jf: add usb charging mode" <srisurya95> 2 weeks ago
0b10cd5 : jf: Remove deprecated crda init script <Zhao Wei Liew> 8 days ago
db76795 : jf: Remove debugfs mounting <Steve Kondik> 4 weeks ago
2c00391 : jf: Update TCP performance tuning <Zhao Wei Liew> 7 days ago
a5f5a93 : jf: Configure power modes for recovery <Zhao Wei Liew> 8 days ago
daf1773 : jf: Reduce boot time <Steve Kondik> 2 months ago
 
**** vanir:device_samsung_klte-common ****
ee78866 : klte-common: Update TCP performance from CAF <OzzysCmAcc> 3 days ago
f352cc6 : klte-common: remove deprecated init script <OzzysCmAcc> 3 days ago
5f0c899 : klte-common: remove mounting debugfs <OzzysCmAcc> 3 days ago
 
**** vanir:device_samsung_kltevzw ****
29e9be7 : kltevzw: update system.prop <Kevin F. Haggerty> 26 hours ago
fd61fd0 : kltevzw: Update partition sizes and allow flash with klte recovery <Kevin F. Haggerty> 26 hours ago
0df2f31 : kltevzw: Convert init extension to C++ <Kevin F. Haggerty> 26 hours ago
cad6fd6 : kltevzw: Update NFC config files and product packages <Kevin F. Haggerty> 26 hours ago
3f94eef : kltevzw: Expose the APN settings menu <Kevin F. Haggerty> 26 hours ago
d70ab6b : kltevzw: define radio access family <Kevin F. Haggerty> 26 hours ago
 
**** vanir:device_samsung_kona-common ****
337f712 : kona : fstab <RGIB> 2 days ago
db70d22 : kona : MM sepolicy <RGIB> 4 days ago
 
**** vanir:device_samsung_qcom-common ****
fc0b187 : Automatic translation import <Michael Bestas> 2 days ago
 
**** cm:CyanogenMod/android_device_sony_nicki ****
ba18b96 : nicki: Enable call recording <RonGokhale> 19 hours ago
02c956f : nicki: Increase volume of multiple UCD <RonGokhale> 4 days ago
 
**** cm:CyanogenMod/android_external_openssh ****
3c974ed : _PATH_SSH_PROGRAM should point to ssh not sftp - this fixes scp <Andy Pilate> 3 days ago
 
**** vanir:external_stagefright-plugins ****
9948eb3 : stagefright-plugin: Allow playback video with negative timestamp <Keith Mok> 6 weeks ago
a6cec7d : Revert "stagefright-plugins: Fix timestamp calculation" <Keith Mok> 2 days ago
 
**** vanir:frameworks_av ****
e13b58b : audio: Send effect session notifications after startOutput success <Steve Kondik> 4 days ago
 
**** vanir:frameworks_base ****
f8d9e89 : Lockscreen target fixes <Danesh M> 29 hours ago
71dec8d : Fix typo in RankingHelper. <You Kim> 21 hours ago
f39d0b0 : SettingsProvider: fix build for volume adjust sound to be overlayed <Christopher R. Palmer> 26 hours ago
89c3e36 : SettingsProvider: Allow default volume adjust sound to be overlayed. <Ankit Gupta> 7 weeks ago
9ce1a95 : com.android.cts.appsecurity.AdoptableHostTest may trigger below dead lock in system_server in the board with external adoptable storage as below stack: <guoyin.chen> 2 weeks ago
967f4ad : Automatic translation import <Michael Bestas> 2 days ago
 
**** vanir:frameworks_opt_net_ims ****
3e691ae : Volte: add volte feature system property and api's. <Francis Guevarra> 6 weeks ago
 
**** vanir:frameworks_opt_telephony ****
082ca0b : telephony: Improve compatibility for older DSDS stacks <Christopher R. Palmer> 4 days ago
75cc911 : Volte: set volte feature enable in ImsManager when Volte service is updated <Francis Guevarra> 6 weeks ago
 
**** cm:CyanogenMod/android_hardware_qcom_audio ****
886c244 : hal: remove explicit direct pcm usecase <vivek mehta> 7 months ago
f6cd4f7 : hal: stop sound trigger buffering during close <Mingming Yin> 3 months ago
4fb2812 : hal: don't allow track offload if there's active sw effect <Weiyin Jiang> 6 weeks ago
bfe1cc3 : hal: Fix 44.1Khz playback when native support is not enabled <Amit Shekhar> 3 months ago
dc520bc : libaudiopolicymanager: DirectPCM: fix 44.1 clip playing noisy issue <vivek mehta> 4 months ago
b73a764 : audio: Extend platform parser to allow device name aliasing <Ethan Chen> 1 year, 7 months ago
64387ed : hal: Fix voice call recording <solk2> 1 year, 7 months ago
91c7d6b : hal: Fix digital USB headset combo device <Steve Kondik> 1 year, 7 months ago
be6fdfc : hal: Clean up compilation warnings <Steve Kondik> 1 year, 4 months ago
13ba1b4 : hal: Add support for audio amplifier HAL <Ethan Chen> 2 years, 11 months ago
381b7a0 : audio: Configure CM default feature set <Steve Kondik> 1 year, 4 months ago
b25084a : hal: Allow building hardware audio encoders <Arne Coucheron> 1 year, 2 months ago
f48de3d : audio: Use project pathmap <Ethan Chen> 4 months ago
1362fc7 : audio: Only allow non-legacy HAL <Ethan Chen> 4 months ago
b5b6d33 : hal: Update format table with AAC ADTS formats. <Ashish Jain> 5 months ago
102616d : HAL: Identify the track offload session <Sharad Sangle> 4 months ago
d7eaf2b : HAL: Identify Track offload session <Alexy Joseph> 5 months ago
8c21ad7 : Merge DAX2 changes <Gao Jie> 5 months ago
12467a1 : hal: Use AUDIO_TX_MONO_COPP topology for incall record usecases <Karthik Reddy Katta> 5 months ago
 
**** cm:CyanogenMod/android_hardware_qcom_audio ****
624f14f : hal: allow compress voip on raw output streams <Scott Mertz> 2 days ago
 
**** cm:CyanogenMod/android_hardware_qcom_display ****
7b9a3a1 : hwc/overlay: Validate cursor position in hwc_setPositionAsync <Baldev Sahu> 6 weeks ago
4c401f0 : hwc: Fix sanitize ROI func <Ramakant Singh> 9 weeks ago
6dab9c9 : hwc: Apply Default Mode on real framework start <Sravan Kumar D.V.N> 9 weeks ago
732b9ac : qdutils: Correct the hwc-driver mismatch <Ramakant Singh> 9 weeks ago
f1e2905 : hwc: remove local constant DISPLAY_ATTRIBUTES list <Ramakant Singh> 2 months ago
a74edfb : hwc: Remove references to display-frameworks <Ethan Chen> 3 months ago
c7cce05 : hwc: Fix compile errors after display-frameworks removal <Arne Coucheron> 3 months ago
b375570 : hwc: Support for QDCM Preference when PU enabled <Nitesh Gupta> 4 months ago
cc1ec84 : hwc: Set ioprio for vsync thread <Steve Kondik> 7 months ago
7516867 : Don't build lights module if vendor supplies it <Steve Kondik> 1 year, 5 months ago
730d245 : Revert "hqd: Use MSM_VIDC_TARGET_LIST for Venus color format" <Ethan Chen> 4 months ago
bc1215a : display: Use project pathmap <Ethan Chen> 1 year, 5 months ago
c324d73 : hwc: Set DefaultMode after bootup completion <Ramakant Singh> 4 months ago
8a6e7c9 : gralloc: Add a private flag for INTERNAL only <Arun Kumar K.R> 7 months ago
394c830 : hwc: Donot update dynamic-fps when device is not active <Ramakant Singh> 6 months ago
8f21571 : hwc: Do not wait for MDSS fence for layers with rotation <Dileep Kumar Reddi> 6 months ago
d2c5ca0 : hwc: Start with ROI set to destination <Arun Kumar K.R> 6 months ago
9ef4d8c : hwc: Set minfps as part of timeout_handler during idlefallback <Ramakant Singh> 6 months ago
0d616ba : Revert "hwc: Relax format change restrictions for certain targets" <Dileep Kumar Reddi> 6 months ago
213ead5 : Default flexible YUV format to NV21 <Tanmaya Godbole> 8 months ago
ed75fdb : hwc: Reset refresh-rate for few cases as part of timeout handler <Dileep Kumar Reddi> 6 months ago
56ed396 : gralloc: Add support for PRIV_FLAGS_DISP_CONSUMER <Surajit Podder> 10 months ago
a2d5295 : hwc: Support ActionSafe on targets with non-scaling RGB pipes. <Sandeep Panda> 7 months ago
248378d : gralloc: Use adreno_utils api for NV21 and NV12 alignment <Sushil Chauhan> 7 months ago
037d21d : hwc: Use basePipe for fullscreen and opaque layer <Pullakavi Srinivas> 7 months ago
77ec4ef : gralloc: Modify check for uncompressed RGB buffers <Naomi Luis> 7 months ago
449fbe0 : hwc: Use aligned width and height <Dileep Kumar Reddi> 7 months ago
02dbc50 : Revert "HWC: use aligned width and height for rearranging ROI" <Dileep Kumar Reddi> 7 months ago
cd7217a : hwc: Support ActionSafe on targets with non-scaling RGB pipes. <Sandeep Panda> 7 months ago
eed742d : overlay: add tertiary display definition in overlay <Vinu Deokaran> 7 months ago
a029479 : hwc: Validate display ID in hwc interface <Arun Kumar K.R> 7 months ago
09441c1 : gralloc: Add missing changes related to RAW16 <Raj Kamal> 8 months ago
7ea10c5 : hwc: Use basePipe for fullscreen and opaque layer <Pullakavi Srinivas> 7 months ago
c039f6e : hwc: Use aligned width and height <Dileep Kumar Reddi> 7 months ago
60cbe72 : Revert "HWC: use aligned width and height for rearranging ROI" <Dileep Kumar Reddi> 7 months ago
2e918bf : hwc: Avoid idlefallback during video playback <Raj Kamal> 8 months ago
fbe5a60 : HWC: use aligned width and height for rearranging ROI <Dileep Kumar Reddi> 8 months ago
597b313 : hwc: Featurize HWC_DISPLAY_SECURE <Raj Kamal> 8 months ago
eb4d7a6 : hwc: Use HWC_DISPLAY_NO_ATTRIBUTE as terminator. <Prabhanjan Kandula> 8 months ago
410ba7c : hwc : Normalize source crop before validating scaling limits. <Prabhanjan Kandula> 8 months ago
95fef31 : hwc: Relax format change restrictions for certain targets <Dileep Kumar Reddi> 8 months ago
42a1c98 : hwc: Changes for display-hal compilation with QTI_BSP enabled <Ramakant Singh> 8 months ago
c772eec : hwc: Do not use Borderfill pipe for composition in WFD <Dileep Kumar Reddi> 8 months ago
e5268fd : hwc/overlay: Pass handle w/h and crop w/h through fb_image field <Arun Kumar K.R> 9 months ago
5d39f02 : hwc: Log warning instead of mHDMIClient object not available <Dileep Kumar Reddi> 8 months ago
55b3489 : hwc: Ignore float-conversion for included headers <Naseer Ahmed> 8 months ago
82fe9c6 : hwc: Do not consider rotation for smart blit <Ramakant Singh> 9 months ago
dd689ff : hwc: Do not create idle invalidator for MDP3 targets <Dileep Kumar Reddi> 8 months ago
c58836b : hwc: Align ROI's width and height in both directions <Dileep Kumar Reddi> 8 months ago
19f2250 : hwc: Fix SF crash due to SIGSEGV error <Raj Kamal> 9 months ago
 
**** cm:CyanogenMod/android_hardware_qcom_display ****
17f2d38 : Don't build lights module if vendor supplies it <Steve Kondik> 1 year, 5 months ago
420cc3a : msm8996: remove unused qcom features <Scott Mertz> 4 months ago
5bdcfa4 : Additional pathmap & build fixes <Scott Mertz> 4 months ago
e80bb52 : display: Use project pathmap <Ethan Chen> 1 year, 5 months ago
e04e869 : Remove usage of MASTER_SIDE_CP_TARGET_LIST <Scott Mertz> 4 months ago
3fd7d00 : Revert "hqd: Use MSM_VIDC_TARGET_LIST for Venus color format" <Scott Mertz> 4 months ago
99aa8ca : sdm: Fix uninitialized HWLayers object <Saurabh Shah> 4 months ago
572b2bf : sdm: Do not copy surfaceDamage rects for SKIP layers <Sushil Chauhan> 4 months ago
074314d : gralloc: Add support for PRIV_FLAGS_DISP_CONSUMER <Surajit Podder> 10 months ago
8f8f6c7 : sdm : Add support for dynamic BW limit management <Prabhanjan Kandula> 6 months ago
83a945b : libqdutils: Refer to standard definitions for display types. <Dileep Marchya> 5 months ago
f29ff14 : sdm: Fix buffer overflow <Manoj Kumar AVM> 5 months ago
99ef378 : sdm: HWDevice: Set correct HWDisplayMode <Arun Kumar K.R> 5 months ago
ddca4e7 : sdm: Remove unused function in rect utility <Manoj Kumar AVM> 5 months ago
8d22bad : sdm: Fix memory leaks. <Dileep Marchya> 5 months ago
1c3f9a3 : hwc: Handle SBM operation set for all layers <Saurabh Shah> 5 months ago
b8067a4 : qdMetadata: Use uint32_t instead of bool <Saurabh Shah> 5 months ago
a0db84b : sdm: hdmi: Set the default grayscale value to RGB888 <Tatenda Chipeperekwa> 6 months ago
e94e78c : sdm: Add bandwidth and clock members <Sushil Chauhan> 8 months ago
959863b : sdm: Update HWPanelInfo during primary resolution switch <Sushil Chauhan> 5 months ago
b8ecfbf : display: Enable clang for all display modules <Naseer Ahmed> 5 months ago
63e8c95 : sdm: Source crop top needs adjustment for interlaced <Sushil Chauhan> 5 months ago
f1c8357 : sdm: Remove closing of fd during Sync operations <Manoj Kumar AVM> 5 months ago
44e2be1 : sdm: Do not process blit configuration for zero app layers. <Dileep Marchya> 5 months ago
61ef29b : sdm: Add support for single buffer layers <Saurabh Shah> 6 months ago
a816961 : sdm: Use FB resolution for virtual display <radhakrishna> 6 months ago
a0394ad : qdMetaData: Remove unused metadata fields. <Arun Kumar K.R> 5 months ago
50ff0bb : sdm: Panel name retrieval support <Dileep Marchya> 6 months ago
95f8368 : gralloc/metadata: Add support for single buffer mode <Saurabh Shah> 6 months ago
d7131e6 : sdm: Add support for UBWC in C2D <radhakrishna> 6 months ago
67c1f90 : sdm: Allow draw cycle in doze state. <Dileep Marchya> 5 months ago
5fb6d40 : sdm: Perform GPU target layer validation. <Manoj Kumar AVM> 6 months ago
226646c : sdm: Populate correct WB index for virtual <radhakrishna> 6 months ago
3edaf83 : sdm: Read rotator capabilities from driver <radhakrishna> 6 months ago
492ab99 : sdm: Fix ROI and Split info in SF dumpsys <Sushil Chauhan> 6 months ago
a9fb396 : sdm: Remove buffer format validation from hwc wrapper. <Ramkumar Radhakrishnan> 6 months ago
76750f2 : sdm: Add support for YCbCr420 Semiplanar format <Ramkumar Radhakrishnan> 6 months ago
bddb952 : gralloc: Use only metadata for color space <Saurabh Shah> 6 months ago
4a31ec4 : sdm: Make premultiplied as default blending <Saurabh Shah> 6 months ago
e1f01dd : sdm: Flush after first successful commit only. <Dileep Marchya> 6 months ago
1a7e1f1 : sdm: Add support for IGC. <Dileep Marchya> 7 months ago
9b99074 : sdm: Fix memory leaks. <Dileep Marchya> 6 months ago
ec8fe35 : sdm: Fix HDMI & virtual display concurrency. <Dileep Marchya> 6 months ago
d433464 : sdm: Add interface to consider rotator during scaling validation. <Ramkumar Radhakrishnan> 6 months ago
a5b764f : sdm: Add support for minimum encryption level settings for HDCP. <Dileep Marchya> 6 months ago
55fe304 : sdm: Add SPD information for HDMI <Arun Kumar K.R> 6 months ago
06078aa : sdm: Acquire lock during hwcomposer module open and close <Ramkumar Radhakrishnan> 6 months ago
d169be9 : sdm: properly close all the fence Fds <Ping Li> 6 months ago
040a3d0 : sdm: hwc: SetRefreshRate before validate IOCTL <Arun Kumar K.R> 6 months ago
6e43f57 : sdm: Handle/set dynamic fps appropriately <Arun Kumar K.R> 7 months ago
 
**** cm:CyanogenMod/android_hardware_qcom_fm ****
2cf28de : Automatic translation import <Michael Bestas> 2 days ago
 
**** cm:CyanogenMod/android_hardware_qcom_media ****
ff3940f : mm-video-v4l2: Return correct level support for 8956 <Surajit Podder> 6 weeks ago
1fd6df0 : mm-video-v4l2: vidc: vdec: handle ftbs during reconfig and port disable <Abdulla Anam> 9 weeks ago
e9bacff : mm-video-v4l2: venc: check for null pointer <Maheshwar Ajja> 9 weeks ago
a699a13 : mm-video-v4l2: vdec: set 24 fps framerate for 4k clips <Deepak Kushwah> 3 months ago
bc9e191 : mm-video-v4l2: vidc: Fix race condition with msg thread fd close <Shalaj Jain> 5 months ago
a860362 : mm-video-v4l2: vidc: update thread names <Ashray Kulkarni> 9 months ago
8e66146 : mm-video-v4l2: Add support for prefer adaptive playback extension <Shalaj Jain> 9 months ago
41a5cfd : mm-video: Adjust stride value for planar format <Surajit Podder> 11 months ago
c40cf77 : mm-video: vidc: Reliably stop the message thread <Deepak Kushwah> 4 months ago
62f611d : Fix duplicated OMX.qcom.audio.decoder.aac entry <Keith Mok> 4 months ago
69d6d4b : media: Avoid collision with FFMPEG plugin <Steve Kondik> 4 months ago
610c356 : media: Use project pathmap <Ethan Chen> 4 months ago
dc1b1d4 : mm-video-v4l2: Unmap dropped output buffers <Surajit Podder> 4 months ago
78521c5 : Include kernel header dependency for libOmxVidcCommon <Divya Sharma> 5 months ago
f9c92f0 : mm-video-v4l2: vidc: venc: Fix hybrid HP layer count <Abdulla Anam> 6 months ago
a5dce41 : mm-video-v4l2: Enable get_param to check downscalar enablement <Surajit Podder> 5 months ago
e7743ae : mm-video-v4l2: venc: Add support to enhance hybrid Hier-p mode <Abdulla Anam> 5 months ago
75bc6a6 : mm-video-v4l2: vdec:  release buffer when qbuf to driver fails <Manikanta Kanamarlapudi> 6 months ago
cfeaf87 : mm-video-v4l2: Use client buffer header for FTB <Surajit Podder> 6 months ago
b6c736d : mm-video-v4l2: Disable intra refresh mode on msm8956/76 <Maheshwar Ajja> 6 months ago
a54c5d4 : mm-video-v4l2: vdec: fix fps issues in arbitrary mode <Ashray Kulkarni> 7 months ago
826ba8c : QCMetadata: add a new key for big buffers <Sidipotu Ashok> 6 months ago
ef3143a : QCMetadata: Add key for setBuffers API support <Manikanta Kanamarlapudi> 10 months ago
f178e8b : mm-video-v4l2: venc: support all I frame encoding usecase. <Abdulla Anam> 6 months ago
bcf4fa3 : libstagefrighthw: Add header guard to QComOMXMetadata.h and fix file perms <Deva Ramasubramanian> 7 months ago
e2d287f : mm-video-v4l2: vdec: streamoff while freeing first output buffer <Balamurugan Alagarsamy> 1 year, 4 months ago
f0fc3d0 : mm-video: Disable downscalar for non-display usecase <Surajit Podder> 10 months ago
0997c8a : mm-video: Enable HEVC software encoder OMX component. <Manikanta Sivapala> 7 months ago
8bb96de : mm-video_v4l2: pass crop nWidth and nHeight in reconfig event. <Abdulla Anam> 7 months ago
afb1469 : mm-video-v4l2: Fix downscalar issue <Surajit Podder> 7 months ago
269f6cd : mm-video-v4l2: Fix crash due to divide by zero <Surajit Podder> 7 months ago
c14558c : mm-video-v4l2: venc: initialize the member variables <Maheshwar Ajja> 7 months ago
99c2455 : mm-video-v4l2: vdec: Fix closing of file descriptor "0" <Deepak Kushwah> 7 months ago
b4d0e38 : mm-video-v4l2: venc: limit pixels value in input buffers. <Abdulla Anam> 7 months ago
1202ebd : mm-video_v4l2: pass crop nWidth and nHeight in reconfig event. <Abdulla Anam> 7 months ago
1fc82f0 : mm-video: Disable downscalar for non-display usecase <Surajit Podder> 10 months ago
6ecc67f : mm-core: update vpp related structures and enums. <Abdulla Anam> 7 months ago
56c0a51 : mm-video-v4l2: vidc: venc: fix CTS issues in vp8 encoder <Maheshwar Ajja> 7 months ago
1fe6770 : mm-core: update vpp related structures and enums. <Abdulla Anam> 7 months ago
a9c2410 : mm-video: Set correct color format to driver <Surajit Podder> 8 months ago
f2fa16b : mm-video-v4l2: vidc: venc: enable low latency mode <Maheshwar Ajja> 8 months ago
79da148 : mm-video-v4l2: null check before pointer dereference <Abdulla Anam> 8 months ago
a66ec1f : audio: Fix stale session opening of DSP audio decoder <Naresh Tanniru> 8 months ago
1171b44 : audio: Fix stale session opening of DSP audio decoder <Naresh Tanniru> 8 months ago
03f6533 : mm-video-v4l2: change variables used for reconfig height & width <Abdulla Anam> 8 months ago
6dc2004 : mm-video-v4l2: venc: Disable Bframes incase of UHD recording <Deepak Kushwah> 8 months ago
f493b73 : audio: Add support for new key kKeyByteMode <Manish Dewangan> 8 months ago
382b5b7 : mm-video-v4l2: video: add new extensions <Ashray Kulkarni> 11 months ago
b266f81 : mm-video-v4l2: venc: Add support for low latency mode <Maheshwar Ajja> 8 months ago
14c22a7 : mm-core: Add Skype extensions <Ashray Kulkarni> 11 months ago
 
**** cm:CyanogenMod/android_hardware_qcom_media ****
347b90c : libc2dcolorconvert: refer c2d header from display <Praveen Chavan> 1 year, 11 months ago
6316605 : vidc: Fix makefiles <Steve Kondik> 12 months ago
d84d430 : media: Avoid collision with FFMPEG plugin <Steve Kondik> 1 year, 11 months ago
8ba01d1 : media: Use project pathmap <Ethan Chen> 1 year, 1 month ago
be989ef : audio: Add entry for ALAC/APE software component <Preetam Singh Ranawat> 4 months ago
ab3e6cf : Include kernel header dependency for libOmxVidcCommon <Divya Sharma> 5 months ago
f5b8f20 : Include kernel header dependency for libOmxVidcCommon <Divya Sharma> 5 months ago
2266025 : mm-video-v4l2: vidc: Ensure async_message_thread always exits <Arun Menon> 5 months ago
b0d352b : media : Add Max CSD values for ALAC and APE <Preetam Singh Ranawat> 5 months ago
a04219f : mm-video-v4l2: vdec: skip enabling extn_user extradata for secure session <Srinu Gorle> 5 months ago
622d480 : mm-video-v4l2: vidc: Enhance VQZIP checks <Praneeth Paladugu> 7 months ago
2b5bd8a : mm-video-v4l2: vidc: venc: Fix input extradata issues <Praneeth Paladugu> 5 months ago
ce13944 : mm-video-v4l2: vidc: vdec: Add UBWC color format support <Srinu Gorle> 5 months ago
a725170 : mm-video: venc: Initialize m_graphicBufferSize <Deva Ramasubramanian> 5 months ago
8be933c : mm-video-v4l2: vidc: vdec: Add support for downscalar in component <Srinu Gorle> 11 months ago
c29ae31 : mm-video-v4l2: vidc: Fix race condition with msg thread fd close <Shalaj Jain> 5 months ago
6a50516 : mm-video-v4l2: vdec: Fix CTS issue with color coversion <Vinay Kalia> 5 months ago
ab08584 : mm-core: Add extensions for FRC <Vinay Kalia> 5 months ago
b12f245 : mm-video-v4l2: Handle async_message_thread error <Arun Menon> 5 months ago
9952fd8 : mm-core: Add secure component registry entry <Vikash Garodia> 5 months ago
8d855cc : mm-video: common: update OmxVidcCommon dependency list <Srinu Gorle> 5 months ago
3c3fe6c : mm-video-v4l2: vdec: Change preferred color format default order <Arun Menon> 5 months ago
c73daac : mm-video-v4l2: Add registry entry for openmax components. <Vikash Garodia> 5 months ago
bcb448c : mm-video: swvdec: Add SwVdec registry entries for 8937. <Manikanta Sivapala> 5 months ago
e592d0a : mm-video: swvdec: Add SwVdec OMX component. <Manikanta Sivapala> 5 months ago
41cf898 : mm-core: Update the correct instance index for storing VPP handle <Praneeth Paladugu> 5 months ago
c8827e2 : mm-video-v4l2: vidc: Allocate secure bitstream buffers from CMA <Shalaj Jain> 5 months ago
cf6d469 : mm-video: vidc: Fully drainbuffers from the driver if batch not complete <Deva Ramasubramanian> 5 months ago
093280d : mm-core: Unload the component library after the session is done <Praneeth Paladugu> 5 months ago
45267c8 : Remove msm8937 due to missing HY11 rule <Naveen Kumar> 5 months ago
fb36868 : mm-video: venc: Revert Venus native support for RGBA8888 <Deva Ramasubramanian> 6 months ago
1c7b346 : mm-video: swvenc: Add pure virtual functions. <Manikanta Sivapala> 5 months ago
0ec71b0 : mm-video: Add extensions to enable and configure ROI QP info <Vinay Kalia> 6 months ago
db88209 : audio: remove duplicate instances of aac decoder <Mingming Yin> 5 months ago
b04a903 : mm-video-v4l2: vdec: Fix a bug with C2D and DROPPED_FRAME <Vinay Kalia> 5 months ago
183f501 : mm-video-v4l2: vidc: Add null checks in async_message_process <Arun Menon> 6 months ago
fbdcaba : mm-video-v4l2: Add support for VP9 secure decoder <Shalaj Jain> 8 months ago
a935f80 : mm-video: swvenc: Add SwVenc registry entries for 8937. <Manikanta Sivapala> 6 months ago
f3f1e00 : QCMetadata: add a new key for big buffers <Sidipotu Ashok> 6 months ago
be1c0e3 : mm-video: vidc: Adjust performance level only after STREAMON <Deva Ramasubramanian> 6 months ago
6f6f5fb : mm-video-v4l2: vidc: venc: Fix hybrid HP layer count <Ashray Kulkarni> 6 months ago
144b092 : mm-video: venc: Get rid of PREPARE_BUF on input port <Vinay Kalia> 6 months ago
431e6b1 : mm-video-v4l2: vdec: fix fps issues in arbitrary mode <Ashray Kulkarni> 7 months ago
edd1b09 : mm-video-v4l2: vidc: vdec: Put decoder sessions in TURBO <Praneeth Paladugu> 9 months ago
07a4eca : libc2dcolorconvert: Fix height alignment issue with RGBA formats <Rajesh Sastrula> 6 months ago
c826460 : mm-video-v4l2: venc: Add support to enhance hybrid Hier-p mode <Ashray Kulkarni> 9 months ago
c08fc90 : mm-core: Add registry entry for titanium <Srinu Gorle> 6 months ago
94af4ea : mm-video: Add opaque color format support to MPEG-4 SwVenc. <Manikanta Sivapala> 6 months ago
f4e1426 : mm-video-v4l2: Do not send error to client once in loaded state <Shalaj Jain> 6 months ago
bf75c1c : mm-video-v4l2: vdec: Add range check before native_buffer usage <Arun Menon> 6 months ago
 
**** vanir:hardware_samsung ****
5905f06 : Automatic translation import <Michael Bestas> 2 days ago
 
**** cmold:android_kernel_google_msm ****
31533ba : Revert "Revert "msm: vidc: cache-flush encoder output buffers after alloc"" <Zhao Wei Liew> 6 days ago
 
**** vanir:kernel_huawei_angler ****
327d5f5 : pipe: iovec: Fix memory corruption when retrying atomic copy as non-atomic <Ben Hutchings> 10 months ago
ffcde85 : Revert "angler: remove unnecessary options in defconfig" <Tim Murray> 4 weeks ago
20796b7 : angler: remove unnecessary options in defconfig <Tim Murray> 4 weeks ago
bb821cb : msm: ipa: fix the mux_channel buffer overflow <Skylar Chang> 6 weeks ago
ef8ce93 : net: wireless: bcmdhd: Verify SSID length <Ashwin> 7 weeks ago
193b79c : msm: thermal: validate userspace args to prevent buffer overflow. <Nick Desaulniers> 7 weeks ago
895efc3 : net: wireless: bcmdhd: Do not print out device name on invalid length <Patrick Tjin> 8 weeks ago
 
**** cmold:android_kernel_motorola_msm8916 ****
c0f79f9 : msm: vibrator: Expose default vibration through sysfs <Alberto97> 3 days ago
0e58959 : msm: vibrator: Add min/max voltage sysfs entries <Scott Mertz> 1 year, 9 months ago
dad2335 : cluster_plug: Fix loaded cluster calculation logic <Sultan Qasim Khan> 10 hours ago
0a7c785 : Revert "cpufreq: Persist governor policies across hotplug" <Sultan Qasim Khan> 33 hours ago
20ab565 : cluster_plug: Online all cores on active state changes <Sultan Qasim Khan> 2 days ago
4085812 : cluster-plug: Add separate tunable for the down voting threshold <Christopher R. Palmer> 5 days ago
e53b5c3 : cluster-plug: Deal with potential concurrency issues <Christopher R. Palmer> 5 days ago
da24fe5 : cluster-plug: Ensure the clusters are online when we enter !active <Christopher R. Palmer> 6 days ago
f97b0df : cluster-plug: Only do work when active <Christopher R. Palmer> 6 days ago
9ee1b1c : cluster-plug: Provide a hook to for the power hal to control us <Christopher R. Palmer> 6 days ago
73d0332 : cluster-plug: Remove any extra cost of repeately plugging clusters <Christopher R. Palmer> 6 days ago
793dcef : cluster-plug: New approach to the plug decision <Christopher R. Palmer> 6 days ago
51eaf17 : cluster-plug: Refactor out the magic constants 3 & 4 <Christopher R. Palmer> 6 days ago
56a6ed2 : cluster_plug: drop unused mutex <Sultan Qasim Khan> 2 days ago
97b87f0 : cpufreq: Persist governor policies across hotplug <Sultan Qasim Khan> 6 days ago
 
**** cmold:android_kernel_oneplus_msm8974 ****
05d210e : genirq: call cancel_work_sync from irq_set_affinity_notifier <Prasad Sodagudi> 6 weeks ago
af75e1d : net: ipv4: Adapt code after merge <Michael Bestas> 2 weeks ago
95cf6d0 : workqueue: Fix android-3.4 merge <Michael Bestas> 2 weeks ago
c272ddd : USB: message: Fix mismerge <Michael Bestas> 2 weeks ago
57271c4 : staging: android: Remove unused Kconfig option <Michael Bestas> 2 weeks ago
0c0c3b8 : mmc: block: Remove duplicate definitions <Michael Bestas> 2 weeks ago
e87a8fb : HID: uhid: Fix mismerge <Michael Bestas> 2 weeks ago
680d4de : ARM: vfp: Fix mismerge <Michael Bestas> 2 weeks ago
4e26ada : ARM: CONFIG_KUSER_HELPERS: fix help text merge <Michael Bestas> 2 weeks ago
e4dd46e : ARM: signal: Fix mismerge <Michael Bestas> 2 weeks ago
ad3086e : msm: kgsl: page_alloc stats are double subtracted <Jordan Crouse> 9 months ago
 
**** github:ashwinr64/android_kernel_oneplus_onyx ****
d666b74 : msm: vidc: Make buffer validity checks stronger <Deva Ramasubramanian> 3 months ago
9dbe0bb : defconfig: msm8926: Enable CONFIG_NETFILTER_XT_TARGET_IDLETIMER <Ravinder Konka> 3 weeks ago
84aba3b : soc: qcom: bam_dmux: Use SPS hold mem flag <Rama Krishna Phani A> 11 months ago
4308ec3 : msm: sps: Handle low memory condition in SPS driver <Srinivasarao P> 4 weeks ago
c702aaa : mm: vmscan: fix the page state calculation in too_many_isolated <Vinayak Menon> 1 year, 3 months ago
2f25e5a : mm/vmscan.c: avoid possible deadlock caused by too_many_isolated() <Fengguang Wu> 3 years, 4 months ago
31ab7dc : mmc: fix host release issue after discard/flush operation <Pavan Anamula> 8 weeks ago
244bf38 : Revert "Revert "mmc: queue: use cached attributes of special requests"" <Pavan Anamula> 4 weeks ago
96afa97 : Revert "Revert "mmc: queue: exclude asynchronous transfer for special request"" <Pavan Anamula> 4 weeks ago
b01f6f9 : usb: host: xhci: Enable XHCI_SPURIOUS_SUCCESS for all  controllers with xhci 1.0 <George Cherian> 6 weeks ago
 
**** cmold:android_kernel_oppo_msm8974 ****
367d50e : ARM: dts: oppo: Fix jdi 1440p livedisplay configuration <Michael Bestas> 8 months ago
b69f2ee : ARM: dts: oppo: Update jdi 1440p dynamic fps configuration <Michael Bestas> 13 hours ago
ff8026a : msm: mdss: Update slave controller dfps at the same time <Siddhartha Agrawal> 1 year, 11 months ago
d420d17 : msm: mdss: Fix synchronization issue for dual dsi dynamic fps <Siddhartha Agrawal> 1 year, 11 months ago
 
**** vanir:kernel_samsung_jf ****
f168d72 : msm_thermal: Recalculate Frequencies for JF <Paul Keith> 5 months ago
 
**** vanir:kernel_samsung_klte ****
2f51eea : pipe: Fix buffer offset after partially failed read <Ben Hutchings> 8 weeks ago
086e642 : UPSTREAM: include/linux/poison.h: fix LIST_POISON{1,2} offset <Vasily Kulikov> 7 months ago
8abb315 : pipe: iovec: Fix memory corruption when retrying atomic copy as non-atomic <Ben Hutchings> 10 months ago
0379fed : tty: Fix unsafe ldisc reference via ioctl(TIOCGETD) <Peter Hurley> 3 months ago
f01ed6e : kernel/hz.bc: ignore. <Rusty Russell> 3 years ago
34ad662 : kernel: Replace timeconst.pl with a bc script <H. Peter Anvin> 3 years, 2 months ago
c0b0713 : kltevzw: Import kltevzw_defconfig <Kevin F. Haggerty> 6 weeks ago
 
**** github:CyanogenMod/android_kernel_xiaomi_cancro ****
a4c2451 : tty: Fix unsafe ldisc reference via ioctl(TIOCGETD) <Peter Hurley> 31 hours ago
62ea70f : ext4: make orphan functions be no-op in no-journal mode <Anatol Pomozov> 31 hours ago
ea3bd20 : KEYS: Fix handling of stored error in a negatively instantiated user key <David Howells> 32 hours ago
cab96bb : md: use kzalloc() when bitmap is disabled <Benjamin Randazzo> 32 hours ago
93f72b5 : tracing/syscalls: Ignore numbers outside NR_syscalls' range <Rabin Vincent> 32 hours ago
45658d0 : tracing/syscalls: Fix perf syscall tracing when syscall_nr == -1 <Will Deacon> 32 hours ago
09cd55b : x86-32, espfix: Remove filter for espfix32 due to race <H. Peter Anvin> 32 hours ago
6cbbeae : pipe: Fix buffer offset after partially failed read <Ben Hutchings> 32 hours ago
 
**** vanir:platform_manifest ****
8840534 : cm: Fork a few projects to bring in JDK8 fixes <Steve Kondik> 4 days ago
 
**** cm:CyanogenMod/android_packages_apps_AudioFX ****
cfa66e2 : Automatic translation import <Michael Bestas> 2 days ago
 
**** vanir:packages_apps_BasicSmsReceiver ****
5bd4af8 : Automatic translation import <Michael Bestas> 2 days ago
 
**** vanir:packages_apps_Bluetooth ****
5958468 : Automatic translation import <Michael Bestas> 2 days ago
 
**** cm:CyanogenMod/android_packages_apps_BluetoothExt ****
dd6edd3 : Automatic translation import <Michael Bestas> 2 days ago
 
**** cm:CyanogenMod/android_packages_apps_Browser ****
f14d057 : Automatic translation import <Michael Bestas> 2 days ago
 
**** cm:CyanogenMod/android_packages_apps_Calendar ****
c366862 : Automatic translation import <Michael Bestas> 2 days ago
 
**** vanir:packages_apps_Camera2 ****
cd8e14f : Automatic translation import <Michael Bestas> 2 days ago
 
**** vanir:packages_apps_CellBroadcastReceiver ****
e39ccdc : Automatic translation import <Michael Bestas> 2 days ago
 
**** vanir:packages_apps_CertInstaller ****
46a805c : Automatic translation import <Michael Bestas> 2 days ago
 
**** vanir:packages_apps_Contacts ****
1e2ad01 : Automatic translation import <Michael Bestas> 2 days ago
 
**** vanir:packages_apps_ContactsCommon ****
375869a : Automatic translation import <Michael Bestas> 2 days ago
 
**** vanir:packages_apps_DeskClock ****
b315295 : DeskClock : Move default action for flip and shake to overlay <Keith Mok> 6 days ago
28a89cd : Automatic translation import <Michael Bestas> 2 days ago
 
**** vanir:packages_apps_Dialer ****
a245d57 : Automatic translation import <Michael Bestas> 2 days ago
 
**** vanir:packages_apps_Email ****
f1e5876 : Automatic translation import <Michael Bestas> 2 days ago
 
**** vanir:packages_apps_ExactCalculator ****
ab32d57 : Automatic translation import <Michael Bestas> 2 days ago
 
**** cm:CyanogenMod/android_packages_apps_Exchange ****
0ad3058 : Automatic translation import <Michael Bestas> 2 days ago
 
**** vanir:packages_apps_FMRadio ****
010e4d8 : Automatic translation import <Michael Bestas> 2 days ago
 
**** vanir:packages_apps_Gallery2 ****
fbd7d43 : Automatic translation import <Michael Bestas> 2 days ago
 
**** cm:CyanogenMod/android_packages_apps_HTMLViewer ****
d57f92b : Automatic translation import <Michael Bestas> 2 days ago
 
**** vanir:packages_apps_InCallUI ****
d69ce6c : Port call transfer feature from DialerNext to AOSP Dialer <Kamaljeet Maini> 33 hours ago
9041333 : Automatic translation import <Michael Bestas> 2 days ago
 
**** vanir:packages_apps_KeyChain ****
4cd86c4 : Automatic translation import <Michael Bestas> 2 days ago
 
**** vanir:packages_apps_LockClock ****
ff6a3f0 : Automatic translation import <Michael Bestas> 2 days ago
 
**** vanir:packages_apps_ManagedProvisioning ****
af97d44 : Automatic translation import <Michael Bestas> 2 days ago
 
**** cm:CyanogenMod/android_packages_apps_Messaging ****
446181c : Automatic translation import <Michael Bestas> 2 days ago
f06df53 : Play an audible notification on receiving a class zero message. Changes ported from http://review.cyanogenmod.org/#/c/125457/ <Arun Valiaparambil> 7 days ago
b46d807 : added enabledNotifyWapMMSC flag to mms_config.xml <haribabu.allu> 11 days ago
56aafc2 : Added new feature SMS Validity Period <haribabu.allu> 2 weeks ago
 
**** vanir:packages_apps_Nfc ****
307de80 : Automatic translation import <Michael Bestas> 2 days ago
 
**** vanir:packages_apps_PackageInstaller ****
b8f97a6 : Automatic translation import <Michael Bestas> 2 days ago
 
**** vanir:packages_apps_PhoneCommon ****
bdac5aa : Automatic translation import <Michael Bestas> 2 days ago
 
**** cm:CyanogenMod/android_packages_apps_Profiles ****
7f9e053 : Automatic translation import <Michael Bestas> 2 days ago
 
**** cm:CyanogenMod/android_packages_apps_SamsungServiceMode ****
2750074 : Automatic translation import <Michael Bestas> 2 days ago
 
**** vanir:packages_apps_Settings ****
467fae0 : Add explanation for customizing apps <Michael W> 28 hours ago
8b7fda7 : Settings: use ActivityManager method for requesting bug report <Roman Birg> 1 year, 8 months ago
8516e98 : Settings: Disable and hide refresh button on power usage detail. <Adnan Begovic> 33 hours ago
e61e4c4 : Settings: Use cm build properties correctly. <Adnan Begovic> 29 hours ago
d1c26ab : Automatic translation import <Michael Bestas> 2 days ago
 
**** cm:CyanogenMod/android_packages_apps_Snap ****
b7fd125 : Automatic translation import <Michael Bestas> 2 days ago
 
**** vanir:packages_apps_soundrecorder ****
bd001c3 : Automatic translation import <Michael Bestas> 2 days ago
 
**** vanir:packages_apps_Stk ****
d54b751 : Automatic translation import <Michael Bestas> 2 days ago
 
**** vanir:packages_apps_Tag ****
803ff4d : Automatic translation import <Michael Bestas> 2 days ago
 
**** cm:CyanogenMod/android_packages_apps_Terminal ****
994aade : Automatic translation import <Michael Bestas> 2 days ago
 
**** vanir:packages_apps_ThemeChooser ****
90d1914 : Automatic translation import <Michael Bestas> 2 days ago
 
**** cm:CyanogenMod/android_packages_apps_Trebuchet ****
b607527 : Trebuchet: add gello to hotseat <jrizzoli> 4 weeks ago
9c0781a : Automatic translation import <Michael Bestas> 2 days ago
 
**** vanir:packages_apps_TvSettings ****
5224612 : Automatic translation import <Michael Bestas> 2 days ago
 
**** vanir:packages_apps_UnifiedEmail ****
56f6eb2 : Automatic translation import <Michael Bestas> 2 days ago
 
**** vanir:packages_inputmethods_LatinIME ****
2eb45ea : Automatic translation import <Michael Bestas> 2 days ago
 
**** cm:CyanogenMod/android_packages_providers_BookmarkProvider ****
d28f43d : Automatic translation import <Michael Bestas> 2 days ago
 
**** cm:CyanogenMod/android_packages_providers_CalendarProvider ****
b582f8f : Automatic translation import <Michael Bestas> 2 days ago
 
**** cm:CyanogenMod/android_packages_providers_CallLogProvider ****
06ae943 : Automatic translation import <Michael Bestas> 2 days ago
 
**** vanir:packages_providers_ContactsProvider ****
edec4c1 : Automatic translation import <Michael Bestas> 2 days ago
 
**** vanir:packages_providers_DownloadProvider ****
504b247 : Automatic translation import <Michael Bestas> 2 days ago
 
**** vanir:packages_providers_MediaProvider ****
8b6ddac : Automatic translation import <Michael Bestas> 2 days ago
 
**** vanir:packages_providers_TelephonyProvider ****
a83ba96 : Automatic translation import <Michael Bestas> 2 days ago
 
**** cm:CyanogenMod/android_packages_providers_ThemesProvider ****
89e9807 : Automatic translation import <Michael Bestas> 2 days ago
 
**** vanir:packages_providers_UserDictionaryProvider ****
59f774b : Automatic translation import <Michael Bestas> 2 days ago
 
**** cm:CyanogenMod/android_packages_providers_WeatherProvider ****
64fda03 : Automatic translation import <Michael Bestas> 2 days ago
 
**** vanir:packages_screensavers_Basic ****
64dd84e : Automatic translation import <Michael Bestas> 2 days ago
 
**** vanir:packages_screensavers_PhotoTable ****
250e7ae : Automatic translation import <Michael Bestas> 2 days ago
 
**** cm:CyanogenMod/android_packages_services_LiveLockScreenService ****
cf4bde6 : Automatic translation import <Michael Bestas> 2 days ago
 
**** vanir:packages_services_Telecomm ****
6b09a50 : Automatic translation import <Michael Bestas> 2 days ago
 
**** vanir:packages_services_Telephony ****
719ab7c : Automatic translation import <Michael Bestas> 2 days ago
 
**** vanir:packages_wallpapers_Basic ****
eb270e8 : Automatic translation import <Michael Bestas> 2 days ago
 
**** vanir:packages_wallpapers_LivePicker ****
83966e6 : Automatic translation import <Michael Bestas> 2 days ago
 
**** vanir:packages_wallpapers_MagicSmoke ****
5766087 : Automatic translation import <Michael Bestas> 2 days ago
 
**** cm:CyanogenMod/android_packages_wallpapers_PhotoPhase ****
288dfb4 : Automatic translation import <Michael Bestas> 2 days ago
 
**** cm:CyanogenMod/android_prebuilts_cmsdk ****
18d1a09 : prebuilts/cmsdk: Update released api text. <Adnan Begovic> 28 hours ago
 
**** vanir:system_bt ****
b6662e2 : Reconcile bta_av_aact w/ cm <nuclearmistake> 28 hours ago
 
**** cm:CyanogenMod/cm_platform_sdk ****
2eddb5f : Reset timer when a new weather service provider is selected <Luis Vidal> 29 hours ago
d8c2556 : cmsdk: Actually return the system property in Build. <Adnan Begovic> 29 hours ago
f1b172d : Automatic translation import <Michael Bestas> 2 days ago
 
**** commotio:commotio ****
3614e60 : Fingerprinted <DHOMD> 2 hours ago
 
**** vanir:vendor_lge ****
2ef52e4 : bullhead: MHC19Q <Jake Whatley> 35 hours ago
 
**** vanir:vendor_motorola ****
6d52dee : msm8960: Remove mm-parser and dependencies <nadlabak> 6 days ago
 
**** vanir:vendor_vanir ****
6406b8b : update fingerprints, etc <nuclearmistake> 5 hours ago
9f82941 : Run fingerprint updater <nuclearmistake> 28 hours ago
34ddd90 : cm: sepolicy: allow platform apps to execute render scripts <Matthias Yzusqui> 7 days ago
 
