
**** vanir:build ****
f1c4823 : Build hacks <DHOMD> 10 months ago
 
**** vanir:device_google_marlin ****
6145766 : Add a proper barrier and use vendor/caf/telephony <DHOMD> 5 months ago
ede09ce : Revert "marlin: disable our local telephony extensions" <DHOMD> 5 months ago
 
**** cm:LineageOS/android_device_lge_g5-common ****
e074e80 : g5: Move IR blaster perm <Rashed Abdel-Tawab> 15 hours ago
 
**** cm:LineageOS/android_device_lge_msm8996-common ****
6a4cd06 : msm8996: Add barometer sensor perm and move IR blaster to g5 and v20 <Rashed Abdel-Tawab> 15 hours ago
 
**** cm:LineageOS/android_device_motorola_otus ****
bd73cf0 : Otus: Fix FM Radio <DHOMD> 7 months ago
 
**** vanir:device_oppo_common ****
aec0caa : Automatic translation import <Abhisek Devkota> 9 hours ago
 
**** cm:LineageOS/android_device_oppo_msm8974-common ****
eb45d2f : Port from bacon: Add blob to decrypt full-disk encryption of /data. <J. Joe Feise> 9 months ago
 
**** vanir:frameworks_base ****
d20e022 : Automatic translation import <Abhisek Devkota> 9 hours ago
 
**** cmold:android_kernel_cyanogen_msm8916 ****
d694618 : input: touchscreen: remove data pointer from driver structure <Shantanu Jain> 5 months ago
4c4ce6f : input: touchscreen: gt9xx: fix memory corruption in Goodix driver <Vevek Venkatesan> 7 months ago
b3dd1f4 : ASoC: msm: qdsp6v2: return error when copy from userspace fails <Siena Richard> 6 months ago
8315add : Revert "i2c-msm-v2: Add NULL pointer check" <Anik1199> 2 days ago
5fbcbbf : Revert "i2c-msm-v2: use a single sg-list per user request and per chan" <Anik1199> 2 days ago
 
**** cmold:android_kernel_motorola_msm8226 ****
1c73c1e : f_qc_rndis: Check config or cdev is NULL in before accessing <Mayank Rana> 2 years, 11 months ago
035fcb1 : USB: f_qc_rndis: Prevent use-after-free for _rndis_qc <Pratham Pratap> 3 months ago
ef7b82c : prima: Remove the support for iw_set_priv ioctl <Srinivas Girigowda> 12 months ago
ea719f0 : qcdev: Check the digest length during the SHA operations <Dennis Cagle> 2 months ago
137e715 : prima: Trim extn capability to max supported in change station <Srinivas Girigowda> 3 months ago
7860489 : msm: ipa: Fix for missing int overflow check in the refcount library <Utkarsh Saxena> 4 months ago
4cb31f4 : BACKPORT: f2fs: sanity check checkpoint segno and blkoff <Jin Qian> 3 months ago
257b25b : UPSTREAM: f2fs: sanity check segment count <Jin Qian> 4 months ago
dec78ea : BACKPORT: f2fs: sanity check log_blocks_per_seg <Jin Qian> 4 months ago
afd9684 : UPSTREAM: timerfd: Protect the might cancel mechanism proper <Thomas Gleixner> 6 months ago
 
**** cmold:android_kernel_oneplus_msm8974 ****
2999dfd : selinux: fix off-by-one in setprocattr <Stephen Smalley> 6 months ago
26ba85f : Revert "proc: smaps: Allow smaps access for CAP_SYS_RESOURCE" <Nick Desaulniers> 3 months ago
8501456 : net: wireless: bcmdhd: adding boundary check in wl_cfg80211_mgmt_tx <Insun Song> 3 months ago
d834283 : ASoC: msm8x10-wcd: prevent out of bounds access <Aravind Kumar> 2 years, 3 months ago
 
**** cm:LineageOS/android_packages_apps_AudioFX ****
97f5e59 : Automatic translation import <Abhisek Devkota> 9 hours ago
 
**** vanir:packages_apps_CMParts ****
a0d9cb7 : Automatic translation import <Abhisek Devkota> 9 hours ago
 
**** vanir:packages_apps_Camera2 ****
867064c : Automatic translation import <Abhisek Devkota> 9 hours ago
 
**** vanir:packages_apps_CellBroadcastReceiver ****
d541118 : Automatic translation import <Abhisek Devkota> 9 hours ago
 
**** vanir:packages_apps_Contacts ****
88e7b27 : Automatic translation import <Abhisek Devkota> 9 hours ago
 
**** cm:LineageOS/android_packages_apps_FlipFlap ****
6a76690 : Automatic translation import <Abhisek Devkota> 9 hours ago
 
**** vanir:packages_apps_Gallery2 ****
50cdda7 : Automatic translation import <Abhisek Devkota> 9 hours ago
 
**** cm:LineageOS/android_packages_apps_Jelly ****
f8793e8 : Automatic translation import <Abhisek Devkota> 9 hours ago
 
**** vanir:packages_apps_PhoneCommon ****
673b0ca : Automatic translation import <Abhisek Devkota> 9 hours ago
 
**** vanir:packages_apps_Settings ****
98dcb70 : Automatic translation import <Abhisek Devkota> 9 hours ago
 
**** cm:LineageOS/android_packages_apps_Snap ****
0eed750 : Automatic translation import <Abhisek Devkota> 9 hours ago
 
**** cm:LineageOS/android_packages_apps_Terminal ****
4e5fd56 : Automatic translation import <Abhisek Devkota> 9 hours ago
 
**** vanir:packages_apps_UnifiedEmail ****
12b8906 : Automatic translation import <Abhisek Devkota> 9 hours ago
 
**** cm:LineageOS/android_packages_resources_devicesettings ****
34a12f1 : Automatic translation import <Abhisek Devkota> 9 hours ago
 
**** vanir:packages_services_Telephony ****
389cd5f : Automatic translation import <Abhisek Devkota> 9 hours ago
2b35fff : PhoneToggler: Update preferred network mode setting <Gabriele M> 19 hours ago
 
**** vanir:vendor_huawei ****
6243cb8 : angler: Update blobs to N2G48C (August 2017) <nuclearmistake> 27 hours ago
c84df4b : angler: Update blobs to N2G48B (July 2017) <DHOMD> 5 weeks ago
baa24d8 : angler: use source built nfc libs <razorloves> 7 weeks ago
10de590 : Updated props from 7.1.2 (N2G47W, Jun 2017) <DHOMD> 9 weeks ago
4380033 : angler: Update blobs to N2G47O (May 2017) <nuclearmistake> 3 months ago
 
**** cm:LineageOS/android_vendor_qcom_opensource_time-services ****
2489fec : Add a barrier for Marlin/Sailfish <DHOMD> 5 months ago
 
