
**** vanir:bootable_recovery_twrp ****
37a7ab6 : Add another license header <Matt Mower> 24 hours ago
 
**** vanir:build ****
de74ff1 : Build hacks <DHOMD> 3 months ago
 
**** vanir:device_google_marlin ****
b93a385 : Revert "marlin: specify device-specific recovery updater libs" <DHOMD> 3 hours ago
39c87b6 : marlin: enable blur <Dan Pasanen> 6 weeks ago
 
**** cm:LineageOS/android_device_htc_hima-common ****
8d2d2e2 : hima: Re-enable blur <Rashed Abdel-Tawab> 6 hours ago
 
**** vanir:device_htc_m7-common ****
5d30728 : m7-common: Remove FM radio flag <Matt Mower> 45 minutes ago
 
**** cm:LineageOS/android_device_htc_m8-common ****
819970c : m8-common: Re-enable blur using the new overlay <Dan Pasanen> 6 weeks ago
 
**** vanir:device_htc_s4-common ****
ac269ac : s4-common: SEPolicy updates for rawchip <Matt Mower> 18 hours ago
 
**** vanir:device_huawei_angler ****
b815f54 : I need a quieter lawn mover or a louder phone <DHOMD> 3 weeks ago
55b727a : Update IMS paths in init.angler <DHOMD> 5 weeks ago
 
**** vanir:device_huawei_kiwi ****
89fafc4 : kiwi: Add canadian variant KII-L05 <Michael W> 11 hours ago
 
**** cm:LineageOS/android_device_lge_d855 ****
24aa2a4 : D855: BOARD_HAVE_QCOM_FM := true <DHOMD> 3 hours ago
 
**** vanir:device_lge_g2-common ****
c52b5ec : g2: re-enable blur <Dan Pasanen> 6 weeks ago
 
**** vanir:device_lge_g3-common ****
13a8b31 : Revert "g3: Temporarily remove blur" <Dan Pasanen> 6 weeks ago
 
**** cm:LineageOS/android_device_motorola_clark ****
b223b68 : Revert "clark: disable blur for now" <Dan Pasanen> 6 weeks ago
 
**** cm:LineageOS/android_device_motorola_victara ****
f92fab1 : Revert "victara: disable blur for now" <Dan Pasanen> 6 weeks ago
 
**** cm:LineageOS/android_device_oneplus_oneplus3 ****
316394e : op3: Address sdcardfs SELinux denials <dianlujitao> 23 hours ago
 
**** vanir:device_oneplus_onyx ****
40600f4 : Fix FM + compulation <DHOMD> 4 hours ago
 
**** cm:LineageOS/android_device_oppo_msm8974-common ****
8c0124a : Port from bacon: Add blob to decrypt full-disk encryption of /data. <J. Joe Feise> 9 weeks ago
7f06faf : Revert "msm8974: tmp disable blur overlay" <Michael Bestas> 6 weeks ago
 
**** vanir:device_qcom_common ****
0334b5b : Suboptimal way of fixing Pixie builds <DHOMD> 3 weeks ago
 
**** vanir:device_samsung_jf-common ****
dfe53d1 : jf: re-enable blur <Dan Pasanen> 6 weeks ago
56903fd : jf: Increase recovery resource density to xhdpi <Zhao Wei Liew> 13 hours ago
e3349fe : jf: compress recovery ramdisk with lzma <Dan Pasanen> 6 weeks ago
 
**** vanir:device_samsung_klte-common ****
0dd9e67 : klte-common: add fw/b overlay value to specify no permanent menu key <Kevin F. Haggerty> 25 hours ago
 
**** vanir:device_samsung_kona-common ****
9ff5436 : kona : update libsecril symlinks <Roberto Gibellini> 4 hours ago
f442fc3 : kona : rm qmiproxy <Roberto Gibellini> 8 hours ago
d151e81 : kona : symlink libsecril apn databases <Kevin F. Haggerty> 8 hours ago
 
**** vanir:device_samsung_msm8960-common ****
e69775c : Revert "msm8960: disable blur for now" <Dan Pasanen> 6 weeks ago
 
**** vanir:device_samsung_qcom-common ****
b2d554b : doze: specify a qualified user to send the pulse broadcast <Sean hoyt> 3 days ago
23ea59b : qcom: doze: Protect com.android.systemui.doze.pulse <Gabriele M> 2 months ago
 
**** vanir:device_xiaomi_cancro ****
8d4aecf : cancro: re-enable radiofm <Joey Rizzoli> 3 days ago
 
**** vanir:frameworks_base ****
4c7fe78 : doze: allow grayscale even if invert boolean is false <Daniel Koman> 4 months ago
b3bf169 : OMS: StrictMode and files under /data/system/theme/ <mickybart> 9 weeks ago
45ca1e6 : Themes: Expose manifest styles for themes <Bryan Owens> 2 weeks ago
b5432e9 : SystemUI: Expose switch bar title <daveyannihilation> 3 weeks ago
fa5008d : Update APIs for building aapt aaot <DHOMD> 2 weeks ago
bb3a917 : OMS7-N: ApplicationsState: add filter for Substratum icon overlays [1/2] <Kuba Schenk> 7 weeks ago
bb7fcc0 : Revert "N-Extras: Add dynamic theme BootAnimation support" <DHOMD> 2 weeks ago
0e34c80 : Likely break things to fix substratum builds <DHOMD> 3 weeks ago
14b2d76 : OMS: Introduce MODIFY_OVERLAYS permission for user apps <bigrushdog> 5 weeks ago
406aaaa : Themes: Expose QS battery <Abdulwahab Isam> 4 months ago
d504e45 : OMS7-N: ApplicationsState: add filter for Substratum overlays [1/2] <George G> 7 months ago
96602a9 : N-Extras: AudioService: Allow system effect sounds to be themed <Nicholas Chum> 6 months ago
ea9220c : N-Extras: Add dynamic theme fonts support <0xD34D> 7 months ago
27aa5c2 : N-Extras: Add dynamic theme BootAnimation support <0xD34D> 7 months ago
6bf6dbe : SystemUI: Use own drawables for QS expand icon <Ivan Iskandar> 7 weeks ago
9fd7c80 : OMS7 compatible 'Ambient notification inversion' <George G> 10 weeks ago
a6b4d1b : Allow prevention of doze notification color inversion <Daniel Koman> 1 year, 9 months ago
3074bf6 : Notification dynamic colors bool compatible with OMS7 <George G> 10 weeks ago
72466da : Notifications: Expose a bool to disable dynamic colors <Nicholas Chum> 5 months ago
7029eaf : Themes: Expose various QuickSettings text colors <Niklas Schnettler (Sh4dowSoul)> 4 months ago
6499879 : Allow custom alpha for notification shade bg color <Simao Gomes Viana> 8 weeks ago
66aa148 : SystemUI: Expose QS edit item decoration background color <Ivan Iskandar> 4 months ago
3928e05 : Themes: Allow Navbar ripple color to be themed <Dave Kover> 9 months ago
cd52b6c : Themes: Allow Permission Icons to be fully themed <Nicholas Chum> 1 year, 2 months ago
5ab83b5 : Themes: Allow Immersive cling colors to be fully themed <Nicholas Chum> 1 year, 2 months ago
3433c3c : Themes: Expose resolver hardcoded colors <Dave Kover> 6 weeks ago
062a713 : OMS7-N: Implement multi-target enable/disable and disable-all [11/11] <Jacob McSwain> 7 months ago
e920d3b : OMS7-N: Do not enforce code policy limiting overlay installation [10/11] <Nicholas Chum> 3 months ago
f67a961 : OMS7-N: Persistence on boot through OverlayManagerServiceImpl [9/11] <Nicholas Chum> 7 months ago
3029ebf : OMS7-N: Disable Zygote preloaded drawables [8/11] <Josh Guilfoyle> 6 years ago
cc85ea8 : OMS7-N: installd: add command 'rmidmap' [7/11] <Mårten Kongstad> 8 months ago
75e313d : OMS7-N: Fix memory leak during idmap creation [6/11] <Mårten Kongstad> 8 months ago
cffeb2f : OMS7-N: idmap: suppress print for padded resources [5/11] <Mårten Kongstad> 11 months ago
17290bf : OMS7-N: Set EXTRA_REPLACING correctly in ACTION_PACKAGE_ADDED [4/11] <Mårten Kongstad> 9 months ago
28fbb05 : OMS7-N: Integrate OverlayManagerService into framework [3/11] <Mårten Kongstad> 8 months ago
99ec0f4 : OMS7-N: Introduce the OverlayManagerService [2/11] <Mårten Kongstad> 1 year, 1 month ago
b48c2f0 : OMS7-N: Support tagging resources as OK to overlay [1/11] <Mårten Kongstad> 1 year, 1 month ago
ebd7fff : windowmanager: Add support for blur effects <Steve Kondik> 3 months ago
f74093d : Revert "PlatLogo: Show lineage platlogo when tapping on LineageOS version" <DHOMD> 26 hours ago
b5aa705 : PlatLogo: Show lineage platlogo when tapping on LineageOS version <Michael Bestas> 2 years, 2 months ago
 
**** cmold:android_kernel_lge_hammerhead ****
763928b : power: max17048: Fix reported battery current <fluxi> 6 months ago
 
**** cmold:android_kernel_oneplus_msm8996 ****
67c70df : tunnels: Fix an upstream mismerge <dianlujitao> 11 hours ago
8433e5c : Linux 3.18.47 <Sasha Levin> 31 hours ago
e6d4877 : op3: defconfig: enable sdcardfs <Alexander Martinz> 8 weeks ago
0119731 : ANDROID: sdcardfs: Fix locking issue with permision fix up <Daniel Rosenberg> 3 weeks ago
c5de817 : sdcardfs: Flag files as non-mappable <fluxi> 3 months ago
06b9073 : sdcardfs: Change magic value <Daniel Rosenberg> 9 weeks ago
64ecaa3 : sdcardfs: Use per mount permissions <Daniel Rosenberg> 3 months ago
9b6a96a : sdcardfs: Add gid and mask to private mount data <Daniel Rosenberg> 3 months ago
45247c3 : sdcardfs: User new permission2 functions <Daniel Rosenberg> 3 months ago
14cbc12 : vfs: Add setattr2 for filesystems with per mount permissions <Daniel Rosenberg> 3 months ago
edd66d2 : vfs: Add permission2 for filesystems with per mount permissions <Daniel Rosenberg> 3 months ago
0261eab : vfs: Allow filesystems to access their private mount data <Daniel Rosenberg> 3 months ago
b3864c5 : mnt: Add filesystem private data to mount points <Daniel Rosenberg> 3 months ago
e05b8b7 : sdcardfs: Move directory unlock before touch <Daniel Rosenberg> 4 months ago
b4fc387 : sdcardfs: fix external storage exporting incorrect uid <alvin_liang> 4 months ago
81e8ac1 : sdcardfs: Added top to sdcardfs_inode_info <Daniel Rosenberg> 8 months ago
d35c722 : sdcardfs: Switch package list to RCU <Daniel Rosenberg> 8 months ago
efe1ad2 : sdcardfs: Fix locking for permission fix up <Daniel Rosenberg> 5 months ago
af8aac3 : sdcardfs: override umask on mkdir and create <Daniel Rosenberg> 9 months ago
d999446 : Fix compilation error <Paul Lawrence> 3 months ago
d48a088 : Revert "sdcardfs: Fix compilation issues" <Alexander Martinz> 8 weeks ago
fd8343a : Revert "sdcardfs: override umask on mkdir and create" <Alexander Martinz> 8 weeks ago
d25195a : Revert "sdcardfs: Add support for parsing Android's package list" <Alexander Martinz> 8 weeks ago
f35a476 : Revert "sdcardfs: Fix locking" <Alexander Martinz> 8 weeks ago
937d5e1 : Revert "sdcardfs: Added top to sdcardfs_inode_info" <Alexander Martinz> 8 weeks ago
f3d8949 : Revert "sdcardfs: Turn off packagelist fetching by default" <Alexander Martinz> 8 weeks ago
594b9eb : BACKPORT: mm: avoid setting up anonymous pages into file mapping <Kirill A. Shutemov> 1 year, 7 months ago
f087000 : gro: Allow tunnel stacking in the case of FOU/GUE <Alexander Duyck> 10 months ago
dd4fff2 : tunnels: Don't apply GRO to multiple layers of encapsulation. <Jesse Gross> 10 months ago
218e207 : net: Use more bit fields in napi_gro_cb <Tom Herbert> 1 year, 11 months ago
59aabf3 : net: ipv4: Convert IP network timestamps to be y2038 safe <Deepa Dinamani> 11 months ago
bd73bf4 : ipip: Properly mark ipip GRO packets as encapsulated. <Jesse Gross> 10 months ago
a861b92 : sg_write()/bsg_write() is not fit to be called under KERNEL_DS <Al Viro> 5 weeks ago
77e36d7 : fs: exec: apply CLOEXEC before changing dumpable task flags <Aleksa Sarai> 4 weeks ago
59e6ec3 : IB/cma: Fix a race condition in iboe_addr_get_sgid() <Bart Van Assche> 4 weeks ago
c318c81 : Revert "ALSA: usb-audio: Fix race at stopping the stream" <Takashi Iwai> 4 weeks ago
1eb7f3e : drivers/gpu/drm/ast: Fix infinite loop if read fails <Russell Currey> 5 weeks ago
fcc5da2 : target/user: Fix use-after-free of tcmu_cmds if they are expired <Andy Grover> 8 weeks ago
3386c47 : scsi: avoid a permanent stop of the scsi device's request queue <Wei Fang> 5 weeks ago
8dcd21b : IPoIB: Avoid reading an uninitialized member variable <Bart Van Assche> 8 weeks ago
9cdff4f : block_dev: don't test bdev->bd_contains when it is not stable <NeilBrown> 5 weeks ago
ad6be98 : Input: drv260x - fix input device's parent assignment <Jingkui Wang> 5 weeks ago
2eb056b : libceph: verify authorize reply on connect <Ilya Dryomov> 7 weeks ago
91a34ab : ALSA: hiface: Fix M2Tech hiFace driver sampling rate change <Jussi Laako> 8 weeks ago
81aaf3c : s390/vmlogrdr: fix IUCV buffer allocation <Gerald Schaefer> 9 weeks ago
023a7e0 : kconfig/nconf: Fix hang when editing symbol with a long prompt <Ben Hutchings> 8 weeks ago
6fc6cae : SUNRPC: fix refcounting problems with auth_gss messages. <NeilBrown> 7 weeks ago
0d39ae1 : ext4: return -ENOMEM instead of success <Dan Carpenter> 6 weeks ago
7976224 : nfs_write_end(): fix handling of short copies <Al Viro> 5 months ago
1a1f89b : fgraph: Handle a case where a tracer ignores set_graph_notrace <Steven Rostedt (Red Hat)> 6 weeks ago
 
**** cmold:android_kernel_oneplus_onyx ****
9d6de57 : onyx: defconfig: Enable RPFILTER <Ashwin Ramesh> 4 weeks ago
e3b7647 : onyx: defconfig: Enable sdcardFS <Ashwin Ramesh> 6 weeks ago
84ac223 : sdcardfs: Remove stale dentries when reusing an inode. <Daniel Rosenberg> 5 months ago
4dbb240 : sdcardfs: Fix issue with d_child move <Daniel Rosenberg> 10 months ago
3f9ff5f : sdcardfs: Added top to sdcardfs_inode_info <Daniel Rosenberg> 8 months ago
3073f23 : sdcardfs: Fix locking <Daniel Rosenberg> 8 months ago
92e53fa2 : sdcardfs: Check for other cases on path lookup <Daniel Rosenberg> 9 months ago
13a1c6b : sdcardfs: override umask on mkdir and create <Daniel Rosenberg> 9 months ago
b96fa7e : ANDROID: sdcardfs: fix itnull.cocci warnings <Julia Lawall> 8 months ago
dbc2fe2 : sdcardfs: Truncate packages_gid.list on overflow <Daniel Rosenberg> 7 months ago
5e51998 : fuse: Add support for d_canonical_path <Daniel Rosenberg> 9 months ago
0e63d49 : vfs: change d_canonical_path to take two paths <Daniel Rosenberg> 9 months ago
c971eee : sdcardfs: remove unneeded __init and __exit <Daniel Rosenberg> 10 months ago
3633e83 : sdcardfs: Remove unused code <Daniel Rosenberg> 10 months ago
50c59a5 : inotify: Fix erroneous update of bit count <Daniel Rosenberg> 10 months ago
677820a : sdcardfs: Add support for d_canonicalize <Daniel Rosenberg> 11 months ago
ea284ef : vfs: add d_canonical_path for stacked filesystem support <Daniel Rosenberg> 11 months ago
f622f41 : sdcardfs: Bring up to date with Android M permissions: <Daniel Rosenberg> 12 months ago
ce9f6dc : sdcardfs: Changed type-cast in packagelist management <Daniel Campello> 1 year, 7 months ago
817f0fb : sdcardfs: Port to 3.4 <fluxi> 6 months ago
e4232e8 : get rid of kern_path_parent() <Al Viro> 4 years, 7 months ago
5d0a947 : Included sdcardfs source code for kernel 3.0 <Daniel Campello> 1 year, 6 months ago
14fd030 : platform: msm: Fix compile when CONFIG_PFT is not set <Ethan Chen> 2 years, 7 months ago
5926eca : onyx: defconfig: Disable PFT <Ashwin Ramesh> 11 days ago
c3be944 : move d_rcu from overlapping d_child to overlapping d_alias <Al Viro> 2 years, 3 months ago
de86112 : onyx_defconfig: Enable appened DTB <Ashwin Ramesh> 3 months ago
60cb2ea : ARM: dts: 15055: format strings for MM OTA bootloader <engstk> 5 months ago
 
**** cmold:android_kernel_samsung_jf ****
d51a0c0 : jf: defconfig: enable lzma on ramdisk <Jose Adolfo Galdamez> 5 months ago
 
**** cmold:android_kernel_samsung_klte ****
6a7e30c : ASoC: msm: lock read/write when add/free audio ion memory <Walter Yang> 5 days ago
11bbd0c : drivers: soc: Add buffer overflow check for svc send request <Josh Kirsch> 6 days ago
9ab5d21 : ecryptfs: don't allow mmap when the lower fs doesn't support it <Jeff Mahoney> 7 months ago
 
**** cm:LineageOS/android_packages_apps_FlipFlap ****
f7abb24 : Pass actual telephony state to the case view <Christopher R. Palmer> 29 hours ago
55e6630 : Move the caller name normalization down to DotcaseView <Christopher R. Palmer> 29 hours ago
6dcea1c : FlipFlap: move onScroll() to Dotcase View <Jason Riordan> 9 days ago
 
**** vanir:packages_apps_Settings ****
8dd4334 : Revert "settings: Remove lock screen blur stuff breaking build" <Zhao Wei Liew> 2 days ago
 
**** cm:LineageOS/android_vendor_codeaurora_telephony ****
aa95fdb : Suboptimal way of fixing Pixue builds <DHOMD> 3 hours ago
 
**** github:TheMuppets/proprietary_vendor_google ****
9e6c7b1 : marlin: add libuiblur <Dan Pasanen> 11 days ago
 
**** github:boulzordev/proprietary_vendor_motorola_athene ****
b5f1153 : athene: switch to N sensors firmware <Vachounet> 18 hours ago
 
**** github:TheMuppets/proprietary_vendor_oneplus ****
4ffd5c5 : op3: Update camera blobs <dianlujitao> 8 days ago
 
**** vanir:vendor_samsung ****
9c33639 : klte: Regenerate makefiles <Kevin F. Haggerty> 3 days ago
 
**** vanir:vendor_vanir ****
925e108 : Update the substratum merger <DHOMD> 21 minutes ago
e4256e4 : extract_utils: Detect output existence before moving it for backup <Adrian DC> 5 days ago
 
