
**** vanir:build ****
aef1f08 : Hacks <DHOMD> 8 months ago
0407535 : envsetup: Fix aosp & caf remote <luca020400> 2 days ago
0c03d1e : Added DataUsageProvider to the build <Gary Kipnis> 2 days ago
457da7b : build: Fix manual invocation of aar targets. <Adnan Begovic> 5 days ago
b5332f9 : build: Make sure to check for variable definition during execution. <Adnan Begovic> 5 days ago
1efc554 : build: allow to set a consumer proguard file <Jorge Ruesga> 8 days ago
f30ec8b : "MOB30J" <The Android Automerger> 3 weeks ago
de6dc95 : "MOB30I" <The Android Automerger> 4 weeks ago
571de13 : "MOB30H" <The Android Automerger> 4 weeks ago
46d1699 : "MOB30G" <The Android Automerger> 6 weeks ago
7feafe7 : "MOB30F" <The Android Automerger> 6 weeks ago
85ff546 : "MOB30E" <The Android Automerger> 6 weeks ago
c8641b4 : Update Security String to 2016-05-01 in preparation for May 2016 Security OTA <Zach Jang> 7 weeks ago
 
**** samba:ccache.git ****
9bfc21b : Only set SA_RESTART if it is defined <Joel Rosdahl> 26 hours ago
 
**** cm:CyanogenMod/android_device_cyanogen_msm8939-common ****
970b428 : bluetooth: Set operating voltage <Ricardo Cerqueira> 4 months ago
b26806c : audio: Add appropriate permission for avtimer driver <Shiv Maliyappanahalli> 1 year, 2 months ago
 
**** vanir:device_htc_flounder ****
7936528 : Flounder : Update build fingerprint to MOB30G <Joshndroid> 3 days ago
 
**** vanir:device_htc_m8 ****
1f50170 : init: Import latest properties from M stock images <Bruno Martins> 8 days ago
70c0c18 : Revert "ril: Return static radio capability from getRadioCapability" <Bruno Martins> 9 days ago
55b5e7c : m8: Update GPS/QMI/RIL blobs from M <Bruno Martins> 9 days ago
 
**** cm:CyanogenMod/android_device_htc_m8-common ****
5f0de6c : m8-common: Fix blobs extraction when using adb pull <Bruno Martins> 7 days ago
e3613bd : m8-common: Update proprietary files list <Bruno Martins> 7 days ago
40b3151 : m8: remove mba firmware link creation <Dan Pasanen> 26 hours ago
ddb001f : Revert "m8-common: Set radio access family" <Bruno Martins> 9 days ago
f260b25 : m8-common: Add header for rild compilation <Ethan Chen> 4 months ago
1afb64f : m8-common: Update GPS/QMI/RIL blobs from M <Bruno Martins> 9 days ago
 
**** cm:CyanogenMod/android_device_htc_m8dug ****
f4137b0 : m8d: Fix network search <Bruno Martins> 2 days ago
0f1163d : m8d: Get rid of the custom RIL class <Bruno Martins> 9 days ago
5c6ec8f : m8d: Update GPS/QMI/RIL blobs from M <Bruno Martins> 9 days ago
 
**** cm:CyanogenMod/android_device_htc_msm8974-common ****
f1ee9fd : msm8974: symlink mba firmware too <Dan Pasanen> 24 hours ago
957b02d : msm8974: disable clang build <Dan Pasanen> 26 hours ago
73da2fe : msm8974-common: Update GPS configuration <Bruno Martins> 4 days ago
3fd13ac : msm8974-common: Add remaining GPS configuration <Bruno Martins> 7 days ago
09c5dbd : msm8974-common: Update IPC security config <Bruno Martins> 8 days ago
9524f27 : msm8974-common: Build additional RIL packages from sources <Bruno Martins> 9 days ago
b2ef5b7 : msm8974-common: Skip libril compilation <Ethan Chen> 4 months ago
f40fea3 : msm8974-common: Remove redundant BT init script <Bruno Martins> 3 days ago
 
**** cm:CyanogenMod/android_device_htc_ville ****
87e979d : ville: Clean up makefile inheritance/ordering <Ethan Chen> 2 days ago
682358e : ville: Remove extra AAPT_CONFIG <Ethan Chen> 2 days ago
e3ee1fb : ville: Update FM radio packages <Ethan Chen> 2 days ago
b1fe161 : ville: Organize boardconfig <Ethan Chen> 2 days ago
78d7a94 : ville: Remove deprecated vold flags <Ethan Chen> 2 days ago
f5e39f0 : ville: Clean up Android.mk <Ethan Chen> 2 days ago
752328f : ville: Remove deprecated USB OTG property <Ethan Chen> 2 days ago
219b6f7 : ville: Remove HTC sound config <Ethan Chen> 2 days ago
fa86b61 : ville: Remove AndroidBoard.mk, AndroidProducts.mk <Ethan Chen> 2 days ago
4fa3e67 : ville: Delay storage symlink creation <Matt Mower> 6 days ago
 
**** vanir:device_huawei_angler ****
c205a7f : Add HotwordEnrollment and enable BOARD_SUPPORTS_SOUND_TRIGGER <Sam Mortimer> 3 months ago
2f3245e : Add HotwordEnrollment and enable BOARD_SUPPORTS_SOUND_TRIGGER <Sam Mortimer> 3 months ago
fe85f31 : angler: add missing drm prop <beanstown106> 5 months ago
486bc68 : angler: facelock properties <beanstown106> 6 months ago
 
**** vanir:device_lge_bullhead ****
9696417 : bullhead: Update fingerprint to MTC19T <Akhil Narang> 3 days ago
f29a4a1 : bullhead: Enable sound trigger <Steve Kondik> 6 weeks ago
 
**** vanir:device_lge_g3-common ****
7987c26 : g3: init: set perf mode in recovery during installs <Steve Kondik> 4 months ago
1080b01 : g3: enable adaptive lmk <Dan Pasanen> 6 months ago
ebb5948 : g3: init: update init.g3*.rc <Hendrik Hagendorn> 3 days ago
61234cd : g3: init: move power items to separate file <Hendrik Hagendorn> 3 days ago
bc85481 : g3: fix nfc device sepolicy <Hendrik Hagendorn> 8 hours ago
14fd57a : g3: update permissions <Kasual> 6 weeks ago
e56919c : g3: Set bluetooth operating voltage <Hendrik Hagendorn> 3 days ago
 
**** cm:CyanogenMod/android_device_lge_g4-common ****
065a241 : G4: ship gello <Erwan Leboucher> 7 hours ago
 
**** cm:CyanogenMod/android_device_lge_ls990 ****
683113a : ls990: add network technologies <Kasual> 26 hours ago
 
**** cm:CyanogenMod/android_device_motorola_condor ****
a94df03 : condor: MotoDoze moved here <Sultan Qasim Khan> 2 days ago
a8ccd6f : condor: commonize almost all blobs <Sultan Qasim Khan> 6 weeks ago
 
**** cm:CyanogenMod/android_device_motorola_lux ****
ef41170 : init: disable bcl hotplug when switching cpu governor <Dan Pasanen> 7 days ago
 
**** cm:CyanogenMod/android_device_motorola_msm8610-common ****
3feda8f : msm8610-common: move MotoDoze to condor <Sultan Qasim Khan> 2 days ago
074b297 : msm8610-common: commonize almost all blobs <Sultan Qasim Khan> 6 weeks ago
1d4ebf3 : msm8610-common: Remove init.qcom.ssr.sh <LuK1337> 5 days ago
 
**** cm:CyanogenMod/android_device_motorola_otus ****
97b2508 : otus: Introduce CMActions <Sultan Qasim Khan> 2 days ago
e6ec3fc : otus: commonize almost all blobs <Sultan Qasim Khan> 6 weeks ago
 
**** vanir:device_oneplus_bacon ****
29d2cbb : bacon: set BOARD_VENDOR_QCOM_LOC_PDK_FEATURE_SET <Scott Mertz> 3 days ago
 
**** github:AndroidNoob69/android_device_oneplus_onyx ****
c7cd1ca : full_onyx.mk <Carlsen Teo> 19 hours ago
aa39d7f : onyx: doze: Add a service to mimic OOS Ambient Display <Ashwin Ramesh> 2 days ago
045df69 : onyx: Bring back bdAddrLoader <Ashwin Ramesh> 2 days ago
bb0c2aa : onyx: Use OnePlus' default MAC prefix <Ashwin Ramesh> 2 days ago
4741692 : onyx: Update bluetooth sepolicy <Michael Bestas> 13 days ago
857d8ca : onyx: Update Audio Configuration <Ashwin Ramesh> 9 days ago
306403c : onyx: Update Audio Flags <Ashwin Ramesh> 11 days ago
5132f83 : onyx: Add a README <Ashwin Ramesh> 11 days ago
8a6f23b : onyx: OMX: Don't compile deprecated libs <Ashwin Ramesh> 11 days ago
0abba53 : onyx: Offer a more viable Brightness setting <Ashwin Ramesh> 13 days ago
ca7f0ee : onyx: Rework BT MAC Reading <Ashwin Ramesh> 2 weeks ago
225793a : Revert "onyx: Fixup BT Mac generation" <Ashwin Ramesh> 2 weeks ago
aa15360 : onyx: cm.dependencies: Remove vendor_qcom_opensource_time-services <Ashwin Ramesh> 2 weeks ago
92c08fb : onyx: Fixup BT Mac generation <Ashwin Ramesh> 3 weeks ago
fd429fe : onyx: Fix MIC mute issue when using Hangouts <Ashwin Ramesh> 4 weeks ago
14819ef : onyx: Update QMI/QCRIL blobs from ham <Ashwin Ramesh> 7 weeks ago
3fa65e9 : onyx: Remove debugfs mounting <Steve Kondik> 8 weeks ago
 
**** cm:CyanogenMod/android_device_oppo_msm8974-common ****
7be37bc : msm8974: set BOARD_VENDOR_QCOM_LOC_PDK_FEATURE_SET <Scott Mertz> 3 days ago
d5f1694 : msm8974: Add wvdrmengine to proprietary list <Keith Mok> 5 days ago
 
**** vanir:device_qcom_common ****
571464a : power-8992: Add prefetcher support <Steve Kondik> 35 hours ago
2d717c8 : power-8992: Fix boost and screen off params <Steve Kondik> 2 days ago
 
**** vanir:device_samsung_klte-common ****
5ca0f19 : klte-common: Use LZ4 for memory compression <Steve Kondik> 3 weeks ago
79a8b05 : klte-common: Enable ZRAM and ZCACHE <Steve Kondik> 3 weeks ago
 
**** vanir:device_samsung_kona-common ****
2212bd6 : kona : fix flickering UI <RGIB> 2 days ago
 
**** cm:CyanogenMod/android_device_samsung_noblelte-common ****
6e963d5 : audio: Wait 50 usecs before loading new firmware modes to the DSP <Christopher N. Hesse> 2 days ago
1e81aab : noblelte: Add audio processing blobs <Christopher N. Hesse> 2 days ago
7deffb8 : noblelte: Remove compress offload path <Christopher N. Hesse> 2 days ago
028b192 : Revert "noblelte: Use low latency as primary output path" <Christopher N. Hesse> 2 days ago
12130a8 : noblelte: Rework audio processing config <Christopher N. Hesse> 2 days ago
 
**** cm:CyanogenMod/android_device_sony_nicki ****
28ea74f : nicki: Change order of interactive sysfs node <AdrianDC> 3 days ago
 
**** vanir:device_xiaomi_cancro ****
b5f2d5e : cancro: remove duplicated file_contexts entry <jrizzoli> 4 days ago
 
**** cm:CyanogenMod/android_external_powertop ****
e675054 : powertop: Build for arm64 too <Steve Kondik> 2 days ago
 
**** vanir:external_stagefright-plugins ****
e79e6f1 : stagefright-plugins: Fix crash if nal size is not 3/4 <Keith Mok> 5 days ago
 
**** cm:CyanogenMod/android_external_cyanogen_UICommon ****
9ba0e80 : Add StopMotionVectorDrawable to uicommon <d34d> 3 days ago
 
**** vanir:frameworks_av ****
eb6bd31 : Revert "cameraservice: Run HAL3 in Non ZSL mode". <Sanjeev Garg> 5 weeks ago
e67a2ba : soundtrigger: fill in default extras from dsp <Roman Birg> 4 days ago
a2f121f : soundtrigger: fill in default extras from dsp <Roman Birg> 4 days ago
 
**** vanir:frameworks_base ****
c241b7e : SystemUI: Update cached weather data when temperature unit changes <Luis Vidal> 5 days ago
9d04814 : perf: Send the process name and pid for launch boosts <Steve Kondik> 35 hours ago
a3cdad2 : SysUI: Make sure LLS focus is false when unlocking <d34d> 26 hours ago
28393c9 : Add new options for call waiting response in InCallUI <Kamaljeet Maini> 2 weeks ago
35c5005 : fw: Provide system context to EnableAccessibilityController. <Adnan Begovic> 2 days ago
91c526f : Themes: Expose manifest styles for framework activities <Bryan Owens> 2 days ago
a7014af : Revert "Themes: Expose manifest styles for themes" <Clark Scheff> 2 days ago
62e6a40 : Themes: Expose manifest styles for themes <Bryan Owens> 2 days ago
aec68c4 : SystemUI: LiveDisplay is not translatable <Michael Bestas> 2 days ago
c54e112 : Fix CustomQSTile build <nuclearmistake> 2 days ago
40e8e4c : Lockscreen : Bunch-o-fixes <Danesh M> 4 weeks ago
a77b5bc : server: modify network stat plugin framework <Bryse Flowers> 5 months ago
a429e47 : SystemUI: bail out of recents-to-home animation when losing focus <Roman Birg> 7 months ago
26c932e : SystemUI: implement properly saving tile locations <Roman Birg> 3 days ago
8aefa31 : Fix revert build breakage <Stephen Bird> 3 days ago
db0e699 : systemui: Fix the TrustDrawable animation state <Steve Kondik> 3 days ago
82a138e : pms: Skip reinstall of prebundles correctly per user. <Adnan Begovic> 4 days ago
5d52a18 : Partially revert "Merge tag 'android-6.0.1_r22' of https://android.googlesource.com/platform/frameworks/base into cm-13.0" <Michael Bestas> 6 days ago
305fc23 : SysUI: Show keyguard when LLS dies and had focus <d34d> 8 days ago
ef03777 : batteryservice: Add support for segmented power LEDs <Steve Kondik> 5 days ago
d8a30fc : SystemUI: avoid lock screen shortcut picker crash <Roman Birg> 4 days ago
 
**** vanir:frameworks_opt_telephony ****
f13c387 : SubscriptionController: properly detect when MSIM has 1 SIM <Roman Birg> 2 days ago
889e470 : Revert "SubscriptionController: don't lock sms prompt state" <Roman Birg> 2 days ago
e638e47 : SubscriptionController: don't lock sms prompt state <Roman Birg> 4 days ago
2308fc2 : Add new networktypes in sim status <Ravi Banuri> 4 months ago
02834f0 : Single digit MMI codes cause CTS to fail <Abhishek G> 4 days ago
 
**** vanir:hardware_libhardware ****
397277c : hardware: Add definition for launch boost info <Steve Kondik> 35 hours ago
 
**** cm:CyanogenMod/android_hardware_qcom_audio ****
4bbcbac : hal: Shush some debug logging <Steve Kondik> 1 year, 2 months ago
7020010 : policy_hal: Reject offload path for AV streaming usecase <Manish Dewangan> 7 months ago
 
**** cm:CyanogenMod/android_hardware_qcom_audio ****
886c244 : hal: remove explicit direct pcm usecase <vivek mehta> 8 months ago
f6cd4f7 : hal: stop sound trigger buffering during close <Mingming Yin> 4 months ago
4fb2812 : hal: don't allow track offload if there's active sw effect <Weiyin Jiang> 3 months ago
bfe1cc3 : hal: Fix 44.1Khz playback when native support is not enabled <Amit Shekhar> 4 months ago
dc520bc : libaudiopolicymanager: DirectPCM: fix 44.1 clip playing noisy issue <vivek mehta> 5 months ago
b73a764 : audio: Extend platform parser to allow device name aliasing <Ethan Chen> 1 year, 8 months ago
64387ed : hal: Fix voice call recording <solk2> 1 year, 8 months ago
91c7d6b : hal: Fix digital USB headset combo device <Steve Kondik> 1 year, 8 months ago
be6fdfc : hal: Clean up compilation warnings <Steve Kondik> 1 year, 5 months ago
13ba1b4 : hal: Add support for audio amplifier HAL <Ethan Chen> 3 years ago
381b7a0 : audio: Configure CM default feature set <Steve Kondik> 1 year, 5 months ago
b25084a : hal: Allow building hardware audio encoders <Arne Coucheron> 1 year, 3 months ago
f48de3d : audio: Use project pathmap <Ethan Chen> 5 months ago
1362fc7 : audio: Only allow non-legacy HAL <Ethan Chen> 5 months ago
b5b6d33 : hal: Update format table with AAC ADTS formats. <Ashish Jain> 6 months ago
102616d : HAL: Identify the track offload session <Sharad Sangle> 5 months ago
d7eaf2b : HAL: Identify Track offload session <Alexy Joseph> 6 months ago
8c21ad7 : Merge DAX2 changes <Gao Jie> 6 months ago
12467a1 : hal: Use AUDIO_TX_MONO_COPP topology for incall record usecases <Karthik Reddy Katta> 6 months ago
 
**** cm:CyanogenMod/android_hardware_qcom_audio ****
c2a5562 : extn: dolby: fix unused variable warnings <Dan Pasanen> 2 days ago
 
**** vanir:hardware_qcom_audio ****
9220ba6 : audio: Hacks for sound trigger <Steve Kondik> 6 weeks ago
f4ee683 : hal: reset backend configuration before speaker calibration <Vidyakumar Athota> 4 months ago
45ed070 : hal: Various upstream fixes and sanity checks <Steve Kondik> 3 weeks ago
2a77bee : hal: stop sound trigger buffering during close <Mingming Yin> 4 months ago
fa2825b : audio: Hacks for sound trigger <Steve Kondik> 6 weeks ago
 
**** cm:CyanogenMod/android_hardware_qcom_display ****
580ab63 : hwc: Start with ROI set to destination <Arun Kumar K.R> 7 months ago
 
**** cm:CyanogenMod/android_hardware_qcom_display ****
7b9a3a1 : hwc/overlay: Validate cursor position in hwc_setPositionAsync <Baldev Sahu> 2 months ago
4c401f0 : hwc: Fix sanitize ROI func <Ramakant Singh> 3 months ago
6dab9c9 : hwc: Apply Default Mode on real framework start <Sravan Kumar D.V.N> 3 months ago
732b9ac : qdutils: Correct the hwc-driver mismatch <Ramakant Singh> 3 months ago
f1e2905 : hwc: remove local constant DISPLAY_ATTRIBUTES list <Ramakant Singh> 3 months ago
a74edfb : hwc: Remove references to display-frameworks <Ethan Chen> 4 months ago
c7cce05 : hwc: Fix compile errors after display-frameworks removal <Arne Coucheron> 4 months ago
b375570 : hwc: Support for QDCM Preference when PU enabled <Nitesh Gupta> 5 months ago
cc1ec84 : hwc: Set ioprio for vsync thread <Steve Kondik> 8 months ago
7516867 : Don't build lights module if vendor supplies it <Steve Kondik> 1 year, 6 months ago
730d245 : Revert "hqd: Use MSM_VIDC_TARGET_LIST for Venus color format" <Ethan Chen> 5 months ago
bc1215a : display: Use project pathmap <Ethan Chen> 1 year, 6 months ago
c324d73 : hwc: Set DefaultMode after bootup completion <Ramakant Singh> 5 months ago
8a6e7c9 : gralloc: Add a private flag for INTERNAL only <Arun Kumar K.R> 8 months ago
394c830 : hwc: Donot update dynamic-fps when device is not active <Ramakant Singh> 7 months ago
8f21571 : hwc: Do not wait for MDSS fence for layers with rotation <Dileep Kumar Reddi> 7 months ago
d2c5ca0 : hwc: Start with ROI set to destination <Arun Kumar K.R> 7 months ago
9ef4d8c : hwc: Set minfps as part of timeout_handler during idlefallback <Ramakant Singh> 7 months ago
0d616ba : Revert "hwc: Relax format change restrictions for certain targets" <Dileep Kumar Reddi> 7 months ago
213ead5 : Default flexible YUV format to NV21 <Tanmaya Godbole> 9 months ago
ed75fdb : hwc: Reset refresh-rate for few cases as part of timeout handler <Dileep Kumar Reddi> 7 months ago
56ed396 : gralloc: Add support for PRIV_FLAGS_DISP_CONSUMER <Surajit Podder> 11 months ago
a2d5295 : hwc: Support ActionSafe on targets with non-scaling RGB pipes. <Sandeep Panda> 8 months ago
248378d : gralloc: Use adreno_utils api for NV21 and NV12 alignment <Sushil Chauhan> 8 months ago
037d21d : hwc: Use basePipe for fullscreen and opaque layer <Pullakavi Srinivas> 8 months ago
77ec4ef : gralloc: Modify check for uncompressed RGB buffers <Naomi Luis> 8 months ago
449fbe0 : hwc: Use aligned width and height <Dileep Kumar Reddi> 8 months ago
02dbc50 : Revert "HWC: use aligned width and height for rearranging ROI" <Dileep Kumar Reddi> 8 months ago
cd7217a : hwc: Support ActionSafe on targets with non-scaling RGB pipes. <Sandeep Panda> 8 months ago
eed742d : overlay: add tertiary display definition in overlay <Vinu Deokaran> 8 months ago
a029479 : hwc: Validate display ID in hwc interface <Arun Kumar K.R> 8 months ago
09441c1 : gralloc: Add missing changes related to RAW16 <Raj Kamal> 9 months ago
7ea10c5 : hwc: Use basePipe for fullscreen and opaque layer <Pullakavi Srinivas> 8 months ago
c039f6e : hwc: Use aligned width and height <Dileep Kumar Reddi> 8 months ago
60cbe72 : Revert "HWC: use aligned width and height for rearranging ROI" <Dileep Kumar Reddi> 8 months ago
2e918bf : hwc: Avoid idlefallback during video playback <Raj Kamal> 9 months ago
fbe5a60 : HWC: use aligned width and height for rearranging ROI <Dileep Kumar Reddi> 9 months ago
597b313 : hwc: Featurize HWC_DISPLAY_SECURE <Raj Kamal> 9 months ago
eb4d7a6 : hwc: Use HWC_DISPLAY_NO_ATTRIBUTE as terminator. <Prabhanjan Kandula> 9 months ago
410ba7c : hwc : Normalize source crop before validating scaling limits. <Prabhanjan Kandula> 9 months ago
95fef31 : hwc: Relax format change restrictions for certain targets <Dileep Kumar Reddi> 9 months ago
42a1c98 : hwc: Changes for display-hal compilation with QTI_BSP enabled <Ramakant Singh> 9 months ago
c772eec : hwc: Do not use Borderfill pipe for composition in WFD <Dileep Kumar Reddi> 9 months ago
e5268fd : hwc/overlay: Pass handle w/h and crop w/h through fb_image field <Arun Kumar K.R> 10 months ago
5d39f02 : hwc: Log warning instead of mHDMIClient object not available <Dileep Kumar Reddi> 9 months ago
55b3489 : hwc: Ignore float-conversion for included headers <Naseer Ahmed> 9 months ago
82fe9c6 : hwc: Do not consider rotation for smart blit <Ramakant Singh> 10 months ago
dd689ff : hwc: Do not create idle invalidator for MDP3 targets <Dileep Kumar Reddi> 9 months ago
c58836b : hwc: Align ROI's width and height in both directions <Dileep Kumar Reddi> 9 months ago
19f2250 : hwc: Fix SF crash due to SIGSEGV error <Raj Kamal> 10 months ago
 
**** cm:CyanogenMod/android_hardware_qcom_display ****
17f2d38 : Don't build lights module if vendor supplies it <Steve Kondik> 1 year, 6 months ago
420cc3a : msm8996: remove unused qcom features <Scott Mertz> 5 months ago
5bdcfa4 : Additional pathmap & build fixes <Scott Mertz> 5 months ago
e80bb52 : display: Use project pathmap <Ethan Chen> 1 year, 6 months ago
e04e869 : Remove usage of MASTER_SIDE_CP_TARGET_LIST <Scott Mertz> 5 months ago
3fd7d00 : Revert "hqd: Use MSM_VIDC_TARGET_LIST for Venus color format" <Scott Mertz> 5 months ago
99aa8ca : sdm: Fix uninitialized HWLayers object <Saurabh Shah> 5 months ago
572b2bf : sdm: Do not copy surfaceDamage rects for SKIP layers <Sushil Chauhan> 5 months ago
074314d : gralloc: Add support for PRIV_FLAGS_DISP_CONSUMER <Surajit Podder> 11 months ago
8f8f6c7 : sdm : Add support for dynamic BW limit management <Prabhanjan Kandula> 7 months ago
83a945b : libqdutils: Refer to standard definitions for display types. <Dileep Marchya> 6 months ago
f29ff14 : sdm: Fix buffer overflow <Manoj Kumar AVM> 6 months ago
99ef378 : sdm: HWDevice: Set correct HWDisplayMode <Arun Kumar K.R> 6 months ago
ddca4e7 : sdm: Remove unused function in rect utility <Manoj Kumar AVM> 6 months ago
8d22bad : sdm: Fix memory leaks. <Dileep Marchya> 6 months ago
1c3f9a3 : hwc: Handle SBM operation set for all layers <Saurabh Shah> 6 months ago
b8067a4 : qdMetadata: Use uint32_t instead of bool <Saurabh Shah> 6 months ago
a0db84b : sdm: hdmi: Set the default grayscale value to RGB888 <Tatenda Chipeperekwa> 7 months ago
e94e78c : sdm: Add bandwidth and clock members <Sushil Chauhan> 9 months ago
959863b : sdm: Update HWPanelInfo during primary resolution switch <Sushil Chauhan> 6 months ago
b8ecfbf : display: Enable clang for all display modules <Naseer Ahmed> 6 months ago
63e8c95 : sdm: Source crop top needs adjustment for interlaced <Sushil Chauhan> 6 months ago
f1c8357 : sdm: Remove closing of fd during Sync operations <Manoj Kumar AVM> 6 months ago
44e2be1 : sdm: Do not process blit configuration for zero app layers. <Dileep Marchya> 6 months ago
61ef29b : sdm: Add support for single buffer layers <Saurabh Shah> 7 months ago
a816961 : sdm: Use FB resolution for virtual display <radhakrishna> 6 months ago
a0394ad : qdMetaData: Remove unused metadata fields. <Arun Kumar K.R> 6 months ago
50ff0bb : sdm: Panel name retrieval support <Dileep Marchya> 7 months ago
95f8368 : gralloc/metadata: Add support for single buffer mode <Saurabh Shah> 7 months ago
d7131e6 : sdm: Add support for UBWC in C2D <radhakrishna> 7 months ago
67c1f90 : sdm: Allow draw cycle in doze state. <Dileep Marchya> 6 months ago
5fb6d40 : sdm: Perform GPU target layer validation. <Manoj Kumar AVM> 7 months ago
226646c : sdm: Populate correct WB index for virtual <radhakrishna> 7 months ago
3edaf83 : sdm: Read rotator capabilities from driver <radhakrishna> 7 months ago
492ab99 : sdm: Fix ROI and Split info in SF dumpsys <Sushil Chauhan> 7 months ago
a9fb396 : sdm: Remove buffer format validation from hwc wrapper. <Ramkumar Radhakrishnan> 7 months ago
76750f2 : sdm: Add support for YCbCr420 Semiplanar format <Ramkumar Radhakrishnan> 7 months ago
bddb952 : gralloc: Use only metadata for color space <Saurabh Shah> 7 months ago
4a31ec4 : sdm: Make premultiplied as default blending <Saurabh Shah> 7 months ago
e1f01dd : sdm: Flush after first successful commit only. <Dileep Marchya> 7 months ago
1a7e1f1 : sdm: Add support for IGC. <Dileep Marchya> 8 months ago
9b99074 : sdm: Fix memory leaks. <Dileep Marchya> 7 months ago
ec8fe35 : sdm: Fix HDMI & virtual display concurrency. <Dileep Marchya> 7 months ago
d433464 : sdm: Add interface to consider rotator during scaling validation. <Ramkumar Radhakrishnan> 7 months ago
a5b764f : sdm: Add support for minimum encryption level settings for HDCP. <Dileep Marchya> 7 months ago
55fe304 : sdm: Add SPD information for HDMI <Arun Kumar K.R> 7 months ago
06078aa : sdm: Acquire lock during hwcomposer module open and close <Ramkumar Radhakrishnan> 7 months ago
d169be9 : sdm: properly close all the fence Fds <Ping Li> 7 months ago
040a3d0 : sdm: hwc: SetRefreshRate before validate IOCTL <Arun Kumar K.R> 7 months ago
6e43f57 : sdm: Handle/set dynamic fps appropriately <Arun Kumar K.R> 8 months ago
 
**** cm:CyanogenMod/android_hardware_qcom_fm ****
49630ff : Convert regional band arrays to string references <Michael Bestas> 6 hours ago
 
**** cm:CyanogenMod/android_hardware_qcom_media ****
63e48c6 : mm-video-v4l2: venc: add safety checks for freeing buffers <Praveen Chavan> 7 weeks ago
3c9085f : mm-video-v4l2: vdec: add safety checks for freeing buffers <Praveen Chavan> 7 weeks ago
db7c0eb : mm-video-v4l2: vdec: deprecate unused config OMX_IndexVendorVideoExtraData <Praveen Chavan> 7 weeks ago
f53dc8a : mm-video-v4l2: vidc: validate omx param/config data <Sanjay Singh> 3 weeks ago
934a83f : mm-video: swvenc: No longer access 'extradata' fields. <Manikanta Sivapala> 5 months ago
 
**** cm:CyanogenMod/android_hardware_qcom_media ****
ff3940f : mm-video-v4l2: Return correct level support for 8956 <Surajit Podder> 3 months ago
1fd6df0 : mm-video-v4l2: vidc: vdec: handle ftbs during reconfig and port disable <Abdulla Anam> 3 months ago
e9bacff : mm-video-v4l2: venc: check for null pointer <Maheshwar Ajja> 3 months ago
a699a13 : mm-video-v4l2: vdec: set 24 fps framerate for 4k clips <Deepak Kushwah> 4 months ago
bc9e191 : mm-video-v4l2: vidc: Fix race condition with msg thread fd close <Shalaj Jain> 6 months ago
a860362 : mm-video-v4l2: vidc: update thread names <Ashray Kulkarni> 10 months ago
8e66146 : mm-video-v4l2: Add support for prefer adaptive playback extension <Shalaj Jain> 10 months ago
41a5cfd : mm-video: Adjust stride value for planar format <Surajit Podder> 12 months ago
c40cf77 : mm-video: vidc: Reliably stop the message thread <Deepak Kushwah> 5 months ago
62f611d : Fix duplicated OMX.qcom.audio.decoder.aac entry <Keith Mok> 5 months ago
69d6d4b : media: Avoid collision with FFMPEG plugin <Steve Kondik> 5 months ago
610c356 : media: Use project pathmap <Ethan Chen> 5 months ago
dc1b1d4 : mm-video-v4l2: Unmap dropped output buffers <Surajit Podder> 5 months ago
78521c5 : Include kernel header dependency for libOmxVidcCommon <Divya Sharma> 6 months ago
f9c92f0 : mm-video-v4l2: vidc: venc: Fix hybrid HP layer count <Abdulla Anam> 7 months ago
a5dce41 : mm-video-v4l2: Enable get_param to check downscalar enablement <Surajit Podder> 6 months ago
e7743ae : mm-video-v4l2: venc: Add support to enhance hybrid Hier-p mode <Abdulla Anam> 6 months ago
75bc6a6 : mm-video-v4l2: vdec:  release buffer when qbuf to driver fails <Manikanta Kanamarlapudi> 7 months ago
cfeaf87 : mm-video-v4l2: Use client buffer header for FTB <Surajit Podder> 7 months ago
b6c736d : mm-video-v4l2: Disable intra refresh mode on msm8956/76 <Maheshwar Ajja> 7 months ago
a54c5d4 : mm-video-v4l2: vdec: fix fps issues in arbitrary mode <Ashray Kulkarni> 8 months ago
826ba8c : QCMetadata: add a new key for big buffers <Sidipotu Ashok> 7 months ago
ef3143a : QCMetadata: Add key for setBuffers API support <Manikanta Kanamarlapudi> 11 months ago
f178e8b : mm-video-v4l2: venc: support all I frame encoding usecase. <Abdulla Anam> 7 months ago
bcf4fa3 : libstagefrighthw: Add header guard to QComOMXMetadata.h and fix file perms <Deva Ramasubramanian> 8 months ago
e2d287f : mm-video-v4l2: vdec: streamoff while freeing first output buffer <Balamurugan Alagarsamy> 1 year, 5 months ago
f0fc3d0 : mm-video: Disable downscalar for non-display usecase <Surajit Podder> 11 months ago
0997c8a : mm-video: Enable HEVC software encoder OMX component. <Manikanta Sivapala> 8 months ago
8bb96de : mm-video_v4l2: pass crop nWidth and nHeight in reconfig event. <Abdulla Anam> 8 months ago
afb1469 : mm-video-v4l2: Fix downscalar issue <Surajit Podder> 8 months ago
269f6cd : mm-video-v4l2: Fix crash due to divide by zero <Surajit Podder> 8 months ago
c14558c : mm-video-v4l2: venc: initialize the member variables <Maheshwar Ajja> 8 months ago
99c2455 : mm-video-v4l2: vdec: Fix closing of file descriptor "0" <Deepak Kushwah> 8 months ago
b4d0e38 : mm-video-v4l2: venc: limit pixels value in input buffers. <Abdulla Anam> 8 months ago
1202ebd : mm-video_v4l2: pass crop nWidth and nHeight in reconfig event. <Abdulla Anam> 8 months ago
1fc82f0 : mm-video: Disable downscalar for non-display usecase <Surajit Podder> 11 months ago
6ecc67f : mm-core: update vpp related structures and enums. <Abdulla Anam> 8 months ago
56c0a51 : mm-video-v4l2: vidc: venc: fix CTS issues in vp8 encoder <Maheshwar Ajja> 8 months ago
1fe6770 : mm-core: update vpp related structures and enums. <Abdulla Anam> 8 months ago
a9c2410 : mm-video: Set correct color format to driver <Surajit Podder> 9 months ago
f2fa16b : mm-video-v4l2: vidc: venc: enable low latency mode <Maheshwar Ajja> 9 months ago
79da148 : mm-video-v4l2: null check before pointer dereference <Abdulla Anam> 9 months ago
a66ec1f : audio: Fix stale session opening of DSP audio decoder <Naresh Tanniru> 9 months ago
1171b44 : audio: Fix stale session opening of DSP audio decoder <Naresh Tanniru> 9 months ago
03f6533 : mm-video-v4l2: change variables used for reconfig height & width <Abdulla Anam> 9 months ago
6dc2004 : mm-video-v4l2: venc: Disable Bframes incase of UHD recording <Deepak Kushwah> 9 months ago
f493b73 : audio: Add support for new key kKeyByteMode <Manish Dewangan> 9 months ago
382b5b7 : mm-video-v4l2: video: add new extensions <Ashray Kulkarni> 12 months ago
b266f81 : mm-video-v4l2: venc: Add support for low latency mode <Maheshwar Ajja> 9 months ago
14c22a7 : mm-core: Add Skype extensions <Ashray Kulkarni> 12 months ago
 
**** cm:CyanogenMod/android_hardware_qcom_media ****
efda1e0 : mm-video-v4l2: vdec: deprecate unused config OMX_IndexVendorVideoExtraData <Praveen Chavan> 4 weeks ago
026da62 : mm-video-v4l2: venc: add safety checks for freeing buffers <Praveen Chavan> 4 weeks ago
366ded5 : mm-video-v4l2: vidc: validate omx param/config data <Praveen Chavan> 4 weeks ago
88256fe : mm-video-v4l2: vdec: add safety checks for freeing buffers <Praveen Chavan> 4 weeks ago
 
**** cm:CyanogenMod/android_hardware_qcom_media ****
007b032 : mm-video-v4l2: vdec: deprecate unused config OMX_IndexVendorVideoExtraData <Praveen Chavan> 4 weeks ago
38176db : mm-video-v4l2: venc: add safety checks for freeing buffers <Praveen Chavan> 4 weeks ago
18e9ca6 : mm-video-v4l2: vidc: validate omx param/config data <Praveen Chavan> 4 weeks ago
5c7de01 : mm-video-v4l2: vdec: add safety checks for freeing buffers <Praveen Chavan> 4 weeks ago
 
**** cm:CyanogenMod/android_hardware_qcom_media ****
4925114 : mm-video-v4l2: vdec: deprecate unused config OMX_IndexVendorVideoExtraData <Praveen Chavan> 4 weeks ago
d4f4cdf : mm-video-v4l2: venc: add safety checks for freeing buffers <Praveen Chavan> 4 weeks ago
a797942 : mm-video-v4l2: vidc: validate omx param/config data <Praveen Chavan> 4 weeks ago
8c6b30e : mm-video-v4l2: vdec: add safety checks for freeing buffers <Praveen Chavan> 4 weeks ago
347b90c : libc2dcolorconvert: refer c2d header from display <Praveen Chavan> 2 years ago
6316605 : vidc: Fix makefiles <Steve Kondik> 1 year, 1 month ago
d84d430 : media: Avoid collision with FFMPEG plugin <Steve Kondik> 2 years ago
8ba01d1 : media: Use project pathmap <Ethan Chen> 1 year, 2 months ago
be989ef : audio: Add entry for ALAC/APE software component <Preetam Singh Ranawat> 5 months ago
ab3e6cf : Include kernel header dependency for libOmxVidcCommon <Divya Sharma> 6 months ago
f5b8f20 : Include kernel header dependency for libOmxVidcCommon <Divya Sharma> 6 months ago
2266025 : mm-video-v4l2: vidc: Ensure async_message_thread always exits <Arun Menon> 6 months ago
b0d352b : media : Add Max CSD values for ALAC and APE <Preetam Singh Ranawat> 6 months ago
a04219f : mm-video-v4l2: vdec: skip enabling extn_user extradata for secure session <Srinu Gorle> 6 months ago
622d480 : mm-video-v4l2: vidc: Enhance VQZIP checks <Praneeth Paladugu> 8 months ago
2b5bd8a : mm-video-v4l2: vidc: venc: Fix input extradata issues <Praneeth Paladugu> 6 months ago
ce13944 : mm-video-v4l2: vidc: vdec: Add UBWC color format support <Srinu Gorle> 6 months ago
a725170 : mm-video: venc: Initialize m_graphicBufferSize <Deva Ramasubramanian> 6 months ago
8be933c : mm-video-v4l2: vidc: vdec: Add support for downscalar in component <Srinu Gorle> 12 months ago
c29ae31 : mm-video-v4l2: vidc: Fix race condition with msg thread fd close <Shalaj Jain> 6 months ago
6a50516 : mm-video-v4l2: vdec: Fix CTS issue with color coversion <Vinay Kalia> 6 months ago
ab08584 : mm-core: Add extensions for FRC <Vinay Kalia> 6 months ago
b12f245 : mm-video-v4l2: Handle async_message_thread error <Arun Menon> 6 months ago
9952fd8 : mm-core: Add secure component registry entry <Vikash Garodia> 6 months ago
8d855cc : mm-video: common: update OmxVidcCommon dependency list <Srinu Gorle> 6 months ago
3c3fe6c : mm-video-v4l2: vdec: Change preferred color format default order <Arun Menon> 6 months ago
c73daac : mm-video-v4l2: Add registry entry for openmax components. <Vikash Garodia> 6 months ago
bcb448c : mm-video: swvdec: Add SwVdec registry entries for 8937. <Manikanta Sivapala> 6 months ago
e592d0a : mm-video: swvdec: Add SwVdec OMX component. <Manikanta Sivapala> 6 months ago
41cf898 : mm-core: Update the correct instance index for storing VPP handle <Praneeth Paladugu> 6 months ago
c8827e2 : mm-video-v4l2: vidc: Allocate secure bitstream buffers from CMA <Shalaj Jain> 6 months ago
cf6d469 : mm-video: vidc: Fully drainbuffers from the driver if batch not complete <Deva Ramasubramanian> 6 months ago
093280d : mm-core: Unload the component library after the session is done <Praneeth Paladugu> 6 months ago
45267c8 : Remove msm8937 due to missing HY11 rule <Naveen Kumar> 6 months ago
fb36868 : mm-video: venc: Revert Venus native support for RGBA8888 <Deva Ramasubramanian> 7 months ago
1c7b346 : mm-video: swvenc: Add pure virtual functions. <Manikanta Sivapala> 6 months ago
0ec71b0 : mm-video: Add extensions to enable and configure ROI QP info <Vinay Kalia> 7 months ago
db88209 : audio: remove duplicate instances of aac decoder <Mingming Yin> 6 months ago
b04a903 : mm-video-v4l2: vdec: Fix a bug with C2D and DROPPED_FRAME <Vinay Kalia> 6 months ago
183f501 : mm-video-v4l2: vidc: Add null checks in async_message_process <Arun Menon> 7 months ago
fbdcaba : mm-video-v4l2: Add support for VP9 secure decoder <Shalaj Jain> 9 months ago
a935f80 : mm-video: swvenc: Add SwVenc registry entries for 8937. <Manikanta Sivapala> 7 months ago
f3f1e00 : QCMetadata: add a new key for big buffers <Sidipotu Ashok> 7 months ago
be1c0e3 : mm-video: vidc: Adjust performance level only after STREAMON <Deva Ramasubramanian> 7 months ago
6f6f5fb : mm-video-v4l2: vidc: venc: Fix hybrid HP layer count <Ashray Kulkarni> 7 months ago
144b092 : mm-video: venc: Get rid of PREPARE_BUF on input port <Vinay Kalia> 7 months ago
431e6b1 : mm-video-v4l2: vdec: fix fps issues in arbitrary mode <Ashray Kulkarni> 8 months ago
edd1b09 : mm-video-v4l2: vidc: vdec: Put decoder sessions in TURBO <Praneeth Paladugu> 10 months ago
07a4eca : libc2dcolorconvert: Fix height alignment issue with RGBA formats <Rajesh Sastrula> 7 months ago
c826460 : mm-video-v4l2: venc: Add support to enhance hybrid Hier-p mode <Ashray Kulkarni> 10 months ago
 
**** cm:CyanogenMod/android_hardware_samsung_slsi-cm_openmax ****
9c03fe7 : openmax: Add 64-bit compatibility <Brandon McAnsh> 8 weeks ago
 
**** cm:CyanogenMod/android_hardware_sony_camera ****
b6d6e27 : Update build guard to use project pathmap <Chirayu Desai> 3 weeks ago
160353b : make the build guard more specific <Arnav Gupta> 3 weeks ago
1267eb0 : camera: Add build guard <Tom Marshall> 6 weeks ago
 
**** cmold:android_kernel_htc_msm8974 ****
7b91c75 : msm: kgsl: Fix idle timer sysfs after removing references to HZ <fluxi> 34 hours ago
a4d4b44 : msm: kgsl: finish direct references to HZ <Dan Pasanen> 33 hours ago
f2d69ec : ipv4: Don't do expensive useless work during inetdev destroy. <David S. Miller> 8 weeks ago
d42ac1b : netfilter: x_tables: fix unconditional helper <Florian Westphal> 7 weeks ago
8400d00 : USB: cdc-acm: more sanity checking <Oliver Neukum> 8 weeks ago
269b9ac : usbnet: cleanup after bind() in probe() <Oliver Neukum> 9 weeks ago
5d17afc : ALSA: hrtimer: Fix stall by hrtimer_cancel() <Takashi Iwai> 4 months ago
 
**** vanir:kernel_huawei_angler ****
a12dd8b : mm: improve migration heuristic <Tim Murray> 6 weeks ago
f052d4d : msm: msm_bus: remove the buspm module from kernel <Kiran Gunda> 6 weeks ago
fe35bfe : pipe: iovec: Fix OOB read in pipe_read() <Jeff Vander Stoep> 6 weeks ago
9889698 : pipe: iovec: Fix memory corruption when retrying atomic copy as non-atomic <Ben Hutchings> 11 months ago
cdac3ff : mm: adjust page migration heuristic <Tim Murray> 10 weeks ago
152b9a7 : ion: adjust system heap pool orders <Tim Murray> 10 weeks ago
9f762bc : kgsl: add page pool allocator <Tim Murray> 3 months ago
eb32e53 : build.config: update build configurations for for MDR-1.6 <Patrick Tjin> 8 weeks ago
 
**** cmold:android_kernel_lge_g3 ****
5229db7 : msm: kgsl: Fix idle timer sysfs after removing references to HZ <fluxi> 34 hours ago
a586caa : msm: kgsl: finish direct references to HZ <Dan Pasanen> 33 hours ago
8a51009 : ipv4: Don't do expensive useless work during inetdev destroy. <David S. Miller> 8 weeks ago
6a6d536 : netfilter: x_tables: fix unconditional helper <Florian Westphal> 7 weeks ago
ff931c5 : USB: cdc-acm: more sanity checking <Oliver Neukum> 8 weeks ago
6ea2452 : usbnet: cleanup after bind() in probe() <Oliver Neukum> 9 weeks ago
9463a34 : ALSA: hrtimer: Fix stall by hrtimer_cancel() <Takashi Iwai> 4 months ago
 
**** vanir:kernel_lge_msm8974 ****
3865c94 : msm: smd_pkt: Avoid prematurely stashing driver info <Naveen Ramaraj> 1 year, 3 months ago
2caddd8 : msm: kgsl: Fix idle timer sysfs after removing references to HZ <fluxi> 34 hours ago
8c54e4f : ipv4: Don't do expensive useless work during inetdev destroy. <David S. Miller> 8 weeks ago
2d9b73a : netfilter: x_tables: fix unconditional helper <Florian Westphal> 7 weeks ago
699b534 : USB: cdc-acm: more sanity checking <Oliver Neukum> 8 weeks ago
bd40f26 : usbnet: cleanup after bind() in probe() <Oliver Neukum> 9 weeks ago
2a3e0d9 : ALSA: hrtimer: Fix stall by hrtimer_cancel() <Takashi Iwai> 4 months ago
 
**** cmold:android_kernel_lge_msm8992 ****
cc61096 : g4: disable zram <codeworkx> 3 weeks ago
6ae672b : G4: set CONFIG_HZ to 300 <Tim Murray> 6 days ago
ea8b1aa : msm: kgsl: Fix direct references to HZ <Ajay Dudani> 5 months ago
fedd4e3 : ipv4: Don't do expensive useless work during inetdev destroy. <David S. Miller> 8 weeks ago
731fb67 : netfilter: x_tables: fix unconditional helper <Florian Westphal> 7 weeks ago
f5148a6 : USB: cdc-acm: more sanity checking <Oliver Neukum> 8 weeks ago
58ed6dd : usbnet: cleanup after bind() in probe() <Oliver Neukum> 9 weeks ago
7d11e9a : ALSA: hrtimer: Fix stall by hrtimer_cancel() <Takashi Iwai> 4 months ago
 
**** cmold:android_kernel_motorola_msm8610 ****
ea2e355 : usbnet: cleanup after bind() in probe() <Oliver Neukum> 9 weeks ago
152b2b5 : netfilter: x_tables: fix unconditional helper <Florian Westphal> 7 weeks ago
f3bfa31 : ipv4: Don't do expensive useless work during inetdev destroy. <David S. Miller> 8 weeks ago
03f4e31 : ALSA: timer: Fix race between stop and interrupt <Takashi Iwai> 3 months ago
0c88da9 : ALSA: timer: Harden slave timer list handling <Takashi Iwai> 4 months ago
29ebd5a : crypto: user - lock crypto_alg_list on alg dump <Mathias Krause> 3 months ago
db9be68 : xfrm: Fix crash observed during device unregistration and decryption <subashab@codeaurora.org> 6 weeks ago
ef510b8 : ipv4: l2tp: fix a potential issue in l2tp_ip_recv <Haishuang Yan> 5 weeks ago
6f8c214 : net: validate variable length ll headers <Willem de Bruijn> 8 weeks ago
9f67899 : ipv4: fix memory leaks in ip_cmsg_send() callers <Eric Dumazet> 3 months ago
b9a812d : ext4: fix NULL pointer dereference in ext4_mark_inode_dirty() <Eryu Guan> 8 weeks ago
55ab539 : netfilter: x_tables: make sure e->next_offset covers remaining blob size <Florian Westphal> 7 weeks ago
d99c96e : netfilter: x_tables: validate e->target_offset early <Florian Westphal> 7 weeks ago
453eb05 : ALSA: usb-audio: Fix double-free in error paths after snd_usb_add_audio_stream() call <Vladis Dronov> 5 weeks ago
87286c4 : ALSA: usb-audio: Minor code cleanup in create_fixed_stream_quirk() <Takashi Iwai> 8 weeks ago
cc2d92a : splice: handle zero nr_pages in splice_to_pipe() <Rabin Vincent> 8 weeks ago
c425b89 : tracing: Fix crash from reading trace_pipe with sendfile <Steven Rostedt (Red Hat)> 7 weeks ago
c925479 : USB: cdc-acm: more sanity checking <Oliver Neukum> 8 weeks ago
2c472ca : ALSA: usb-audio: Add sanity checks for endpoint accesses <Takashi Iwai> 8 weeks ago
127cee9 : ALSA: usb-audio: Fix NULL dereference in create_fixed_stream_quirk() <Takashi Iwai> 8 weeks ago
978d6c8 : net: Fix use after free in the recvmmsg exit path <Arnaldo Carvalho de Melo> 8 weeks ago
43c1fdb : ALSA: seq: oss: Don't drain at closing a client <Takashi Iwai> 10 weeks ago
0844db3 : ext4: fix bh->b_state corruption <Jan Kara> 3 months ago
446a01d : af_unix: Don't set err in unix_stream_read_generic unless there was an error <Rainer Weikusat> 3 months ago
5192717 : ALSA: seq: Fix double port list deletion <Takashi Iwai> 3 months ago
63d2bbd : ALSA: seq: Fix leak of pool buffer at concurrent writes <Takashi Iwai> 3 months ago
593a73e : mac80211: fix use of uninitialised values in RX aggregation <Chris Bainbridge> 3 months ago
9296a3d : pipe: limit the per-user amount of pages allocated in pipes <Willy Tarreau> 4 months ago
a279de0 : unix: correctly track in-flight fds in sending process user_struct <Hannes Frederic Sowa> 3 months ago
accc5a2 : unix: properly account for FDs passed over unix sockets <willy tarreau> 4 months ago
a89b221 : ALSA: usb-audio: avoid freeing umidi object twice <Andrey Konovalov> 3 months ago
2c2e2a8 : ALSA: timer: Fix wrong instance passed to slave callbacks <Takashi Iwai> 3 months ago
d1c17f1 : ALSA: dummy: Implement timer backend switching more safely <Takashi Iwai> 3 months ago
3630323 : klist: fix starting point removed bug in klist iterators <James Bottomley> 4 months ago
1c92fa6 : ALSA: seq: Fix lockdep warnings due to double mutex locks <Takashi Iwai> 3 months ago
96b1fcb : ALSA: rawmidi: Fix race at copying & updating the position <Takashi Iwai> 3 months ago
ca233a3 : ALSA: rawmidi: Make snd_rawmidi_transmit() race-free <Takashi Iwai> 3 months ago
de7a72e : ALSA: seq: Fix yet another races among ALSA timer accesses <Takashi Iwai> 3 months ago
81ee211 : ALSA: pcm: Fix potential deadlock in OSS emulation <Takashi Iwai> 3 months ago
c8684c1 : ALSA: rawmidi: Remove kernel WARNING for NULL user-space buffer check <Takashi Iwai> 3 months ago
cd38e1d : ALSA: seq: Fix race at closing in virmidi driver <Takashi Iwai> 3 months ago
7ce17aa : crypto: algif_hash - wait for crypto_ahash_init() to complete <Wang, Rui Y> 3 months ago
a802abe : ALSA: seq: Degrade the error message for too many opens <Takashi Iwai> 3 months ago
25e9264 : ALSA: seq: Fix incorrect sanity check at snd_seq_oss_synth_cleanup() <Takashi Iwai> 3 months ago
1245f63 : pptp: fix illegal memory access caused by multiple bind()s <Hannes Frederic Sowa> 4 months ago
6a1c31c : af_unix: fix struct pid memory leak <Eric Dumazet> 3 months ago
0ee78b3 : lowmemorykiller: Do proper NULL checks <Susheel Khiani> 1 year, 3 months ago
9b2adc1 : lowmemorykiller: Run the lowmemory notifier when killing <Laura Abbott> 1 year, 7 months ago
2f64644 : lowmemorykiller: Dump out slab state information <Laura Abbott> 1 year, 7 months ago
0ec918f : lowmemorykiller: enhance debug information <Liam Mark> 1 year, 11 months ago
 
**** cmold:android_kernel_motorola_msm8916 ****
48c9351 : ALSA: hrtimer: Fix stall by hrtimer_cancel() <Takashi Iwai> 4 months ago
ff41317 : usbnet: cleanup after bind() in probe() <Oliver Neukum> 9 weeks ago
70ceaf0 : USB: cdc-acm: more sanity checking <Oliver Neukum> 8 weeks ago
fb93584 : netfilter: x_tables: fix unconditional helper <Florian Westphal> 7 weeks ago
4f76fcf : ipv4: Don't do expensive useless work during inetdev destroy. <David S. Miller> 8 weeks ago
aeeb641 : ALSA: usb-audio: avoid freeing umidi object twice <Andrey Konovalov> 3 months ago
4990429 : pipe: limit the per-user amount of pages allocated in pipes <Willy Tarreau> 4 months ago
cb32d20 : mm: improve migration heuristic <Tim Murray> 6 weeks ago
df4a4df : msm: msm_bus: remove the buspm module from kernel <Kiran Gunda> 6 weeks ago
 
**** cmold:android_kernel_oneplus_msm8974 ****
a12f94c : ALSA: hrtimer: Fix stall by hrtimer_cancel() <Takashi Iwai> 4 months ago
9a1e390 : pipe: limit the per-user amount of pages allocated in pipes <Willy Tarreau> 4 months ago
8a67834 : ALSA: timer: Harden slave timer list handling <Takashi Iwai> 4 months ago
88c4d9f : ALSA: timer: Fix race among timer ioctls <Takashi Iwai> 4 months ago
fa8011e : ALSA: timer: Fix double unlink of active_list <Takashi Iwai> 4 months ago
53e34df : ALSA: usb-audio: avoid freeing umidi object twice <Andrey Konovalov> 3 months ago
 
**** github:ashwinr64/android_kernel_oneplus_onyx ****
ebe376b : timeconst.pl: Eliminate Perl warning <H. Peter Anvin> 3 years, 3 months ago
 
**** cmold:android_kernel_oppo_msm8974 ****
a12f94c : ALSA: hrtimer: Fix stall by hrtimer_cancel() <Takashi Iwai> 4 months ago
9a1e390 : pipe: limit the per-user amount of pages allocated in pipes <Willy Tarreau> 4 months ago
8a67834 : ALSA: timer: Harden slave timer list handling <Takashi Iwai> 4 months ago
88c4d9f : ALSA: timer: Fix race among timer ioctls <Takashi Iwai> 4 months ago
fa8011e : ALSA: timer: Fix double unlink of active_list <Takashi Iwai> 4 months ago
53e34df : ALSA: usb-audio: avoid freeing umidi object twice <Andrey Konovalov> 3 months ago
5f2d855 : ARM: dts: oppo: Update charger configuration <Michael Bestas> 10 months ago
c05d3e0 : include: kobject: Increase UEVENT_NUM_ENVP <Michael Bestas> 9 months ago
1aca0e9 : power: pic1503: Update driver with N3 specific changes <Jason Riordan> 4 weeks ago
a55997f : power: qpnp-charger: Update Oppo charger extensions <Michael Bestas> 10 days ago
5154b11 : power: bq27541: Update Oppo battery extensions <Michael Bestas> 10 days ago
 
**** cmold:android_kernel_samsung_d2 ****
d55675d : ipv4: Don't do expensive useless work during inetdev destroy. <David S. Miller> 8 weeks ago
5b58583 : netfilter: x_tables: fix unconditional helper <Florian Westphal> 7 weeks ago
c7107f8 : USB: cdc-acm: more sanity checking <Oliver Neukum> 8 weeks ago
622e473 : usbnet: cleanup after bind() in probe() <Oliver Neukum> 9 weeks ago
6c86871 : ALSA: hrtimer: Fix stall by hrtimer_cancel() <Takashi Iwai> 4 months ago
 
**** vanir:kernel_samsung_jf ****
e0821cb : ipv4: Don't do expensive useless work during inetdev destroy. <David S. Miller> 8 weeks ago
7b142db : netfilter: x_tables: fix unconditional helper <Florian Westphal> 7 weeks ago
b00c102 : USB: cdc-acm: more sanity checking <Oliver Neukum> 8 weeks ago
0771c6b : usbnet: cleanup after bind() in probe() <Oliver Neukum> 9 weeks ago
d7077e0 : ALSA: hrtimer: Fix stall by hrtimer_cancel() <Takashi Iwai> 4 months ago
 
**** vanir:kernel_samsung_klte ****
a59df46 : netfilter: x_tables: fix unconditional helper <Florian Westphal> 7 weeks ago
bc8273b : ipv4: Don't do expensive useless work during inetdev destroy. <David S. Miller> 8 weeks ago
e57128d : USB: cdc-acm: more sanity checking <Oliver Neukum> 8 weeks ago
c6df70b : usbnet: cleanup after bind() in probe() <Oliver Neukum> 9 weeks ago
e3ff039 : klte*: Enable ZCACHE and ZRAM (w/LZ4) for all the kernels <Kevin F. Haggerty> 7 days ago
d170176 : lowmemorykiller: Get back to sane state after cleanup <Liam Mark> 3 years, 8 months ago
cbf4245 : lowmemorykiller: Squashed commit of upstream cleanups <Thierry Strudel> 5 months ago
135dc73 : mm: Backport ZRAM/ZSMALLOC from Google kernel <Steve Kondik> 3 weeks ago
4d6105a : swap: make each swap partition have one address_space <Shaohua Li> 3 years, 2 months ago
fb40afd : mm: Backport ZCache from QC kernel 3.18 <Steve Kondik> 3 weeks ago
99d9d98 : memcg: fix/change behavior of shared anon at moving task <KAMEZAWA Hiroyuki> 3 years, 11 months ago
fbb0f84 : mm: swap: fix swapcache usage for fast swap devices <Vinayak Menon> 6 months ago
4b21455 : radix-tree: add radix_tree_gang_lookup_index <Vinayak Menon> 10 months ago
d8e7d83 : mm: don't inline page_mapping() <Shaohua Li> 3 years, 2 months ago
8a8792f : mm: use up free swap space before reaching OOM kill <Minchan Kim> 3 years, 2 months ago
13f834d : mm: swap: don't delay swap free for fast swap devices <Vinayak Menon> 1 year, 2 months ago
cff84ac : decompressor: add LZ4 decompressor module <Kyungsik Lee> 2 years, 10 months ago
6953710 : nick kvfree() from apparmor <Al Viro> 1 year, 7 months ago
0cb16b8 : cpu: fix section mismatch warnings with __hotcpu_register <Osvaldo Banuelos> 1 year, 10 months ago
4020d7c : CPU hotplug: Provide lockless versions of callback registration functions <Srivatsa S. Bhat> 2 years, 3 months ago
8c8f901 : ALSA: hrtimer: Fix stall by hrtimer_cancel() <Takashi Iwai> 4 months ago
6c292eb : pipe: limit the per-user amount of pages allocated in pipes <Willy Tarreau> 4 months ago
04160c1 : ALSA: timer: Harden slave timer list handling <Takashi Iwai> 4 months ago
0014bd1 : ALSA: timer: Fix race among timer ioctls <Takashi Iwai> 4 months ago
1e2f576 : ALSA: timer: Fix double unlink of active_list <Takashi Iwai> 4 months ago
8ef94d8 : ALSA: usb-audio: avoid freeing umidi object twice <Andrey Konovalov> 3 months ago
23c7376 : ext4: make orphan functions be no-op in no-journal mode <Anatol Pomozov> 3 years, 8 months ago
 
**** vanir:kernel_samsung_smdk4412 ****
04fd1de : Revert "smdk4412 : fix screen flickering on n51xx" <Roberto Gibellini> 2 days ago
09dfbe7 : ALSA: hrtimer: Fix stall by hrtimer_cancel() <Takashi Iwai> 4 months ago
0353bd2 : smdk4412 : fix screen flickering on n51xx <RGIB> 4 days ago
 
**** cmold:android_kernel_sony_apq8064 ****
3638ccd : ALSA: hrtimer: Fix stall by hrtimer_cancel() <Takashi Iwai> 4 months ago
f24aa39 : pipe: limit the per-user amount of pages allocated in pipes <Willy Tarreau> 4 months ago
4d5bcbe : ALSA: timer: Harden slave timer list handling <Takashi Iwai> 4 months ago
44e21aa : ALSA: timer: Fix race among timer ioctls <Takashi Iwai> 4 months ago
318f0ef : ALSA: timer: Fix double unlink of active_list <Takashi Iwai> 4 months ago
2d7be39 : ALSA: usb-audio: avoid freeing umidi object twice <Andrey Konovalov> 3 months ago
 
**** cmold:android_kernel_sony_msm8x27 ****
47d420f : misc: pm8xxx-vibrator: Fixup vib_level_show <Gabriele M> 8 hours ago
0e178a7 : nicki_defconfig: Update defconfig <RonGokhale> 16 hours ago
f2fecf5 : sensors: Turn down logs <RonGokhale> 34 hours ago
43fb508 : leds: fih_led: Stop log spam <RonGokhale> 2 days ago
4b77aaa : msm: qdsp6v2: Turn down ACDB logs <RonGokhale> 2 days ago
396547f : msm: display: Validate MDP, MDDI and HDMI reg offset bugfix <Yuan Lin> 6 weeks ago
79bfa5b : msm_fb: display: Enable display debugging through mdp debugfs <Naseer Ahmed> 7 weeks ago
3f6cd0b : msm: display: Validate MDP, MDDI and HDMI debug reg offset <Naseer Ahmed> 7 weeks ago
1b60e62 : wlan: Validate WPA and RSN IE for valid length <Mahesh A Saptasagar> 6 months ago
151ae2e : wlan: ensure permission for WLAN_FTM_PRIV_SET_CHAR_GET_NONE <Hanumantha Reddy Pothula> 6 months ago
ef7973f : wlan:Check priviledge permission for SET_THREE_INT_GET_NONE <Hanumantha Reddy Pothula> 6 months ago
066bc50 : wlan:Check priviledge permission before processing CLEAR_MCBC_FILTER  IOCTL <Hanumantha Reddy Pothula> 6 months ago
1518386 : wlan:Check priviledge permission before processing SET_POWER_PARAMS  IOCTL <Hanumantha Reddy Pothula> 6 months ago
61a3e96 : wlan:Check priviledge permission before processing SET_BAND_CONFIG  IOCTL <Hanumantha Reddy Pothula> 6 months ago
78289b6 : wlan:Check priviledge permission before processing QCSAP_IOCTL_SETWPSIE <Hanumantha Reddy Pothula> 6 months ago
9d91bd7 : wlan:Check priviledge permission for SET_VAR_INTS_GETNONE IOCTL <Ratnam Rachuri> 6 months ago
f212dc3 : wlan:Check priviledge permission before processing SET_PACKET_FILTER IOCTL <Hanumantha Reddy Pothula> 6 months ago
7805907 : wlan:Check priviledge permission before processing SET_CHAR_GET_NONE IOCTL <Hanumantha Reddy Pothula> 6 months ago
d760a1e : wlan:Check priviledge permission before processing SET_OEM_DATA_REQ  IOCTL <Hanumantha Reddy Pothula> 6 months ago
 
**** github:CyanogenMod/android_kernel_xiaomi_cancro ****
56aba5a : ALSA: hrtimer: Fix stall by hrtimer_cancel() <Takashi Iwai> 4 months ago
1c86fcb : pipe: limit the per-user amount of pages allocated in pipes <Willy Tarreau> 4 months ago
176f40c : ALSA: timer: Harden slave timer list handling <Takashi Iwai> 4 months ago
fc2146d : ALSA: timer: Fix race among timer ioctls <Takashi Iwai> 4 months ago
904625e : ALSA: timer: Fix double unlink of active_list <Takashi Iwai> 4 months ago
d7e3589 : ALSA: usb-audio: avoid freeing umidi object twice <Andrey Konovalov> 3 months ago
719381e : arm: mach-msm: pil-msa: Set the strongly-ordered attribute on DMA allocations <Vikram Mulukutla> 1 year, 9 months ago
 
**** vanir:platform_manifest ****
ec268df : Add camera repo for sony <DHOMD> 2 hours ago
bdc1a4e : Kill unused device_sony_qcom-common <DHOMD> 25 hours ago
78255dc : Move some no longer modded repos back to CM <DHOMD> 25 hours ago
42c772e : default.xml: cm: Update to 6.0.1_r43 <Jessica Wagantall> 4 days ago
 
**** vanir:packages_apps_Contacts ****
3df3d6f : Revert "Contacts : added PUBLISH_DISCOVERY_NUDGE permission" <Erica Chang> 2 days ago
58dc89a : Contacts : added PUBLISH_DISCOVERY_NUDGE permission <Erica Chang> 2 days ago
7f45649 : Fix number label in quick contacts recent calls list <Richard MacGregor> 11 days ago
18a9dd7 : Fix double ripple in quick contact card entry <Richard MacGregor> 4 days ago
1c327b3 : Contacts Metrics: added directory search and bug fix <Erica Chang> 5 weeks ago
 
**** vanir:packages_apps_ContactsCommon ****
b4f8bc2 : Export only selected contact, not all contacts <Artem Shvadskiy> 3 days ago
dee5d3a : Add methods to check valid phone numbers and choose label <Richard MacGregor> 12 days ago
 
**** vanir:packages_apps_DeskClock ****
5d34694 : DeskClock: Fix view animator race condition <cretin45> 4 days ago
 
**** vanir:packages_apps_Dialer ****
e962bf5 : Themes: Separate background color from text color <Alex Cruz> 2 days ago
72f827a : Feijao: empty string is not a valid locale <Abhishek G> 3 days ago
8a1a13a : Fix call log and contact lookup <Richard MacGregor> 12 days ago
3c56010 : Fix metrics event string <Stephen Bird> 3 days ago
92ffc1f : NPE: ensure that ContactInfo is not null <Stephen Bird> 10 days ago
 
**** vanir:packages_apps_FMRadio ****
5b02aca : fmradio: Add an optional static library target <Diogo Ferreira> 4 days ago
 
**** cm:CyanogenMod/android_packages_apps_HTMLViewer ****
0cac957 : HTMLViewer: Add storage permission check <cretin45> 4 days ago
 
**** vanir:packages_apps_InCallUI ****
f023f97 : Add new options for call waiting response in InCallUI <Kamaljeet Maini> 2 weeks ago
 
**** cm:CyanogenMod/android_packages_apps_Messaging ****
acb352d : Phone did not receives Mms delivery report message <allu.haribabu> 3 days ago
 
**** vanir:packages_apps_PhoneCommon ****
7b1fe01 : Reduce InCallUI name text field size to prevent text truncation <Kamaljeet Maini> 9 days ago
3f60397 : Removed PUBLISH_DISCOVERY_NUDGE permission checking for NudgeServices <Erica Chang> 2 days ago
5f1fb34 : NPE: Make sure clients have a credit warning <Stephen Bird> 5 days ago
5564f99 : NPE: no credit info available <Stephen Bird> 3 days ago
 
**** cm:CyanogenMod/android_packages_apps_Screencast ****
9bec890 : Screencast: Fix screencast video cannot playback <Keith Mok> 3 days ago
 
**** vanir:packages_apps_Settings ****
215d440 : Add option to select temperature unit <Luis Vidal> 11 days ago
23b30aa : Update power control widget preview image. <Dave Kover> 3 days ago
0ccd34c : WifiSettings : Fix forgetting saved networks crash after rotation <Danesh M> 3 days ago
f252c25 : Settings: sync qs invert color with color inversion in Settings <Ankit Gupta> 4 days ago
9984dc1 : Partial revert "Settings : Add per app internet/data control" <Sam Mortimer> 6 days ago
6f391f8 : Protected apps: fix rotation states <Roman Birg> 4 days ago
bdc83b4 : LockPatternView: persist state across rotates <Roman Birg> 8 months ago
eb59535 : LLS: Load title and summary from ext. package if avail. <d34d> 4 days ago
 
**** vanir:packages_apps_soundrecorder ****
2b9afca : Screen configuration changes did not initialize menu button <Gary Kipnis> 4 days ago
99355c2 : SoundRecorder: Fix SD card storage problem <Keith Mok> 8 days ago
 
**** cm:CyanogenMod/android_packages_apps_Trebuchet ****
71e0922 : Trebuchet: Add runtime storage perm check for wallpaper picker <cretin45> 2 days ago
dd6f2a2 : Prevent widget previews from showing empty images. <Artem Shvadskiy> 4 days ago
 
**** vanir:packages_inputmethods_LatinIME ****
88df494 : Partially revert "Merge tag 'android-6.0.1_r22' of https://android.googlesource.com/platform/packages/inputmethods/LatinIME into cm-13.0" <Michael Bestas> 6 days ago
 
**** vanir:packages_providers_ContactsProvider ****
0584da8 : ContactsProvider: don't crash on locale change <Roman Birg> 9 days ago
609aa13 : Modify "(1/2) Call Lookup: Update call log handler to query usernames" <Richard MacGregor> 12 days ago
 
**** vanir:packages_services_Telecomm ****
1179ffd : Add new options for call waiting response in InCallUI <Kamaljeet Maini> 2 weeks ago
41b96a9 : Fix sporadic crashes with MSIM devices and inactive SIMs <Ricardo Cerqueira> 3 days ago
cbf3ace : Telecomm: Bandaid possible NPE on call waiting scenarios. <Adnan Begovic> 5 days ago
 
**** vanir:packages_services_Telephony ****
f49ebcf : Support for showing remaining retries for PERSO lock <Deepak Kundra> 4 days ago
e71e3c9 : Revert "Single digit MMI codes invalid." Feijao: Single digit MMI codes are valid when in-call <Abhishek G> 4 days ago
 
**** vanir:system_core ****
784c22c : Use fsck.f2fs -a instead of -f for faster boot <Yusuke Sato> 10 months ago
0d6557e : Revert "Revert "fs_mgr: let fsck.f2fs actually attempt a fix"" <Steve Kondik> 5 months ago
 
**** vanir:system_vold ****
ece26f2 : cryptfs: Only consider patterns for upgrade conversion <Tom Marshall> 30 hours ago
 
**** cm:CyanogenMod/cm_platform_sdk ****
b77b8b5 : cmsdk: Pass the process name and pid for launch boosts <Steve Kondik> 35 hours ago
186ae83 : Set a default temperature unit <Luis Vidal> 23 hours ago
e4886a6 : QS: Make themes a first class citizen again <d34d> 8 days ago
9ff5ea9 : cmsdk: Fix CTS Failure due to testDumpProtected <Pat Erley> 2 days ago
10f165d : cmsdk: add persisted key value for status bar tiles <Roman Birg> 3 days ago
8770189 : cmsdk: Add allowViaWhitelist to LLS_MANAGER_ACCESS_PRIVATE <d34d> 3 weeks ago
462be9b : cmsdk: Add support for segmented LEDs <Steve Kondik> 5 days ago
 
**** vanir:vendor_huawei ****
fa14cc7 : angler: add HotwordEnrollment.apk <Sam Mortimer> 5 days ago
ff2e734 : angler: update blobs to MTC19T <Sam Mortimer> 5 days ago
 
**** vanir:vendor_lge ****
ad32813 : bullhead: MTC19T <Jake Whatley> 4 days ago
 
**** vanir:vendor_motorola ****
1ccf011 : msm8610-common: commonize almost everything <Sultan Qasim Khan> 6 weeks ago
3bbb3c1 : condor: update camera drivers <Sultan Qasim Khan> 6 weeks ago
97694ce : msm8610-common: recommonize victara camera blobs <Sultan Qasim Khan> 6 weeks ago
 
**** vanir:vendor_oneplus ****
acf2565 : bacon: Add libwvdrmengine.so to repo <Pat Erley> 4 days ago
2c19607 : bacon: Regenerate Blobs <Pat Erley> 4 days ago
 
**** github:TheMuppets/proprietary_vendor_oppo ****
45d431e : r7plus: Hex sensors.hal.tof.so for compatibility with kernel changes <Michael Bestas> 22 hours ago
4938013 : msm8974: Regenerate Blobs <Pat Erley> 4 days ago
 
**** vanir:vendor_vanir ****
da1dbbb : Add openweathermap provider to common.mk <nuclearmistake> 3 days ago
d65ba81 : matchfingerprints: cleanup md5sum output temp file <nuclearmistake> 3 days ago
 
**** vanir:vendor_xiaomi ****
4158e0b : cancro: update for prima - https://github.com/TheMuppets/proprietary_vendor_xiaomi/commit/06add2a9246e8dfb677934896056585424698878 <mr-tweaker> 3 days ago
 
