
**** vanir:build ****
65b28c3 : Build hacks <DHOMD> 3 months ago
d79ef4b : lunch: Use cd - instead of popd <Luca Stefani> 2 days ago
382cef5 : envsetup: Tweak nested executed commands <Matt Mower> 2 days ago
557a76d : envsetup: Combine nested else; if into elif in check_product() <Matt Mower> 2 days ago
 
**** vanir:device_htc_flounder ****
d1009f0 : flounder: update fingerprint to N4F26M <Hashbang173> 4 hours ago
 
**** vanir:device_huawei_angler ****
b13a619 : I need a quieter lawn mover or a louder phone <DHOMD> 6 days ago
84e1498 : Update IMS paths in init.angler <DHOMD> 3 weeks ago
 
**** cm:LineageOS/android_device_lge_d851 ****
b7db961 : d851: update README with flair <bryan2894> 19 hours ago
 
**** cm:LineageOS/android_device_motorola_athene ****
d40094e : athene: sync system.prop with stock N <Vachounet> 29 hours ago
7dd1c19 : athene: ipacm: Fix race condition between nat delete rule and up <Utkarsh Saxena> 2 days ago
 
**** vanir:device_motorola_msm8916-common ****
52a2a6f : msm8916-common: Drop eris <Alberto97> 10 hours ago
 
**** vanir:device_oneplus_bacon ****
c426fd3 : bacon: rebrand to lineage <Joey Rizzoli> 2 days ago
 
**** cm:LineageOS/android_device_oppo_msm8974-common ****
8ce02ae : Port from bacon: Add blob to decrypt full-disk encryption of /data. <J. Joe Feise> 6 weeks ago
 
**** vanir:device_xiaomi_cancro ****
7e1aab2 : cancro: rebrand to lineage <Joey Rizzoli> 2 days ago
 
**** aosp:platform/external/lzma ****
f48cbdd : Updated LZMA SDK to 16.04 stable <Tetsuo Osaka> 3 months ago
cc47a47 : xz: Enable crc64 support <Steve Kondik> 1 year, 7 months ago
 
**** vanir:frameworks_base ****
24bb6b4 : Update APIs for building aapt aaot <DHOMD> 46 minutes ago
54f4e66 : OMS7-N: ApplicationsState: add filter for Substratum icon overlays [1/2] <Kuba Schenk> 5 weeks ago
3669db7 : Revert "N-Extras: Add dynamic theme BootAnimation support" <DHOMD> 80 minutes ago
6bd9692 : Likely break things to fix substratum builds <DHOMD> 6 days ago
7b6eee5 : OMS: Introduce MODIFY_OVERLAYS permission for user apps <bigrushdog> 2 weeks ago
6cc4d1a : Themes: Expose QS battery <Abdulwahab Isam> 3 months ago
e462692 : OMS7-N: ApplicationsState: add filter for Substratum overlays [1/2] <George G> 6 months ago
bbd2deb : N-Extras: AudioService: Allow system effect sounds to be themed <Nicholas Chum> 6 months ago
6a2738b : N-Extras: Add dynamic theme fonts support <0xD34D> 7 months ago
b534cf9 : N-Extras: Add dynamic theme BootAnimation support <0xD34D> 7 months ago
9ce9735 : SystemUI: Use own drawables for QS expand icon <Ivan Iskandar> 4 weeks ago
47e1a43 : OMS7 compatible 'Ambient notification inversion' <George G> 7 weeks ago
2013b46 : Allow prevention of doze notification color inversion <Daniel Koman> 1 year, 9 months ago
4a80d4b : Notification dynamic colors bool compatible with OMS7 <George G> 7 weeks ago
2b2e81f : Notifications: Expose a bool to disable dynamic colors <Nicholas Chum> 4 months ago
7d3d050 : Themes: Expose various QuickSettings text colors <Niklas Schnettler (Sh4dowSoul)> 3 months ago
9236596 : Allow custom alpha for notification shade bg color <Simao Gomes Viana> 6 weeks ago
792995a : SystemUI: Expose QS edit item decoration background color <Ivan Iskandar> 4 months ago
31e5ffc : Themes: Allow Navbar ripple color to be themed <Dave Kover> 9 months ago
1601c14 : Themes: Allow Permission Icons to be fully themed <Nicholas Chum> 1 year, 1 month ago
bed0d7d : Themes: Allow Immersive cling colors to be fully themed <Nicholas Chum> 1 year, 2 months ago
8cde51f : Themes: Expose resolver hardcoded colors <Dave Kover> 4 weeks ago
5efeadf : OMS7-N: Implement multi-target enable/disable and disable-all [11/11] <Jacob McSwain> 6 months ago
6a3a327 : OMS7-N: Do not enforce code policy limiting overlay installation [10/11] <Nicholas Chum> 10 weeks ago
e67cbde : OMS7-N: Persistence on boot through OverlayManagerServiceImpl [9/11] <Nicholas Chum> 7 months ago
1999b63 : OMS7-N: Disable Zygote preloaded drawables [8/11] <Josh Guilfoyle> 6 years ago
2c624ce : OMS7-N: installd: add command 'rmidmap' [7/11] <Mårten Kongstad> 7 months ago
eae8384 : OMS7-N: Fix memory leak during idmap creation [6/11] <Mårten Kongstad> 7 months ago
5c865a6 : OMS7-N: idmap: suppress print for padded resources [5/11] <Mårten Kongstad> 10 months ago
5026094 : OMS7-N: Set EXTRA_REPLACING correctly in ACTION_PACKAGE_ADDED [4/11] <Mårten Kongstad> 8 months ago
0812daa : OMS7-N: Integrate OverlayManagerService into framework [3/11] <Mårten Kongstad> 7 months ago
ad4f101 : OMS7-N: Introduce the OverlayManagerService [2/11] <Mårten Kongstad> 1 year, 1 month ago
a01af2a : OMS7-N: Support tagging resources as OK to overlay [1/11] <Mårten Kongstad> 1 year, 1 month ago
 
**** vanir:frameworks_native ****
8be0608 : OMS-N: installd: add command 'rmidmap' <Mårten Kongstad> 1 year, 1 month ago
45fdfdd : OMS7-N: installd: add command 'rmidmap' <Mårten Kongstad> 1 year, 1 month ago
 
**** cm:LineageOS/android_hardware_qcom_display ****
12980ba : hwc2: Only set display_width and display_height when equal to zero <Rashed Abdel-Tawab> 18 hours ago
420f0a1 : hwc2: Handle empty lists in AcceptDisplayChanges <Naseer Ahmed> 2 months ago
46ff2a6 : msm8996: hwc2: check for null layers in layer map <Steve Pfetsch> 3 months ago
bb2d518 : hwc2 : Fix layer updating flag <Naseer Ahmed> 4 months ago
db11764 : gralloc: Return an error if the buffer was not mapped <Naseer Ahmed> 8 months ago
b6284a2 : Revert "Revert "gralloc: Default to 601 color space"" <Courtney Goeltzenleuchter> 4 months ago
3a95498 : hwc2: Workaround use after free by surfaceflinger <Naseer Ahmed> 4 months ago
b2ba26f : hwc2: Update composition types on AcceptDisplayChanges <Naseer Ahmed> 4 months ago
8ad5b82 : Revert "gralloc: Default to 601 color space" <Steve Pfetsch> 5 months ago
4845057 : gralloc: Disable UBWC for writeback buffers <Naseer Ahmed> 5 months ago
f2225c8 : hwc2: Initialize color mode to native <Naseer Ahmed> 5 months ago
6b50329 : hwc2 : Allow only top most cursor layer <Naseer Ahmed> 5 months ago
57f81b6 : Revert "gralloc: Return an error if the buffer was not mapped" <Eino-Ville Talvala> 5 months ago
7a794ad : hwc2: Fix solid fill <Naseer Ahmed> 6 months ago
1cff9c5 : sdm:hwc2: Store higher order mode id in case of clash <Naseer Ahmed> 6 months ago
4fddd51 : gralloc: Return an error if the buffer was not mapped <Naseer Ahmed> 8 months ago
4c94a81 : hwc2: Fix retire fences <Naseer Ahmed> 6 months ago
d0b819c : hwc2: Always store a release fence if a layer is presented <Naseer Ahmed> 6 months ago
47fb16d : hwc2: Use current frames retire fence only for the primary <Naseer Ahmed> 6 months ago
81b1d0b : 8996/HWC2: Return this frame's retire fence <Dan Stoza> 6 months ago
c71ad4a : hwc2: Remove default mode application at boot. <Naseer Ahmed> 6 months ago
74c49b7 : hwc2: Support HWC2_CAPABILITY_SKIP_CLIENT_COLOR_TRANSFORM <Naseer Ahmed> 6 months ago
c389835 : libmemtrack: Revert back the AOSP copyright years to 2013 <Hareesh Gundu> 3 weeks ago
e40aaa8 : libmemtrack: fix ion memory tracking <Santhosh Punugu> 10 weeks ago
91893f4 : sdm: Fix infinite frame invalidates during camera bandwidth mode change. <Namit Solanki> 3 months ago
991bba0 : sdm: Issue two null commits for command mode panels <Anjaneya Prasad Musunuri> 8 weeks ago
9c08f1f : sdm: Force flush on primary when external displays are connected <Anjaneya Prasad Musunuri> 9 weeks ago
a3762af : sdm: Avoid flush for command mode panels <Anjaneya Prasad Musunuri> 3 months ago
f002b39 : sdm : Allow configurable sdm layer limit for external <Namit Solanki> 4 months ago
a296ab7 : sdm : Reset cached auto_refresh_ variable during suspend. <Namit Solanki> 3 months ago
6362750 : qdMetadata: Fix potential memory leak in copyMetaData <Baldev Sahu> 3 months ago
 
**** cmold:android_kernel_motorola_msm8916 ****
3026f27 : radio-iris: check argument values before copying the data <Kamal Negi> 3 months ago
434f304 : ASoC: msm: set pointers to NULL after kfree <Walter Yang> 5 months ago
223eafa0 : BACKPORT: msm: camera: cpp: Add validation for v4l2 ioctl arguments <Siqi Lin> 3 months ago
9fdb9a3 : usb: gadget: f_mtp:Fix issue of NULL pointer access in mtp_read <ChandanaKishori Chiluveru> 1 year, 8 months ago
a8c96af : arm: fix handling of F_OFD_... in oabi_fcntl64() <Al Viro> 1 year ago
ebd079e : arm/dts: remove unused dt entries for ion system contig heap <Vishnu Vardhan Reddy Naini> 10 days ago
 
**** cmold:android_kernel_oneplus_msm8974 ****
e8c876d : msm8974: bacon: lineageos defconfig <Joey Rizzoli> 2 days ago
 
**** cmold:android_kernel_oneplus_msm8996 ****
f26b6ce : Revert "ecryptfs: forbid opening files without mmap handler" <Jeff Mahoney> 6 months ago
 
**** vanir:platform_manifest ****
d28d621 : Follow our own kiwi... has sim fixes <DHOMD> 3 hours ago
4f6c1c1 : Always a derp.. <DHOMD> 7 hours ago
d810b5f : Follow our own cmsdk <DHOMD> 7 hours ago
 
**** vanir:packages_apps_CMParts ****
20ae503 : CMParts: remove unused weather toggle for statusbar <Joey Rizzoli> 12 days ago
 
**** vanir:packages_apps_Contacts ****
e969e04 : Themes: Expose hardcoded layout and styles colors <beanstown106> 1 year, 1 month ago
 
**** vanir:packages_apps_ContactsCommon ****
8287180 : Themes: Expose hardcoded contact tile text colors <bgill55> 1 year, 11 months ago
 
**** vanir:packages_apps_Dialer ****
c473e37 : Themes: InCallUI dialpad digits color <George G> 7 weeks ago
91e510e : Themes: Separate background color from text color <Alex Cruz> 8 months ago
 
**** vanir:packages_apps_ExactCalculator ****
52de819 : Themes: Expose all elevations <Abdulwahab Isam> 4 months ago
5fb9c66 : Themes: Expose hard coded background in java <Bryan Owens> 1 year ago
 
**** vanir:packages_apps_PhoneCommon ****
45cd17c : Themes: Make dialpad seperator line theme-able <Thyrus11> 1 year, 10 months ago
 
**** vanir:packages_apps_Settings ****
ac8bd97 : Expose color for external settings icons <Clark Scheff> 11 days ago
8ad6074 : Hide the "show/hide overlays" when no overlay installed <Ivan Iskandar> 3 weeks ago
0cd5916 : Exclude overlays from the app counter <Ivan Iskandar> 4 weeks ago
ea40b89 : OMS7-N: Apps: show/hide Substratum icon overlays [2/2] <Kuba Schenk> 5 weeks ago
6b6b9e8 : OMS7-N: Apps: show/hide Substratum overlays [2/2] <George G> 6 months ago
63634ad : Settings: Expose LinearColorBar default colors <SpiritCroc> 4 weeks ago
eb04bde : Settings: Expose storage icon colors <SpiritCroc> 4 weeks ago
dad0be1 : Settings: Expose gesture settings switchbar <daveyannihilation> 6 weeks ago
7d1ed0e : Settings: Expose storage summary text <George G> 1 year, 2 months ago
4bff13c : Settings: Expose condition card colors <daveyannihilation> 4 months ago
cbfb5d5 : Settings: Expose dashboard category and tile color <Ivan Iskandar> 4 months ago
 
**** vanir:system_sepolicy ****
74a17c4 : OMS-N: Add service 'overlay' to service_contexts <Mårten Kongstad> 1 year, 6 months ago
ecce491 : OMS7-N: Add service 'overlay' to service_contexts <Mårten Kongstad> 1 year, 6 months ago
 
**** vanir:vendor_vanir ****
6977352 : Experimental substratium picker <DHOMD> 5 days ago
b88ad01 : Cover all *_VERSIONS to ensure no unknowns <DHOMD> 31 hours ago
 
