
**** aosp:platform/bootable/recovery ****
54ea136 : Add a checker for signature boundary in verifier <Tianjie Xu> 4 months ago
48be23c : Remove outdated reference to icon_installing.png <Tim Kryger> 4 months ago
1bf1772 : DO NOT MERGE updater: Add "write_value()" function. <Tao Bao> 5 months ago
195ff7f : DO NOT MERGE ANYWHERE init: move healthd to late-init <Andriy Naborskyy> 6 months ago
2f2c723 : Shrink all recovery loop images with zopflipng <Damien Bargiacchi> 6 months ago
de1b53d : DO NOT MERGE Fail gracefully when we fail to fork the update binary <Matthew Bouyack> 7 months ago
d00f5eb : Have gr_init_font alloc memory for the font <Damien Bargiacchi> 7 months ago
ad8b5a6 : Remove duplicate thread loop <Damien Bargiacchi> 7 months ago
43d1860 : Remove debug log statement; fix build <Damien Bargiacchi> 7 months ago
5e7cfb9 : Remove duplicate methods and variables from WearRecoveryUI <Damien Bargiacchi> 7 months ago
35fff61 : Support use of custom fonts in miniui <Damien Bargiacchi> 8 months ago
 
**** vanir:build ****
c44b4c3 : Build hacks <DHOMD> 6 months ago
39f0281 : Reconcile base_rules with one that works <nuclearmistake> 23 hours ago
5f6e030 : N2G47E <gitbuildkicker> 6 weeks ago
f0b041a : N2G47D <gitbuildkicker> 6 weeks ago
425dfda : N2G47C <gitbuildkicker> 7 weeks ago
d4cd99e : N2G47B <gitbuildkicker> 7 weeks ago
302cc8a : N2G47 <gitbuildkicker> 7 weeks ago
127d348 : N2G46 <gitbuildkicker> 7 weeks ago
2a53b34 : N2G45 <gitbuildkicker> 7 weeks ago
8ee3a4c : Update Security String to 2017-04-05 on nyc-dev <Adam Seaton> 7 weeks ago
93c1a72 : Update Security String to 2017-04-01 on nyc-dev <Adam Seaton> 7 weeks ago
af15999 : [DO NOT MERGE] Update Security String to 2017-04-05 for mnc-dev <Adam Seaton> 7 weeks ago
06a5749 : [DO NOT MERGE] Update Security String to 2017-04-01 for mnc-dev <Adam Seaton> 7 weeks ago
e2eff3f : [DO NOT MERGE] Update Security String to 2017-04-05 on lmp-dev <Adam Seaton> 7 weeks ago
ffab699 : [DO NOT MERGE] Update Security String to 2017-04-01 on lmp-dev <Adam Seaton> 7 weeks ago
502366c : [DO NOT MERGE] Updating Security String to 2017-04-05 on klp-dev <Adam Seaton> 7 weeks ago
00c627e : [DO NOT MERGE] Update Security String to 2017-04-01 on klp-dev <Adam Seaton> 7 weeks ago
060cdb5 : N2G44 <gitbuildkicker> 7 weeks ago
e6e285b : N2G43 <gitbuildkicker> 7 weeks ago
e9f855c : N2G40B <gitbuildkicker> 8 weeks ago
ea7c86b : N2G40 <gitbuildkicker> 8 weeks ago
a0ab81d : N2G39 <gitbuildkicker> 8 weeks ago
6fd4eaa : N2G38 <gitbuildkicker> 8 weeks ago
cf2a651 : N2G37 <gitbuildkicker> 8 weeks ago
8f9f9f9 : N2G36 <gitbuildkicker> 8 weeks ago
26cc825 : N2G33B <gitbuildkicker> 9 weeks ago
023002c : N2G33 <gitbuildkicker> 9 weeks ago
295af45 : N2G32 <gitbuildkicker> 9 weeks ago
456de41 : N2G31 <gitbuildkicker> 9 weeks ago
655737e : N2G30B <gitbuildkicker> 9 weeks ago
9d1a275 : N2G30 <gitbuildkicker> 9 weeks ago
5594953 : N2G29 <gitbuildkicker> 9 weeks ago
99e5a4c : N2G26 <gitbuildkicker> 10 weeks ago
4799524 : N2G25 <gitbuildkicker> 2 months ago
b430f1f : N2G24 <gitbuildkicker> 2 months ago
29e1cc4 : N2G23 <gitbuildkicker> 2 months ago
95a22c4 : N2G22 <gitbuildkicker> 2 months ago
3392a68 : N2G19 <gitbuildkicker> 3 months ago
8570bce : Copy IDC for goldfish_rotary to /system/usr/idc <Nimrod Gileadi> 3 months ago
9331eea : N2G18 <gitbuildkicker> 3 months ago
25b39b1 : Updating Security String to 2017-03-05 on nyc-dev <Adam Seaton> 3 months ago
003e5aa : Updating Security String to 2017-03-01 on nyc-dev <Adam Seaton> 3 months ago
b6ac653 : [DO NOT MERGE] Updating Security String to 2017-03-05 on mnc-dev <Adam Seaton> 3 months ago
a0cf89a : [DO NOT MERGE] Updating Security String to 2017-03-01 on mnc-dev <Adam Seaton> 3 months ago
8488865 : [DO NOT MERGE] Updating Security String to 2017-03-05 on lmp-dev <Adam Seaton> 3 months ago
28dae4b : [DO NOT MERGE] Updating Security String to 2017-03-01 on lmp-dev <Adam Seaton> 3 months ago
3597d69 : [DO NOT MERGE] Updating Security String to 2017-03-05 on klp-dev b/34345751 <Adam Seaton> 3 months ago
6cece24 : [DO NOT MERGE] Updating Security String to 2017-03-01 on klp-dev <Adam Seaton> 3 months ago
1a21473 : N2G17 <gitbuildkicker> 3 months ago
14f944e : N2G16 <gitbuildkicker> 3 months ago
 
**** aosp:platform/developers/build ****
cfef233 : Add ability to use support library for vector drawables <Nicole Borrelli> 7 weeks ago
a9a842c : Update sample prebults for 2017-02 release (nyc-mr1-dev) <Trevor Johns> 8 weeks ago
29c609a : Updates support library for 2.0 launch and adds provided gradle requirement for all wear samples. <Jeremy Walker> 9 weeks ago
2cce381 : Unrevert "Revert "Updating prebuilts for 2016-12 samples release"" <Trevor Johns> 3 months ago
b50264e : Revert "Add deprecation notice to README files for samples" <Trevor Johns> 4 months ago
a459ec3 : Revert "Updating prebuilts for 2016-12 samples release" <Trevor Johns> 4 months ago
0c7140e : Updating prebuilts for 2016-12 samples release <Trevor Johns> 4 months ago
79f3f32 : Update dependency versions for 2016-12 release <Trevor Johns> 4 months ago
4c2765d : Update build tools version for N MR1 samples <Trevor Johns> 6 months ago
3e5b6fd : Add deprecation notice to README files for samples <Trevor Johns> 7 months ago
 
**** aosp:platform/developers/samples/android ****
6f3586b : Update BasicKeyStore sample for new keystore APIs. <Jan-Felix Schmakeit> 3 months ago
9bc28e3 : Fixes xml node name to issue tracker resolves. <Jeremy Walker> 8 weeks ago
3962962 : Part 3 - Updates wear samples for Wear 2.0 launch (fixes minor issues too from using latest support library) . <Jeremy Walker> 9 weeks ago
a89d0cd : Part 2 - Updates wear samples for Wear 2.0 launch (fixes minor issues too from using latest support library) . <Jeremy Walker> 9 weeks ago
4088e40 : Updates wear samples for Wear 2.0 launch (fixes minor issues too from using latest support library) Part 1. <Jeremy Walker> 9 weeks ago
559783e : EffectiveNavigation: Revive an old sample <Yuichi Araki> 2 months ago
4067f65 : Adds clarification text to intro to help developers run the watch face sample the first time and understand auth for fit. <Jeremy Walker> 3 months ago
9804ffa : Small fixes for AppRestriction samples. <Jan-Felix Schmakeit> 3 months ago
58a2ae8 : Adds support for opening iOS phone app from wear and clearer message for Phone app to wear app failure to open play store, i.e., the wear device is 1.0 without the play store. <Jeremy Walker> 3 months ago
df833a2 : Update XYZ to work again since several maps classes moved around. <Jeremy Walker> 3 months ago
14260ba : PermissionRequest: Only handle video capture <Yuichi Araki> 4 months ago
fdff048 : Lint fixes for AppRestrictions sample. <Jan-Felix Schmakeit> 3 months ago
b8f046b : PermissionRequest: Several updates <Yuichi Araki> 9 months ago
9429c19 : Small lint fixes for FingerprintDialog sample. <Jan-Felix Schmakeit> 3 months ago
6b36f3f : Fix lint issues in AsymmetricFingerprintDialog sample. <Jan-Felix Schmakeit> 3 months ago
5e8b90d : Updated NetworkConnect to not leak Activity in AsyncTask. Also: * Persist through config changes. * Fixed LINT errors. * Refactored and removed unused code. * Switched to TextView instead of Log fragment. * Switched to HTTPS connection. * Check for connectivity before network request. <Douglas Sigelbaum> 4 months ago
7b6e65d : Work around an issue with aapt <Yuichi Araki> 4 months ago
ae9c44a : BluetoothChat: Clean up code <Yuichi Araki> 4 months ago
07d1034 : Fix link in README.md <Siddhesh Mhadnak> 4 months ago
6a3afe1 : Various updates and fixes <sirmordred> 10 months ago
accbabf : Corrected typo in word device <Verdi R-D> 10 months ago
46ecdfb : remove references to Android L preview in CardView sample <Mark Lu> 4 months ago
861586d : Fix CommitContent samples <Mark Lu> 4 months ago
6275099 : Clarified the length of time that a device is discoverable <Kevin Hufnagle> 4 months ago
20238ad : Update dependency versions for 2016-12 release <Trevor Johns> 4 months ago
9dd464c : Add new samples to master build.gradle <Trevor Johns> 4 months ago
5953554 : Adds text to template xml and screenshots. <Jeremy Walker> 4 months ago
cca67a3 : Create template version of WearHighBandwidthNetworking for first pass review by ENG. <Jeremy Walker> 4 months ago
340c10a : Update remote verify sample to use beta1 library. <Jeremy Walker> 4 months ago
967e652 : Add template description, screenshots, etc. for sample. <Jeremy Walker> 4 months ago
c45c0c2 : Wear side app to check if phone app is installed. If not, opens play store on phone. Also includes template stuff to start project. <Jeremy Walker> 4 months ago
3cdb494 : Phone side to verify if app is install on wear devices. If not, opens up play store on those wear devices. <Jeremy Walker> 4 months ago
1a24e2a : Avoids leaks and major revamp of the JobScheduler sample <Jose Alcerreca> 4 months ago
8ad9d23 : Fix DirectBoot sample. <Jan-Felix Schmakeit> 4 months ago
ca81422 : Adds modern tabs, removes tests <Jose Alcerreca> 4 months ago
9dfb11b : Fixes count bug and lint warnings <Jose Alcerreca> 4 months ago
ec76529 : Fix lint warnings. <Takeshi Hagikura> 5 months ago
3f3d37e : Swap out dropdown with WearableRecyclerView. <Jeremy Walker> 6 months ago
52879b0 : Update build tools version for N MR1 samples <Trevor Johns> 6 months ago
 
**** aosp:device/generic/goldfish ****
3aee924 : Add Input Device Configuration for rotary input. <Nimrod Gileadi> 3 months ago
b4e6cf1 : Add /dev/goldfish_sync to ueventd.ranchu.rc <Lingfeng Yang> 9 months ago
 
**** aosp:device/google/contexthub ****
c77d0b6 : Add support for detecting old unpublished AR events to discard them <Andrew Rossignol> 9 weeks ago
c9878ba : Adds a lock to the flush() method of the AR HAL <Andrew Rossignol> 9 weeks ago
ba7c07d : bmi160: Set the min_step_buf to 2 for sensitive mode <Devin Kim> 3 months ago
2b95fe5 : [DO NOT MERGE ANYWHERE] Update magnetometer calibration parameters <Martin Kraemer> 3 months ago
e722b91 : Quick fix to set correct temperature sensor type <Max Shi> 4 months ago
a107817 : hostIntf: properly handle hardware that fails to initialize <Ben Fennema> 4 months ago
b6e5f65 : Update magnetometer calibration parameters <Martin Kraemer> 4 months ago
b2a6210 : synaptics_s3708: Poll interrupt after arming LPWG <Brian Duddie> 5 months ago
58691fd : sensorhal: don't process data beyond the end of the buffer <Ben Fennema> 5 months ago
37699ba : hostIntf: disable wdt when verifying os signature <Ben Fennema> 5 months ago
affb06f : bmi160: add support for sensitive step counting mode <Andrew Rossignol> 5 months ago
d136cca : sensors: add support for an ungaze sensor <Andrew Rossignol> 6 months ago
01d6f82 : nanohubCommand: call appSecRxDataOver to verify signature <Ben Fennema> 6 months ago
dd0f5c9 : hostIntf: unload all external apps before erasing the shared area <Ben Fennema> 6 months ago
ba7f5d6 : sensorhal: add support for a GAZE sensor <Andrew Rossignol> 7 months ago
cf10b66 : libm: add support for expf <Andrew Rossignol> 7 months ago
7309aad : DO NOT MERGE: nanohub: fix the app flash base address in the log <Alexey Polyudov> 7 months ago
b92d3ae : sensorhal: add a short delay between flushes, log errors <Andrew Rossignol> 8 months ago
7103675 : contexthubhal: log the error returned by poll <Andrew Rossignol> 8 months ago
a159cda : sensType: add AR raw event. <Enxun Wei> 8 months ago
9568e8d : activityhal: support separate sensors for activity start/stop <Andrew Rossignol> 9 months ago
 
**** vanir:device_google_marlin ****
ba0119e : Add a proper barrier and use vendor/caf/telephony <DHOMD> 3 weeks ago
3c185e8 : Revert "marlin: disable our local telephony extensions" <DHOMD> 3 weeks ago
 
**** cm:LineageOS/android_device_htc_hima-common ****
e2f94cc : hima-common: Update sepolicy for N <David Hays> 25 hours ago
393d32c : hima-common: Enable legacy HALv1 camera mediaserver hacks <David Hays> 5 days ago
67a49cf : hima: Add more camera shims <Rashed Abdel-Tawab> 4 months ago
36fa2d2 : Revert "hima: update CameraParameters for N" <David Hays> 6 days ago
b6e5dad : Revert "hima: enable text relocations" <David Hays> 5 days ago
 
**** vanir:device_huawei_angler ****
3ece5a8 : Derp <nuclearmistake> 31 hours ago
f2720e7 : Update extractor for N2G47H <nuclearmistake> 31 hours ago
f45dc01 : angler: use atfwd service <razorloves> 2 days ago
7d664e5 : angler: update build fingerprint & description to 7.1.2 N2G47H <razorloves> 2 days ago
 
**** cm:LineageOS/android_device_lge_msm8996-common ****
50c2cfc : msm8996: Decommonize OIS firmware <Rashed Abdel-Tawab> 10 hours ago
efe4f52 : msm8996: Add libqmiservices to Radio as well as QMI <Rashed Abdel-Tawab> 14 hours ago
ca632d4 : msm8996: Remove pinning hashes from GPS blobs <Rashed Abdel-Tawab> 19 hours ago
20646f0 : msm8996: Update NXP NFC config for 10.01.1F firmware <Rashed Abdel-Tawab> 19 hours ago
4adc808 : msm8996: Add missing NFC extras permission <Rashed Abdel-Tawab> 3 days ago
9eaba86 : msm8996: ramdisk: Remove rogue nfc node symlink <Rashed Abdel-Tawab> 6 days ago
dcdb6e9 : msm8996: Adjust audio configs and switch to XML audio config <Rashed Abdel-Tawab> 6 days ago
5fcfea0 : msm8996: Disable PQ encoding <Rashed Abdel-Tawab> 10 days ago
b9792c1 : msm8996: Add h872 to build guards <Rashed Abdel-Tawab> 10 days ago
 
**** vanir:device_lge_v20-common ****
9dd7083 : v20: Decommonize OIS firmware <Rashed Abdel-Tawab> 10 hours ago
 
**** vanir:device_motorola_msm8226-common ****
a080b7d : overlay: Snap: Reduce frame size of panoramic pictures <Gabriele M> 10 days ago
 
**** cm:LineageOS/android_device_motorola_otus ****
2976e8e : Otus: Fix FM Radio <DHOMD> 3 months ago
 
**** cm:LineageOS/android_device_oppo_msm8974-common ****
8f2a61b : Port from bacon: Add blob to decrypt full-disk encryption of /data. <J. Joe Feise> 5 months ago
 
**** aosp:device/sample ****
11e8476 : DTAG: Change ia APN from empty to internet.telekom <Jayachandran C> 9 weeks ago
19024f0 : DTAG: Add HOS APN for IWLAN (bearer 18) MMS. <Youhan Wang> 10 weeks ago
9b0156e : Use bearer instead of bearer_bitmask to avoid merging APNs. <Amit Mahajan> 4 months ago
19cf3c5 : Use fast.t.mobile.com for Initial Attach. <Youhan Wang> 4 months ago
 
**** vanir:device_samsung_klte ****
674d6b0 : klte: README: Update desc to add klteusc variants <Kevin F. Haggerty> 2 weeks ago
6e4cbaa : klte: releasetools: Add US Cellular to blob ident hook <Kevin F. Haggerty> 2 weeks ago
2846dda : klte: Add klteusc to TARGET_OTA_ASSERT_DEVICE list <Kevin F. Haggerty> 2 weeks ago
2417d59 : klte: libinit: Add SM-G900R4/7 to match list from klteusc <Kevin F. Haggerty> 2 weeks ago
82eae6a : klte: Add US Cellular blob list <Kevin F. Haggerty> 2 weeks ago
 
**** vanir:device_yu_lettuce ****
019b3b8 : lettuce: Update mixer_paths.xml to fix terrible audio <Tanuj Rao> 3 months ago
 
**** aosp:platform/docs/source.android.com ****
7d4ec4d : Remove ro.zygote.disable_gl_preload description <Jesse Hall> 4 months ago
 
**** aosp:platform/external/apache-harmony ****
3127958 : Test class prepare event from the debugger <Sebastien Hertz> 4 months ago
 
**** aosp:platform/external/conscrypt ****
3209baf : Fix typo in name of des-ede mapping <Kenny Root> 7 months ago
0af37f8 : Fix typo in name of des-ede mapping <Kenny Root> 7 months ago
 
**** aosp:platform/external/deqp ****
6bc3c7a : Limit changes by xor to upper 8 bits in mixed atomic tests <Mika Isojärvi> 5 months ago
5e86333 : x11: Fix deadlock <Chad Versace> 3 months ago
5d11c9d : x11: Call XInitThreads() <Chad Versace> 3 months ago
263e135 : CP: Remove two read-backs from copy image tests <Kalle Raita> 7 months ago
7aff1a0 : CP: Non-compressed copy image target size (64,64,8 <Kalle Raita> 4 months ago
267c765 : Remove tests affected by NV/OES_viewport_array extension <Pyry Haulos> 3 months ago
975a59e : Generate flat triangles in polygon offset tests. <Alexander Galazin> 3 months ago
625d685 : Drop incorrect framebuffer texture subtests. <Kenneth Graunke> 3 months ago
ba45591 : Relax line width verification in primitive bbox tests <Pyry Haulos> 5 months ago
1614827 : Optimize swapchain OOM tests <Pyry Haulos> 3 months ago
2ed3a5a : Fix internal format/type for ES3 3D + depth/stencil negative API tests. <Kenneth Graunke> 7 months ago
09784f8 : Fix eglBindAPI negative test <Nicolas Boichat> 4 months ago
521bf8a : Add support for EGL_EXT_pixel_format_float <Mark Adams> 4 months ago
302bd7c : DO NOT MERGE: Remove changed texel buffer access tests from mustpass <Pyry Haulos> 3 months ago
09e8b66 : DO NOT MERGE: Remove a few changed Vulkan tests from mustpass <Pyry Haulos> 3 months ago
cc80496 : Add runtime to CtsDeqpTestCases <Aaron Holden> 5 months ago
4af0452 : Fix internal format/type for 3D + depth/stencil negative API tests. <Kenneth Graunke> 7 months ago
b26bba4 : Fix sample_mask_in.bit_count_per_two_samples tests for 2x MSAA. <Kenneth Graunke> 7 months ago
b81edb4 : Blacklist match_different_[member_]struct_names SSO validation tests. <Kenneth Graunke> 4 months ago
dbf9715 : GetDevices: Also allow `\.` to be part of the host name <Nicolas Boichat> 4 months ago
b0ce1f0 : Update glslang to d02dc5d <Pyry Haulos> 4 months ago
ef29b77 : Cherry-pick SPIR-V ClipDistance validation fixes <Pyry Haulos> 4 months ago
e71e3bb : Cherry-pick dEQP-VK.pipeline.cache fixes to nougat-cts-dev <Pyry Haulos> 5 months ago
a428365 : Change GL_MAX_TESS_CONTROL_TOTAL_OUTPUT_COMPONENTS minmax to 2048 <Pyry Haulos> 5 months ago
bf0076a : Add runtime to CtsDeqpTestCases <Aaron Holden> 5 months ago
ea5589c : Fix sample_mask_in.bit_count_per_two_samples tests for 2x MSAA. <Kenneth Graunke> 7 months ago
d2f3b46 : Fix internal format/type for 3D + depth/stencil negative API tests. <Kenneth Graunke> 7 months ago
4ccc9fd : Add the support to device connection via TCP/IP <Chun-Ta Lin> 10 months ago
 
**** aosp:platform/external/doclava ****
50e7541 : Add support for MathJax in javadocs bug: 32935028 <Scott Main> 5 months ago
 
**** aosp:platform/external/ims ****
2605a94 : Sync mobile data status to modem on device bootup <Meng Wang> 4 months ago
 
**** aosp:platform/external/libavc ****
0b23c81 : Decoder: Fixed initialization of first_slice_in_pic <Harish Mahendrakar> 3 months ago
4945612 : Decoder: Moved end of pic processing to end of decode call <Harish Mahendrakar> 3 months ago
8b5fd8f : Decoder: Treat first slice in a picture as part of new picture always <Harish Mahendrakar> 11 months ago
69b5191 : Decoder: Add supported width check for MBaff streams <Harish Mahendrakar> 3 months ago
9d60a0c : Decoder: Added a check for unsupported resolutions <Harish Mahendrakar> 1 year, 6 months ago
1f0ab0b : DO NOT MERGE: Decoder: Fixes an out of bound write in bitstream buffer <Harish Mahendrakar> 3 months ago
9a00f56 : Decoder: Return correct error code for slice header errors <Harish Mahendrakar> 3 months ago
f634481 : Decoder: Initialize default reference buffers for all pictures <Harish Mahendrakar> 4 months ago
7950bf4 : Fix in returning end of bitstream error for MBAFF <Harish Mahendrakar> 4 months ago
33ef7de : Decoder: Fixes an out of bound write in bitstream buffer <Harish Mahendrakar> 3 months ago
b88f59d : Decoder: Padded gau1_ih264d_top_left_mb_part_indx_mod to avoid an out of bound read <Harish Mahendrakar> 1 year, 4 months ago
ef27433 : Decoder: Fix in checking first_mb_in_slice <Harish Mahendrakar> 3 months ago
bee9b9a : Decoder: Increase memory allocation for weights & offsets for interlaced clips <Harish Mahendrakar> 3 months ago
2cd2f7a : Decoder: Fixed DoS in header decode when no PPS is present <Harish Mahendrakar> 3 months ago
74f03b6 : DO NOT MERGE Decoder: Increase memory allocation for weights & offsets for interlaced clips <Harish Mahendrakar> 3 months ago
1d5640f : Decoder: Initialize ps_cur_slice->u1_mbaff_frame_flag correctly for error cases <Harish Mahendrakar> 4 months ago
99a85bb : Decoder: Fixed an out of bound access while parsing SEI <Harish Mahendrakar> 3 months ago
e1cf7ea : Decoder: Fixed number of MB calculation for interlaced error streams <Harish Mahendrakar> 3 months ago
43e0aa2 : Decoder: Fix in MB count in MBAff error handling <Harish Mahendrakar> 3 months ago
3183684 : Call ih264d_deblock_display only for valid process calls <Harish Mahendrakar> 3 months ago
9b095de : Decoder: Fixed allocation of ps_dec->ps_nbr_mb_row <Harish Mahendrakar> 4 months ago
902c152 : Decoder: Fixed cur_mb_info initialization in error cases <Harish Mahendrakar> 4 months ago
3ebff7d : Decoder: Fix in error concealment in the case of Mbaff clips <Harish Mahendrakar> 4 months ago
56b5563 : Decoder: Fix in the case of error in the first MB in frame. <Harish Mahendrakar> 4 months ago
d1896de : Decoder: Fix in returning incomplete frame error <Harish Mahendrakar> 4 months ago
54cbe1b : Decoder: Fix initialization of ps_next_dpb during reference list creation <Harish Mahendrakar> 4 months ago
d7eee55 : Decoder: Fix in checking for valid profile flags <Harish Mahendrakar> 4 months ago
 
**** aosp:platform/external/libevent ****
96109b5 : DO NOT MERGE: Build static libevent for the target. <Alex Deymo> 8 months ago
 
**** aosp:platform/external/libgdx ****
ebb6f04 : Security fix for overflow check. <Winson Chung> 7 weeks ago
0da62f4 : Fix buffer overflows <Jorim Jaggi> 3 months ago
890381c : Fix security vulnerability <Jorim Jaggi> 4 months ago
 
**** aosp:platform/external/libhevc ****
1ab5ce7 : Handle invalid num_reorder_pics & max_dec_pic_buffering in SPS <Harish Mahendrakar> 3 months ago
01ca88b : Fix in handling wrong cu_qp_delta <Harish Mahendrakar> 3 months ago
b5cae81 : Added check for invalid log2_max_transform_block_size in SPS <Harish Mahendrakar> 3 months ago
a76773a : Fixed handling invalid chroma tu size for error clips <Harish Mahendrakar> 5 months ago
4def2df : Fixed out of bound reads in stack variables <Harish Mahendrakar> 1 year, 4 months ago
68215fd : Fix in Chroma SAO for non-multiple of 8 height <Harish Mahendrakar> 4 months ago
f4f3556 : Handle invalid slice_address in slice header <Harish Mahendrakar> 5 months ago
27405a2 : Added memory barrier calls <Harish Mahendrakar> 1 year, 2 months ago
 
**** aosp:platform/external/libmpeg2 ****
f301cff : Check for Valid Frame Rate in Header <Venkatarama Avadhani> 7 weeks ago
227c1f8 : Error Check for VLD Symbols Read <Venkatarama Avadhani> 7 weeks ago
 
**** aosp:platform/external/libnl ****
f83d9c1 : Perform range check on len in nlmsg_reserve <Paul Stewart> 9 weeks ago
f01b03b : libnl: Check data length in nla_reserve / nla_put <Paul Stewart> 5 months ago
 
**** aosp:platform/external/libopus ****
d9d5ac4 : Ensure that NLSF cannot be negative when computing a min distance between them <Felicia Lim> 8 months ago
 
**** aosp:platform/external/libunwind ****
f7eef92 : Move large structure off the stack. <Christopher Ferris> 4 months ago
 
**** aosp:platform/external/libvpx ****
57e9ae1 : libvpx: Cherry-pick 1961a92 from upstream <Vignesh Venkatasubramanian> 4 months ago
70cca74 : vp8:fix threading issues <Marco Nelissen> 5 months ago
1114575 : DO NOT MERGE | libvpx: Cherry-pick 0f42d1f from upstream <Vignesh Venkatasubramanian> 7 months ago
000486a : DO NOT MERGE | libvpx: Cherry-pick 0f42d1f from upstream <Vignesh Venkatasubramanian> 7 months ago
206b75a : DO NOT MERGE | libvpx: Cherry-pick 0f42d1f from upstream <Vignesh Venkatasubramanian> 7 months ago
3e88ffa : DO NOT MERGE libvpx: Cherry-pick 8b4c315 from upstream <Vignesh Venkatasubramanian> 8 months ago
518e6a5 : DO NOT MERGE libvpx: Cherry-pick 8b4c315 from upstream <Vignesh Venkatasubramanian> 8 months ago
5225d93 : DO NOT MERGE libvpx: Cherry-pick 8b4c315 from upstream <Vignesh Venkatasubramanian> 8 months ago
 
**** aosp:platform/external/pdfium ****
5022fbe : [DO NOT MERGE] Fix the way FreeType headers are incldued. <Jungshik Shin> 1 year, 3 months ago
 
**** aosp:platform/external/sl4a ****
05e6c67 : Fix MMS send and receive failures. <Betty Zhou> 3 months ago
a533e9c : DO NOT MERGE: VpnFacade.java: code to instal certs <Girish Moturu> 4 months ago
 
**** aosp:platform/external/sonivox ****
56d1532 : eas_mdls: fix OOB read. <Wei Jia> 8 weeks ago
6e988ba : Fix NULL pointer dereference <Marco Nelissen> 1 year, 7 months ago
 
**** aosp:platform/external/squashfs-tools ****
6697c18 : Fix rounding error when generating .map files. <Alex Deymo> 4 months ago
 
**** aosp:platform/external/tremolo ****
6922092 : Fix divide by zero for non-arm processor <Marco Nelissen> 9 weeks ago
798ceb6 : Tremolo: fix ARM assembly code for decode_map type 3 case <Marco Nelissen> 6 months ago
 
**** vanir:frameworks_av ****
5443b57 : codecs: handle onReset() for a few encoders <Wonsik Kim> 8 weeks ago
dd447c3 : DO NOT MERGE codecs: handle onReset() for a few encoders <Wonsik Kim> 8 weeks ago
e5a5448 : EffectBundle: check nb channels to write speaker angles <Jean-Michel Trivi> 7 weeks ago
9667e3e : Fix overflow check and check read result <Marco Nelissen> 8 weeks ago
42b1ea8 : Turn off overflow protection for various math functions <Marco Nelissen> 9 weeks ago
2dd1d5e : Revert "Turn off overflow protection for various math functions" <Marco Nelissen> 9 weeks ago
f86177d : CameraBase: Don't return an sp<> by reference <Eino-Ville Talvala> 9 weeks ago
4b49489 : CameraBase: Don't return an sp<> by reference <Eino-Ville Talvala> 9 weeks ago
cbf5e69 : Turn off overflow protection for various math functions <Marco Nelissen> 9 weeks ago
1da5859 : DO NOT MERGE Revert "Log audio information to ensure complete delivery" <Andy Hung> 9 weeks ago
b375204 : avc_utils: skip empty NALs from malformed bistreams <Robert Shih> 2 months ago
91fe76a : avc_utils: skip empty NALs from malformed bistreams <Robert Shih> 2 months ago
9b6b81d : stagefright: parseApp check data boundary conditions <Mark Salyzyn> 2 years, 9 months ago
7da83aa : DO NOT MERGE - improve audio effect framwework thread safety <Eric Laurent> 4 months ago
a9660fe : Don't initialize sync sample parameters until the end <Marco Nelissen> 3 months ago
c2f0c73 : Don't CHECK when buffer is too large <Marco Nelissen> 3 months ago
d95d34d : Don't send short URB packet when sending MtpDataPacket. <Daichi Hirono> 6 months ago
5c66471 : Stop sending object handle with sendObject request. <Daichi Hirono> 6 months ago
d2ed094 : MediaBufferGroup: release buffers in add_buffer when growth limit reached <Andy Hung> 4 months ago
08dbccd : DO NOT MERGE Move legacy widevine classic global lock from framework to vendor/widevine implementation. <Jeff Tinker> 4 months ago
bc7f347 : DO NOT MERGE - improve audio effect framwework thread safety <Eric Laurent> 4 months ago
84c3921 : DO NOT MERGE - improve audio effect framwework thread safety <Eric Laurent> 4 months ago
b47a5ab : DO NOT MERGE - improve audio effect framwework thread safety <Eric Laurent> 4 months ago
b37f28a : DO NOT MERGE ANYWHERE - improve audio effect framwework thread safety <Eric Laurent> 4 months ago
31a4598 : DO NOT MERGE - audioflinger: fix recursive mutex lock in EffectHandle. <Eric Laurent> 4 months ago
a76c7de : APM::updateCallRouting: ignore for stub output hal <Andy Hung> 4 months ago
c60828e : AudioRecord: fix AudioRecordThread crash upon exit <Kiran Kumar Krishna> 5 months ago
b378b73 : DO NOT MERGE - improve audio effect framwework thread safety <Eric Laurent> 4 months ago
58aef30 : MediaRecorderClient: Use checkService instead of getService for camera <Andy Hung> 4 months ago
1f82f95 : Log audio information to ensure complete delivery <Andy Hung> 4 months ago
58a795b : provideKeyResponse to send an event to test AMediaDrm_setOnEventListener. <Edwin Wong> 5 months ago
13cd59a : Camera: fix camera facing override logic <Yin-Chia Yeh> 4 months ago
e275907 : Fix security vulnerability: potential OOB write in audioserver <rago> 4 months ago
d859d8a : If a device does not have a camera, do not set a camera death notifier <Tom Rudick> 5 months ago
dd79ccd : Effect: Use local cached data for Effect commit <Andy Hung> 5 months ago
0118340 : Fix security vulnerability: Effect command might allow negative indexes <rago> 5 months ago
1d4958d : Avoid crash for stss sync sample number 0 <Roger1 Jonsson> 5 months ago
7fdd364 : Make VBRISeeker more robust <Marco Nelissen> 5 months ago
5759c46 : DO NOT MERGE: defensive parsing of mp3 album art information <Ray Essick> 5 months ago
cadb330 : Camera: Clear not-yet-submitted request in cleanupFailedRequest <Shuzhen Wang> 5 months ago
3d34cc7 : Effects: Check get parameter command size <Andy Hung> 5 months ago
8cc90e4 : Fix findId spinning if session id is not found. *** DO NOT MERGE *** <Edwin Wong> 5 months ago
4fb1e42 : IOMX: convert ANWB to Gralloc meta if using useBuffer in the same process <Lajos Molnar> 5 months ago
fa0806b : DO NOT MERGE: defensive parsing of mp3 album art information <Ray Essick> 5 months ago
21f2814 : DO NOT MERGE: defensive parsing of mp3 album art information <Ray Essick> 5 months ago
52d02b9 : DO NOT MERGE: defensive parsing of mp3 album art information <Ray Essick> 5 months ago
2ff8053 : DO NOT MERGE: defensive parsing of mp3 album art information <Ray Essick> 5 months ago
49aac43 : Camera API1: don't pick wrong preview fps value <Zhijun He> 5 months ago
e981cca : Fix security vulnerability: Equalizer command might allow negative indexes <rago> 5 months ago
84eb960 : Camera API1: relax the fps check with some margin <Zhijun He> 5 months ago
 
**** vanir:frameworks_base ****
b74c71f : Revert substratum (temp) <nuclearmistake> 7 hours ago
9d85a42 : Fix permission description string for DE. <Danny Baumann> 2 days ago
6422e8f : Don't crash when primary volume is null in AppCollector. <Daniel Nishi> 6 weeks ago
951233a : Add carrierconfig KEY_CARRIER_VOLTE_OVERRIDE_WFC_PROVISIONING_BOOL <Meng Wang> 7 weeks ago
c10c3de : ReolverActivity: try auto launching single choice <Xiaohui Chen> 7 weeks ago
512bbdd : DO NOT MERGE - Ensuring that there are per-user last stack active times. <Manu Cornet> 7 weeks ago
67c708b : Add extra key for app-specified outgoing call timeout <Hall Liu> 7 weeks ago
390120b : Fix incorrect values for VelocityTracker in SwipeDismissLayout. <Michael Kwan> 7 weeks ago
e8b0e11 : Introduce debounce to filter rapidly toggling type-c ports [DO NOT MERGE] <Badhri Jagan Sridharan> 8 weeks ago
8b0807c : Fix handling usb dialog for wall chargers. [DO NOT MERGE] <Badhri Jagan Sridharan> 7 weeks ago
755d78d : [DO NOT MERGE] Revert "[DO NOT MERGE] Delay SharedPreferences.apply() by 50 ms" <Philip P. Moltmann> 7 weeks ago
7bae182 : DO NOT MERGE - Check exported status in chooser <Hakan Seyalioglu> 9 weeks ago
5510057 : DO NOT MERGE : Revert "DO NOT MERGE. No direct Uri grants from system." <Amith Yamasani> 7 weeks ago
134ad6e : Only modify window layout params when necessary. <Michael Kwan> 8 weeks ago
e7aadaa : Workaround wallpaper restore race <Bryan Mawhinney> 8 weeks ago
cd757d4 : Fix live wallpaper not showing on lock screen after restore <Bryan Mawhinney> 8 weeks ago
c342666 : Import translations. DO NOT MERGE <Bill Yi> 7 weeks ago
5758a9a : Add tweaks to smooth out swipe to dismiss. <Michael Kwan> 7 weeks ago
551e80c : 2D Recents: Fix a glitch during task relayout after a dismiss <Manu Cornet> 8 weeks ago
ac06177 : Update the exception description for start(). <Mark Goldstein> 8 weeks ago
b3a1417 : Zygote: Restore GL preload <Jesse Hall> 8 weeks ago
981ae54 : DO NOT MERGE. Grant MMS Uri permissions as the calling UID. <Jeff Sharkey> 4 months ago
e0358de : Fixed an issue where the emergency affordance didn't show <Selim Cinek> 8 weeks ago
78f2e38 : DO NOT MERGE. Grant MMS Uri permissions as the calling UID. <Jeff Sharkey> 4 months ago
735b4dc : Allow any device with a device_owner to execute setDeviceOwnerSystemPropertyLocked(). <Greg Plesur> 8 weeks ago
d0bc779 : Import translations. DO NOT MERGE <Bill Yi> 8 weeks ago
c7b1834 : Don't check device_provisioned on Wear devices in setDeviceOwnerSystemPropertyLocked() <Greg Plesur> 8 weeks ago
ca53b27 : Fix uri permission grant on remote bug report uri <Rubin Xu> 8 weeks ago
017a3ac : 2D Recents: Slightly darken header to differentiate from thumbnail <Manu Cornet> 8 weeks ago
84aa5a8 : DO NOT MERGE Guard against null entries in process list during updateOomAdjLocked <Erik Wolsheimer> 8 weeks ago
6f754e4 : DO NOT MERGE. Grant MMS Uri permissions as the calling UID. <Jeff Sharkey> 4 months ago
3f3da42 : DO NOT MERGE. Grant MMS Uri permissions as the calling UID. <Jeff Sharkey> 4 months ago
a78841e : DO NOT MERGE. Grant MMS Uri permissions as the calling UID. <Jeff Sharkey> 4 months ago
3eddf40 : DO NOT MERGE. Grant MMS Uri permissions as the calling UID. <Jeff Sharkey> 4 months ago
aae6047 : Fingerprint: get auth id for non-current user. <Charles He> 10 weeks ago
b83f6b6 : Import translations. DO NOT MERGE <Bill Yi> 8 weeks ago
446a66d : Import translations. DO NOT MERGE <Bill Yi> 8 weeks ago
ca2ead6 : Import translations. DO NOT MERGE <Bill Yi> 8 weeks ago
e33c3c8 : Fix requiresCharging false value ignored issue <Shreyas Basarge> 8 weeks ago
415f8b3 : Prevent division-by-zero error when calculating battery capacity. <Ying Wai (Daniel) Fan> 9 weeks ago
99485ef : Use correct APIs to detect conditions for round scrollbars. <Aga Madurska> 9 weeks ago
232c490 : docs: Update gluUnProject parameter description. <Ricardo Loo> 9 weeks ago
4cfe567 : Add additional logging for temperature readings. <Andrew Sapperstein> 9 weeks ago
49a9d35 : Import translations. DO NOT MERGE <Bill Yi> 9 weeks ago
9b11a3c : Import translations. DO NOT MERGE <Bill Yi> 9 weeks ago
8c97416 : Import translations. DO NOT MERGE <Bill Yi> 9 weeks ago
62c9527 : Import translations. DO NOT MERGE <Bill Yi> 9 weeks ago
ba8e772 : Import translations. DO NOT MERGE <Bill Yi> 9 weeks ago
b2d808b3 : Import translations. DO NOT MERGE <Bill Yi> 9 weeks ago
37093ca : Import translations. DO NOT MERGE <Bill Yi> 9 weeks ago
 
**** aosp:platform/frameworks/ex ****
88a3774 : Handle small sized webps correctly <Chris Craik> 3 months ago
c6eca84 : Handle size correctly from webp header <Chris Craik> 5 months ago
 
**** vanir:frameworks_native ****
f74c588 : Revert substratum for now <nuclearmistake> 25 hours ago
bb5a921 : libEGL: Add initialization tracing <Jesse Hall> 3 months ago
2ae83f4 : Fix security vulnerability <Fabien Sanglard> 3 months ago
45b2025 : Fix security vulnerability <Fabien Sanglard> 3 months ago
a91f64c : EGL: Load updated EGL/GLES drivers <Jesse Hall> 4 months ago
afd0288 : Load updated drivers using derived loader namespace <Jesse Hall> 4 months ago
53c82c2 : Add GraphicsEnv to libgui <Jesse Hall> 4 months ago
cd4d663 : Added -t option to dumpstate. <Felipe Leme> 3 months ago
56ec3af : gralloc1: Acquire mutex early in release <Ajit Kumar> 4 months ago
0f48c45 : [sensorservice] Init batterystats service when needed <Peng Xu> 4 months ago
c556562 : libvulkan: add NULL check to DestroySwapchainKHR <Daniel Koch> 4 months ago
a9cc65f : Add btsnoop_hci.log to bugreport zip (1/2) <Ajay Panicker> 7 months ago
304f781 : Allow both RENDER and TEXTURE flags when creating native client buffers. <Craig Donner> 4 months ago
3b36bcf : IServiceManager: Improve getService responsiveness in absence of service <Andy Hung> 4 months ago
dffa078 : Fix security vulneratibly 31960359 <Fabien Sanglard> 4 months ago
8b64307 : Correct overflow check in Parcel resize code <Christopher Tate> 5 months ago
1f24f0f : [DO NOT MERGE ANYWHERE] Fix bodysensor permission <Nick Vaccaro> 4 months ago
0409733 : atrace.rc: move to post-fs trigger <Wei Wang> 5 months ago
b77df78 : Remove modem log after they are added to bugreport <Naveen Kalla> 5 months ago
d073eb7 : Fix SF security vulnerability: 32706020 <Fabien Sanglard> 5 months ago
2d8a243 : Fix SF security vulnerability: 32660278 <Fabien Sanglard> 5 months ago
8079ad6 : SF: Request SF wakeup for pending transactions <Dan Stoza> 5 months ago
d9d1817 : SF: Request SF wakeup for pending transactions <Dan Stoza> 5 months ago
397ec26 : Check and restorecon cache/code_cache directories. <Jeff Sharkey> 5 months ago
de591df : DO NOT MERGE. Add modem logs to the bugreport <Naveen Kalla> 6 months ago
a94d940 : Keep protected content in EGLImage attrs as needed. <Craig Donner> 6 months ago
65a8f07 : Fix integer overflow in unsafeReadTypedVector <Casey Dahlin> 5 months ago
5e7f79b : Sensors: Add WRIST_TILT_GESTURE as wake sensor <Nick Vaccaro> 6 months ago
377c203 : In SurfaceFlinger, test fence before merging <Matthew Bouyack> 6 months ago
6db42ac : libui: Change hasSignaled to return optional<bool> <Dan Stoza> 6 months ago
8aacbc3 : Add a feature to signal fitness quality heart rate monitors <Ashutosh Joshi> 6 months ago
5736f7d : libui: Add hasSignaled() method to Fence <Dan Stoza> 6 months ago
fd4c8c3 : Use snprintf for SurfaceFlinger fence name <Matthew Bouyack> 6 months ago
3b8e6b2 : Eliminate unnecessary calls to onBufferReleased <Matthew Bouyack> 6 months ago
4f707f8 : [sensorservice] Fix inconsistent states in SensorDevice <Peng Xu> 6 months ago
f87959e : Dumpstate should hold a wakelock to save bug report time. <Wei Liu> 7 months ago
afc38fe : make sure anrd trace is being collected. <Zhengyin Qian> 7 months ago
fba3c11 : Show masked value for sensor with permission <Peng Xu> 7 months ago
5cad0ed : Revert "Hold a wakelock during dumpstate." <Wei Liu> 7 months ago
d7803db : Hold a wakelock during dumpstate. <Wei Liu> 8 months ago
068ecc7 : Add anrd trace to bugreport <Zhengyin Qian> 8 months ago
e1b59c3 : Add gyroscope support to wearable core hw support <Nick Vaccaro> 8 months ago
 
**** vanir:frameworks_opt_chips ****
adc5a07 : Import translations. DO NOT MERGE <Bill Yi> 9 weeks ago
8cd6353 : Call ChipDeleted when RecipientEditTextView's parent handles a delete. <Ekin Oguz> 2 months ago
11c1526 : Explicitly mark chips as "inReplacedChip". <Ekin Oguz> 10 weeks ago
b37b09e : Persist warning alert dialog across rotations. <Joseph Moghadam> 2 months ago
e2348bf : Add ability to show warning icon with warning text in chips. <Joseph Moghadam> 3 months ago
9b6b5d6 : Import translations. DO NOT MERGE <Bill Yi> 4 months ago
cc1fff1 : Import translations. DO NOT MERGE <Bill Yi> 5 months ago
dd27121 : Import translations. DO NOT MERGE <Bill Yi> 5 months ago
 
**** vanir:frameworks_opt_net_ims ****
266d392 : Use pause signaling to halt a video call when data limit is reached. <Tyler Gunn> 4 months ago
e441415 : DO NOT MERGE ImsRegistrationListener#registrationChangeFailed <Meng Wang> 4 months ago
5778185 : Added configuration for VT downgrade/tear down when data disabled <Jack Yu> 5 months ago
663aa12 : ImsManager: check roaming status in setWfcSetting <Meng Wang> 5 months ago
531a8b6 : ImsManager: updateWfcFeatureAndProvisionedValues use roaming state <Meng Wang> 6 months ago
 
**** vanir:frameworks_opt_net_wifi ****
36d3f0d : remerge - because bad <nuclearmistake> 23 hours ago
3112931 : DO NOT MERGE: Fix to enable reconnecting to a Carrier network. <pkanwar> 3 months ago
936d25c : DO NOT MERGE: Fix to maintain the Carrier Network connection. <pkanwar> 3 months ago
ab9a573 : DO NOT MERGE ANYWHERE: Connect to Carrier networks if enabled in Settings. <pkanwar> 3 months ago
82c1e5c : DO NOT MERGE: WifiConfigStore: Strip out FT flags in WifiConfiguration <Roshan Pius> 3 months ago
d84ac6a : DO NOT MERGE: Fix null dereference in carrier networks <Paul Stewart> 3 months ago
3925063 : [DO NOT MERGE] WifiStateMachine: prevent erroneous wifi toggle <Rebecca Silberstein> 3 months ago
68b8c4c : DO NOT MERGE: Add API to indicate carrier networks. <pkanwar> 4 months ago
843ee4e : DO NOT MERGE: Fix bug in WifiStateMachine for EAP-SIM. <pkanwar> 4 months ago
1414598 : DO NOT MERGE: Allow Carriers to specify Wifi Networks. <pkanwar> 4 months ago
054ddcd : In permission review mode, always request user's consent to toggle WiFi. <Ivan Podogov> 4 months ago
3fb2033 : DO NOT MERGE: WifiConfigManager: Ignore disabled networks in PNO list <Roshan Pius> 4 months ago
db144d4 : DO NOT MERGE: WifiStateMachine: Add null check in CMD_AUTO_ROAM <Roshan Pius> 4 months ago
de3de10 : configparse: do not delete passpoint configuration file <Peter Qiu> 4 months ago
6126ecd : Send CMD_DISCONNECT after removing app/user configs DO NOT MERGE <Robin Lee> 4 months ago
cbd7a1b : DO NOT MERGE: WifiConfigStore: Remove config validity check <Roshan Pius> 4 months ago
ef31a2f : DO NOT MERGE: WifiConfigStore: Remove config validity check <Roshan Pius> 4 months ago
e22b689 : DO NOT MERGE: Allow Carriers to specify Wifi Networks. <pkanwar> 4 months ago
989265e : Add WiFi toggle prompts - wifi <Svetoslav Ganov> 8 months ago
1200cb2 : DO NOT MERGE: Upgrade WPA/EAP connections to their fast-transition equivalent <Paul Stewart> 5 months ago
eb77c40 : DO NOT MERGE: WifiConfigManager: Ignore disabled networks in PNO list <Roshan Pius> 4 months ago
70570f9 : DO NOT MERGE: QNS: less agressive roaming <Randy Pan> 5 months ago
81080a8 : DO NOT MERGE: OMAParser: throw IOException when parsing a null XML string <Peter Qiu> 7 months ago
a8a5644 : DO NOT MERGE: Check on whether an ephemeral network is deleted <Randy Pan> 5 months ago
168a9ff : Merge "WifiStateMachine: Mask RTT capabilities against System Properties" am: a78a579804 am: 21b6b83067 am: 8c0d84239a am: dd25b8603d <Paul Stewart> 7 months ago
2efcaa6 : DO NOT MERGE ANYWHERE: Fix WiFiNetworkAgent#unwanted <Randy Pan> 8 months ago
 
**** aosp:platform/frameworks/opt/photoviewer ****
7ad7f68 : Import translations. DO NOT MERGE <Bill Yi> 9 weeks ago
e124c9b : Import translations. DO NOT MERGE <Bill Yi> 4 months ago
8b455d0 : Import translations. DO NOT MERGE <Bill Yi> 5 months ago
3673853 : Import translations. DO NOT MERGE <Bill Yi> 5 months ago
d23c3d9 : Revert "Replace ic_refresh_holo by material ic_refresh" <Régis Décamps> 5 months ago
3bad95b : Replace ic_refresh_holo by material ic_refresh <Régis Décamps> 5 months ago
 
**** vanir:frameworks_opt_telephony ****
37392ec : Don't dial non-emergency CS voice call in airplane mode <Meng Wang> 7 weeks ago
e938271 : Handle OPERATOR_DETERMINED_BARRING failure. <Youhan Wang> 7 weeks ago
e465c97 : Prevent phone process crashing on bad params to TelephonyTester <Erik Wolsheimer> 8 weeks ago
e871dc6 : [DO NOT MERGE] Best-Effort Load of Potentially-Large SIM Records <Nathan Harold> 9 weeks ago
0939bc7 : Properly route the SET_CALL_FORWARD_DONE message <Hall Liu> 3 months ago
8647593 : fix multi-part sms issue <fionaxu> 2 months ago
e8bc731 : DO NOT MERGE: Collect telephony metrics for CS Calls. <Naveen Kalla> 4 months ago
173f6b8 : DO NOT MERGE Fix : Reconnection not triggered when APN changed <Wei Huang> 4 months ago
359c182 : Use video pause signaling when data limit reached. <Tyler Gunn> 4 months ago
149f0d5 : Notify user when user fails to connect to the network. <pkanwar> 4 months ago
d92c67a : DcTracker will use dun APN from database if carrier allows it. <Junda Liu> 4 months ago
60109aa : Adds logic to display UI if call forwarding is not enabled on 3gpp <Brad Ebinger> 4 months ago
4b17d6f : DO NOT MERGE If set data profile with roaming protocol, set back to home when roaming off. <Junda Liu> 4 months ago
c0ba7b0 : Hook the Phone.isUtEnabled() Function to ImsPhone.isUtEnabled() <Nathan Harold> 5 months ago
fb041b5 : DO NOT MERGE ANYWHERE Fix UE initiated detach Abnormal case <Chris Elliott> 6 months ago
229d331 : Add PLMN Selection Info to SIM Records <Nathan Harold> 5 months ago
4a1959c : Add meaningful error strings to IccIoResult <Nathan Harold> 5 months ago
1df6da9 : Cleanup of IccConstants and SIMRecords Constants <Nathan Harold> 5 months ago
9cfc7dc : Fixed that MMS incorrectly treated as metered data traffic. <Jack Yu> 4 months ago
636fbb0 : Add more logging to debug when radio power is turned off/on. <Sanket Padawe> 5 months ago
4839eb5 : Re-evaluate Otasp state when reenable metered APNs <fionaxu> 4 months ago
a4e2afb : Added configuration for VT downgrade/tear down when data disabled <Jack Yu> 5 months ago
af0722d : Retry data call on low priority APNs when high priority APN is disabled. <Naveen Kalla> 5 months ago
75f96a4 : Only get WiFi status based on RAT extras <Brad Ebinger> 5 months ago
1588309 : Add method to check for ongoing video call or conference call. <Tyler Gunn> 5 months ago
b12a289 : Add CellInfo to ServiceStateTracker's dump <Nathan Harold> 5 months ago
40b0e24 : Use preferred APN for IA if it'll work. <Robert Greenwalt> 5 months ago
 
**** aosp:platform/frameworks/opt/timezonepicker ****
d58535c : Import translations. DO NOT MERGE <Bill Yi> 9 weeks ago
 
**** aosp:platform/frameworks/rs ****
444b48a : Fix @links in rs. <Elliot Waite> 3 months ago
 
**** vanir:hardware_qcom_audio ****
32847ef : audio: hal: fix power issue if tfa98xx calibration failed <Zheng Zhang> 8 weeks ago
243503e : Fix for audio distortion on speaker <rago> 4 months ago
587e913 : Fix for audio distortion on speaker <rago> 4 months ago
3927e17 : audio: hal: Use the elapsed time only if last_write_time_us is valid <Devin Kim> 3 months ago
dc71a44 : audio: hal: Fix CTS test failure with no hardware output <Prashant Malani> 3 months ago
8a8deaa : msm8998: rename from cobalt to 8998 <Thierry Strudel> 4 months ago
858c3c6 : audio: hal: fix no sound in mic during hfp-sco call <Zheng Zhang> 4 months ago
6185d57 : audio: hal: a workaround to avoid mic no sound while making voice call. <Zheng Zhang> 4 months ago
0c0f53e : audio: hal: add hfp volume control for smart pa <Zheng Zhang> 4 months ago
0b67950 : audio: hal: set mode bt in tfa when entering start_hfp <Zheng Zhang> 4 months ago
01197db : hal: extend configuring VOICEMMODE1 device id runtime <vivek mehta> 4 months ago
13f26e8 : audio: hal: add customized external smart pa code <Alain Vongsouvanh> 5 months ago
122b241 : Fix the wrong volume setting on HFP call <Tom Cherry> 5 months ago
500a9fe : Fix security vulnerability: Effect command might allow negative indexes <rago> 5 months ago
7fea204 : hal: Fix an issue on finding a wrong operator in case of no sim <Tom Cherry> 5 months ago
a2bdf6e : hal: Update mixer control for voice/volte call <Yamit Mehta> 5 months ago
ceb7b2d : Fix security vulnerability: Equalizer command might allow negative indexes <rago> 5 months ago
0cfc50a : msmcobalt: add to build <Thierry Strudel> 5 months ago
d135c31 : msm8916: hal: optimize worst case soundcard detection time <vivek mehta> 7 months ago
3f6051b : hal: select HFP devices based on hfp active session <Madhuri Athota> 6 months ago
9c50bd8 : hal: add new acdb ids for HFP call <Yamit Mehta> 8 months ago
4e80fa2 : Add forward definition for usecase_type_t <Tom Cherry> 6 months ago
e3b9956 : hal: add support for app type config in HFP call <Yamit Mehta> 7 months ago
bb15d17 : hal: msm8916: Add correct HFP Tx mute mixer controller <Yamit Mehta> 8 months ago
65dba39 : post_proc: Enable post processing for msm8909 <Yamit Mehta> 8 months ago
 
**** vanir:hardware_qcom_display ****
d62c8a2 : msm8998: Update to LA.UM.5.7.R1.07.00.00.253.052 <Thierry Strudel> 4 months ago
a558e9f : msm8998: rename msmcobalt to msm8998 <Thierry Strudel> 4 months ago
72adb43 : msmcobalt: Update to LA.UM.5.7_RB1.07.00.00.251.006 <Thierry Strudel> 4 months ago
9c880b5 : msm8226: update references to support prebuilt kernel build <Tom Cherry> 4 months ago
eb58d55 : msmcobalt: Update to 07.00.00.253.042 <Thierry Strudel> 5 months ago
e37b310 : sdm: Reduce logspam when changing color transforms <Naseer Ahmed> 7 months ago
05b2a3c : msmcobalt: Update to 07.00.00.253.039 <Thierry Strudel> 5 months ago
f110f7c : hwc: Do GPU fall back for layer transforms <Uday Kishore Pasupuleti> 7 months ago
30bff23 : hwc: add venus color format support for msm8909w <Sachin Bhayare> 9 months ago
8dc0cd6 : gralloc: Make Invalid handle debug print an error <Tom Cherry> 8 months ago
338be39 : gralloc: Add missing va_end() <Tom Cherry> 8 months ago
 
**** vanir:hardware_qcom_media ****
af7f1cd : msm8998: Update to LA.UM.5.7.R1.07.00.00.253.052 <Thierry Strudel> 4 months ago
0cfe6f8 : msm8998: rename msmcobalt to msm8998 <Thierry Strudel> 4 months ago
b50ee0d : msmcobalt: Update to LA.UM.5.7_RB1.07.00.00.251.006 <Thierry Strudel> 4 months ago
fa202b9 : msmcobalt: Update to 07.00.00.253.042 <Thierry Strudel> 5 months ago
69b5668 : msmcobalt: Update to 07.00.00.253.039 <Thierry Strudel> 5 months ago
 
**** aosp:platform/hardware/qcom/msm8x26 ****
bf37605 : msm8x26: Update rmnet headers <Tom Cherry> 4 months ago
 
**** vanir:hardware_samsung ****
235c298 : lights_helper: I/O API cleanup <Christopher N. Hesse> 3 days ago
 
**** cm:LineageOS/android_hardware_ti_omap4 ****
86ea9e8 : omap4: add more common build properties <Ziyan> 7 months ago
368f365 : omap4: define BOARD_CANT_REALLOCATE_OMX_BUFFERS <Andreas Blaesius> 29 hours ago
cce4d95 : omap4: camera: restore compatibility with older Android versions (< Android N) <Andreas Blaesius> 29 hours ago
0254e40 : omap4: define TARGET_CAMERASERVICE_CLOSES_NATIVE_HANDLES <Andreas Blaesius> 31 hours ago
7839bd6 : camera: Use GBAllocator.allocate for N_MR1. <Kyle Repinski> 6 months ago
3c75dc7 : Revert "camera: switch to Gralloc.allocate and generate unique Id for allocation" <Andreas Blaesius> 32 hours ago
c9d954d : camera: Rename version_major/minor to the new, non-deprecated names. <Kyle Repinski> 1 year, 1 month ago
0f2b557 : camera: clean up build when various OMAP_ENHANCEMENTs are disabled <Ziyan> 1 year, 10 months ago
9cf111b : Revert "hwc: publicly define omap specific usage flags" <D. Andrei Măceș> 3 months ago
9a75172 : seccomp: allow clock_nanosleep syscall <Ziyan> 3 months ago
3a17e59 : Fix camera video recording on N. <Kyle Repinski> 6 months ago
547e464 : android-api: Add N_MR1 defines. <Kyle Repinski> 6 months ago
c7d8882 : camera: fix build for LP <Andreas Blaesius> 6 months ago
9843c81 : android-api: Add LP_MR1 defines. <Kyle Repinski> 6 months ago
ef46c42 : Add DOMX syscalls to seccomp filter <Ziyan> 7 months ago
6c31b84 : domx: Remove implicit libc shared library declarations. <Kyle Repinski> 7 months ago
6fc761d : domx: Overhaul omx_proxy_component makefile. <Kyle Repinski> 7 months ago
0efd58f : domx: for ion_alloc alloc flag must be (1 << ID) and not the ID <Kunal> 7 months ago
3088f9e : camera: for carveout alloc we must use ID OMAP_ION_HEAP_SECURE_INPUT <Kunal> 7 months ago
16aca2a : android-api: add N <Kyle Repinski> 7 months ago
38636fa : camera: fix build for KK <Andreas Blaesius> 10 months ago
6c5b8a8 : libcorkscrew: only build for Lollipop and newer <Ziyan> 1 year, 4 months ago
4cd6c92 : camera: Init all members of camera_module_t to fix warnings. <Kyle Repinski> 1 year, 1 month ago
f439503 : libtiutils: C++11 compat fix. <Kyle Repinski> 1 year, 1 month ago
97eba14 : libstagefrighthw: Build with -Wall -Werror. <Kyle Repinski> 1 year, 1 month ago
5076f97 : libI420colorconvert: Build with -Wall -Werror. <Kyle Repinski> 1 year, 1 month ago
2c59035 : Make bltsville opt-in. <Kyle Repinski> 1 year, 4 months ago
072fa04 : camera: Makefile overhaul. <Kyle Repinski> 1 year, 5 months ago
07c4577 : Revert "camera: call camera CFLAGS should use CAMERAHAL_CFLAGS" <Andreas Blaesius> 33 hours ago
06ce617 : omap4: Set TARGET_FORCE_SCREENSHOT_CPU_PATH. <Kyle Repinski> 7 months ago
d1f876f : SGX-BIN: build: android: Don't override PLATFORM_VERSION if supplied <D. Andrei Măceș> 4 weeks ago
eb70ea8 : SGX-BIN: build: android: Add fallback PLATFORM_VERSION mechanism <D. Andrei Măceș> 3 months ago
dbe532a : board/init: Common PVR KM build target for reuse by devices <D. Andrei Măceș> 4 months ago
492610c : SGX-BIN: build/srvkm: Drop SGX core/version suffixes everywhere <D. Andrei Măceș> 4 months ago
42c669c : SGX-BIN: buildvars: Compile PVR KM with -fno-pic <Vishal Mahaveer> 3 months ago
55bfee6 : libpower: Avoid overwriting custom user frequencies. <Kyle Repinski> 6 months ago
357aaac : libpower: Initialize inited variable. <Kyle Repinski> 6 months ago
5ae1155 : libpower: Add optional support for API 0.3 <Kyle Repinski> 6 months ago
c55f2bb : Add OMAP PowerHAL <Ziyan> 7 months ago
 
**** vanir:kernel_huawei_angler ****
b14e7d2 : apply changes from N2G47M <nuclearmistake> 31 hours ago
 
**** cmold:android_kernel_motorola_msm8226 ****
923c16f : misc: l3g4200d: Keep track of the sensor config <Gabriele M> 10 days ago
68923da : misc: l3g4200d: Set ODR only when the sensor is enabled <Gabriele M> 10 days ago
 
**** vanir:libcore ****
7e69777 : Fix URLTest#testAtSignInUserInfo failure <Yi Kong> 9 weeks ago
7247f6a : Pull upstream fix for CVE-2016-5552 <Yi Kong> 3 months ago
218158d : Re-add tz code that was lost in java.lang.System <Neil Fuller> 9 weeks ago
c8c60eb : Test fix: Handle missing dummy0 network interface <Neil Fuller> 2 months ago
53c8c68 : Document incorrect LinkedHashMap Spliterator ordering in Android N. <Tobias Thierer> 3 months ago
b62ed4c : recvfrom should set srcAddress for empty packets <Yi Kong> 3 months ago
2f026b4 : Fix ByteBuffer.put(ByteBuffer) edge case. <Przemyslaw Szczepaniak> 3 months ago
57e73ef : Don't run Annotations57649Test on low-ram devices. <Nimrod Gileadi> 5 months ago
c18a1e5 : Do not run test requiring 3GB free space on devices that do not have it <Erik Wolsheimer> 8 months ago
f26dd88 : DO NOT MERGE: CertificateTest: explicitly set validity check date <Kenny Root> 5 months ago
558e9c5 : Fix Formatter.format("%,d") for locales without grouping <Neil Fuller> 4 months ago
06673ab : CertificateTest: explicitly set validity check date <Kenny Root> 5 months ago
3ed8687 : Fix ordering issue in view ByteBuffer <Shubham Ajmera> 4 months ago
88be0f8 : DO NOT MERGE IDN: Fix handling of long domain names. <Narayan Kamath> 8 months ago
3bae679 : IDN: Fix handling of long domain names. <Narayan Kamath> 8 months ago
c14d69d : DO NOT MERGE: Add tests for security vulnerability CVE-2016-0718 <Paul Duffin> 11 months ago
a7b6585 : DO NOT MERGE Add tests for security vulnerability CVE-2016-0718 <Paul Duffin> 11 months ago
bc48f87 : DO NOT MERGE IDN: Fix handling of long domain names. <Narayan Kamath> 8 months ago
3d3f0a4 : DO NOT MERGE Add tests for security vulnerability CVE-2016-0718 <Paul Duffin> 11 months ago
ecb120c : DO NOT MERGE Assert that DESede/CBC/PKCS5Padding Cipher works as expected <Alex Klyubin> 7 months ago
efb5f5b : DO NOT MERGE Assert that DESede/CBC/PKCS5Padding Cipher works as expected <Alex Klyubin> 7 months ago
9a659a1 : CertificateTest: explicitly set validity check date <Kenny Root> 5 months ago
3fdd10e : CertificateTest: explicitly set validity check date <Kenny Root> 5 months ago
7b54756 : Fix byte ordering in ByteBufferAsXBuffer <Shubham Ajmera> 5 months ago
177835a : Don't run Annotations57649Test on low-ram devices. <Nimrod Gileadi> 5 months ago
dc7af43 : Fix getTrafficClass on a closed socket leaks resources <Yi Kong> 5 months ago
aea194e : Fix merge issue for OldSocketTest <Yi Kong> 5 months ago
c62555a : Fix sendUrgentData on a closed socket leaks resources <Yi Kong> 5 months ago
f98287d : Fix URL parser may return wrong host name <Yi Kong> 6 months ago
fc575bc : DO NOT MERGE Relax N CTS about whether \t is allowed in header values <Tobias Thierer> 6 months ago
6a7463d : CipherTest: in ASN1 encoding for GCM, no value for tag size means 12 <Sergio Giro> 9 months ago
bffdac5 : Do not run test requiring 3GB free space on devices that do not have it <Erik Wolsheimer> 8 months ago
c27c91e : Do not run test requiring 3GB free space on devices that do not have it <Erik Wolsheimer> 8 months ago
 
**** vanir:platform_manifest ****
3c7323d : 7.1.2: additions and partial groups reconciliation <nuclearmistake> 6 hours ago
bb28dfd : temporarily drop substratum to catch up with 7.1.2 <nuclearmistake> 24 hours ago
a3789ff : Fork keymaster <nuclearmistake> 28 hours ago
a6b05f0 : 7.1.2_r2 <DHOMD> 2 days ago
 
**** aosp:platform/packages/apps/BasicSmsReceiver ****
92d2dc9 : Import translations. DO NOT MERGE <Bill Yi> 5 months ago
 
**** vanir:packages_apps_Bluetooth ****
971d02c : Import translations. DO NOT MERGE <Bill Yi> 9 weeks ago
52c59e4 : Change scan downgrading to be app independent <Ajay Panicker> 3 months ago
2fabe63 : Remove advertiser during unregistration <Jakub Pawlowski> 3 months ago
b5633d9 : Add counters for true number of events being logged <Jack He> 3 months ago
be82cf8 : Fix A2DP metrics session duration <Jack He> 3 months ago
9de0d81 : DO NOT MERGE ANYWHERE: Let audio HAL know when BT is turned off <Zheng Zhang> 3 months ago
2d1d81f : Move state dumpsys (to BluetoothManagerService) <Marie Janssen> 3 months ago
c29e2f1 : Prevent Null Pointer Exception caused by empty remote device properties <Ajay Panicker> 4 months ago
046debb : Prevent SQL query from having a bad where clause <Ajay Panicker> 4 months ago
c37f271 : Remove MANAGE_DOCUMENTS permission as it isn't needed <Ajay Panicker> 5 months ago
8c14386 : BLE OOB Pairing - parse address type (3/5) <Jakub Pawlowski> 5 months ago
e3b6e81 : Add LE Secure Connection data parsing (2/4) <Jakub Pawlowski> 8 months ago
119ceb8 : Import translations. DO NOT MERGE <Bill Yi> 5 months ago
6bb2114 : DO NOT MERGE BLE Check and send scan response data <Chris Manton> 5 months ago
3ee63fd : Disable HFP audio path when HFP call goes on hold/resume when goes off hold <Christine Hallstrom> 5 months ago
33acd22 : Add some debug logs to the HeadsetClientService. <Wei Liu> 6 months ago
b7e2f97 : Implement new API for retrieving supported Bluetooth profiles. <Bryce Lee> 6 months ago
19f672c : Match semantics of ArrayList#toArray in Config's use thereof <Erik Wolsheimer> 7 months ago
617b751 : Add missing null pointer check inside HeadSetClientService.stop() <Lianchao Song> 11 months ago
 
**** vanir:packages_apps_CMParts ****
9198d84 : CMParts: Update quick QS pull-down summary for translation <Elektroschmock> 2 weeks ago
 
**** vanir:packages_apps_CarrierConfig ****
83f5283 : Make all fields except the 'apn' field read-only for VZW. <Amit Mahajan> 9 weeks ago
85ddde9 : Add multiendpoint ImsReasonInfo remapping. <Tyler Gunn> 3 months ago
f88d561 : Add custom carrier blocking prefixes <Brad Ebinger> 4 months ago
c8494c2 : Turn off 3gpp MMI codes while roaming on certain carriers <Brad Ebinger> 4 months ago
043ad59 : Add disable_hd_audio_icon to carriers <Hall Liu> 4 months ago
6edbb5e : Override editable_tether_apn_bool for Telstra. <Junda Liu> 4 months ago
1291a5d : Add carrierconfigs to treat mdn as VM number <Jordan Liu> 5 months ago
dca13ae : Reduced the data retry to 40 times for the first hour for AT&T <Jack Yu> 4 months ago
25fda5d : Fixed the incorrect VT carrier settings. <Jack Yu> 4 months ago
0665760 : DO NOT MERGE: CarrierConfig: ignore case when comparing mvno <Meng Wang> 5 months ago
071f7b5 : Added configuration for VT downgrade/tear down when data disabled <Jack Yu> 5 months ago
de939fe : Added CMAS/ETWS duplicate expiration support <Jack Yu> 6 months ago
 
**** vanir:packages_apps_CellBroadcastReceiver ****
babd60a : Import translations. DO NOT MERGE <Bill Yi> 9 weeks ago
a1362f0 : Fixed that wakelock is not released when in vibrate only mode. <Jack Yu> 4 months ago
618359d : Import translations. DO NOT MERGE <Bill Yi> 5 months ago
93da96c : Added CMAS/ETWS duplicate expiration support <Jack Yu> 6 months ago
 
**** vanir:packages_apps_Contacts ****
d87ded3 : Revert "Merge remote-tracking branch 'remotes/vanir/n71-substratum' into HEAD" <nuclearmistake> 24 hours ago
 
**** vanir:packages_apps_ContactsCommon ****
c5344ae : Revert "Merge branch 'n-mr1-oms7' of https://github.com/SubstratumResources/packages_apps_ContactsCommon into HEAD" <nuclearmistake> 24 hours ago
4478fa0 : Import translations. DO NOT MERGE <Bill Yi> 9 weeks ago
2a1d7f9 : Import translations. DO NOT MERGE <Bill Yi> 4 months ago
8969c89 : Import translations. DO NOT MERGE <Bill Yi> 4 months ago
f84cb88 : Import translations. DO NOT MERGE <Bill Yi> 4 months ago
2a8514b : Import translations. DO NOT MERGE <Bill Yi> 4 months ago
d67bdcc : Import translations. DO NOT MERGE <Bill Yi> 4 months ago
30bdf50 : Import translations. DO NOT MERGE <Bill Yi> 4 months ago
8b0a187 : Import translations. DO NOT MERGE <Bill Yi> 4 months ago
c1d25c5 : Import translations. DO NOT MERGE <Bill Yi> 4 months ago
c2d0802 : Import translations. DO NOT MERGE <Bill Yi> 4 months ago
5dfe154 : Import translations. DO NOT MERGE <Bill Yi> 4 months ago
f746bae : Import translations. DO NOT MERGE <Bill Yi> 4 months ago
8693459 : Import translations. DO NOT MERGE <Bill Yi> 4 months ago
5d1ac91 : Import translations. DO NOT MERGE <Bill Yi> 4 months ago
4142e4f : Import translations. DO NOT MERGE <Bill Yi> 4 months ago
80389d0 : Import translations. DO NOT MERGE <Bill Yi> 4 months ago
d867a0f : Import translations. DO NOT MERGE <Bill Yi> 4 months ago
65aa927 : Import translations. DO NOT MERGE <Bill Yi> 5 months ago
5955373 : Import translations. DO NOT MERGE <Bill Yi> 5 months ago
99d07c1 : Import translations. DO NOT MERGE <Bill Yi> 5 months ago
a9176dd : Import translations. DO NOT MERGE <Bill Yi> 5 months ago
112112b : Import translations. DO NOT MERGE <Bill Yi> 5 months ago
29755e8 : Import translations. DO NOT MERGE <Bill Yi> 5 months ago
8f09dd2 : Import translations. DO NOT MERGE <Bill Yi> 5 months ago
ed19fa9 : Import translations. DO NOT MERGE <Bill Yi> 5 months ago
8d555bc : Import translations. DO NOT MERGE <Bill Yi> 5 months ago
c29e509 : Import translations. DO NOT MERGE <Bill Yi> 5 months ago
40cb8b4 : Import translations. DO NOT MERGE <Bill Yi> 5 months ago
ab1da0c : Import translations. DO NOT MERGE <Bill Yi> 5 months ago
fa4537c : Import translations. DO NOT MERGE <Bill Yi> 5 months ago
0b6c338 : Ask for confirmation before importing from vcard <Walter Jang> 5 months ago
d84b832 : Import translations. DO NOT MERGE <Bill Yi> 7 months ago
 
**** vanir:packages_apps_Dialer ****
c78e2e2 : Revert "Merge branch 'n-mr1-oms7' of https://github.com/SubstratumResources/platform_packages_apps_Dialer into HEAD" <nuclearmistake> 24 hours ago
 
**** aosp:platform/packages/apps/EmergencyInfo ****
109dfaf : Mark getFragments as @VisibleForTesting <Maurice Lam> 3 months ago
4538a5b : Import translations. DO NOT MERGE <Bill Yi> 9 weeks ago
5a48420 : Import translations. DO NOT MERGE <Bill Yi> 5 months ago
 
**** vanir:packages_apps_ExactCalculator ****
a7d09d2 : Revert "Merge branch 'n-mr1-oms7' of https://github.com/SubstratumResources/platform_packages_apps_ExactCalculator into HEAD" <nuclearmistake> 24 hours ago
 
**** vanir:packages_apps_Messaging ****
e7c6c7d : Revert "32807795  Security Vulnerability - AOSP Messaging App: thirdparty can" <DHOMD> 3 weeks ago
 
**** vanir:packages_apps_PackageInstaller ****
af8a05b : Revert "PackageInstaller: Add tint mode to icons" <nuclearmistake> 24 hours ago
 
**** vanir:packages_apps_PhoneCommon ****
2fa96aa : Revert "Merge branch 'n-mr1-oms7' of https://github.com/SubstratumResources/platform_packages_apps_PhoneCommon into HEAD" <nuclearmistake> 24 hours ago
 
**** vanir:packages_apps_Settings ****
8b0fef0 : Revert "Merge remote-tracking branch 'remotes/vanir/n71-substratum' into HEAD" <nuclearmistake> 24 hours ago
ad9d9a5 : Revert "Merge commit 'refs/changes/76/164776/2' of https://review.lineageos.org/LineageOS/android_packages_apps_Settings into HEAD" <nuclearmistake> 24 hours ago
b92663a : [DO NOT MERGE] Revert "[DO NOT MERGE] Use new QueuedWork interface." <Philip P. Moltmann> 7 weeks ago
da8a98f : Import translations. DO NOT MERGE <Bill Yi> 7 weeks ago
fa190d4 : DO NOT MERGE Fix "3 dot" icon size so it displays fully <Fan Zhang> 8 weeks ago
f9ef17c : Import translations. DO NOT MERGE <Bill Yi> 8 weeks ago
5d0af58 : Import translations. DO NOT MERGE <Bill Yi> 8 weeks ago
de172c7 : Update "more" icon so the 3 dots are perfectly round. <Fan Zhang> 8 weeks ago
76ad635 : Ignore orientation change to preserve ApnEditor. <Junda Liu> 9 weeks ago
1024651 : Import translations. DO NOT MERGE <Bill Yi> 9 weeks ago
22430d5 : DO NOT MERGE - Require password to FR in carrier demo mode <Christine Franks> 3 months ago
bb6859c : DO NOT MERGE - Allow FR in carrier demo mode <Christine Franks> 2 months ago
2a3b062 : Import translations. DO NOT MERGE <Bill Yi> 9 weeks ago
81758ed : [DO NOT MERGE] Use new QueuedWork interface. <Philip P. Moltmann> 4 months ago
a1499c3 : Remove fake data <Salvador Martinez> 2 months ago
9db3cb3 : Fix null pointer exception when surveys are turned off <Salvador Martinez> 2 months ago
59fd24c : Finalize string for usage alerts. <Andrew Sapperstein> 10 weeks ago
db68fc3 : Import translations. DO NOT MERGE <Bill Yi> 2 months ago
1c72ce0 : *DO NOT MERGE* Create new suggestion category for backup. <Stefanot> 2 months ago
a291336 : Refactor setCurrentFunction and setUsbDataUnlocked into one method <Jerry Zhang> 6 months ago
2eac39b : Add SuggestionFeatureProvider interface. <Stefanot> 3 months ago
2c57011 : Import translations. DO NOT MERGE <Bill Yi> 3 months ago
e519728 : Fix Bluetooth pairing dialogue crash <Jack He> 5 months ago
0446865 : Import translations. DO NOT MERGE <Bill Yi> 3 months ago
8a49de3 : Implements additional battery info menu behavior. <Jaewoong Jung> 4 months ago
7b557df : Adds a menu item for additional battery info to battery settings. <Jaewoong Jung> 4 months ago
4b69b11 : Removed fake data <Salvador Martinez> 4 months ago
39c04bb : Import translations. DO NOT MERGE <Bill Yi> 3 months ago
2cb82c5 : Added survey triggering mechanisms <Salvador Martinez> 4 months ago
cd0fe60 : Added feature for surveys provider to Settings <Salvador Martinez> 6 months ago
5d8d883 : Import translations. DO NOT MERGE <Bill Yi> 3 months ago
ef2b35a : DO NOT MERGE: Fix NPE in ConfigureWifiSettings. <pkanwar> 3 months ago
cd3475f : Import translations. DO NOT MERGE <Bill Yi> 3 months ago
0be5ccb : Import translations. DO NOT MERGE <Bill Yi> 3 months ago
db380fa : DO NOT MERGE Fix Notification Settings when unblockable app is blocked. <Geoffrey Pitsch> 3 months ago
675122a : DO NOT MERGE: Add UI toggle to control connections to carrier networks. <pkanwar> 4 months ago
54e5382 : Import translations. DO NOT MERGE <Bill Yi> 4 months ago
d9b3709 : DO NOT MERGE OMADM Trigger in *#*#INFO#*#* hidden menu. <Youhan Wang> 4 months ago
d18b9fc : Always include BAND_MODE=AUTOMATIC in the Radio Band Mode List <Nathan Harold> 4 months ago
a48002a : Import translations. DO NOT MERGE <Bill Yi> 4 months ago
a4e78d2 : Import translations. DO NOT MERGE <Bill Yi> 4 months ago
8a2f28a : DO NOT MERGE: Fix DPM.ACTION_SET_NEW_PASSWORD <Tony Mak> 4 months ago
839b9f9 : Add Ims Registration Info to RadioInfo <Nathan Harold> 5 months ago
c137050 : Enable and Disable IMS Provisioning Based on Platform Capability <Nathan Harold> 5 months ago
c04f8b9 : Move private volume storage calculations into a shared lib. <Daniel Nishi> 7 months ago
d13efff : Import translations. DO NOT MERGE <Bill Yi> 5 months ago
416fa38 : Import translations. DO NOT MERGE <Bill Yi> 5 months ago
b21815e : Add subtypes to tron logging for Wifi toggles. <Stephen Chen> 5 months ago
c9cdc25 : Fix crash when opening account sync detail for external app <Fan Zhang> 5 months ago
bb6af99 : Import translations. DO NOT MERGE <Bill Yi> 5 months ago
 
**** cm:LineageOS/android_packages_apps_Snap ****
673547e : CaptureUI: fix crash on setOrientation <Jay Wang> 1 year, 1 month ago
a8285ad : Snap: Fix effect and picture program overlay buttons <Dominggoes Isakh> 10 days ago
65aa6fd : Always apply frame size reduction to panorama pictures <Gabriele M> 10 days ago
9e8d919 : Never ignore finger swipes in gallery mode <Gabriele M> 4 weeks ago
b9da2b0 : Fix record time sometimes not seen <cb> 3 weeks ago
 
**** aosp:platform/packages/apps/StorageManager ****
b87076c : Import translations. DO NOT MERGE <Bill Yi> 7 weeks ago
8b53e55 : Import translations. DO NOT MERGE <Bill Yi> 8 weeks ago
5c7c575 : Import translations. DO NOT MERGE <Bill Yi> 8 weeks ago
ccadf8e : Reduce the timeframe which Deletion Helper queries for usage stats. <Daniel Nishi> 2 months ago
a76f0d5 : Import translations. DO NOT MERGE <Bill Yi> 9 weeks ago
28f1368 : Fix a bug where the ASM upsell never stops showing. <Daniel Nishi> 4 months ago
788f521 : Fix off-by-one error on ASM dismissal notification day count. <Daniel Nishi> 4 months ago
1cdbabb : Only show ASM activation notification locally. <Daniel Nishi> 4 months ago
22a75dc : Fix a bug where multiple private volumes caused inaccuracies. <Daniel Nishi> 7 months ago
bc88b0d : Import translations. DO NOT MERGE <Bill Yi> 5 months ago
60f050f : Import translations. DO NOT MERGE <Bill Yi> 5 months ago
 
**** vanir:packages_providers_ContactsProvider ****
54fe662 : Import translations. DO NOT MERGE <Bill Yi> 9 weeks ago
c4b2bcd : Fix VoicemailProviderTest for new columns <Ta-wei Yen> 2 months ago
27bedb2 : Add voicemail backup/restore columns <Ta-wei Yen> 3 months ago
640e082 : Fix failing test <Makoto Onuki> 4 months ago
687bef9 : Prevent LAST_MODIFIED from changing after deletion <Ta-wei Yen> 5 months ago
 
**** vanir:packages_providers_TelephonyProvider ****
47c74c4 : Import translations. DO NOT MERGE <Bill Yi> 9 weeks ago
b0d0a69 : add display_originating_address in the mms raw db <fionaxu> 2 months ago
14154db : Remove spaces from APN types read from the file <Naveen Kalla> 4 months ago
 
**** aosp:platform/packages/providers/TvProvider ****
e2fe2af : Import translations. DO NOT MERGE <Bill Yi> 5 months ago
 
**** aosp:platform/packages/services/Car ****
69bc432 : fix build <Keun-young Park> 5 months ago
 
**** vanir:packages_services_Mms ****
de8277e : Add Material icon & app label <Michael Bestas> 2 years, 2 months ago
f37c91b : 31613454 Prevent setting up network twice for receiving MMS <Sahin Caliskan> 5 months ago
 
**** vanir:packages_services_Telecomm ****
ad18dc9 : Accept timeout from apps requesting call disconnect <Hall Liu> 7 weeks ago
ebe6617 : Import translations. DO NOT MERGE <Bill Yi> 9 weeks ago
fb8f300 : Enhance logging for vibration during ringing. <Tyler Gunn> 3 months ago
b1c2197 : Strip separators while sending CLCC response <Satish Kodishala> 5 months ago
4905666 : Fix issue where the dnd mode remains on after a call terminates. <Tyler Gunn> 3 months ago
492c818 : Add cap on number of calls stored in analytics <Hall Liu> 3 months ago
d5d9884 : Fix tests for CallAudioRouteStateMachine <Hall Liu> 4 months ago
96a0be6 : Handle audio route restrictions set on calls <Christine Hallstrom> 4 months ago
8e154db : Auto un-mute incoming call when answered. <Tyler Gunn> 5 months ago
55083df : Import translations. DO NOT MERGE <Bill Yi> 5 months ago
f1255e0 : Remove the custom missed call notification component config. <Wei Liu> 5 months ago
6191486 : Move the wear dialer off the custom component and use the default dialer hook. <Wei Liu> 5 months ago
13791b9 : Allow (silence rather than reject) the incoming call if it has a  different source (connection service) from the existing ringing call  when reaching maximum ringing calls. <Wei Liu> 6 months ago
 
**** vanir:packages_services_Telephony ****
d76ed74 : Revert "duplicate attribute" <nuclearmistake> 7 hours ago
31b54ff : duplicate attribute <nuclearmistake> 23 hours ago
993a920 : Fix VoWiFi prompt when dialing in airplane mode <Meng Wang> 7 weeks ago
89dd335 : DO NOT MERGE Set Settings.Global.CELL_ON default to CELL_ON_FLAG if not defined. <Wei Liu> 8 weeks ago
5e0ffbe : DO NOT MERGE Refactor EmergencyCallHelper -> RadioOnCallHelper <Wei Liu> 4 months ago
099e9d4 : Import translations. DO NOT MERGE <Bill Yi> 9 weeks ago
aeb795e : Added permission check for setCellInfoListRate <Jack Yu> 3 months ago
2415bf8 : Correct CDMA conference establishment issue. <Tyler Gunn> 2 months ago
57a4975 : Don't activate VVM if carrier config changed without signal <Ta-wei Yen> 2 months ago
269606e : Modify CallFeatureSetting WFC mode to apply to roaming cases. <Youhan Wang> 3 months ago
3128d9e : Added permission check for setCellInfoListRate <Jack Yu> 3 months ago
6889b6a : Change the 'dt' field of CVVM to 6 <Ta-wei Yen> 3 months ago
e4f651b : Preserve PIN_NOT_SET state when reactivating on VVM3 <Ta-wei Yen> 3 months ago
1509f29 : Set client type for outbound visual voicemail SMS <Ta-wei Yen> 3 months ago
6173d39 : Import translations. DO NOT MERGE <Bill Yi> 3 months ago
c3c1e0a : Import translations. DO NOT MERGE <Bill Yi> 3 months ago
dfb6ca8 : Import translations. DO NOT MERGE <Bill Yi> 4 months ago
dff4f5f : Import translations. DO NOT MERGE <Bill Yi> 4 months ago
02dfc68 : Block call forwarding calls with custom prefixes while roaming <Brad Ebinger> 4 months ago
b1b36e3 : Add CarrierConfig option to not display HD icon <Brad Ebinger> 7 months ago
23913d1 : Add reason code used to tell dialer when call failed due to WFC being off. <Tyler Gunn> 4 months ago
c2c40a1 : Import translations. DO NOT MERGE <Bill Yi> 4 months ago
d5c297a : Import translations. DO NOT MERGE <Bill Yi> 4 months ago
5aed054 : DO NOT MERGE ANYWHERE Send voicemail notification to dialer instead of custom component <Ta-wei Yen> 5 months ago
4557827 : Import translations. DO NOT MERGE <Bill Yi> 4 months ago
dbb0502 : Import translations. DO NOT MERGE <Bill Yi> 4 months ago
32015f9 : Fix force close of voicemail activity caused by screen rotation <zhengpin.x.huang> 1 year, 1 month ago
0a9be37 : Cellular radio is turned off in power save mode on Wear. Change the error message so that user knows how to make phone call in this case. <Wei Liu> 4 months ago
b762832 : Added configuration for VT downgrade/tear down when data disabled <Jack Yu> 4 months ago
a456e31 : Ignore modem crashes in SimChangeReceiver <Ta-wei Yen> 5 months ago
c8d0b18 : Not cache empty config bundle. <Junda Liu> 5 months ago
0259650 : Not cache empty config bundle. <Junda Liu> 5 months ago
2b50d1d : Prevent modification of TTY setting while in video call or conf call. <Tyler Gunn> 5 months ago
da25370 : UI will no longer kick-off the search of network operators automatically. <pkanwar> 5 months ago
558cc8d : Import translations. DO NOT MERGE <Bill Yi> 5 months ago
e3b4afc : Catch SIP exceptions which can crash Phone process on answer. <Tyler Gunn> 5 months ago
232a03b : Catch SIP exceptions which can crash Phone process on answer. <Tyler Gunn> 5 months ago
eb72c56 : Catch SIP exceptions which can crash Phone process on answer. <Tyler Gunn> 5 months ago
9678d64 : Remove source when disabling VVM <Ta-wei Yen> 5 months ago
9ae2a06 : Directly invoke the default phone's method in setRadioPower() <Wei Liu> 8 months ago
 
**** aosp:platform/platform_testing ****
3840922 : Fix appsmoke tests for Pixel C <Xiaohui Chen> 10 weeks ago
f8a61df : Create Launcher strategy for Wear <Yuchao Zhou> 3 months ago
680844d : Fix flaky jank test: Swipe Expanded Card <Yuanlang Song> 4 months ago
b98107c : Revert "CwPerformanceLaunch checked in to avoid sideload" <Yuanlang Song> 4 months ago
8103fdc : Add new jank test cases based on swipe right ui <Yuanlang Song> 4 months ago
c375101 : Add exception handling in abstract fit helper <Hang Yin> 5 months ago
df5b5b6 : CwPerformanceLaunch checked in to avoid sideload <Yuanlang Song> 8 months ago
ecd020b : App helper updates for Verizon DoU test suites <Yuan Lin> 6 months ago
0b20ce2 : Abstract App helpers for AngryBirds and Slacker Radio <Yuan Lin> 6 months ago
4ec4951 : Adds instrumentation to scan for wifi signal strength. <Hector Tellez> 7 months ago
bdd9d8b : Fix several bugs in SysUI jank test <Yuanlang Song> 5 months ago
e29fa15 : Load helper classes from multiple JAR paths <Michael Rosenfeld> 5 months ago
15f68e9 : Change keyboard name to fix the test <Yuanlang Song> 6 months ago
83e1614 : Fix branch breakage <Yuanlang Song> 7 months ago
ebba393 : Fix flaky ime jank test <Yuanlang Song> 7 months ago
392ff6a : Disable dex pre-optimization on Notification gen. <Yuanlang Song> 7 months ago
3971ad4 : Add oncreate trace point in hermetic activity <Yuanlang Song> 7 months ago
5c9aad9 : Add bouncing ball jank test on wear <Yuanlang Song> 8 months ago
24e6868 : Revert "Add GCA prebuilt to app-helpers Android.mk" <Michael Rosenfeld> 8 months ago
 
**** aosp:platform/prebuilts/deqp ****
2c6f01d : Update SPIR-V prebuilts for Android 7.0 CTS am: d549d2339b am: cc20c4630d am: 32a0f47ebb am: 76fa0d4e12 am: 2277067c4c <Pyry Haulos> 4 months ago
 
**** aosp:platform/prebuilts/gradle-plugin ****
11dcdf8 : added 2.2.4 to prebuilts/gradle-plugin <Jerome Dochez> 4 months ago
 
**** aosp:platform/prebuilts/maven_repo/android ****
e1ca350 : Merge "Moving the NOTICE.txt back" <TreeHugger Robot> 4 months ago
 
**** aosp:platform/prebuilts/misc ****
6287eb4 : Merge "Update ninepatch prebuilt" into nyc-dev am: 090ae0cfa1 am: ae5986e740 am: 5182e681e2 am: 85e10d989a <Diego Perez> 5 months ago
 
**** aosp:platform/prebuilts/qemu-kernel ****
370cf70 : DO NOT MERGE Upgrade emulator kernels am: 054873c1d2 <Jin Qian> 7 weeks ago
 
**** aosp:platform/prebuilts/sdk ****
23f7de5 : Merge "Add API 25 prebuilts." into nyc-mr1-dev am: 5e9de23f8c <Michael Wright> 6 months ago
 
**** aosp:platform/prebuilts/tools ****
b5022f0 : merge in nyc-mr2-release history after reset to nyc-mr2-dev <gitbuildkicker> 3 months ago
 
**** vanir:system_bt ****
9aac942 : Handle LE enhanced conn complete for rpa resolve <siminy> 5 weeks ago
7de6a9e : BT: Pairing fails when it coincides with role switch with 3rd device <Nitin Arora> 8 months ago
2c543bf : PAN: decrease number of PAN connection while BNEP connect fail <zhenchao> 3 months ago
544e5ef : BT: Disable outgoing profile connection in collision <Venkata Jagadeesh Garaga> 9 weeks ago
26d1c68 : BT: Resetting BTA dm state while sending disable event <Gurpreet Ghai> 3 months ago
bc37528 : Prevents rejection of valid max connection interval parameter update requests <Pradeep Panigrahi> 1 year, 5 months ago
2f9efb3 : RFCOMM: Incoming connection from car radio failing <venkata Jagadeesh Garaga> 3 months ago
a64d03a : Bluetooth: fix fd leak during add/remove gatt service <Pradeep Panigrahi> 3 months ago
8f737be : Put a check to avoid buffer overflow. <Satheesh Kumar Pallemoni> 3 months ago
39749b6 : Fix for the issues reported by static analysis tool. <Satheesh Kumar Pallemoni> 3 months ago
6ea7efe : HID: Correct Max latency  used for SSR <juncao> 3 months ago
20139b2 : Bluetooth: Fix cannot show music information correctlly <juncao> 4 months ago
4e8fe31 : Bluetooth: Fix gatt disconnection issue from GattServer <Pradeep Panigrahi> 3 months ago
567b044 : Proper handling of AV Discover and GetCaps commands <Ayan Ghosh> 4 months ago
a234f93 : Do not use remote device's preferred connection params. <Pradeep Panigrahi> 5 months ago
0f1acdf : Synchronise the apt-x media worker thread for start and cleanup <Sagar Verma> 4 months ago
964dfe6 : Fixes for Issues reported by static analysis tool. <Satheesh Kumar Pallemoni> 4 months ago
f1a4b62 : Bluetooth: Reset the pairing_cb for bredr/cross key pairing address <Matadeen Mishra> 1 year, 3 months ago
e2f38c1 : Start the Tx idle timer if  wake_state is LPM_WAKE_ASSERTED <Luke Zhang> 4 months ago
a2550c5 : Bluetooth: Prevent LE connection request after SMP over BR <Pradeep Panigrahi> 1 year, 8 months ago
690001a : DO NOT MERGE btif: check overflow on create_pbuf size <Marie Janssen> 11 months ago
0451764 : Bluetooth: Improve HOGP input report error handling <Pradeep Panigrahi> 5 months ago
30f1b94 : Handle AG enable and disable events properly <Satish Kodishala> 4 months ago
f1ff674 : GAP: Host initiates sniff during OPP file transfer <Venkata Jagadeesh Garaga> 5 months ago
561c0d9 : BT: Modify implementation for command timeout crashdump collection <Manu Viswanadhan> 5 months ago
 
**** aosp:platform/system/ca-certificates ****
465b0d8 : Update CA certificates <Kenny Root> 7 months ago
 
**** vanir:system_core ****
4086901 : Revert "Create "theme extras" directory" <nuclearmistake> 24 hours ago
d439d1b : Temp: roll back changes to healthd (cmcharger confounded merge conflicts - see how they handle it) <nuclearmistake> 28 hours ago
4e3e5fd : fingerprint: bump hw api version to 2.1 [DO NOT MERGE] <Nick Desaulniers> 10 weeks ago
b7893e6 : bootstat: Fix false metrics due to soft reboots. <James Hawkins> 3 months ago
00d5dad : dlext_namespace.h: Declare android_get_LD_LIBRARY_PATH <Jesse Hall> 3 months ago
243bbd2 : Make dlext_namespaces.h available to users of libnativeloader <Jesse Hall> 3 months ago
6c533a7 : adb: fix IOKit handle leaks on OS X. <Josh Gao> 6 months ago
8c63536 : gatekeeperd: protect from invalid data passed by HAL <Alexey Polyudov> 7 months ago
03067a2 : Allow bluetooth service to access bluetooth directory and add /logs (2/14) <Ajay Panicker> 7 months ago
04bbd5c : change /data/bugreports to /bugreports <Nick Kralevich> 5 months ago
88a579a : bootstat: Fix the boot complete signal for FBE devices. <James Hawkins> 4 months ago
876ad45 : init: Fix sync issue on property trigger. <caozhiyuan> 4 months ago
58eda35 : adb: actually fix the windows build. <Josh Gao> 5 months ago
dd78ae7 : fs_mgr: Fix disable-verity for verifyatboot partitions <Prashant Malani> 5 months ago
a9c0ac0 : adb: turn darwin/windows builds back on, hopefully fix them. <Josh Gao> 6 months ago
a7ba9ff : DO NOT MERGE:Add missing SOCK_CLOEXEC flag when opening socket <Tianjie Xu> 6 months ago
bef09aa : DO NOT MERGE:Add missing SOCK_CLOEXEC flag when opening socket <Tianjie Xu> 6 months ago
be6c880 : DO NOT MERGE Put a small sleep back in the start of toolbox top. <Elliott Hughes> 5 months ago
34543c0 : fs_mgr: Add support for at-boot verification <Prashant Malani> 5 months ago
6f83149 : healthd: Show animation before waiting on timer <Nick Vaccaro> 5 months ago
3f0250c : Always show the battery percentage unless it is unknown <Damien Bargiacchi> 5 months ago
e3083de : Enable CHARGER_ENABLE_SUSPEND to allow suspend <Nick Vaccaro> 5 months ago
1f1a6fd : healthd: allow override of wake interval timing <Nick Vaccaro> 6 months ago
565ba02 : Allow customization of charger animation <Damien Bargiacchi> 8 months ago
0ee524d : Update to new minui text API <Damien Bargiacchi> 8 months ago
 
**** vanir:system_sepolicy ****
6e07ae1 : Revert "Merge remote-tracking branch 'remotes/vanir/n71-substratum' into HEAD" <nuclearmistake> 24 hours ago
0fdc863 : Revert "Merge commit 'refs/changes/72/164772/1' of https://review.lineageos.org/LineageOS/android_system_sepolicy into HEAD" <nuclearmistake> 24 hours ago
e938f24 : Revert "Welcome to Theme Interfacer! [2/2]" <nuclearmistake> 24 hours ago
 
**** aosp:platform/system/update_engine ****
c736d47 : DO NOT MERGE: Parse Android .map files for unknown filesystem. <Alex Deymo> 4 months ago
821c833 : Mark current slot successful after cancelling an update. <Alex Deymo> 4 months ago
a8683d1 : Call truncate through perl. <Sen Jiang> 9 months ago
 
**** commotio:commotio ****
c201724 : Fingerprinted <DHOMD> 19 hours ago
1c014b3 : B134 <DHOMD> 19 hours ago
2503e28 : Revert "Apt X experiement" <DHOMD> 23 hours ago
0c52b93 : Apt X experiement <DHOMD> 23 hours ago
 
**** vanir:vendor_huawei ****
b1733d4 : angler: N2G47H <nuclearmistake> 31 hours ago
d2316ea : n2g47h <DHOMD> 2 days ago
 
**** vanir:vendor_lge ****
e397e69 : msm8996: Update pn548 firmware to 10.1.1E <Rashed Abdel-Tawab> 11 days ago
12afc70 : msm8996: Add G6 devices to build guard <Rashed Abdel-Tawab> 2 days ago
 
**** cm:LineageOS/android_vendor_qcom_opensource_time-services ****
106c13e : Add a barrier for Marlin/Sailfish <DHOMD> 3 weeks ago
 
**** vanir:vendor_samsung ****
a6e2754 : klte: Import US Cellular variant blobs to unified build <Kevin F. Haggerty> 2 weeks ago
 
**** vanir:vendor_vanir ****
f27b2a4 : Revert "OMS: Add ThemeInterfacer for Substratum OMS themes" <nuclearmistake> 24 hours ago
a12cded : Revert "Old CM Theme vascectomy" <nuclearmistake> 24 hours ago
f423ee2 : Update fingerprint for angler to N2G47H <nuclearmistake> 31 hours ago
 
