
**** samba:ccache.git ****
1cfdf73 : Update NEWS <Joel Rosdahl> 21 hours ago
a9306d2 : Remove unnecessary check of create_tmp_file return value <Joel Rosdahl> 21 hours ago
ce9c302 : Tweak code style <Joel Rosdahl> 21 hours ago
60178b7 : Convert absolute paths to relative paths inside the dependency file <Mihai Serban> 2 weeks ago
9365369 : Fix warnings from uncrustify <Anders Björklund> 3 days ago
5755f6a : Update NEWS <Joel Rosdahl> 22 hours ago
b91cc44 : Fix --print-config to show pch_defines <KonaBlend> 4 days ago
 
**** cm:CyanogenMod/android_device_htc_hiae-common ****
c0721c3 : hiae: Actually set gpubw governor <Ethan Chen> 22 hours ago
a35c218 : hiae: Use ZRAM <Ethan Chen> 2 days ago
 
**** cm:CyanogenMod/android_device_htc_hima-common ****
e2007be : hima: Tweak big core core_ctl up/down threshold <Ethan Chen> 17 hours ago
 
**** cm:CyanogenMod/android_device_htc_msm8974-common ****
cb4b19d : msm8974: Remove debugfs mounting <Steve Kondik> 2 weeks ago
 
**** vanir:device_lge_g2-common ****
fa5f49c : g2: ril: fix manual network selection <codeworkx> 8 weeks ago
d2c91ef : g2-common: configs: mixer_paths.xml: Increase volume <Zdrowy Gosciu> 4 weeks ago
 
**** github:Grarak/android_device_oneplus_oneplus2 ****
b6442b7 : Build missing wifi hal <Willi Ye> 21 hours ago
3db70dc : wifi: Config from OOS 3.0 Beta <Willi Ye> 21 hours ago
d7a03a2 : Add TZ assertion <Willi Ye> 24 hours ago
b8440c4 : audio: Add i2s files <Willi Ye> 27 hours ago
 
**** cm:CyanogenMod/android_device_sony_nicki ****
371e712 : nicki: Update WCNSS ini file <RonGokhale> 2 days ago
 
**** vanir:external_stagefright-plugins ****
4295c11 : stagefright-plugins: Convert calls to av_free_packet to av_packet_unref <Ethan Chen> 2 weeks ago
 
**** vanir:frameworks_base ****
5d7282d : LLS: Add LiveLockScreenController <d34d> 2 weeks ago
 
**** cm:CyanogenMod/android_hardware_qcom_audio ****
886c244 : hal: remove explicit direct pcm usecase <vivek mehta> 7 months ago
f6cd4f7 : hal: stop sound trigger buffering during close <Mingming Yin> 10 weeks ago
4fb2812 : hal: don't allow track offload if there's active sw effect <Weiyin Jiang> 5 weeks ago
bfe1cc3 : hal: Fix 44.1Khz playback when native support is not enabled <Amit Shekhar> 2 months ago
dc520bc : libaudiopolicymanager: DirectPCM: fix 44.1 clip playing noisy issue <vivek mehta> 4 months ago
b73a764 : audio: Extend platform parser to allow device name aliasing <Ethan Chen> 1 year, 7 months ago
64387ed : hal: Fix voice call recording <solk2> 1 year, 7 months ago
91c7d6b : hal: Fix digital USB headset combo device <Steve Kondik> 1 year, 7 months ago
be6fdfc : hal: Clean up compilation warnings <Steve Kondik> 1 year, 4 months ago
13ba1b4 : hal: Add support for audio amplifier HAL <Ethan Chen> 2 years, 10 months ago
381b7a0 : audio: Configure CM default feature set <Steve Kondik> 1 year, 4 months ago
b25084a : hal: Allow building hardware audio encoders <Arne Coucheron> 1 year, 2 months ago
f48de3d : audio: Use project pathmap <Ethan Chen> 3 months ago
1362fc7 : audio: Only allow non-legacy HAL <Ethan Chen> 3 months ago
b5b6d33 : hal: Update format table with AAC ADTS formats. <Ashish Jain> 4 months ago
102616d : HAL: Identify the track offload session <Sharad Sangle> 4 months ago
d7eaf2b : HAL: Identify Track offload session <Alexy Joseph> 5 months ago
8c21ad7 : Merge DAX2 changes <Gao Jie> 5 months ago
12467a1 : hal: Use AUDIO_TX_MONO_COPP topology for incall record usecases <Karthik Reddy Katta> 5 months ago
 
**** cm:CyanogenMod/android_hardware_qcom_display ****
7b9a3a1 : hwc/overlay: Validate cursor position in hwc_setPositionAsync <Baldev Sahu> 5 weeks ago
4c401f0 : hwc: Fix sanitize ROI func <Ramakant Singh> 8 weeks ago
6dab9c9 : hwc: Apply Default Mode on real framework start <Sravan Kumar D.V.N> 8 weeks ago
732b9ac : qdutils: Correct the hwc-driver mismatch <Ramakant Singh> 8 weeks ago
f1e2905 : hwc: remove local constant DISPLAY_ATTRIBUTES list <Ramakant Singh> 9 weeks ago
a74edfb : hwc: Remove references to display-frameworks <Ethan Chen> 3 months ago
c7cce05 : hwc: Fix compile errors after display-frameworks removal <Arne Coucheron> 3 months ago
b375570 : hwc: Support for QDCM Preference when PU enabled <Nitesh Gupta> 3 months ago
cc1ec84 : hwc: Set ioprio for vsync thread <Steve Kondik> 6 months ago
7516867 : Don't build lights module if vendor supplies it <Steve Kondik> 1 year, 5 months ago
730d245 : Revert "hqd: Use MSM_VIDC_TARGET_LIST for Venus color format" <Ethan Chen> 3 months ago
bc1215a : display: Use project pathmap <Ethan Chen> 1 year, 5 months ago
c324d73 : hwc: Set DefaultMode after bootup completion <Ramakant Singh> 4 months ago
8a6e7c9 : gralloc: Add a private flag for INTERNAL only <Arun Kumar K.R> 7 months ago
394c830 : hwc: Donot update dynamic-fps when device is not active <Ramakant Singh> 6 months ago
8f21571 : hwc: Do not wait for MDSS fence for layers with rotation <Dileep Kumar Reddi> 6 months ago
d2c5ca0 : hwc: Start with ROI set to destination <Arun Kumar K.R> 5 months ago
9ef4d8c : hwc: Set minfps as part of timeout_handler during idlefallback <Ramakant Singh> 6 months ago
0d616ba : Revert "hwc: Relax format change restrictions for certain targets" <Dileep Kumar Reddi> 6 months ago
213ead5 : Default flexible YUV format to NV21 <Tanmaya Godbole> 7 months ago
ed75fdb : hwc: Reset refresh-rate for few cases as part of timeout handler <Dileep Kumar Reddi> 6 months ago
56ed396 : gralloc: Add support for PRIV_FLAGS_DISP_CONSUMER <Surajit Podder> 9 months ago
a2d5295 : hwc: Support ActionSafe on targets with non-scaling RGB pipes. <Sandeep Panda> 7 months ago
248378d : gralloc: Use adreno_utils api for NV21 and NV12 alignment <Sushil Chauhan> 7 months ago
037d21d : hwc: Use basePipe for fullscreen and opaque layer <Pullakavi Srinivas> 7 months ago
77ec4ef : gralloc: Modify check for uncompressed RGB buffers <Naomi Luis> 7 months ago
449fbe0 : hwc: Use aligned width and height <Dileep Kumar Reddi> 7 months ago
02dbc50 : Revert "HWC: use aligned width and height for rearranging ROI" <Dileep Kumar Reddi> 7 months ago
cd7217a : hwc: Support ActionSafe on targets with non-scaling RGB pipes. <Sandeep Panda> 7 months ago
eed742d : overlay: add tertiary display definition in overlay <Vinu Deokaran> 7 months ago
a029479 : hwc: Validate display ID in hwc interface <Arun Kumar K.R> 7 months ago
09441c1 : gralloc: Add missing changes related to RAW16 <Raj Kamal> 8 months ago
7ea10c5 : hwc: Use basePipe for fullscreen and opaque layer <Pullakavi Srinivas> 7 months ago
c039f6e : hwc: Use aligned width and height <Dileep Kumar Reddi> 7 months ago
60cbe72 : Revert "HWC: use aligned width and height for rearranging ROI" <Dileep Kumar Reddi> 7 months ago
2e918bf : hwc: Avoid idlefallback during video playback <Raj Kamal> 7 months ago
fbe5a60 : HWC: use aligned width and height for rearranging ROI <Dileep Kumar Reddi> 7 months ago
597b313 : hwc: Featurize HWC_DISPLAY_SECURE <Raj Kamal> 7 months ago
eb4d7a6 : hwc: Use HWC_DISPLAY_NO_ATTRIBUTE as terminator. <Prabhanjan Kandula> 7 months ago
410ba7c : hwc : Normalize source crop before validating scaling limits. <Prabhanjan Kandula> 8 months ago
95fef31 : hwc: Relax format change restrictions for certain targets <Dileep Kumar Reddi> 8 months ago
42a1c98 : hwc: Changes for display-hal compilation with QTI_BSP enabled <Ramakant Singh> 8 months ago
c772eec : hwc: Do not use Borderfill pipe for composition in WFD <Dileep Kumar Reddi> 8 months ago
e5268fd : hwc/overlay: Pass handle w/h and crop w/h through fb_image field <Arun Kumar K.R> 8 months ago
5d39f02 : hwc: Log warning instead of mHDMIClient object not available <Dileep Kumar Reddi> 8 months ago
55b3489 : hwc: Ignore float-conversion for included headers <Naseer Ahmed> 8 months ago
82fe9c6 : hwc: Do not consider rotation for smart blit <Ramakant Singh> 8 months ago
dd689ff : hwc: Do not create idle invalidator for MDP3 targets <Dileep Kumar Reddi> 8 months ago
c58836b : hwc: Align ROI's width and height in both directions <Dileep Kumar Reddi> 8 months ago
19f2250 : hwc: Fix SF crash due to SIGSEGV error <Raj Kamal> 8 months ago
 
**** cm:CyanogenMod/android_hardware_qcom_display ****
17f2d38 : Don't build lights module if vendor supplies it <Steve Kondik> 1 year, 5 months ago
420cc3a : msm8996: remove unused qcom features <Scott Mertz> 3 months ago
5bdcfa4 : Additional pathmap & build fixes <Scott Mertz> 4 months ago
e80bb52 : display: Use project pathmap <Ethan Chen> 1 year, 5 months ago
e04e869 : Remove usage of MASTER_SIDE_CP_TARGET_LIST <Scott Mertz> 4 months ago
3fd7d00 : Revert "hqd: Use MSM_VIDC_TARGET_LIST for Venus color format" <Scott Mertz> 4 months ago
99aa8ca : sdm: Fix uninitialized HWLayers object <Saurabh Shah> 4 months ago
572b2bf : sdm: Do not copy surfaceDamage rects for SKIP layers <Sushil Chauhan> 4 months ago
074314d : gralloc: Add support for PRIV_FLAGS_DISP_CONSUMER <Surajit Podder> 9 months ago
8f8f6c7 : sdm : Add support for dynamic BW limit management <Prabhanjan Kandula> 6 months ago
83a945b : libqdutils: Refer to standard definitions for display types. <Dileep Marchya> 5 months ago
f29ff14 : sdm: Fix buffer overflow <Manoj Kumar AVM> 5 months ago
99ef378 : sdm: HWDevice: Set correct HWDisplayMode <Arun Kumar K.R> 5 months ago
ddca4e7 : sdm: Remove unused function in rect utility <Manoj Kumar AVM> 5 months ago
8d22bad : sdm: Fix memory leaks. <Dileep Marchya> 5 months ago
1c3f9a3 : hwc: Handle SBM operation set for all layers <Saurabh Shah> 5 months ago
b8067a4 : qdMetadata: Use uint32_t instead of bool <Saurabh Shah> 5 months ago
a0db84b : sdm: hdmi: Set the default grayscale value to RGB888 <Tatenda Chipeperekwa> 6 months ago
e94e78c : sdm: Add bandwidth and clock members <Sushil Chauhan> 8 months ago
959863b : sdm: Update HWPanelInfo during primary resolution switch <Sushil Chauhan> 5 months ago
b8ecfbf : display: Enable clang for all display modules <Naseer Ahmed> 5 months ago
63e8c95 : sdm: Source crop top needs adjustment for interlaced <Sushil Chauhan> 5 months ago
f1c8357 : sdm: Remove closing of fd during Sync operations <Manoj Kumar AVM> 5 months ago
44e2be1 : sdm: Do not process blit configuration for zero app layers. <Dileep Marchya> 5 months ago
61ef29b : sdm: Add support for single buffer layers <Saurabh Shah> 6 months ago
a816961 : sdm: Use FB resolution for virtual display <radhakrishna> 5 months ago
a0394ad : qdMetaData: Remove unused metadata fields. <Arun Kumar K.R> 5 months ago
50ff0bb : sdm: Panel name retrieval support <Dileep Marchya> 5 months ago
95f8368 : gralloc/metadata: Add support for single buffer mode <Saurabh Shah> 6 months ago
d7131e6 : sdm: Add support for UBWC in C2D <radhakrishna> 6 months ago
67c1f90 : sdm: Allow draw cycle in doze state. <Dileep Marchya> 5 months ago
5fb6d40 : sdm: Perform GPU target layer validation. <Manoj Kumar AVM> 5 months ago
226646c : sdm: Populate correct WB index for virtual <radhakrishna> 5 months ago
3edaf83 : sdm: Read rotator capabilities from driver <radhakrishna> 6 months ago
492ab99 : sdm: Fix ROI and Split info in SF dumpsys <Sushil Chauhan> 5 months ago
a9fb396 : sdm: Remove buffer format validation from hwc wrapper. <Ramkumar Radhakrishnan> 6 months ago
76750f2 : sdm: Add support for YCbCr420 Semiplanar format <Ramkumar Radhakrishnan> 6 months ago
bddb952 : gralloc: Use only metadata for color space <Saurabh Shah> 6 months ago
4a31ec4 : sdm: Make premultiplied as default blending <Saurabh Shah> 5 months ago
e1f01dd : sdm: Flush after first successful commit only. <Dileep Marchya> 6 months ago
1a7e1f1 : sdm: Add support for IGC. <Dileep Marchya> 6 months ago
9b99074 : sdm: Fix memory leaks. <Dileep Marchya> 6 months ago
ec8fe35 : sdm: Fix HDMI & virtual display concurrency. <Dileep Marchya> 6 months ago
d433464 : sdm: Add interface to consider rotator during scaling validation. <Ramkumar Radhakrishnan> 6 months ago
a5b764f : sdm: Add support for minimum encryption level settings for HDCP. <Dileep Marchya> 6 months ago
55fe304 : sdm: Add SPD information for HDMI <Arun Kumar K.R> 6 months ago
06078aa : sdm: Acquire lock during hwcomposer module open and close <Ramkumar Radhakrishnan> 6 months ago
d169be9 : sdm: properly close all the fence Fds <Ping Li> 6 months ago
040a3d0 : sdm: hwc: SetRefreshRate before validate IOCTL <Arun Kumar K.R> 6 months ago
6e43f57 : sdm: Handle/set dynamic fps appropriately <Arun Kumar K.R> 6 months ago
 
**** cm:CyanogenMod/android_hardware_qcom_media ****
ff3940f : mm-video-v4l2: Return correct level support for 8956 <Surajit Podder> 5 weeks ago
1fd6df0 : mm-video-v4l2: vidc: vdec: handle ftbs during reconfig and port disable <Abdulla Anam> 8 weeks ago
e9bacff : mm-video-v4l2: venc: check for null pointer <Maheshwar Ajja> 8 weeks ago
a699a13 : mm-video-v4l2: vdec: set 24 fps framerate for 4k clips <Deepak Kushwah> 2 months ago
bc9e191 : mm-video-v4l2: vidc: Fix race condition with msg thread fd close <Shalaj Jain> 5 months ago
a860362 : mm-video-v4l2: vidc: update thread names <Ashray Kulkarni> 9 months ago
8e66146 : mm-video-v4l2: Add support for prefer adaptive playback extension <Shalaj Jain> 8 months ago
41a5cfd : mm-video: Adjust stride value for planar format <Surajit Podder> 11 months ago
c40cf77 : mm-video: vidc: Reliably stop the message thread <Deepak Kushwah> 3 months ago
62f611d : Fix duplicated OMX.qcom.audio.decoder.aac entry <Keith Mok> 4 months ago
69d6d4b : media: Avoid collision with FFMPEG plugin <Steve Kondik> 3 months ago
610c356 : media: Use project pathmap <Ethan Chen> 3 months ago
dc1b1d4 : mm-video-v4l2: Unmap dropped output buffers <Surajit Podder> 4 months ago
78521c5 : Include kernel header dependency for libOmxVidcCommon <Divya Sharma> 4 months ago
f9c92f0 : mm-video-v4l2: vidc: venc: Fix hybrid HP layer count <Abdulla Anam> 5 months ago
a5dce41 : mm-video-v4l2: Enable get_param to check downscalar enablement <Surajit Podder> 5 months ago
e7743ae : mm-video-v4l2: venc: Add support to enhance hybrid Hier-p mode <Abdulla Anam> 5 months ago
75bc6a6 : mm-video-v4l2: vdec:  release buffer when qbuf to driver fails <Manikanta Kanamarlapudi> 5 months ago
cfeaf87 : mm-video-v4l2: Use client buffer header for FTB <Surajit Podder> 6 months ago
b6c736d : mm-video-v4l2: Disable intra refresh mode on msm8956/76 <Maheshwar Ajja> 6 months ago
a54c5d4 : mm-video-v4l2: vdec: fix fps issues in arbitrary mode <Ashray Kulkarni> 7 months ago
826ba8c : QCMetadata: add a new key for big buffers <Sidipotu Ashok> 6 months ago
ef3143a : QCMetadata: Add key for setBuffers API support <Manikanta Kanamarlapudi> 10 months ago
f178e8b : mm-video-v4l2: venc: support all I frame encoding usecase. <Abdulla Anam> 6 months ago
bcf4fa3 : libstagefrighthw: Add header guard to QComOMXMetadata.h and fix file perms <Deva Ramasubramanian> 7 months ago
e2d287f : mm-video-v4l2: vdec: streamoff while freeing first output buffer <Balamurugan Alagarsamy> 1 year, 3 months ago
f0fc3d0 : mm-video: Disable downscalar for non-display usecase <Surajit Podder> 9 months ago
0997c8a : mm-video: Enable HEVC software encoder OMX component. <Manikanta Sivapala> 6 months ago
8bb96de : mm-video_v4l2: pass crop nWidth and nHeight in reconfig event. <Abdulla Anam> 7 months ago
afb1469 : mm-video-v4l2: Fix downscalar issue <Surajit Podder> 7 months ago
269f6cd : mm-video-v4l2: Fix crash due to divide by zero <Surajit Podder> 6 months ago
c14558c : mm-video-v4l2: venc: initialize the member variables <Maheshwar Ajja> 7 months ago
99c2455 : mm-video-v4l2: vdec: Fix closing of file descriptor "0" <Deepak Kushwah> 7 months ago
b4d0e38 : mm-video-v4l2: venc: limit pixels value in input buffers. <Abdulla Anam> 7 months ago
1202ebd : mm-video_v4l2: pass crop nWidth and nHeight in reconfig event. <Abdulla Anam> 7 months ago
1fc82f0 : mm-video: Disable downscalar for non-display usecase <Surajit Podder> 9 months ago
6ecc67f : mm-core: update vpp related structures and enums. <Abdulla Anam> 7 months ago
56c0a51 : mm-video-v4l2: vidc: venc: fix CTS issues in vp8 encoder <Maheshwar Ajja> 7 months ago
1fe6770 : mm-core: update vpp related structures and enums. <Abdulla Anam> 7 months ago
a9c2410 : mm-video: Set correct color format to driver <Surajit Podder> 8 months ago
f2fa16b : mm-video-v4l2: vidc: venc: enable low latency mode <Maheshwar Ajja> 8 months ago
79da148 : mm-video-v4l2: null check before pointer dereference <Abdulla Anam> 7 months ago
a66ec1f : audio: Fix stale session opening of DSP audio decoder <Naresh Tanniru> 7 months ago
1171b44 : audio: Fix stale session opening of DSP audio decoder <Naresh Tanniru> 7 months ago
03f6533 : mm-video-v4l2: change variables used for reconfig height & width <Abdulla Anam> 8 months ago
6dc2004 : mm-video-v4l2: venc: Disable Bframes incase of UHD recording <Deepak Kushwah> 8 months ago
f493b73 : audio: Add support for new key kKeyByteMode <Manish Dewangan> 8 months ago
382b5b7 : mm-video-v4l2: video: add new extensions <Ashray Kulkarni> 11 months ago
b266f81 : mm-video-v4l2: venc: Add support for low latency mode <Maheshwar Ajja> 8 months ago
14c22a7 : mm-core: Add Skype extensions <Ashray Kulkarni> 11 months ago
 
**** cm:CyanogenMod/android_hardware_qcom_media ****
347b90c : libc2dcolorconvert: refer c2d header from display <Praveen Chavan> 1 year, 11 months ago
6316605 : vidc: Fix makefiles <Steve Kondik> 11 months ago
d84d430 : media: Avoid collision with FFMPEG plugin <Steve Kondik> 1 year, 11 months ago
8ba01d1 : media: Use project pathmap <Ethan Chen> 1 year, 1 month ago
be989ef : audio: Add entry for ALAC/APE software component <Preetam Singh Ranawat> 4 months ago
ab3e6cf : Include kernel header dependency for libOmxVidcCommon <Divya Sharma> 4 months ago
f5b8f20 : Include kernel header dependency for libOmxVidcCommon <Divya Sharma> 4 months ago
2266025 : mm-video-v4l2: vidc: Ensure async_message_thread always exits <Arun Menon> 4 months ago
b0d352b : media : Add Max CSD values for ALAC and APE <Preetam Singh Ranawat> 5 months ago
a04219f : mm-video-v4l2: vdec: skip enabling extn_user extradata for secure session <Srinu Gorle> 4 months ago
622d480 : mm-video-v4l2: vidc: Enhance VQZIP checks <Praneeth Paladugu> 7 months ago
2b5bd8a : mm-video-v4l2: vidc: venc: Fix input extradata issues <Praneeth Paladugu> 5 months ago
ce13944 : mm-video-v4l2: vidc: vdec: Add UBWC color format support <Srinu Gorle> 4 months ago
a725170 : mm-video: venc: Initialize m_graphicBufferSize <Deva Ramasubramanian> 4 months ago
8be933c : mm-video-v4l2: vidc: vdec: Add support for downscalar in component <Srinu Gorle> 11 months ago
c29ae31 : mm-video-v4l2: vidc: Fix race condition with msg thread fd close <Shalaj Jain> 5 months ago
6a50516 : mm-video-v4l2: vdec: Fix CTS issue with color coversion <Vinay Kalia> 5 months ago
ab08584 : mm-core: Add extensions for FRC <Vinay Kalia> 5 months ago
b12f245 : mm-video-v4l2: Handle async_message_thread error <Arun Menon> 5 months ago
9952fd8 : mm-core: Add secure component registry entry <Vikash Garodia> 5 months ago
8d855cc : mm-video: common: update OmxVidcCommon dependency list <Srinu Gorle> 5 months ago
3c3fe6c : mm-video-v4l2: vdec: Change preferred color format default order <Arun Menon> 5 months ago
c73daac : mm-video-v4l2: Add registry entry for openmax components. <Vikash Garodia> 5 months ago
bcb448c : mm-video: swvdec: Add SwVdec registry entries for 8937. <Manikanta Sivapala> 5 months ago
e592d0a : mm-video: swvdec: Add SwVdec OMX component. <Manikanta Sivapala> 5 months ago
41cf898 : mm-core: Update the correct instance index for storing VPP handle <Praneeth Paladugu> 5 months ago
c8827e2 : mm-video-v4l2: vidc: Allocate secure bitstream buffers from CMA <Shalaj Jain> 5 months ago
cf6d469 : mm-video: vidc: Fully drainbuffers from the driver if batch not complete <Deva Ramasubramanian> 5 months ago
093280d : mm-core: Unload the component library after the session is done <Praneeth Paladugu> 5 months ago
45267c8 : Remove msm8937 due to missing HY11 rule <Naveen Kumar> 5 months ago
fb36868 : mm-video: venc: Revert Venus native support for RGBA8888 <Deva Ramasubramanian> 5 months ago
1c7b346 : mm-video: swvenc: Add pure virtual functions. <Manikanta Sivapala> 5 months ago
0ec71b0 : mm-video: Add extensions to enable and configure ROI QP info <Vinay Kalia> 6 months ago
db88209 : audio: remove duplicate instances of aac decoder <Mingming Yin> 5 months ago
b04a903 : mm-video-v4l2: vdec: Fix a bug with C2D and DROPPED_FRAME <Vinay Kalia> 5 months ago
183f501 : mm-video-v4l2: vidc: Add null checks in async_message_process <Arun Menon> 5 months ago
fbdcaba : mm-video-v4l2: Add support for VP9 secure decoder <Shalaj Jain> 8 months ago
a935f80 : mm-video: swvenc: Add SwVenc registry entries for 8937. <Manikanta Sivapala> 5 months ago
f3f1e00 : QCMetadata: add a new key for big buffers <Sidipotu Ashok> 6 months ago
be1c0e3 : mm-video: vidc: Adjust performance level only after STREAMON <Deva Ramasubramanian> 5 months ago
6f6f5fb : mm-video-v4l2: vidc: venc: Fix hybrid HP layer count <Ashray Kulkarni> 5 months ago
144b092 : mm-video: venc: Get rid of PREPARE_BUF on input port <Vinay Kalia> 6 months ago
431e6b1 : mm-video-v4l2: vdec: fix fps issues in arbitrary mode <Ashray Kulkarni> 7 months ago
edd1b09 : mm-video-v4l2: vidc: vdec: Put decoder sessions in TURBO <Praneeth Paladugu> 8 months ago
07a4eca : libc2dcolorconvert: Fix height alignment issue with RGBA formats <Rajesh Sastrula> 6 months ago
c826460 : mm-video-v4l2: venc: Add support to enhance hybrid Hier-p mode <Ashray Kulkarni> 9 months ago
c08fc90 : mm-core: Add registry entry for titanium <Srinu Gorle> 6 months ago
94af4ea : mm-video: Add opaque color format support to MPEG-4 SwVenc. <Manikanta Sivapala> 6 months ago
f4e1426 : mm-video-v4l2: Do not send error to client once in loaded state <Shalaj Jain> 6 months ago
bf75c1c : mm-video-v4l2: vdec: Add range check before native_buffer usage <Arun Menon> 6 months ago
 
**** cmold:android_kernel_htc_msm8952 ****
bba949d : core, nfqueue, openvswitch: fix compilation warning <Jiri Slaby> 12 months ago
bdbc8bc : include/linux/poison.h: fix LIST_POISON{1,2} offset <Vasily Kulikov> 7 months ago
3c37d6d : pipe: iovec: Fix memory corruption when retrying atomic copy as non-atomic <Ben Hutchings> 10 months ago
373efba : sched: turn off the TTWU_QUEUE feature <Syed Rameez Mustafa> 9 months ago
ea3ff8d : msm: mdss: dsi: ensure lanes are idle prior to ULPS entry <Aravind Venkateswaran> 8 weeks ago
6a87aeb : msm: mdss: dsi: validate ULPS config requests <Aravind Venkateswaran> 8 weeks ago
c97d7d0 : msm: mdss: dsi: fix dsi fifo underflow error status check <Veera Sundaram Sankaran> 9 weeks ago
c97bb41 : msm: mdss: trigger frame timeout when recovery is in progress <Dhaval Patel> 5 months ago
c2b7596 : qseecom: Remove the dead code from driver <AnilKumar Chimata> 8 weeks ago
5588a47 : qseecom: Improve listener processing related to QSEE Reentrancy <Zhen Kong> 7 months ago
fbcc5ae : qseecom: Improve reentrancy operation for QSEE OS-level scm_call cmds <Zhen Kong> 9 months ago
77060b5 : qseecom: Add re-entrancy changes in qseecom.c <Zhen Kong> 10 months ago
12a504a : qseecom: New command IDs for FSM IKE and LTEOTA <Kranthikumar Kurapati> 1 year, 10 months ago
7d747f3 : qseecom: Update key id strings for full disk encryption <AnilKumar Chimata> 5 months ago
38f36fc : qseecom: Load cmnlib64 for 64bit secure apps <AnilKumar Chimata> 5 months ago
bbe7f46 : qseecom: handle HW FDE key operations asynchronously <Dinesh K Garg> 7 months ago
e3039de : qseecom: Do not try to load commonlib when loaded in lk <Zhen Kong> 10 months ago
8d9806e : tty: Fix unsafe ldisc reference via ioctl(TIOCGETD) <Peter Hurley> 3 months ago
8dd6f6d : KEYS: Fix race between read and revoke <David Howells> 4 months ago
53ca3b5 : fuse: break infinite loop in fuse_fill_write_pages() <Roman Gushchin> 6 months ago
98c7271 : msm: mdss: PA (V1.7) support fields to compat ioctls <Sravan Kumar D.V.N> 8 weeks ago
d222065 : msm: mdss: do not re-configure dsi phy regulator for split mode <Sandeep Panda> 7 weeks ago
07ba0b4 : msm: mdss: sanitize iommu client name before access <Kalyan Thota> 4 months ago
2279e19 : Revert "msm: vidc: disable CPU L2 cache PC during video sessions" <Deepak Kushwah> 3 months ago
26f9852 : Revert "msm: vidc: making qos_request variable per instance" <Deepak Kushwah> 3 months ago
c9f5a83 : msm: vidc: making qos_request variable per instance <Deepak Kushwah> 4 months ago
375fb94 : msm: kgsl: Avoid L2PC on masked CPUs <Prakash Kamliya> 2 months ago
7348c3a : hiae: Update defconfig <Ethan Chen> 9 weeks ago
257c48d : mobicore: Fix section mismatch <Ethan Chen> 9 weeks ago
15a885d : hiae: Disable more HTC debug <Ethan Chen> 10 weeks ago
3af754c : net: ipc_router: Disable using SMEM Logs by default <Karthikeyan Ramasubramanian> 7 months ago
97e26a3 : KEYS: Fix keyring ref leak in join_session_keyring() <Yevgeny Pats> 2 months ago
9b428d4 : msm: vidc: skip fps round off when client sets 1 fps <Deepak Kushwah> 5 months ago
d33ae57 : arm/arm64: irq: drop "IRQx no longer affine to CPUn" print to pr_debug() <Matt Wagantall> 5 months ago
6672040 : net: rmnet_data: Add support for MAPv4 data format <Subash Abhinov Kasiviswanathan> 7 months ago
85e956f : input: synaptics_dsx_htc: Allow touchscreen use in recovery <Ethan Chen> 3 months ago
d9322c0 : soc: qcom: watchdog_v2: Fix pointer passed to PM functions <Ethan Chen> 3 months ago
2bfcc0f4 : hiae: Disable HTC garbage filter <Ethan Chen> 3 months ago
4158af2 : hiae: Disable HTC debugging code <Ethan Chen> 3 months ago
0848bdf : htc_debug: Fix CONFIG_HTC_DEBUG build dependencies <Ethan Chen> 3 months ago
e781568 : fs: Fix compilation if HTC_DEBUG is disabled <Ethan Chen> 3 months ago
bfc7388 : msm: qpnp-power-on: Fix compilation when HTC debug is disabled <Ethan Chen> 3 months ago
4218eda : irq: Fix compilation if HTC_DEBUG_RTB is disabled <Ethan Chen> 3 months ago
ec0e751 : hiae: Disable HTC pnpmgr <Ethan Chen> 3 months ago
89bbb6c : sched: encourage idle load balance and discourage active load balance <Joonwoo Park> 9 months ago
a6d23d0 : sched: colocate related threads <Srivatsa Vaddagiri> 6 months ago
f246d1d : sched: Consolidate cluster-specific information <Srivatsa Vaddagiri> 6 months ago
520bfe6 : sched: Introduce sched_cluster <Srivatsa Vaddagiri> 6 months ago
d6d4480 : sched: initialize frequency domain cpumask <Joonwoo Park> 5 months ago
3a19f0d : sched/cputime: fix a deadlock on 32bit systems <Pavankumar Kondeti> 5 months ago
 
**** cmold:android_kernel_htc_msm8994 ****
eb27907 : CPU hotplug: Undo HTC changes <Ethan Chen> 5 days ago
 
**** vanir:platform_manifest ****
2e05a5c : Cancro to a mantained kernel as rec by dev <DHOMD> 5 hours ago
24496af : LLS: Add live lock screen service [4/4] <d34d> 2 days ago
 
**** vanir:packages_apps_Bluetooth ****
ba1e36f : Opp : Fix NPE issue while stopping Listeners. <Sravan Kumar V> 5 weeks ago
da9c082 : Bluetooth-opp: Optimize OPP Power consummation. <Sravan Kumar V> 8 weeks ago
09bc94e : OPP: Initialize obex socket listeners while starting Listening <Smriti Gupta> 7 weeks ago
899ab76 : BT: Fix following issues in data profiles <Hemant Gupta> 8 weeks ago
eb964ec : HF: Do not remove connect defer messages in Connected state <Satish Kodishala> 8 weeks ago
25cca2c : SAP: Fix following issues in SAP code <Smriti Gupta> 4 months ago
b2d3d09 : MAP: Add following conditional checks from MAPServer : <Ashwini Munigala> 2 months ago
0258e73 : Bluetooth: Do not send Pairing cancel intent during ACL disconnection <Pradeep Panigrahi> 4 months ago
fc35896 :  MAP: Fix service shutdown procedure <Ashwini Munigala> 4 months ago
f110b2f : SAP: Fix following issues in SAP Code <Smriti Gupta> 3 months ago
977ff92 : PBAPS: Get vcard when asked in alphabetical order <Smriti Gupta> 4 months ago
 
**** cm:CyanogenMod/android_packages_apps_BluetoothExt ****
9c0b5b0 : Bluetooth: Update the sdk version <Venkateshwarlu Domakonda> 3 months ago
39c754f : BTLogKit: setLowPriority for BTStateReceiver intentFilter. <Ashwini Munigala> 5 months ago
 
**** vanir:packages_apps_FMRadio ****
f9e74ef : Fix force close when Google Play Music is not installed <Gabriele M> 2 days ago
 
**** vanir:packages_apps_Settings ****
df398a9 : LLS: Add LiveLockScreenSettings to ENTRY_FRAGMENTS <d34d> 23 hours ago
94a007e : Settings: implicitly link to lls settings <Roman Birg> 6 days ago
29b521d : LLS: Use LiveLockScreenManager for selecting LLS <d34d> 2 weeks ago
 
**** vanir:packages_inputmethods_LatinIME ****
b2a7a9d : LatinIME: Disable Hungarian spell checking <Michael Bestas> 3 days ago
beee7f7 : LatinIME: Add Bulgarian, Georgian and Ukrainian wordlists <Michael Bestas> 3 days ago
 
**** cm:CyanogenMod/android_prebuilts_cmsdk ****
3094da8 : prebuilts/cmsdk: Update release api text for LL. <Adnan Begovic> 23 hours ago
 
**** vanir:system_bt ****
58a8b99 : Bluetooth: Clean up l2cap socket properly on closure <Srinu Jella> 5 weeks ago
c0029ea : Bluetooth: Optimize the L2cap FCR tx timer <Srinu Jella> 3 months ago
b761261 : Bluetooth: Disable eager reader threads in RX path <Srinu Jella> 4 months ago
9233de6 : Stops all BLE timers when BT turn off request is issued to BT stack <Subramanian Srinivasan> 8 weeks ago
eceec1d : Increase number of semaphores for media workqueue <Ayan Ghosh> 6 weeks ago
e273902 : Bluetooth: Synchronizing access to hashmap in counter module <Gurpreet Ghai> 6 weeks ago
f4a4e2f : Bluetooth: Fix to decrease power during OPP TX/RX <Nitin Shivpure> 4 months ago
0b4dec7 : Bluetooth: Increasing the size of security service record and Adding null check to avoid exception after l2cap psm assigned <Gurpreet Ghai> 8 weeks ago
dbf76f8 : Bluetooth: Offload config save functionality to btif thread <Srinu Jella> 3 months ago
b20358c : Fix crashes with lots of discovered LE devices <Marie Janssen> 4 months ago
4ea955c : Bluetooth: GAP: Setting remove device pending status as FALSE <Balraj Selvaraj> 7 weeks ago
4cec95d : Cancel SDP if it had been started -  To avoid the crash, cancel SDP if it is started before    av_disable free  memory for p_disc_db. <JivakDhadse> 9 weeks ago
5b1ce47 : Bluetooth: Enforce BT state check during GATT operations. <Pradeep Panigrahi> 10 weeks ago
e4ea3a7 : LE: Fix to show mouse pointer movements on UI <Nitin Shivpure> 3 months ago
d85ce9e : btsnoop: Remove the ext snoop dependency on snoop socket <Mallikarjuna GB> 4 months ago
e2f4279 : Bluetooth: GAP: Update Paging and inquiry busy level seperately <Srinu Jella> 2 years, 3 months ago
c960577 : Bluetooth: Reset the pairing_cb for bredr/cross key pairing address <venkata Jagadeesh> 4 months ago
 
**** vanir:system_core ****
40a3889 : sched_policy: zero proc_name buffer before populating <Scott Mertz> 24 hours ago
 
**** cm:CyanogenMod/cm_platform_sdk ****
a50a323 : LLS: add type <Roman Birg> 13 days ago
9f6530b : cmsdk: add live lock screen settings action intent <Roman Birg> 6 days ago
bfa500d : LLS: Add live lock screen service [1/4] <d34d> 3 weeks ago
 
**** commotio:commotio ****
429385a : Add livelockscreen <DHOMD> 4 hours ago
 
**** github:TheMuppets/proprietary_vendor_oppo ****
e8a82f6 : r7: Initial blobs <Michael Bestas> 7 days ago
3dcc430 : r7plus: Move blobs from msm8939-common <Michael Bestas> 7 days ago
 
**** vanir:vendor_vanir ****
a92a70b : cm: Add further verbose messaging for api breaking changes. <Adnan Begovic> 23 hours ago
a21d6de : LLS: Add live lock screen service [3/4] <d34d> 3 weeks ago
e87802d : LatinIME: Refresh remaining dictionaries <Michael Bestas> 3 days ago
 
