
**** vanir:build ****
8a6ba7d : Build hacks <DHOMD> 8 months ago
 
**** vanir:device_google_marlin ****
badf8ae : Add a proper barrier and use vendor/caf/telephony <DHOMD> 3 months ago
e3fdf0c : Revert "marlin: disable our local telephony extensions" <DHOMD> 3 months ago
cb2db87 : overlay: show "LTE"/"4G" instead of "LTE+"/"4G+", matching the stock rom <beanstown106> 3 months ago
 
**** cm:LineageOS/android_device_motorola_otus ****
ffb1d09 : Otus: Fix FM Radio <DHOMD> 5 months ago
 
**** cm:LineageOS/android_device_oppo_msm8974-common ****
7b276ea : Port from bacon: Add blob to decrypt full-disk encryption of /data. <J. Joe Feise> 7 months ago
 
**** vanir:device_samsung_klte-common ****
3324748 : klte-common: Update package version note in proprietary files list <Kevin F. Haggerty> 2 days ago
 
**** vanir:packages_apps_Messaging ****
7e816c6 : Revert "32807795  Security Vulnerability - AOSP Messaging App: thirdparty can" <DHOMD> 3 months ago
 
**** vanir:packages_providers_MediaProvider ****
fadf365 : MediaProvider: Fix where condition of delete queries <Gabriele M> 2 days ago
 
**** cm:LineageOS/android_vendor_qcom_opensource_time-services ****
9fc45cd : Add a barrier for Marlin/Sailfish <DHOMD> 3 months ago
 
**** vanir:vendor_samsung ****
7db6e9b : klte: Remove unneeded, unreferenced blob <Kevin F. Haggerty> 2 days ago
eb0d49d : klte-common: Update blobs <Kevin F. Haggerty> 2 days ago
 
