
**** vanir:build ****
a46af66 : Build hacks <DHOMD> 5 months ago
 
**** vanir:device_google_marlin ****
3b559b2 : Add a proper barrier and use vendor/caf/telephony <DHOMD> 4 days ago
b3db5b8 : Revert "marlin: disable our local telephony extensions" <DHOMD> 4 days ago
 
**** cm:LineageOS/android_device_motorola_otus ****
cd5cc3c : Otus: Fix FM Radio <DHOMD> 8 weeks ago
 
**** cm:LineageOS/android_device_oppo_msm8974-common ****
478879b : Port from bacon: Add blob to decrypt full-disk encryption of /data. <J. Joe Feise> 4 months ago
 
**** vanir:device_samsung_smdk4412-qcom-common ****
a0963c3 : Revert "Revert "smdk4412-qcom : fix GET_CURRENT_CALLS crashes"" <Jason Lu> 3 days ago
b39a77a : smdk4412-qcom-common: Move ril.h to common tree <Jason Lu> 3 days ago
 
**** vanir:frameworks_base ****
f7e1e16 : PackageManager: Always let UID 0 start FallbackHome <Gabriele M> 3 days ago
d17b69e : SystemUI: Dismiss keyguard on boot if disabled by current profile <Gabriele M> 3 days ago
 
**** vanir:packages_apps_CMParts ****
ecf8514 : CMParts: update contributors db <Dan Pasanen> 24 hours ago
 
**** vanir:packages_apps_LockClock ****
c34eae7 : res: use selectableItemBackgroundBorderless for refresh button background <Dan Pasanen> 3 days ago
 
**** vanir:packages_apps_Messaging ****
39a6c05 : Revert "32807795  Security Vulnerability - AOSP Messaging App: thirdparty can" <DHOMD> 2 days ago
9a9364f : Automatic translation import <Abhisek Devkota> 30 hours ago
 
**** vanir:system_core ****
0217ddd : init: Don't update recovery on boot <Gabriele M> 3 weeks ago
 
**** cm:LineageOS/android_vendor_qcom_opensource_time-services ****
e62a273 : Add a barrier for Marlin/Sailfish <DHOMD> 4 days ago
 
