
**** cm:LineageOS/android_device_htc_hiae-common ****
a426022 : hiae: Notify client when fp cancelling succeeded <Luca Stefani> 5 months ago
952446f : hiae-common: GestureHandler: Add haptic feedback option <Bruno Martins> 2 weeks ago
5a61024 : hiae-common: GestureHandler: Commonize strings translations <Bruno Martins> 4 days ago
b9f14c3 : hiae-common: GestureHandler: Slot into Gestures <Bruno Martins> 2 weeks ago
8e6d528 : hiae: load operator specific properties <Christopher R. Palmer> 6 months ago
5beed11 : hiae: camera: Drop CameraParametersExtra header dependency <Bruno Martins> 9 days ago
bff077d : hiae: camera: disable face detection in the params <Christopher R. Palmer> 10 months ago
eb1a3b8 : hiae: Suppress compiler warning <Ethan Chen> 4 days ago
f275c0b : hiae: Remove unused CameraParameters_EXT header <Ethan Chen> 5 days ago
05fb285 : hiae: Configure fingerprint sensor location <d34d> 1 year, 2 months ago
df0c143 : hiae: htcril_db: Null check default value <Ethan Chen> 6 days ago
2044741 : hiae-common: GestureHandler: Integrate with Settings <Bruno Martins> 13 days ago
 
**** cm:LineageOS/android_device_htc_hima-common ****
6cf06cc : hima-common: GestureHandler: Integrate with Settings <Bruno Martins> 13 days ago
 
**** vanir:device_htc_m8 ****
5296b9d : m8: Use the OSS GPS HAL <Bruno Martins> 5 days ago
 
**** cm:LineageOS/android_device_htc_m8-common ****
f26a722 : m8-common: camera: Disable face detection in the params <Christopher R. Palmer> 10 months ago
d713c55 : m8-common: camera: Suppress compiler warning <Ethan Chen> 4 days ago
9ee55f0 : m8-common: camera: Remove unused CameraParameters_EXT header <Ethan Chen> 5 days ago
9fe897e : m8-common: camera: Drop CameraParametersExtra header dependency <Bruno Martins> 9 days ago
e070878 : sepolicy: Allow framework to check for writable gesture node <Bruno Martins> 2 weeks ago
b3e8f94 : m8-common: Move Lineage specific overlays to overlay-lineage <Rashed Abdel-Tawab> 13 days ago
 
**** cm:LineageOS/android_device_htc_msm8974-common ****
638bd40 : msm8974-common: liblights: Suppress compiler warning <Bruno Martins> 5 hours ago
88e4777 : msm8974-common: Fix null pointer de-reference klocwork error in liblight <Manoj Kumar AVM> 3 years, 4 months ago
01c7ca2 : msm8974-common: Switch to 3 FramebufferSurface buffers <Dan Stoza> 3 months ago
fccf1a7 : msm8974-common: GestureHandler: Add haptic feedback option <Bruno Martins> 2 weeks ago
c1f1ac4 : msm8974-common: GestureHandler: Commonize strings translations <Bruno Martins> 4 days ago
0e88937 : msm8974-common: GestureHandler: Slot into Gestures <Bruno Martins> 2 weeks ago
1990200 : msm8974-common: overlay: Change GPS capabilities bitmask <Kevin F. Haggerty> 6 months ago
60d113e : msm8974-common: Move to commonized, overlay-based GPS configs <Kevin F. Haggerty> 7 months ago
e129bf4 : msm8974-common: Build the GPS HAL from source <Bruno Martins> 5 days ago
99fb976 : msm8974-common: gps: Reduce logging level <Ethan Chen> 1 year, 7 months ago
b480a71 : msm8974-common: gps: Bring old GPS configs back <Bruno Martins> 5 days ago
4bbced8 : msm8974-common: gps: Hack HAL for N <Michael Bestas> 12 months ago
4da7de0 : msm8974-common: gps: Fix build for OSS builds <Scott Mertz> 1 year, 10 months ago
07b925c : msm8974-common: gps: Import GPS HAL <Bruno Martins> 1 year, 4 months ago
9783aa1 : msm8974-common: Move Lineage specific overlays to overlay-lineage <Rashed Abdel-Tawab> 13 days ago
82586dc : msm8974-common: GestureHandler: Integrate with Settings <Bruno Martins> 13 days ago
 
**** cm:LineageOS/android_device_htc_pme ****
25ea6de : pme: remove duplicate model definition <AndroPlus> 12 days ago
198b270 : pme: Remove no longer necessary RIL header <Bruno Martins> 3 days ago
efcacec : pme: overlay: Only light the buttons when they are touched <Christopher R. Palmer> 8 weeks ago
9a5adca : pme: GestureHandler: Commonize strings translations <Bruno Martins> 4 days ago
2d38b84 : pme: GestureHandler: Slot into Gestures <Bruno Martins> 2 weeks ago
5a9d8e2 : pme: GestureHandler: Integrate with Settings <Bruno Martins> 13 days ago
 
**** vanir:device_moto_shamu ****
e1f9320 : Camera: remove libgui dependency <Yin-Chia Yeh> 6 months ago
afd7c9a : shamu: Fix camera build warning about depending on kernel headers <Sam Mortimer> 10 months ago
d211ff2 : camera: Fix missing stdlib.h include <Elektroschmock> 4 months ago
 
**** vanir:device_motorola_msm8226-common ****
da70ce3 : dumps_pds: Use cp rather than dd <Gabriele M> 34 hours ago
b045cd6 : Grant netmgrd proper unix perms <Jeff Vander Stoep> 1 year, 4 months ago
21dc0e2 : Grant dump_pds proper unix perms <Gabriele M> 3 days ago
6b50456 : Grant batt_health proper unix perms <Gabriele M> 3 days ago
 
**** cm:LineageOS/android_device_oppo_n3 ****
61f6848 : n3: Update ril-daemon service <Bruno Martins> 10 months ago
 
**** vanir:device_qcom_sepolicy ****
96615af : msm8974: Do not grant DAC override permission to netmgrd <Michael Bestas> 4 weeks ago
 
**** vanir:device_sony_fusion3-common ****
8236a62 : fusion3: recovery: Update init.recovery.qcom.rc rules <Adrian DC> 1 year, 2 months ago
96ce85b : fusion3: Enable ZRAM <Kalpaj Chaudhari> 10 months ago
31e4be2 : fusion3: Enable Per-Process-Reclaim usage <AdrianDC> 1 year, 4 months ago
 
**** cm:LineageOS/android_device_xiaomi_mido ****
f29dd6b : mido: increase speaker volume <Mark Captur> 4 weeks ago
e86a08f : mido: init: fix typo in vendor_load_properties() <Vitaliy Tomin> 4 days ago
 
**** cm:LineageOS/android_device_xiaomi_msm8956-common ****
6f1cf1d : msm8956: Update extractors to match the latest templates <Bruno Martins> 3 weeks ago
 
**** vanir:frameworks_av ****
be37655 : omx: Skip the whole dataspace signaling on legacy QCOM <Arne Coucheron> 3 days ago
 
**** vanir:frameworks_base ****
2bd07fd : Revert "Revert "Use SystemClock.elapsedRealtime() to calc TTFF"" <nuclearmistake> 4 days ago
7467536 : Don't disable the GPS prematurely <Gabriele M> 5 days ago
9f7aa44 : PrivateStorageInfo: Exclude primary physical volume total space <Dominggoes Isakh> 6 weeks ago
 
**** cmold:android_kernel_htc_msm8974 ****
9ecf93f : ARM: dts: m8-common: Control I2C bus 1 clock events based on transfers <Bruno Martins> 5 days ago
c839c8e : qup_i2c: Correct free memory call <Gilad Avidov> 3 years, 9 months ago
8e40fea : qup_i2c: report error when fail to reset <Jason Hrycay> 4 years, 9 months ago
f52692e : qup_i2c: translate controller errors to real ones <Jason Hrycay> 2 years, 9 months ago
41590a2 : qup_i2c: fix unbalanced resume calls <Jared Suttles> 3 years, 3 months ago
5f7c64b : qup_i2c: correct and refactor PM callbacks <Gilad Avidov> 3 years, 5 months ago
d9514fb : qup_i2c: support for configuarable noise rejection <Ankit Gupta> 3 years, 5 months ago
81358ca : qup_i2c: improve PM functionality <Gilad Avidov> 3 years, 6 months ago
71cf416 : qup_i2c: Initialize I2C resource before registering. <Sana Venkat Raju> 3 years, 9 months ago
c19002d81 : qup_i2c: Improve recovery from core and slave bad state <Gilad Avidov> 3 years, 5 months ago
e4c07de : qup_i2c: dump gpio config on error <Gilad Avidov> 3 years, 8 months ago
e0a14f9 : mach-msm: board-htc-8974: Pass auxdata for SMSC_HUB <Bruno Martins> 6 days ago
9e7db7a : mach-msm: board-htc-8974: Remove offending qcrypto device entry <Bruno Martins> 6 days ago
d7baea5 : ARM: configs: m8/m8d: Turn off all the fancy memory tricks <Steve Kondik> 1 year, 3 months ago
d049260 : ARM: configs: m8/m8d: Reclaim memory for each subsystem <Bruno Martins> 6 days ago
 
**** cmold:android_kernel_lge_hammerhead ****
68db734 : crypto: msm: check length before copying to buf in _debug_stats_read <Zhen Kong> 7 months ago
70fad89 : msm-camera: Addressing possible overflow conditions <VijayaKumar T M> 8 months ago
bd70519 : msm: mdss: Correct the format specifiers in sscanf function <Shalini Krishnamoorthi> 1 year, 2 months ago
4cd799e : udp: properly support MSG_PEEK with truncated buffers <Eric Dumazet> 1 year, 8 months ago
cbfaf4d : l2tp: fix racy SOCK_ZAPPED flag check in l2tp_ip{,6}_bind() <Guillaume Nault> 10 months ago
249351a : libceph: introduce ceph_crypt() for in-place en/decryption <Ilya Dryomov> 9 months ago
 
**** vanir:kernel_lge_msm8974 ****
ccbd96c : net: wireless: bcmdhd: fix hotlist index in wl_cfgvendor_hotlist_cfg <Insun Song> 9 months ago
33fa7f4 : net: wireless: bcmdhd: fix buffer overrun in wl_cfgvendor_hotlist_cfg <Insun Song> 10 months ago
9115512 : neigh: Better handling of transition to NUD_PROBE state <Erik Kline> 2 years, 4 months ago
fce0a65 : net: wireless: bcmdhd: fix overrun in wl_run_escan <Insun Song> 8 months ago
b43e64a : net: wireless: bcmdhd: fix buffer overrun in wlfc reordering <Insun Song> 7 months ago
3a519ce : net: wireless: bcmdhd: Heap overflow in wl_run_escan. <Sudhir Kohalli> 8 months ago
cb30f5c : net: wireless: bcmdhd: fix buffer overrun in wl_cfg80211_add_iw_ie <Insun Song> 7 months ago
05c53d9 : net: wireless: bcmdhd: adding boundary check in wl_cfg80211_mgmt_tx <Insun Song> 4 months ago
62ee1db : net: wireless: bcmdhd: adding boundary check in SWC gscan config <Insun Song> 5 months ago
 
**** cmold:android_kernel_motorola_msm8226 ****
f69595f : ppp: defer netns reference release for ppp channel <WANG Cong> 1 year, 2 months ago
 
**** vanir:platform_manifest ****
71da3d4 : Cheeseburger <DHOMD> 82 minutes ago
725fc47 : cm: Remove unused projects <Michael Bestas> 2 weeks ago
 
**** cm:LineageOS/android_packages_apps_Jelly ****
5f4c6b0 : Jelly: Add elevation effect to searchBar <mxl9236> 8 days ago
 
**** vanir:packages_apps_Settings ****
2701395 : AppOpsDetails: Generate correct summary when changing list prefs <Gabriele M> 4 days ago
79287b5 : Settings: Allow devices to provide remote gesture preferences <Bruno Martins> 2 weeks ago
33ecd38 : Settings: Fix internal storage summary for non-emulated storage devices <Dominggoes Isakh> 6 weeks ago
 
**** cm:LineageOS/android_packages_apps_Snap ****
fef825d : Snap: fix highspeed and high-framerate video recording <codeworkx> 2 days ago
2cf2582 : Snap: fix ArrayIndexOutOfBoundsException on setUpCameraOutputs <codeworkx> 10 days ago
 
**** cm:LineageOS/android_packages_resources_devicesettings ****
ff0aa81 : Add strings for devices' custom gesture handlers <Bruno Martins> 2 weeks ago
 
**** vanir:vendor_cmsdk ****
621f229 : cmsdk: Disable unused services <Michael Bestas> 2 weeks ago
 
**** commotio:commotio ****
dfcfdd1 : Small Update to common <DHOMD> 32 hours ago
 
**** vanir:vendor_htc ****
fe1f05b : hiae: Add HTC operator property definition files <Ethan Chen> 4 days ago
fb3f02c : m8/m8d: Use the OSS GPS HAL <Bruno Martins> 5 days ago
 
**** vanir:vendor_motorola ****
ee25e7b : Revert "falcon/peregrine: Go back to prebuilt AKM daemon" <gmrt> 7 days ago
 
**** github:TheMuppets/proprietary_vendor_oneplus ****
d15f032 : cheeseburger: define second back camera as back and back_aux <codeworkx> 3 hours ago
9236200 : cheeseburger: fix bad extract of 4.5.10 blobs <codeworkx> 3 days ago
79b3b20 : cheeseburger: add tp firmware <codeworkx> 3 days ago
319236a : cheeseburger: update blobs from 4.5.10 <codeworkx> 6 days ago
 
**** vanir:vendor_vanir ****
e9670ab : match dem tags <nuclearmistake> 3 days ago
9a20619 : cmsdk_common: re-alphebatize <nuclearmistake> 3 days ago
8181859 : cm: Remove partner interface <Michael Bestas> 6 days ago
88f3aba : cm: Remove app suggest feature <Michael Bestas> 2 weeks ago
93aa833 : cm: Remove LiveLockScreenService <Michael Bestas> 2 weeks ago
6b10d56 : cm: Remove theme engine leftovers <Michael Bestas> 2 weeks ago
 
