
**** vanir:build ****
f1f53da : Build hacks <DHOMD> 8 months ago
 
**** vanir:device_google_marlin ****
f807aa3 : Add a proper barrier and use vendor/caf/telephony <DHOMD> 3 months ago
a738db7 : Revert "marlin: disable our local telephony extensions" <DHOMD> 3 months ago
 
**** cm:LineageOS/android_device_motorola_otus ****
333a50b : Otus: Fix FM Radio <DHOMD> 5 months ago
 
**** cm:LineageOS/android_device_oppo_msm8974-common ****
62d15b2 : Port from bacon: Add blob to decrypt full-disk encryption of /data. <J. Joe Feise> 7 months ago
 
**** cmold:lge-kernel-mako ****
5ed6ea8 : sctp: do not inherit ipv6_{mc|ac|fl}_list from parent <Eric Dumazet> 4 weeks ago
d8d128e : crypto: ahash - Fix EINPROGRESS notification callback <Herbert Xu> 9 weeks ago
8edd21b : crypto: hash - Add crypto_ahash_has_setkey <Herbert Xu> 1 year, 5 months ago
bd3a8d8 : crypto: ahash - ensure statesize is non-zero <Russell King> 1 year, 8 months ago
1abb869 : crypto: hash - initialize entry len for null input in crypto hash sg list walk <Tim Chen> 2 years, 11 months ago
bfcf2e7 : crypto: hash - Add real ahash walk interface <Herbert Xu> 3 years, 1 month ago
7f6a30d : crypto: hash - Simplify the ahash_finup implementation <Marek Vasut> 3 years, 3 months ago
d01a40f : crypto: hash - Pull out the functions to save/restore request <Marek Vasut> 3 years, 3 months ago
fa3449c : crypto: hash - Fix the pointer voodoo in unaligned ahash <Marek Vasut> 3 years, 3 months ago
8641f9e : crypto: ahash - Fully restore ahash request before completing <Marek Vasut> 3 years, 6 months ago
 
**** vanir:packages_apps_Messaging ****
93e4f0c : Revert "32807795  Security Vulnerability - AOSP Messaging App: thirdparty can" <DHOMD> 3 months ago
 
**** cm:LineageOS/android_packages_apps_Snap ****
bd1d6ea : Snap: Sign with platform key <Arne Coucheron> 3 days ago
 
**** commotio:commotio ****
4a27ae2 : Somehow debumped <DHOMD> 38 seconds ago
 
**** cm:LineageOS/android_vendor_qcom_opensource_time-services ****
9f86498 : Add a barrier for Marlin/Sailfish <DHOMD> 3 months ago
 
