
**** vanir:build ****
676d62c : Build hacks <DHOMD> 5 months ago
51aa50c : build: core: Remove BUILD_TINY_ANDROID checks <Zhao Wei Liew> 14 hours ago
 
**** vanir:device_huawei_kiwi ****
4f35c31 : Support f2fs <DHOMD> 37 minutes ago
 
**** vanir:device_motorola_msm8226-common ****
1b308d9 : overlay: Hide IMS APNs <Gabriele M> 2 weeks ago
 
**** cm:LineageOS/android_device_motorola_msm8610-common ****
22ed706 : Revert "msm8610-common: Use common GPU drivers" <Sultan Qasim Khan> 31 hours ago
 
**** cm:LineageOS/android_device_motorola_otus ****
2566b1c : Otus: Fix FM Radio <DHOMD> 6 weeks ago
 
**** cm:LineageOS/android_device_oppo_msm8974-common ****
c2e7c15 : Port from bacon: Add blob to decrypt full-disk encryption of /data. <J. Joe Feise> 4 months ago
 
**** vanir:device_qcom_common ****
c323fc0 : Suboptimal way of fixing Pixie builds <DHOMD> 10 weeks ago
 
**** vanir:device_xiaomi_cancro ****
7a926db : cancro: fix derp <Joey Rizzoli> 16 hours ago
 
**** cm:LineageOS/android_hardware_qcom_audio ****
5e99c87 : audiopolicy: do not set FM volume during device connection/disconnection <Satya Krishna Pindiproli> 1 year ago
 
**** cmold:android_kernel_samsung_klte ****
1f8f336 : ASoC: msm: initialize the params array before using it <Walter Yang> 6 months ago
cc357d7 : USB: fix invalid memory access in hub_activate() <Alan Stern> 1 year, 3 months ago
6a0f508 : msm: dma_test: Initialize newly allocated memory <Srinivasarao P> 7 months ago
eb4d3ce : Input: synaptics: check input, prevent sysfs races <Andrew Chant> 6 months ago
c454bd0 : msm: kgsl: fix sync file error handling <Jeremy Gebben> 2 years ago
92f4f1f9 : input: synaptics: Add checks of user input data <chengengjia> 7 months ago
7b53989 : msm: camera: restructure data handling to be more robust <VijayaKumar T M> 3 months ago
bbd78fd : msm: camera: cpp: Add validation for v4l2 ioctl arguments <VijayaKumar T M> 3 months ago
9d021f1 : msm: camera: Restructure data handling to be more robust <VijayaKumar T M> 4 months ago
fb83700 : msm: vidc: use %pK instead of %p which respects kptr_restrict sysctl <Sanjay Singh> 7 months ago
b7a2379 : msm: smp2p2: Fix kernel address leak <Chris Lew> 7 months ago
346b781 : msm: kgsl: Change %p to %pK in debug messages <Divya Ponnusamy> 6 months ago
c729154 : drivers: soc: Add buffer overflow check for svc send request <Josh Kirsch> 10 months ago
1416188 : msm: ipc: fix leak of kernel memory to userspace <Arun Kumar Neelakantam> 1 year, 1 month ago
ef8d024 : msm: camera: sensor: Validate step_boundary <Rajesh Bondugula> 11 months ago
fda284c : msm: kgsl: Cast perfcounter query count to an unsigned int <Sunil Khatri> 12 months ago
5edb3c9 : msm: camera: isp: Fix warning and errors based on static analysis <Vijaya Kumar T M> 8 months ago
3d57e7e : msm: camera: ispif: Validate VFE num input during reset <Vijaya Kumar T M> 8 months ago
991f1d0 : msm: vidc: Use registeredbuf.lock for buffer synchronization <Praneeth Paladugu> 9 months ago
790fc5d : msm: vidc: Clean up video instance locking logic <Arun Menon> 9 months ago
dab5a06 : msm: display: Validate MDP, MDDI and HDMI debug reg offset <Raghavendra Ambadas> 1 year ago
 
**** vanir:packages_apps_ContactsCommon ****
02b9282 : Themes: Define back arrow tint color for themes <Bryan Owens> 1 year, 3 months ago
8287180 : Themes: Expose hardcoded contact tile text colors <bgill55> 2 years, 1 month ago
 
**** vanir:packages_apps_Dialer ****
c473e37 : Themes: InCallUI dialpad digits color <George G> 4 months ago
91e510e : Themes: Separate background color from text color <Alex Cruz> 10 months ago
 
**** vanir:packages_apps_ExactCalculator ****
52de819 : Themes: Expose all elevations <Abdulwahab Isam> 6 months ago
5fb9c66 : Themes: Expose hard coded background in java <Bryan Owens> 1 year, 2 months ago
 
**** vanir:packages_apps_PhoneCommon ****
45cd17c : Themes: Make dialpad seperator line theme-able <Thyrus11> 2 years ago
 
**** github:substratum/masquerade ****
5136d71 : AndroidManifest: Add protected broadcasts <Surge1223> 2 days ago
cf8d545 : JobService: new RestartService job <George G> 3 days ago
7714c9b : Broadcast authorization result <George G> 5 days ago
6ef1df0 : Introducing Signature check in Masquerade (1/3) <George G> 8 days ago
88088a4 : Add missing exception handling in setDefaultAudible <LuK1337> 3 days ago
c7e2111 : Rewrite the way we handle sound overlays <LuK1337> 3 days ago
2295725 : This is not how you convert long to String ;_; <LuK1337> 4 days ago
7555531 : Improve code style <LuK1337> 4 days ago
11bc3ec : Unify logging <LuK1337> 4 days ago
410b80e : Use Log.e() instead of printStackTrace(); <LuK1337> 4 days ago
 
**** vanir:packages_services_Telephony ****
e2d0616 : READ_PHONE_STATE permission for IMS <Abhisek Devkota> 2 months ago
 
**** vanir:vendor_cmsdk ****
a7e8c17 : CMSDK: Tests: AIRPLANE_MODE_ON has moved <Michael W> 4 days ago
 
**** vanir:vendor_vanir ****
0a972ab : cm: build: tasks: Remove BUILD_TINY_ANDROID check <Zhao Wei Liew> 14 hours ago
a4befb1 : Add startup script to update the package signatures <Gabriele M> 7 weeks ago
 
