
**** vanir:build ****
a1f41e7 : Build hacks <DHOMD> 6 months ago
 
**** vanir:device_google_marlin ****
aafea35 : Add a proper barrier and use vendor/caf/telephony <DHOMD> 6 weeks ago
5f48323 : Revert "marlin: disable our local telephony extensions" <DHOMD> 6 weeks ago
 
**** vanir:device_motorola_msm8226-common ****
5cf162a : CMActions: Add option to pulse only if device is on a flat surface <Gabriele M> 3 weeks ago
d339ce8 : overlay: Disable SIM batch operations <Gabriele M> 10 days ago
 
**** cm:LineageOS/android_device_motorola_otus ****
7da91a7 : Otus: Fix FM Radio <DHOMD> 3 months ago
 
**** vanir:device_oppo_common ****
ce6ef33 : Automatic translation import <Abhisek Devkota> 7 hours ago
 
**** cm:LineageOS/android_device_oppo_msm8974-common ****
b7c0a1f : Port from bacon: Add blob to decrypt full-disk encryption of /data. <J. Joe Feise> 5 months ago
 
**** vanir:frameworks_base ****
fca6082 : Automatic translation import <Abhisek Devkota> 7 hours ago
 
**** cm:LineageOS/android_hardware_qcom_audio ****
90c714c : configs: disable DTS TruMedia till it is upgraded to N <Divya Narayanan Poojary> 4 weeks ago
 
**** cm:LineageOS/android_hardware_qcom_audio ****
e7ae3ca : msm8992/msm8994: enable DTS TrueMedia <Divya Narayanan Poojary> 2 weeks ago
a5147db : msm8992/msm8994 : Disable DTS TruMedia <Divya Narayanan Poojary> 3 weeks ago
2f5cdf5 : msm8992/8994: Enable Trumedia flags for msm8992/8994 <Divya Narayanan Poojary> 10 weeks ago
 
**** cm:LineageOS/android_hardware_qcom_fm ****
c9258ae : Automatic translation import <Abhisek Devkota> 7 hours ago
 
**** cm:LineageOS/android_hardware_qcom_media ****
f23b4a4 : vdec:Do not call stream_off on input port if all EBD's are not flushed. <Vasantha Balla> 3 months ago
 
**** vanir:hardware_samsung ****
1961bdb : Automatic translation import <Abhisek Devkota> 7 hours ago
 
**** cm:LineageOS/android_packages_apps_AudioFX ****
c22088c : Automatic translation import <Abhisek Devkota> 7 hours ago
 
**** cm:LineageOS/android_packages_apps_Browser ****
daa40d1 : Automatic translation import <Abhisek Devkota> 7 hours ago
 
**** vanir:packages_apps_CMParts ****
6c08995 : Automatic translation import <Abhisek Devkota> 7 hours ago
 
**** vanir:packages_apps_Camera2 ****
19537ec : Automatic translation import <Abhisek Devkota> 7 hours ago
 
**** vanir:packages_apps_CellBroadcastReceiver ****
c5318ec : Automatic translation import <Abhisek Devkota> 7 hours ago
 
**** vanir:packages_apps_Contacts ****
0d6c369 : Automatic translation import <Abhisek Devkota> 7 hours ago
 
**** vanir:packages_apps_ContactsCommon ****
2b22e18 : Automatic translation import <Abhisek Devkota> 7 hours ago
 
**** cm:LineageOS/android_packages_apps_CustomTiles ****
39732b7 : Automatic translation import <Abhisek Devkota> 7 hours ago
 
**** vanir:packages_apps_DeskClock ****
9e20cdf : Automatic translation import <Abhisek Devkota> 7 hours ago
 
**** vanir:packages_apps_Dialer ****
4b88202 : Automatic translation import <Abhisek Devkota> 7 hours ago
 
**** vanir:packages_apps_Email ****
7c7d90c : Automatic translation import <Abhisek Devkota> 7 hours ago
 
**** cm:LineageOS/android_packages_apps_FMRadio ****
f0d11a0 : Automatic translation import <Abhisek Devkota> 7 hours ago
 
**** cm:LineageOS/android_packages_apps_FlipFlap ****
52090f5 : Automatic translation import <Abhisek Devkota> 7 hours ago
 
**** vanir:packages_apps_Gallery2 ****
fe9ee12 : Automatic translation import <Abhisek Devkota> 7 hours ago
 
**** cm:LineageOS/android_packages_apps_Gello ****
2cbe2dd : Automatic translation import <Abhisek Devkota> 7 hours ago
 
**** vanir:packages_apps_LockClock ****
552041b : Automatic translation import <Abhisek Devkota> 7 hours ago
 
**** vanir:packages_apps_Messaging ****
1cb0398 : Revert "32807795  Security Vulnerability - AOSP Messaging App: thirdparty can" <DHOMD> 5 weeks ago
b3fc116 : Automatic translation import <Abhisek Devkota> 7 hours ago
 
**** vanir:packages_apps_PhoneCommon ****
df09655 : Automatic translation import <Abhisek Devkota> 7 hours ago
 
**** cm:LineageOS/android_packages_apps_Profiles ****
5f9b3b1 : Automatic translation import <Abhisek Devkota> 7 hours ago
 
**** cm:LineageOS/android_packages_apps_Recorder ****
9ab0326 : Automatic translation import <Abhisek Devkota> 7 hours ago
 
**** vanir:packages_apps_Settings ****
a9fac17 : Automatic translation import <Abhisek Devkota> 7 hours ago
 
**** cm:LineageOS/android_packages_apps_Snap ****
58fa0bd : Automatic translation import <Abhisek Devkota> 7 hours ago
5ebf49f : Fix some inconsistencies of the HDR button <Gabriele M> 2 weeks ago
 
**** vanir:packages_apps_Stk ****
726621f : Automatic translation import <Abhisek Devkota> 7 hours ago
 
**** cm:LineageOS/android_packages_apps_Terminal ****
b3167ed : Automatic translation import <Abhisek Devkota> 7 hours ago
 
**** vanir:packages_apps_Trebuchet ****
aed0d64 : Automatic translation import <Abhisek Devkota> 7 hours ago
 
**** vanir:packages_apps_UnifiedEmail ****
fdb59c7 : Automatic translation import <Abhisek Devkota> 7 hours ago
 
**** vanir:packages_inputmethods_LatinIME ****
e443900 : Automatic translation import <Abhisek Devkota> 7 hours ago
 
**** vanir:packages_providers_ContactsProvider ****
3151496 : Automatic translation import <Abhisek Devkota> 7 hours ago
 
**** cm:LineageOS/android_packages_providers_DataUsageProvider ****
16bd17e : Automatic translation import <Abhisek Devkota> 7 hours ago
 
**** vanir:packages_providers_DownloadProvider ****
6b65be9 : Automatic translation import <Abhisek Devkota> 7 hours ago
 
**** cm:LineageOS/android_packages_providers_WeatherProvider ****
187ce37 : Automatic translation import <Abhisek Devkota> 7 hours ago
 
**** cm:LineageOS/android_packages_resources_devicesettings ****
dccf644 : Automatic translation import <Abhisek Devkota> 6 hours ago
26ebcd3 : Add strings for hand wave gesture extra option <Gabriele M> 3 weeks ago
 
**** cm:LineageOS/android_packages_services_CMAudioService ****
f9a30eb : Automatic translation import <Abhisek Devkota> 7 hours ago
 
**** cm:LineageOS/android_packages_services_LiveLockScreenService ****
5d6b6ee : Automatic translation import <Abhisek Devkota> 7 hours ago
 
**** vanir:packages_services_Telecomm ****
99aef23 : Automatic translation import <Abhisek Devkota> 7 hours ago
 
**** vanir:packages_services_Telephony ****
85eeeb3 : Automatic translation import <Abhisek Devkota> 7 hours ago
 
**** cm:LineageOS/android_packages_services_WeatherService ****
3049526 : Automatic translation import <Abhisek Devkota> 7 hours ago
 
**** vanir:system_bt ****
d17396c : bt: fix build for non-BLE after the 7.1.2 merge <Okeer> 5 days ago
 
**** vanir:vendor_cmsdk ****
1908152 : Automatic translation import <Abhisek Devkota> 7 hours ago
 
**** cm:LineageOS/android_packages_apps_YahooWeatherProvider ****
d0d6665 : Automatic translation import <Abhisek Devkota> 6 hours ago
 
**** cm:LineageOS/android_packages_apps_WundergroundWeatherProvider ****
125dd91 : Automatic translation import <Abhisek Devkota> 6 hours ago
 
**** cm:LineageOS/android_vendor_qcom_opensource_time-services ****
b1a43b1 : Add a barrier for Marlin/Sailfish <DHOMD> 6 weeks ago
 
**** vanir:vendor_vanir ****
ba1aee3 : ls990 <DHOMD> 11 days ago
 
