
**** vanir:device_huawei_angler ****
090f45e : Snap : Build and import Snap Camera <Joshndroid> 8 weeks ago
 
**** cm:CyanogenMod/android_device_motorola_condor ****
53ef321 : condor : remove libstlport <shubhmg> 4 hours ago
 
**** github:Grarak/android_device_oneplus_oneplus2 ****
2b1e8b1 : overlay: Use MONOTONIC instead of BOOTTIME for sensor timestamp <Arne Coucheron> 5 weeks ago
d15d95e : sepolicy: small cleanup <thecrazyskull> 4 days ago
 
**** vanir:device_qcom_common ****
eed780b : qcom: power: Allow devices to write their own platform specific bits <Christopher R. Palmer> 2 days ago
 
**** vanir:device_samsung_kltevzw ****
767a0e8 : kltevzw: Update proprietary files <Kevin F. Haggerty> 2 days ago
 
**** vanir:frameworks_av ****
a412380 : audiopolicy: Be a little smarter with auto-attach <Steve Kondik> 2 days ago
 
**** vanir:frameworks_base ****
e0554d4 : media: Add flags, channelMask, and UID to audio session callbacks <Steve Kondik> 27 hours ago
726377a : SysUI: Add event logs for live lock screen interactions <d34d> 27 hours ago
 
**** vanir:frameworks_opt_telephony ****
35c5326 : Convert multi_rat_capable property into an old RIL feature. <Danny Baumann> 3 days ago
 
**** cm:CyanogenMod/android_hardware_qcom_audio ****
886c244 : hal: remove explicit direct pcm usecase <vivek mehta> 7 months ago
f6cd4f7 : hal: stop sound trigger buffering during close <Mingming Yin> 3 months ago
4fb2812 : hal: don't allow track offload if there's active sw effect <Weiyin Jiang> 7 weeks ago
bfe1cc3 : hal: Fix 44.1Khz playback when native support is not enabled <Amit Shekhar> 3 months ago
dc520bc : libaudiopolicymanager: DirectPCM: fix 44.1 clip playing noisy issue <vivek mehta> 5 months ago
b73a764 : audio: Extend platform parser to allow device name aliasing <Ethan Chen> 1 year, 7 months ago
64387ed : hal: Fix voice call recording <solk2> 1 year, 7 months ago
91c7d6b : hal: Fix digital USB headset combo device <Steve Kondik> 1 year, 7 months ago
be6fdfc : hal: Clean up compilation warnings <Steve Kondik> 1 year, 4 months ago
13ba1b4 : hal: Add support for audio amplifier HAL <Ethan Chen> 2 years, 11 months ago
381b7a0 : audio: Configure CM default feature set <Steve Kondik> 1 year, 4 months ago
b25084a : hal: Allow building hardware audio encoders <Arne Coucheron> 1 year, 2 months ago
f48de3d : audio: Use project pathmap <Ethan Chen> 4 months ago
1362fc7 : audio: Only allow non-legacy HAL <Ethan Chen> 4 months ago
b5b6d33 : hal: Update format table with AAC ADTS formats. <Ashish Jain> 5 months ago
102616d : HAL: Identify the track offload session <Sharad Sangle> 4 months ago
d7eaf2b : HAL: Identify Track offload session <Alexy Joseph> 5 months ago
8c21ad7 : Merge DAX2 changes <Gao Jie> 5 months ago
12467a1 : hal: Use AUDIO_TX_MONO_COPP topology for incall record usecases <Karthik Reddy Katta> 5 months ago
 
**** cm:CyanogenMod/android_hardware_qcom_bt ****
8d45c59 : Fixed the problem of ADSP crash while Fuzzing BT <Luke Zhang> 2 months ago
 
**** cm:CyanogenMod/android_hardware_qcom_display ****
7b9a3a1 : hwc/overlay: Validate cursor position in hwc_setPositionAsync <Baldev Sahu> 6 weeks ago
4c401f0 : hwc: Fix sanitize ROI func <Ramakant Singh> 9 weeks ago
6dab9c9 : hwc: Apply Default Mode on real framework start <Sravan Kumar D.V.N> 9 weeks ago
732b9ac : qdutils: Correct the hwc-driver mismatch <Ramakant Singh> 10 weeks ago
f1e2905 : hwc: remove local constant DISPLAY_ATTRIBUTES list <Ramakant Singh> 2 months ago
a74edfb : hwc: Remove references to display-frameworks <Ethan Chen> 3 months ago
c7cce05 : hwc: Fix compile errors after display-frameworks removal <Arne Coucheron> 3 months ago
b375570 : hwc: Support for QDCM Preference when PU enabled <Nitesh Gupta> 4 months ago
cc1ec84 : hwc: Set ioprio for vsync thread <Steve Kondik> 7 months ago
7516867 : Don't build lights module if vendor supplies it <Steve Kondik> 1 year, 5 months ago
730d245 : Revert "hqd: Use MSM_VIDC_TARGET_LIST for Venus color format" <Ethan Chen> 4 months ago
bc1215a : display: Use project pathmap <Ethan Chen> 1 year, 5 months ago
c324d73 : hwc: Set DefaultMode after bootup completion <Ramakant Singh> 4 months ago
8a6e7c9 : gralloc: Add a private flag for INTERNAL only <Arun Kumar K.R> 7 months ago
394c830 : hwc: Donot update dynamic-fps when device is not active <Ramakant Singh> 6 months ago
8f21571 : hwc: Do not wait for MDSS fence for layers with rotation <Dileep Kumar Reddi> 6 months ago
d2c5ca0 : hwc: Start with ROI set to destination <Arun Kumar K.R> 6 months ago
9ef4d8c : hwc: Set minfps as part of timeout_handler during idlefallback <Ramakant Singh> 6 months ago
0d616ba : Revert "hwc: Relax format change restrictions for certain targets" <Dileep Kumar Reddi> 6 months ago
213ead5 : Default flexible YUV format to NV21 <Tanmaya Godbole> 8 months ago
ed75fdb : hwc: Reset refresh-rate for few cases as part of timeout handler <Dileep Kumar Reddi> 6 months ago
56ed396 : gralloc: Add support for PRIV_FLAGS_DISP_CONSUMER <Surajit Podder> 10 months ago
a2d5295 : hwc: Support ActionSafe on targets with non-scaling RGB pipes. <Sandeep Panda> 7 months ago
248378d : gralloc: Use adreno_utils api for NV21 and NV12 alignment <Sushil Chauhan> 7 months ago
037d21d : hwc: Use basePipe for fullscreen and opaque layer <Pullakavi Srinivas> 7 months ago
77ec4ef : gralloc: Modify check for uncompressed RGB buffers <Naomi Luis> 7 months ago
449fbe0 : hwc: Use aligned width and height <Dileep Kumar Reddi> 7 months ago
02dbc50 : Revert "HWC: use aligned width and height for rearranging ROI" <Dileep Kumar Reddi> 7 months ago
cd7217a : hwc: Support ActionSafe on targets with non-scaling RGB pipes. <Sandeep Panda> 7 months ago
eed742d : overlay: add tertiary display definition in overlay <Vinu Deokaran> 7 months ago
a029479 : hwc: Validate display ID in hwc interface <Arun Kumar K.R> 7 months ago
09441c1 : gralloc: Add missing changes related to RAW16 <Raj Kamal> 8 months ago
7ea10c5 : hwc: Use basePipe for fullscreen and opaque layer <Pullakavi Srinivas> 7 months ago
c039f6e : hwc: Use aligned width and height <Dileep Kumar Reddi> 7 months ago
60cbe72 : Revert "HWC: use aligned width and height for rearranging ROI" <Dileep Kumar Reddi> 7 months ago
2e918bf : hwc: Avoid idlefallback during video playback <Raj Kamal> 8 months ago
fbe5a60 : HWC: use aligned width and height for rearranging ROI <Dileep Kumar Reddi> 8 months ago
597b313 : hwc: Featurize HWC_DISPLAY_SECURE <Raj Kamal> 8 months ago
eb4d7a6 : hwc: Use HWC_DISPLAY_NO_ATTRIBUTE as terminator. <Prabhanjan Kandula> 8 months ago
410ba7c : hwc : Normalize source crop before validating scaling limits. <Prabhanjan Kandula> 8 months ago
95fef31 : hwc: Relax format change restrictions for certain targets <Dileep Kumar Reddi> 8 months ago
42a1c98 : hwc: Changes for display-hal compilation with QTI_BSP enabled <Ramakant Singh> 8 months ago
c772eec : hwc: Do not use Borderfill pipe for composition in WFD <Dileep Kumar Reddi> 8 months ago
e5268fd : hwc/overlay: Pass handle w/h and crop w/h through fb_image field <Arun Kumar K.R> 9 months ago
5d39f02 : hwc: Log warning instead of mHDMIClient object not available <Dileep Kumar Reddi> 8 months ago
55b3489 : hwc: Ignore float-conversion for included headers <Naseer Ahmed> 8 months ago
82fe9c6 : hwc: Do not consider rotation for smart blit <Ramakant Singh> 9 months ago
dd689ff : hwc: Do not create idle invalidator for MDP3 targets <Dileep Kumar Reddi> 8 months ago
c58836b : hwc: Align ROI's width and height in both directions <Dileep Kumar Reddi> 8 months ago
19f2250 : hwc: Fix SF crash due to SIGSEGV error <Raj Kamal> 9 months ago
 
**** cm:CyanogenMod/android_hardware_qcom_display ****
17f2d38 : Don't build lights module if vendor supplies it <Steve Kondik> 1 year, 5 months ago
420cc3a : msm8996: remove unused qcom features <Scott Mertz> 4 months ago
5bdcfa4 : Additional pathmap & build fixes <Scott Mertz> 4 months ago
e80bb52 : display: Use project pathmap <Ethan Chen> 1 year, 5 months ago
e04e869 : Remove usage of MASTER_SIDE_CP_TARGET_LIST <Scott Mertz> 4 months ago
3fd7d00 : Revert "hqd: Use MSM_VIDC_TARGET_LIST for Venus color format" <Scott Mertz> 4 months ago
99aa8ca : sdm: Fix uninitialized HWLayers object <Saurabh Shah> 4 months ago
572b2bf : sdm: Do not copy surfaceDamage rects for SKIP layers <Sushil Chauhan> 4 months ago
074314d : gralloc: Add support for PRIV_FLAGS_DISP_CONSUMER <Surajit Podder> 10 months ago
8f8f6c7 : sdm : Add support for dynamic BW limit management <Prabhanjan Kandula> 6 months ago
83a945b : libqdutils: Refer to standard definitions for display types. <Dileep Marchya> 5 months ago
f29ff14 : sdm: Fix buffer overflow <Manoj Kumar AVM> 5 months ago
99ef378 : sdm: HWDevice: Set correct HWDisplayMode <Arun Kumar K.R> 5 months ago
ddca4e7 : sdm: Remove unused function in rect utility <Manoj Kumar AVM> 5 months ago
8d22bad : sdm: Fix memory leaks. <Dileep Marchya> 5 months ago
1c3f9a3 : hwc: Handle SBM operation set for all layers <Saurabh Shah> 5 months ago
b8067a4 : qdMetadata: Use uint32_t instead of bool <Saurabh Shah> 5 months ago
a0db84b : sdm: hdmi: Set the default grayscale value to RGB888 <Tatenda Chipeperekwa> 6 months ago
e94e78c : sdm: Add bandwidth and clock members <Sushil Chauhan> 8 months ago
959863b : sdm: Update HWPanelInfo during primary resolution switch <Sushil Chauhan> 5 months ago
b8ecfbf : display: Enable clang for all display modules <Naseer Ahmed> 5 months ago
63e8c95 : sdm: Source crop top needs adjustment for interlaced <Sushil Chauhan> 5 months ago
f1c8357 : sdm: Remove closing of fd during Sync operations <Manoj Kumar AVM> 5 months ago
44e2be1 : sdm: Do not process blit configuration for zero app layers. <Dileep Marchya> 5 months ago
61ef29b : sdm: Add support for single buffer layers <Saurabh Shah> 6 months ago
a816961 : sdm: Use FB resolution for virtual display <radhakrishna> 6 months ago
a0394ad : qdMetaData: Remove unused metadata fields. <Arun Kumar K.R> 5 months ago
50ff0bb : sdm: Panel name retrieval support <Dileep Marchya> 6 months ago
95f8368 : gralloc/metadata: Add support for single buffer mode <Saurabh Shah> 6 months ago
d7131e6 : sdm: Add support for UBWC in C2D <radhakrishna> 6 months ago
67c1f90 : sdm: Allow draw cycle in doze state. <Dileep Marchya> 5 months ago
5fb6d40 : sdm: Perform GPU target layer validation. <Manoj Kumar AVM> 6 months ago
226646c : sdm: Populate correct WB index for virtual <radhakrishna> 6 months ago
3edaf83 : sdm: Read rotator capabilities from driver <radhakrishna> 6 months ago
492ab99 : sdm: Fix ROI and Split info in SF dumpsys <Sushil Chauhan> 6 months ago
a9fb396 : sdm: Remove buffer format validation from hwc wrapper. <Ramkumar Radhakrishnan> 6 months ago
76750f2 : sdm: Add support for YCbCr420 Semiplanar format <Ramkumar Radhakrishnan> 6 months ago
bddb952 : gralloc: Use only metadata for color space <Saurabh Shah> 6 months ago
4a31ec4 : sdm: Make premultiplied as default blending <Saurabh Shah> 6 months ago
e1f01dd : sdm: Flush after first successful commit only. <Dileep Marchya> 6 months ago
1a7e1f1 : sdm: Add support for IGC. <Dileep Marchya> 7 months ago
9b99074 : sdm: Fix memory leaks. <Dileep Marchya> 6 months ago
ec8fe35 : sdm: Fix HDMI & virtual display concurrency. <Dileep Marchya> 6 months ago
d433464 : sdm: Add interface to consider rotator during scaling validation. <Ramkumar Radhakrishnan> 6 months ago
a5b764f : sdm: Add support for minimum encryption level settings for HDCP. <Dileep Marchya> 6 months ago
55fe304 : sdm: Add SPD information for HDMI <Arun Kumar K.R> 6 months ago
06078aa : sdm: Acquire lock during hwcomposer module open and close <Ramkumar Radhakrishnan> 6 months ago
d169be9 : sdm: properly close all the fence Fds <Ping Li> 6 months ago
040a3d0 : sdm: hwc: SetRefreshRate before validate IOCTL <Arun Kumar K.R> 6 months ago
6e43f57 : sdm: Handle/set dynamic fps appropriately <Arun Kumar K.R> 7 months ago
 
**** cm:CyanogenMod/android_hardware_qcom_media ****
ff3940f : mm-video-v4l2: Return correct level support for 8956 <Surajit Podder> 7 weeks ago
1fd6df0 : mm-video-v4l2: vidc: vdec: handle ftbs during reconfig and port disable <Abdulla Anam> 9 weeks ago
e9bacff : mm-video-v4l2: venc: check for null pointer <Maheshwar Ajja> 9 weeks ago
a699a13 : mm-video-v4l2: vdec: set 24 fps framerate for 4k clips <Deepak Kushwah> 3 months ago
bc9e191 : mm-video-v4l2: vidc: Fix race condition with msg thread fd close <Shalaj Jain> 5 months ago
a860362 : mm-video-v4l2: vidc: update thread names <Ashray Kulkarni> 9 months ago
8e66146 : mm-video-v4l2: Add support for prefer adaptive playback extension <Shalaj Jain> 9 months ago
41a5cfd : mm-video: Adjust stride value for planar format <Surajit Podder> 11 months ago
c40cf77 : mm-video: vidc: Reliably stop the message thread <Deepak Kushwah> 4 months ago
62f611d : Fix duplicated OMX.qcom.audio.decoder.aac entry <Keith Mok> 4 months ago
69d6d4b : media: Avoid collision with FFMPEG plugin <Steve Kondik> 4 months ago
610c356 : media: Use project pathmap <Ethan Chen> 4 months ago
dc1b1d4 : mm-video-v4l2: Unmap dropped output buffers <Surajit Podder> 4 months ago
78521c5 : Include kernel header dependency for libOmxVidcCommon <Divya Sharma> 5 months ago
f9c92f0 : mm-video-v4l2: vidc: venc: Fix hybrid HP layer count <Abdulla Anam> 6 months ago
a5dce41 : mm-video-v4l2: Enable get_param to check downscalar enablement <Surajit Podder> 5 months ago
e7743ae : mm-video-v4l2: venc: Add support to enhance hybrid Hier-p mode <Abdulla Anam> 5 months ago
75bc6a6 : mm-video-v4l2: vdec:  release buffer when qbuf to driver fails <Manikanta Kanamarlapudi> 6 months ago
cfeaf87 : mm-video-v4l2: Use client buffer header for FTB <Surajit Podder> 6 months ago
b6c736d : mm-video-v4l2: Disable intra refresh mode on msm8956/76 <Maheshwar Ajja> 6 months ago
a54c5d4 : mm-video-v4l2: vdec: fix fps issues in arbitrary mode <Ashray Kulkarni> 7 months ago
826ba8c : QCMetadata: add a new key for big buffers <Sidipotu Ashok> 6 months ago
ef3143a : QCMetadata: Add key for setBuffers API support <Manikanta Kanamarlapudi> 10 months ago
f178e8b : mm-video-v4l2: venc: support all I frame encoding usecase. <Abdulla Anam> 6 months ago
bcf4fa3 : libstagefrighthw: Add header guard to QComOMXMetadata.h and fix file perms <Deva Ramasubramanian> 7 months ago
e2d287f : mm-video-v4l2: vdec: streamoff while freeing first output buffer <Balamurugan Alagarsamy> 1 year, 4 months ago
f0fc3d0 : mm-video: Disable downscalar for non-display usecase <Surajit Podder> 10 months ago
0997c8a : mm-video: Enable HEVC software encoder OMX component. <Manikanta Sivapala> 7 months ago
8bb96de : mm-video_v4l2: pass crop nWidth and nHeight in reconfig event. <Abdulla Anam> 7 months ago
afb1469 : mm-video-v4l2: Fix downscalar issue <Surajit Podder> 7 months ago
269f6cd : mm-video-v4l2: Fix crash due to divide by zero <Surajit Podder> 7 months ago
c14558c : mm-video-v4l2: venc: initialize the member variables <Maheshwar Ajja> 7 months ago
99c2455 : mm-video-v4l2: vdec: Fix closing of file descriptor "0" <Deepak Kushwah> 7 months ago
b4d0e38 : mm-video-v4l2: venc: limit pixels value in input buffers. <Abdulla Anam> 7 months ago
1202ebd : mm-video_v4l2: pass crop nWidth and nHeight in reconfig event. <Abdulla Anam> 7 months ago
1fc82f0 : mm-video: Disable downscalar for non-display usecase <Surajit Podder> 10 months ago
6ecc67f : mm-core: update vpp related structures and enums. <Abdulla Anam> 7 months ago
56c0a51 : mm-video-v4l2: vidc: venc: fix CTS issues in vp8 encoder <Maheshwar Ajja> 7 months ago
1fe6770 : mm-core: update vpp related structures and enums. <Abdulla Anam> 7 months ago
a9c2410 : mm-video: Set correct color format to driver <Surajit Podder> 8 months ago
f2fa16b : mm-video-v4l2: vidc: venc: enable low latency mode <Maheshwar Ajja> 8 months ago
79da148 : mm-video-v4l2: null check before pointer dereference <Abdulla Anam> 8 months ago
a66ec1f : audio: Fix stale session opening of DSP audio decoder <Naresh Tanniru> 8 months ago
1171b44 : audio: Fix stale session opening of DSP audio decoder <Naresh Tanniru> 8 months ago
03f6533 : mm-video-v4l2: change variables used for reconfig height & width <Abdulla Anam> 8 months ago
6dc2004 : mm-video-v4l2: venc: Disable Bframes incase of UHD recording <Deepak Kushwah> 8 months ago
f493b73 : audio: Add support for new key kKeyByteMode <Manish Dewangan> 8 months ago
382b5b7 : mm-video-v4l2: video: add new extensions <Ashray Kulkarni> 11 months ago
b266f81 : mm-video-v4l2: venc: Add support for low latency mode <Maheshwar Ajja> 8 months ago
14c22a7 : mm-core: Add Skype extensions <Ashray Kulkarni> 11 months ago
 
**** cm:CyanogenMod/android_hardware_qcom_media ****
347b90c : libc2dcolorconvert: refer c2d header from display <Praveen Chavan> 1 year, 11 months ago
6316605 : vidc: Fix makefiles <Steve Kondik> 12 months ago
d84d430 : media: Avoid collision with FFMPEG plugin <Steve Kondik> 1 year, 11 months ago
8ba01d1 : media: Use project pathmap <Ethan Chen> 1 year, 1 month ago
be989ef : audio: Add entry for ALAC/APE software component <Preetam Singh Ranawat> 5 months ago
ab3e6cf : Include kernel header dependency for libOmxVidcCommon <Divya Sharma> 5 months ago
f5b8f20 : Include kernel header dependency for libOmxVidcCommon <Divya Sharma> 5 months ago
2266025 : mm-video-v4l2: vidc: Ensure async_message_thread always exits <Arun Menon> 5 months ago
b0d352b : media : Add Max CSD values for ALAC and APE <Preetam Singh Ranawat> 5 months ago
a04219f : mm-video-v4l2: vdec: skip enabling extn_user extradata for secure session <Srinu Gorle> 5 months ago
622d480 : mm-video-v4l2: vidc: Enhance VQZIP checks <Praneeth Paladugu> 7 months ago
2b5bd8a : mm-video-v4l2: vidc: venc: Fix input extradata issues <Praneeth Paladugu> 5 months ago
ce13944 : mm-video-v4l2: vidc: vdec: Add UBWC color format support <Srinu Gorle> 5 months ago
a725170 : mm-video: venc: Initialize m_graphicBufferSize <Deva Ramasubramanian> 5 months ago
8be933c : mm-video-v4l2: vidc: vdec: Add support for downscalar in component <Srinu Gorle> 11 months ago
c29ae31 : mm-video-v4l2: vidc: Fix race condition with msg thread fd close <Shalaj Jain> 5 months ago
6a50516 : mm-video-v4l2: vdec: Fix CTS issue with color coversion <Vinay Kalia> 5 months ago
ab08584 : mm-core: Add extensions for FRC <Vinay Kalia> 5 months ago
b12f245 : mm-video-v4l2: Handle async_message_thread error <Arun Menon> 5 months ago
9952fd8 : mm-core: Add secure component registry entry <Vikash Garodia> 5 months ago
8d855cc : mm-video: common: update OmxVidcCommon dependency list <Srinu Gorle> 5 months ago
3c3fe6c : mm-video-v4l2: vdec: Change preferred color format default order <Arun Menon> 5 months ago
c73daac : mm-video-v4l2: Add registry entry for openmax components. <Vikash Garodia> 5 months ago
bcb448c : mm-video: swvdec: Add SwVdec registry entries for 8937. <Manikanta Sivapala> 5 months ago
e592d0a : mm-video: swvdec: Add SwVdec OMX component. <Manikanta Sivapala> 5 months ago
41cf898 : mm-core: Update the correct instance index for storing VPP handle <Praneeth Paladugu> 5 months ago
c8827e2 : mm-video-v4l2: vidc: Allocate secure bitstream buffers from CMA <Shalaj Jain> 5 months ago
cf6d469 : mm-video: vidc: Fully drainbuffers from the driver if batch not complete <Deva Ramasubramanian> 5 months ago
093280d : mm-core: Unload the component library after the session is done <Praneeth Paladugu> 5 months ago
45267c8 : Remove msm8937 due to missing HY11 rule <Naveen Kumar> 5 months ago
fb36868 : mm-video: venc: Revert Venus native support for RGBA8888 <Deva Ramasubramanian> 6 months ago
1c7b346 : mm-video: swvenc: Add pure virtual functions. <Manikanta Sivapala> 5 months ago
0ec71b0 : mm-video: Add extensions to enable and configure ROI QP info <Vinay Kalia> 6 months ago
db88209 : audio: remove duplicate instances of aac decoder <Mingming Yin> 5 months ago
b04a903 : mm-video-v4l2: vdec: Fix a bug with C2D and DROPPED_FRAME <Vinay Kalia> 6 months ago
183f501 : mm-video-v4l2: vidc: Add null checks in async_message_process <Arun Menon> 6 months ago
fbdcaba : mm-video-v4l2: Add support for VP9 secure decoder <Shalaj Jain> 8 months ago
a935f80 : mm-video: swvenc: Add SwVenc registry entries for 8937. <Manikanta Sivapala> 6 months ago
f3f1e00 : QCMetadata: add a new key for big buffers <Sidipotu Ashok> 6 months ago
be1c0e3 : mm-video: vidc: Adjust performance level only after STREAMON <Deva Ramasubramanian> 6 months ago
6f6f5fb : mm-video-v4l2: vidc: venc: Fix hybrid HP layer count <Ashray Kulkarni> 6 months ago
144b092 : mm-video: venc: Get rid of PREPARE_BUF on input port <Vinay Kalia> 6 months ago
431e6b1 : mm-video-v4l2: vdec: fix fps issues in arbitrary mode <Ashray Kulkarni> 7 months ago
edd1b09 : mm-video-v4l2: vidc: vdec: Put decoder sessions in TURBO <Praneeth Paladugu> 9 months ago
07a4eca : libc2dcolorconvert: Fix height alignment issue with RGBA formats <Rajesh Sastrula> 6 months ago
c826460 : mm-video-v4l2: venc: Add support to enhance hybrid Hier-p mode <Ashray Kulkarni> 9 months ago
c08fc90 : mm-core: Add registry entry for titanium <Srinu Gorle> 6 months ago
94af4ea : mm-video: Add opaque color format support to MPEG-4 SwVenc. <Manikanta Sivapala> 6 months ago
f4e1426 : mm-video-v4l2: Do not send error to client once in loaded state <Shalaj Jain> 6 months ago
bf75c1c : mm-video-v4l2: vdec: Add range check before native_buffer usage <Arun Menon> 6 months ago
 
**** cmold:android_kernel_htc_msm8952 ****
07c25b3 : net: rmnet_data: process MAP commands only after frame deaggregation <Harout Hedeshian> 8 months ago
42149a3 : net: ipc_router: fix leak of kernel memory to userspace <Arun Kumar Neelakantam> 2 months ago
80677dd : net: rest NAPI bit if IPI failed <Ravinder Konka> 5 months ago
7e7f6cb : net: tcp: check for SOCK_DEAD again in tcp_nuke_addr <Lorenzo Colitti> 5 months ago
5b64075 : Fix NULL pointer dereference in tcp_nuke_addr. <Lorenzo Colitti> 7 months ago
0369856 : Send only BIND and LISTEN events. <Susheel Yadagiri> 4 months ago
bd5f5a8 : New Build Breakage in branch: kernel-m-dev-tegra-flounder-3.10 @ 1960706 <Mark Salyzyn> 11 months ago
cfad268 : net/unix: sk_socket can disappear when state is unlocked <Mark Salyzyn> 11 months ago
591dda2 : net: ping: Return EAFNOSUPPORT when appropriate. <Lorenzo Colitti> 1 year, 1 month ago
87cccfc : ipv4, fib: pass LOOPBACK_IFINDEX instead of 0 to flowi4_iif <Cong Wang> 2 years ago
4ac930e : net: ipv6: make "ip -6 route get mark xyz" work. <Lorenzo Colitti> 1 year, 11 months ago
da054c1 : net: Fail explicit bind to local reserved ports <Subash Abhinov Kasiviswanathan> 8 months ago
86f9c86 : neigh: Better handling of transition to NUD_PROBE state <Erik Kline> 9 months ago
 
**** cmold:android_kernel_motorola_msm8916 ****
0c44ebb : Update defconfig for newer f2fs release <Alberto97> 2 hours ago
cd4dc9f : f2fs: Upgrade to 4.6 release <Alberto97> 54 minutes ago
0411aa1 : android: base-cfg: enable CONFIG_QUOTA <Rom Lemarchand> 33 hours ago
 
**** cmold:android_kernel_oneplus_msm8974 ****
d666b74 : msm: vidc: Make buffer validity checks stronger <Deva Ramasubramanian> 3 months ago
9dbe0bb : defconfig: msm8926: Enable CONFIG_NETFILTER_XT_TARGET_IDLETIMER <Ravinder Konka> 4 weeks ago
84aba3b : soc: qcom: bam_dmux: Use SPS hold mem flag <Rama Krishna Phani A> 11 months ago
4308ec3 : msm: sps: Handle low memory condition in SPS driver <Srinivasarao P> 5 weeks ago
c702aaa : mm: vmscan: fix the page state calculation in too_many_isolated <Vinayak Menon> 1 year, 3 months ago
2f25e5a : mm/vmscan.c: avoid possible deadlock caused by too_many_isolated() <Fengguang Wu> 3 years, 4 months ago
31ab7dc : mmc: fix host release issue after discard/flush operation <Pavan Anamula> 8 weeks ago
244bf38 : Revert "Revert "mmc: queue: use cached attributes of special requests"" <Pavan Anamula> 5 weeks ago
96afa97 : Revert "Revert "mmc: queue: exclude asynchronous transfer for special request"" <Pavan Anamula> 5 weeks ago
b01f6f9 : usb: host: xhci: Enable XHCI_SPURIOUS_SUCCESS for all  controllers with xhci 1.0 <George Cherian> 6 weeks ago
 
**** cmold:android_kernel_oppo_msm8974 ****
94ba033 : ARM: dts: oppo: Don't mess with vdd during idle screen PC <Michael Bestas> 5 weeks ago
356f491 : Initial N3 defconfig <Jason Riordan> 13 days ago
8c512a9 : ARM: dts: Oppo: Add support for N3 <Jason Riordan> 9 days ago
e21a767 : sound: minimal N3 audio bringup <Jason Riordan> 12 days ago
b5df60f : ARM: dts: oppo: Fix jdi 1440p livedisplay configuration <Michael Bestas> 8 months ago
5395ff2 : ARM: dts: oppo: Update jdi 1440p dynamic fps configuration <Michael Bestas> 33 hours ago
e2e184f : msm: mdss: Update slave controller dfps at the same time <Siddhartha Agrawal> 1 year, 11 months ago
177548a : msm: mdss: Fix synchronization issue for dual dsi dynamic fps <Siddhartha Agrawal> 1 year, 11 months ago
a1d4d8d : mmc: sdhci-msm: add support for N3 sdcard gpio <Jason Riordan> 7 days ago
8afbd0f : msm: clock-8974: Add Oppo NFC clock changes <Michael Bestas> 3 weeks ago
28480a9 : mdss: add disp_en_gpio76 for N3 LCD enable <Jason Riordan> 12 days ago
2ca95e4 : msm: Oppo: board-8974: add N3 specific changes <Jason Riordan> 2 weeks ago
c2216e4 : input: synaptics: update TS driver for N3 support <Jason Riordan> 2 weeks ago
da3b47b : NFC: PN544: Update Oppo variant of NXP PN544 NFC chip driver <Michael Bestas> 3 weeks ago
cba9aab : ASoC: tas2552: Import tas2552 amplifier driver <Michael Bestas> 3 weeks ago
11a3989 : drv8834: Fix race conditions in motor handling. <Danny Baumann> 1 year, 1 month ago
04f1bea : misc: Import DRV8834 camera motor driver <Michael Bestas> 3 weeks ago
44cc770 : m1120: Tune motor block detection algorithm. <Danny Baumann> 1 year, 1 month ago
d021cdb : input: misc: Import mxm1120 hall sensor driver <Michael Bestas> 3 weeks ago
83808cb : input: misc: Import FPC1021 fingerprint sensor driver <Michael Bestas> 3 weeks ago
529aea3 : power: pic1503: Update PIC1503 fast charger driver <Michael Bestas> 3 weeks ago
02d76ac : power: bq27541: Cleanup BQ27541 HMAC SHA1 code <Michael Bestas> 3 weeks ago
bfbb2a8 : power: bq24196: Update bq24196 charger driver <Michael Bestas> 3 weeks ago
4ab8288 : power: power_supply: Update Oppo power attributes <Michael Bestas> 2 weeks ago
2ac0e3d : hwmon: qpnp-adc-voltage: Add Oppo changes <Michael Bestas> 3 weeks ago
b882064 : USB: dwc3: Cleanup oppo additions <Michael Bestas> 3 weeks ago
0cf5ea4 : find7: Disable CONFIG_EEPROM_93CX6 <Michael Bestas> 2 weeks ago
28881da : msm: socinfo: Update Oppo socinfo extensions <Michael Bestas> 3 weeks ago
669d3a0 : msm: restart: Update Oppo restart reason code <Michael Bestas> 3 weeks ago
a7a200a : msm: Oppo: Update Oppo extensions <Michael Bestas> 3 weeks ago
59f1c6d : ext4: Implement vfat compatibility flag ignore_case <Michael Bestas> 3 weeks ago
837be85 : leds: leds-qpnp: Update from Oppo 5.0 sources <Michael Bestas> 2 weeks ago
a2733f9 : find7: Switch to new camera stack <Michael Bestas> 2 weeks ago
b37d9e8 : defconfig: find7: Bring inline with bacon <Michael Bestas> 9 months ago
5620943 : Revert "HACK: Workaround for broken camera driver" <Michael Bestas> 7 months ago
5718a28 : msm: clock-8974: Update camera clocks <Michael Bestas> 9 months ago
e2be8ae : ARM: dts: oppo: Update camera sensor configuration <Michael Bestas> 9 months ago
dbc73dc : camera_oppo_50_v2: Use dma_addr_t <Steve Kondik> 1 year, 9 months ago
d9292f9 : msm: camera: Import OPPO 5.0 stack <Michael Bestas> 4 months ago
e6ed083 : msm: mdss: modify dual-dsi interface swap implementation <Ujwal Patel> 2 years ago
861275d : msm: mdss: Enable FBC on Layer mixer 1 <Siddhartha Agrawal> 2 years, 1 month ago
946c751 : msm: mdss: Fix dual-DSI mixer swap <Ujwal Patel> 2 years, 6 months ago
e10f7dd : ARM: dts: x9007/x9076: Enable secondary SD slot <Michael Bestas> 10 weeks ago
335ee92 : Revert "video: mdss: Improve the LiveDisplay driver" <Michael Bestas> 3 months ago
05d210e : genirq: call cancel_work_sync from irq_set_affinity_notifier <Prasad Sodagudi> 6 weeks ago
af75e1d : net: ipv4: Adapt code after merge <Michael Bestas> 2 weeks ago
95cf6d0 : workqueue: Fix android-3.4 merge <Michael Bestas> 2 weeks ago
c272ddd : USB: message: Fix mismerge <Michael Bestas> 2 weeks ago
57271c4 : staging: android: Remove unused Kconfig option <Michael Bestas> 2 weeks ago
0c0c3b8 : mmc: block: Remove duplicate definitions <Michael Bestas> 2 weeks ago
 
**** cm:CyanogenMod/android_packages_apps_AudioFX ****
e4e3997 : audiofx: Don't link with android-visualizer <Steve Kondik> 3 hours ago
c227786 : audiofx-oss: Use new callback API <Steve Kondik> 24 hours ago
 
**** cm:CyanogenMod/android_packages_providers_WeatherProvider ****
7b88139 : Update provider to accommodate changes in weather contract <Luis Vidal> 2 days ago
 
**** cm:CyanogenMod/android_prebuilts_cmsdk ****
0306f90 : prebuilts/cmsdk: Update for latest SNAPSHOT release. <Adnan Begovic> 2 hours ago
 
**** cm:CyanogenMod/cm_platform_sdk ****
34bf486 : Fix nomenclature for RequestInfo types [1/2] <Luis Vidal> 3 hours ago
baaf4a1 : Refactor WeatherInfo class <Luis Vidal> 2 days ago
06d5c89 : Add state member to WeatherLocation class <Luis Vidal> 2 days ago
81268bd : LLS: Fix (possible) NPE <Michael W> 7 hours ago
343245f : Add API to cancel an active weather request <Luis Vidal> 2 days ago
 
**** vanir:vendor_lge ****
bd0e03b : reconcile hammerhead w/ cm (up to 5fe36bf) <nuclearmistake> 6 hours ago
 
