
**** vanir:device_htc_flounder ****
1114998 : Gello: Add new gello browser <Joshndroid> 4 weeks ago
 
**** cm:CyanogenMod/android_device_lge_ls990 ****
4db43da : ls990: disable cache partition size info to fix cmupdate flashing <Kasual> 4 days ago
 
**** cm:CyanogenMod/android_device_lge_mako ****
eea889c : mako: Hello Gello! <Ivan Grinko> 3 days ago
 
**** cm:CyanogenMod/android_device_motorola_otus ****
2d68d9f : Automatic translation import <Jessica Wagantall> 4 days ago
 
**** vanir:device_oppo_common ****
539886d : Automatic translation import <Jessica Wagantall> 4 days ago
 
**** cm:CyanogenMod/android_device_oppo_msm8974-common ****
91e6d2b : msm8974: Delicious butter <Steve Kondik> 6 days ago
 
**** vanir:device_qcom_sepolicy ****
236f12d : netmgrd: Allow netmgrd to set xlat property <Subash Abhinov Kasiviswanathan> 4 months ago
8ad941e : sepolicy: Add zram, swap disks creation permission <Chitti Babu Theegala> 3 months ago
090aa3b : sepolicy: add selinux polices for gamed <Prasanth Kamuju> 4 months ago
fed995e : sepolicy : Add new properties for ubwc support <Ramakant Singh> 5 months ago
 
**** vanir:device_samsung_msm8960-common ****
407c8c3 : d2: update sepolicy <dcd> 6 days ago
 
**** vanir:device_xiaomi_armani ****
3d57c1f : Remove the Ethernet configuration <Lorenzo Colitti> 8 weeks ago
a1ffe71 : Switch to standalone libinit <Michael Bestas> 3 weeks ago
cc49c47 : Clean display related debug props <Matthias Yzusqui> 4 weeks ago
 
**** vanir:device_xiaomi_cancro ****
d7c48bc : cancro: get a gelling gello <jrizzoli> 4 months ago
 
**** vanir:device_yu_lettuce ****
2093494 : sensors: Code cleanup <Michael Bestas> 2 weeks ago
 
**** vanir:frameworks_base ****
1c1efe4 : appops: Respect screen interactivity before creating dialogs. <Adnan Begovic> 6 days ago
b4088dd : appops: Implement concept of delayedcount. <Adnan Begovic> 7 days ago
8e897a5 : Automatic translation import <Jessica Wagantall> 4 days ago
34acda1 : Add CM version to dropbox entries <Scott Mertz> 5 days ago
 
**** vanir:frameworks_native ****
ea0ee31 : dumpstate: add CM version to output <Scott Mertz> 5 days ago
 
**** cm:CyanogenMod/android_hardware_qcom_audio ****
e1b5f35 : make: Fixup cross-platform guards <Ricardo Cerqueira> 7 days ago
95d38b9 : hal : Fix banned API's and input validation errors <Preetam Singh Ranawat> 7 weeks ago
67ab751 : hal: return with error code to avoid tearing down existing recording <Zhou Song> 6 weeks ago
90f2a4c : hal: add support for msm8917 tmo, msm8917 sku5 and msm8940 sku6 <Meng Wang> 7 weeks ago
9898456 : audiopolicymanager: fix device selection in getNewOutputDevice <Satya Krishna Pindiproli> 8 weeks ago
21f9fa7 : hal: post_proc: Do not enable volume listener <Dhanalakshmi Siddani> 8 weeks ago
6540c07 : audiopolicy: check active direct output before adding DIRECT_PCM flag <Zhou Song> 2 months ago
354a07c : hal: Update to make code more reliable <Kuirong Wang> 3 months ago
5319430 : hal : Fix data initialization and input validation errors <Preetam Singh Ranawat> 3 months ago
d77d3b3 : policy_hal: add support for 32/48KHz support for voip <Shiv Maliyappanahalli> 4 months ago
e66aba2 : hal: add support for 32/48KHz for voip <Shiv Maliyappanahalli> 4 months ago
78b70c0 : hal: add support for fluence in voice recognition <Vidyakumar Athota> 11 months ago
726c71d : Revert "hal: Fix SSR issue for compress offload playback" <Naresh Tanniru> 3 months ago
a969a9b : Remove internal code name of msmtitanium for msm8952. <Arusha Goyal> 3 months ago
fd7607b : hal: stop sound trigger buffering during close <Mingming Yin> 4 months ago
fdbcd9d : Remove internal code name of msmtitanium for msm8952. <Arusha Goyal> 3 months ago
60cd764 : audio: port sound trigger fixes <Mingming Yin> 4 months ago
0a79f2c : hal: reset backend configuration before speaker calibration <Vidyakumar Athota> 5 months ago
4ffc926 : hal: Add support to get speaker FTM parameters <Vidyakumar Athota> 4 months ago
3abfee2 : Revert "hal: Fix voice call routing issue on headset" <Karthik Reddy Katta> 3 months ago
b137994 : hal: Fix warnings in audio HAL and policy <Alexy Joseph> 4 months ago
31eefec : hal: correct offload tear down check due to sw effect <Weiyin Jiang> 3 months ago
869f201 : hal: force device switch only for headset and headphone <Xiaojun Sang> 3 months ago
46025ef : hal: update compress offload pcm device ID <Vidyakumar Athota> 6 months ago
58081b6 : audiopolicy: fix notification tone during call not stopped after call ended <Zhou Song> 3 months ago
fccb915 : audiopolicy: do not set FM volume during device connection/disconnection <Satya Krishna Pindiproli> 3 months ago
0d47176 : hal: Fix the device disable/enable sequence for capture usecases <Karthik Reddy Katta> 10 months ago
74a2eee : hal: support wsa combo for jacala <Naresh Tanniru> 4 months ago
cd327f8 : hal: don't allow track offload if there's active sw effect <Weiyin Jiang> 3 months ago
488ac37 : hal: spkr_prot: read temperature once during calibration <Vidyakumar Athota> 4 months ago
fdd505a : hal: limit AFE and ADM sample rate at 48 for speaker <Sidipotu Ashok> 4 months ago
bbce432 : hal: Ensure that stream is not started during Sub system restart. <Ashish Jain> 4 months ago
d211ef5 : policy_hal: handle incall sonification without checking output refCount <Weiyin Jiang> 4 months ago
4bd09d0 : hal: Add support to dynamically configure MI2S rx sample rate <Venkata Narendra Kumar Gutta> 4 months ago
f98e42f : hal: Remove return values from void functions <Leena Winterrowd> 4 months ago
ad8fff8 : hal: enhance the combo device detection logic during native playback <Sidipotu Ashok> 4 months ago
7f4817f : hal: Add support for FBSP in WSA analog mode <Venkata Narendra Kumar Gutta> 4 months ago
aee4fdd : hal: Fix potential memory leaks in HAL <Alexy Joseph> 4 months ago
4051676 : mm-audio: omx: Fix handling of flush error on session not found <Mingming Yin> 4 months ago
bb4cf0b : hal: fix no audio issue in voice call <Shiv Maliyappanahalli> 4 months ago
8d019b0 : hal: fix to enable aanc handset dynamically during voice call <Shiv Maliyappanahalli> 5 months ago
dda29e6 : hal: fix resource leak issues in platform.c <Mingming Yin> 6 months ago
34a303c : hal: Remove alac, ape from hardware decoder list <Naresh Tanniru> 4 months ago
d7a04cd : hal: Set sampling rate for stream_out <Leena Winterrowd> 5 months ago
125900e : hal: fix usecase selection in adev_open_output_stream <Satya Krishna Pindiproli> 4 months ago
eeb6b31 : hal: fm: add parameter to set mute options <Dhananjay Kumar> 4 months ago
2dd77c2 : policy_hal: fix for FM playback without active music stream <Mingming Yin> 5 months ago
603ae9b : policy: Delay FM volume update to start of FM playback <Haynes Mathew George> 5 months ago
3c8fbae : hal: Validate active input before accessing source <Leena Winterrowd> 5 months ago
dd28726 : hal: fix for Fluence V5 ECNS failing to work with AANC <Shiv Maliyappanahalli> 5 months ago
 
**** cm:CyanogenMod/android_hardware_qcom_audio ****
52af337 : hal: Garbage output in logcat <Keith Mok> 3 weeks ago
886c244 : hal: remove explicit direct pcm usecase <vivek mehta> 9 months ago
f6cd4f7 : hal: stop sound trigger buffering during close <Mingming Yin> 4 months ago
4fb2812 : hal: don't allow track offload if there's active sw effect <Weiyin Jiang> 3 months ago
bfe1cc3 : hal: Fix 44.1Khz playback when native support is not enabled <Amit Shekhar> 4 months ago
dc520bc : libaudiopolicymanager: DirectPCM: fix 44.1 clip playing noisy issue <vivek mehta> 6 months ago
b73a764 : audio: Extend platform parser to allow device name aliasing <Ethan Chen> 1 year, 9 months ago
64387ed : hal: Fix voice call recording <solk2> 1 year, 9 months ago
91c7d6b : hal: Fix digital USB headset combo device <Steve Kondik> 1 year, 9 months ago
be6fdfc : hal: Clean up compilation warnings <Steve Kondik> 1 year, 6 months ago
13ba1b4 : hal: Add support for audio amplifier HAL <Ethan Chen> 3 years ago
381b7a0 : audio: Configure CM default feature set <Steve Kondik> 1 year, 6 months ago
b25084a : hal: Allow building hardware audio encoders <Arne Coucheron> 1 year, 4 months ago
f48de3d : audio: Use project pathmap <Ethan Chen> 5 months ago
1362fc7 : audio: Only allow non-legacy HAL <Ethan Chen> 5 months ago
b5b6d33 : hal: Update format table with AAC ADTS formats. <Ashish Jain> 6 months ago
102616d : HAL: Identify the track offload session <Sharad Sangle> 6 months ago
d7eaf2b : HAL: Identify Track offload session <Alexy Joseph> 7 months ago
8c21ad7 : Merge DAX2 changes <Gao Jie> 7 months ago
12467a1 : hal: Use AUDIO_TX_MONO_COPP topology for incall record usecases <Karthik Reddy Katta> 7 months ago
 
**** cm:CyanogenMod/android_hardware_qcom_display ****
9f98625 : make: Adjust to dynamic paths <Ricardo Cerqueira> 7 days ago
df7f309 : sdm: Add NULL check for allocated memory <Ramakant Singh> 7 weeks ago
5b880f0 : gralloc : Add singleton class for mdp capability <Ramakant Singh> 8 weeks ago
b8cb6de : sdm: Fix incorrect permission on hw_info.cpp <Naseer Ahmed> 9 weeks ago
805ea87 : libgralloc: Get appropriate width and height from metadata <Ramkumar Radhakrishnan> 10 weeks ago
57f0cc4 : sdm: Set the new panel width and height correctly <Ramakant Singh> 2 months ago
354bf79 : sdm: Disable partial update only if is enabled. <Dileep Marchya> 3 months ago
4570003 : sdm: Add parameter check for content list <Manoj Kumar AVM> 3 months ago
c5109e6 : sdm : Apply Default Mode on real framework start <Sravan Kumar D.V.N> 3 months ago
5e0a1dc : hwc: Initialize pipe type to kPipeTypeUnused <Pullakavi Srinivas> 2 months ago
c487a88 : sdm: Initialize blit class members <Anjaneya Prasad Musunuri> 3 months ago
3cb64d9 : sdm:  Adding mapping of MDP RGB565_UBWC  format to SDM format <Anjaneya Prasad Musunuri> 3 months ago
f4912df : sdm: Add support for 10 bit RGB/YUV formats. <Ramkumar Radhakrishnan> 3 months ago
db89d1f : libgralloc: Add support for 10 bit RGB/YUV formats. <Ramkumar Radhakrishnan> 3 months ago
813ec82 : sdm: Create rotator modules only if a config has required h/w <Saurabh Shah> 3 months ago
cdd3895 : sdm: Add support for V4L2 Rotator <Saurabh Shah> 7 months ago
48c0356 : sdm: Indicate if Rotator is separate H/W block <Sushil Chauhan> 3 months ago
9964fc0 : sdm: Read number of rects from per-pipe caps <Sushil Chauhan> 4 months ago
07f4d41 : sdm:  Adding mapping of MDP RGB565_UBWC  format to SDM format <Anjaneya Prasad Musunuri> 3 months ago
6f227cf : sdm: Set max_layers to 0 when HDMI is in S3D mode <Xu Yang> 4 months ago
53a9573 : sdm: color-manager: PA Dither implementation. <Siddharth Zaveri> 3 months ago
d9f58e0 : sdm: Fix layer blending parameter setting. <Ramkumar Radhakrishnan> 5 months ago
bf04660 : sdm: Fix default ROI initialization <Ramkumar Radhakrishnan> 3 months ago
a212934 : gralloc: Ignore IGC setting. <Dileep Marchya> 5 months ago
bb069a6 : sdm: Fix Wconversion errors <Naseer Ahmed> 4 months ago
95cf0f2 : sdm: color-manager: Add support for global dither. <Siddharth Zaveri> 3 months ago
36e000a : gralloc: Fix RAW10 stride <Ranjith Kagathi Ananda> 12 months ago
0899057 : sdm: Initialize blit engine only if blit is supported. <Anjaneya Prasad Musunuri> 3 months ago
7b23121 : sdm: Fix out of bound access to HWC layers. <Dileep Marchya> 3 months ago
15ac3bd : Revert "sdm: Allocate layer stack objects individually." <Dileep Marchya> 3 months ago
eb97bc9 : sdm: Populate supported format table map from sysfs node <Ramkumar Radhakrishnan> 4 months ago
b2781cc : sdm: Typecast void pointer to mdp scale structure for QSEED2. <Ramkumar Radhakrishnan> 3 months ago
d4fa563 : sdm: Avoid flush for virtual display when no app layer is present. <Anjaneya Prasad Musunuri> 4 months ago
cb44d97 : libgralloc: disable UBWC for video encoder usecase <Manikanta Kanamarlapudi> 4 months ago
9c72d0d : sdm: Resolve mismatched deallocation of memory <Anjaneya Prasad Musunuri> 4 months ago
ee63e37 : sdm: Add output buffer resolution in dump <Manoj Kumar AVM> 4 months ago
2e2830c : sdm: Read per-pipe caps from MDP caps <Sushil Chauhan> 5 months ago
66b1fa5 : sdm: Allocate layer stack objects individually. <Dileep Marchya> 4 months ago
165ef42 : sdm: color-manager: Resolve uninitialized variable access. <Siddharth Zaveri> 4 months ago
7d0727d : sdm: Mark layer as updating if geometry has changed. <Dileep Marchya> 4 months ago
a55f866 : sdm: Fix out of bounds access <Saurabh Shah> 4 months ago
bd4aaf2 : libmemtrack: Update the parsing of flags field <Harshdeep Dhatt> 6 months ago
f77878d : sdm: Read max panel brightness level from file node. <Siddharth Zaveri> 4 months ago
930582e : sdm: Add an interface to store layer's input buffer id. <Ramkumar Radhakrishnan> 5 months ago
647e171 : hwc: Fix mutex deadlock in GetVsyncPeriod <Manoj Kumar AVM> 4 months ago
46ef281 : sdm: Add support for S3D video <Yang Xu> 6 months ago
cd0dace : sdm: Add CSC information in dump. <Dileep Marchya> 4 months ago
f8fa2a8 : sdm: Write auto refresh value only if changed <Saurabh Shah> 6 months ago
ae51451 : sdm: hwc: Use display_defs.h <Arun Kumar K.R> 5 months ago
989b007 : gralloc: Default camera buffers to full range <Naseer Ahmed> 5 months ago
 
**** cm:CyanogenMod/android_hardware_qcom_display ****
7b9a3a1 : hwc/overlay: Validate cursor position in hwc_setPositionAsync <Baldev Sahu> 3 months ago
4c401f0 : hwc: Fix sanitize ROI func <Ramakant Singh> 4 months ago
6dab9c9 : hwc: Apply Default Mode on real framework start <Sravan Kumar D.V.N> 4 months ago
732b9ac : qdutils: Correct the hwc-driver mismatch <Ramakant Singh> 4 months ago
f1e2905 : hwc: remove local constant DISPLAY_ATTRIBUTES list <Ramakant Singh> 4 months ago
a74edfb : hwc: Remove references to display-frameworks <Ethan Chen> 5 months ago
c7cce05 : hwc: Fix compile errors after display-frameworks removal <Arne Coucheron> 5 months ago
b375570 : hwc: Support for QDCM Preference when PU enabled <Nitesh Gupta> 5 months ago
cc1ec84 : hwc: Set ioprio for vsync thread <Steve Kondik> 8 months ago
7516867 : Don't build lights module if vendor supplies it <Steve Kondik> 1 year, 7 months ago
730d245 : Revert "hqd: Use MSM_VIDC_TARGET_LIST for Venus color format" <Ethan Chen> 5 months ago
bc1215a : display: Use project pathmap <Ethan Chen> 1 year, 7 months ago
c324d73 : hwc: Set DefaultMode after bootup completion <Ramakant Singh> 6 months ago
8a6e7c9 : gralloc: Add a private flag for INTERNAL only <Arun Kumar K.R> 9 months ago
394c830 : hwc: Donot update dynamic-fps when device is not active <Ramakant Singh> 8 months ago
8f21571 : hwc: Do not wait for MDSS fence for layers with rotation <Dileep Kumar Reddi> 8 months ago
d2c5ca0 : hwc: Start with ROI set to destination <Arun Kumar K.R> 8 months ago
9ef4d8c : hwc: Set minfps as part of timeout_handler during idlefallback <Ramakant Singh> 8 months ago
0d616ba : Revert "hwc: Relax format change restrictions for certain targets" <Dileep Kumar Reddi> 8 months ago
213ead5 : Default flexible YUV format to NV21 <Tanmaya Godbole> 9 months ago
ed75fdb : hwc: Reset refresh-rate for few cases as part of timeout handler <Dileep Kumar Reddi> 8 months ago
56ed396 : gralloc: Add support for PRIV_FLAGS_DISP_CONSUMER <Surajit Podder> 11 months ago
a2d5295 : hwc: Support ActionSafe on targets with non-scaling RGB pipes. <Sandeep Panda> 9 months ago
248378d : gralloc: Use adreno_utils api for NV21 and NV12 alignment <Sushil Chauhan> 9 months ago
037d21d : hwc: Use basePipe for fullscreen and opaque layer <Pullakavi Srinivas> 9 months ago
77ec4ef : gralloc: Modify check for uncompressed RGB buffers <Naomi Luis> 9 months ago
449fbe0 : hwc: Use aligned width and height <Dileep Kumar Reddi> 9 months ago
02dbc50 : Revert "HWC: use aligned width and height for rearranging ROI" <Dileep Kumar Reddi> 9 months ago
cd7217a : hwc: Support ActionSafe on targets with non-scaling RGB pipes. <Sandeep Panda> 9 months ago
eed742d : overlay: add tertiary display definition in overlay <Vinu Deokaran> 9 months ago
a029479 : hwc: Validate display ID in hwc interface <Arun Kumar K.R> 9 months ago
09441c1 : gralloc: Add missing changes related to RAW16 <Raj Kamal> 10 months ago
7ea10c5 : hwc: Use basePipe for fullscreen and opaque layer <Pullakavi Srinivas> 9 months ago
c039f6e : hwc: Use aligned width and height <Dileep Kumar Reddi> 9 months ago
60cbe72 : Revert "HWC: use aligned width and height for rearranging ROI" <Dileep Kumar Reddi> 9 months ago
2e918bf : hwc: Avoid idlefallback during video playback <Raj Kamal> 9 months ago
fbe5a60 : HWC: use aligned width and height for rearranging ROI <Dileep Kumar Reddi> 9 months ago
597b313 : hwc: Featurize HWC_DISPLAY_SECURE <Raj Kamal> 9 months ago
eb4d7a6 : hwc: Use HWC_DISPLAY_NO_ATTRIBUTE as terminator. <Prabhanjan Kandula> 9 months ago
410ba7c : hwc : Normalize source crop before validating scaling limits. <Prabhanjan Kandula> 10 months ago
95fef31 : hwc: Relax format change restrictions for certain targets <Dileep Kumar Reddi> 10 months ago
42a1c98 : hwc: Changes for display-hal compilation with QTI_BSP enabled <Ramakant Singh> 10 months ago
c772eec : hwc: Do not use Borderfill pipe for composition in WFD <Dileep Kumar Reddi> 10 months ago
e5268fd : hwc/overlay: Pass handle w/h and crop w/h through fb_image field <Arun Kumar K.R> 10 months ago
5d39f02 : hwc: Log warning instead of mHDMIClient object not available <Dileep Kumar Reddi> 10 months ago
55b3489 : hwc: Ignore float-conversion for included headers <Naseer Ahmed> 10 months ago
82fe9c6 : hwc: Do not consider rotation for smart blit <Ramakant Singh> 10 months ago
dd689ff : hwc: Do not create idle invalidator for MDP3 targets <Dileep Kumar Reddi> 10 months ago
c58836b : hwc: Align ROI's width and height in both directions <Dileep Kumar Reddi> 10 months ago
19f2250 : hwc: Fix SF crash due to SIGSEGV error <Raj Kamal> 10 months ago
 
**** cm:CyanogenMod/android_hardware_qcom_display ****
17f2d38 : Don't build lights module if vendor supplies it <Steve Kondik> 1 year, 7 months ago
420cc3a : msm8996: remove unused qcom features <Scott Mertz> 5 months ago
5bdcfa4 : Additional pathmap & build fixes <Scott Mertz> 6 months ago
e80bb52 : display: Use project pathmap <Ethan Chen> 1 year, 7 months ago
e04e869 : Remove usage of MASTER_SIDE_CP_TARGET_LIST <Scott Mertz> 6 months ago
3fd7d00 : Revert "hqd: Use MSM_VIDC_TARGET_LIST for Venus color format" <Scott Mertz> 6 months ago
99aa8ca : sdm: Fix uninitialized HWLayers object <Saurabh Shah> 6 months ago
572b2bf : sdm: Do not copy surfaceDamage rects for SKIP layers <Sushil Chauhan> 6 months ago
074314d : gralloc: Add support for PRIV_FLAGS_DISP_CONSUMER <Surajit Podder> 11 months ago
8f8f6c7 : sdm : Add support for dynamic BW limit management <Prabhanjan Kandula> 8 months ago
83a945b : libqdutils: Refer to standard definitions for display types. <Dileep Marchya> 7 months ago
f29ff14 : sdm: Fix buffer overflow <Manoj Kumar AVM> 7 months ago
99ef378 : sdm: HWDevice: Set correct HWDisplayMode <Arun Kumar K.R> 7 months ago
ddca4e7 : sdm: Remove unused function in rect utility <Manoj Kumar AVM> 7 months ago
8d22bad : sdm: Fix memory leaks. <Dileep Marchya> 7 months ago
1c3f9a3 : hwc: Handle SBM operation set for all layers <Saurabh Shah> 7 months ago
b8067a4 : qdMetadata: Use uint32_t instead of bool <Saurabh Shah> 7 months ago
a0db84b : sdm: hdmi: Set the default grayscale value to RGB888 <Tatenda Chipeperekwa> 8 months ago
e94e78c : sdm: Add bandwidth and clock members <Sushil Chauhan> 10 months ago
959863b : sdm: Update HWPanelInfo during primary resolution switch <Sushil Chauhan> 7 months ago
b8ecfbf : display: Enable clang for all display modules <Naseer Ahmed> 7 months ago
63e8c95 : sdm: Source crop top needs adjustment for interlaced <Sushil Chauhan> 7 months ago
f1c8357 : sdm: Remove closing of fd during Sync operations <Manoj Kumar AVM> 7 months ago
44e2be1 : sdm: Do not process blit configuration for zero app layers. <Dileep Marchya> 7 months ago
61ef29b : sdm: Add support for single buffer layers <Saurabh Shah> 8 months ago
a816961 : sdm: Use FB resolution for virtual display <radhakrishna> 7 months ago
a0394ad : qdMetaData: Remove unused metadata fields. <Arun Kumar K.R> 7 months ago
50ff0bb : sdm: Panel name retrieval support <Dileep Marchya> 7 months ago
95f8368 : gralloc/metadata: Add support for single buffer mode <Saurabh Shah> 8 months ago
d7131e6 : sdm: Add support for UBWC in C2D <radhakrishna> 8 months ago
67c1f90 : sdm: Allow draw cycle in doze state. <Dileep Marchya> 7 months ago
5fb6d40 : sdm: Perform GPU target layer validation. <Manoj Kumar AVM> 7 months ago
226646c : sdm: Populate correct WB index for virtual <radhakrishna> 8 months ago
3edaf83 : sdm: Read rotator capabilities from driver <radhakrishna> 8 months ago
492ab99 : sdm: Fix ROI and Split info in SF dumpsys <Sushil Chauhan> 7 months ago
a9fb396 : sdm: Remove buffer format validation from hwc wrapper. <Ramkumar Radhakrishnan> 8 months ago
76750f2 : sdm: Add support for YCbCr420 Semiplanar format <Ramkumar Radhakrishnan> 8 months ago
bddb952 : gralloc: Use only metadata for color space <Saurabh Shah> 8 months ago
4a31ec4 : sdm: Make premultiplied as default blending <Saurabh Shah> 7 months ago
e1f01dd : sdm: Flush after first successful commit only. <Dileep Marchya> 8 months ago
1a7e1f1 : sdm: Add support for IGC. <Dileep Marchya> 8 months ago
9b99074 : sdm: Fix memory leaks. <Dileep Marchya> 8 months ago
ec8fe35 : sdm: Fix HDMI & virtual display concurrency. <Dileep Marchya> 8 months ago
d433464 : sdm: Add interface to consider rotator during scaling validation. <Ramkumar Radhakrishnan> 8 months ago
a5b764f : sdm: Add support for minimum encryption level settings for HDCP. <Dileep Marchya> 8 months ago
55fe304 : sdm: Add SPD information for HDMI <Arun Kumar K.R> 8 months ago
06078aa : sdm: Acquire lock during hwcomposer module open and close <Ramkumar Radhakrishnan> 8 months ago
d169be9 : sdm: properly close all the fence Fds <Ping Li> 8 months ago
040a3d0 : sdm: hwc: SetRefreshRate before validate IOCTL <Arun Kumar K.R> 8 months ago
6e43f57 : sdm: Handle/set dynamic fps appropriately <Arun Kumar K.R> 8 months ago
 
**** cm:CyanogenMod/android_hardware_qcom_media ****
3965563 : make: Adjust to dynamic paths <Ricardo Cerqueira> 7 days ago
b5a27bf : Avoid collision with the ffpmeg plugin <Ricardo Cerqueira> 9 days ago
d822edf : mm-video: Fix race condition in component. <Manikanta Sivapala> 5 weeks ago
cc6a5bb : mm-video: Handle ETB's with invalid length <Manikanta Sivapala> 7 weeks ago
d4c68ef : mm-video: Update function to flush cached ION output buffer. <Manikanta Sivapala> 7 weeks ago
6f4b96d : mm-video-v4l2: vidc: validate omx param/config data <Praveen Chavan> 9 weeks ago
70ecf07 : mm-video-v4l2: venc: add safety checks for freeing buffers <Praveen Chavan> 2 months ago
58cfe3e : mm-video-v4l2: vdec: add safety checks for freeing buffers <Praveen Chavan> 10 weeks ago
c9d33c1 : mm-video-v4l2: vdec: deprecate unused config OMX_IndexVendorVideoExtraData <Praveen Chavan> 10 weeks ago
162d7c2 : mm-video-v4l2: vidc: venc: KW fix to initialize v4l2 control. <Srinu Gorle> 7 weeks ago
ba4f857 : mm-video-v4l2: vdec: Malloc failure handling in memory prefetch <Rohit Kulkarni> 9 weeks ago
f05c40f : mm-video-v4l2: vdec: Add support for prefetching secure memory <Shalaj Jain> 4 months ago
1e09dcc : mm-video: swvdec: Flush cached ION output buffer. <Manikanta Sivapala> 10 weeks ago
5aa6868 : mm-video-v4l2: vidc: Do not queue output buffer if flush is in progress <Arun Menon> 6 months ago
451c330 : mm-video-v4l2: vidc: vdec: KW fix to initialize v4l2 control. <Abdulla Anam> 3 months ago
87af875 : Remove internal code name of msmtitanium for msm8953. <Arusha Goyal> 3 months ago
98c1933 : mm-video: swvdec: Enable "arbitrary bytes mode" via setparam. <Manikanta Sivapala> 3 months ago
6a113e8 : Remove internal code name of msmtitanium for msm8953. <Arusha Goyal> 3 months ago
66507f6 : mm-core: Add secure component registry entry <Vikash Garodia> 3 months ago
3c0c75c : mm-video-v4l2: vdec: Change preferred color format default order <Arun Menon> 7 months ago
47a3c9e : mm-core: Rename vpp component name in the registry. <Abdulla Anam> 4 months ago
f673dc5 : mm-video: swvdec: Fix bug in 'arbitrary bytes mode'. <Manikanta Sivapala> 3 months ago
658d7f6 : mm-video-v4l2: vdec: add support for vp8 secure decoder <Deepak Kushwah> 4 months ago
d5acdbb : mm-video-v4l2: vidc: update thread names <Vikash Garodia> 3 months ago
981d875 : mm-video: swvdec: Use C++ standard library queue classes. <Manikanta Sivapala> 3 months ago
4738e01 : mm-video: vidc: Communicate the right colorformat to the driver <Deva Ramasubramanian> 6 months ago
6480767 : mm-core: Add vp8 and vp9 secure decoders for titanium <Srinu Gorle> 4 months ago
3134ae4 : mm-video-v4l2: venc: revert add support for handling EOS buffer <Manikanta Kanamarlapudi> 4 months ago
3160904 : audio: Add entry for ALAC/APE software component <Preetam Singh Ranawat> 4 months ago
f09ef0f : mm-video: vidc: memset struct v4l2_format prior to S_FMT <Deva Ramasubramanian> 5 months ago
99a9dea : mm-video: swvdec: Fix FD leak. <Vikash Garodia> 4 months ago
21b0839 : Revert "mm-video-v4l2: vidc: Enhance VQZIP checks" <Manikanta Sivapala> 4 months ago
73109a9 : Revert "mm-video-v4l2: vidc: venc: Bug fixes for VZIP" <Manikanta Sivapala> 4 months ago
bf6b113 : mm-video-v4l2: venc: Add support for low latency mode <Srinu Gorle> 5 months ago
e3ab4f0 : mm-core: Fix compilation issue to erratic string constant <Amit Shekhar> 9 months ago
68a4b6c : mm-video: swvdec: Add 'arbitrary bytes mode' support. <Manikanta Kanamarlapudi> 4 months ago
89b5e96 : mm-video-v4l2: vidc: venc: Bug fixes for VZIP <Praneeth Paladugu> 6 months ago
d9b4206 : libc2dcolorconvert: check if platform support c2d <Alex Wong> 4 months ago
fd7f872 : mm-video-v4l2: vidc: Enhance VQZIP checks <Praneeth Paladugu> 9 months ago
ba30dca : mm-video: swvenc: update color format correctly <Manikanta Sivapala> 4 months ago
c950d91 : mm-video: swvdec: Fix bug in describe color format function. <Manikanta Sivapala> 4 months ago
cb9101d : mm-video-v4l2: venc: send flags to color converter <Maheshwar Ajja> 5 months ago
57a18a2 : mm-video: swvenc: Update color format correctly <Manikanta Sivapala> 5 months ago
66f5bdc : mm-video-v4l2: venc: Disable Bframes incase of UHD recording <Srinu Gorle> 6 months ago
b8eaaec : mm-video: swvdec: Fix static analysis issues. <Manikanta Sivapala> 5 months ago
a61ad21 : mm-video-v4l2: Pointer null check before deferencing it <Deepak Kushwah> 5 months ago
8fbf22f : mm-video-v4l2: venc: Initialize all members of encExtradata class <Vinay Kalia> 6 months ago
f8ae371 : mm-video: swvdec: Fix YUV dump race condition. <Manikanta Sivapala> 5 months ago
8bc7194 : mm-video-v4l2: venc: set correct buffer count <Manikanta Kanamarlapudi> 5 months ago
009c184 : mm-video: swvdec: Fix scanline alignment. <Manikanta Sivapala> 5 months ago
 
**** cm:CyanogenMod/android_hardware_qcom_media ****
ff3940f : mm-video-v4l2: Return correct level support for 8956 <Surajit Podder> 3 months ago
1fd6df0 : mm-video-v4l2: vidc: vdec: handle ftbs during reconfig and port disable <Abdulla Anam> 4 months ago
e9bacff : mm-video-v4l2: venc: check for null pointer <Maheshwar Ajja> 4 months ago
a699a13 : mm-video-v4l2: vdec: set 24 fps framerate for 4k clips <Deepak Kushwah> 4 months ago
bc9e191 : mm-video-v4l2: vidc: Fix race condition with msg thread fd close <Shalaj Jain> 7 months ago
a860362 : mm-video-v4l2: vidc: update thread names <Ashray Kulkarni> 11 months ago
8e66146 : mm-video-v4l2: Add support for prefer adaptive playback extension <Shalaj Jain> 10 months ago
41a5cfd : mm-video: Adjust stride value for planar format <Surajit Podder> 1 year, 1 month ago
c40cf77 : mm-video: vidc: Reliably stop the message thread <Deepak Kushwah> 5 months ago
62f611d : Fix duplicated OMX.qcom.audio.decoder.aac entry <Keith Mok> 6 months ago
69d6d4b : media: Avoid collision with FFMPEG plugin <Steve Kondik> 5 months ago
610c356 : media: Use project pathmap <Ethan Chen> 5 months ago
dc1b1d4 : mm-video-v4l2: Unmap dropped output buffers <Surajit Podder> 6 months ago
78521c5 : Include kernel header dependency for libOmxVidcCommon <Divya Sharma> 6 months ago
f9c92f0 : mm-video-v4l2: vidc: venc: Fix hybrid HP layer count <Abdulla Anam> 7 months ago
a5dce41 : mm-video-v4l2: Enable get_param to check downscalar enablement <Surajit Podder> 7 months ago
e7743ae : mm-video-v4l2: venc: Add support to enhance hybrid Hier-p mode <Abdulla Anam> 7 months ago
75bc6a6 : mm-video-v4l2: vdec:  release buffer when qbuf to driver fails <Manikanta Kanamarlapudi> 7 months ago
cfeaf87 : mm-video-v4l2: Use client buffer header for FTB <Surajit Podder> 8 months ago
b6c736d : mm-video-v4l2: Disable intra refresh mode on msm8956/76 <Maheshwar Ajja> 8 months ago
a54c5d4 : mm-video-v4l2: vdec: fix fps issues in arbitrary mode <Ashray Kulkarni> 9 months ago
826ba8c : QCMetadata: add a new key for big buffers <Sidipotu Ashok> 8 months ago
ef3143a : QCMetadata: Add key for setBuffers API support <Manikanta Kanamarlapudi> 12 months ago
f178e8b : mm-video-v4l2: venc: support all I frame encoding usecase. <Abdulla Anam> 8 months ago
bcf4fa3 : libstagefrighthw: Add header guard to QComOMXMetadata.h and fix file perms <Deva Ramasubramanian> 9 months ago
e2d287f : mm-video-v4l2: vdec: streamoff while freeing first output buffer <Balamurugan Alagarsamy> 1 year, 5 months ago
f0fc3d0 : mm-video: Disable downscalar for non-display usecase <Surajit Podder> 11 months ago
0997c8a : mm-video: Enable HEVC software encoder OMX component. <Manikanta Sivapala> 8 months ago
8bb96de : mm-video_v4l2: pass crop nWidth and nHeight in reconfig event. <Abdulla Anam> 9 months ago
afb1469 : mm-video-v4l2: Fix downscalar issue <Surajit Podder> 9 months ago
269f6cd : mm-video-v4l2: Fix crash due to divide by zero <Surajit Podder> 8 months ago
c14558c : mm-video-v4l2: venc: initialize the member variables <Maheshwar Ajja> 9 months ago
99c2455 : mm-video-v4l2: vdec: Fix closing of file descriptor "0" <Deepak Kushwah> 9 months ago
b4d0e38 : mm-video-v4l2: venc: limit pixels value in input buffers. <Abdulla Anam> 9 months ago
1202ebd : mm-video_v4l2: pass crop nWidth and nHeight in reconfig event. <Abdulla Anam> 9 months ago
1fc82f0 : mm-video: Disable downscalar for non-display usecase <Surajit Podder> 11 months ago
6ecc67f : mm-core: update vpp related structures and enums. <Abdulla Anam> 9 months ago
56c0a51 : mm-video-v4l2: vidc: venc: fix CTS issues in vp8 encoder <Maheshwar Ajja> 9 months ago
1fe6770 : mm-core: update vpp related structures and enums. <Abdulla Anam> 9 months ago
a9c2410 : mm-video: Set correct color format to driver <Surajit Podder> 10 months ago
f2fa16b : mm-video-v4l2: vidc: venc: enable low latency mode <Maheshwar Ajja> 10 months ago
79da148 : mm-video-v4l2: null check before pointer dereference <Abdulla Anam> 9 months ago
a66ec1f : audio: Fix stale session opening of DSP audio decoder <Naresh Tanniru> 10 months ago
1171b44 : audio: Fix stale session opening of DSP audio decoder <Naresh Tanniru> 10 months ago
03f6533 : mm-video-v4l2: change variables used for reconfig height & width <Abdulla Anam> 10 months ago
6dc2004 : mm-video-v4l2: venc: Disable Bframes incase of UHD recording <Deepak Kushwah> 10 months ago
f493b73 : audio: Add support for new key kKeyByteMode <Manish Dewangan> 10 months ago
382b5b7 : mm-video-v4l2: video: add new extensions <Ashray Kulkarni> 1 year, 1 month ago
b266f81 : mm-video-v4l2: venc: Add support for low latency mode <Maheshwar Ajja> 10 months ago
14c22a7 : mm-core: Add Skype extensions <Ashray Kulkarni> 1 year, 1 month ago
 
**** cm:CyanogenMod/android_hardware_qcom_media ****
4925114 : mm-video-v4l2: vdec: deprecate unused config OMX_IndexVendorVideoExtraData <Praveen Chavan> 7 weeks ago
d4f4cdf : mm-video-v4l2: venc: add safety checks for freeing buffers <Praveen Chavan> 7 weeks ago
a797942 : mm-video-v4l2: vidc: validate omx param/config data <Praveen Chavan> 7 weeks ago
8c6b30e : mm-video-v4l2: vdec: add safety checks for freeing buffers <Praveen Chavan> 7 weeks ago
347b90c : libc2dcolorconvert: refer c2d header from display <Praveen Chavan> 2 years, 1 month ago
6316605 : vidc: Fix makefiles <Steve Kondik> 1 year, 1 month ago
d84d430 : media: Avoid collision with FFMPEG plugin <Steve Kondik> 2 years, 1 month ago
8ba01d1 : media: Use project pathmap <Ethan Chen> 1 year, 3 months ago
be989ef : audio: Add entry for ALAC/APE software component <Preetam Singh Ranawat> 6 months ago
ab3e6cf : Include kernel header dependency for libOmxVidcCommon <Divya Sharma> 6 months ago
f5b8f20 : Include kernel header dependency for libOmxVidcCommon <Divya Sharma> 6 months ago
2266025 : mm-video-v4l2: vidc: Ensure async_message_thread always exits <Arun Menon> 6 months ago
b0d352b : media : Add Max CSD values for ALAC and APE <Preetam Singh Ranawat> 7 months ago
a04219f : mm-video-v4l2: vdec: skip enabling extn_user extradata for secure session <Srinu Gorle> 6 months ago
622d480 : mm-video-v4l2: vidc: Enhance VQZIP checks <Praneeth Paladugu> 9 months ago
2b5bd8a : mm-video-v4l2: vidc: venc: Fix input extradata issues <Praneeth Paladugu> 7 months ago
ce13944 : mm-video-v4l2: vidc: vdec: Add UBWC color format support <Srinu Gorle> 6 months ago
a725170 : mm-video: venc: Initialize m_graphicBufferSize <Deva Ramasubramanian> 6 months ago
8be933c : mm-video-v4l2: vidc: vdec: Add support for downscalar in component <Srinu Gorle> 1 year ago
c29ae31 : mm-video-v4l2: vidc: Fix race condition with msg thread fd close <Shalaj Jain> 7 months ago
6a50516 : mm-video-v4l2: vdec: Fix CTS issue with color coversion <Vinay Kalia> 7 months ago
ab08584 : mm-core: Add extensions for FRC <Vinay Kalia> 7 months ago
b12f245 : mm-video-v4l2: Handle async_message_thread error <Arun Menon> 7 months ago
9952fd8 : mm-core: Add secure component registry entry <Vikash Garodia> 7 months ago
8d855cc : mm-video: common: update OmxVidcCommon dependency list <Srinu Gorle> 7 months ago
3c3fe6c : mm-video-v4l2: vdec: Change preferred color format default order <Arun Menon> 7 months ago
c73daac : mm-video-v4l2: Add registry entry for openmax components. <Vikash Garodia> 7 months ago
bcb448c : mm-video: swvdec: Add SwVdec registry entries for 8937. <Manikanta Sivapala> 7 months ago
e592d0a : mm-video: swvdec: Add SwVdec OMX component. <Manikanta Sivapala> 7 months ago
41cf898 : mm-core: Update the correct instance index for storing VPP handle <Praneeth Paladugu> 7 months ago
c8827e2 : mm-video-v4l2: vidc: Allocate secure bitstream buffers from CMA <Shalaj Jain> 7 months ago
cf6d469 : mm-video: vidc: Fully drainbuffers from the driver if batch not complete <Deva Ramasubramanian> 7 months ago
093280d : mm-core: Unload the component library after the session is done <Praneeth Paladugu> 7 months ago
45267c8 : Remove msm8937 due to missing HY11 rule <Naveen Kumar> 7 months ago
fb36868 : mm-video: venc: Revert Venus native support for RGBA8888 <Deva Ramasubramanian> 7 months ago
1c7b346 : mm-video: swvenc: Add pure virtual functions. <Manikanta Sivapala> 7 months ago
0ec71b0 : mm-video: Add extensions to enable and configure ROI QP info <Vinay Kalia> 8 months ago
db88209 : audio: remove duplicate instances of aac decoder <Mingming Yin> 7 months ago
b04a903 : mm-video-v4l2: vdec: Fix a bug with C2D and DROPPED_FRAME <Vinay Kalia> 7 months ago
183f501 : mm-video-v4l2: vidc: Add null checks in async_message_process <Arun Menon> 7 months ago
fbdcaba : mm-video-v4l2: Add support for VP9 secure decoder <Shalaj Jain> 10 months ago
a935f80 : mm-video: swvenc: Add SwVenc registry entries for 8937. <Manikanta Sivapala> 7 months ago
f3f1e00 : QCMetadata: add a new key for big buffers <Sidipotu Ashok> 8 months ago
be1c0e3 : mm-video: vidc: Adjust performance level only after STREAMON <Deva Ramasubramanian> 7 months ago
6f6f5fb : mm-video-v4l2: vidc: venc: Fix hybrid HP layer count <Ashray Kulkarni> 7 months ago
144b092 : mm-video: venc: Get rid of PREPARE_BUF on input port <Vinay Kalia> 8 months ago
431e6b1 : mm-video-v4l2: vdec: fix fps issues in arbitrary mode <Ashray Kulkarni> 9 months ago
edd1b09 : mm-video-v4l2: vidc: vdec: Put decoder sessions in TURBO <Praneeth Paladugu> 10 months ago
07a4eca : libc2dcolorconvert: Fix height alignment issue with RGBA formats <Rajesh Sastrula> 8 months ago
c826460 : mm-video-v4l2: venc: Add support to enhance hybrid Hier-p mode <Ashray Kulkarni> 11 months ago
 
**** cmold:android_kernel_google_msm ****
9b1b6d4 : f2fs: fix to update dirty page count correctly <Chao Yu> 10 days ago
 
**** vanir:kernel_lge_msm8974 ****
d6c28af : msm: mdss: rotator: Remove work_busy <myfluxi> 5 months ago
eb1537b : slub: fix incorrect return type of get_any_partial() <Joonsoo Kim> 4 years, 4 months ago
4a2c061 : mm: slub: Default slub_max_order to 0 <Mel Gorman> 5 years ago
b580042 : mm/slub: don't wait for high-order page allocation <Joonsoo Kim> 9 months ago
ad19298 : ipv4, fib: pass LOOPBACK_IFINDEX instead of 0 to flowi4_iif <Cong Wang> 2 years, 2 months ago
94dc75d : mm, oom: base root bonus on current usage <David Rientjes> 2 years, 4 months ago
 
**** cmold:android_kernel_motorola_msm8226 ****
e95f63d : USB: usbfs: fix potential infoleak in devio <Kangjie Lu> 4 weeks ago
e936f1a : ppp: take reference on channels netns <Guillaume Nault> 10 weeks ago
 
**** cmold:android_kernel_motorola_msm8916 ****
112cedb : USB: usbfs: fix potential infoleak in devio <Kangjie Lu> 4 weeks ago
 
**** cmold:android_kernel_oppo_msm8974 ****
09e9f3d : video: mdss: Fix dual-DSI issue in LiveDisplay <Michael Bestas> 12 days ago
f84b663 : video: mdss: remove erroneous mutex_unlock <Scott Mertz> 2 weeks ago
dddfd97 : video: mdss: livedisplay: Fix livedisplay MODE_RGB functionality <Ethan Chen> 3 weeks ago
1f7b242 : video: mdss: Improve the LiveDisplay driver <Steve Kondik> 5 months ago
 
**** vanir:kernel_samsung_smdk4412 ****
62614fb : Revert "smdk4412 : modem_if KK driver from N5100ZTCNL4" <Roberto Gibellini> 3 days ago
6b1d5af : Revert "smdk4412 : function moved to modem.h" <Roberto Gibellini> 3 days ago
 
**** cmold:android_kernel_sony_msm8x27 ****
5ea3314 : wlan: Resolve excessive logging issue. <c_hpothu> 1 year, 7 months ago
337e4a8 : USB: usbfs: fix potential infoleak in devio <Kangjie Lu> 4 weeks ago
3fa2670 : USB: gadget: android: Fix checkpatch related errors <Mayank Rana> 9 months ago
189a7c4 : gadget: composite: Fix crash seen when SS descriptor is not available <Mayank Rana> 9 months ago
57ee778 : USB: core: Add USB_DEVICE_ERROR uevent for enumeration timeout <Chandana Kishori Chiluveru> 2 weeks ago
deb4d09 : usbhid: prevent deadlock during timeout <Oliver Neukum> 4 years, 1 month ago
c4e5672 : usb: gadget: Set size only after validating pointer is valid <ChandanaKishori Chiluveru> 10 months ago
cb67430 : usb: gadget: Validate the port number in acm_bind_config <ChandanaKishori Chiluveru> 10 months ago
760cf97 : zram: cosmetic ZRAM_ATTR_RO code formatting tweak <Sergey Senozhatsky> 11 months ago
0cc0981 : UPSTREAM: zram: use DEVICE_ATTR_[RW|RO|WO] to define zram sys  device attribute <Ganesh Mahendran> 1 year, 6 months ago
9026147 : driver core: create write-only attribute macros for devices and drivers <Greg Kroah-Hartman> 2 years, 9 months ago
4da0265 : sysfs: create __ATTR_WO() <Greg Kroah-Hartman> 2 years, 9 months ago
98beea6 : driver core: device.h: add RW and RO attribute macros <Greg Kroah-Hartman> 2 years, 11 months ago
e43e549 : sysfs: use file mode defines from stat.h <Oliver Schinagl> 2 years, 11 months ago
d207e9e : sysfs: add more helper macro's for (bin_)attribute(_groups) <Oliver Schinagl> 2 years, 11 months ago
e4088c5 : sysfs.h: add BIN_ATTR macro <Greg Kroah-Hartman> 2 years, 11 months ago
65e3bc8 : sysfs.h: add ATTRIBUTE_GROUPS() macro <Greg Kroah-Hartman> 2 years, 11 months ago
c152000 : sysfs.h: add __ATTR_RW() macro <Greg Kroah-Hartman> 2 years, 11 months ago
 
**** github:CyanogenMod/android_kernel_xiaomi_cancro ****
46f3e73 : arm: vfpmodule: Fix warning procfs vfp_bounce reporting failed <myfluxi> 2 days ago
9ba5b69 : video: mdss: Implement PCC combining for LiveDisplay <Steve Kondik> 10 months ago
2130c56 : cancro: disable dload mode <Joey Rizzoli> 2 days ago
 
**** vanir:packages_apps_Bluetooth ****
8a156be : Automatic translation import <Jessica Wagantall> 4 days ago
 
**** cm:CyanogenMod/android_packages_apps_Calendar ****
411ad09 : Automatic translation import <Jessica Wagantall> 4 days ago
 
**** vanir:packages_apps_CellBroadcastReceiver ****
eadcfcd : Automatic translation import <Jessica Wagantall> 4 days ago
 
**** vanir:packages_apps_Contacts ****
ffaa045 : Automatic translation import <Jessica Wagantall> 4 days ago
f05914c : Contacts : fix FAB when an InCall plugin tab is in focus <Erica Chang> 6 days ago
765f3a0 : Contacts: only schedule metrics JobService if Ambient exists <Erica Chang> 6 days ago
 
**** vanir:packages_apps_ContactsCommon ****
f759863 : Automatic translation import <Jessica Wagantall> 4 days ago
 
**** vanir:packages_apps_Dialer ****
b4316ea : Automatic translation import <Jessica Wagantall> 4 days ago
03c2c84 : Alias Dialer's settings activity for use as caller-info settings <Rohit Yengisetty> 4 days ago
bafc8fd : Fix NPE in caller-info settings migration component <Rohit Yengisetty> 4 days ago
5b9db20 : Add migrations for CallerInfo related settings <Rohit Yengisetty> 6 days ago
 
**** cm:CyanogenMod/android_packages_apps_Gello ****
f4d3ccf : Automatic translation import <Jessica Wagantall> 4 days ago
 
**** vanir:packages_apps_InCallUI ****
241d00a : Automatic translation import <Jessica Wagantall> 4 days ago
84db99a : Fix copy constructor of ContactInfoCache <Rohit Yengisetty> 4 days ago
 
**** cm:CyanogenMod/android_packages_apps_Messaging ****
4cc542b : Automatic translation import <clyde@build01> 3 days ago
ddf7c99 : [SMS] Replace message content for protocol 0x41-0x47 <Deepak Kundra> 11 days ago
26db7cf : Automatic translation import <Jessica Wagantall> 4 days ago
 
**** vanir:packages_apps_PhoneCommon ****
2c6c8d3 : Automatic translation import <Jessica Wagantall> 4 days ago
 
**** cm:CyanogenMod/android_packages_apps_Profiles ****
77051de : Automatic translation import <Jessica Wagantall> 4 days ago
 
**** cm:CyanogenMod/android_packages_apps_Screencast ****
1ecd521 : Automatic translation import <clyde@build01> 3 days ago
1ad771f : Fix reference to a renamed string <Greg Wilard> 4 days ago
e66278d : Automatic translation import <Jessica Wagantall> 4 days ago
 
**** vanir:packages_apps_Settings ****
d13fe2c : Automatic translation import <Jessica Wagantall> 4 days ago
 
**** cm:CyanogenMod/android_packages_apps_Snap ****
b3cfd09 : Snap: Update comment to reflect audio focus changes <Michael Bestas> 4 days ago
 
**** vanir:packages_apps_soundrecorder ****
0023df8 : Automatic translation import <Jessica Wagantall> 4 days ago
 
**** vanir:packages_apps_ThemeChooser ****
cd53946 : ThemeChooser: fix on theme installed notification <Joey Rizzoli> 2 days ago
 
**** cm:CyanogenMod/android_packages_apps_Trebuchet ****
93e949f : Wallpaper: Allow multiple partners to be loaded <d34d> 11 months ago
cb3431d : Automatic translation import <Jessica Wagantall> 4 days ago
 
**** cm:CyanogenMod/android_packages_providers_DataUsageProvider ****
c42d795 : Automatic translation import <Jessica Wagantall> 4 days ago
 
**** cm:CyanogenMod/android_packages_services_LiveLockScreenService ****
ba3b4f9 : Automatic translation import <Jessica Wagantall> 4 days ago
 
**** vanir:packages_services_Telephony ****
1262004 : Automatic translation import <clyde@build01> 3 days ago
1554030 : Automatic translation import <Jessica Wagantall> 4 days ago
 
**** vanir:system_core ****
2a02799 : debuggerd: add CM version to tombstones <Scott Mertz> 5 days ago
 
**** cm:CyanogenMod/cm_platform_sdk ****
970f0b6 : Automatic translation import <Jessica Wagantall> 4 days ago
 
**** commotio:commotio ****
1cb3d27 : Kill gello stuff <DHOMD> 2 hours ago
406b638 : KLTEdev + gello stuff <DHOMD> 2 hours ago
11eba75 : Bump <DHOMD> 3 days ago
 
**** vanir:vendor_htc ****
613216e : m8d: Switch back to GPe blobs <Bruno Martins> 7 days ago
 
**** vanir:vendor_samsung ****
18962a9 : kona-common: use own cbd from n5100 4.4.4 <Simon Shields> 2 days ago
bafa364 : Revert "smdk4412 : latest CBD from stock 4.4.4 n5100" <Simon Shields> 2 days ago
 
**** vanir:vendor_vanir ****
8423474 : update lettuce fingerprint (formatting only) <nuclearmistake> 3 days ago
 
