
**** vanir:bootable_recovery_twrp ****
6b9ad62 : orscmd: add minimal getcap and setcap tools <that> 3 days ago
0c347d5 : Support power key on slideout <Matt Mower> 1 year ago
3267662 : Whitespace cleanup in Themes <Matt Mower> 3 days ago
1615916 : Disable relocations on orscmd to fix compile error in Omni 7.1 <Ethan Yonker> 2 days ago
b386f71 : ifdef overlay graphics <Ethan Yonker> 29 hours ago
c51bd35 : Try mounting different filesystems during decryption <James Christopher Adduono> 20 hours ago
 
**** vanir:build ****
3b9be05 : Build hacks <DHOMD> 3 months ago
96a322f : ota_from_target_files: Remove device dependent arguments <Gabriele M> 11 days ago
9caf860 : releasetools: support reading release keys out of some sort of command <Tom Powell> 20 hours ago
040a8b0 : releasetools: Add script to sign zips <Gabriele M> 10 days ago
 
**** vanir:device_google_marlin ****
e61cd07 : marlin: disable our local telephony extensions <Dan Pasanen> 3 weeks ago
58d628c : Revert "marlin: specify device-specific recovery updater libs" <DHOMD> 2 days ago
c15c5cc : marlin: use qualcomm time services <Dan Pasanen> 2 days ago
 
**** vanir:device_htc_m7 ****
aefb4b8 : m7: Re-add FM radio support <Matt Mower> 10 days ago
 
**** vanir:device_htc_m7-common ****
f0f1ef7 : m7-common: Remove fm_dl service <Matt Mower> 2 days ago
81ce285 : m7-common: Correct FM mixer paths <Matt Mower> 2 days ago
 
**** vanir:device_htc_s4-common ****
b29b04e : s4-common: Remove fm_dl service <Matt Mower> 2 days ago
 
**** vanir:device_huawei_angler ****
26dfb6f : I need a quieter lawn mover or a louder phone <DHOMD> 3 weeks ago
5fba092 : Update IMS paths in init.angler <DHOMD> 6 weeks ago
 
**** cm:LineageOS/android_device_lge_d855 ****
5c7287d : D855: BOARD_HAVE_QCOM_FM := true <DHOMD> 2 days ago
 
**** vanir:device_lge_g2-common ****
f00b7b8 : baseband: Fix path and location <Greg Wallace> 6 hours ago
628ca71 : g2-common: Baseband fix 2 <Nikola Majkić> 28 hours ago
 
**** vanir:device_lge_hammerhead ****
bd5fa1b : hammerhead: switch to some source built gps bits <razorloves> 3 days ago
 
**** cm:LineageOS/android_device_motorola_athene ****
36c02fc : ipacm: Fix KW issues <Utkarsh Saxena> 2 days ago
4944f3d : athene: address some kernel denials <Vachounet> 2 days ago
 
**** cm:LineageOS/android_device_motorola_msm8610-common ****
a51e7f1 : msm8610-common: enable BOARD_HAVE_QCOM_FM <Sultan Qasim Khan> 21 hours ago
 
**** vanir:device_motorola_msm8916-common ****
8e8d34c : msm8916-common: Properly include libril and drop unused blobs <Alberto97> 12 days ago
c3c3bec : msm8916-common: Add IMS shim <Alberto97> 6 weeks ago
01442a2 : msm8916-common: Add fs_config support for custom binary <Bharat Pawar> 5 months ago
4bd7ebb : msm8916-common: Remove net_raw/net_admin from ims daemons. <Rajshekar Eashwarappa> 5 months ago
27a2e4e : msm8916-common: Add VoLTE stuff <FireLord1> 7 weeks ago
 
**** cm:LineageOS/android_device_motorola_otus ****
a72fe1a : Otus: Fix FM Radio <DHOMD> 2 days ago
 
**** cm:LineageOS/android_device_oneplus_oneplus3 ****
e4efd26 : op3: Remove obsolete Snap overlay <dianlujitao> 2 days ago
d205a34 : Revert "op3: Turn off blur until it's ready" <Zhao Wei Liew> 2 days ago
5c0fd47 : op3: Ensure persist.camera.HAL3.enabled is set properly <dianlujitao> 2 days ago
b478054 : op3: Switch back to camera HAL1 <dianlujitao> 2 days ago
 
**** cm:LineageOS/android_device_oppo_msm8974-common ****
2bee536 : Port from bacon: Add blob to decrypt full-disk encryption of /data. <J. Joe Feise> 9 weeks ago
 
**** vanir:device_qcom_common ****
d2c9da2 : Suboptimal way of fixing Pixie builds <DHOMD> 4 weeks ago
 
**** vanir:device_samsung_klte-common ****
7dff3c9 : klte-common: Fix HDR mode <Phillip Berndt> 5 months ago
5b37219 : klte-common: Re-enable blur <Kevin F. Haggerty> 2 days ago
 
**** vanir:device_samsung_kona-common ****
4a59403 : kona-common : move symlinks to post-fs-data <Roberto Gibellini> 27 hours ago
56b3734 : kona : update libsecril symlinks <Roberto Gibellini> 29 hours ago
 
**** cm:LineageOS/android_device_sony_nicki ****
1dce5c8 : nicki: board: Use BOARD_HAVE_QCOM_FM flag <Adrian DC> 5 days ago
 
**** vanir:device_xiaomi_armani ****
6adebc8 : armani: Set BOARD_HAVE_QCOM_FM flag <fefifofum> 4 days ago
 
**** vanir:frameworks_base ****
c4093ff : [2/3] Re-introduce custom charging on/off sounds <Sam Mortimer> 3 months ago
 
**** vanir:frameworks_opt_telephony ****
13267d3 : Telephony: Plmn name override <Penchala Prasad Mittadodla> 3 months ago
 
**** cm:LineageOS/android_hardware_qcom_display ****
d7f8861 : gralloc: allow forcing old pixel alignment <Sultan Qasim Khan> 1 year ago
ee2bb0e : Fix duplicate copy file rules <Dan Willemsen> 11 months ago
 
**** cmold:android_kernel_htc_msm8960 ****
155c98a : msm: camera: Avoid exposing kernel addresses <Azam Sadiq Pasha Kapatrala Syed> 11 months ago
6567b95 : sg_write()/bsg_write() is not fit to be called under KERNEL_DS <Al Viro> 5 weeks ago
8b863f2 : arm: fix handling of F_OFD_... in oabi_fcntl64() <Al Viro> 1 year, 1 month ago
5c60b08 : packet: fix race condition in packet_set_ring <Philip Pettersson> 7 weeks ago
 
**** vanir:kernel_lge_msm8974 ****
ddab294 : smb349: report current_max variable multiplied by 1000 <Ícaro Hoff> 5 months ago
2485843 : fbmem: Check failure of FBIOPUTCMAP ioctl <Pawan Kumar> 3 years, 3 months ago
9bbb9c0 : fbcmap: Remove unnecessary condition check <Ping Li> 1 year, 11 months ago
d8145d4 : drivers: video: Add bounds checking in fb_cmap_to_user <Steve Pfetsch> 3 months ago
31d8208 : BACKPORT: ion: fix a race condition in the ion driver <Eun Taik Lee> 6 weeks ago
 
**** cmold:android_kernel_motorola_msm8610 ****
d217c1d : qcrypto: protect potential integer overflow. <Neeraj Soni> 8 weeks ago
093410c : perf: don't leave group_entry on sibling list (use-after-free) <John Dias> 2 months ago
0f5ba5a : ALSA: info: Check for integer overflow in snd_info_entry_write() <Siqi Lin> 2 weeks ago
acbed27 : usb: gadget: f_mtp:Fix issue of NULL pointer access in mtp_read <ChandanaKishori Chiluveru> 1 year, 9 months ago
3488047 : arm: fix handling of F_OFD_... in oabi_fcntl64() <Al Viro> 1 year, 1 month ago
050086e : net: ping: check minimum size on ICMP header length <Kees Cook> 7 weeks ago
6531007 : cgroup: prefer %pK to %p <Nick Desaulniers> 4 months ago
a67b660 : ANDROID: trace: net: use %pK for kernel pointers <mukesh agrawal> 6 months ago
e97f3b0 : msm: crypto: Fix integer over flow check in qce driver <Zhen Kong> 3 months ago
 
**** cmold:android_kernel_motorola_msm8916 ****
dcfe703 : UPSTREAM: l2tp: fix racy SOCK_ZAPPED flag check in l2tp_ip{,6}_bind() <Guillaume Nault> 9 weeks ago
11175d3 : defconfig: Disable CORE_CTL_HELPER <desaishivam26> 10 days ago
9eadc87 : mnt: remount should propagate to slaves of slaves <Daniel Rosenberg> 2 weeks ago
 
**** cmold:android_kernel_oneplus_onyx ****
4001051 : onyx: cm->lineage <Umang Raghuvanshi> 8 days ago
 
**** cmold:android_kernel_oppo_msm8974 ****
e428eea : sg_write()/bsg_write() is not fit to be called under KERNEL_DS <Al Viro> 5 weeks ago
0a13c6d : netlink: Fix dump skb leak/double free <Herbert Xu> 8 months ago
4c8654a : ALSA: pcm : Call kill_fasync() in stream lock <Takashi Iwai> 9 months ago
8dd58ce : net: avoid signed overflows for SO_{SND|RCV}BUFFORCE <Eric Dumazet> 7 weeks ago
115d04a : net: cleanups in sock_setsockopt() <Eric Dumazet> 4 years, 9 months ago
7e3d00f : UPSTREAM: ring-buffer: Prevent overflow of size in ring_buffer_resize() <Steven Rostedt (Red Hat)> 8 months ago
9e503ad : splice: introduce FMODE_SPLICE_READ and FMODE_SPLICE_WRITE <Linus Torvalds> 2 weeks ago
 
**** cmold:android_kernel_sony_apq8064 ****
8e9db03 : BACKPORT: msm: sensor: validate the i2c table index before use <Suman Mukherjee> 4 months ago
4f90577 : packet: fix race condition in packet_set_ring <Philip Pettersson> 7 weeks ago
9cdfb3c : arm: fix handling of F_OFD_... in oabi_fcntl64() <Al Viro> 1 year, 1 month ago
e1169be : cgroup: refactor allow_attach function into common code <Rom Lemarchand> 2 years, 2 months ago
 
**** cmold:android_kernel_xiaomi_msm8956 ****
cc1d288 : Revert "Revert "ARM: dts: msm: update memory map for msm8976/8956/8952 for External release"" <Bharat Pawar> 5 months ago
665f34c : genirq: fix race condition in irq_affinity_notify <Srinivas Rao L> 9 weeks ago
e4ae29c : msm: cpp: Fix for integer overflow in cpp <Kumar Behera> 6 weeks ago
9cafbf7 : msm: kgsl: Do VBIF reset before GPU power collapse <Hareesh Gundu> 5 weeks ago
002a810 : staging/android/ion : fix a race condition in the ion driver <EunTaik Lee> 11 months ago
3aec175 : ice: fix security issue with validating error in pointer <Andrey Markovytch> 4 weeks ago
34f08de : UPSTREAM: KEYS: Fix crash when attempt to garbage collect an uninstantiated keyring <David Howells> 1 year, 3 months ago
8e82195 : KEYS: Fix race between key destruction and finding a keyring by name <David Howells> 1 year, 4 months ago
be8fe7f : msm: rndis_ipa: Remove rndis_ipa loopback functionality <Ghanim Fodi> 3 weeks ago
1a0bf95 : ASoC: soc: prevent risk of buffer overflow <Xiaojun Sang> 3 months ago
a9e7971 : ASoC: qdsp6v2: fix potential bug of infinite loop <Xiaojun Sang> 3 months ago
0f99ef8 : msm-camera: Addressing possible overflow conditions <VijayaKumar T M> 3 weeks ago
5d1fe9c : wil6210: Block write ioctl to the card by default <Hamad Kadmany> 5 weeks ago
530f3a0 : ASoC: msm-lsm-client: cleanup ioctl functions <Bhalchandra Gajare> 5 weeks ago
4052deb : msm: sps: add the checking of userspace input length <Yan He> 3 months ago
ae6485b : ASoC: soc: msm: initialize buffer to prevent kernel data leakage <Xiaojun Sang> 5 weeks ago
1e895f4 : ASoC: wcd9335: Fix out of bounds for mad input value <Karthikeyan Mani> 5 weeks ago
424c78e : ASoC: wcd9330: Fix out of bounds for mad input value <Karthikeyan Mani> 6 weeks ago
c9198de : ASoC: wcd9320: Fix out of bounds for mad input value <Karthikeyan Mani> 6 weeks ago
b4e3749 : msm: ipa: fix the potential heap overflow on wan-driver <Skylar Chang> 7 weeks ago
b781667 : drivers: soc: qcom: Add error handling in function avtimer_ioctl <Xiaoyu Ye> 6 weeks ago
6b7ecac : ASoC: msm: qdsp6v2: DAP: Add check to validate param length <Sharad Sangle> 6 weeks ago
12e2488 : msm-3.18: drivers : added validation of input/output buffer sizes <Brahmaji K> 6 weeks ago
d2aa222 : BACKPORT: Bluetooth: Fix potential NULL dereference in RFCOMM bind callback <Jaganath Kanakkassery> 1 year, 8 months ago
d6b66bb : perf: protect group_leader from races that cause ctx double-free <John Dias> 3 months ago
6c3d410 : qseecom: whitelist support for kernel client and listener <Zhen Kong> 5 months ago
50cd2bf : msm: crypto: set CLR_CNTXT bit for crypto operations <Zhen Kong> 2 months ago
7a8ee8c : net: ipc_router: Register services only on client port <Karthikeyan Ramasubramanian> 5 weeks ago
b8b4688 : ARM: dts: msm: Fix JPEG dts entries to 3.18 camera <Krupal Divvela> 3 weeks ago
ac123e9 : Revert "trace: Add an option to show tgids in trace output" <Srinivasarao P> 4 weeks ago
faa8430 : perf: protect group_leader from races that cause ctx double-free <John Dias> 3 months ago
ae34c54 : Revert "Revert "ARM: dts: msm: update memory map for msm8976/8956/8952 for External release"" <Bharat Pawar> 5 months ago
b261729 : qseecom: check buffer size when loading firmware images <Zhen Kong> 3 months ago
488b2d0 : perf: Fix event->ctx locking <Peter Zijlstra> 2 years ago
f21ae65 : binder: blacklist %p kptr_restrict <Nick Desaulniers> 4 months ago
6af814e : [PATCH] arm: fix handling of F_OFD_... in oabi_fcntl64() <Al Viro> 1 year, 1 month ago
dceee43 : defconfig: Enable config IP_NF_MATCH_RPFILTER <Bharat Pawar> 5 weeks ago
c681ca2 : perf: Fix event->ctx locking <Peter Zijlstra> 2 years ago
89e19b4 : qseecom: check buffer size when loading firmware images <Zhen Kong> 3 months ago
a266422 : qseecom: check error return value of ion_map_kernel <Zhen Kong> 3 months ago
bf9c19e : [PATCH] arm: fix handling of F_OFD_... in oabi_fcntl64() <Al Viro> 1 year, 1 month ago
c182ffa : soc: qcom: add support to append suffix to socinfo <Lingutla Chandrasekhar> 8 weeks ago
a46016a : soc: qcom: pil/ssr: fix issue with logs <Satya Durga Srinivasu Prabhala> 5 weeks ago
06c2feb : sched: core: Fix possible hotplug race in set_cpus_allowed_ptr <Vikram Mulukutla> 1 year, 1 month ago
6f6c4ce : binder: blacklist %p kptr_restrict <Nick Desaulniers> 4 months ago
9231ae3 : KEYS: potential uninitialized variable <Dan Carpenter> 7 months ago
833bf4f : mm: cma: fix incorrect type conversion for size during dma allocation. <Rohit Vaswani> 1 year, 3 months ago
7a3b081 : defconfig: Enable config IP_NF_MATCH_RPFILTER <Bharat Pawar> 5 weeks ago
3feacd5 : qcrypto: protect potential integer overflow. <Neeraj Soni> 8 weeks ago
f0b31d0 : usb: Avoid exposing kernel addresses <Ravi Kumar Siddojigari> 9 weeks ago
 
**** vanir:platform_manifest ****
cbcde2d : Switch to our chromium-webview fork <Luca Stefani> 3 weeks ago
 
**** vanir:packages_apps_CMParts ****
421d7d3 : Update contributors cloud db <Jorge Ruesga> 3 weeks ago
 
**** vanir:packages_apps_Settings ****
2b744b7 : [3/3] Settings: Add CMParts charging sound settings preference <Sam Mortimer> 3 months ago
 
**** commotio:commotio ****
20b501e : Do not use hardcodes symlinks, so others can build <DHOMD> 31 hours ago
49a4230 : 127  bump <DHOMD> 32 hours ago
 
**** github:TheMuppets/proprietary_vendor_google ****
400e987 : marlin: add libtime_genoff for qc time services <Dan Pasanen> 2 days ago
 
**** vanir:vendor_htc ****
cc60e0a : pme: update blobs from 2.41.401.3 8.0_g <Altaf-Mahdi> 4 days ago
 
**** vanir:vendor_lge ****
8d6c535 : hammerhead: remove gps blobs that are compiled from source <razorloves> 3 days ago
d4e6ac5 : hammerhead: update widevine firmware blobs <razorloves> 2 days ago
 
**** vanir:vendor_motorola ****
e0cef65 : msm8916-common: Properly include prebuilt libril <Alberto97> 12 days ago
da58e25 : msm8916-common: Add IMS blobs <Alberto97> 12 days ago
d40d37d : msm8916-common: Remove no more used blobs <Alberto97> 12 days ago
 
