
**** vanir:art ****
e5c6b04 : Art: disable host clang by default <Dave Daynard> 7 weeks ago
 
**** vanir:build ****
ba4ab8e : Hacks <DHOMD> 4 months ago
be202af : qcom: Select Sony display/media variants for Sony devices <Adam Farden> 7 days ago
 
**** vanir:device_htc_msm8960-common ****
4767b5c : msm8960-common: libril: Fix memory leaks and use of uninitialized pointers. <Pavel Zhamaitsiak> 5 months ago
 
**** vanir:device_huawei_angler ****
5bf1a20 : angler: Awwwww SNAP <nuclearmistake> 9 hours ago
 
**** vanir:device_lge_hammerhead ****
7be3430 : hammerhead: Update build fingerprint and description to MMB29S <myfluxi> 3 days ago
 
**** vanir:device_moto_shamu ****
e1361b5 : shamu: sepolicy: Allow atfwd to set ctl_default_prop <dhacker29> 20 hours ago
aa88683 : proprietary-files: Fix typo <dhacker29> 21 hours ago
69150e2 : shamu: Update fingerprint to mmb29s <dhacker29> 21 hours ago
 
**** vanir:device_motorola_msm8226-common ****
598fdc8 : msm8226-common: Remove unneeded (and incorrect) overlay <Gabriele M> 34 hours ago
 
**** vanir:device_motorola_omap4-common ****
33503da : gps/wrapper: check correct variable <Michael Gernoth> 8 hours ago
60a133d : fstab: fix usb-storage <Michael Gernoth> 16 hours ago
4c3a4ed : power: correctly dereference duration <Michael Gernoth> 30 hours ago
4b81fbf : omap4-common: don't set persist.sys.root_access <Michael Gernoth> 30 hours ago
4ad6e0e : omap4-common: don't use busybox <Michael Gernoth> 2 days ago
 
**** vanir:device_oneplus_bacon ****
bc05087 : bacon: Add dataservices directory locally <Ethan Chen> 4 days ago
feeb137 : bacon: camera: Fix reported field of view <Jim Wilson> 2 days ago
 
**** vanir:device_qcom_common ****
9200c08 : power-8960: Remove set_interactive handling <Zhao Wei Liew> 4 days ago
5c87d2b : power-8960: Implement performance profiles <Zhao Wei Liew> 8 weeks ago
 
**** cm:CyanogenMod/android_device_samsung_d2-common ****
bc09fae : ril: Fix data after reboot <Michael Gernoth> 2 days ago
 
**** vanir:device_samsung_jf-common ****
6d5cba8 : jf: Clean up init <Zhao Wei Liew> 4 days ago
 
**** vanir:device_samsung_manta ****
66b2f90 : manta: Add f2fs support for data and cache <Scott Warner> 2 days ago
 
**** vanir:device_samsung_t0lte ****
3e23fe1 : Update fingerprint <rogersb11> 2 days ago
 
**** github:Team-Agni/vanir_cancro ****
7efeb18 : Possibly fix cancro : returns <mr-tweaker> 2 days ago
f40a94d : Remove unneeded sepolicy crap <mr-tweaker> 7 days ago
6f6d4c0 : Merge https://github.com/audahadi/android_device_xiaomi_cancro into m6 <mr-tweaker> 10 days ago
db4bd37 : Merge https://github.com/audahadi/android_device_xiaomi_cancro into m6 <mr-tweaker> 2 weeks ago
109f043 : Merge https://github.com/audahadi/android_device_xiaomi_cancro into m6 <mr-tweaker> 3 weeks ago
7aa5f25 : update chargeonlymode for offline charging <Apr20th> 3 weeks ago
0384325 : Revert "switch to healthd" <Apr20th> 3 weeks ago
dd6efa3 : overlay : remove config for vibration <audahadi> 3 weeks ago
ed4affc : init: set permissions for dynamic FPS <audahadi> 3 weeks ago
f18026a : strip out proprietary thermal engine and enable in kernel solution <MrBaNkS> 3 weeks ago
31b14f8 : cancro: fix slow charge <huangqiwu> 3 weeks ago
9733be4 : Merge https://github.com/audahadi/android_device_xiaomi_cancro into m6 <mr-tweaker> 3 weeks ago
18ab864 : switch to healthd <MrBaNkS> 3 weeks ago
56078fb : add support for f2fs file system <audahadi> 3 weeks ago
d1672d5 : overlay : enable multiple notification leds <audahadi> 3 weeks ago
e40e792 : cancro: Enable proximity check before pulse intent <myfluxi> 6 weeks ago
d630835 : Revert "releasetools: run resize2fs" <audahadi> 3 weeks ago
1853be9 : Merge the remote tracking branch into m6 <mr-tweaker> 3 weeks ago
9006425 : Fix FM <MrBaNkS> 3 weeks ago
de2b478 : use custom audio policy <MrBaNkS> 3 weeks ago
242e047 : add back TARGET_UNIFIED_DEVICE, we build for 2 <audahadi> 3 weeks ago
40e250b : cancro: camerawrapper: fix hdr behaivour <jrizzoli> 10 weeks ago
d42e474 : releasetools: run resize2fs resize system part to allow users with 1.3gb system to enjoy their partitions <jrizzoli> 3 weeks ago
d21cebf : add back camera wrapper add libwcnss_qmi to fix MAC address (kang from armani) <audahadi> 3 weeks ago
7805454 : Create full_cancro.mk <mr-tweaker> 3 weeks ago
98ce5bb : camera proprietary update, remove uneeded libs for cam (from cancro-userdebug 6.0 MRA58K 5.12.1 test-keys) <audahadi> 4 weeks ago
38d422e : build live wallpaper package and extra tool from "cm/vendor" <audahadi> 4 weeks ago
06369c6 : set bluetooth name to cancro <audahadi> 5 weeks ago
af10035 : overlay : bring back doze, set radio access family, add back volume rocker <audahadi> 5 weeks ago
7b89a2c : update inline with caf camera : partially work kernel : change to GCC 4.9 androideabi <audahadi> 5 weeks ago
a4177a1 : properly load interposition lib <audahadi> 6 weeks ago
d711ae5 : remove kernel headers <audahadi> 6 weeks ago
970756a : Revert "update sepolicy" <audahadi> 6 weeks ago
3e2f818 : update sepolicy <MrBaNkS> 7 weeks ago
1216c7c : build fm radio <audahadi> 7 weeks ago
855be23 : Build libcnefeatureconfig from source <audahadi> 7 weeks ago
bf46521 : switch to BFQ after boot complete <audahadi> 7 weeks ago
d95b3cf : build camera.msm8974, MIA from previous patch <audahadi> 7 weeks ago
d2c44d4 : Provide cancro camera symbols via libcancro Based on the work for the Nexus 10 (manta): http://dmitry.gr/index.php?r=06.%20Thoughts&proj=03.%20Android%20M%20on%20Nexus10 *direct kang https://github.com/CyanogenMod/android_device_motorola_victara/commit/cd6d504108f1ae7061ed2649e6932a2a55beb815 <audahadi> 7 weeks ago
9c78a33 : fix dependencies, sepolicy : remove device.te <audahadi> 7 weeks ago
b291f0a : init : create socket for netmgr <audahadi> 7 weeks ago
64bd0d2 : Remove gralloc hack <audahadi> 7 weeks ago
723995f : Update QTI telephony extension <audahadi> 7 weeks ago
f9af1df : Update sec_config, Add dataservices <audahadi> 7 weeks ago
1eabbdb : sepolicy update <audahadi> 7 weeks ago
f537ac2 : add lowi.conf <audahadi> 8 weeks ago
da24102 : Revert "selinux : enforcing" <audahadi> 8 weeks ago
03c5692 : Revert "Use open source thermanager" <audahadi> 8 weeks ago
42fbb34 : build liblight from source <audahadi> 8 weeks ago
375aeb7 : enable doze power saving mode <audahadi> 8 weeks ago
 
**** cm:CyanogenMod/android_external_busybox ****
e8a69e2 : Add statically linked, minimal variation of busybox <Dave Hylands> 4 months ago
 
**** cm:CyanogenMod/android_external_p7zip ****
5553c3f : Revert "p7zip: Add lib7z as a dependency so it gets built" <Khalid Zubair> 2 days ago
 
**** cm:CyanogenMod/android_external_stagefright-plugins ****
7ba6a02 : stagefright-plugins: Fix certain HEVC file cannot playback <Keith Mok> 2 days ago
 
**** vanir:frameworks_av ****
02645bf : stagefright: Fix crash on mediaserver <Keith Mok> 2 days ago
c20f758 : audiopolicy: Handle legacy startOutput on output command thread too <Xuefer> 11 days ago
 
**** vanir:frameworks_base ****
80922ca : fw: Remove duplicated locales. <Adnan Begovic> 4 hours ago
d4bc5b6 : SystemUI: fix navbar drawing issues in landscape <Roman Birg> 3 days ago
573109e : SysUI: Use mContext to get colors <d34d> 25 hours ago
f0f1273 : SystemUI: Add missing close parenthesis <Brint E. Kriebel> 25 hours ago
13a44f7 : SystemUI: Expose Add Tiles DetailedView Title and Icon Color <Nicholas Chum> 3 days ago
b8d357d : fix setting new encryption password <Roman Birg> 2 days ago
 
**** vanir:frameworks_native ****
fd95bb1 : Revert "gui: only support tertiary display if QTI_BSP is defined" <Abhisek Devkota> 22 hours ago
 
**** vanir:frameworks_opt_telephony ****
c5f1a18 : Revert "telephony: Also override nw mode on creation of phone objects." <Ethan Chen> 8 hours ago
a2c4d49 : telephony: Also override nw mode on creation of phone objects. <Adnan Begovic> 29 hours ago
 
**** vanir:hardware_libhardware ****
2a6aac5 : Revert "libhardware: Only support tertiary display in QTI_BSP is defined" <Abhisek Devkota> 22 hours ago
 
**** cm:CyanogenMod/android_hardware_qcom_audio ****
afc9cb7 : Check if hardware_info has been updated or not. <Benjamin Legrand> 2 days ago
 
**** cm:CyanogenMod/android_hardware_qcom_audio ****
b73a764 : audio: Extend platform parser to allow device name aliasing <Ethan Chen> 1 year, 4 months ago
64387ed : hal: Fix voice call recording <solk2> 1 year, 4 months ago
91c7d6b : hal: Fix digital USB headset combo device <Steve Kondik> 1 year, 4 months ago
be6fdfc : hal: Clean up compilation warnings <Steve Kondik> 1 year, 1 month ago
13ba1b4 : hal: Add support for audio amplifier HAL <Ethan Chen> 2 years, 8 months ago
381b7a0 : audio: Configure CM default feature set <Steve Kondik> 1 year, 1 month ago
b25084a : hal: Allow building hardware audio encoders <Arne Coucheron> 12 months ago
f48de3d : audio: Use project pathmap <Ethan Chen> 2 weeks ago
1362fc7 : audio: Only allow non-legacy HAL <Ethan Chen> 2 weeks ago
d7eaf2b : HAL: Identify Track offload session <Alexy Joseph> 8 weeks ago
12467a1 : hal: Use AUDIO_TX_MONO_COPP topology for incall record usecases <Karthik Reddy Katta> 8 weeks ago
9c4ba54 : hal: Add support for LINE out device <Naresh Tanniru> 9 weeks ago
c652895 : hal: policy: fallback to deep buffer if stream is music <vivek mehta> 3 months ago
837dc46 : hal: Limit multichannel clips >48khz to 48Khz <Manish Dewangan> 8 months ago
cbe2b4f : hal: fix compilation issues with audio FM extention <Dhananjay Kumar> 2 months ago
882890f : hal: expose offload functions only for offload playback <Mingming Yin> 3 months ago
b726e84 : policy_hal: add support for fm device loopback <Dhananjay Kumar> 3 months ago
b76ed86 : audio: Updated correct end point for Dolby <Pavan Chikkala> 4 months ago
41da25b : haL: audio_extn: fix pop noise when FM is interrupted by voice call <Dhananjay Kumar> 3 months ago
be61ed0 : hal: update in_call state to false when call stopped <Zhou Song> 4 months ago
9a93aa3 : audio_policy: modify few methods to appropriately override base <Dhananjay Kumar> 3 months ago
f490be5 : hal: use a new key to query the DSP decoder availability <Sidipotu Ashok> 3 months ago
265dde9 : hal: spk_prot: update initial calibration idle time check <Laxminath Kasam> 5 months ago
0ab589f : policy_hal: Fix pop noise when MO call is started, while playing music <Venkata Narendra Kumar Gutta> 3 months ago
9df066f : policy-hal: Fix for alarm tone heard even after dismissing. <Ramjee Singh> 3 months ago
661541d : policy_hal: Add Direct PCM flags for track offload <Naresh Tanniru> 3 months ago
06f9943 : policy_hal: hal: add support to enable Direct PCM <Naresh Tanniru> 5 months ago
14c57d8 : hal: update error handling for pcm_prepare failures <Ravi Kumar Alamanda> 3 months ago
a5d9faa : policy_hal: Reject offload path for AV streaming usecase <Manish Dewangan> 3 months ago
27fb405 : policy_hal: Override stopOutput method in policy_hal <Ramjee Singh> 4 months ago
515f5d4 : hal: audio_hw: Allow 50ms sleep if audio start fails before exit <Laxminath Kasam> 4 months ago
bfeca7f : audiopolicy: Fix to close all opened inputs in closeAllInputs <Dhanalakshmi Siddani> 3 months ago
d53b669 : audio HAL: fix thread starvation <Shiv Maliyappanahalli> 3 months ago
cc70d4b : hal: check offload_callback not NULL before calling <vivek mehta> 4 months ago
b859f54 : hal: effect: visualizer: support two offload sessions <vivek mehta> 4 months ago
706d4d4 : hal: limit 44.1 Native to tasha codecs <Sidipotu Ashok> 4 months ago
061306f : hal: limit 44.1 Native to tasha codecs <Sidipotu Ashok> 4 months ago
bc739cb : audio: hal: Add support to send codec specific data in gapless <Chaithanya Krishna Bacharaju> 6 months ago
31a9735 : hal: audio_extn: detect wsa analog mono speaker on 8976 QRD <Xiaojun Sang> 4 months ago
1b50290 : hal: add a new key to query for decoder viability <Sidipotu Ashok> 4 months ago
4a08014 : hal: integrate ADM module <Naresh Tanniru> 7 months ago
3a7dbe7 : hal: add support for ull audio playback <Naresh Tanniru> 7 months ago
fab7597 : audio_policy: Add extra check before restoring device in stopOutput <Zhou Song> 4 months ago
54177c4 : audiopolicy: Do not close SoundTrigger input in CloseAllInputs <Chaithanya Krishna Bacharaju> 4 months ago
189b1b1 : hal: set output bitwidth to 24 bit for 32 bit data. <Preetam Singh Ranawat> 4 months ago
22b3398 : policy-hal: fix glitch in playback while applying setForceUse <Dhananjay Kumar> 4 months ago
9533335 : hal: Add codec EC reference support <Apoorv Raghuvanshi> 6 months ago
50650f4 : hal: Add codec EC reference support <Apoorv Raghuvanshi> 6 months ago
82b16a4 : hal: fix querying MAD calibration <Chaithanya Krishna Bacharaju> 4 months ago
1e4061e : post_proc: Audiosphere SA+ concurrency implementation <Dhananjay Kumar> 4 months ago
 
**** cm:CyanogenMod/android_hardware_qcom_audio ****
0a4706f : HAL: Identify the track offload session <Sharad Sangle> 4 weeks ago
7a4e7a5 : hal: spkr_prot: release adev lock during sleep <Vidyakumar Athota> 4 weeks ago
b1880e1 : hal: spk_prot: remove speaker thermal zone name check <Vidyakumar Athota> 5 weeks ago
db9bc84 : hal: fix resource leak issues in platform.c <Mingming Yin> 5 weeks ago
0ae3bee : libaudiopolicymanager: DirectPCM: fix 44.1 clip playing noisy issue <vivek mehta> 6 weeks ago
3a2c6b3 : hal: Surround sound record enhancement <Naresh Tanniru> 3 months ago
0e1e23e : hal: Use AUDIO_TX_MONO_COPP topology for incall record usecases <Karthik Reddy Katta> 8 weeks ago
a5ed27f : audio: update flags for selection of VoIP direct output <Karthik Reddy Katta> 6 weeks ago
768abda : hal: Update format table with AAC ADTS formats. <Ashish Jain> 7 weeks ago
06e6fbb : hal: add audio notification acknowledge feature <Mingming Yin> 2 months ago
9519e9c : hal: add support for external codec <Preetam Singh Ranawat> 7 weeks ago
8a29093 : hal: Fix condition for offload small buffer use <Amit Shekhar> 7 weeks ago
db05783 : Merge DAX2 changes <Gao Jie> 8 weeks ago
515e71e : hal: get wsa881x temperature zone names using key value pair <Venkata Narendra Kumar Gutta> 8 weeks ago
62142aa : HAL: Identify Track offload session <Alexy Joseph> 8 weeks ago
7051648 : hal: Add support for 3-mic surround sound recording <Shiv Maliyappanahalli> 6 months ago
6211dd0 : post_proc: complete reverb environmental interfaces <Weiyin Jiang> 9 weeks ago
9c4ba54 : hal: Add support for LINE out device <Naresh Tanniru> 9 weeks ago
a1e3235 : hal: update apptype configuration logic for recording usecase <Srikanth Uyyala> 3 months ago
c652895 : hal: policy: fallback to deep buffer if stream is music <vivek mehta> 3 months ago
837dc46 : hal: Limit multichannel clips >48khz to 48Khz <Manish Dewangan> 8 months ago
4b0d819 : hal: policy: fallback to deep buffer if stream is music <vivek mehta> 3 months ago
cbe2b4f : hal: fix compilation issues with audio FM extention <Dhananjay Kumar> 2 months ago
882890f : hal: expose offload functions only for offload playback <Mingming Yin> 3 months ago
b726e84 : policy_hal: add support for fm device loopback <Dhananjay Kumar> 3 months ago
b76ed86 : audio: Updated correct end point for Dolby <Pavan Chikkala> 4 months ago
41da25b : haL: audio_extn: fix pop noise when FM is interrupted by voice call <Dhananjay Kumar> 3 months ago
be61ed0 : hal: update in_call state to false when call stopped <Zhou Song> 4 months ago
9a93aa3 : audio_policy: modify few methods to appropriately override base <Dhananjay Kumar> 3 months ago
f490be5 : hal: use a new key to query the DSP decoder availability <Sidipotu Ashok> 3 months ago
265dde9 : hal: spk_prot: update initial calibration idle time check <Laxminath Kasam> 5 months ago
0ab589f : policy_hal: Fix pop noise when MO call is started, while playing music <Venkata Narendra Kumar Gutta> 3 months ago
9df066f : policy-hal: Fix for alarm tone heard even after dismissing. <Ramjee Singh> 3 months ago
661541d : policy_hal: Add Direct PCM flags for track offload <Naresh Tanniru> 3 months ago
06f9943 : policy_hal: hal: add support to enable Direct PCM <Naresh Tanniru> 5 months ago
14c57d8 : hal: update error handling for pcm_prepare failures <Ravi Kumar Alamanda> 3 months ago
a5d9faa : policy_hal: Reject offload path for AV streaming usecase <Manish Dewangan> 3 months ago
27fb405 : policy_hal: Override stopOutput method in policy_hal <Ramjee Singh> 4 months ago
515f5d4 : hal: audio_hw: Allow 50ms sleep if audio start fails before exit <Laxminath Kasam> 4 months ago
bfeca7f : audiopolicy: Fix to close all opened inputs in closeAllInputs <Dhanalakshmi Siddani> 3 months ago
d53b669 : audio HAL: fix thread starvation <Shiv Maliyappanahalli> 3 months ago
cc70d4b : hal: check offload_callback not NULL before calling <vivek mehta> 4 months ago
b859f54 : hal: effect: visualizer: support two offload sessions <vivek mehta> 4 months ago
706d4d4 : hal: limit 44.1 Native to tasha codecs <Sidipotu Ashok> 4 months ago
061306f : hal: limit 44.1 Native to tasha codecs <Sidipotu Ashok> 4 months ago
bc739cb : audio: hal: Add support to send codec specific data in gapless <Chaithanya Krishna Bacharaju> 6 months ago
31a9735 : hal: audio_extn: detect wsa analog mono speaker on 8976 QRD <Xiaojun Sang> 4 months ago
1b50290 : hal: add a new key to query for decoder viability <Sidipotu Ashok> 4 months ago
4a08014 : hal: integrate ADM module <Naresh Tanniru> 7 months ago
3a7dbe7 : hal: add support for ull audio playback <Naresh Tanniru> 7 months ago
 
**** cm:CyanogenMod/android_hardware_qcom_display ****
cc1ec84 : hwc: Set ioprio for vsync thread <Steve Kondik> 4 months ago
7516867 : Don't build lights module if vendor supplies it <Steve Kondik> 1 year, 2 months ago
730d245 : Revert "hqd: Use MSM_VIDC_TARGET_LIST for Venus color format" <Ethan Chen> 2 weeks ago
bc1215a : display: Use project pathmap <Ethan Chen> 1 year, 2 months ago
c324d73 : hwc: Set DefaultMode after bootup completion <Ramakant Singh> 5 weeks ago
8a6e7c9 : gralloc: Add a private flag for INTERNAL only <Arun Kumar K.R> 4 months ago
394c830 : hwc: Donot update dynamic-fps when device is not active <Ramakant Singh> 3 months ago
8f21571 : hwc: Do not wait for MDSS fence for layers with rotation <Dileep Kumar Reddi> 3 months ago
d2c5ca0 : hwc: Start with ROI set to destination <Arun Kumar K.R> 3 months ago
9ef4d8c : hwc: Set minfps as part of timeout_handler during idlefallback <Ramakant Singh> 3 months ago
0d616ba : Revert "hwc: Relax format change restrictions for certain targets" <Dileep Kumar Reddi> 3 months ago
213ead5 : Default flexible YUV format to NV21 <Tanmaya Godbole> 5 months ago
ed75fdb : hwc: Reset refresh-rate for few cases as part of timeout handler <Dileep Kumar Reddi> 3 months ago
56ed396 : gralloc: Add support for PRIV_FLAGS_DISP_CONSUMER <Surajit Podder> 7 months ago
a2d5295 : hwc: Support ActionSafe on targets with non-scaling RGB pipes. <Sandeep Panda> 4 months ago
248378d : gralloc: Use adreno_utils api for NV21 and NV12 alignment <Sushil Chauhan> 4 months ago
037d21d : hwc: Use basePipe for fullscreen and opaque layer <Pullakavi Srinivas> 4 months ago
77ec4ef : gralloc: Modify check for uncompressed RGB buffers <Naomi Luis> 4 months ago
449fbe0 : hwc: Use aligned width and height <Dileep Kumar Reddi> 4 months ago
02dbc50 : Revert "HWC: use aligned width and height for rearranging ROI" <Dileep Kumar Reddi> 4 months ago
cd7217a : hwc: Support ActionSafe on targets with non-scaling RGB pipes. <Sandeep Panda> 4 months ago
eed742d : overlay: add tertiary display definition in overlay <Vinu Deokaran> 4 months ago
a029479 : hwc: Validate display ID in hwc interface <Arun Kumar K.R> 4 months ago
09441c1 : gralloc: Add missing changes related to RAW16 <Raj Kamal> 5 months ago
7ea10c5 : hwc: Use basePipe for fullscreen and opaque layer <Pullakavi Srinivas> 4 months ago
c039f6e : hwc: Use aligned width and height <Dileep Kumar Reddi> 4 months ago
60cbe72 : Revert "HWC: use aligned width and height for rearranging ROI" <Dileep Kumar Reddi> 4 months ago
2e918bf : hwc: Avoid idlefallback during video playback <Raj Kamal> 5 months ago
fbe5a60 : HWC: use aligned width and height for rearranging ROI <Dileep Kumar Reddi> 5 months ago
597b313 : hwc: Featurize HWC_DISPLAY_SECURE <Raj Kamal> 5 months ago
eb4d7a6 : hwc: Use HWC_DISPLAY_NO_ATTRIBUTE as terminator. <Prabhanjan Kandula> 5 months ago
410ba7c : hwc : Normalize source crop before validating scaling limits. <Prabhanjan Kandula> 5 months ago
95fef31 : hwc: Relax format change restrictions for certain targets <Dileep Kumar Reddi> 5 months ago
42a1c98 : hwc: Changes for display-hal compilation with QTI_BSP enabled <Ramakant Singh> 5 months ago
c772eec : hwc: Do not use Borderfill pipe for composition in WFD <Dileep Kumar Reddi> 5 months ago
e5268fd : hwc/overlay: Pass handle w/h and crop w/h through fb_image field <Arun Kumar K.R> 6 months ago
5d39f02 : hwc: Log warning instead of mHDMIClient object not available <Dileep Kumar Reddi> 5 months ago
55b3489 : hwc: Ignore float-conversion for included headers <Naseer Ahmed> 5 months ago
82fe9c6 : hwc: Do not consider rotation for smart blit <Ramakant Singh> 6 months ago
dd689ff : hwc: Do not create idle invalidator for MDP3 targets <Dileep Kumar Reddi> 5 months ago
c58836b : hwc: Align ROI's width and height in both directions <Dileep Kumar Reddi> 5 months ago
19f2250 : hwc: Fix SF crash due to SIGSEGV error <Raj Kamal> 6 months ago
598dc49 : hwc: use surfaceDamage to calculate the dirtyrect as per HWC 1.5 <Arun Kumar K.R> 6 months ago
26959dc : hwc: Fix SF crash due to SIGSEGV error <Raj Kamal> 6 months ago
5bdafcd : hwc: Do not consider invalid dirty rect for calculation <Ramakant Singh> 6 months ago
58f6540 : hwc: Align ROI when PingPong Split is enabled <Dileep Kumar Reddi> 6 months ago
ea846c8 : hwc: bringup HDMI on 8976 <Dileep Kumar Reddi> 6 months ago
4aaadc8 : hwc: Avoid updating refresh-rate if already done <Raj Kamal> 6 months ago
acca80f : hwc: Don't clear screen, when getting only commit. <Ramakant Singh> 6 months ago
d0f7478 : gralloc: Add support for PRIV_FLAGS_DISP_CONSUMER <Surajit Podder> 7 months ago
 
**** cm:CyanogenMod/android_hardware_qcom_display ****
99aa8ca : sdm: Fix uninitialized HWLayers object <Saurabh Shah> 5 weeks ago
572b2bf : sdm: Do not copy surfaceDamage rects for SKIP layers <Sushil Chauhan> 6 weeks ago
074314d : gralloc: Add support for PRIV_FLAGS_DISP_CONSUMER <Surajit Podder> 7 months ago
8f8f6c7 : sdm : Add support for dynamic BW limit management <Prabhanjan Kandula> 3 months ago
83a945b : libqdutils: Refer to standard definitions for display types. <Dileep Marchya> 8 weeks ago
f29ff14 : sdm: Fix buffer overflow <Manoj Kumar AVM> 8 weeks ago
99ef378 : sdm: HWDevice: Set correct HWDisplayMode <Arun Kumar K.R> 9 weeks ago
ddca4e7 : sdm: Remove unused function in rect utility <Manoj Kumar AVM> 9 weeks ago
8d22bad : sdm: Fix memory leaks. <Dileep Marchya> 8 weeks ago
1c3f9a3 : hwc: Handle SBM operation set for all layers <Saurabh Shah> 9 weeks ago
b8067a4 : qdMetadata: Use uint32_t instead of bool <Saurabh Shah> 9 weeks ago
a0db84b : sdm: hdmi: Set the default grayscale value to RGB888 <Tatenda Chipeperekwa> 3 months ago
e94e78c : sdm: Add bandwidth and clock members <Sushil Chauhan> 5 months ago
959863b : sdm: Update HWPanelInfo during primary resolution switch <Sushil Chauhan> 9 weeks ago
b8ecfbf : display: Enable clang for all display modules <Naseer Ahmed> 10 weeks ago
63e8c95 : sdm: Source crop top needs adjustment for interlaced <Sushil Chauhan> 2 months ago
f1c8357 : sdm: Remove closing of fd during Sync operations <Manoj Kumar AVM> 2 months ago
44e2be1 : sdm: Do not process blit configuration for zero app layers. <Dileep Marchya> 2 months ago
61ef29b : sdm: Add support for single buffer layers <Saurabh Shah> 3 months ago
a816961 : sdm: Use FB resolution for virtual display <radhakrishna> 3 months ago
a0394ad : qdMetaData: Remove unused metadata fields. <Arun Kumar K.R> 2 months ago
50ff0bb : sdm: Panel name retrieval support <Dileep Marchya> 3 months ago
95f8368 : gralloc/metadata: Add support for single buffer mode <Saurabh Shah> 3 months ago
d7131e6 : sdm: Add support for UBWC in C2D <radhakrishna> 3 months ago
67c1f90 : sdm: Allow draw cycle in doze state. <Dileep Marchya> 2 months ago
5fb6d40 : sdm: Perform GPU target layer validation. <Manoj Kumar AVM> 3 months ago
226646c : sdm: Populate correct WB index for virtual <radhakrishna> 3 months ago
3edaf83 : sdm: Read rotator capabilities from driver <radhakrishna> 3 months ago
492ab99 : sdm: Fix ROI and Split info in SF dumpsys <Sushil Chauhan> 3 months ago
a9fb396 : sdm: Remove buffer format validation from hwc wrapper. <Ramkumar Radhakrishnan> 3 months ago
76750f2 : sdm: Add support for YCbCr420 Semiplanar format <Ramkumar Radhakrishnan> 3 months ago
bddb952 : gralloc: Use only metadata for color space <Saurabh Shah> 3 months ago
4a31ec4 : sdm: Make premultiplied as default blending <Saurabh Shah> 3 months ago
e1f01dd : sdm: Flush after first successful commit only. <Dileep Marchya> 3 months ago
1a7e1f1 : sdm: Add support for IGC. <Dileep Marchya> 4 months ago
9b99074 : sdm: Fix memory leaks. <Dileep Marchya> 3 months ago
ec8fe35 : sdm: Fix HDMI & virtual display concurrency. <Dileep Marchya> 3 months ago
d433464 : sdm: Add interface to consider rotator during scaling validation. <Ramkumar Radhakrishnan> 3 months ago
a5b764f : sdm: Add support for minimum encryption level settings for HDCP. <Dileep Marchya> 3 months ago
55fe304 : sdm: Add SPD information for HDMI <Arun Kumar K.R> 3 months ago
06078aa : sdm: Acquire lock during hwcomposer module open and close <Ramkumar Radhakrishnan> 3 months ago
d169be9 : sdm: properly close all the fence Fds <Ping Li> 3 months ago
87ec8c3 : sdm: Change minHdcpEncryptionLevelChanged api to extern "C" <Dileep Marchya> 3 months ago
b2c2189 : sdm: Update layer buffer dimensions with aligned dimensions <Manoj Kumar AVM> 4 months ago
 
**** cm:CyanogenMod/android_hardware_qcom_fm ****
8c0da85 : libfm_jni: Add support for internal antenna hardware <AdrianDC> 3 days ago
 
**** cm:CyanogenMod/android_hardware_qcom_media ****
62f611d : Fix duplicated OMX.qcom.audio.decoder.aac entry <Keith Mok> 5 weeks ago
69d6d4b : media: Avoid collision with FFMPEG plugin <Steve Kondik> 2 weeks ago
610c356 : media: Use project pathmap <Ethan Chen> 2 weeks ago
dc1b1d4 : mm-video-v4l2: Unmap dropped output buffers <Surajit Podder> 4 weeks ago
78521c5 : Include kernel header dependency for libOmxVidcCommon <Divya Sharma> 7 weeks ago
f9c92f0 : mm-video-v4l2: vidc: venc: Fix hybrid HP layer count <Abdulla Anam> 3 months ago
a5dce41 : mm-video-v4l2: Enable get_param to check downscalar enablement <Surajit Podder> 9 weeks ago
e7743ae : mm-video-v4l2: venc: Add support to enhance hybrid Hier-p mode <Abdulla Anam> 2 months ago
75bc6a6 : mm-video-v4l2: vdec:  release buffer when qbuf to driver fails <Manikanta Kanamarlapudi> 3 months ago
cfeaf87 : mm-video-v4l2: Use client buffer header for FTB <Surajit Podder> 3 months ago
b6c736d : mm-video-v4l2: Disable intra refresh mode on msm8956/76 <Maheshwar Ajja> 3 months ago
a54c5d4 : mm-video-v4l2: vdec: fix fps issues in arbitrary mode <Ashray Kulkarni> 4 months ago
826ba8c : QCMetadata: add a new key for big buffers <Sidipotu Ashok> 3 months ago
ef3143a : QCMetadata: Add key for setBuffers API support <Manikanta Kanamarlapudi> 7 months ago
f178e8b : mm-video-v4l2: venc: support all I frame encoding usecase. <Abdulla Anam> 3 months ago
bcf4fa3 : libstagefrighthw: Add header guard to QComOMXMetadata.h and fix file perms <Deva Ramasubramanian> 4 months ago
e2d287f : mm-video-v4l2: vdec: streamoff while freeing first output buffer <Balamurugan Alagarsamy> 1 year, 1 month ago
f0fc3d0 : mm-video: Disable downscalar for non-display usecase <Surajit Podder> 7 months ago
0997c8a : mm-video: Enable HEVC software encoder OMX component. <Manikanta Sivapala> 4 months ago
8bb96de : mm-video_v4l2: pass crop nWidth and nHeight in reconfig event. <Abdulla Anam> 4 months ago
afb1469 : mm-video-v4l2: Fix downscalar issue <Surajit Podder> 4 months ago
269f6cd : mm-video-v4l2: Fix crash due to divide by zero <Surajit Podder> 4 months ago
c14558c : mm-video-v4l2: venc: initialize the member variables <Maheshwar Ajja> 4 months ago
99c2455 : mm-video-v4l2: vdec: Fix closing of file descriptor "0" <Deepak Kushwah> 4 months ago
b4d0e38 : mm-video-v4l2: venc: limit pixels value in input buffers. <Abdulla Anam> 4 months ago
1202ebd : mm-video_v4l2: pass crop nWidth and nHeight in reconfig event. <Abdulla Anam> 4 months ago
1fc82f0 : mm-video: Disable downscalar for non-display usecase <Surajit Podder> 7 months ago
6ecc67f : mm-core: update vpp related structures and enums. <Abdulla Anam> 4 months ago
56c0a51 : mm-video-v4l2: vidc: venc: fix CTS issues in vp8 encoder <Maheshwar Ajja> 4 months ago
1fe6770 : mm-core: update vpp related structures and enums. <Abdulla Anam> 4 months ago
a9c2410 : mm-video: Set correct color format to driver <Surajit Podder> 5 months ago
f2fa16b : mm-video-v4l2: vidc: venc: enable low latency mode <Maheshwar Ajja> 5 months ago
79da148 : mm-video-v4l2: null check before pointer dereference <Abdulla Anam> 5 months ago
a66ec1f : audio: Fix stale session opening of DSP audio decoder <Naresh Tanniru> 5 months ago
1171b44 : audio: Fix stale session opening of DSP audio decoder <Naresh Tanniru> 5 months ago
03f6533 : mm-video-v4l2: change variables used for reconfig height & width <Abdulla Anam> 5 months ago
6dc2004 : mm-video-v4l2: venc: Disable Bframes incase of UHD recording <Deepak Kushwah> 5 months ago
f493b73 : audio: Add support for new key kKeyByteMode <Manish Dewangan> 5 months ago
382b5b7 : mm-video-v4l2: video: add new extensions <Ashray Kulkarni> 8 months ago
b266f81 : mm-video-v4l2: venc: Add support for low latency mode <Maheshwar Ajja> 5 months ago
14c22a7 : mm-core: Add Skype extensions <Ashray Kulkarni> 8 months ago
f85c11c : mm-video-v4l2: Set IDR period for HEVC encoder <Surajit Podder> 5 months ago
16baeda : Revert "mm-video-v4l2: vidc: venc: Update color conversion decision" <Srinu Gorle> 6 months ago
fceb6d1 : mm-video-v4l2: video: Add support to enable Maxhierp layer <Deepak Kushwah> 5 months ago
6e3b671 : Revert "mm-video-v4l2: vidc: venc: Set V4L2_CID_MPEG_VIDC_SET_PERF_LEVEL control" <Deepak Kushwah> 6 months ago
970b439 : mm-video-v4l2: venc: close message pipes safely <Praveen Chavan> 8 months ago
5148806 : mm-video-v4l2: venc: report HW overload as insufficientResources <Praveen Chavan> 8 months ago
39fa84b : mm-video-v4l2: vdec: Handle empty EOS buffer <Praveen Chavan> 7 months ago
1e92b3c : mm-video-v4l2: venc: update allocation-size check for meta-buffer <Praveen Chavan> 6 months ago
b716acd : mm-video-v4l2: vidc: add support for setting operating-rate <Praveen Chavan> 8 months ago
 
**** cm:CyanogenMod/android_hardware_qcom_media ****
be989ef : audio: Add entry for ALAC/APE software component <Preetam Singh Ranawat> 6 weeks ago
ab3e6cf : Include kernel header dependency for libOmxVidcCommon <Divya Sharma> 7 weeks ago
f5b8f20 : Include kernel header dependency for libOmxVidcCommon <Divya Sharma> 7 weeks ago
2266025 : mm-video-v4l2: vidc: Ensure async_message_thread always exits <Arun Menon> 7 weeks ago
b0d352b : media : Add Max CSD values for ALAC and APE <Preetam Singh Ranawat> 10 weeks ago
a04219f : mm-video-v4l2: vdec: skip enabling extn_user extradata for secure session <Srinu Gorle> 7 weeks ago
622d480 : mm-video-v4l2: vidc: Enhance VQZIP checks <Praneeth Paladugu> 4 months ago
2b5bd8a : mm-video-v4l2: vidc: venc: Fix input extradata issues <Praneeth Paladugu> 8 weeks ago
ce13944 : mm-video-v4l2: vidc: vdec: Add UBWC color format support <Srinu Gorle> 7 weeks ago
a725170 : mm-video: venc: Initialize m_graphicBufferSize <Deva Ramasubramanian> 7 weeks ago
8be933c : mm-video-v4l2: vidc: vdec: Add support for downscalar in component <Srinu Gorle> 8 months ago
c29ae31 : mm-video-v4l2: vidc: Fix race condition with msg thread fd close <Shalaj Jain> 7 weeks ago
6a50516 : mm-video-v4l2: vdec: Fix CTS issue with color coversion <Vinay Kalia> 7 weeks ago
ab08584 : mm-core: Add extensions for FRC <Vinay Kalia> 8 weeks ago
b12f245 : mm-video-v4l2: Handle async_message_thread error <Arun Menon> 8 weeks ago
9952fd8 : mm-core: Add secure component registry entry <Vikash Garodia> 8 weeks ago
8d855cc : mm-video: common: update OmxVidcCommon dependency list <Srinu Gorle> 8 weeks ago
3c3fe6c : mm-video-v4l2: vdec: Change preferred color format default order <Arun Menon> 8 weeks ago
c73daac : mm-video-v4l2: Add registry entry for openmax components. <Vikash Garodia> 9 weeks ago
bcb448c : mm-video: swvdec: Add SwVdec registry entries for 8937. <Manikanta Sivapala> 2 months ago
e592d0a : mm-video: swvdec: Add SwVdec OMX component. <Manikanta Sivapala> 9 weeks ago
41cf898 : mm-core: Update the correct instance index for storing VPP handle <Praneeth Paladugu> 9 weeks ago
c8827e2 : mm-video-v4l2: vidc: Allocate secure bitstream buffers from CMA <Shalaj Jain> 9 weeks ago
cf6d469 : mm-video: vidc: Fully drainbuffers from the driver if batch not complete <Deva Ramasubramanian> 9 weeks ago
093280d : mm-core: Unload the component library after the session is done <Praneeth Paladugu> 9 weeks ago
fb36868 : mm-video: venc: Revert Venus native support for RGBA8888 <Deva Ramasubramanian> 3 months ago
0ec71b0 : mm-video: Add extensions to enable and configure ROI QP info <Vinay Kalia> 3 months ago
 
**** vanir:hardware_samsung ****
40afadb : libsecril-client: spell AUDIO correctly <Android-Andi> 2 days ago
 
**** cm:CyanogenMod/android_hardware_samsung_slsi_exynos5 ****
3ac2ff8 : Only log non-null invalid pointers <Scott Warner> 35 hours ago
 
**** cm:CyanogenMod/android_hardware_ti_omap4 ****
1cea79b : camera: add Pixel{X,Y}Dimension and Orientation EXIF tags <Michael Gernoth> 32 hours ago
 
**** cmold:android_kernel_google_msm ****
9be088b : arm/configs: mako: Remove SysV IPC from kernel <Pawit Pornkitprasan> 2 days ago
 
**** github:wyldstallyns/nighthawk_kernel_bullhead ****
ab091a3 : staging: android: lowmemorykiller: skip dying or exiting task <franciscofranco> 4 days ago
f3079a9 : cputime: Fix jiffies based cputime assumption on steal accounting <Frederic Weisbecker> 1 year, 10 months ago
3270d66 : sched/core: Fix an SMP ordering race in try_to_wake_up() vs. schedule() <Peter Zijlstra> 3 months ago
dbab65f : workqueue: Fix workqueue stall issue after cpu down failure <Se Wang (Patrick) Oh> 5 months ago
71d354f : workqueue: clear POOL_DISASSOCIATED in rebind_workers() <Lai Jiangshan> 1 year, 7 months ago
8a9baec : sched: add sched blocked tracepoint which dumps out context of sleep. <Riley Andrews> 3 months ago
bc44150 : sched, smp: Correctly deal with nested sleeps <Peter Zijlstra> 1 year, 4 months ago
415cabd : perf: Use hrtimers for event multiplexing <Stephane Eranian> 2 years, 9 months ago
21226ce : UPSTREAM: rtc: rtc-palmas: make of_device_id array const <Jingoo Han> 1 year, 7 months ago
1f884e3 : UPSTREAM: proc: actually make proc_fd_permission() thread-friendly <Oleg Nesterov> 9 weeks ago
875f2d6 : UPSTREAM: proc: make proc_fd_permission() thread-friendly <Oleg Nesterov> 2 years, 4 months ago
c545b13 : BACKPORT: mm: /proc/pid/smaps:: show proportional swap share of the mapping <Minchan Kim> 4 months ago
5cf5024 : sched/balancing: Reduce the rate of needless idle load balancing <franciscofranco> 13 days ago
ccda661 : sched/fair: Stop searching for tasks in newidle balance if there are runnable tasks <franciscofranco> 13 days ago
4d18318 : cpufreq: cpu-boost: export input_boost_enable to userspace <franciscofranco> 2 weeks ago
5d6d57f : msm: performance: prevent userspace hints to decrease max cpu freq <franciscofranco> 2 weeks ago
 
**** github:armani-dev/kernel_test ****
5a37414 : armani: defconfig: Updates <fefifofum> 2 days ago
34e117a : ACPI / processor: prevent cpu from becoming online <Yasuaki Ishimatsu> 3 years, 3 months ago
f3f57c9 : arm64: smp: Update the topology masks before calling CPU_STARTING notifiers <Rohit Vaswani> 1 year, 5 months ago
4aeff40 : soc: qcom: smem: Zero out ramdump segment memory <Vijayakumar Gn> 4 months ago
1eaa114 : USB: u_ether: Set complete handler before queueing to endpoint <Naveen Ramaraj> 6 months ago
6243c3d : cfg80211: unify station WME parsing <Johannes Berg> 2 years, 11 months ago
b2e877c : cfg80211: pass station supported channel and oper class info. <Naresh Jayaram> 2 years ago
4df825e : replacing warning msg with pr_warn_ratelimited <santosh mahapatra> 5 months ago
0a3c83a : usb: gadget: Align Midi Buffer size for DWC3 <Ravi Vembu> 6 months ago
7183c4a : usb: core: Avoid spammy warning due to misbehaving Apps <Ravi Vembu> 6 months ago
3350ad9 : Report IPv6 NA packets processing to partial resume handler <Dmitry Shmidt> 9 months ago
2e16afd : net/compat.c,linux/filter.h: share compat_sock_fprog <Will Drewry> 3 years, 11 months ago
d6b8131 : sk_run_filter: add BPF_S_ANC_SECCOMP_LD_W <Will Drewry> 3 years, 10 months ago
8bb3439 : USB: gadget: f_mtp: Fix integer overflow when transferring large files. <Mike Lockwood> 1 year, 5 months ago
9247627 : USB: gadget: mtp: Fix hang in ioctl(MTP_RECEIVE_FILE) for WritePartialObject <Mike Lockwood> 1 year, 10 months ago
2f98b30 : usb: dwc3: gadget: Protect against ep disabling during completion <Devin Kim> 1 year, 10 months ago
b523f62 : USB: gadget: android: Integrate f_midi USB MIDI gadget driver <Mike Lockwood> 11 months ago
5b8c334 : USB: gadget: midi: Fix deadlock unbinding driver while it is in use <Mike Lockwood> 11 months ago
141eb75 : posix_types.h: Cleanup stale __NFDBITS and related definitions <Josh Boyer> 3 years, 6 months ago
ec7473e : Add PR_{GET,SET}_NO_NEW_PRIVS to prevent execve from granting privs <Gabriele M> 9 days ago
3d3f380 : mmc: fix MDT wrap around for eMMC v4.41 and later <Russ W. Knize> 8 months ago
f9f0fa9 : msm: vidc: Skip processing of release buffer event <Praneeth Paladugu> 10 months ago
05fc4bf : ion: cma_heap: free mem if fail to create sg_table <Yuanyuan Zhong> 9 months ago
830c9e8 : armani: defconfig: Update based on Google recommendations <fefifofum> 3 days ago
13e6837 : msm: Fix high load average from uninterruptible waits <Steve Kondik> 1 year, 11 months ago
88cbb35 : arm: DT: msm8226: Update min-default adreno frequency to be 200MHz <Angelo G. Del Regno -- EternityProject Team Manager> 9 months ago
2c64de5 : arm: irq: Tone down kernel logging <myfluxi> 5 months ago
5c35b8d : armani: defconfig: Updates <fefifofum> 2 weeks ago
6454d83 : ARM: be strict about FP exceptions in kernel mode <Ard Biesheuvel> 2 years, 8 months ago
3c31409 : ARM: pull in <asm/simd.h> from asm-generic <Ard Biesheuvel> 2 years, 4 months ago
9c693bc : crypto: create generic version of ablk_helper <Ard Biesheuvel> 2 years, 4 months ago
defbafb : ARM: Make NEON support independent from procfs <Gabriele M> 3 months ago
5d30996 : ARM: add support for kernel mode NEON <Ard Biesheuvel> 2 years, 8 months ago
618cbee : sysrq: Emergency Remount R/O in reverse order <Amir Goldstein> 1 year, 5 months ago
083ebd6 : net: ipv4: tcp: Get tcpi_count via file_count() not direct access <Lorenzo Colitti> 10 months ago
4bb216a : Set the iif for IPv6 packets as well. <Lorenzo Colitti> 10 months ago
48b7588 : net: ping: Return EAFNOSUPPORT when appropriate. <Lorenzo Colitti> 10 months ago
9b82a13 : net: ipv6: allow choosing optimistic addresses with use_optimistic <Erik Kline> 1 year, 1 month ago
ab6f167 : net: ipv6: Add a sysctl to make optimistic addresses useful candidates <Erik Kline> 1 year, 2 months ago
a48203a : bluetooth: Validate socket address length in sco_sock_bind(). <David S. Miller> 3 weeks ago
ba452f0 : net: add validation for the socket syscall protocol argument <Hannes Frederic Sowa> 4 weeks ago
6cfc813 : armani: defconfig: Updates <fefifofum> 3 weeks ago
a06eed3 : nf: IDLETIMER: Adds the uid field in the msg <Ruchi Kandoi> 9 months ago
02b044a : nf: IDLETIMER: time-stamp and suspend/resume handling. <Ruchi Kandoi> 1 year, 10 months ago
bec2163 : md: use kzalloc() when bitmap is disabled <Benjamin Randazzo> 6 months ago
e59655f : KEYS: Fix crash when attempt to garbage collect an uninstantiated keyring <David Howells> 3 months ago
6a35c9b : KEYS: Fix race between key destruction and finding a keyring by name <David Howells> 4 months ago
dcb9de6 : KEYS: Add invalidation support <David Howells> 3 years, 8 months ago
b97280a : KEYS: Permit in-place link replacement in keyring list <David Howells> 3 years, 8 months ago
c1bc3d9 : KEYS: Perform RCU synchronisation on keys prior to key destruction <David Howells> 3 years, 8 months ago
 
**** vanir:platform_manifest ****
a0c318e : Add Snap camera to main manifest <Michael Bestas> 2 days ago
 
**** cm:CyanogenMod/android_packages_apps_CarrierConfig ****
bc6e66f : Add carrier config for Smartfren for IMS support RENDANG-525 <Francis Guevarra> 33 hours ago
 
**** cm:CyanogenMod/android_packages_apps_Contacts ****
209b45a : Clean up multi picker activity. <Danny Baumann> 1 year, 4 months ago
 
**** cm:CyanogenMod/android_packages_apps_ContactsCommon ****
3ff9ac0 : Revert "Move info_lookup's LookupHandlerThread into src/" <Rohit Yengisetty> 2 hours ago
72fb9f8 : Revert "Refactor contact info lookup" <Rohit Yengisetty> 2 hours ago
6ecfe52 : Move info_lookup's LookupHandlerThread into src/ <Rohit Yengisetty> 3 hours ago
d262583 : Add additional SIM constants <Rohit Yengisetty> 4 hours ago
51aabe6 : Refactor contact info lookup <Rohit Yengisetty> 2 days ago
 
**** vanir:packages_apps_Settings ****
490b586 : BlacklistSettings : Ensure contact picker mirrors edit state <Danesh M> 28 hours ago
4c798e0 : Settings : Disable editing existing entries for blacklist <Danesh M> 28 hours ago
11236ec : Integrate mobile network settings into SIM settings for MSIM. <Danny Baumann> 4 days ago
507838a : Remove a few MSIM tab hosts. <Danny Baumann> 4 days ago
d4cc883 : Settings: add link to statusbar icon config screen <Roman Birg> 4 days ago
704d007 : Settings: remove voice wakeup link as necessary <Roman Birg> 2 days ago
 
**** cm:CyanogenMod/android_packages_apps_Trebuchet ****
7eb7512 : Trebuchet: Don't crash on widget clicks <cretin45> 7 hours ago
ba04b03 : Trebuchet: Add Snap to hotseat <Michael Bestas> 4 months ago
4fa46ac : Trebuchet: Ensure workspace is invisibile while in all apps view <cretin45> 28 hours ago
 
**** cm:CyanogenMod/android_packages_providers_ThemesProvider ****
cd48300 : Guard to prevent inserting a record twice when a new theme is installed <Luis Vidal> 4 hours ago
 
**** cm:CyanogenMod/android_packages_services_Telecomm ****
f255cb0 : Do not query for default sim when more than 1 calling account is available <LuK1337> 2 days ago
 
**** vanir:packages_services_Telephony ****
623872c : Allow MobileNetworkSettings to be invoked for selected SIM. <Danny Baumann> 4 days ago
 
**** cm:CyanogenMod/android_prebuilts_cmsdk ****
6ff8b3c : cmsdk: Update for api level 4 snapshot release. <Adnan Begovic> 2 days ago
 
**** cm:CyanogenMod/android_system_bt ****
8c41c59 : bt: Enable Bluedroid debugging only on eng. <Aaron Kling> 2 days ago
 
**** cm:CyanogenMod/android_system_extras ****
0677949 : bootsignature: includes dt image size for signed boot image <Ankit Gupta> 2 weeks ago
 
**** cm:CyanogenMod/cm_platform_sdk ****
b4b1321 : cmsdk: Update api text. <Adnan Begovic> 2 days ago
aee4b08 : cmsdk: Add external views package for api stubs. <Adnan Begovic> 2 days ago
3dffa87 : cmsdk: Add unit test for PartnerInterface <Janet Sun> 4 days ago
 
**** vanir:vendor_motorola ****
895c33e : shamu: Nexus 6 (Mobile) binaries for Android 6.0.1 (MMB29S) <dhacker29> 21 hours ago
 
**** vanir:vendor_vanir ****
345c004 : cm: add lib7z to product packages <Khalid Zubair> 2 days ago
b935b46 : APN: Fixup Vodafone IT and remove Noverca <Gabriele M> 2 days ago
b082e23 : APN: Update TIM MVNOs <Gabriele M> 5 days ago
 
