
**** vanir:bootable_recovery_twrp ****
cd00a8b : backup: fix return handling when no digest is being created <Ethan Yonker> 2 days ago
da056fd : libtar: Fix restore of e4crypt policies <Ethan Yonker> 2 days ago
 
**** vanir:build ****
24f90f2 : Build hacks <DHOMD> 9 months ago
 
**** vanir:device_google_marlin ****
35d7795 : Add a proper barrier and use vendor/caf/telephony <DHOMD> 4 months ago
0edeb0a : Revert "marlin: disable our local telephony extensions" <DHOMD> 4 months ago
8e78803 : mixer_paths: add incall recording paths <Dan Pasanen> 2 weeks ago
dc65ac7 : marlin: enable call recording <Dan Pasanen> 2 weeks ago
 
**** vanir:device_htc_flounder ****
21245ef : flounder: update build fingerprint & description to N9F27F <razorloves> 2 days ago
 
**** vanir:device_htc_m8 ****
90591ea : m8: Abandon TARGET_UNIFIED_DEVICE flag <Bruno Martins> 3 weeks ago
f0343df : m8: Allow vendor init to override props <Michael Bestas> 1 year, 5 months ago
 
**** cm:LineageOS/android_device_htc_pme ****
ee4f728 : pme: Abandon TARGET_UNIFIED_DEVIVCE flag <Christopher R. Palmer> 7 days ago
02be222 : pme: Allow vendor init to override props <Michael Bestas> 1 year, 5 months ago
 
**** vanir:device_huawei_angler ****
0e0f01a : angler: update build fingerprint & description to N2G48B <razorloves> 2 days ago
 
**** vanir:device_huawei_kiwi ****
51ea602 : kiwi: Notify client when fp cancelling succeeded <Luca Stefani> 3 months ago
893fa24 : kiwi: Abandon TARGET_UNIFIED_DEVIVCE flag <Christopher R. Palmer> 6 days ago
2622084 : kiwi: Allow vendor init to override props <Michael Bestas> 1 year, 5 months ago
 
**** vanir:device_lge_bullhead ****
fa12796 : bullhead: update build fingerprint & description to N2G47Z <razorloves> 2 days ago
 
**** cm:LineageOS/android_device_lge_mako ****
12ac6e9 : mako: Change location of tzapps.* when extracting files from images <Randy McCaskill> 2 days ago
 
**** vanir:device_moto_shamu ****
d7b8d13 : shamu: Add and use a cpuset for the camera-daemon <Elektroschmock> 11 days ago
cca39ea : shamu: update build fingerprint & description to N6F27H <razorloves> 2 days ago
 
**** cm:LineageOS/android_device_motorola_clark ****
42b6fd9 : clark: Abandon TARGET_UNIFIED_DEVICE flag <Bruno Martins> 12 days ago
fa4ca77 : clark: Allow vendor init to override props <Michael Bestas> 1 year, 5 months ago
 
**** vanir:device_motorola_falcon ****
48198ba : falcon: Abandon TARGET_UNIFIED_DEVICE flag <Bruno Martins> 12 days ago
1ef75bb : falcon: Allow vendor init to override props <Michael Bestas> 1 year, 5 months ago
 
**** cm:LineageOS/android_device_motorola_lux ****
6ece993 : lux: Abandon TARGET_UNIFIED_DEVICE flag <Bruno Martins> 3 weeks ago
16cfc8e : lux: Allow vendor init to override props <Michael Bestas> 1 year, 5 months ago
 
**** vanir:device_motorola_msm8226-common ****
d13dd00 : msm8226-common: Grant rmt_storage proper unix perms <Bruno Martins> 9 days ago
 
**** vanir:device_motorola_msm8916-common ****
6e7f420 : msm8916-common: BT: Sync with CAF <Alberto97> 7 days ago
d2af13d : msm8916-common: Remove obsolete ro.sys.fw.dex2oat_thread_count prop <Arne Coucheron> 5 weeks ago
826d023 : msm8916-common: Remove deprecated BT props <Luca Stefani> 3 weeks ago
adfdaef : msm8916-common: Abandon TARGET_UNIFIED_DEVICE flag <Bruno Martins> 3 weeks ago
 
**** cm:LineageOS/android_device_motorola_otus ****
f48dee9 : Otus: Fix FM Radio <DHOMD> 6 months ago
 
**** cm:LineageOS/android_device_motorola_peregrine ****
7487001 : peregrine: Abandon TARGET_UNIFIED_DEVICE flag <Bruno Martins> 12 days ago
b729846 : peregrine: Allow vendor init to override props <Michael Bestas> 1 year, 5 months ago
 
**** cm:LineageOS/android_device_motorola_titan ****
ebefb44 : titan: Abandon TARGET_UNIFIED_DEVICE flag <Bruno Martins> 12 days ago
8463937 : titan: Allow vendor init to override props <Michael Bestas> 1 year, 5 months ago
 
**** cm:LineageOS/android_device_motorola_victara ****
d60a9d1 : victara: Abandon TARGET_UNIFIED_DEVICE flag <Bruno Martins> 12 days ago
9d84465 : victara: Allow vendor init to override props <Michael Bestas> 1 year, 5 months ago
 
**** cm:LineageOS/android_device_oneplus_oneplus3 ****
4eaa7b3 : op3: Abandon TARGET_UNIFIED_DEVICE flag <Bruno Martins> 3 weeks ago
a0b69b4 : op3: Allow vendor init to override props <Michael Bestas> 1 year, 5 months ago
 
**** vanir:device_oneplus_onyx ****
e488308 : onyx: Switch to triple framebuffers <Ashwin Ramesh> 4 days ago
e019195 : onyx: Remove ril-daemon service declaration <Ashwin Ramesh> 4 days ago
b40920a : onyx: Add 'misc' entry in fstab.qcom <padarshr> 1 year, 2 months ago
869068c : onyx: QCamera2: Move decleration of Camera Parameters <Ashwin Ramesh> 5 days ago
8ffe59c : BACKPORT: QCamera2: Adding missed media extenisons changes <Suman Mukherjee> 5 months ago
d57df46 : onyx: cmhw: Add support for Swipe gestures <Ashwin Ramesh> 5 days ago
948473e : onyx: Remove deprecated BT props <Luca Stefani> 3 weeks ago
b64c262 : onyx: Cleanup init.qcom.bt.sh <Michael Bestas> 9 months ago
2fa7ea0 : onyx: ril: Update Request numbers <Ashwin Ramesh> 6 days ago
1ed4fc4 : onyx: Set INITIAL_COPYRIGHT_YEAR <Ashwin Ramesh> 6 days ago
c9a2c29 : onyx: vendor: Don't include deprecated makefile <Ashwin Ramesh> 6 days ago
e83947c : onyx: Update DRM blob listing <Ashwin Ramesh> 6 days ago
8e7c1e6 : onyx: Kill CNE/DPM remnants <Ashwin Ramesh> 5 weeks ago
f32a1c7 : onyx: Abandon TARGET_UNIFIED_DEVICE flag <Bruno Martins> 3 weeks ago
de72284 : onyx: Allow vendor init to override props <Michael Bestas> 1 year, 5 months ago
 
**** cm:LineageOS/android_device_oppo_msm8974-common ****
f946b2a : Port from bacon: Add blob to decrypt full-disk encryption of /data. <J. Joe Feise> 8 months ago
 
**** vanir:device_samsung_klte ****
053ae6b : klte: Abandon TARGET_UNIFIED_DEVICE flag <Bruno Martins> 12 days ago
 
**** cm:LineageOS/android_device_samsung_kltedv ****
f61149a : kltedv: Abandon TARGET_UNIFIED_DEVICE flag <Bruno Martins> 12 days ago
 
**** cm:LineageOS/android_device_samsung_kltespr ****
6e6c13e : kltespr: Abandon TARGET_UNIFIED_DEVICE flag <Bruno Martins> 12 days ago
 
**** vanir:device_samsung_msm8974-common ****
70c6f38 : msm8974-common: Allow vendor init to override props <Michael Bestas> 1 year, 5 months ago
 
**** vanir:device_samsung_smdk4412-common ****
5ecc52a : smdk4412-common: camera: Remove the unsupported preview_format_values <filiprrs> 24 hours ago
 
**** vanir:device_xiaomi_armani ****
0a542d3 : armani: Abandon TARGET_UNIFIED_DEVICE flag <Bruno Martins> 3 weeks ago
a723bd3 : armani: Allow vendor init to override props <Michael Bestas> 1 year, 5 months ago
 
**** vanir:device_xiaomi_cancro ****
9006d5f : cancro: Abandon TARGET_UNIFIED_DEVICE flag <Bruno Martins> 11 days ago
351fe69 : cancro: Allow vendor init to override props <Michael Bestas> 11 days ago
 
**** vanir:device_xiaomi_libra ****
669e139 : rootdir: remove init.qcom.factory.sh <Demon000> 8 days ago
60f0647 : rootdir: remove init.qcom.class_core.sh <Demon000> 8 days ago
11a9fd0 : rootdir: remove init.class_main.sh and set run the required services automatically <Demon000> 8 days ago
88ee9f5 : init.qcom.rc: clean up <Demon000> 8 days ago
f8b8b7a : init.qcom.sh: clean up <Demon000> 8 days ago
95f6513 : rootdir: remove usf_post_boot.sh <Demon000> 8 days ago
a30c49b : proprietary-files: remove dsp sensors config <Demon000> 8 days ago
7f2763e : audio: mixer_paths: reverse camcorder mics <Demon000> 7 days ago
62adfbc : audio: mixer_paths: increase handset volume <Demon000> 7 days ago
affcab8 : modules: gps: tweak config <Fatih Akca> 2 weeks ago
b322cc4 : libra: Rewrite build-time symlinks creation <Bruno Martins> 7 months ago
8e98875 : modules: add init module for handling dynamic dalvik heap sizes <TheStrix> 3 weeks ago
b2cf16b : overlay: kill default settings <Demon000> 3 weeks ago
651188a : power: fix balanced profile not applying after reboot <Demon000> 4 weeks ago
02eedb0 : post_boot: enable LPM sleep <Demon000> 4 weeks ago
ade1364 : power: core_ctl: setup max online cpus before min <Serhij Kyryljan> 4 weeks ago
68b2691 : post_boot: tweak interactive values <Demon000> 4 weeks ago
4a4da4b : sepolicy: kill app rules <Demon000> 5 weeks ago
41419db : sepolicy: remove subsystem ramdump rules <Demon000> 5 weeks ago
 
**** vanir:device_yu_lettuce ****
b99ca83 : lettuce: camera: Disable reported HDR in ZSL support <Jim Wilson> 1 year, 11 months ago
ce27115 : lettuce: Enable EAP proxy <Michael Bestas> 4 weeks ago
1166d6d : lettuce: Update Wi-Fi firmware from TOS111B <Michael Bestas> 9 weeks ago
eea7faa : lettuce: Use widevine from crackling TOS111B <Louis Popi> 6 weeks ago
b343b5d : lettuce: Use radio blobs from crackling TOS111B <Louis Popi> 9 weeks ago
d340206 : lettuce: Update data configs from TOS111B <Michael Bestas> 9 weeks ago
3788594 : lettuce: Update gps configs from TOS111B <Michael Bestas> 9 weeks ago
a70d71b : gps: Squashed update to LA.BR.1.2.9_rb1.14 <Michael Bestas> 9 weeks ago
e0c04b7 : lettuce: Remove loc_api that depends on QCPATH <Michael Bestas> 1 year, 1 month ago
810244c : lettuce: Use GPS blobs from crackling TOS111B <Louis Popi> 9 weeks ago
5e43e78 : lettuce: Update adreno from crackling TOS111B <Louis Popi> 9 weeks ago
 
**** vanir:device_yu_tomato ****
cc8857f : tomato: Enable EAP proxy <Michael Bestas> 4 weeks ago
18080a8 : tomato: Update Wi-Fi firmware from TOS111B <Michael Bestas> 9 weeks ago
11452d6 : tomato: Use widevine from crackling TOS125B <Louis Popi> 6 weeks ago
88da7c9 : tomato: Add set_baseband script and corresponding sepolicy <Rashed Abdel-Tawab> 12 months ago
029062d : tomato: Use radio blobs from kipper TOS125B <Louis Popi> 9 weeks ago
f80ebca : tomato: Update data configs from TOS111B <Michael Bestas> 9 weeks ago
f0deb3b : tomato: Update gps configs from TOS111B <Michael Bestas> 9 weeks ago
e809045 : gps: Squashed update to LA.BR.1.2.9_rb1.14 <Michael Bestas> 9 weeks ago
0d7ca7f : tomato: Remove loc_api that depends on QCPATH <Michael Bestas> 1 year, 1 month ago
70a52af : tomato: Use GPS blobs from kipper TOS125B <Louis Popi> 9 weeks ago
3c53c15 : tomato: Update adreno from kipper TOS125B <Louis Popi> 9 weeks ago
 
**** vanir:external_ffmpeg ****
b33d01d : Update for 3.0.8 <Michael Niedermayer> 7 weeks ago
dac9ef7 : avcodec/mlpdec: Fix: runtime error: left shift of negative value -8 <Michael Niedermayer> 7 weeks ago
f2afdab : avcodec/dfa: Fix: runtime error: signed integer overflow: -14202 * 196877 cannot be represented in type 'int' <Michael Niedermayer> 7 weeks ago
abe2d4d : avcodec/hevc_sei: fix amount of bits skipped when reading picture timing SEI message <James Almer> 9 weeks ago
3041566 : avformat/concatdec: fix the h264 annexb extradata check <James Almer> 2 months ago
c54a76b : avformat/utils: free AVStream.codec properly in free_stream() <Aaron Levinson> 3 months ago
676ba8e : avcodec/options: do a more thorough clean up in avcodec_copy_context() <James Almer> 3 months ago
cf44f0a : avcodec/options: factorize avcodec_copy_context() cleanup code <James Almer> 3 months ago
a1627fe : avcodec/aacdec: Fix runtime error: signed integer overflow: 2147483520 + 255 cannot be represented in type 'int' <Michael Niedermayer> 7 weeks ago
a1babbd : avcodec/aacdec_template: Fix fixed point scale in decode_cce() <Michael Niedermayer> 7 weeks ago
c32237e : avcodec/flicvideo: Check frame_size before decrementing <Michael Niedermayer> 8 weeks ago
28f2341 : avcodec/mlpdec: Fix runtime error: left shift of negative value -1 <Michael Niedermayer> 8 weeks ago
e79851f : avcodec/takdec: Fix  runtime error: left shift of negative value -42 <Michael Niedermayer> 8 weeks ago
dcbebc9 : avcodec/hq_hqa: Fix: runtime error: signed integer overflow: -255 * 10180917 cannot be represented in type 'int' <Michael Niedermayer> 8 weeks ago
e05148d : avcodec/truemotion1: Fix multiple runtime error: signed integer overflow: 1246906962 * 2 cannot be represented in type 'int' <Michael Niedermayer> 8 weeks ago
cd4674f : avcodec/svq3: Fix runtime error: left shift of negative value -6 <Michael Niedermayer> 8 weeks ago
55d320d : avcodec/tiff: reset sampling[] if its invalid <Michael Niedermayer> 8 weeks ago
ec7206f : avcodec/aacps: Fix undefined behavior <Michael Niedermayer> 9 weeks ago
9cd39ab : avcodec/opus_silk: Fix integer overflow and out of array read <Michael Niedermayer> 9 weeks ago
c82ea25 : avcodec/flacdec: Return error code instead of 0 for failures <Michael Niedermayer> 9 weeks ago
2790054 : avcodec/snowdec: Check width <Michael Niedermayer> 9 weeks ago
8198258 : avcodec/webp: Update canvas size in vp8_lossy_decode_frame() as in vp8_lossless_decode_frame() <Michael Niedermayer> 9 weeks ago
edf7bd1 : avcodec/webp: Factor update_canvas_size() out <Michael Niedermayer> 9 weeks ago
98dff82 : avcodec/cllc: Check prefix <Michael Niedermayer> 9 weeks ago
0246760 : avcodec/rscc: Check pixel_size for overflow <Michael Niedermayer> 8 weeks ago
a359138 : avcodec/dds: Fix runtime error: left shift of 210 by 24 places cannot be represented in type 'int' <Michael Niedermayer> 8 weeks ago
eeece50 : avcodec/mpeg4videodec: Clear sprite wraping on unsupported cases in VOP decode <Michael Niedermayer> 8 weeks ago
e2fd01c : avcodec/ac3dec: Fix: runtime error: index -1 out of bounds for type 'INTFLOAT [2]' <Michael Niedermayer> 8 weeks ago
99cbee2 : avcodec/hqxdsp: Fix runtime error: signed integer overflow: -196264 * 11585 cannot be represented in type 'int' <Michael Niedermayer> 8 weeks ago
49109b0 : avcodec/g723_1dec: Fix LCG type <Michael Niedermayer> 8 weeks ago
4ffab67 : libswscale/tests/swscale: Fix uninitialized variables <Michael Niedermayer> 2 months ago
52f4c9c : avcodec/ffv1dec: Fix runtime error: signed integer overflow: 1550964438 + 1550964438 cannot be represented in type 'int' <Michael Niedermayer> 8 weeks ago
e1fcdf1 : avcodec/webp: Fix signedness in prefix_code check <Michael Niedermayer> 8 weeks ago
f857975 : avcodec/svq3: Fix runtime error: signed integer overflow: 169 * 12717677 cannot be represented in type 'int' <Michael Niedermayer> 8 weeks ago
09ac75c : avcodec/mlpdec: Check that there is enough data for headers <Michael Niedermayer> 8 weeks ago
c24bff1 : avcodec/ac3dec: Keep track of band structure <Michael Niedermayer> 8 weeks ago
f8502c2 : avcodec/webp: Add missing input padding <Michael Niedermayer> 8 weeks ago
113bba3 : avcodec/aacdec_fixed: Fix runtime error: left shift of negative value -1 <Michael Niedermayer> 8 weeks ago
03b8d28 : avcodec/aacsbr_template: Do not change bs_num_env before its checked <Michael Niedermayer> 8 weeks ago
4bc3ae5 : avcodec/mlp: Fix multiple runtime error: left shift of negative value -1 <Michael Niedermayer> 8 weeks ago
d302803 : avcodec/vp8dsp: vp7_luma_dc_wht_c: Fix multiple runtime error: signed integer overflow: -1366381240 + -1262413604 cannot be represented in type 'int' <Michael Niedermayer> 8 weeks ago
86a7a93 : avcodec/avcodec: Limit the number of side data elements per packet <Michael Niedermayer> 8 weeks ago
b2d2e59 : avcodec/texturedsp: Fix runtime error: left shift of 255 by 24 places cannot be represented in type 'int' <Michael Niedermayer> 8 weeks ago
43965fe : avcodec/g723_1dec: Fix runtime error: left shift of negative value -1 <Michael Niedermayer> 8 weeks ago
188e015 : avcodec/wmv2dsp: Fix runtime error: signed integer overflow: 181 * -17047030 cannot be represented in type 'int' <Michael Niedermayer> 8 weeks ago
a53182a : avcodec/diracdec: Fix Assertion frame->buf[0] failed at libavcodec/decode.c:610 <Michael Niedermayer> 8 weeks ago
b8c80b9 : avcodec/msmpeg4dec: Check for cbpy VLC errors <Michael Niedermayer> 8 weeks ago
d75f932 : avcodec/cllc: Check num_bits <Michael Niedermayer> 8 weeks ago
07e8da3 : avcodec/cllc: Factor VLC_BITS/DEPTH out, do not use repeated literal numbers <Michael Niedermayer> 8 weeks ago
47c6f1b : avcodec/dvbsubdec: Check entry_id <Michael Niedermayer> 8 weeks ago
 
**** vanir:frameworks_av ****
05700ba : libstagefright: add support for HEVC via MatroskaExtractor <codeworkx> 5 weeks ago
bcb34cb : audioflinger: Use offloaded effects in case of PCM offload <Gabriele M> 6 weeks ago
 
**** vanir:frameworks_base ****
b957d32 : Automatic translation import <Abhisek Devkota> 8 hours ago
20a3c7c : PowerManagerService: add a config to light up buttons only when pressed <Anas Karbila> 5 weeks ago
 
**** vanir:kernel_google_marlin ****
f43a8a0 : Disable /dev/port <bohu> 2 months ago
 
**** vanir:kernel_huawei_angler ****
d41399f : angler: regen defconfig for N2G48B changes <razorloves> 2 days ago
 
**** cmold:android_kernel_huawei_kiwi ****
32d18eb : qseecom: Validate the incoming length from user space <Hariprasad Dhalinarasimha> 3 years, 9 months ago
a289647 : keys: Guard against null match function in keyring_search_aux() <Ben Hutchings> 3 months ago
6ddafe6 : BACKPORT: UPSTREAM: selinux: fix off-by-one in setprocattr <Stephen Smalley> 5 months ago
8265b6a : msm: ADSPRPC: Check for buffer overflow condition <Sathish Ambley> 5 months ago
f50fda3 : msm: ADSPRPC: Buffer length to be copied is truncated <Biswajit Paul> 7 months ago
989a2d3 : usb: Avoid exposing kernel addresses <Ravi Kumar Siddojigari> 8 months ago
8832ffa : net: ping: check minimum size on ICMP header length <Kees Cook> 7 months ago
66faf3f : msm: crypto: Fix integer over flow check in qcrypto driver <Zhen Kong> 11 months ago
3fec5ce : ASoC: check for null function pointer for dummy device read/write <Yuan Lin> 11 months ago
86839ed : msm : dma_test: Initialize newly allocated memory <Srinivasarao P> 12 months ago
d0833d7 : security: arm64 support to CCI driver <Marcos Marado> 12 months ago
254c817 : msm: kgsl: Defer adding the mem entry to a process <Sunil Khatri> 1 year, 1 month ago
919be98 : ecryptfs: forbid opening files without mmap handler <Jann Horn> 10 months ago
470cc1d : msm: ipa: fix the mux_channel buffer overflow <Skylar Chang> 1 year, 6 months ago
73b4a1d : kernel: Restrict permissions of /proc/iomem. <Biswajit Paul> 2 years, 5 months ago
16859e6 : msm: cpp: Update iommu handling <Iliya Varadzhakov> 2 years, 4 months ago
e5f4bc7 : ASoC: q6lsm: Add check for integer overflow <Bhalchandra Gajare> 2 years, 5 months ago
3a7b7d8 : diag: Make fixes to diag_switch_logging <Ravi Aravamudhan> 2 years, 5 months ago
bc75327 : mm: fix prctl_set_vma_anon_name <Colin Cross> 2 years, 11 months ago
3570bb3 : ALSA: compress: fix an integer overflow check <Dan Carpenter> 3 years ago
2551b72 : sched: Fix information leak in sys_sched_getattr() <Vegard Nossum> 3 years, 5 months ago
f78f89e : udf: Check path length when reading symlink <Jan Kara> 2 years, 7 months ago
ef55423 : msm: camera: Check stats index MAX in ISP driver <Hariram Purushothaman> 4 years ago
f53386c : Revert "arm64: Introduce execute-only page access permissions" <Catalin Marinas> 3 years, 2 months ago
c642b3a : ASoC: Add backend user count checking <Walter Yang> 4 months ago
20995c6 : qcacld-2.0: Use heap memory for station_info instead of stack <kaliu> 11 months ago
4b97d3f : input: touchscreen: remove msg21xx mstar touch driver <Shantanu Jain> 5 months ago
5e3f879 : ping: implement proper locking <Eric Dumazet> 4 months ago
 
**** cmold:android_kernel_lge_bullhead ****
495c80a : bullhead: regen defconfig for N2G47Z changes <razorloves> 2 days ago
 
**** cmold:android_kernel_lge_g3 ****
b153d31 : Revert "tmpfs: clear S_ISGID when setting posix ACLs" <Exodus> 8 days ago
 
**** cmold:lge-kernel-mako ****
2e5e335 : BACKPORT: ALSA: timer: Fix race between read and ioctl <Takashi Iwai> 5 weeks ago
f769258 : UPSTREAM: ALSA: timer: Fix missing queue indices reset at SNDRV_TIMER_IOCTL_SELECT <Takashi Iwai> 5 weeks ago
 
**** vanir:kernel_lge_msm8974 ****
1d272dc : msm: crypto: fix issues on digest buf and copy_from_user in qcedev.c <Zhen Kong> 8 months ago
a5823b9 : input: misc: fix heap overflow issue in hbtp_input.c <Dennis Cagle> 6 months ago
46b8d6f : ANDROID: ion: check for kref overflow <Ariel Yin> 6 months ago
bc9b278 : net: ipc_router: Register services only on client port <Karthikeyan Ramasubramanian> 7 months ago
c08677b : fs/proc/array.c: make safe access to group_leader <Adrian Salido> 7 months ago
dbf0a5a : ALSA: info: Check for integer overflow in snd_info_entry_write() <Siqi Lin> 8 months ago
 
**** vanir:kernel_moto_shamu ****
06eff2a : UPSTREAM: net/packet: fix overflow in check for tp_reserve <Andrey Konovalov> 3 months ago
f2153ad : UPSTREAM: net/packet: fix overflow in check for tp_frame_nr <Andrey Konovalov> 3 months ago
6e95883 : msm: kgsl: Fix kgsl memory allocation and free race condition <Dennis Cagle> 7 weeks ago
4268b75 : BACKPORT: msm: camera: Add regulator enable and disable independent of CSID <Nick Desaulniers> 8 weeks ago
edd3729 : ipv4: keep skb->dst around in presence of IP options <Eric Dumazet> 5 months ago
f37e859 : Revert "proc: smaps: Allow smaps access for CAP_SYS_RESOURCE" <Nick Desaulniers> 9 weeks ago
e7f623a : ashmem: remove cache maintenance support <Dennis Cagle> 9 weeks ago
d90e251 : msm-vidc: Allocate bus vote data during initialization <Vasantha Balla> 3 months ago
1bc21cd : net: wireless: bcmdhd: adding boundary check in SWC gscan config <Insun Song> 3 months ago
f44ecc3 : BACKPORT: UPSTREAM: dccp: fix freeing skb too early for IPV6_RECVPKTINFO <Andrey Konovalov> 5 months ago
be556c5 : BACKPORT: UPSTREAM: sg_start_req(): make sure that there's not too many elements in iovec <Al Viro> 2 years, 4 months ago
116b9a2 : BACKPORT: udf: Check path length when reading symlink <Jan Kara> 2 years, 7 months ago
ec35000 : UPSTREAM: char: lack of bool string made CONFIG_DEVPORT always on <Max Bires> 6 months ago
c9cb3e1 : UPSTREAM: char: Drop bogus dependency of DEVPORT on !M68K <Geert Uytterhoeven> 1 year, 3 months ago
d1a51d5 : Disable /dev/port <bohu> 2 months ago
847467c : UPSTREAM: net/packet: fix overflow in check for priv area size <Andrey Konovalov> 3 months ago
cedc36d : UPSTREAM: packet: handle too big packets for PACKET_V3 <Eric Dumazet> 2 years, 11 months ago
94cc829 : net: wireless: bcmdhd: arpoe/ndoe IOVAR bug patch <Insun Song> 8 weeks ago
2c104e5 : BACKPORT: UPSTREAM: HID: hiddev: validate num_values for HIDIOCGUSAGES, HIDIOCSUSAGES commands <Scott Bauer> 1 year ago
6a46920 : net: wireless: bcmdhd: adding boundary check in wl_cfg80211_mgmt_tx <Insun Song> 9 weeks ago
6cda862 : msm: camera: don't cut to 8bits for validating enum variable <Gaoxiang Chen> 3 months ago
81ab42e : msm: camera: sensor: Add boundary check for cci master <VijayaKumar T M> 9 weeks ago
f3adbf7 : ASoC: msm: qdsp6v2: check audio client pointer before accessing <Aravind Kumar> 2 years, 2 months ago
d8dcf2c : ASoC: msm: qdsp6v2: validate audio client in callback <Fred Oh> 2 years, 3 months ago
400b660 : BACKPORT: udf: Verify symlink size before loading it <Jan Kara> 2 years, 7 months ago
f366654 : FROMLIST: msm: qdsp6v2: set pointer to NULL after free <Siqi Lin> 9 weeks ago
 
**** cmold:android_kernel_motorola_msm8916 ****
520e20d : BACKPORT: UPSTREAM: dccp: fix freeing skb too early for IPV6_RECVPKTINFO <Andrey Konovalov> 5 months ago
db801a0 : UPSTREAM: char: Drop bogus dependency of DEVPORT on !M68K <Geert Uytterhoeven> 1 year, 3 months ago
f24041c : Fixing an issue that caused DEVPORT to always be set. <Max Bires> 6 months ago
ddd998b : msm: kgsl: Fix kgsl memory allocation and free race condition <Dennis Cagle> 7 weeks ago
27305c6 : BACKPORT: udf: Check path length when reading symlink <Jan Kara> 2 years, 7 months ago
93f2207 : ashmem: remove cache maintenance support <Dennis Cagle> 9 weeks ago
054ee8a : Revert "proc: smaps: Allow smaps access for CAP_SYS_RESOURCE" <Nick Desaulniers> 9 weeks ago
0f6690f : msm: vidc: Allocate bus vote data during initialization <Vasantha Balla> 8 weeks ago
9cd485b : msm: camera: don't cut to 8bits for validating enum variable <Gaoxiang Chen> 3 months ago
439bbba : soc: qcom: pil: Avoid possible buffer overflow during Modem boot <Kishor PK> 3 months ago
a2ad710 : soc: qcom: pil: Allow the MBA memory to be dyanmic or a carveout <Taniya Das> 2 years, 1 month ago
c54aac2 : soc: qcom: pil-msa: Free mba region if metadata authentication fails <Rajkumar Raghupathy> 2 years, 3 months ago
98ac1fa : soc: qcom: pil-msa: Notify MBA about PIL loading failure <Rajkumar Raghupathy> 2 years, 3 months ago
0657430 : soc: pil-msa: Add module parameter to force crash system <Taniya Das> 2 years, 6 months ago
18ac8b4 : soc: pil-msa: Extend RMB registers logging on modem failures <Taniya Das> 2 years, 6 months ago
290a07d : msm: camera: sensor: Add boundary check for cci master <VijayaKumar T M> 9 weeks ago
c3b6680 : UPSTREAM: mm: fix new crash in unmapped_area_topdown() <Hugh Dickins> 3 weeks ago
dadedb7 : UPSTREAM: mm: larger stack guard gap, between vmas <Hugh Dickins> 3 weeks ago
588b36d : UPSTREAM: vm: make stack guard page errors return VM_FAULT_SIGSEGV rather than SIGBUS <Linus Torvalds> 2 years, 5 months ago
7b182d0 : UPSTREAM: mm: propagate error from stack expansion even for guard page <Linus Torvalds> 2 years, 6 months ago
 
**** cm:LineageOS/android_packages_apps_AudioFX ****
4273aee : Automatic translation import <Abhisek Devkota> 8 hours ago
 
**** vanir:packages_apps_Bluetooth ****
7f2b5c8 : Automatic translation import <Abhisek Devkota> 2 weeks ago
9d274ac : BluetoothOppTransferActivity: fix after ad46f6a52d7240ed1e2127c4263a5cbcf454df09 <Dan Pasanen> 5 weeks ago
877e9be : Prevent OPP from opening files that aren't sent over Bluetooth <Ajay Panicker> 3 months ago
ad46f6a : OPP: Restrict file based URI access to external storage <Jack He> 4 months ago
8175764 : Prevent OPP from opening files that aren't sent over Bluetooth <Ajay Panicker> 3 months ago
0ed24c4 : OPP: Restrict file based URI access to external storage <Jack He> 4 months ago
 
**** vanir:packages_apps_CMParts ****
548cdbd : Automatic translation import <Abhisek Devkota> 8 hours ago
 
**** vanir:packages_apps_Calendar ****
ca094f3 : Automatic translation import <Abhisek Devkota> 2 weeks ago
 
**** vanir:packages_apps_Gallery2 ****
bd7c0d6 : Automatic translation import <Abhisek Devkota> 8 hours ago
 
**** cm:LineageOS/android_packages_apps_Jelly ****
99c0a8b : Automatic translation import <Abhisek Devkota> 8 hours ago
 
**** vanir:packages_apps_LockClock ****
e0810ea : Automatic translation import <Abhisek Devkota> 8 hours ago
9f2ff45 : LockClock: add option to suppress date on widget <Dan Pasanen> 2 weeks ago
 
**** vanir:packages_apps_Settings ****
fd0321c : Automatic translation import <Abhisek Devkota> 8 hours ago
 
**** cm:LineageOS/android_packages_apps_Terminal ****
2e009e8 : Automatic translation import <Abhisek Devkota> 8 hours ago
 
**** cm:LineageOS/android_packages_providers_WeatherProvider ****
37f067f : Automatic translation import <Abhisek Devkota> 8 hours ago
 
**** vanir:packages_services_Telecomm ****
cae05ab : SensitivePhoneNumbers: Handle lists of MCC codes <Paul Keith> 2 weeks ago
 
**** vanir:vendor_cmsdk ****
464979d : Automatic translation import <Abhisek Devkota> 8 hours ago
 
**** cm:LineageOS/android_packages_apps_YahooWeatherProvider ****
8a9c801 : Automatic translation import <Abhisek Devkota> 8 hours ago
 
**** commotio:commotio ****
01b22cc : fimgerprinting <DHOMD> 24 minutes ago
 
**** vanir:vendor_lge ****
c5bc52c : bullhead: update blobs from N2G47Z factory image <razorloves> 2 days ago
be4198e : msm8996: Fix HotwordEnrollment apk inclusion <Rashed Abdel-Tawab> 2 weeks ago
6634e78 : msm8996: Add image stabilizer and video denoiser <Rashed Abdel-Tawab> 2 weeks ago
 
**** vanir:vendor_motorola ****
4058f6c : shamu: update blobs from N6F27H factory image <razorloves> 2 days ago
 
**** cm:LineageOS/android_vendor_qcom_opensource_time-services ****
ec9feb0 : Add a barrier for Marlin/Sailfish <DHOMD> 4 months ago
 
**** vanir:vendor_vanir ****
69b01ad : sensitive_pn: add missing phone number for Brazil <Alexandre Oliveira> 3 weeks ago
32408d3 : sensitive_pn: Add additional PT numbers <Bruno Martins> 3 weeks ago
a28e058 : sensitive_pn: Add additional GB numbers <Tim Graham> 3 weeks ago
b7eb9ba : sensitive_pn: Add additional FR number <Julien Humbert> 2 weeks ago
5359d25 : Add sensitive numbers for Israel. <Noam Tamim> 5 weeks ago
36de0b5 : sensitive_pn: Add sensitive numbers for Serbia <Brinly Taylor> 5 weeks ago
0f92b43 : sensitive_pn: Add more numbers from the Netherlands <Brinly Taylor> 5 weeks ago
f247c71 : sensitive_pn: Add Canadian sensitive numbers <Tim Lewis> 5 weeks ago
66cd6ca : Add sensitive numbers for Ukraine. <Olexandr Nesterenko> 2 weeks ago
7a3c731 : sensitive_pn: Add sensitive numbers for Greece <Michael Bestas> 5 weeks ago
e557e7d : sensitive_pn: fix Czech Republic MCC <jumoog> 13 days ago
02b417d : sensitive_pn: Add Taiwanese sensitive numbers <Sean hoyt> 2 weeks ago
177acf3 : sensitive_pn: Enter full list of Indian MCC codes <Paul Keith> 2 weeks ago
d159d73 : sensitive_pn: Enter full list of GB MCC codes <Harry Youd> 2 weeks ago
8ee3ee1 : sensitive_pn: Enter full list of US MCC codes <Paul Keith> 2 weeks ago
0eb5af5 : Firgerprints <nuclearmistake> 2 days ago
 
