
**** vanir:build ****
0e120a2 : Build hacks <DHOMD> 3 months ago
8022369 : build: Replace pushd with cd <Luca Stefani> 9 hours ago
 
**** cm:LineageOS/android_device_htc_hima-common ****
90232a1 : hima-common: rebrand to LineageOS <David Hays> 3 days ago
 
**** cm:LineageOS/android_device_htc_himaul ****
bc92593 : himaul: rebrand to LineageOS <David Hays> 3 days ago
 
**** cm:LineageOS/android_device_htc_himawl ****
7f8aa06 : himawl: enable VVM3 visual voicemail <David Hays> 34 hours ago
4938195 : himawl: rebrand to LineageOS <David Hays> 3 days ago
 
**** vanir:device_htc_m8 ****
3be4132 : m8: cm->lineage <Dan Pasanen> 3 days ago
 
**** cm:LineageOS/android_device_htc_m8-common ****
bd8bfc2 : m8-common: cm->lineage <Dan Pasanen> 3 days ago
 
**** cm:LineageOS/android_device_htc_msm8974-common ****
5cddeeb : msm8974-common: cm->lineage <Dan Pasanen> 3 days ago
 
**** cm:LineageOS/android_device_htc_pme ****
d75d92b : pme: init: Don't look for substrings in bootmid & bootcid <Christopher R. Palmer> 29 hours ago
532a4f9 : pme: init: Improve the formatting of the generated header files <Christopher R. Palmer> 29 hours ago
05a9c80 : pme: Set selinux enforcing <Christopher R. Palmer> 2 days ago
aec3848 : pme: Update sepolicy <Christopher R. Palmer> 2 days ago
 
**** vanir:device_huawei_angler ****
892fdc8 : I need a quieter lawn mover or a louder phone <DHOMD> 8 days ago
8ea9231 : Update IMS paths in init.angler <DHOMD> 3 weeks ago
 
**** vanir:device_lge_bullhead ****
951e070 : bullhead: Move carrierconfig overlay to device/ <Jordan Liu> 3 weeks ago
bcc5aff : Revert "bullhead: increase speaker volume to proper level" <razorloves> 5 days ago
28176e3 : bullhead: Enable speaker protection <Steve Kondik> 10 months ago
 
**** vanir:device_lge_d800 ****
6f40b29 : d800: rebrand <Nikola Majkić> 2 days ago
 
**** vanir:device_lge_d801 ****
85e1341 : d801: rebrand <Nikola Majkić> 2 days ago
 
**** vanir:device_lge_d802 ****
b489794 : d802: rebrand <Nikola Majkić> 2 days ago
 
**** cm:LineageOS/android_device_lge_d850 ****
bbeffd7 : d850: rebrand to Lineage <Kasual> 2 days ago
 
**** cm:LineageOS/android_device_lge_d851 ****
b504f41 : d851: cm->lineage <Dan Pasanen> 3 days ago
 
**** cm:LineageOS/android_device_lge_d852 ****
fd2c1bd : d852: Add missing blob <kpeterson11> 3 days ago
32529cf : d852: rebrand to Lineage <Kasual> 2 days ago
9e1c091 : d852: remove lteOnCdmaDevice from system.prop <Kasual> 5 days ago
 
**** cm:LineageOS/android_device_lge_d855 ****
0100bcf : d855: rebrand to Lineage <Kasual> 2 days ago
 
**** vanir:device_lge_f400 ****
1de8d14 : f400: change BOARD_BLUEDROID_VENDOR_CONF to BOARD_CUSTOM_BT_CONFIG <Dan Pasanen> 4 months ago
ab2d846 : bluetooth: Our kernel is missing CLOCK_BOOTTIME_ALARM (alarmtimer) <Chirayu Desai> 4 months ago
780f5ae : f400: rebrand to LineageOS <Kasual> 2 days ago
7305166 : f400: add cache partition size <Kasual> 4 days ago
29ecdd8 : f400: Remove enhanced NFC feature <Kasual> 4 days ago
 
**** vanir:device_lge_g2-common ****
c79cdef : g2-common: cm->lineage <Dan Pasanen> 3 days ago
 
**** vanir:device_lge_g3-common ****
32c681a : g3-common: cm->lineage <Dan Pasanen> 3 days ago
 
**** cm:LineageOS/android_device_lge_ls990 ****
a85e592 : ls990: rebrand CM to Lineage <Kasual> 2 days ago
 
**** vanir:device_lge_vs980 ****
d39dbd6 : vs980: rebrand <Nikola Majkić> 2 days ago
 
**** vanir:device_lge_vs985 ****
2402e6b : vs985: cm->lineage <Dan Pasanen> 3 days ago
 
**** cm:LineageOS/android_device_motorola_athene ****
5f5cead : athene: fix some denials after updating N blobs <Vachounet> 26 hours ago
 
**** cm:LineageOS/android_device_motorola_clark ****
858c5fe : clark: rebrand to LineageOS <Hashbang173> 4 days ago
 
**** cm:LineageOS/android_device_motorola_victara ****
a46b4b8 : victara: cm->lineage <Dan Pasanen> 3 days ago
 
**** cm:LineageOS/android_device_oppo_msm8974-common ****
eacf828 : Port from bacon: Add blob to decrypt full-disk encryption of /data. <J. Joe Feise> 7 weeks ago
 
**** cm:LineageOS/android_device_samsung_d2-common ****
dabba1c : d2: cm->lineage <Dan Pasanen> 3 days ago
 
**** cm:LineageOS/android_device_samsung_d2att ****
9ea1135 : d2att: cm->lineage <Dan Pasanen> 3 days ago
 
**** cm:LineageOS/android_device_samsung_d2spr ****
977ccc9 : d2spr: cm->lineage <Dan Pasanen> 3 days ago
 
**** cm:LineageOS/android_device_samsung_d2vzw ****
d5771f5 : d2vzw: cm->lineage <Dan Pasanen> 3 days ago
 
**** vanir:device_samsung_kona-common ****
f69ec30 : kona : selinux update <Roberto Gibellini> 12 hours ago
 
**** vanir:device_samsung_smdk4412-qcom-common ****
055f808 : smdk4412-qcom : cast variable to fix build <Roberto Gibellini> 7 hours ago
070faea : smdk4412-qcom : gps header inline with aosp <Roberto Gibellini> 10 hours ago
 
**** vanir:frameworks_base ****
24bb6b4 : Update APIs for building aapt aaot <DHOMD> 2 days ago
54f4e66 : OMS7-N: ApplicationsState: add filter for Substratum icon overlays [1/2] <Kuba Schenk> 5 weeks ago
3669db7 : Revert "N-Extras: Add dynamic theme BootAnimation support" <DHOMD> 2 days ago
6bd9692 : Likely break things to fix substratum builds <DHOMD> 8 days ago
7b6eee5 : OMS: Introduce MODIFY_OVERLAYS permission for user apps <bigrushdog> 3 weeks ago
6cc4d1a : Themes: Expose QS battery <Abdulwahab Isam> 3 months ago
e462692 : OMS7-N: ApplicationsState: add filter for Substratum overlays [1/2] <George G> 6 months ago
bbd2deb : N-Extras: AudioService: Allow system effect sounds to be themed <Nicholas Chum> 6 months ago
6a2738b : N-Extras: Add dynamic theme fonts support <0xD34D> 7 months ago
b534cf9 : N-Extras: Add dynamic theme BootAnimation support <0xD34D> 7 months ago
9ce9735 : SystemUI: Use own drawables for QS expand icon <Ivan Iskandar> 5 weeks ago
47e1a43 : OMS7 compatible 'Ambient notification inversion' <George G> 8 weeks ago
2013b46 : Allow prevention of doze notification color inversion <Daniel Koman> 1 year, 9 months ago
4a80d4b : Notification dynamic colors bool compatible with OMS7 <George G> 7 weeks ago
2b2e81f : Notifications: Expose a bool to disable dynamic colors <Nicholas Chum> 4 months ago
7d3d050 : Themes: Expose various QuickSettings text colors <Niklas Schnettler (Sh4dowSoul)> 3 months ago
9236596 : Allow custom alpha for notification shade bg color <Simao Gomes Viana> 6 weeks ago
792995a : SystemUI: Expose QS edit item decoration background color <Ivan Iskandar> 4 months ago
31e5ffc : Themes: Allow Navbar ripple color to be themed <Dave Kover> 9 months ago
1601c14 : Themes: Allow Permission Icons to be fully themed <Nicholas Chum> 1 year, 1 month ago
bed0d7d : Themes: Allow Immersive cling colors to be fully themed <Nicholas Chum> 1 year, 2 months ago
8cde51f : Themes: Expose resolver hardcoded colors <Dave Kover> 4 weeks ago
5efeadf : OMS7-N: Implement multi-target enable/disable and disable-all [11/11] <Jacob McSwain> 6 months ago
6a3a327 : OMS7-N: Do not enforce code policy limiting overlay installation [10/11] <Nicholas Chum> 2 months ago
e67cbde : OMS7-N: Persistence on boot through OverlayManagerServiceImpl [9/11] <Nicholas Chum> 7 months ago
1999b63 : OMS7-N: Disable Zygote preloaded drawables [8/11] <Josh Guilfoyle> 6 years ago
2c624ce : OMS7-N: installd: add command 'rmidmap' [7/11] <Mårten Kongstad> 7 months ago
eae8384 : OMS7-N: Fix memory leak during idmap creation [6/11] <Mårten Kongstad> 7 months ago
5c865a6 : OMS7-N: idmap: suppress print for padded resources [5/11] <Mårten Kongstad> 10 months ago
5026094 : OMS7-N: Set EXTRA_REPLACING correctly in ACTION_PACKAGE_ADDED [4/11] <Mårten Kongstad> 9 months ago
0812daa : OMS7-N: Integrate OverlayManagerService into framework [3/11] <Mårten Kongstad> 7 months ago
ad4f101 : OMS7-N: Introduce the OverlayManagerService [2/11] <Mårten Kongstad> 1 year, 1 month ago
a01af2a : OMS7-N: Support tagging resources as OK to overlay [1/11] <Mårten Kongstad> 1 year, 1 month ago
 
**** vanir:frameworks_native ****
8be0608 : OMS-N: installd: add command 'rmidmap' <Mårten Kongstad> 1 year, 1 month ago
45fdfdd : OMS7-N: installd: add command 'rmidmap' <Mårten Kongstad> 1 year, 1 month ago
 
**** cm:LineageOS/android_hardware_qcom_audio ****
95ccc85 : policy_hal: Fix mismerges <Luca Stefani> 4 weeks ago
b24ef94 : audio policy: fix capture indication to sound trigger service. <Eric Laurent> 3 months ago
3f05588 : audio policy: fix media volume after ringtone <Eric Laurent> 3 months ago
1e29be0 : Revert "hal: Add abstraction for soundtrigger session" <Steve Kondik> 8 weeks ago
8c2743e : hal: Don't try to record using 3-mic unless we mean it <Steve Kondik> 3 months ago
a8490ea : hal: Haxed header <Steve Kondik> 5 months ago
ab64a44 : audio: Fix flac offload not working <Keith Mok> 1 year, 1 month ago
bd04719 : hal: Fix build with HDMI disabled <Steve Kondik> 6 months ago
f4e5f48 : audio: Fix complilation warnings under Clang <Steve Kondik> 6 months ago
1394524 : msm8996: fix werror when AUDIO_FEATURE_ENABLED_DTS_EAGLE is enabled <Chao Chen> 7 months ago
04ed235 : audio: Extend platform parser to allow device name aliasing <Ethan Chen> 2 years, 4 months ago
326d03c : hal: post_proc: enabled / disable volume listener based on prop <vivek mehta> 11 months ago
966b853 : hal: Support the audio amplifier hook <Daniel Hillenbrand> 3 years, 8 months ago
284d304 : hal: Allow building hardware audio encoders <Arne Coucheron> 1 year, 11 months ago
7d10d9a : audio: Use direct project pathmap <Ethan Chen> 2 years, 2 months ago
dcd704b : Compilation fix: N-MR1 merge <Lalit Kansara> 4 weeks ago
93ce286 : policy-hal: Restrict trck offload for fractional sample rate <Sharad Sangle> 7 weeks ago
fd54f3b : policy_hal: Fix check for direct pcm <Ashish Jain> 8 weeks ago
fba7022 : policy_hal: Add support to identify direct pcm client. <Ashish Jain> 2 months ago
ca482c7 : Revert "hal: fix no sound issue in voice call" <Karthik Reddy Katta> 8 weeks ago
65874e6 : hal: fix noise heard in single song repeat mode <Haynes Mathew George> 4 months ago
23b2b27 : audio: configs: Enable Dolby feature <Sharad Sangle> 7 weeks ago
b86a76d : hal: handle CLANG errors for Dolby <Sharad Sangle> 3 months ago
bd4097c : Add Dolby cflags to policy_hal/Android.mk <Gao Jie> 3 months ago
d8ed731 : Fix potential overflow in Visualizer effect <rago> 5 months ago
a661510 : hal: Fix for a native crash in select_devices <Aditya Bavanari> 3 months ago
5974402 : post proc : volume listener : fix effect release crash <Eric Laurent> 1 year, 1 month ago
4daeaaa : DO NOT MERGE Fix AudioEffect reply overflow <Andy Hung> 8 months ago
b05cf0e : audiopolicy: Avoid spurious routing in APM::stopSource <Naresh Tanniru> 4 months ago
edcd282 : titanium: audio: set DMIC2 for secondary mic on QRD 8953 <kunleiz> 4 months ago
cbefcbf : hal: add 8920 entry in hw_info <Xiaojun Sang> 4 months ago
a17cc89 : hal: fix input validation errors <Preetam Singh Ranawat> 4 months ago
db5ef7b : hal: add speaker protection params for external codec <Laxminath Kasam> 5 months ago
6d26898 : hal: refine conditional logic when device connected/disconnected <yidongh> 4 months ago
715678e : policy_hal: add bitrate restriction for wma/wma_pro/wma_lossless <yidongh> 5 months ago
10f6017 : hal: add speaker protection params for external codec <Laxminath Kasam> 5 months ago
dad47a3 : DO NOT MERGE Fix AudioEffect reply overflow <Andy Hung> 8 months ago
ca20fe5 : hal: Fix input validation error <Preetam Singh Ranawat> 5 months ago
15d5e94 : configs: msmcobalt: update mixer controls for headphones <Vidyakumar Athota> 5 months ago
bad9079 : configs: msmcobalt: Add mixer controls for headphones playback <Phani Kumar Uppalapati> 5 months ago
944b920 : audio:msmcobalt: update mixer path to support headphone quality mode <Patrick Lai> 6 months ago
3ed95b8 : configs: msmcobalt: update backend name for ANC headphone devices <Vidyakumar Athota> 5 months ago
032248a : audio: cobalt: configs: Update configs to enable APE/ALAC SW Decs <Garmond Leung> 5 months ago
26fddef : hal: fix voice call mute with concurrent hifi playback <Sidipotu Ashok> 5 months ago
8026698 : hal: Add perf lock only during device switch <Sudheer Papothi> 5 months ago
493f289 : hal: enable sidetone after voice call usecase routing <Vidyakumar Athota> 5 months ago
6f97b00 : audio:msmcobalt: Add Compress passthrough support for DSD <Preetam Singh Ranawat> 6 months ago
0d50378 : audio: update mixer paths for no-irq mode <Haynes Mathew George> 6 months ago
63f47a3 : hal: msmcobalt: update mixer controls for speaker protected device <Sudheer Papothi> 5 months ago
d84fd6a : hal: Refactor HDMI backend configuration <Ashish Jain> 5 months ago
 
**** cm:LineageOS/android_hardware_qcom_display ****
3dfb72a : sdm: Always include kernel headers <Steve Kondik> 3 months ago
3c389e0 : Fix duplicate copy file rules <Dan Willemsen> 11 months ago
5ab047e : display: Cleanup flags <Rashed Abdel-Tawab> 4 months ago
381813d : Don't build lights module if vendor supplies it <Steve Kondik> 2 years, 2 months ago
8908ec8 : display: Use project pathmap <Ethan Chen> 2 years, 2 months ago
c389835 : libmemtrack: Revert back the AOSP copyright years to 2013 <Hareesh Gundu> 4 weeks ago
821a952 : libmemtrack: Revert back the AOSP copyright years to 2013 <Hareesh Gundu> 4 weeks ago
e40aaa8 : libmemtrack: fix ion memory tracking <Santhosh Punugu> 10 weeks ago
91893f4 : sdm: Fix infinite frame invalidates during camera bandwidth mode change. <Namit Solanki> 3 months ago
991bba0 : sdm: Issue two null commits for command mode panels <Anjaneya Prasad Musunuri> 9 weeks ago
9c08f1f : sdm: Force flush on primary when external displays are connected <Anjaneya Prasad Musunuri> 9 weeks ago
a3762af : sdm: Avoid flush for command mode panels <Anjaneya Prasad Musunuri> 3 months ago
f002b39 : sdm : Allow configurable sdm layer limit for external <Namit Solanki> 4 months ago
a296ab7 : sdm : Reset cached auto_refresh_ variable during suspend. <Namit Solanki> 3 months ago
6362750 : qdMetadata: Fix potential memory leak in copyMetaData <Baldev Sahu> 3 months ago
967d021 : qdutils: Add VT timestamp to the metadata <Naseer Ahmed> 5 months ago
f9fe7dc : qdutils: Provide a way to reset MetaData key <Prabhanjan Kandula> 5 months ago
cf33667 : hwc: Get solid-fill color from HWC Dim Layer <Sushil Chauhan> 5 months ago
694e4b3 : sdm: Add property to define max video upscaling limit. <Dileep Marchya> 5 months ago
6f1512e : sdm: color-manager: Frame capture interface. <Alan Kwong> 5 months ago
6b62ce6 : sdm: Correct time calculation logic <Sravan Kumar D.V.N> 5 months ago
f229e15 : HWC: Do not set Primary's powermode for Virtual Display <Pullakavi Srinivas> 5 months ago
e592004 : sdm: core: Handle ESHUTDOWN error from fb driver <Rajesh Yadav> 5 months ago
f8d5f82 : Revert "gralloc: Return an error if the buffer was not mapped" <Naseer Ahmed> 5 months ago
14a1fc6 : sdm: Add support for adaptive variable refresh feature <Ramkumar Radhakrishnan> 6 months ago
9d68cdf : sdm: Add support to query display port information. <Ramkumar Radhakrishnan> 7 months ago
ae1179c : sdm: color-manger: hw interface for PA dither. <Alan Kwong> 6 months ago
68a58cf : sdm: color-manager: IGC V3 implementation. <Alan Kwong> 7 months ago
e1534f2 : sdm: Add factory methods for HWInterface object creation <Saurabh Shah> 6 months ago
c4c6e2d : sdm : Add QTI_BSP flag to disable rotation animation. <Namit Solanki> 6 months ago
6995cc9 : sdm: hwc: Fix CPU hint toggling issue <Rajesh Yadav> 6 months ago
46204e3 : gralloc: Set default CSC to 601 <Pullakavi Srinivas> 6 months ago
2deefa4 : sdm: Add new line character to mode string <Anjaneya Prasad Musunuri> 6 months ago
e7014a3 : sdm: Fix lint error <Ramkumar Radhakrishnan> 6 months ago
2976276 : sdm: Fix return value of DynLib::Open method. <Dileep Marchya> 6 months ago
536c7d6 : sdm: hwc2: Enable SolidFill <Arun Kumar K.R> 7 months ago
7d2543b : hwc: cwb: Fix typo causing incorrect variable usage <Saurabh Shah> 6 months ago
13e3040 : sdm: Enable only required events in poll. <Anjaneya Prasad Musunuri> 6 months ago
a1f37b1 : sdm: Fix Dynamic frame rate issue <Manoj Kumar AVM> 6 months ago
57b9ae2 : sdm: Reconfigure display on SetRefreshRate <Manoj Kumar AVM> 6 months ago
1de4ac3 : sdm: Fix dynamic refresh rate setting during S3D video playback. <Ramkumar Radhakrishnan> 6 months ago
d77d054 : sdm: Add binder support to force set HDMI framerate <feifanz> 8 months ago
e076bf1 : sdm: Power on HDMI panel when pluged in <feifanz> 7 months ago
7a86b84 : gralloc: Return an error if the buffer was not mapped <Naseer Ahmed> 8 months ago
1cc99c3 : sdm: Add mode chose for dynamic framerate switch <feifanz> 7 months ago
c644266 : display-hal: Exclude HWC libs compilation. <Pullakavi Srinivas> 7 months ago
2a00854 : sdm: Close current file stream. <Dileep Marchya> 6 months ago
c84dc1b : sdm: Replace dynamic arrays with vectors. <Dileep Marchya> 7 months ago
9bc1a78 : libgralloc: Enable UBWC output buffers for Writeback displays <Jeykumar Sankaran> 1 year, 1 month ago
c29803d : sdm: Refactor locking in Display* classes <Saurabh Shah> 7 months ago
 
**** cm:LineageOS/android_hardware_qcom_media ****
64e0fc1 : mm-video: Disable proprietary extension <Steve Kondik> 3 months ago
becaa72 : venc: Fix VQZip issue <Steve Kondik> 5 months ago
d322c9f : vidc: Fix makefiles <Steve Kondik> 1 year, 9 months ago
0e5dd32 : media: Avoid collision with FFMPEG plugin <Steve Kondik> 2 years, 8 months ago
671cbd6 : media: Use project pathmap <Ethan Chen> 1 year, 10 months ago
ab14ba5 : mm-video-v4l2: Add support for AllocateNativeHandle extension <Manikanta Kanamarlapudi> 3 months ago
a6aaddf : mm-video-v4l2: vdec: Dont reset clocks if clocks requested turbo <Abdulla Anam> 4 months ago
b4832b6 : mm-video-v4l2: Add openmax interface to disable PQ <Vikash Garodia> 2 months ago
b78251f : mm-video-v4l2: vidc: venc: Optimize PQ init <Saurabh Kothawade> 4 months ago
02aae9d : mm-video : check input before allocating memory to filename <Anubhav Phukan> 2 months ago
cf3aedf : mm-video : corrects dumping logic <Anubhav Phukan> 3 months ago
21c6de2 : mm-video: swvenc: Set color format properly for different buffer types. <Manikanta Sivapala> 4 months ago
70c38a7 : swvenc : Sanitize buffer to native colorformat <Manikanta Sivapala> 3 months ago
a943e10 : mm-video-v4l2: vdec: Disallow input usebuffer for secure case <Praveen Chavan> 4 months ago
6151dc4 : swvenc : Sanitize buffer to native colorformat <Manikanta Sivapala> 3 months ago
199c624 : mm-video-v4l2: vdec: Change preferred color format default order <Arun Menon> 1 year, 2 months ago
3911a28 : mm-video-v4l2: venc: Remove support of temporal layers <Abdulla Anam> 3 months ago
930fec8 : mm-video: Return proper errror for unsupported flexi color format. <Manikanta Sivapala> 4 months ago
30cd1f2 : mm-video-v4l2: Fix issue with extradata handling <Surajit Podder> 4 months ago
44cd728 : mm-video-v4l2: vidc: venc: Remove unspported Levels <Praneeth Paladugu> 8 months ago
2b5c955 : mm-video-v4l2: Update max level at baseline profile to 5.2 <Surajit Podder> 4 months ago
a896cb2 : mm-video: remove hevc sw decoder and encoder files <Manikanta Sivapala> 4 months ago
6256970 : media: video: Remove idle legacy code <Vikash Garodia> 4 months ago
60a0cb9 : mm-video-v4l2: vdec: Disallow changing buffer modes/counts on allocated ports <Praveen Chavan> 5 months ago
47cf719 : mm-video-v4l2: venc: Disallow changing buffer count/size on allocated port <Praveen Chavan> 5 months ago
7a6a983 : mm-video: swvenc: Return proper error for unsupported config types. <Manikanta Sivapala> 4 months ago
a9cb51d : mm-video-v4l2: vdec: Disallow changing buffer modes/counts on allocated ports <Praveen Chavan> 5 months ago
687261d : mm-video-v4l2: venc: Disallow changing buffer count/size on allocated port <Praveen Chavan> 5 months ago
394e985 : mm-video: Handle buffers for surface encode properly. <Manikanta Sivapala> 4 months ago
d2579fc : mm-core: Define shared params between Video and Camera <Manikanta Sivapala> 5 months ago
170bbc7 : mm-video-v4l2: Maximum Supported Size for MPEG4 Encoder <Anubhav Phukan> 4 months ago
78c206a : mm-video-v4l2: vidc: vdec: modify mpeg2 EOS ts in arbitrary mode <Qiwei Liu> 5 months ago
6dd52b6 : mm-video-v4l2: venc: Add null check for handle <Abdulla Anam> 4 months ago
d670565 : mm-video-v4l2: venc: Avoid release_meta_buffer call for batchmode <Abdulla Anam> 5 months ago
ab601a5 : mm-video-v4l2: vdec: Update framesize only from valid buffers <Abdulla Anam> 5 months ago
5afe665 : mm-video-v4l2: vdec: Fix memory leak in secure wfd usecase. <Abdulla Anam> 4 months ago
438e563 : mm-video-v4l2: vidc: venc: Enable PQ in batch-mode <Saurabh Kothawade> 5 months ago
369d775 : mm-video-v4l2: vidc: venc: Fix PQ issues <Amit Shekhar> 5 months ago
1e57bb9 : mm-video-v412: vidc: venc: Enable PQ for UBWC input <Amit Shekhar> 5 months ago
7e777a1 : mm-video-v4l2: vidc: venc: Add Adaptive QP support <Amit Shekhar> 5 months ago
552884b : mm-video-v4l2: Reset linear format on buffer <Surajit Podder> 5 months ago
2dc2793 : mm-video-v4l2: vdec: Update framesize only from valid buffers <Abdulla Anam> 5 months ago
a50974a : mm-video-v4l2: venc: Use proper v4l2_control for H263 GOB <Abdulla Anam> 5 months ago
9cbed77 : mm-video-v4l2: vdec: Avoid switching color format in handle_extradata <Abdulla Anam> 5 months ago
442e819 : mm-core:add muxer component to support mux feature <Deng Zhao> 5 months ago
a6e2ca3 : mm-video-v4l2: venc: Configure intra preriod for HEVC <Praveen Chavan> 7 months ago
b55cc30 : media: update to new OMX layering structs <Praveen Chavan> 6 months ago
1dd4d63 : mm-video-v4l2: venc: add support for encoding temporal layers <Praveen Chavan> 9 months ago
116c533 : mm-video-v4l2: vidc: fix matching of extension strings <Praveen Chavan> 10 months ago
2d1c8ec : mm-video-v4l2: vidc: Fix read/write colorspace from/to gralloc-handle <Praveen Chavan> 5 months ago
 
**** cmold:android_kernel_htc_msm8960 ****
8d1988f : Linux 3.4.113 <Zefan Li> 2 months ago
887cbce4 : net: Fix use after free in the recvmmsg exit path <Arnaldo Carvalho de Melo> 10 months ago
1c8544a : mm, gup: close FOLL MAP_PRIVATE race <Michal Hocko> 3 months ago
86eecef : net/core: revert "net: fix __netdev_update_features return.." and add comment <Nikolay Aleksandrov> 1 year, 2 months ago
17fd6bb : ser_gigaset: use container_of() instead of detour <Paul Bolle> 11 months ago
3442883 : ser_gigaset: remove unnecessary kfree() calls from release method <Tilman Schmidt> 1 year, 1 month ago
658ba62 : xen/pciback: Save the number of MSI-X entries to be copied later. <Konrad Rzeszutek Wilk> 11 months ago
98c6556 : mm, vmstat: fix wrong WQ sleep when memory reclaim doesn't make any progress <Tetsuo Handa> 11 months ago
8c095d3 : time: Prevent early expiry of hrtimers[CLOCK_REALTIME] at the leap second edge <John Stultz> 1 year, 7 months ago
d91a2aa : tcp: make challenge acks less predictable <Eric Dumazet> 6 months ago
00e9ff5 : Revert "USB: Add OTG PET device to TPL" <Zefan Li> 3 months ago
7862b8a : Revert "USB: Add device quirk for ASUS T100 Base Station keyboard" <Zefan Li> 3 months ago
d64519b : Fix incomplete backport of commit 0f792cf949a0 <Zefan Li> 3 months ago
6883832 : Fix incomplete backport of commit 423f04d63cf4 <Zefan Li> 3 months ago
af706ac : ipv6: fix handling of blackhole and prohibit routes <Nicolas Dichtel> 4 years, 4 months ago
a4ea625 : ipv6: don't call fib6_run_gc() until routing is ready <Michal Kubeček> 3 years, 4 months ago
3b02ae3 : ipv6: update ip6_rt_last_gc every time GC is run <Michal Kubeček> 3 years, 5 months ago
cc63957 : sctp: Prevent soft lockup when sctp_accept() is called during a timeout event <Karl Heiss> 1 year, 3 months ago
d78e776 : drm/radeon: fix hotplug race at startup <Dave Airlie> 1 year, 5 months ago
088be96 : udp: properly support MSG_PEEK with truncated buffers <Eric Dumazet> 1 year ago
538b3c0 : net: Fix skb csum races when peeking <Herbert Xu> 1 year, 6 months ago
c6192e5 : USB: ti_usb_3410_502: Fix ID table size <Ben Hutchings> 1 year ago
5781d89 : af_unix: fix a fatal race with bit fields <Eric Dumazet> 3 years, 8 months ago
edd3224 : net: possible use after free in dst_release <Francesco Ruggeri> 1 year ago
626c6e6 : ftrace/scripts: Fix incorrect use of sprintf in recordmcount <Colin Ian King> 1 year ago
42d0b53 : mm/memory_hotplug.c: check for missing sections in test_pages_in_a_zone() <Andrew Banman> 1 year ago
c173fef : ocfs2: fix BUG when calculate new backup super <Joseph Qi> 1 year ago
2c16580 : ipv6/addrlabel: fix ip6addrlbl_get() <Andrey Ryabinin> 1 year, 1 month ago
5244151 : parisc: Fix syscall restarts <Helge Deller> 1 year, 1 month ago
87f4dcb : KEYS: Fix race between read and revoke <David Howells> 1 year, 1 month ago
7a42c72 : USB: fix invalid memory access in hub_activate() <Alan Stern> 1 year, 1 month ago
681e285 : USB: ipaq.c: fix a timeout loop <Dan Carpenter> 1 year, 1 month ago
c053c99 : xen/pciback: Don't allow MSI-X ops if PCI_COMMAND_MEMORY is not set. <Konrad Rzeszutek Wilk> 1 year, 2 months ago
7e8c20a : xen/pciback: For XEN_PCI_OP_disable_msi[|x] only disable if device has MSI(X) enabled. <Konrad Rzeszutek Wilk> 1 year, 9 months ago
073a5ac : xen/pciback: Do not install an IRQ handler for MSI interrupts. <Konrad Rzeszutek Wilk> 1 year, 2 months ago
8f805de : xen/pciback: Return error on XEN_PCI_OP_enable_msix when device has MSI or MSI-X enabled <Konrad Rzeszutek Wilk> 1 year, 2 months ago
d3ec886 : xen/pciback: Return error on XEN_PCI_OP_enable_msi when device has MSI or MSI-X enabled <Konrad Rzeszutek Wilk> 1 year, 9 months ago
550fe25 : xen/pciback: Save xen_pci_op commands before processing it <Konrad Rzeszutek Wilk> 1 year, 2 months ago
a7bc1af : xen-blkback: only read request operation from shared ring once <Roger Pau Monné> 1 year, 2 months ago
f97ed0a : xen-netback: use RING_COPY_REQUEST() throughout <David Vrabel> 1 year, 2 months ago
ac2ce7e : xen-netback: don't use last request to determine minimum Tx credit <David Vrabel> 1 year, 2 months ago
ffac746 : xen: Add RING_COPY_REQUEST() <David Vrabel> 1 year, 2 months ago
334e907 : ftrace/scripts: Have recordmcount copy the object file <Steven Rostedt (Red Hat)> 1 year, 1 month ago
38b8ae4 : scripts: recordmcount: break hardlinks <Russell King> 1 year, 1 month ago
1b17302 : spi: fix parent-device reference leak <Johan Hovold> 1 year, 1 month ago
325c042 : ser_gigaset: fix deallocation of platform device structure <Tilman Schmidt> 1 year, 1 month ago
eeeeb97 : mISDN: fix a loop count <Dan Carpenter> 1 year, 1 month ago
0629784 : ARM: 8471/1: need to save/restore arm register(r11) when it is corrupted <Anson Huang> 1 year, 1 month ago
efd1710 : sh_eth: fix TX buffer byte-swapping <Sergei Shtylyov> 1 year, 1 month ago
7b4eaec : genirq: Prevent chip buslock deadlock <Thomas Gleixner> 1 year, 1 month ago
 
**** cmold:android_kernel_htc_msm8974 ****
e6e3c72 : defconfigs: cm->lineage <Dan Pasanen> 3 days ago
 
**** cmold:android_kernel_htc_msm8994 ****
3dd2f85 : msm: HTC: hima: rebrand to LineageOS <David Hays> 3 days ago
 
**** cmold:android_kernel_lge_g3 ****
2633431 : g3: cm->lineage <Dan Pasanen> 3 days ago
 
**** vanir:kernel_lge_msm8974 ****
e320bd8 : Drop compatibility symlinks <nuclearmistake> 13 hours ago
1c89d99 : g2: cm->lineage <Dan Pasanen> 3 days ago
 
**** cmold:android_kernel_motorola_msm8916 ****
cdee817 : prima: Fix Set/Clear MCBC ioctl transition in early suspend <Mukul Sharma> 5 weeks ago
2af44fa : wlan: Use sme_dhcp_start/stop_ind api for dhcp state <Arif Hussain> 4 weeks ago
69f45bc : prima: Fix VHT-80 IBSS stops beaconing <Subrat Dash> 3 weeks ago
3df4bb5 : wlan: Validate no.of RIC data desctiptors before use <Sreelakshmi Konamki> 3 weeks ago
614185b : wlan: Use heap memory for station_info instead of stack <SaidiReddy Yenuga> 4 weeks ago
3ffc16a : prima: Support for all MC packet when MCBCFilter is set 0/2 <mukul sharma> 6 weeks ago
064dce8 : prima: Create interface for updating cfg ini param <mukul sharma> 6 weeks ago
6e5e4f9 : wlan: Fix passive to active channel conversion issue <Abhishek Singh> 6 weeks ago
3b4db74 : prima: Validate station id <Manjeet Singh> 6 weeks ago
128a8ef : prima: Validate netlink packet length <Hanumanth Reddy Pothula> 3 months ago
09d1886 : prima: Validate pkt buffer size <Manjeet Singh> 6 weeks ago
cb72aef : prima: Validate station id <SaidiReddy Yenuga> 6 weeks ago
fe24c62 : prima: FTM: During unload, don't do LIM de-initialization <Hanumanth Reddy Pothula> 6 weeks ago
7f498fc : wlan: Avoid dereferencing suspicious pointer <Sreelakshmi Konamki> 7 weeks ago
b2cde06 : wlan: Fix Sequencing in config TLV <Anurag Chouhan> 6 weeks ago
412d2ad : prima: On thread stuck timer expire, call timer callback <Hanumanth Reddy Pothula> 8 weeks ago
d63eb13 : prima: Initialize thread stuck timer after driver loading is done <Hanumanth Reddy Pothula> 8 weeks ago
5ff4f39 : wlan: Send number of radios in radio stats <Ravi Kumar Bokka> 2 months ago
327b1f5 : wlan: Fix compilation error <SaidiReddy Yenuga> 2 months ago
8d5d820 : wlan: Generate bug report if scan rejected by driver <Sreelakshmi Konamki> 2 months ago
44e5e16 : wlan: Add callback handler for SSID scan request <Kapil Gupta> 2 months ago
c94bd36 : wlan: Cancel scan request before issuing connect request <Kapil Gupta> 2 months ago
681e761 : prima: Validate Adapter in scan done callback <c_manjee> 2 months ago
d911f45 : prima: Acquire read lock before accessing the address list <Srinivas Girigowda> 3 months ago
b5c40da : wlan: check for SSR in wlan_hdd_set_filter function <Agrawal, Ashish> 2 months ago
31d014b : prima: Fix oem data response length <Padma, Santhosh Kumar> 2 months ago
8dc3a85 : wlan: Use offset to get the ie length from bss descriptor <Abhishek Singh> 3 months ago
e9ee068 : Wlan: Release 3.0.11.66 <AnjaneeDevi Kapparapu> 3 months ago
811fb56 : Prima: Add config_ini configure BMISS & BWAIT <AnjaneeDevi Kapparapu> 3 months ago
e2a5396 : wlan: Del sta if auth frame is received while connecting <kaliu> 10 months ago
def8f31 : wlan: Do not trigger del sta if it is already in progress <Abhishek Singh> 7 months ago
b90bb51 : Wlan: Release 3.0.11.65 <AnjaneeDevi Kapparapu> 3 months ago
127e1f3 : wlan: Fix suspicious dereference of pointer <Sreelakshmi Konamki> 3 months ago
efc8aec : Wlan: Release 3.0.11.64 <AnjaneeDevi Kapparapu> 3 months ago
999f1ec : wlan: Destroy the lock before freeing WDA context <Sravan Kumar Kairam> 3 months ago
3dbfe57 : Wlan: Release 3.0.11.63 <AnjaneeDevi Kapparapu> 3 months ago
0d595d9 : wlan: Update qie_age->age to match the BSS age in the driver <Selvaraj, Sridhar> 3 months ago
cdacb23 : Prima: Change default value of gTDLSExternalControl <Aggarwal, Nishank> 3 months ago
5d170c7 : Wlan: Release 3.0.11.62 <AnjaneeDevi Kapparapu> 3 months ago
d4775f0 : wlan: Add SSR protect for ndo hard_start_xmit ops <SaidiReddy Yenuga> 3 months ago
d56d361 : wlan: Cancel remain on channel without con mode <Agrawal Ashish> 3 months ago
550ab81 : wlan: Fix GuestAP start up failure when PrimaryAP specifies [HT40] <Agrawal Ashish> 3 months ago
3150873 : ANDROID: sdcardfs: Fix locking issue with permision fix up <Daniel Rosenberg> 9 days ago
198dfc5 : ANDROID: vfs: Missed updating truncate to truncate2 <Daniel Rosenberg> 9 days ago
8f818a5 : sdcardfs: Change magic value <Daniel Rosenberg> 7 weeks ago
a0b1757 : sdcardfs: Use per mount permissions <Daniel Rosenberg> 2 months ago
2dda0ba : sdcardfs: Add gid and mask to private mount data <Daniel Rosenberg> 2 months ago
1de9ad1 : sdcardfs: User new permission2 functions <Daniel Rosenberg> 2 months ago
073332d : vfs: Add setattr2 for filesystems with per mount permissions <Daniel Rosenberg> 2 months ago
15a62f7 : vfs: Add permission2 for filesystems with per mount permissions <Daniel Rosenberg> 2 months ago
 
**** cmold:android_kernel_samsung_d2 ****
d351f11 : d2: cm->lineage <Dan Pasanen> 3 days ago
 
**** vanir:packages_apps_Contacts ****
e969e04 : Themes: Expose hardcoded layout and styles colors <beanstown106> 1 year, 2 months ago
 
**** vanir:packages_apps_ContactsCommon ****
8287180 : Themes: Expose hardcoded contact tile text colors <bgill55> 1 year, 11 months ago
 
**** vanir:packages_apps_Dialer ****
c473e37 : Themes: InCallUI dialpad digits color <George G> 7 weeks ago
91e510e : Themes: Separate background color from text color <Alex Cruz> 8 months ago
 
**** vanir:packages_apps_ExactCalculator ****
52de819 : Themes: Expose all elevations <Abdulwahab Isam> 4 months ago
5fb9c66 : Themes: Expose hard coded background in java <Bryan Owens> 1 year ago
 
**** vanir:packages_apps_PhoneCommon ****
45cd17c : Themes: Make dialpad seperator line theme-able <Thyrus11> 1 year, 11 months ago
 
**** vanir:packages_apps_Settings ****
ac8bd97 : Expose color for external settings icons <Clark Scheff> 13 days ago
1f4bc69 : Settings: Set root access options appropriately <Tom Marshall> 6 months ago
8ad6074 : Hide the "show/hide overlays" when no overlay installed <Ivan Iskandar> 3 weeks ago
0cd5916 : Exclude overlays from the app counter <Ivan Iskandar> 4 weeks ago
ea40b89 : OMS7-N: Apps: show/hide Substratum icon overlays [2/2] <Kuba Schenk> 5 weeks ago
6b6b9e8 : OMS7-N: Apps: show/hide Substratum overlays [2/2] <George G> 6 months ago
63634ad : Settings: Expose LinearColorBar default colors <SpiritCroc> 4 weeks ago
eb04bde : Settings: Expose storage icon colors <SpiritCroc> 4 weeks ago
dad0be1 : Settings: Expose gesture settings switchbar <daveyannihilation> 6 weeks ago
7d1ed0e : Settings: Expose storage summary text <George G> 1 year, 2 months ago
4bff13c : Settings: Expose condition card colors <daveyannihilation> 4 months ago
cbfb5d5 : Settings: Expose dashboard category and tile color <Ivan Iskandar> 4 months ago
 
**** cm:LineageOS/android_packages_resources_devicesettings ****
4464b7a : Fix malformed XML <Silesh K Nair> 19 hours ago
e46e4d5 : Add strings for fingerprint sensor wake-up <Bruno Martins> 8 days ago
 
**** vanir:system_sepolicy ****
74a17c4 : OMS-N: Add service 'overlay' to service_contexts <Mårten Kongstad> 1 year, 7 months ago
ecce491 : OMS7-N: Add service 'overlay' to service_contexts <Mårten Kongstad> 1 year, 7 months ago
 
**** commotio:commotio ****
f2f5769 : Fixa the bacon <DHOMD> 5 hours ago
 
**** vanir:vendor_vanir ****
6701410 : Experimental substratium picker <DHOMD> 7 days ago
1685623 : Make the entire pack of bacon <DHOMD> 5 hours ago
3f4c385 : Fix Vanir_Version naming,... but GAPPs beware <DHOMD> 6 hours ago
7693234 : No tree? No lunch. <nuclearmistake> 27 hours ago
 
