
**** cm:LineageOS/android_device_samsung_noblelte-common ****
cfbb49e : sepolicy: Add missing trustzone property context <Christopher N. Hesse> 8 hours ago
7fafe43 : sepolicy: Initial fingerprint support <Christopher N. Hesse> 5 days ago
85e4100 : sepolicy: Fix file labelling <Christopher N. Hesse> 5 days ago
7896e42 : noblelte: Tackle efs/tee denials <Christopher N. Hesse> 11 days ago
514d8bd : noblelte: Tackle camera firmware denials <Christopher N. Hesse> 11 days ago
6cc358c : noblelte: Animate screen-off <Christopher N. Hesse> 12 days ago
9cd21b3 : noblelte: Fix mediacodec sepolicy <Christopher N. Hesse> 5 weeks ago
5681a14 : noblelte: Enforce seccomp immediate evaluation <Christopher N. Hesse> 9 weeks ago
b20c429 : sepolicy: Remove explicit file labeling from daemons <Christopher N. Hesse> 9 weeks ago
a72cb3d : noblelte: Work around video streaming bug <Christopher N. Hesse> 3 months ago
62d6831 : noblelte: Remove modemloader policy <Christopher N. Hesse> 2 days ago
 
**** cm:LineageOS/android_device_xiaomi_kenzo ****
005e9ae : kenzo: Only support modem from marshmallow release <TheStrix> 4 days ago
02b49ff : kenzo: Drop fp wrapper to dynamically select fp HAL <TheStrix> 6 days ago
 
**** cm:LineageOS/android_device_xiaomi_msm8956-common ****
a21c907 : msm8956: Add modem assertion check <TheStrix> 4 days ago
c9c34c1 : msm8956: Write USB device info only once <Luca Stefani> 8 weeks ago
6c14b03 : msm8956: Clean up kernel cmdline <xboxfanj> 1 year, 4 months ago
 
**** cm:LineageOS/android_hardware_qcom_media ****
b49f2c0 : Fix duplicated OMX.qcom.audio.decoder.aac entry <Keith Mok> 1 year, 5 months ago
 
**** cmold:android_kernel_lge_msm8992 ****
deaa136 : qseecom: remove entry from qseecom_registered_app_list <Mallikarjuna Reddy Amireddy> 6 months ago
5efade8 : ASoC: msm-cpe-lsm: cleanup ioctl functions <Walter Yang> 5 months ago
17b57f1 : ASoC: soc: change audio cpe drivers to use %pK <Xiaojun Sang> 8 months ago
 
**** cmold:android_kernel_samsung_smdk4412 ****
349a3e9 : smdk4412: Deal with "mdm_hsic_pm0" wakelock <Filip Blagojevic> 33 hours ago
 
**** cmold:android_kernel_xiaomi_msm8956 ****
09411af : msm: qpnp-haptic: Process haptics asynchronously <Sultanxda> 9 months ago
92166fe : qpnp-haptic: Dejank the haptics <Steve Kondik> 10 months ago
63b4ab9 : staging: prima: Fix non-debug build and switch to it <Gabriele M> 1 year, 9 months ago
 
