
**** aosp:platform/cts ****
2725b28 : Selectively delete files from the sdcard <Nicholas Sauer> 6 weeks ago
12adff4 : DO NOT MERGE: Revert "Add build number into CTS Verifier." <Leo Wang> 6 weeks ago
cc728ce : CTS: PO tests for DISALLOW_CONFIG_VPN <Mahaver Chopra> 9 weeks ago
26f8a4d : Fixed CtsVerifier version <Daniel Xie> 6 weeks ago
d7cad88 : Revert "DO NOT MERGE: Fix Bitmap and NinePatch drawable tests for non-mdpi devices" <Daniel Xie> 6 weeks ago
7712881 : Revert "Revert "CTS: Tests for DISALLOW_CONFIG_VPN"" <Mahaver Chopra> 7 weeks ago
c300031 : Revert "CTS: Tests for DISALLOW_CONFIG_VPN" <Daniel Xie> 7 weeks ago
92ad9e4 : Make AES*CipherTest explicitly use Android Keystore Provider. <Alex Klyubin> 7 weeks ago
d3169b6 : TIF: Make sure that Cursor.moveToNext() is called before using Cursor <Dongwon Kang> 2 months ago
3e3e4ab : removing android.security.cts.ServicePermissionsTest#testDumpProtected from knownfailures <Daniel Xie> 7 weeks ago
a14e074 : DO NOT MERGE: Remove DeadObjectException from dumpservice failure condition. <dcashman> 4 months ago
f60373a : Revert "Camera: mark testFocusDistanceControl known failure" <Yin-Chia Yeh> 7 weeks ago
bd290de : disable a bunch of test failures for CTS 6.0R2 <Daniel Xie> 7 weeks ago
45dd49f : Camera: mark testFocusDistanceControl known failure <Yin-Chia Yeh> 7 weeks ago
4e485e6 : EncodeDecodeTest: use timeout for decoder.dequeueInputBuffer <Marco Nelissen> 7 weeks ago
92eba40 : Revert "DO NOT MERGE CTS device-side preconditions for MNC" <Aaron Holden> 7 weeks ago
e989c0c : Revert "DO NOT MERGE CTS host-side preconditions for MNC" <Aaron Holden> 7 weeks ago
edf584b : Dynamically load the list of runtime permissions. <Alain Vongsouvanh> 7 weeks ago
d001dbc : Added location tests for BYOD in cts-verfier. <Haiming Bao> 7 weeks ago
1296058 : DO NOT MERGE: Bumping CTS/CTS Verifier version to CTS 6.0R2. <Daniel Xie> 7 weeks ago
0efe735 : Relieve Sensor Event Gap Test Criterion <Peng Xu> 2 months ago
40af6fa : Don't run Wifi scan timestamp tests when location is turned off. <Wei Wang> 9 weeks ago
60b9818 : Add a build for CTS Verifier framework library. <Kevin Ma> 9 weeks ago
52013e1 : Fix for Idle Mode Constraint test <Shreyas Basarge> 8 weeks ago
d8972ff : DO NOT MERGE CTS host-side preconditions for MNC <Aaron Holden> 2 months ago
b5f74c3 : Fix android.os.cts.SeccompTest#testKernelBasicTests under Android Native Bridge. <Robert Sesek> 8 weeks ago
5a5a2bb : Add reference url to XML reports <Nicholas Sauer> 8 weeks ago
c891087 : media: Add volatile to mThreadStarted to make sure the thread can stop properly. <Ronghua Wu> 8 weeks ago
2ef9c1b : DO NOT MERGE: Fix Bitmap and NinePatch drawable tests for non-mdpi devices <Alan Viverette> 9 weeks ago
3d6f8bb : DO NOT MERGE CTS device-side preconditions for MNC <Aaron Holden> 9 weeks ago
bb1d5a7 : Update the build version to 6.0.1. <Daniel Xie> 9 weeks ago
b068f19 : Adjust telecom setup timeout values to be more generous <Christian Bejram> 3 months ago
ac4c6d7 : Update 320dpi & 360dpi small/normal memory requirements <Zach Johnson> 3 months ago
bdfeea4 : CTS Verifier fix latency estimation for Loopback test <rago> 3 months ago
5863eaf : Use FLAG_RECEIVER_FOREGROUND for ordered broadcasts <Fyodor Kupolov> 9 weeks ago
2cb7235 : Revert "DO NOT MERGE ANYWHERE: mark known failure camera tests" <Yin-Chia Yeh> 9 weeks ago
1b64814 : media: DecoderTest: make sure we call AudioTrack.stop() <Eric Laurent> 3 months ago
e8a13b1 : Fix for Frequency Tests to match CDD requirements <Ricardo Garcia> 9 weeks ago
e5ea9d7 : DO NOT MERGE ANYWHERE: mark known failure camera tests <Yin-Chia Yeh> 9 weeks ago
dbe0410 : camera2: Clean up render script context <Chien-Yu Chen> 9 weeks ago
ad3e7df : Skip assist CTS tests on low ram devices <Alice Lee> 9 weeks ago
3ef522a : Fix the issue in testCalculateLength <Xia Ying> 9 weeks ago
147c5b1 : Remove a cross-profile app linking test. <Nicolas Prevot> 9 weeks ago
72ebd2f : Runtime hint for android.adminhostside CTS test <Jed Estep> 9 weeks ago
fde5384 : CTS: Tests for DISALLOW_CONFIG_VPN <Mahaver Chopra> 2 months ago
0c4e033 : remove TYPE_ORIENTATION sensor requirement. <Gwendal Grignou> 2 months ago
8ea1911 : Fix timeout for testCanInstallValidRsaKeypair in hostsidetests <Junjie Hu> 2 months ago
0b8a4c0 : DO NOT MERGE media: add mpeg4 qcif test to VideoDecoderPerfTest. <Ronghua Wu> 3 months ago
62b69b9 : Refactoring the updatePassButton methods <Haiming Bao> 2 months ago
363df32 : Camera: skip unsupported stream combination <Yin-Chia Yeh> 2 months ago
 
**** cm:CyanogenMod/android_device_htc_m8-common ****
cae28cf : Revert "sepolicy: Fixes for external storage denials" <Daniel Hillenbrand> 7 hours ago
8bf202d : sepolicy: Fixes for external storage denials <codeworkx> 3 days ago
 
**** vanir:device_huawei_angler ****
a1af427 : sepolicy: fix netmgr and vold denials <beanstown106> 5 weeks ago
3b3b45f : angler: Enable Wifi Display and fix screen mirroring <doc> 11 months ago
5b77bd5 : Revert "security checks removal to stop annoying startup warning" <nuclearmistake> 2 days ago
b4b5af0 : Revert "Update angler CPU variants." <nuclearmistake> 4 days ago
 
**** cm:CyanogenMod/android_device_lge_d855 ****
de0f4d3 : d855: update fingerprint <Dan Pasanen> 3 days ago
 
**** vanir:device_lge_g3-common ****
b89ba61 : g3: Unlock the GPS <Christopher R. Palmer> 7 months ago
0665307 : Revert "gps: add GPS set privacy" <Dan Pasanen> 10 days ago
6d97133 : g3: remove deprecated cwm flag <Dan Pasanen> 3 days ago
 
**** cm:CyanogenMod/android_device_lge_g4-common ****
c1bc98c : g4: sepolicy: move external storage policies to vendor/cm <codeworkx> 7 hours ago
8b0a15e : g4: cleanup <codeworkx> 12 hours ago
2a8eb7c : g4: bluetooth: fix bluesleep wakelock <codeworkx> 12 hours ago
e73e83a : g4: audio: add missing volume settings <codeworkx> 13 hours ago
6279585 : init: shim liblge.so rather than preloading it globally <Dan Pasanen> 5 weeks ago
878c70b : g4: vold: re-add accidently removed policy <codeworkx> 2 days ago
4fd9391 : g4: support exfat via fuse <codeworkx> 2 days ago
 
**** vanir:device_motorola_msm8226-common ****
ca30def : msm8226-common: Enable disableWifiApFirmwareReload <Luca Stefani> 2 days ago
 
**** cm:CyanogenMod/android_device_motorola_msm8610-common ****
0fab592 : MotoDoze: add extra classname to gesture panel fragment <Dan Pasanen> 4 days ago
5b83183 : MotoDoze: remove gesture settings summary <Sultan Qasim Khan> 3 days ago
 
**** vanir:device_motorola_omap4-common ****
42241a9 : Revert "sepolicy: Fixes for external storage denials" <Daniel Hillenbrand> 7 hours ago
1e024ee : sepolicy: Fixes for external storage denials <codeworkx> 3 days ago
 
**** cm:CyanogenMod/android_device_motorola_osprey ****
1898485 : cmhw: add isSelfManaged to SunlightEnhancement <Dan Pasanen> 3 weeks ago
8347797 : osprey: Update SELinux policy for M <Alberto97> 9 weeks ago
 
**** cm:CyanogenMod/android_device_motorola_victara ****
2a8867d : mkbootimg: don't use -e for lzma compression <Dan Pasanen> 34 hours ago
b67d57f : wifi: update wcnss from MPE24.49-18 <Dan Pasanen> 3 days ago
e3fee41 : victara: remove all teh shims! <Dan Pasanen> 2 days ago
593e709 : Revert "victara: Enable temporary workaround for gralloc issue" <Dan Pasanen> 6 weeks ago
298fee7 : Revert "victara: build libstlport" <Dan Pasanen> 7 weeks ago
d5a525d : Revert "victara: Add boringssl-compat wrapper" <Dan Pasanen> 7 weeks ago
9d2a651 : victara: update blobs from M <Dan Pasanen> 7 weeks ago
 
**** vanir:device_oneplus_bacon ****
5807f91 : bacon: More CTS fixes <Steve Kondik> 2 days ago
3997d88 : bacon: overlay: fix typo <Alex Naidis> 11 days ago
601aad5 : bacon: Refresh VP8 performance metrics <Steve Kondik> 2 days ago
4d1288e : bacon: Fix CTS failure <Steve Kondik> 3 days ago
 
**** github:ashwinr64/android_device_oneplus_onyx ****
df75df5 : onyx: Fix SD once for all <Ashwin Ramesh> 2 days ago
4f50539 : onyx: We dont support dual band <Ashwin Ramesh> 2 days ago
ee3c400 : onyx: Update fstab for MM <Ashwin Ramesh> 4 days ago
 
**** cm:CyanogenMod/android_device_samsung_hlte-common ****
6d60fa8 : Remove depreciated overlays <DHOMD> 4 weeks ago
 
**** cm:CyanogenMod/android_device_samsung_i605 ****
b1c6e53 : i605: set prop for qanelements <sbrissen> 25 hours ago
 
**** vanir:device_samsung_klte-common ****
15d9488 : Revert "sepolicy: Fixes for external storage denials" <Daniel Hillenbrand> 7 hours ago
1e1d0f4 : sepolicy: Fixes for external storage denials <codeworkx> 3 days ago
29d4d78 : optimize tcp buffer settings from upstream <OzzysCmAcc> 9 days ago
 
**** vanir:device_samsung_smdk4412-qcom-common ****
0472409 : Disable ashmem tracking in parcels <forkbomb> 26 hours ago
 
**** vanir:device_samsung_t0lte ****
99a24ab : TARGET_REQUIRES_SYNCHRONOUS_SETSURFACE := true <rogersb11> 19 hours ago
9bc6208 : t0lte: fix RIL <sbrissen> 25 hours ago
 
**** vanir:device_sony_fusion3-common ****
1c846b9 : Update sepolicy to match with qcom/sepolicy <kamarush> 5 weeks ago
 
**** github:Team-Agni/vanir_armani ****
ded9b3f : Merge https://github.com/armani-dev/android_device_xiaomi_armani into m6 <mr-tweaker> 10 hours ago
a3509d6 : Merge https://github.com/armani-dev/android_device_xiaomi_armani into m6 <mr-tweaker> 3 days ago
 
**** github:Team-Agni/vanir_cancro ****
6f6d4c0 : Merge https://github.com/audahadi/android_device_xiaomi_cancro into m6 <mr-tweaker> 3 days ago
 
**** cm:CyanogenMod/android_external_stagefright-plugins ****
e13ea55 : stagefright-plugins: Refactor packet queue locking <Steve Kondik> 2 days ago
30ab9dc : stagefright-plugins: Fix shutdown deadlock <Steve Kondik> 3 days ago
 
**** vanir:frameworks_av ****
c39941d : libmedia: correct latency computing for TRANSFER_SYNC <Mingming Yin> 10 days ago
 
**** vanir:frameworks_base ****
1a15b47 : telephony: Hack GSM and LTE signal strength <Sultanxda> 3 months ago
84e9264 : Update default public notification view on notification update. <Danny Baumann> 3 days ago
 
**** cm:CyanogenMod/android_hardware_qcom_keymaster ****
052319e : keymaster: Allow 8952 to build <Ethan Chen> 8 days ago
 
**** cmold:android_kernel_lge_g3 ****
9dd52d9 : msm: camera: Place camera firmware in a sane location <Ethan Chen> 1 year, 3 months ago
 
**** cmold:android_kernel_lge_msm8992 ****
048bf1b : g4: disable native exfat support <codeworkx> 2 days ago
 
**** cmold:android_kernel_motorola_otus ****
c208748 : prima: bring back WLAN_NV_OTA_UPGRADE logic <Sultan Qasim Khan> 4 weeks ago
92e6ad6 : cpufreq: Correct the data reported in all_time_in_state <Nirmal Abraham> 3 months ago
712a74a : uid_cputime: Avoids double accounting of process stime, utime and cpu_power in task exit. <Ruchi Kandoi> 6 months ago
99b2d02 : uid_cputime: Extends the cputime functionality to report power per uid <Ruchi Kandoi> 9 months ago
a97bfa6 : Revert "proc: uid: fixing issues while back-porting upstream patch" <Sultan Qasim Khan> 3 days ago
6217479 : common: DMA-mapping: add DMA_ATTR_SKIP_CPU_SYNC attribute <Marek Szyprowski> 3 years, 7 months ago
919fc78 : arm: Skip DMA zeroing completely only if specified <Taniya Das> 1 year, 7 months ago
be3af08 : msm: ADSPRPC: Initialize hlist node pointers <Jessica Wagantall> 7 months ago
006b757 : mm: let kswapd test movable zone watermark with ALLOC_CMA <Yuanyuan Zhong> 7 months ago
bee38e9 : msm:cpp: Ignore hardware interrupt when timer expires <VijayaKumar T M> 4 months ago
1729e9c : msm:isp: handle duplicate frameid. <Alok Kediya> 4 months ago
6b0de91 : msm:camera: validate user space parameter for max and min value <Vasko Kalanoski> 4 months ago
e809a21 : msm:camera:isp: vfe num input validation during reset <VijayaKumar T M> 4 months ago
af86365 : msm: camera: fix write sensor settings issue <Vasko Kalanoski> 4 months ago
d883ccf : msm: camera: check size of allocated buffer to prevent overflow <Vasko Kalanoski> 4 months ago
98a0053 : esdfs: set proper permisison for root inode <Jiangli Yuan> 3 months ago
64ceff7 : drivers/misc: bmg160: Add a start up delay <Robert Wiegand> 3 months ago
7d5674d : radio-iris: Fix the issue with set calibration <Venkateshwarlu Domakonda> 5 months ago
72cd664 : USB: dwc3: ep0: Use WARN_ON_ONCE to fix message flooding issue <Vijayavardhan Vennapusa> 6 months ago
702ace4 : esdfs: check the hash table, even when unrestricted <Russ W. Knize> 3 months ago
f77c07c : Revert (CR) as this is not the correct approach <Russ W. Knize> 3 months ago
065d5f3 : defconfig: disable devmem and devkmem <Sultan Qasim Khan> 3 days ago
f2a902f : fs: esdfs: Remove the optimization to skip hash lookup. <Ravi Vembu> 3 months ago
73ddc8b : esdfs: parse the Android user ID from the correct root <Russ W. Knize> 4 months ago
54f2f32 : video: fb_quickdraw: Add sysfs debug entries for AoD buffers <Ashwin Pathmudi> 4 months ago
ba6b3bf : video: fb_quickdraw: Use kobject in fb_quickdraw buffer <Ashwin Pathmudi> 4 months ago
d5711c7 : video: fb_quickdraw: use read write semaphores for locking <Ashwin Pathmudi> 5 months ago
5e0e5f9c : msm: kgsl: Fix incorrect usage of pagetable entries counter <Patrick Auchter> 3 months ago
b9deb8b : msm: kgsl: Add support for KGSL_CMDBATCH_MARKER <Jordan Crouse> 1 year, 7 months ago
d5914a0 : msm: kgsl: Remove a race condition in the event processing code <Jordan Crouse> 1 year, 9 months ago
f1e42b9 : msm: kgsl: Refactor the GPU event engine <Sunil Khatri> 5 months ago
43147a8 : msm: kgsl: Allow memory lists along with command submission <Sunil Khatri> 5 months ago
fdef398 : msm: kgsl: Split out the context and command batch flags <Sunil Khatri> 5 months ago
5094ff2 : msm: kgsl: Support the KGSL_CONTEXT_CTX_SWITCH flag <Sunil Khatri> 5 months ago
367808e : msm: kgsl: Make global memory statistics atomic <Sunil Khatri> 6 months ago
a02b842 : msm: kgsl: check for NULL pointer access <Anupam Sakargayan> 7 months ago
af3eddc : msm: kgsl: Wake up snoozing threads on marker expiry <Anupam Sakargayan> 11 months ago
06ad817 : msm: kgsl: Elevate the priority of the thread during adreno start <Jordan Crouse> 1 year, 1 month ago
1537d28 : msm: kgsl: Disable index reg dump during snapshot <Anupam Sakargayan> 1 year, 1 month ago
ccf2b25 : msm: kgsl: Disable shader memory dump during snapshot <Anupam Sakargayan> 1 year, 1 month ago
f066fde : msm: kgsl: Ignore signals for ringbuffer timestamp waits <Shubhraprakash Das> 1 year, 4 months ago
7962b9f : msm: kgsl: Continue if an IB couldn't be dumped in snapshot <Lynus Vaz> 1 year, 3 months ago
d056418 : msm: kgsl: Fix race in active count wait <Shubhraprakash Das> 1 year, 2 months ago
4cc74de : msm: kgsl: Restrict GPU memory object alignment to 32MB <Jordan Crouse> 1 year, 7 months ago
c8548a9 : msm: kgsl: Mark mmapped objects with VM_DONTCOPY <Jordan Crouse> 1 year, 5 months ago
9d7e9d7 : msm: kgsl: Add ratelimit check to limit excessive kernel logging <Prabhat Awasthi> 1 year, 6 months ago
39c3b32 : msm: kgsl: Cleanup the memory free list <Jordan Crouse> 1 year, 7 months ago
fd3c3a7 : ion: Skip zeroing on secure buffers <Laura Abbott> 1 year, 7 months ago
e60428e : arm: Add option to skip buffer zeroing <Laura Abbott> 1 year, 7 months ago
4809a6f : msm: kgsl: Fix power api's used in fault interrupt sysfs control <Tarun Karra> 1 year, 10 months ago
 
**** cmold:android_kernel_oneplus_msm8974 ****
dbe7485 : Input: optimize events_per_packet count calculation <Anshul Garg> 1 year, 1 month ago
c382ff8 : msm: camera: isp: Process stats buffer followed by AXI buffer <Sreesudhan Ramakrish Ramkumar> 1 year, 2 months ago
0f2889b : msm:camera:isp: Make AB and IB equal for performance reasons <Harsh Shah> 10 months ago
abe2192 : msm: camera: Fix to release cci clocks <Viswanadha Raju Thotakura> 7 months ago
148c354 : msm: camera: Fix state machine for camera sensor subdevs <Viswanadha Raju Thotakura> 8 months ago
2d96cd5 : msm: camera: Adding interface for power operations in actuator driver <Evgeniy Borisov> 2 years, 1 month ago
71175f7 : camera_oppo_v2: Factory fix for CCI race condition <Steve Kondik> 35 hours ago
37509ce : msm: camera: Handle race condition on stream buffer ops <Azam Sadiq Pasha Kapatrala Syed> 9 months ago
a0820f8 : msm: jpeg: Make _msm_jpeg_open and _msm_jpeg_release atomic <Sunid Wilson> 9 months ago
9176512 : msm: cpp: Remove redundant kref get in cpp <Shuai Yuan> 6 months ago
03b433a : PM: don't use [delayed_]work_pending() <Tejun Heo> 3 years ago
cb54c4f : cpuidle: Wakeup only cpus for which qos has changed. <Mahesh Sivasubramanian> 1 year, 4 months ago
8056151 : msm: lpm-levels: Apply QoS requests only to relevant cpus. <Praveen Chidambaram> 1 year, 7 months ago
4cbc385 : msm: kgsl: Vote for new IRQ specific QoS request <Ananta Kishore K> 1 year, 5 months ago
3328b57 : qcom: msm: event-timer: Add eventimer migration framework <Murali Nalajala> 1 year, 4 months ago
2f1be2a : qos: Pass the list of cpus with affected qos to notifer <Mahesh Sivasubramanian> 1 year, 4 months ago
92f7cdb : QoS: Enhance framework to support cpu/irq specific QoS requests <Praveen Chidambaram> 1 year, 7 months ago
3e0dd7b : workqueue: Fix workqueue stall issue after cpu down failure <Se Wang (Patrick) Oh> 5 months ago
d477a34 : workqueue: clear POOL_DISASSOCIATED in rebind_workers() <Lai Jiangshan> 1 year, 7 months ago
163c076 : camera_oppo: Merge upstream updates <Steve Kondik> 2 days ago
7ee4340 : sysfs: check if one entry has been removed before freeing <Ming Lei> 2 years, 9 months ago
 
**** github:ashwinr64/android_kernel_oneplus_onyx ****
2269259 : prima: Import release LA.BF.1.1.3_rb1.6 <Ashwin> 2 days ago
 
**** vanir:platform_manifest ****
23a49b5 : Point manifest at official CTS release branch <Steve Kondik> 2 weeks ago
 
**** vanir:packages_apps_Settings ****
015130c : Fingerprint: Forward challenge extras <d34d> 3 days ago
 
**** commotio:commotio ****
44c0c0e : Bump <DHOMD> 22 hours ago
 
**** vanir:vendor_samsung ****
e8a0211 : t0lte: use D2's ks and rename for use with wrapper <sbrissen> 25 hours ago
 
**** vanir:vendor_vanir ****
5973f21 : cm: sepolicy: fix denials for external storage <codeworkx> 7 hours ago
8457a2e : sepolicy: label exfat and ntfs mkfs executables <codeworkx> 3 days ago
 
