
**** vanir:build ****
81f9070 : Build hacks <DHOMD> 3 months ago
 
**** vanir:device_google_marlin ****
6809870 : marlin: enable sound trigger <Dan Pasanen> 2 days ago
 
**** cm:LineageOS/android_device_htc_hiaeuhl ****
8fe5763 : hiaeuhl: cm => lineage <Ethan Chen> 20 hours ago
 
**** cm:LineageOS/android_device_htc_hiaeul ****
4fcfc43 : hiaeul: cm => lineage <Ethan Chen> 20 hours ago
 
**** vanir:device_huawei_angler ****
184a826 : I need a quieter lawn mover or a louder phone <DHOMD> 13 days ago
7d18208 : Update IMS paths in init.angler <DHOMD> 4 weeks ago
 
**** vanir:device_huawei_kiwi ****
089bf16 : kiwi: Remove extra checks in init.qcom.power.sh <Christopher R. Palmer> 35 hours ago
d61f8b3 : kiwi: Remove unused BoardConfig flags <Michael W> 10 days ago
 
**** vanir:device_lge_hammerhead ****
3929d11 : overlay: trim frameworks/base overlay <droidfivex> 5 weeks ago
 
**** cm:LineageOS/android_device_lge_ls990 ****
08ffe3c : ls990: fix proprietary-files.txt <Hendrik Hagendorn> 2 months ago
99b823f : ls990: Package libmdmdetect and libperipheral_client <Hendrik Hagendorn> 4 days ago
 
**** cm:LineageOS/android_device_oppo_msm8974-common ****
14c90bd : Port from bacon: Add blob to decrypt full-disk encryption of /data. <J. Joe Feise> 7 weeks ago
 
**** vanir:device_samsung_msm8960-common ****
715f8f4 : Update mpdecision sepolicy <DHOMD> 5 hours ago
7154730 : allow bootanim sysfs_socinfo:file r_file_perms; <DHOMD> 31 hours ago
 
**** vanir:frameworks_base ****
d10ce54 : EasterEgg: We like norse cats <PMS22> 4 weeks ago
24bb6b4 : Update APIs for building aapt aaot <DHOMD> 7 days ago
54f4e66 : OMS7-N: ApplicationsState: add filter for Substratum icon overlays [1/2] <Kuba Schenk> 6 weeks ago
3669db7 : Revert "N-Extras: Add dynamic theme BootAnimation support" <DHOMD> 7 days ago
6bd9692 : Likely break things to fix substratum builds <DHOMD> 13 days ago
7b6eee5 : OMS: Introduce MODIFY_OVERLAYS permission for user apps <bigrushdog> 3 weeks ago
6cc4d1a : Themes: Expose QS battery <Abdulwahab Isam> 3 months ago
e462692 : OMS7-N: ApplicationsState: add filter for Substratum overlays [1/2] <George G> 6 months ago
bbd2deb : N-Extras: AudioService: Allow system effect sounds to be themed <Nicholas Chum> 6 months ago
6a2738b : N-Extras: Add dynamic theme fonts support <0xD34D> 7 months ago
b534cf9 : N-Extras: Add dynamic theme BootAnimation support <0xD34D> 7 months ago
9ce9735 : SystemUI: Use own drawables for QS expand icon <Ivan Iskandar> 5 weeks ago
47e1a43 : OMS7 compatible 'Ambient notification inversion' <George G> 8 weeks ago
2013b46 : Allow prevention of doze notification color inversion <Daniel Koman> 1 year, 9 months ago
4a80d4b : Notification dynamic colors bool compatible with OMS7 <George G> 8 weeks ago
2b2e81f : Notifications: Expose a bool to disable dynamic colors <Nicholas Chum> 5 months ago
7d3d050 : Themes: Expose various QuickSettings text colors <Niklas Schnettler (Sh4dowSoul)> 3 months ago
9236596 : Allow custom alpha for notification shade bg color <Simao Gomes Viana> 7 weeks ago
792995a : SystemUI: Expose QS edit item decoration background color <Ivan Iskandar> 4 months ago
31e5ffc : Themes: Allow Navbar ripple color to be themed <Dave Kover> 9 months ago
1601c14 : Themes: Allow Permission Icons to be fully themed <Nicholas Chum> 1 year, 2 months ago
bed0d7d : Themes: Allow Immersive cling colors to be fully themed <Nicholas Chum> 1 year, 2 months ago
8cde51f : Themes: Expose resolver hardcoded colors <Dave Kover> 5 weeks ago
5efeadf : OMS7-N: Implement multi-target enable/disable and disable-all [11/11] <Jacob McSwain> 7 months ago
6a3a327 : OMS7-N: Do not enforce code policy limiting overlay installation [10/11] <Nicholas Chum> 3 months ago
e67cbde : OMS7-N: Persistence on boot through OverlayManagerServiceImpl [9/11] <Nicholas Chum> 7 months ago
1999b63 : OMS7-N: Disable Zygote preloaded drawables [8/11] <Josh Guilfoyle> 6 years ago
2c624ce : OMS7-N: installd: add command 'rmidmap' [7/11] <Mårten Kongstad> 7 months ago
eae8384 : OMS7-N: Fix memory leak during idmap creation [6/11] <Mårten Kongstad> 7 months ago
5c865a6 : OMS7-N: idmap: suppress print for padded resources [5/11] <Mårten Kongstad> 11 months ago
5026094 : OMS7-N: Set EXTRA_REPLACING correctly in ACTION_PACKAGE_ADDED [4/11] <Mårten Kongstad> 9 months ago
0812daa : OMS7-N: Integrate OverlayManagerService into framework [3/11] <Mårten Kongstad> 7 months ago
ad4f101 : OMS7-N: Introduce the OverlayManagerService [2/11] <Mårten Kongstad> 1 year, 1 month ago
a01af2a : OMS7-N: Support tagging resources as OK to overlay [1/11] <Mårten Kongstad> 1 year, 1 month ago
 
**** vanir:frameworks_native ****
8be0608 : OMS-N: installd: add command 'rmidmap' <Mårten Kongstad> 1 year, 1 month ago
45fdfdd : OMS7-N: installd: add command 'rmidmap' <Mårten Kongstad> 1 year, 1 month ago
 
**** vanir:hardware_qcom_keymaster ****
9fa20f3 : keymaster: add support for samsung 'skeymast' <placiano> 8 months ago
 
**** vanir:hardware_samsung ****
28bf1cc : exynos4: allow using SLSI stack <Simon Shields> 5 weeks ago
 
**** cmold:android_kernel_htc_flounder ****
c2d28ab : flounder: regen defconfig for N4F26M changes <razorloves> 2 days ago
 
**** cmold:android_kernel_huawei_kiwi ****
7ce1a59 : ANDROID: mnt: remount should propagate to slaves of slaves <Daniel Rosenberg> 5 days ago
57f215e : splice: introduce FMODE_SPLICE_READ and FMODE_SPLICE_WRITE <Johannes Thumshirn> 5 weeks ago
2d09d12 : ANDROID: vfs: Missed updating truncate to truncate2 <Daniel Rosenberg> 2 weeks ago
eba7c44 : BACKPORT: smarter propagate_mnt() <Al Viro> 2 years, 10 months ago
293b1a7 : BACKPORT: don't bother with propagate_mnt() unless the target is shared <Al Viro> 2 years, 10 months ago
f99435d : vfs: Allow filesystems to access their private mount data <Daniel Rosenberg> 3 months ago
fb49bb8 : vfs: Add setattr2 for filesystems with per mount permissions <Daniel Rosenberg> 3 months ago
6828566 : vfs: Add permission2 for filesystems with per mount permissions <Daniel Rosenberg> 3 months ago
f6694a5 : mnt: Add filesystem private data to mount points <Daniel Rosenberg> 3 months ago
097d721 : sdcardfs: Flag files as non-mappable <fluxi> 3 months ago
82f270c : ANDROID: sdcardfs: Fix locking issue with permision fix up <Daniel Rosenberg> 2 weeks ago
206f614 : sdcardfs: Use per mount permissions <Daniel Rosenberg> 3 months ago
3d61c85 : sdcardfs: Add gid and mask to private mount data <Daniel Rosenberg> 3 months ago
e8c316c : sdcardfs: User new permission2 functions <Daniel Rosenberg> 3 months ago
797dd8c : sdcardfs: Move directory unlock before touch <Daniel Rosenberg> 4 months ago
cf0c78c : sdcardfs: fix external storage exporting incorrect uid <alvin_liang> 4 months ago
c87eb5f : sdcardfs: Added top to sdcardfs_inode_info <Daniel Rosenberg> 8 months ago
5b25e8d : sdcardfs: Switch package list to RCU <Daniel Rosenberg> 8 months ago
5df55c6 : sdcardfs: Fix locking for permission fix up <Daniel Rosenberg> 5 months ago
8e3121b : sdcardfs: Check for other cases on path lookup <Daniel Rosenberg> 9 months ago
21d0954 : sdcardfs: override umask on mkdir and create <Daniel Rosenberg> 9 months ago
0dfffe3 : ANDROID: sdcardfs: fix itnull.cocci warnings <Julia Lawall> 7 months ago
69e9883 : sdcardfs: Truncate packages_gid.list on overflow <Daniel Rosenberg> 6 months ago
4e5f3e9 : Revert "sdcardfs: Flag files as non-mappable" <Christopher R. Palmer> 2 days ago
 
**** cmold:android_kernel_motorola_msm8916 ****
edf394e : mm: cma: fix incorrect type conversion for size during dma allocation. <Rohit Vaswani> 1 year, 3 months ago
fa42981 : msm: kgsl: Reserve a context ID slot but don't populate immediately <Jordan Crouse> 7 months ago
5457dd1 : msm: kgsl: Fix overflow in sharedmem cache range operation function <Sudeep Yedalapure> 2 months ago
34ca164 : msm: kgsl: Verify the pointer isn't NULL before using it for kref <Carter Cooper> 1 year, 4 months ago
8ddf38e : ion: use %pk instead of %p which respects kptr_restrict sysctl <Srinivasarao P> 3 months ago
8c3cb94 : msm: kgsl: Validate the input parameter len against zero <Sunil Khatri> 4 months ago
3b168f2 : rmnet_data: Changing format specifier to %pK <Ashwanth Goli> 5 months ago
9277617 : msm: kgsl: Check the address range before mapping to GPU <Sunil Khatri> 9 months ago
18e9d86 : msm: kgsl: Check for integer overflow before allocating memory <Rajesh Kemisetti> 8 months ago
fc4220c : kgsl: convert some workqueues to use kthreads <Tim Murray> 6 months ago
b293bbc : mdss: move to a kthread for vsync_retire_work_handler <Tim Murray> 6 months ago
 
**** vanir:platform_manifest ****
6712576 : Vendor google back to Muppets, no need to micromanage <DHOMD> 4 hours ago
 
**** vanir:packages_apps_CMParts ****
bebd8d7 : CMParts: Fix expandable desktop <Michael W> 12 hours ago
 
**** vanir:packages_apps_Contacts ****
e969e04 : Themes: Expose hardcoded layout and styles colors <beanstown106> 1 year, 2 months ago
 
**** vanir:packages_apps_ContactsCommon ****
8287180 : Themes: Expose hardcoded contact tile text colors <bgill55> 2 years ago
 
**** vanir:packages_apps_Dialer ****
b828cf4 : Move CAF strings to cm_strings and fix wrong line breaks. <PMS22> 3 days ago
c473e37 : Themes: InCallUI dialpad digits color <George G> 8 weeks ago
91e510e : Themes: Separate background color from text color <Alex Cruz> 8 months ago
 
**** vanir:packages_apps_ExactCalculator ****
52de819 : Themes: Expose all elevations <Abdulwahab Isam> 4 months ago
5fb9c66 : Themes: Expose hard coded background in java <Bryan Owens> 1 year ago
 
**** vanir:packages_apps_PhoneCommon ****
45cd17c : Themes: Make dialpad seperator line theme-able <Thyrus11> 1 year, 11 months ago
 
**** vanir:packages_apps_Settings ****
664c23f : Settings: Let's get to choose keyboard again in Settings. <nijel8> 2 days ago
ac8bd97 : Expose color for external settings icons <Clark Scheff> 3 weeks ago
8ad6074 : Hide the "show/hide overlays" when no overlay installed <Ivan Iskandar> 4 weeks ago
0cd5916 : Exclude overlays from the app counter <Ivan Iskandar> 5 weeks ago
ea40b89 : OMS7-N: Apps: show/hide Substratum icon overlays [2/2] <Kuba Schenk> 6 weeks ago
6b6b9e8 : OMS7-N: Apps: show/hide Substratum overlays [2/2] <George G> 6 months ago
63634ad : Settings: Expose LinearColorBar default colors <SpiritCroc> 5 weeks ago
eb04bde : Settings: Expose storage icon colors <SpiritCroc> 5 weeks ago
dad0be1 : Settings: Expose gesture settings switchbar <daveyannihilation> 7 weeks ago
7d1ed0e : Settings: Expose storage summary text <George G> 1 year, 2 months ago
4bff13c : Settings: Expose condition card colors <daveyannihilation> 4 months ago
cbfb5d5 : Settings: Expose dashboard category and tile color <Ivan Iskandar> 4 months ago
 
**** vanir:system_bt ****
8688d2d : bt: support realtek 8723bs <Jon Smirl> 2 days ago
 
**** vanir:system_sepolicy ****
74a17c4 : OMS-N: Add service 'overlay' to service_contexts <Mårten Kongstad> 1 year, 7 months ago
ecce491 : OMS7-N: Add service 'overlay' to service_contexts <Mårten Kongstad> 1 year, 7 months ago
 
**** commotio:commotio ****
748bde4 : Fingerprint me <DHOMD> 21 minutes ago
614740f : Update flounder, n3, d2spr <DHOMD> 61 minutes ago
 
**** github:TheMuppets/proprietary_vendor_google ****
e8f9771 : marlin: initial bringup <Dan Pasanen> 12 days ago
cf25588 : vendor: add a gitignore for build/ <Dan Pasanen> 2 days ago
 
**** vanir:vendor_htc ****
61e9952 : pme: Fingerprint HAL compatibility <Christopher R. Palmer> 2 days ago
3330947 : pme: Switch to source built fingerprintd <Christopher R. Palmer> 2 days ago
 
**** vanir:vendor_lge ****
70a1898 : g3 family: Regenerate makefiles <Hendrik Hagendorn> 9 hours ago
 
**** vanir:vendor_motorola ****
64e461b : shamu: Add missing CarrierServices.apk <Elektroschmock> 32 hours ago
534cafe : shamu: Update blobs to N6F26Q <Elektroschmock> 2 days ago
 
**** vanir:vendor_samsung ****
1e9c17f : Revert "Revert "d2: Use rild and libril.so from Galaxy A5 lollipop"" <DHOMD> 66 minutes ago
 
**** vanir:vendor_vanir ****
ef4bab6 : Substratum <DHOMD> 7 days ago
a82a406 : n3 <DHOMD> 59 minutes ago
2f1601c : Experimental substratium picker <DHOMD> 12 days ago
f4189a8 : cm: Enable long-press on power in suspend by default <Zhao Wei Liew> 6 weeks ago
8a6f314 : build: Append -dtb to kernel image name if TARGET_KERNEL_APPEND_DTB is set <Rashed Abdel-Tawab> 19 hours ago
 
