
**** vanir:build ****
a4b32aa : Build hacks <DHOMD> 3 months ago
0804c58 : core: Fix unified trees with no TARGET_OTA_ASSERT_DEVICE <Gabriele M> 31 hours ago
bdcd34e : core: include libf2fs_fmt_host_dyn in otatools <Tom Powell> 31 hours ago
 
**** vanir:device_google_marlin ****
16ec593 : marlin: disable our local telephony extensions <Dan Pasanen> 4 weeks ago
9f9c8be : Revert "marlin: specify device-specific recovery updater libs" <DHOMD> 4 days ago
 
**** vanir:device_htc_msm8960-common ****
b871d79 : msm8960-common: libril cleanup <Matt Mower> 3 days ago
76408b8 : Revert "msm8960-common: Use RIL version 10" <Matt Mower> 35 hours ago
 
**** vanir:device_htc_s4-common ****
d5865ae : s4-common: Update ramdisk offset for increased size of kernel on gcc 4.9 <boscogh> 35 hours ago
 
**** vanir:device_huawei_angler ****
ecf39cd : I need a quieter lawn mover or a louder phone <DHOMD> 4 weeks ago
39c3269 : Update IMS paths in init.angler <DHOMD> 6 weeks ago
 
**** vanir:device_lge_d800 ****
5f7b1d6 : d800: use gcc 4.8 toolchain <Greg Wallace> 33 hours ago
 
**** cm:LineageOS/android_device_lge_d855 ****
ad8c037 : d855: Enable BOARD_HAVE_QCOM_FM <DHOMD> 4 days ago
 
**** vanir:device_lge_f400 ****
233ca39 : f400: Package libmdmdetect and libperipheral_client <Hendrik Hagendorn> 2 weeks ago
 
**** vanir:device_moto_shamu ****
c8cbea5 : shamu: fix speakerphone echo problem <beanstown106> 10 days ago
 
**** cm:LineageOS/android_device_motorola_athene ****
13c705e : athene: fix cpusets values <Vachounet> 16 hours ago
905cc19 : athene: address new denials <Vachounet> 16 hours ago
 
**** cm:LineageOS/android_device_motorola_otus ****
f2a4139 : Otus: Fix FM Radio <DHOMD> 4 days ago
 
**** cm:LineageOS/android_device_oneplus_oneplus3 ****
4d67c8e : Revert "op3: Make qcacld driver a module" <dianlujitao> 2 days ago
 
**** vanir:device_oneplus_onyx ****
e08a330 : onyx: Enable BOARD_HAVE_QCOM_FM <Ashwin Ramesh> 2 days ago
a9252b4 : cm -> lineage <Umang Raghuvanshi> 10 days ago
c94fabf : onyx: Enable sdcardFS <Ashwin Ramesh> 7 weeks ago
 
**** cm:LineageOS/android_device_oppo_msm8974-common ****
8ae1883 : Port from bacon: Add blob to decrypt full-disk encryption of /data. <J. Joe Feise> 9 weeks ago
 
**** vanir:device_qcom_common ****
e4dc6fa : Suboptimal way of fixing Pixie builds <DHOMD> 4 weeks ago
 
**** cm:LineageOS/android_device_samsung_noblelte-common ****
a946187 : noblelte: Directly include gains in mixer_paths.xml <Christopher N. Hesse> 5 days ago
bac1541 : noblelte: Allow targets to override headers <Christopher N. Hesse> 5 days ago
6a918cd : noblelte: Use dtbhToolExynos <Christopher N. Hesse> 5 days ago
7b79f71 : audio: improve read/write timing for streams <Christopher N. Hesse> 2 weeks ago
1487e61 : noblelte: Drop dalvik/art speed filter flag <Christopher N. Hesse> 3 weeks ago
079a14e : noblelte: Remove multithread decode bootanim flag <Christopher N. Hesse> 3 weeks ago
9e0d31d : noblelte: Remove MMS overlays <Christopher N. Hesse> 3 weeks ago
f9fcc4f : noblelte: Draw recents rects in default mode <Christopher N. Hesse> 3 weeks ago
561f755 : noble: Revert default iosched to CFQ <Christopher N. Hesse> 5 weeks ago
0fca30b : noblelte: Add lid/cover support <travis mills> 7 months ago
2342f27 : noblelte: Remove vsync offsets <Christopher N. Hesse> 5 weeks ago
3899779 : noblelte: Reenable camera blobs <Christopher N. Hesse> 5 weeks ago
5547d5b : noblelte: Reenable virtual display support <Christopher N. Hesse> 6 weeks ago
8de49f0 : noblelte: Reenable home button wake <Christopher N. Hesse> 6 weeks ago
989c5d1 : noble: Install mixer gains config <Christopher N. Hesse> 6 weeks ago
 
**** cm:LineageOS/android_device_samsung_nobleltetmo ****
5daa652 : nobleltetmo: Label cpboot-daemon <Christopher N. Hesse> 5 days ago
e77fa9a : nobleltetmo: Link telephony data fragments for M blobs <Christopher N. Hesse> 5 days ago
93e6559 : nobleltetmo: Rebrand to lineage <Christopher N. Hesse> 5 days ago
c1cd7a4 : nobleltetmo: Use dtbhToolExynos <Christopher N. Hesse> 5 days ago
 
**** vanir:device_sony_fusion3-common ****
a7e7b21 : fusion3: Fix path to cpu.notify_on_migrate in mpdecision <Sergey Vlasov> 6 weeks ago
 
**** vanir:device_sony_pollux ****
b2da092 : pollux: Rebrand to LineageOS <ZeeLog> 3 weeks ago
c63e7a6 : pollux: update build fingerprint & description <ZeeLog> 4 weeks ago
 
**** cm:LineageOS/android_device_sony_pollux-common ****
8509795 : pollux-common: Rebrand to LineageOS <ZeeLog> 3 weeks ago
0649295 : overlay: do not commonize telephony capabilities <ZeeLog> 4 weeks ago
 
**** cm:LineageOS/android_device_sony_pollux_windy ****
b71a267 : pollux_windy: Rebrand to LineageOS <ZeeLog> 3 weeks ago
0c09a3b : overlay: update from pollux-common <ZeeLog> 4 weeks ago
 
**** vanir:device_xiaomi_armani ****
b5a220e : Revert "overlay: Temporarily disable blur" <fefifofum> 13 hours ago
 
**** cm:LineageOS/android_device_xiaomi_kenzo ****
ecbbb6b : kenzo: Move camera props to device <TheStrix> 3 days ago
28b7721 : kenzo: Update blobs <TheStrix> 3 weeks ago
be6e509 : kenzo: Rebrand to LineageOS <TheStrix> 3 weeks ago
 
**** cm:LineageOS/android_device_xiaomi_msm8956-common ****
fe89e0f : msm8956: Enable BOARD_HAVE_QCOM_FM <Daniel Sikorski> 6 days ago
47846a2 : msm8956: Moar selinux <nicknitewolf> 3 weeks ago
ea516b7 : msm8956: Fix few SELinux denials <TheStrix> 8 days ago
d47dfc7 : msm8956: Add and enable IMS <TheStrix> 3 weeks ago
82da8af : msm8956: Remove use of config_display_rat <TheStrix> 3 weeks ago
761eb9e : msm8956: Rebrand to LineageOS <TheStrix> 3 weeks ago
ee4499c : msm8956: Add missing overlays <TheStrix> 5 weeks ago
7ae99fd : msm8956: Update ramdisk from MIUI N <TheStrix> 5 weeks ago
41b9f43 : msm8956: Update GPS configs from MIUI N <TheStrix> 5 weeks ago
7e94688 : msm8956: Update GPS HAL from upstream <TheStrix> 5 weeks ago
c7720b8 : msm8956: Update data-ipa-cfg-mgr to LA.BR.1.3.6_rb1.10 <TheStrix> 5 weeks ago
4585977 : msm8956: Misc updates from MIUI N <TheStrix> 5 weeks ago
3148b3e : msm8956: Rewrite build-time symlinks creation <Bruno Martins> 5 weeks ago
e1fa05f : msm8956: Enable qualcomm location <TheStrix> 5 weeks ago
c04a5f3 : msm8956: Add vulkan API features <TheStrix> 5 weeks ago
3f79011 : msm8956: Add net_raw to ril daemon services <TheStrix> 5 weeks ago
9ba315c : Revert "msm8956: Enable sdcardfs" <TheStrix> 3 weeks ago
 
**** vanir:frameworks_base ****
603931d : Allow lid to send a generic COVER_CHANGED broadcast <jrior001> 9 weeks ago
2591be6 : Fix clipping for edit screen of Quick Settings <Akira Oshimi> 6 weeks ago
3b9e5fd : Make sure Zygote is running at process priority 0 after VM has started. <Vitalii Tomkiv> 8 months ago
f855924 : QS - Fix race condition in accessibility <dooyoung.hwang> 5 weeks ago
807985e : Fix a memory leak. <George Burgess IV> 6 weeks ago
0b3cd38 : Fix window transformation related issue <Qiushi.Han> 3 months ago
c56de41 : Fix incorrect FIFO cgroup assignment. <Tim Murray> 5 weeks ago
d0f996f : QS: Fix QuickQS visibility at non-first page <dongwan0605.kim> 3 weeks ago
423b3f3 : Avoid starving RT anims <John Reck> 10 weeks ago
3ee3f8a : SystemUI: HotspotTile: Don't reset the number of connected clients <Zhao Wei Liew> 4 days ago
 
**** vanir:frameworks_native ****
70a76b1 : Fix surfaceflinger file descriptor leak <Fabien Sanglard> 3 months ago
2578057 : Fix clang static analyzer warnings. <Manoj Gupta> 3 months ago
e89378b : Release resources when repeating dlopen-dlcose. <zhongjie> 11 months ago
 
**** cm:LineageOS/android_hardware_qcom_audio ****
a2549f5 : hal: Shush some debug logging <Steve Kondik> 1 year, 11 months ago
8de57fa : policy: avoid fallback to deep-buffer for fast requests <Sidipotu Ashok> 7 weeks ago
b9e9dfd : policy-hal: Restrict track offload for fractional sample rate <Sharad Sangle> 9 weeks ago
51e5a9a : policy_hal: Fix check for direct pcm <Ashish Jain> 2 months ago
05b90f2 : policy_hal: Add support to identify direct pcm client. <Ashish Jain> 3 months ago
ace4bbf : Compilation fix: N-MR1 merge <Lalit Kansara> 7 weeks ago
e5fa793 : hal: Update pcm id config for 8952 external codec <SoumyaManagoli> 7 weeks ago
3be8624 : config: additional 12k, 24k sample rate support to direct_pcm profile <Divya Narayanan Poojary> 7 weeks ago
45213c0 : hal: handle CLANG errors for Dolby <Divya Narayanan Poojary> 9 weeks ago
48470b8 : Add Dolby cflags to policy_hal/Android.mk <Gao Jie> 3 months ago
b7ec8f6 : audio: configs: Enable Dolby feature <Divya Narayanan Poojary> 9 weeks ago
279f84f : audiopolicy: remove soundcard status check from isOffloadSupported() <Dhananjay Kumar> 6 months ago
 
**** cm:LineageOS/android_hardware_qcom_display ****
7f7feda : hwc: Avoid setting minimum fps for video usecase in idle timeout <Baldev Sahu> 9 months ago
049b6a6 : HWC: Fix typo error in prepareSwapRect function <Archana Sriram> 8 weeks ago
 
**** vanir:hardware_samsung ****
4cd47df : cmhw: Add reading mode <Luca Stefani> 2 days ago
 
**** cmold:android_kernel_htc_msm8952 ****
121d6cf : sched: core: Fix possible hotplug race in set_cpus_allowed_ptr <Vikram Mulukutla> 1 year, 1 month ago
b726966 : msm: kgsl: Do VBIF reset before GPU power collapse <Hareesh Gundu> 5 weeks ago
698fac4 : msm: kgsl: Reserve a context ID slot but don't populate immediately <Jordan Crouse> 8 months ago
6e65b5d : msm: vidc: Check video buffer handle for Null pointer access. <Vasantha Balla> 2 months ago
b929966 : msm:vidc: Add null check for handle in smem buffer comparision. <Vasantha Balla> 4 months ago
516bac7 : msm: vidc: add ion_handle checking before mapping buffers. <Suman Mukherjee> 7 months ago
a9e32de : msm: mdss: avoid vsync_handler update in lp2 power state <Dhaval Patel> 1 year, 2 months ago
4e4685f : msm: camera: Avoid exposing kernel addresses <Azam Sadiq Pasha Kapatrala Syed> 11 months ago
b285c9a : binder: blacklist %p kptr_restrict <Nick Desaulniers> 4 months ago
45de4e8 : cgroup: prefer %pK to %p <Nick Desaulniers> 4 months ago
56cad16 : [PATCH] arm: fix handling of F_OFD_... in oabi_fcntl64() <Al Viro> 1 year, 1 month ago
f0e29a6 : ecryptfs: don't allow mmap when the lower fs doesn't support it <Jeff Mahoney> 7 months ago
a83af8f : splice: introduce FMODE_SPLICE_READ and FMODE_SPLICE_WRITE <Johannes Thumshirn> 7 weeks ago
4b66d15 : ALSA: pcm : Call kill_fasync() in stream lock <Takashi Iwai> 9 months ago
a61412a : net: avoid signed overflows for SO_{SND|RCV}BUFFORCE <Eric Dumazet> 7 weeks ago
c95c16c : sg_write()/bsg_write() is not fit to be called under KERNEL_DS <Al Viro> 5 weeks ago
142fe8c : ASoC: msm: qdsp6v2: Change audio drivers to use %pK <Ben Romberger> 8 months ago
06a4f04 : usb: gadget: f_mbim: Change %p to %pK in debug messages <Min Chong> 3 months ago
e1211ca : netfilter: Change %p to %pK in debug messages <Min Chong> 3 months ago
d40522f : drivers: video: Add bounds checking in fb_cmap_to_user <Steve Pfetsch> 3 months ago
585153c : msm: camera: cpp: Add validation for v4l2 ioctl arguments <Suman Mukherjee> 4 months ago
e6d6d5f : msm: camera: Print kernel pointer using correct specifier <Krishnankutty Kolathappilly> 3 months ago
 
**** cmold:android_kernel_htc_msm8960 ****
bf8a981 : jet/elite: disable HTC_HEADSET_ONE_WIRE <Dimitri Unrau> 9 months ago
4e708ef : m7: Clean up defconfig <Ethan Chen> 2 days ago
eabdfd2 : fighter: Clean up defconfig <Ethan Chen> 2 days ago
e9751b4 : ville: Clean up defconfig <Ethan Chen> 2 days ago
f0cea14 : netlink: Fix dump skb leak/double free <Herbert Xu> 8 months ago
674adf66 : ALSA: pcm : Call kill_fasync() in stream lock <Takashi Iwai> 9 months ago
6d06d1f : net: avoid signed overflows for SO_{SND|RCV}BUFFORCE <Eric Dumazet> 7 weeks ago
77a9876 : net: cleanups in sock_setsockopt() <Eric Dumazet> 4 years, 9 months ago
e563f49 : UPSTREAM: ring-buffer: Prevent overflow of size in ring_buffer_resize() <Steven Rostedt (Red Hat)> 9 months ago
63e27da : msm: kgsl: fix sync file error handling <Jeremy Gebben> 1 year, 11 months ago
1546f41 : ASoC: msm: qdsp6v2: Change audio drivers to use %pK <Ben Romberger> 8 months ago
2b79a08 : ASoC: msm: lock read/write when add/free audio ion memory <Rahul Sharma> 9 weeks ago
c2b7b34 : ecryptfs: don't allow mmap when the lower fs doesn't support it <Jeff Mahoney> 7 months ago
837ca97 : msm: HTC: fighter: Add qseecom device items <Ethan Chen> 2 days ago
04e92bc : msm: HTC: ville: Re-add qseecom device items <Ethan Chen> 2 days ago
fce6b97 : msm: HTC: m7: Correct KS8851 ifdef <Ethan Chen> 2 days ago
809f1aa : msm: vidc: hide kernel addresses from unprevileged users <Matt Mower> 31 hours ago
193b526 : msm: HTC: hide kernel addresses from unprevileged users <Abhijit Kulkarni> 7 months ago
0db7de9 : msm_fb/mdp: hide kernel addresses from unprevileged users <Abhijit Kulkarni> 7 months ago
00fc5bb : coccinelle: Improve checking for missing NULL terminators <Daniel Granat> 1 year, 3 months ago
cc4e799 : coccinelle: Check for missing NULL terminators in of_device_id tables <Stephen Boyd> 2 years, 8 months ago
27159f6 : input: cy8c_cs: Null terminate i2c_device_id struct <boscogh> 2 days ago
 
**** cmold:android_kernel_lge_g3 ****
5ccaad3 : lowmemorykiller: Account for unevictable pages <Tim Murray> 5 months ago
 
**** cmold:android_kernel_lge_msm8992 ****
fa7dd19 : ring-buffer: Prevent overflow of size in ring_buffer_resize() <Steven Rostedt (Red Hat)> 9 months ago
7ae75a0 : ASoC: msm: set pointers to NULL after kfree <Walter Yang> 6 months ago
0aca33b : msm: kgsl: fix sync file error handling <Jeremy Gebben> 1 year, 11 months ago
295eee2 : msm: sensor: Adding mutex for actuator power down operations <VijayaKumar T M> 3 months ago
b25ca27 : radio-iris: check argument values before copying the data <Kamal Negi> 3 months ago
1127bbd : mm: avoid setting up anonymous pages into file mapping <Kirill A. Shutemov> 1 year, 7 months ago
6b1ba32 : net: avoid signed overflows for SO_{SND|RCV}BUFFORCE <Eric Dumazet> 7 weeks ago
3d3ea89 : msm: mdss: hide kernel addresses from unprevileged users <Abhijit Kulkarni> 7 months ago
b205bc1 : misc: qcom: qdsp6v2: initialize config_32 <Laxminath Kasam> 5 months ago
98b516f : misc: qcom: qdsp6v2: Add missing initialization <Haynes Mathew George> 6 months ago
906a2b6 : perf: Fix event->ctx locking <Peter Zijlstra> 2 years ago
d94dc70 : perf: protect group_leader from races that cause ctx double-free <John Dias> 4 months ago
7dc876d : perf: Tighten (and fix) the grouping condition <Peter Zijlstra> 4 months ago
71593a4 : ecryptfs: don't allow mmap when the lower fs doesn't support it <Jeff Mahoney> 7 months ago
6f9d826 : ALSA: pcm : Call kill_fasync() in stream lock <Takashi Iwai> 9 months ago
caa5f77 : sg_write()/bsg_write() is not fit to be called under KERNEL_DS <Al Viro> 5 weeks ago
3ed6dc2 : netfilter: Change %p to %pK in debug messages <Min Chong> 3 months ago
dae16fa : net: ping: Fix stack buffer overflow in ping_common_sendmsg() <Siqi Lin> 3 months ago
 
**** cmold:android_kernel_oneplus_msm8996 ****
b509835 : op3: Make qcacld driver opt-in <dianlujitao> 2 days ago
 
**** cmold:android_kernel_sony_apq8064 ****
1893861 : qcrypto: protect potential integer overflow. <Neeraj Soni> 8 weeks ago
ca20337 : msm-camera: Addressing possible overflow conditions <Trilokesh Rangam> 9 weeks ago
3aea589 : ASoC: wcd9xxx: Fix unprotected userspace access <Patrick Daly> 1 year, 8 months ago
9baa2f9 : input: synaptics_dsx: add checks of user input data <Meghana Ashok> 6 weeks ago
734f1c3 : ecryptfs: don't allow mmap when the lower fs doesn't support it <Jeff Mahoney> 7 months ago
a4891e5 : ASoC: msm: lock read/write when add/free audio ion memory <Rahul Sharma> 9 weeks ago
a71af4a : mm: memory.c: Remove duplicate lines <Kalpaj Chaudhari> 6 days ago
3838a51 : msm: perf: Do not allocate new hw_event if event is duplicate. <Arun KS> 9 months ago
0968182 : mpi: Fix NULL ptr dereference in mpi_powm() [ver #3] <Andrey Ryabinin> 9 weeks ago
f4d1aae : msm: kgsl: fix sync file error handling <Jeremy Gebben> 1 year, 11 months ago
e737322 : msm: acpuclock: Fix acpuclk_data null pointer dereference <Junjie Wu> 3 years, 7 months ago
71e2a9c : msm: acpuclock: Add a null check for acpuclk_data <Vikram Mulukutla> 3 years, 10 months ago
3e16b4b : switch: Reset device's drvdata before destroying it <Deva Ramasubramanian> 3 years, 10 months ago
4887db1 : sg_write()/bsg_write() is not fit to be called under KERNEL_DS <Al Viro> 5 weeks ago
5d7d920 : netlink: Fix dump skb leak/double free <Herbert Xu> 8 months ago
6810121 : ALSA: pcm : Call kill_fasync() in stream lock <Takashi Iwai> 9 months ago
69c2457 : net: avoid signed overflows for SO_{SND|RCV}BUFFORCE <Eric Dumazet> 7 weeks ago
9776286 : net: cleanups in sock_setsockopt() <Eric Dumazet> 4 years, 9 months ago
026fe0a : UPSTREAM: ring-buffer: Prevent overflow of size in ring_buffer_resize() <Steven Rostedt (Red Hat)> 9 months ago
ac767c5 : splice: introduce FMODE_SPLICE_READ and FMODE_SPLICE_WRITE <Linus Torvalds> 2 weeks ago
cfc51e4 : fusion3: defconfig: Enable optimized SHA-256/224 <Kalpaj Chaudhari> 10 days ago
1393d53 : msm: qdsp6v2: Turn down ACDB logs <RonGokhale> 9 months ago
2d138a1 : radix-tree: add radix_tree_gang_lookup_index <Vinayak Menon> 1 year, 6 months ago
d066183 : cpufreq: Check current frequency in device driver <Junjie Wu> 1 year, 7 months ago
98026c9 : ASoC: msm: Fix potential array index out of bounds issue <Jaiju Yesudasan> 10 months ago
32b372c : crypto: sha256_neon_glue: fix compile time error <Jaiju Yesudasan> 9 months ago
657348a2 : Fix arch/arm/crypto/sha256_glue.c <Sami Tolvanen> 1 year, 9 months ago
d0a4015 : arm: crypto: Add optimized SHA-256/224 <Sami Tolvanen> 1 year, 10 months ago
7e88e36 : sync: Change %p to %pK in debug messages <Divya Ponnusamy> 7 months ago
b50bf51 : msm: crypto: Fix integer over flow check in qcedev driver <Zhen Kong> 6 months ago
d737770 : Bluetooth: Replace %p with %pK <Dibyendu Roy> 10 months ago
40d619e : fusion3: defconfig: Remove CPU_FREQLIMIT <Kalpaj Chaudhari> 3 weeks ago
fe2a7f7 : cpufreq: Remove cpufreq limit driver <Kalpaj Chaudhari> 3 weeks ago
85e12d0 : fusion3: defconfig: Enable RPFILTER <Kalpaj Chaudhari> 3 weeks ago
0db3ebb : fusion3: defconfig: Enable SECURITY_PERF_EVENTS_RESTRICT <Kalpaj Chaudhari> 3 weeks ago
b579ad6 : ANDROID: restrict access to perf events <Jeff Vander Stoep> 8 months ago
36fb603 : FROMLIST: security,perf: Allow further restriction of perf_event_open <Jeff Vander Stoep> 8 months ago
09d7088 : BACKPORT: perf tools: Document the perf sysctls <Ben Hutchings> 1 year ago
7b1f882 : gpu: ion: fix race condition in checking virtual address <Mitchel Humpherys> 4 years, 2 months ago
26f9930 : Fix: mm: swapfile: Properly unlock after counting swap pages <Kalpaj Chaudhari> 7 weeks ago
f9d0dc7 : fusion3: defconfig: Enable CONFIG_INET_DIAG_DESTROY <Kalpaj Chaudhari> 3 weeks ago
b73b627 : msm: vidc: prevent vcd_stop to wait for long <Rahul Sharma> 2 months ago
f60ad88 : qseecom: remove entry from qseecom_registered_app_list <Zhen Kong> 3 months ago
ccf70c3 : net: rmnet_data: Change the print format for addresses <guyang> 7 weeks ago
fc1ab62 : msm: crypto: fix issues on digest buf and copy_from_user in qcedev.c <Zhen Kong> 3 months ago
c95ddb4 : cgroup: prefer %pK to %p <Nick Desaulniers> 4 months ago
825880d : BACKPORT: usb: gadget: f_mbim: Change %p to %pK in debug messages <Min Chong> 3 months ago
63ce44d : netfilter: Change %p to %pK in debug messages <Min Chong> 3 months ago
188ec1c : drivers: video: Add bounds checking in fb_cmap_to_user <Steve Pfetsch> 3 months ago
61888ee : fbcmap: Remove unnecessary condition check <Ping Li> 1 year, 11 months ago
 
**** cmold:android_kernel_xiaomi_msm8956 ****
8a3a8d2 : msm8956: defconfigs: Rebrand to LineageOS <TheStrix> 3 weeks ago
 
**** vanir:packages_apps_CMParts ****
7a47290 : CMParts: Add reading mode strings <Luca Stefani> 2 days ago
1c422c5 : [1/3] CMParts: Add CM charging sounds settings <Sam Mortimer> 3 months ago
 
**** vanir:packages_apps_Settings ****
7021c31 : Handle SubSettings instance leaks in Index.java <gaochong> 5 weeks ago
fbc150e : Remove duplicate manual(s) and hopefully fix crash in some translations <DHOMD> 33 hours ago
bd47a5a : SoundSettings: Prevent NPE due to linked volumes change <Zhao Wei Liew> 2 days ago
 
**** cm:LineageOS/android_packages_apps_Snap ****
e0a3c03 : Correctly return to film strip after editing a picture. <Danny Baumann> 2 weeks ago
 
**** github:TeamSubstratum/masquerade ****
1c402c5 : Release 20P: Initiate the caller package checking system <Nicholas Chum> 23 hours ago
 
**** vanir:system_extras_su ****
bce2976 : su: Enable Wall and fix build <Luca Stefani> 29 hours ago
 
**** vanir:vendor_cmsdk ****
b99c20a : Add generic support for Lid Cover Apps <jrior001> 9 weeks ago
 
**** vanir:vendor_lge ****
e4e16b9 : hammerheadcaf: remove gps blobs that are compiled from source <razorloves> 3 days ago
6ddbfc5 : hammerheadcaf: update widevine blobs from bullhead <f14w3d> 5 days ago
4eb0fdf : hammerheadcaf: cleanup vendor makefile <f14w3d> 5 days ago
 
**** github:boulzordev/proprietary_vendor_motorola_athene ****
52b96cc : athene: sync with NPJ25.93-14 <Vachounet> 2 days ago
 
**** vanir:vendor_vanir ****
af5a097 : FWN needs a pre-merged solution <DHOMD> 31 hours ago
3e9a9b8 : apns: Add Freedompop foggmobile APN <Eloi Carracedo> 5 days ago
 
**** github:TheMuppets/proprietary_vendor_xiaomi ****
f6dcfda : kenzo: Update blobs <TheStrix> 3 weeks ago
66bbfd7 : hydrogen: Update blobs from MIUI N <TheStrix> 5 weeks ago
 
