
**** vanir:bootable_recovery ****
616bf9a : recovery: Fix event system <Tom Marshall> 18 hours ago
 
**** vanir:build ****
10afc62 : Build hacks <DHOMD> 7 months ago
 
**** vanir:device_google_marlin ****
ca57d70 : Add a proper barrier and use vendor/caf/telephony <DHOMD> 8 weeks ago
0ddb6b6 : Revert "marlin: disable our local telephony extensions" <DHOMD> 8 weeks ago
 
**** cm:LineageOS/android_device_motorola_otus ****
09965a5 : Otus: Fix FM Radio <DHOMD> 4 months ago
 
**** cm:LineageOS/android_device_oppo_msm8974-common ****
c7cdcf8 : Port from bacon: Add blob to decrypt full-disk encryption of /data. <J. Joe Feise> 5 months ago
 
**** cmold:android_kernel_samsung_klte ****
fbc0ffa : xfrm_user: validate XFRM_MSG_NEWAE incoming ESN size harder <Andy Whitcroft> 6 weeks ago
c8a6bbe : xfrm_user: validate XFRM_MSG_NEWAE XFRMA_REPLAY_ESN_VAL replay_window <Andy Whitcroft> 6 weeks ago
83d4e46 : KEYS: Change the name of the dead type to ".dead" to prevent user access <David Howells> 2 weeks ago
9210757 : platform: msm: spmi: Fix possible race condition in debugfs <ansharma> 3 months ago
cf4d3b5 : input: touchscreen: gt9xx: fix memory corruption in Goodix driver <Vevek Venkatesan> 3 months ago
31e6fec : soc: qcom: scm: add check to avoid buffer overflow <Satya Durga Srinivasu Prabhala> 6 months ago
8dd10f7 : qseecom: check buffer size when loading firmware images <Zhen Kong> 7 months ago
510bd73 : ASoC: soc: prevent risk of buffer overflow <Xiaojun Sang> 6 months ago
f4428fe : ASoC: msm: qdsp6v2: return error when copy from userspace fails <Siena Richard> 5 months ago
fe49647 : ASoC: msm: qdsp6v2: Add range checking in msm_dai_q6_set_channel_map <Xiaoyu Ye> 5 months ago
f7861b1 : ASoC: msm: q6dspv2: use correct variable type to store ION buff size <Banajit Goswami> 6 months ago
d30c5dc : trace: resolve stack corruption due to string copy <Amey Telawane> 9 months ago
d5356fd : ASoC: msm: qdsp6v2: Fix out-of-bounds access in put functions <Nick Desaulniers> 3 months ago
8f9d23d : crypto: msm: check integer overflow on total data len in qcedev.c <Zhen Kong> 4 months ago
 
**** vanir:packages_apps_Messaging ****
f2905b6 : Revert "32807795  Security Vulnerability - AOSP Messaging App: thirdparty can" <DHOMD> 7 weeks ago
 
**** cm:LineageOS/android_vendor_qcom_opensource_time-services ****
e83cb47 : Add a barrier for Marlin/Sailfish <DHOMD> 8 weeks ago
 
