
**** vanir:build ****
85739b9 : Build hacks <DHOMD> 10 months ago
 
**** vanir:device_google_marlin ****
4679635 : Add a proper barrier and use vendor/caf/telephony <DHOMD> 4 months ago
ae0193a : Revert "marlin: disable our local telephony extensions" <DHOMD> 4 months ago
 
**** cm:LineageOS/android_device_motorola_otus ****
892726b : Otus: Fix FM Radio <DHOMD> 6 months ago
 
**** cm:LineageOS/android_device_oppo_msm8974-common ****
db263c9 : Port from bacon: Add blob to decrypt full-disk encryption of /data. <J. Joe Feise> 8 months ago
 
**** vanir:device_qcom_sepolicy ****
a098792 : The bare essentials of rmt for build <DHOMD> 2 hours ago
 
**** cmold:android_kernel_motorola_msm8226 ****
a87c4d7 : crypto: ahash - Fix EINPROGRESS notification callback <Herbert Xu> 4 months ago
5591ab8 : crypto: hash - Simplify the ahash_finup implementation <Marek Vasut> 3 years, 4 months ago
9465e6a : crypto: hash - Pull out the functions to save/restore request <Marek Vasut> 3 years, 4 months ago
a4b3040 : crypto: hash - Fix the pointer voodoo in unaligned ahash <Marek Vasut> 3 years, 4 months ago
eb0402a : crypto: ahash - Fully restore ahash request before completing <Marek Vasut> 3 years, 7 months ago
d54bb4b : Allow stack to grow up to address space limit <Helge Deller> 5 weeks ago
f57c64e : mm: larger stack guard gap, between vmas <Hugh Dickins> 5 weeks ago
37dc0d6 : defconfig: moto8226: Restrict kernel performance events <Gabriele M> 35 hours ago
a71f5b4 : FROMLIST: security,perf: Allow further restriction of perf_event_open <Jeff Vander Stoep> 1 year, 2 months ago
ed82608 : BACKPORT: perf tools: Document the perf sysctls <Ben Hutchings> 1 year, 6 months ago
 
**** cmold:android_kernel_xiaomi_msm8992 ****
acc1eb2 : libra_defconfig: replace qualcomm cpu boost with cpu input boost <Demon000> 5 weeks ago
e259a0e : cpu_input_boost: adapt cluster masks for msm8992 <Demon000> 5 weeks ago
23b541d : cpu_input_boost: backport to 3.10 <Demon000> 5 days ago
196e338 : cpufreq: Introduce CPU input boost driver <Sultanxda> 5 weeks ago
bfe1457 : qpnp-smbcharger: force enable charging on power change <Demon000> 2 days ago
ab44b37 : qpnp-smbcharger: disable AICL ADC function <Demon000> 2 days ago
577cc74 : libra: Disable HDMI <Serhij Kyryljan> 6 weeks ago
8207cf5 : libra: Disable Dolby <Serhij Kyryljan> 6 weeks ago
 
**** vanir:packages_apps_Dialer ****
f59ad0c : Dialer: Move padding from layout to spinner <Luca Stefani> 6 hours ago
 
**** cm:LineageOS/android_vendor_qcom_opensource_time-services ****
1640538 : Add a barrier for Marlin/Sailfish <DHOMD> 4 months ago
 
