
**** vanir:build ****
577daf5 : Build hacks <DHOMD> 9 months ago
 
**** vanir:device_google_marlin ****
5fa076e : Add a proper barrier and use vendor/caf/telephony <DHOMD> 4 months ago
e43d953 : Revert "marlin: disable our local telephony extensions" <DHOMD> 4 months ago
 
**** cm:LineageOS/android_device_motorola_otus ****
eadc502 : Otus: Fix FM Radio <DHOMD> 6 months ago
 
**** cm:LineageOS/android_device_oppo_msm8974-common ****
1cc18be : Port from bacon: Add blob to decrypt full-disk encryption of /data. <J. Joe Feise> 8 months ago
 
**** vanir:hardware_samsung ****
72aac79 : secril-client: Fix RIL client token management in SendOemRequestHookRaw() <Basil Gello> 5 days ago
 
**** cmold:android_kernel_cyanogen_msm8916 ****
3e79ea1 : defconfig: kipper: Set CONFIG_HZ_100=y <Michael Bestas> 14 hours ago
 
**** cmold:lge-kernel-mako ****
06d5738 : perf: protect group_leader from races that cause ctx double-free <John Dias> 9 months ago
49046ca : BACKPORT: perf: Fix event->ctx locking <Ariel Yin> 9 months ago
18ef3f5 : perf: Fix race in removing an event <Peter Zijlstra> 3 years, 3 months ago
a61ab45 : perf: Fix event group context move <Jiri Olsa> 4 years, 6 months ago
d289106 : perf: Handle compat ioctl <Pawel Moll> 3 years, 1 month ago
9ee11af : ARM: perf: reject groups spanning multiple hardware PMUs <Suzuki K. Poulose> 2 years, 4 months ago
724471a : ARM: 7698/1: perf: fix group validation when using enable_on_exec <Will Deacon> 4 years, 3 months ago
 
**** vanir:kernel_lge_msm8974 ****
c6aba80 : ashmem: remove cache maintenance support <Dennis Cagle> 3 months ago
 
**** cmold:android_kernel_lge_msm8996 ****
86bc18b : g6_defconfig: Set BFQ, bluetooth, and NFC drivers <Rashed Abdel-Tawab> 15 hours ago
 
**** cmold:android_kernel_samsung_klte ****
2302052 : klte: USB: mct_u232: fix usage of uninitialized variable <Corinna Vinschen> 3 days ago
 
**** cmold:android_kernel_xiaomi_msm8992 ****
aa62169 : sound: msm8994: increase headset detection range <Demon000> 16 hours ago
 
**** cm:LineageOS/android_vendor_qcom_opensource_time-services ****
b0f7b26 : Add a barrier for Marlin/Sailfish <DHOMD> 4 months ago
 
