
**** cm:LineageOS/android_bootable_recovery ****
e946931 : Rename process_key to ProcessKey <115ek> 3 weeks ago
54886fb : Fix bldr msg file open mode when offset specified <Matt Mower> 29 hours ago
 
**** vanir:bootable_recovery_twrp ****
d1d3cb6 : DE language update <z31s1g> 34 hours ago
 
**** vanir:build ****
3cf2a44 : core: Output full OTA package path to terminal <Matt Mower> 7 days ago
c3fa952 : Revert "Allow to force disable block based OTAs" <Tom Powell> 25 hours ago
1a03881 : Allow to force disable block based OTAs <Gabriele M> 2 days ago
 
**** vanir:device_asus_flo ****
1d79bb7 : flo: enable qcom legacy bsp flag <Simon Shields> 24 hours ago
 
**** vanir:device_google_marlin ****
940abdc : marlin: disable our local telephony extensions <Dan Pasanen> 7 weeks ago
d00fe7c : Revert "marlin: specify device-specific recovery updater libs" <DHOMD> 4 weeks ago
 
**** cm:LineageOS/android_device_htc_pme ****
7ffcd16 : pme: audio: Fix audio recording usecases <Christopher R. Palmer> 2 days ago
 
**** cm:LineageOS/android_device_motorola_athene ****
751d402 : overlay : disable lockscreen UI blur <rahulsnair> 34 hours ago
bc2bebb : athene : Enable lockscreen UI blur <Silesh K Nair> 2 days ago
1981de3 : we are not going to use zram <ejjohnson1999> 3 months ago
074e025 : prop :  add back core_ctl props <rahulsnair> 2 days ago
22552a1 : cmactions: Improve doze denial thresholds <Christopher R. Palmer> 7 days ago
c9cbd01 : Revert "fix up sepolicies for exfat" <rahulsnair> 2 days ago
c60b5d0 : fix camera.hal1.packagelist cannot exceed 91 bytes <rahulsnair> 2 days ago
1193078 : cmactions: Fix disconnect between code and Settings defaults <Christopher R. Palmer> 8 days ago
b1dca5a : cmactions: set wakelock based on screen state <Gabriele M> 3 months ago
07d1bec : sepolicy: Unbreak bluetooth <Arne Coucheron> 8 weeks ago
b53d026 : rootdir: Move ril flags to boot <Alberto97> 9 weeks ago
90b5bf4 : Move vold.post_fs_data_done=1 at the end of post-fs-data <Alberto97> 9 weeks ago
f4b00f7 : Audio: Include all Dev with Enc codecs and flac <Jan Huijsmans> 6 months ago
39a190a : fix up sepolicies for exfat <Dan Pasanen> 2 months ago
16ecb85 : Drop Eris <Alberto97> 6 weeks ago
fca89cd : Drop irqbalance <Alberto97> 7 weeks ago
d92fcec : rootdir: Remove sampling_down_factor setting <Alberto97> 8 days ago
8fbb2c7 : rootdir: Turn on LED at full battery <Alberto97> 8 days ago
8bb3f53 : Allow the radio to access qmux <Nick Kralevich> 3 years, 1 month ago
8351664 : Add apps using hal1 camera api <Silesh K Nair> 13 days ago
 
**** cm:LineageOS/android_device_motorola_clark ****
abd3256 : clark: update audio_platform_info.xml based off stock hal <Dan Pasanen> 6 days ago
741bfea : clark: disable rfs_access <Sahitya Tummala> 6 months ago
 
**** vanir:device_motorola_falcon ****
c8016b4 : Reduce size of system partition <Gabriele M> 2 days ago
3c90468 : Disable block based OTAs <Gabriele M> 2 days ago
 
**** cm:LineageOS/android_device_motorola_otus ****
2854f19 : Otus: Fix FM Radio <DHOMD> 4 weeks ago
 
**** cm:LineageOS/android_device_motorola_victara ****
7509a00 : victara: disable rfs_access <Sahitya Tummala> 6 months ago
 
**** cm:LineageOS/android_device_oneplus_oneplus3 ****
1679770 : op3: Add sRGB entry to color profiles <dianlujitao> 20 hours ago
3935d52 : op3: Move org.ifaa.android.manager to OSS <dianlujitao> 34 hours ago
dafd465 : op3: Update for OxygenOS 4.0.3 blobs <dianlujitao> 34 hours ago
c0ca445 : Revert "op3: Correct the name of the frp partition" <dianlujitao> 4 days ago
f68ee8c : op3: Refactor init extension <dianlujitao> 7 days ago
 
**** cm:LineageOS/android_device_oppo_msm8974-common ****
1568caa : Port from bacon: Add blob to decrypt full-disk encryption of /data. <J. Joe Feise> 3 months ago
 
**** vanir:device_qcom_common ****
bf2738b : Suboptimal way of fixing Pixie builds <DHOMD> 7 weeks ago
 
**** vanir:device_samsung_klte-common ****
e69e367 : klte-common: Add FlipFlap <Kevin F. Haggerty> 3 weeks ago
 
**** vanir:device_samsung_msm8960-common ****
0ff1ee7 : msm8960: sepolicy: Allow macloader to write params to sysfs <Kevin F. Haggerty> 4 months ago
2f80b10 : msm8960: fix wifi calibration <Cal Archer> 4 months ago
1de76c6 : msm8960: init: Add seclabel to macloader service <Kevin F. Haggerty> 4 months ago
 
**** vanir:device_samsung_smdk4412-common ****
fe8878e : smdk4412: configure macloader via header <Simon Shields> 35 hours ago
 
**** vanir:external_toybox ****
39eedbf : cp: set rc properly <Xiang Fan> 12 days ago
 
**** vanir:frameworks_base ****
ea322a1 : Show infinity for large notification counts <d34d> 20 hours ago
fc18fac : Don't reposition the clock when pulling down the notification bar <Gabriele M> 2 days ago
 
**** cm:LineageOS/android_hardware_qcom_fm ****
6fd80f6 : jni: Confine the firmware-load skipping to the actual loading <Ricardo Cerqueira> 1 year, 1 month ago
 
**** vanir:hardware_samsung ****
5b75c57 : libril: fix parceling of DataCallListV6 on xmm626x <Simon Shields> 27 hours ago
caece2d : ril: Fix unsol response array mapping <Christopher N. Hesse> 2 days ago
7c367c0 : audio: Update comments for voice mics <Andreas Schneider> 3 days ago
05bc188 : audio: Add support for bluetooth voice calls <Andreas Schneider> 5 days ago
 
**** cmold:android_kernel_cyanogen_msm8916 ****
202c248 : configs: Enable CONFIG_WLAN_OFFLOAD_PACKETS <Luca Stefani> 3 months ago
347be31 : netlink: Fix dump skb leak/double free <Herbert Xu> 9 months ago
eace599 : netlink: Eliminate kmalloc in netlink dump operation. <Pravin B Shelar> 3 years, 6 months ago
562bc84 : ALSA: pcm : Call kill_fasync() in stream lock <Takashi Iwai> 9 weeks ago
5246988 : libceph: introduce ceph_crypt() for in-place en/decryption <Ilya Dryomov> 2 months ago
7273942 : BACKPORT: aio: mark AIO pseudo-fs noexec <Nick Desaulniers> 3 months ago
941e3f3 : BACKPORT: posix_acl: Clear SGID bit when setting file permissions <Jan Kara> 5 months ago
 
**** cmold:android_kernel_htc_msm8996 ****
5770d50 : pme: function_fs: Use wait_event_freezable to let adb sleep happily <Christopher R. Palmer> 5 days ago
db15413 : Revert "msm: camera: isp: Handle standby mode for B+M" <Christopher R. Palmer> 3 days ago
76d6c7a : pme: usb: ffs: Remove HTC's delay enable <Christopher R. Palmer> 6 days ago
50a314a : pme: usb: Remove most of htc_attr <Christopher R. Palmer> 6 days ago
9468870 : pme: usb: Remove unused Kconfig MODEM_SUPPORT <Christopher R. Palmer> 6 days ago
49e6325 : pme: usb: u_bam: Remove HTC's changes <Christopher R. Palmer> 6 days ago
dec4ec2 : pme: usb: ether: Remove HTC's changes <Christopher R. Palmer> 6 days ago
fe66a89 : pme: usb: Remove HTC's two projector gadgets <Christopher R. Palmer> 6 days ago
d718a4b : pme: usb: ncm: Undo HTC's changes <Christopher R. Palmer> 6 days ago
c132d57 : pme: usb: mass_storage: Remove HTC's changes <Christopher R. Palmer> 6 days ago
cf74ab9 : pme: usb: mtp: Remove HTC's extra error state check <Christopher R. Palmer> 6 days ago
e456313 : pme: usb: Don't reuse the same static ncm id (remove HTC addition) <Christopher R. Palmer> 6 days ago
a6c2bbb : defconfig: arm64: Enable app specific setting on MSM8996 <Lingutla Chandrasekhar> 4 weeks ago
26fb3ff : ARM: dts: msm: Add use_32bit_app_setting in bootargs for msm8996 <Mohammed Khajapasha> 5 weeks ago
796a715 : arm64: Modify support for 32bit app specfic settings <Imran Khan> 5 weeks ago
33011c3 : Revert "Revert "arm64: Add support for 32 bit app specific settings"" <kumarn> 3 weeks ago
f5665d9 : ASoC: msm: qdsp6v2: return error when copy from userspace fails <Siena Richard> 2 months ago
0bcecd3 : ASoC: msm: qdspv2: add mutex lock when access output buffer length <kunleiz> 8 weeks ago
a2569e2 : msm: isp: Fix ping pong recovery <Abhishek Kondaveeti> 7 weeks ago
72fb075 : Android: binder: check set_context_mgr permission on time. <Martijn Coenen> 3 months ago
82e43ba : input: synaptics_dsx: add update bounds checks. <Andrew Chant> 3 months ago
acfa1a6 : ring-buffer: Prevent overflow of size in ring_buffer_resize() <Steven Rostedt (Red Hat)> 9 months ago
a5da1de : ALSA: info: Check for integer overflow in snd_info_entry_write() <Siqi Lin> 3 months ago
9e2103c : perf: don't leave group_entry on sibling list (use-after-free) <John Dias> 3 months ago
ddbf225 : KEYS: Fix short sprintf buffer in /proc/keys show function <David Howells> 4 months ago
a8b56a1 : ion: Fix use after free during ION_IOC_ALLOC <Daniel Rosenberg> 3 months ago
2415536 : mm: avoid setting up anonymous pages into file mapping <Kirill A. Shutemov> 1 year, 7 months ago
2e3e445 : drivers: soc: qcom: Add overflow check for sound model size <Karthik Reddy Katta> 7 weeks ago
1505f3b : USB: gadget: mbim: Avoid copying uninitialized data to userspace <Arumuga Durai A> 7 weeks ago
e2ebd87 : ASoC: msm8996: Fix kernel crash in "Speaker Function" mixer control <Aditya Bavanari> 8 weeks ago
abfc34c : msm: cpp: Fix for integer overflow in cpp <Kumar Behera> 9 weeks ago
c24938d : ASoC: soc: msm: initialize buffer to prevent kernel data leakage <Xiaojun Sang> 9 weeks ago
42295c2 : msm: rndis_ipa: Remove rndis_ipa loopback functionality <Ghanim Fodi> 7 weeks ago
efa7d42 : wcnss: Dump WCNSS registers during SSR Timeout <Anand Kumar> 7 months ago
a119851 : ARM: dts: msm: Correct the regulator handles for MSM8920 QRD board <Lijuan Gao> 6 weeks ago
9687dc5 : ARM: dts: msm: Update APC MEM ACC settings for msm8920 <Tirupathi Reddy> 6 weeks ago
1dc21ea : ARM: dts: msm: add 740MHz DDR frequency on 8917-pro target <Santosh Mardi> 9 weeks ago
fc404a1 : arm64: Disable 32bit app specific setting <Imran Khan> 5 weeks ago
0e0e366 : usb: phy: qusb2: Enable phy auto-resume <Vijayavardhan Vennapusa> 6 weeks ago
16c5995 : ARM: dts: msm: Update APC CPR voltage adjustments for msm8920 <Tirupathi Reddy> 6 weeks ago
b63c153 : ARM: dts: msm: add 740MHz DDR frequency on 8920 target <Santosh Mardi> 3 months ago
c1cf325 : ASoC: msm: qdsp6v2: Fix gapless session open fail <Laxminath Kasam> 4 months ago
d08ed98 : Asoc: msm: qdsp6v2: Fix Out-of-bounds memory access in adm_get_params_v2 <Rohit Kumar> 6 weeks ago
e476896 : ASoC: msm-cpe-lsm: cleanup ioctl functions <Walter Yang> 8 weeks ago
dc0d3af : qseecom: whitelist support for kernel client and listener <Zhen Kong> 5 months ago
5a0347c : lpm-levels: Do not consider cluster residency in suspend <Srinivas Rao L> 7 weeks ago
5c38970 : wil6210: Block write ioctl to the card by default <Hamad Kadmany> 8 weeks ago
0e9f920 : sound: usb: Handle audio control interface descriptor properly <Hemant Kumar> 9 weeks ago
86556dd : sound: usb: auto suspend device only if it supports remote wakeup <Hemant Kumar> 9 weeks ago
e0f9181 : usb: core: Allow secondary event ring clean upon disconnect <Hemant Kumar> 9 weeks ago
 
**** cmold:android_kernel_huawei_kiwi ****
155f338 : ext4: validate s_first_meta_bg at mount time <Eryu Guan> 2 months ago
665189f : drivers: soc: add size checks and update log messages <Siena Richard> 4 months ago
64e77b3 : qseecom: remove entry from qseecom_registered_app_list <Mallikarjuna Reddy Amireddy> 3 months ago
9b505b9 : msm: crypto: Fix integer over flow check in qce driver <Zhen Kong> 31 hours ago
e3752e3 : qcom: scm: remove printing input arguments <Swetha Chikkaboraiah> 31 hours ago
f079649 : msm: kgsl: Change %p to %pK in debug messages <Divya Ponnusamy> 31 hours ago
f189d29 : BACKPORT: aio: mark AIO pseudo-fs noexec <Nick Desaulniers> 2 days ago
 
**** cmold:android_kernel_lge_msm8996 ****
512c177 : bluesleep: Always use transmission timer <Rashed Abdel-Tawab> 4 days ago
 
**** cmold:android_kernel_motorola_msm8992 ****
36fbf8a : vfs: Allow filesystems to access their private mount data <Daniel Rosenberg> 4 months ago
9ae4d4f : vfs: Add setattr2 for filesystems with per mount permissions <Daniel Rosenberg> 4 months ago
83d364b : vfs: Add permission2 for filesystems with per mount permissions <Daniel Rosenberg> 4 months ago
0c58e18 : mnt: Add filesystem private data to mount points <Daniel Rosenberg> 4 months ago
2f57413 : ANDROID: sdcardfs: Switch strcasecmp for internal call <Daniel Rosenberg> 13 days ago
c1b457f : ANDROID: sdcardfs: switch to full_name_hash and qstr <Daniel Rosenberg> 2 weeks ago
24906ae : ANDROID: sdcardfs: Add GID Derivation to sdcardfs <Daniel Rosenberg> 3 weeks ago
f9f4b0a : ANDROID: sdcardfs: Remove redundant operation <Daniel Rosenberg> 3 weeks ago
955b429 : ANDROID: sdcardfs: add support for user permission isolation <Daniel Rosenberg> 3 weeks ago
b7350ca : ANDROID: sdcardfs: Refactor configfs interface <Daniel Rosenberg> 3 weeks ago
d619633 : ANDROID: sdcardfs: Allow non-owners to touch <Daniel Rosenberg> 3 weeks ago
8bf4e0c : ANDROID: sdcardfs: Fix locking issue with permision fix up <Daniel Rosenberg> 7 weeks ago
af6c523 : sdcardfs: Use per mount permissions <Daniel Rosenberg> 4 months ago
f731d73 : sdcardfs: Check for other cases on path lookup <Daniel Rosenberg> 10 months ago
5ae35e1 : sdcardfs: Added top to sdcardfs_inode_info <Daniel Rosenberg> 9 months ago
1d5c753 : sdcardfs: Add gid and mask to private mount data <Daniel Rosenberg> 4 months ago
aaae18e : sdcardfs: User new permission2 functions <Daniel Rosenberg> 4 months ago
43341d1 : sdcardfs: Move directory unlock before touch <Daniel Rosenberg> 5 months ago
4a3aeb4 : sdcardfs: Switch package list to RCU <Daniel Rosenberg> 9 months ago
848c4d5 : sdcardfs: Fix locking for permission fix up <Daniel Rosenberg> 6 months ago
ab92bcc : sdcardfs: override umask on mkdir and create <Daniel Rosenberg> 10 months ago
 
**** vanir:platform_manifest ****
0f92e53 : Track our own moto athene <DHOMD> 4 hours ago
 
**** vanir:packages_apps_Bluetooth ****
e377bdc : Automatic translation import <Abhisek Devkota> 2 days ago
 
**** vanir:packages_apps_CMParts ****
9e4fe06 : CMParts: strings: Fix indentation <dianlujitao> 17 hours ago
834a19f : CMParts: gestures: Specify a qualified user for update broadcast <Zhao Wei Liew> 12 days ago
 
**** vanir:packages_apps_Calendar ****
df43875 : Automatic translation import <Abhisek Devkota> 2 days ago
 
**** vanir:packages_apps_Dialer ****
c4789d1 : Fix tab layout for DSDA. <Danny Baumann> 3 days ago
 
**** vanir:packages_apps_Settings ****
cdc1259 : Track RemotePreferenceManager API changes. <Danny Baumann> 6 days ago
 
**** vanir:packages_services_Telephony ****
b4f0a00 : Telephony: Fix qtistrings <Kasual> 31 hours ago
27f6d60 : Telephony: Fix qtistrings <Michael W> 4 weeks ago
 
**** vanir:vendor_cmsdk ****
6669674 : RemotePreferenceManager: Fix receiver registration issues. <Danny Baumann> 6 days ago
 
**** vanir:vendor_htc ****
f7a215d : m8/m8d: Regenerate makefiles <Bruno Martins> 4 weeks ago
6ce7015 : pme: Hexedit slim_daemon to replace liblog.so with libhlg.so <Christopher R. Palmer> 4 days ago
 
**** vanir:vendor_motorola ****
e727b71 : Re-add Athene, our maintainer no longer tracks blobs <DHOMD> 4 hours ago
 
**** github:TheMuppets/proprietary_vendor_oneplus ****
0807316 : op3: Remove prebuilt org.ifaa.android.manager <dianlujitao> 3 days ago
0654596 : op3: Update blobs <dianlujitao> 4 days ago
 
