
**** vanir:build ****
a42f312 : Build hacks <DHOMD> 3 months ago
5dc3368 : VANIR_BUILD: supercede CM_BUILD <nuclearmistake> 11 hours ago
1304762 : NMF26V <gitbuildkicker> 4 weeks ago
e98b48f : NMF26U <gitbuildkicker> 4 weeks ago
741d0af : NMF26U <gitbuildkicker> 4 weeks ago
7e8e52f : NMF26U <gitbuildkicker> 4 weeks ago
36e4dae : NMF26T <The Android Automerger> 4 weeks ago
66eb7cc : NMF69 <gitbuildkicker> 4 weeks ago
b2dccb4 : Revert Security String to December <Adam Seaton> 4 weeks ago
373adac : NMF26S <gitbuildkicker> 4 weeks ago
1988cd3 : NMF26R <gitbuildkicker> 5 weeks ago
cbb44f2 : Updating Security String to 2017-01-05 on nyc-dev <Adam Seaton> 7 weeks ago
ec0073a : Updating Security String to 2017-01-01 on nyc-dev <Adam Seaton> 7 weeks ago
6fe5e98 : NMF62 <gitbuildkicker> 5 weeks ago
 
**** cm:LineageOS/android_device_htc_pme ****
4be448f : pme: Add handler for HTC touchscreen gestures <Dan Pasanen> 6 months ago
 
**** vanir:device_huawei_angler ****
044f3c1 : I need a quieter lawn mover or a louder phone <DHOMD> 7 days ago
fbdd2ac : Update IMS paths in init.angler <DHOMD> 3 weeks ago
47a7e81 : Update fingerprint <nuclearmistake> 12 hours ago
fc7a263 : aicp defconfig <nuclearmistake> 12 hours ago
f0324ef : N4F26J extractor <nuclearmistake> 12 hours ago
72d3969 : Revert "Echo phone call fix" <DHOMD> 20 hours ago
895c492 : angler: rebrand cyanogenmod -> lineageos <Sam Mortimer> 3 days ago
 
**** cm:LineageOS/android_device_lge_h918 ****
f4a0094 : h918: CM -> Lineage <Matt Filetto> 19 hours ago
19330ae : h918: Update bluetooth config for new bluesleep driver <Rashed Abdel-Tawab> 18 hours ago
 
**** vanir:device_lge_hammerhead ****
b174a4f : hammerhead: sepolicy: Allow HDCP for wifi display / casting <razorloves> 6 days ago
 
**** vanir:device_lge_v20-common ****
a61655c : v20: cm -> lineage <Matt Filetto> 12 hours ago
499095a : v20: cleanup some telephony related overlays <Matt Filetto> 5 days ago
758a297 : v20: Build libvolumelistener <Rashed Abdel-Tawab> 9 days ago
7a1659b : v20: Update tethering overlays and cleanup config.xml <Rashed Abdel-Tawab> 9 days ago
9db673f : v20: Add colorservice apk <Rashed Abdel-Tawab> 10 days ago
caaabcd : v20: Pin vendor/lib64/libsecureui.so and remove 32bit secureUI <Rashed Abdel-Tawab> 10 days ago
e131a27 : v20: Update telephony blobs and move to QCPATH guard <Rashed Abdel-Tawab> 10 days ago
52e3908 : v20: update auto-brightness curve to match LG v20 <Matt Filetto> 11 days ago
c3765bb : v20: update mixer paths to stock <Matt Filetto> 9 days ago
9d3190a : v20: update props <Matt Filetto> 6 days ago
6f1ff34 : v20: use HWC1 for now as it fixes LiveDisplay <Matt Filetto> 9 days ago
033f218 : v20: remove unused path for tap-to-wake <Matt Filetto> 9 days ago
0d5643f : v20: remove liblight <Matt Filetto> 6 days ago
b706a46 : v20: remove LED overlay options as we don't have any <Matt Filetto> 11 days ago
6ceba60 : v20: Change offloading buffer size to 64kb <Rashed Abdel-Tawab> 10 days ago
28833ef : v20: Set media.camera.ts.monotonic for video recording <Rashed Abdel-Tawab> 10 days ago
91c3e64 : v20: Force snap to use camera API2 <Rashed Abdel-Tawab> 11 days ago
bd801a2 : v20: Bulk camera prop updates <Rashed Abdel-Tawab> 12 days ago
 
**** vanir:device_moto_shamu ****
5022d8c : shamu: Rebrand to LineageOS <Elektroschmock> 2 days ago
 
**** cm:LineageOS/android_device_motorola_athene ****
01c0aee : init : add some tweak <rahulsnair> 2 days ago
e72ab95 : core_ctl: update values <Vachounet> 2 days ago
e5d4ae8 : athene: remove lteOnCdmaDevice from system.prop <Kasual> 4 days ago
 
**** vanir:device_oppo_common ****
bdf1ab0 : oppo_common: Rebrand to LineageOS <Kilian von Pflugk> 15 hours ago
 
**** cm:LineageOS/android_device_oppo_find7 ****
6a87a74 : find7: Rebrand to LineageOS <Michael Bestas> 3 hours ago
 
**** cm:LineageOS/android_device_oppo_find7-common ****
69abb23 : find7-common: Rebrand to LineageOS <Michael Bestas> 3 hours ago
 
**** cm:LineageOS/android_device_oppo_find7s ****
fe96377 : find7s: Rebrand to LineageOS <Michael Bestas> 3 hours ago
 
**** cm:LineageOS/android_device_oppo_msm8974-common ****
d081b5a : Port from bacon: Add blob to decrypt full-disk encryption of /data. <J. Joe Feise> 6 weeks ago
b63b478 : msm8974: Rebrand to LineageOS <Michael Bestas> 3 hours ago
 
**** cm:LineageOS/android_device_oppo_n3 ****
6e4aced : n3: Rebrand to LineageOS <Michael Bestas> 3 hours ago
 
**** cm:LineageOS/android_device_samsung_i9100 ****
237f426 : i9100: Rebrand to LineageOS <Dominggoes Isakh> 25 hours ago
 
**** vanir:device_samsung_kona-common ****
3267352 : kona : update system prop <Roberto Gibellini> 3 hours ago
6b41e4d : kona : fix camera <Roberto Gibellini> 3 hours ago
7f035cf : kona : force wideband audio <Roberto Gibellini> 7 hours ago
8cb0fa2 : kona : restore system.prop <Roberto Gibellini> 7 hours ago
9080eff : Revert "kona : do not try to load dhd.ko" <Roberto Gibellini> 7 hours ago
e96ade4 : kona: switch to generic extract utils <Simon Shields> 5 days ago
 
**** vanir:device_samsung_smdk4412-common ****
b02934b : smdk4412 : compile BCM4334 as builtin [2/2] <Roberto Gibellini> 7 hours ago
3a8a0ca : smdk4412: rebrand to lineage <Simon Shields> 4 days ago
6d6fa07 : smdk4412: Update "wakelock for flashlight" config <Dominggoes Isakh> 11 days ago
2a2eac8 : smdk4412: actually build OSS libraries <Simon Shields> 2 weeks ago
 
**** cm:LineageOS/android_device_sony_nicki ****
bacbd41 : nicki: rebrand to LineageOS [1/2] <Alexander Agura> 32 hours ago
 
**** aosp:platform/external/libhevc ****
a33f672 : Handle invalid slice_address in slice header <Harish Mahendrakar> 8 weeks ago
 
**** aosp:platform/external/libnl ****
f0b4019 : libnl: Check data length in nla_reserve / nla_put <Paul Stewart> 10 weeks ago
 
**** aosp:platform/external/libopus ****
0d052d6 : Ensure that NLSF cannot be negative when computing a min distance between them <Felicia Lim> 5 months ago
 
**** aosp:platform/external/libvpx ****
6886e8e : vp8:fix threading issues <Marco Nelissen> 7 weeks ago
 
**** aosp:platform/external/tremolo ****
5dc9923 : Tremolo: fix ARM assembly code for decode_map type 3 case <Marco Nelissen> 3 months ago
 
**** vanir:external_zlib ****
b666691 : Revert "Upgrade to zlib 1.2.10." <Narayan Kamath> 9 hours ago
b934bc0 : Upgrade to zlib 1.2.10. <Alexander Martinz> 3 days ago
 
**** vanir:frameworks_av ****
321ea52 : Fix security vulnerability: Effect command might allow negative indexes <rago> 7 weeks ago
453b351 : Make VBRISeeker more robust <Marco Nelissen> 8 weeks ago
26965db : Effects: Check get parameter command size <Andy Hung> 9 weeks ago
7a3246b : DO NOT MERGE: defensive parsing of mp3 album art information <Ray Essick> 9 weeks ago
c66c43a : Fix security vulnerability: Equalizer command might allow negative indexes <rago> 9 weeks ago
781bd81 : stagefright: remove allottedSize equality check in IOMX::useBuffer <Lajos Molnar> 2 months ago
557bd7b : Visualizer: Check capture size and latency parameters <Andy Hung> 3 months ago
 
**** vanir:frameworks_base ****
a014b6b : Catch runtime exceptions when parsing DHCP packets <Hugo Benichi> 3 months ago
0041a76 : Zygote : Block SIGCHLD during fork. <Narayan Kamath> 8 weeks ago
423a70c : Fix idmap leak in zygote process <neo.chae> 9 weeks ago
296f6d5 : Zygote: Additional whitelisting for legacy devices. <Narayan Kamath> 8 weeks ago
6b650e8 : Zygote: Additional whitelists for runtime overlay / other static resources. <Narayan Kamath> 3 months ago
47e62b7 : Public volumes belong to a single user. <Jeff Sharkey> 9 weeks ago
47e81a2 : Add SafetyNet logging to DHCP packet parsing <Hugo Benichi> 3 months ago
 
**** aosp:platform/frameworks/ex ****
7f0e3da : resolve merge conflicts of 3802db4 to mnc-dev <Chris Craik> 7 weeks ago
 
**** vanir:frameworks_native ****
675e212 : Fix SF security vulnerability: 32660278 <Fabien Sanglard> 8 weeks ago
e5753ba : Fix integer overflow in unsafeReadTypedVector <Casey Dahlin> 2 months ago
 
**** vanir:hardware_qcom_audio ****
ed79f2c : Fix security vulnerability: Effect command might allow negative indexes <rago> 7 weeks ago
d72ea85 : Fix security vulnerability: Equalizer command might allow negative indexes <rago> 9 weeks ago
 
**** vanir:hardware_samsung ****
872abc6 : Allow targets to build dtbhtool <Christopher N. Hesse> 23 hours ago
9e0baab : dtbhtool: Rename unpackbootimg to avoid conflicts <Christopher N. Hesse> 23 hours ago
7e73d2e : dtbhtool: Split out dtimg components <Christopher N. Hesse> 6 days ago
357950e : dtbhtool: Move target defs to header <Christopher N. Hesse> 6 days ago
d17a69b : dtbhtool: Fix missing PATH_MAX macro from limits.h <Christopher N. Hesse> 6 days ago
72b1c49 : Samsung Exynos DTBH device tree support <Ketut Putu Kumajaya> 2 years, 6 months ago
0c2cc5a : Add signature support <Ketut Putu Kumajaya> 2 years, 6 months ago
6384637 : Initial commit, from CM's system/core <Ketut Putu Kumajaya> 2 years, 6 months ago
 
**** vanir:kernel_huawei_angler ****
7761ed9 : lineageos rename <nuclearmistake> 12 hours ago
0a39531 : angler: Switch to aicp defconfig <doc HD> 2 days ago
9963ee9 : angler: rename kernel config for lineageos <Sam Mortimer> 3 days ago
cbf66a6 : net: wireless: bcmdhd: fix buffer overrun in private command path <Insun Song> 2 months ago
a920c6a : msm: kgsl: fix sync file error handling <Jeremy Gebben> 1 year, 10 months ago
900b8b7 : input: ldaf: Initialize buffers before use. <Steve Pfetsch> 8 weeks ago
8913eef : UPSTREAM: ring-buffer: Prevent overflow of size in ring_buffer_resize() <Steven Rostedt (Red Hat)> 8 months ago
6b6cfb2 : perf: don't leave group_entry on sibling list (use-after-free) <John Dias> 8 weeks ago
78506ab : msm: ispif: Remove handling of SD_SHUTDOWN <Ranjith Kagathi Ananda> 1 year, 4 months ago
d567c74 : input: synaptics_dsx: add update bounds checks. <Andrew Chant> 7 weeks ago
600c59f : ALSA: info: Check for integer overflow in snd_info_entry_write() <Siqi Lin> 9 weeks ago
e5c1b00 : net: wireless: bcmdhd: fix buffer overrun in anqpo config <Insun Song> 8 weeks ago
068427b : net: wireless: bcmdhd: Security V: memory overflow in wifi driver function __dhd_apf_add_filter <Sudhir Kohalli> 9 weeks ago
84d142e : BACKPORT: mm: avoid setting up anonymous pages into file mapping <Yuan Lin> 8 weeks ago
d6c4383 : msm: sensor: Adding mutex for actuator power down operations <Ranjith Kagathi Ananda> 3 months ago
67d429b : net: wireless: bcmdhd: Heap over write in dhdmsgbuf_query_ioctl <Ram Sripathi> 9 weeks ago
8f1621c : net: wireless: bcmdhd: fix buffer overrun in wl_cfgvendor_hotlist_cfg <Insun Song> 9 weeks ago
c2f9a39 : net: wireless: bcmdhd: Fix up the BRCM wifi DHD code <Sudhir Kohalli> 9 weeks ago
39bd1fc : net: wireless: bcmdhd: fix overrun in dhd_pno_set_cfg_gscan <Insun Song> 8 weeks ago
0ee1994 : net: wireless: bcmdhd: fix buffer overrun in private command path <Insun Song> 2 months ago
5205c3a : ASoC: msm: set pointers to NULL after kfree <Walter Yang> 5 months ago
20a5411 : ion: Fix use after free during ION_IOC_ALLOC <Daniel Rosenberg> 9 weeks ago
8e439ec : UPSTREAM: mm: remove gup_flags FOLL_WRITE games from __get_user_pages() <Linus Torvalds> 3 months ago
6b3a010 : Revert "Add field to fuse_open_out" <Patrick Tjin> 3 months ago
5621e34 : net: ping: Fix stack buffer overflow in ping_common_sendmsg() <Qidan He> 3 months ago
a1b9bc5 : net: ping: Fix stack buffer overflow in ping_common_sendmsg() <Qidan He> 3 months ago
c0148ef : input: synaptics_dsx: allocate heap memory for temp buf <Biswajit Paul> 6 months ago
de51c6f : binder: blacklist %p kptr_restrict <Nick Desaulniers> 3 months ago
e1c4372 : ion: blacklist %p kptr_restrict <Nick Desaulniers> 3 months ago
aed2e18 : msm: mdss: blacklist %p kptr_restrict <Nick Desaulniers> 3 months ago
87bb315 : qdsp6v2: blacklist %p kptr_restrict <Nick Desaulniers> 3 months ago
05dc0ce : UPSTREAM: KEYS: Fix crash when attempt to garbage collect an uninstantiated keyring <David Howells> 1 year, 3 months ago
880d041 : UPSTREAM: KEYS: Fix race between key destruction and finding a keyring by name <David Howells> 1 year, 3 months ago
e336e74 : BACKPORT: perf: Fix event->ctx locking <John Dias> 3 months ago
c9885d5 : perf: protect group_leader from races that cause ctx double-free <John Dias> 3 months ago
9488e38 : input: synaptics_dsx: add bounds checks for firmware id <Min Chong> 3 months ago
b099cd5 : netfilter: Change %p to %pK in debug messages <Min Chong> 3 months ago
5c298e6 : usb: gadget: f_mbim: Change %p to %pK in debug messages <Min Chong> 3 months ago
58df98c : drivers: video: Add bounds checking in fb_cmap_to_user <Steve Pfetsch> 3 months ago
30ca35c : ASoC: check for null function pointer for dummy device read/write, take 2 <Yuan Lin> 3 months ago
e07da44 : UPSTREAM: staging/android/ion : fix a race condition in the ion driver <EunTaik Lee> 11 months ago
76c1c5d : msm: sensor: validate the i2c table index before use <Suman Mukherjee> 4 months ago
f9bb9b1 : ASoC: msm: lock read/write when add/free audio ion memory <Haynes Mathew George> 3 months ago
9f5af92 : binder: blacklist %p kptr_restrict <Nick Desaulniers> 3 months ago
980fd79 : UPSTREAM: KEYS: Fix crash when attempt to garbage collect an uninstantiated keyring <David Howells> 1 year, 3 months ago
9224261 : input: synaptics_dsx: allocate heap memory for temp buf <Biswajit Paul> 6 months ago
36fb08d : UPSTREAM: KEYS: Fix race between key destruction and finding a keyring by name <David Howells> 1 year, 3 months ago
fd6556a : qdsp6v2: blacklist %p kptr_restrict <Nick Desaulniers> 3 months ago
a4c681c : msm: mdss: blacklist %p kptr_restrict <Nick Desaulniers> 3 months ago
44a8e52 : ion: blacklist %p kptr_restrict <Nick Desaulniers> 3 months ago
 
**** cmold:android_kernel_lge_msm8996 ****
7d96d24 : elsa: Fix DT derp <Rashed Abdel-Tawab> 6 hours ago
3fe67f3 : h850_defconfig: Enable new bluetooth options <Rashed Abdel-Tawab> 18 hours ago
e471adf : h918_defconfig: Enable new bluetooth options <Rashed Abdel-Tawab> 18 hours ago
6d60749 : h1/elsa: Commonize connectivity DT <Rashed Abdel-Tawab> 18 hours ago
f8bee93 : h918_defconfig: we are LineageOS <Matt Filetto> 19 hours ago
1fcd41e : g5_defconfig: Rename cyanogenmod -> lineageos <Rashed Abdel-Tawab> 18 hours ago
7b2e9f9 : nl80211: Disable WoWLAN on MACH_LGE <Rashed Abdel-Tawab> 2 days ago
02c706c : wireless: Remove LG changes <Rashed Abdel-Tawab> 2 days ago
c638025 : h830_defconfig: Regenerate defconfig and fix EXT4 crypto config <Rashed Abdel-Tawab> 2 days ago
30082e3 : h830: Redo dt and defconfig options for new bluesleep driver <Rashed Abdel-Tawab> 2 days ago
1b284d0 : Fixup Deep Sleep in combination with bluesleep. <Alexander Diewald> 7 days ago
02e2836 : drivers: bluetooth: brcm: Fix v4l2 device creation <Humberto Borba> 3 weeks ago
1f17002 : drivers: bluetooth: Add missed rfkill build <Humberto Borba> 4 weeks ago
08d7ff4 : drivers: bluetooth: brcm: Fix reinit_completion call <Humberto Borba> 4 weeks ago
4e1c357 : driver: bluetooth: Use atomic to handle lpm state <Humberto Borba> 4 weeks ago
380c74b : driver: bluetooth: Check if uport exists before clock on request <Humberto Borba> 4 weeks ago
a593125 : drivers: bluetooth: brcm: Fix BT FM driver at 3.18 <Humberto Borba> 4 weeks ago
e946a92 : bt: broadcom: Add configuration option to enable driver <Angelo G. Del Regno> 4 months ago
8b8bc1c : drivers: brcm: Use I2S for all devices <Humberto Borba> 4 weeks ago
3784d6c : drivers: bluetooth: broadcomm: fix FM audio route <David> 4 weeks ago
62ec1a6 : drivers: bluetooth: line_discipline: fix wake call <Alin Jerpelea> 5 weeks ago
31d5b16 : drivers: bluetooth: v4l2_fm_driver: sysfs notification <Alin Jerpelea> 5 weeks ago
25bba72 : drivers: bluetooth: bt_protocol_driver fixes <Alin Jerpelea> 5 weeks ago
b17a8fd : drivers: bluetooth: broadcomm: fix FM audio route <Alin Jerpelea> 5 weeks ago
c34335f : drivers: ldisc: Set 25 for N_BRCM_HCI <Humberto Borba> 5 weeks ago
ea13bd9 : drivers: bluetooth: Add line discipline parts <Humberto Borba> 6 weeks ago
16341ca : bt: broadcom: Remove TASKLET support <Angelo G. Del Regno> 4 months ago
d7a9958 : Add broadcom bluetooth stuff <Nickolay Semendyaev> 4 months ago
b79243f : drivers: bluetooth: Split rfkill part from bluesleep driver <Humberto Borba> 4 weeks ago
871c0f0 : drivers: tty: msm_serial_hs: Remove deprecated lpm locked implementation <Humberto Borba> 7 weeks ago
ebfa27a : drivers: bluesleep: Update driver <Humberto Borba> 7 weeks ago
01a1b9c : driver: bluetooth: Fix race condition for serial voting <Humberto Borba> 8 months ago
36f2a48 : bluetooth: bluesleep: Control serial clocks from rfkill block <Angelo G. Del Regno> 5 months ago
a4a9a57 : angler: bluetooth: fix possible memory leak in kernel. <ping wang> 1 year, 5 months ago
abbf005 : angler: bluetooth: Fix kernel panic(PC is at msm_serial_hs_rx_work). <zhihui wu> 1 year, 5 months ago
11f942c : bluesleep: add pinctrl support <Shane Francis> 1 year, 4 months ago
96bb47d : drivers: bluetooth: Copy bluesleep driver from Nexus 6 kernel <Shane Francis> 2 years, 6 months ago
e1f0471 : Reset bluetooth and tty to CAF <Rashed Abdel-Tawab> 2 days ago
 
**** cmold:android_kernel_oppo_msm8974 ****
9ec8c5f : defconfigs: Rebrand to LineageOS <Michael Bestas> 2 hours ago
e8c876d : msm8974: bacon: lineageos defconfig <Joey Rizzoli> 2 days ago
4271eef : BACKPORT: ion: fix a race condition in the ion driver <Eun Taik Lee> 3 weeks ago
f9927c6 : ASoC: msm: qdsp6v2: Change audio drivers to use %pK <Ben Romberger> 8 months ago
24f4f4e : usb: gadget: f_mbim: Change %p to %pK in debug messages <Min Chong> 3 months ago
8ea8436 : netfilter: Change %p to %pK in debug messages <Min Chong> 3 months ago
44cd527 : drivers: video: Add bounds checking in fb_cmap_to_user <Steve Pfetsch> 3 months ago
7c91eb8 : msm: mdss: hide kernel addresses from unprevileged users <Abhijit Kulkarni> 2 weeks ago
7b26920 : net: ping: Fix stack buffer overflow in ping_common_sendmsg() <Siqi Lin> 3 months ago
677107a : perf: protect group_leader from races that cause ctx double-free <John Dias> 3 months ago
43ccafb : BACKPORT: lockdep: Silence warning if CONFIG_LOCKDEP isn't set <Paul Bolle> 3 years, 11 months ago
e180ad2 : BACKPORT: perf: Fix event->ctx locking <Ariel Yin> 3 months ago
39254d4 : BACKPORT: perf: Introduce perf_pmu_migrate_context() <Yan, Zheng> 4 years, 7 months ago
2e5ab54 : BACKPORT: perf: Allow the PMU driver to choose the CPU on which to install events <Yan, Zheng> 4 years, 7 months ago
12cb288 : msm: sensor: validate the i2c table index before use <Suman Mukherjee> 4 months ago
b7f28191 : bacon: Enable RPFILTER <Ethan Chen> 4 weeks ago
5f628d1 : packet: fix race condition in packet_set_ring <Philip Pettersson> 5 weeks ago
55da183 : arm: fix handling of F_OFD_... in oabi_fcntl64() <Al Viro> 1 year ago
 
**** cmold:android_kernel_sony_msm8x27 ****
ac66971 : nicki: rebrand to LineageOS [2/2] <Alexander Agura> 32 hours ago
 
**** vanir:platform_manifest ****
1bd93d0 : Kill i9100 <DHOMD> 67 minutes ago
8c7a9f0 : fork kati <nuclearmistake> 2 hours ago
48d76d6 : d2spr to lineage, no one is maintaining <DHOMD> 3 hours ago
480cd2c : Follow LNG lzma <DHOMD> 6 hours ago
1019c55 : No fugu no TVSettings? <DHOMD> 10 hours ago
7f991db : lettuce+tomato branch is missing <nuclearmistake> 11 hours ago
83ed73d : r6 was NMF26Q, which was marlin's head. r9 is marlin's january head, NMF26V <nuclearmistake> 12 hours ago
f60367c : AOSP on hockeypucks works fine... especially with gapps availability <nuclearmistake> 12 hours ago
1062f4d : r10 == N4F26I <nuclearmistake> 12 hours ago
 
**** vanir:packages_apps_CMParts ****
39b775a : CMParts: bugreport_in_power_menu lives in Global Settings <Luca Stefani> 27 hours ago
ebd042e : CMParts: Add UPDATE_POWER_MENU protected-broadcast <Luca Stefani> 27 hours ago
 
**** vanir:packages_apps_ContactsCommon ****
d47661a : resolve merge conflicts of 9f523b4 to nyc-dev <Walter Jang> 8 weeks ago
 
**** cm:LineageOS/android_packages_apps_Snap ****
3f92dde : Snap: Remove storage menu if no external storage available <maxwen> 7 months ago
da58793 : Add PREVENT_POWER_KEY to fix Crash when using 'Power Shutter' <Afshin Arani> 17 hours ago
 
**** vanir:packages_services_Telecomm ****
9d6a21f : Telecomm: Fix error due to protected broadcast <Michael W> 27 hours ago
 
**** vanir:packages_services_Telephony ****
1cdced5 : Catch SIP exceptions which can crash Phone process on answer. <Tyler Gunn> 9 weeks ago
 
**** commotio:commotio ****
79cfd63 : Jan Bump + Fingerprints <DHOMD> 2 hours ago
 
**** vanir:vendor_huawei ****
790e673 : angler: N4F26J <nuclearmistake> 12 hours ago
 
**** vanir:vendor_lge ****
911e753 : g5/v20: Simplify BT firmware name <Rashed Abdel-Tawab> 18 hours ago
 
**** vanir:vendor_motorola ****
ba200ce : Reconcile a ton of blobs from Muppets <DHOMD> 2 hours ago
 
**** vanir:vendor_samsung ****
17e9cee : Remove depriecated devices <DHOMD> 66 minutes ago
394a99c : Reset Sammy to Muppets <DHOMD> 3 hours ago
 
**** vanir:vendor_vanir ****
f3e7608 : Substratum <DHOMD> 21 hours ago
328e5c1 : Experimental substratium picker <DHOMD> 6 days ago
68275d7 : AOSP on hockeypucks works fine... anglers are not hockeypucks <nuclearmistake> 11 hours ago
e71da95 : Reverse cm compatibility symlinking process <nuclearmistake> 11 hours ago
6d87493 : Fix lunch <nuclearmistake> 12 hours ago
1299755 : AOSP on hockeypucks works fine... especially with gapps availability <nuclearmistake> 12 hours ago
350e7a0 : Update fingerprints <nuclearmistake> 12 hours ago
 
**** github:TheMuppets/proprietary_vendor_xiaomi ****
17560f2 : ido: Regenerate Makefiles <Anik1199> 2 days ago
5957331 : ido: Ship prebuilt wcnss_service <Anik1199> 2 days ago
 
