
**** vanir:build ****
16c66db : Build hacks <DHOMD> 6 months ago
 
**** cm:LineageOS/android_device_cyanogen_msm8916-common ****
47c5633 : msm8916-common: Allow F2FS userimage <Louis Popi> 7 weeks ago
 
**** vanir:device_google_marlin ****
302f518 : Add a proper barrier and use vendor/caf/telephony <DHOMD> 4 weeks ago
a60eacc : Revert "marlin: disable our local telephony extensions" <DHOMD> 4 weeks ago
 
**** cm:LineageOS/android_device_lge_msm8996-common ****
0c6d971 : msm8996: Remove EIS system props (EIS is being annoying) <Rashed Abdel-Tawab> 2 days ago
bbe7c29 : msm8996: Move camera postprocessing to msm8996-common <Rashed Abdel-Tawab> 2 days ago
 
**** vanir:device_lge_v20-common ****
022003b : v20: Move camera postprocessing to msm8996-common <Rashed Abdel-Tawab> 2 days ago
 
**** cm:LineageOS/android_device_motorola_clark ****
16bacfc : clark: Correct ACDB ID for headphones <Hashbang173> 3 weeks ago
 
**** vanir:device_motorola_falcon ****
a6c3a36 : proprietary-files: Un-pin the camera HAL <Gabriele M> 4 weeks ago
 
**** vanir:device_motorola_msm8226-common ****
03e3402 : libshims: Add libshims_camera for proper EXIF data <Gabriele M> 4 weeks ago
 
**** vanir:device_motorola_msm8916-common ****
f079ea4 : msm8916-common: Snap overlays update <Alberto97> 2 days ago
 
**** cm:LineageOS/android_device_motorola_otus ****
a54d5f3 : Otus: Fix FM Radio <DHOMD> 3 months ago
 
**** cm:LineageOS/android_device_motorola_peregrine ****
7a780e5 : proprietary-files: Un-pin the camera HAL <Gabriele M> 4 weeks ago
 
**** vanir:device_motorola_qcom-common ****
a5504cd : qcom-common: doze: Remove extraneous meta-data <Zhao Wei Liew> 3 months ago
d2325fe : doze: specify a qualified user to send the pulse broadcast <Sean hoyt> 3 months ago
d42b2a4 : qcom-common: doze: Add back button to action bar <Zhao Wei Liew> 3 months ago
92c1e66 : qcom-common: doze: Move to display settings <Zhao Wei Liew> 4 months ago
3487d69 : qcom-common: doze: Clean up ambient display pref dependencies <Zhao Wei Liew> 6 months ago
eccc963 : qcom-common: doze: Improve Settings search UX <Zhao Wei Liew> 6 months ago
dbae1a6 : qcom-common: doze: Protect com.android.systemui.doze.pulse <Gabriele M> 5 months ago
ef7608c : qcom-common: doze: Integrate with Settings <Zhao Wei Liew> 7 months ago
a7fecf6 : qcom-common: doze: Remove back button from action bar <Zhao Wei Liew> 7 months ago
ef7e8c2 : qcom-common: Restore libs used by qseecomd <nadlabak> 31 hours ago
97f9fbe : qcom-common: doze: Commonize strings translations <Adrian DC> 2 days ago
693f79c : qcom-common: Update widevine <nadlabak> 2 days ago
f5f91c3 : qcom-common: Move firmware to qcom-common <nadlabak> 3 days ago
 
**** cm:LineageOS/android_device_oneplus_oneplus3 ****
858715b : op3: Doze: Refactor <Bruno Martins> 12 days ago
a26a4f2 : op3: Doze: Perform operations as current user <Gabriele M> 13 days ago
 
**** vanir:device_oppo_common ****
a26974e : oppo-common: ConfigPanel: Use cmsdk FileUtils wherever it suits <Bruno Martins> 13 days ago
 
**** cm:LineageOS/android_device_oppo_msm8974-common ****
9b48aef : Port from bacon: Add blob to decrypt full-disk encryption of /data. <J. Joe Feise> 5 months ago
 
**** cm:LineageOS/android_device_samsung_i9300 ****
fb1947c : power: align to AOSP api <Simon Shields> 5 days ago
 
**** vanir:device_samsung_qcom-common ****
538177d : overlay: Remove animate screen lights <Sean hoyt> 34 hours ago
 
**** cm:LineageOS/android_device_sony_pollux-common ****
93611b7 : pollux-common: audio: add missing echo reference <ZeeLog> 3 months ago
02e2cce : FM Radio: Update audio policy & mixer paths <ZeeLog> 4 months ago
 
**** vanir:device_sony_yuga ****
27a7e89 : FM Radio: Update audio policy & mixer paths <ZeeLog> 4 months ago
 
**** vanir:device_yu_lettuce ****
740f940 : lettuce: Add F2FS <Louis Popi> 7 weeks ago
 
**** vanir:device_yu_tomato ****
8292314 : tomato: Add F2FS <Louis Popi> 7 weeks ago
 
**** cm:LineageOS/android_external_icu ****
0f5b8ca : Fix @links in icu. <Elliot Waite> 3 months ago
76715e0 : DO NOT MERGE: Update timezone data to 2016j <Neil Fuller> 4 months ago
2d6bdb9 : DO NOT MERGE : Update timezone data to 2016i. <Neil Fuller> 5 months ago
a7cdbdb : DO NOT MERGE : Snap ICU timezone-related .txt files to latest <Neil Fuller> 5 months ago
8f84f7d : DO NOT MERGE : Update timezone data to 2016h. <Neil Fuller> 6 months ago
06ec6d9 : docs: Fixing bad unicode sequence in Javadocs. <Andrew Solovay> 6 months ago
 
**** cm:LineageOS/android_external_ipsec-tools ****
25e4998 : Moved add_proposal() for SHA2_512 <Girish Moturu> 9 weeks ago
12fee5f : Add support for SHA384 and SHA512, depref SHA256. <Lorenzo Colitti> 3 months ago
a7ed60e : VPN reconnection fails after manually disabling VPN <tetsuya, kobayashi> 3 years, 10 months ago
6613a82 : Don't add a trailing NULL to the XAUTH password. <Lorenzo Colitti> 3 months ago
 
**** cm:LineageOS/android_external_openssh ****
db0dfa1 : modify SSHDIR as that's not part of upstream code <Keun Soo Yim> 1 year, 2 months ago
d65902a : use __ANDROID__ and remove GCE_ANDROID <Keun Soo Yim> 1 year, 2 months ago
a2eb7b5 : openssh-7.1p2 <Greg Hartman> 1 year, 2 months ago
eab54b0 : Specialize for gce targets in openssh <Keun Soo Yim> 1 year, 2 months ago
 
**** vanir:frameworks_av ****
bcfb7ac : stagefright: Remove the HAL3 limitation from the video reference clock selection <Ricardo Cerqueira> 8 months ago
 
**** vanir:frameworks_base ****
d234822 : Revert "SystemUI: Add SlotId for MultiSim" <Danny Baumann> 6 days ago
 
**** cm:LineageOS/android_hardware_qcom_bt ****
661a4ba : msm8998: fix build when no kernel source in tree <Thierry Strudel> 4 months ago
6572a3b : msm8998: Update to LA.UM.5.7.R1.07.00.00.253.052 <Thierry Strudel> 4 months ago
9340e06 : msm8998: rename msmcobalt to msm8998 <Thierry Strudel> 4 months ago
bc37ff2 : msmcobalt: Update to LA.UM.5.7_RB1.07.00.00.251.006 <Thierry Strudel> 4 months ago
190a4be : msmcobalt: Update to 07.00.00.253.042 <Thierry Strudel> 5 months ago
 
**** cm:LineageOS/android_hardware_qcom_media ****
f462f4d : mm-video-v4l2: vdec: add safety checks for freeing buffers <Praveen Chavan> 1 year, 1 month ago
b040ed5 : mm-video-v4l2: venc: add safety checks for freeing buffers <Arne Coucheron> 7 days ago
 
**** cmold:android_kernel_cyanogen_msm8916 ****
b13ffa5 : kgsl: convert some workqueues to use kthreads <Tim Murray> 9 months ago
32d8a25 : configs: Enable F2FS <Louis Popi> 7 weeks ago
84ab28f : f2fs: use __set{__clear}_bit_le <Jaegeuk Kim> 5 weeks ago
f7126f8 : f2fs: update_free_nid_bitmap() can be static <kbuild test robot> 5 weeks ago
901ca9f : f2fs: __update_nat_bits() can be static <kbuild test robot> 5 weeks ago
5e6b299c : f2fs: le16_to_cpu for xattr->e_value_size <Jaegeuk Kim> 5 weeks ago
cc6b6c8 : f2fs: don't overwrite node block by SSR <Jaegeuk Kim> 5 weeks ago
5911ed3 : f2fs: don't need to invalidate wrong node page <Jaegeuk Kim> 5 weeks ago
31ee6a5 : f2fs: fix an error return value in truncate_partial_data_page <Yunlei He> 6 weeks ago
ee6f95f : fscrypt: catch up to v4.11-rc1 <Jaegeuk Kim> 5 weeks ago
7ff6ff7 : f2fs: avoid to flush nat journal entries <Jaegeuk Kim> 6 weeks ago
77a479a : f2fs: avoid to issue redundant discard commands <Jaegeuk Kim> 6 weeks ago
f8f0a56 : f2fs: fix a plint compile warning <Hou Pengyang> 6 weeks ago
1bb1a63 : f2fs: add f2fs_drop_inode tracepoint <Hou Pengyang> 6 weeks ago
bf7fa88 : f2fs: Fix zoned block device support <Masato Suzuki> 6 weeks ago
faa7952 : f2fs: remove redundant set_page_dirty() <Yunlei He> 6 weeks ago
2559634 : f2fs: fix to enlarge size of write_io_dummy mempool <Chao Yu> 6 weeks ago
e7e8bc6 : f2fs: fix memory leak of write_io_dummy mempool during umount <Chao Yu> 6 weeks ago
44a4c63 : f2fs: fix to update F2FS_{CP_}WB_DATA count correctly <Chao Yu> 6 weeks ago
39dc6ad : f2fs: use MAX_FREE_NIDS for the free nids target <Kinglong Mee> 6 weeks ago
65c57bf : f2fs: introduce free nid bitmap <Chao Yu> 7 weeks ago
61f1683 : f2fs: new helper cur_cp_crc() getting crc in f2fs_checkpoint <Kinglong Mee> 6 weeks ago
01a6cea : f2fs: update the comment of default nr_pages to skipping <Kinglong Mee> 6 weeks ago
377f2ff : f2fs: drop the duplicate pval in f2fs_getxattr <Kinglong Mee> 6 weeks ago
f94374b : f2fs: Don't update the xattr data that same as the exist <Kinglong Mee> 6 weeks ago
522fda8 : f2fs: kill __is_extent_same <Chao Yu> 6 weeks ago
ddb19df : f2fs: avoid bggc->fggc when enough free segments are avaliable after cp <Hou Pengyang> 6 weeks ago
fba6931 : f2fs: select target segment with closer temperature in SSR mode <Chao Yu> 7 weeks ago
99b1de6 : f2fs: show simple call stack in fault injection message <Chao Yu> 6 weeks ago
208671c : fscrypt: catch fscrypto_get_policy in v4.10-rc6 <Jaegeuk Kim> 7 weeks ago
c663241 : f2fs: use __clear_bit_le <Jaegeuk Kim> 7 weeks ago
d2f124d : f2fs: no need lock_op in f2fs_write_inline_data <Yunlei He> 7 weeks ago
cf8fbe0 : f2fs: add bitmaps for empty or full NAT blocks <Jaegeuk Kim> 9 weeks ago
fc4416a : f2fs: replace rw semaphore extent_tree_lock with mutex lock <Yunlei He> 7 weeks ago
5d68d88 : f2fs: avoid m_flags overlay when allocating more data blocks <Kinglong Mee> 7 weeks ago
a8bda7a : f2fs: remove unsafe bitmap checking <Hou Pengyang> 7 weeks ago
9d75600 : f2fs: init local extent_info to avoid stale stack info in tp <Hou Pengyang> 7 weeks ago
2f16fdf : f2fs: remove unnecessary condition check for write_checkpoint in f2fs_gc <Yunlong Song> 7 weeks ago
ac7259a : f2fs: do SSR for node segments more aggresively <Jaegeuk Kim> 7 weeks ago
321f5f2 : f2fs: check discard alignment only for SEQWRITE zones <Jaegeuk Kim> 7 weeks ago
a2ce0b7 : f2fs: wait for discard completion after submission <Jaegeuk Kim> 7 weeks ago
b5d3a68 : f2fs: much larger batched trim_fs job <Jaegeuk Kim> 7 weeks ago
0a6d8c0 : f2fs: avoid very large discard command <Jaegeuk Kim> 7 weeks ago
384be74 : f2fs: find data segments across all the types <Jaegeuk Kim> 7 weeks ago
f65e10c : f2fs: do SSR in higher priority <Jaegeuk Kim> 7 weeks ago
b7626e5 : f2fs: do SSR for data when there is enough free space <Yunlong Song> 7 weeks ago
e5a554d : f2fs: node segment is prior to data segment selected victim <Hou Pengyang> 7 weeks ago
f591501 : f2fs: put allocate_segment after refresh_sit_entry <Yunlong Song> 7 weeks ago
6417264 : f2fs: add ovp valid_blocks check for bg gc victim to fg_gc <Hou Pengyang> 8 weeks ago
5804d68 : f2fs: do not wait for writeback in write_begin <Jaegeuk Kim> 8 weeks ago
 
**** cmold:android_kernel_google_msm ****
b3d146e : msm-camera: Addressing possible overflow conditions Changes to address possible integer overflow and incorrect array indexing conditions. <Trilokesh Rangam> 5 months ago
a847910 : net: ipc_router: fix NULL pointer de-reference issue <Arun Kumar Neelakantam> 7 months ago
9d3edea : [media] media-device: fix infoleak in ioctl media_enum_entities() <Salva Peiró> 2 years, 11 months ago
617d03f : qcacld-2.0: Fix buffer overflow in WLANSAP_Set_WPARSNIes() <Nishank Aggarwal> 3 months ago
1b77828 : qcacld-2.0: Fix VHT-80 IBSS stops beaconing <Subrat Dash> 8 months ago
7b70d4f : mac80211: fix AP powersave TX vs. wakeup race <Emmanuel Grumbach> 3 years, 2 months ago
69e670b : filter: prevent nla extensions to peek beyond the end of the message <Mathias Krause> 3 years ago
401717e : ALSA: control: Make sure that id->index does not overflow <Lars-Peter Clausen> 2 years, 10 months ago
8711b46 : udp: properly support MSG_PEEK with truncated buffers <Eric Dumazet> 1 year, 3 months ago
adee9b8 : qcrypto: protect potential integer overflow. <Neeraj Soni> 4 months ago
 
**** cmold:lge-kernel-mako ****
1495bfc : Revert "mako: disable partial resume." <Tom Powell> 2 days ago
 
**** cmold:android_kernel_lge_msm8996 ****
424ea28 : drivers: bluetooth: tone: Fix bluesleep wakelock <Humberto Borba> 11 days ago
8cfa153 : Revert "bluesleep: Always use transmission timer" <Rashed Abdel-Tawab> 3 days ago
37a04b8 : drivers: bluetooth: Fix unbalanced irq <Humberto Borba> 13 days ago
bb31b28 : drivers: bluesleep: Use enable_irq instead of enable_irq_wake <Humberto Borba> 4 weeks ago
bfa74bd : Fix UART clk turning on after resume. <Alexander Diewald> 5 weeks ago
c5c7550 : Make the brcm ldisc driver compatible with libbt (use it for BT) <Alexander Diewald> 9 weeks ago
1a339e9 : drivers: bluesleep: Fix wrong context in module start routine. <Alexander Diewald> 10 weeks ago
6a60445 : lge: Move some pinctrl stuff around and adjust drive strengths <Rashed Abdel-Tawab> 12 days ago
 
**** cmold:android_kernel_motorola_msm8916 ****
1ec3abb : ANDROID: sdcardfs: update module info <Daniel Rosenberg> 5 weeks ago
693388c : ANDROID: sdcardfs: use d_splice_alias <Daniel Rosenberg> 5 weeks ago
297e822 : ANDROID: sdcardfs: fix ->llseek to update upper and lower offset <Daniel Rosenberg> 5 weeks ago
760e7f4 : ANDROID: sdcardfs: copy lower inode attributes in ->ioctl <Daniel Rosenberg> 5 weeks ago
dc7d0f2 : ANDROID: sdcardfs: remove unnecessary call to do_munmap <Daniel Rosenberg> 5 weeks ago
e85b4fe : Revert "sdcardfs: Flag files as non-mappable" <Alberto97> 4 days ago
 
**** cmold:android_kernel_sony_apq8064 ****
0600589 : radio: iris: Fix the possibility of NULL pointer access <Venkateshwarlu Domakonda> 1 year, 11 months ago
88aabc4 : radio: iris: change the FM module from modular to built in <Venkateshwarlu Domakonda> 1 year, 8 months ago
b0b200b : Revert "radio: iris: Expose FM Radio commands and events to user-space" <ZeeLog> 4 months ago
91b0c27 : Revert "media: radio: Fix building and loading the IRIS transport" <ZeeLog> 4 months ago
 
**** vanir:platform_manifest ****
75707cd : Two G5s and a G6 <DHOMD> 2 days ago
8663d55 : Derp <nuclearmistake> 2 days ago
ed279b7 : Track staging branch of previously aosp-tracked repos <nuclearmistake> 2 days ago
9621f0f : 7.1.2 staging qcom bt <nuclearmistake> 2 days ago
fc9537a : Track cm staging branch of a few cm-tracked external repos <nuclearmistake> 2 days ago
 
**** vanir:packages_apps_CMParts ****
f9c8771 : PerfProfileSettings: Update slider on powersave mode change <Gabriele M> 5 weeks ago
 
**** vanir:packages_apps_CellBroadcastReceiver ****
fa4d7a7 : CellBroadcastReceiver: fix channel 50 not disabling <João Paulo Just Peixoto> 11 days ago
 
**** vanir:packages_apps_Messaging ****
c6d2d6a : Revert "32807795  Security Vulnerability - AOSP Messaging App: thirdparty can" <DHOMD> 4 weeks ago
 
**** cm:LineageOS/android_packages_apps_Snap ****
2ecc334 : CameraControls: Toggle the status of disabled views <Gabriele M> 6 days ago
7e10f00 : Never remove unsupported controls <Gabriele M> 7 days ago
30ba558 : WideAnglePanoramaUI: Correctly position the progressbar <Gabriele M> 7 weeks ago
f262e1a : Snap: CaptureModule: set switcher index on resume <codeworkx> 2 days ago
0540403 : Snap: CaptureUI: fix ModuleSwitcher being invisible <Jay Wang> 1 year, 1 month ago
 
**** github:substratum/interfacer ****
31b36ca : Polish copyright <George G> 3 weeks ago
 
**** vanir:packages_services_Telephony ****
d0f7c5f : telephony: fix crash when missing simcard <Tom Powell> 2 weeks ago
d9a24af : VoicemailSettingsActivity: Fix NPE <Gabriele M> 2 weeks ago
 
**** vanir:system_bt ****
838550c : Revert "Update Interop datatbase to prevent preferred conn updates" <Arne Coucheron> 7 weeks ago
5a99257 : Corrected default value assignments in Bluetooth A2DP Metrics <Jack He> 3 months ago
7ab4b59 : Fix A2DP Metrics Logging Capacity <Jack He> 3 months ago
117ffc2 : Fix NPE when discovering invalid GATT datatbase <Jakub Pawlowski> 3 months ago
14248c4 : Fix A2DP metrics session duration <Jack He> 4 months ago
9ab509f : Add LeakyBondedQueue to libosi <Jack He> 4 months ago
352b8e8 : Serialize stack shutdown, state change callback and cleanup <Gurpreet Ghai> 7 months ago
8d3cf59 : Remove position dependent lookup tables in AT command parser <Andre Eisenbach> 9 months ago
a512475 : Move btsnoop_hci.log to /data/misc/bluetooth/logs <Ajay Panicker> 7 months ago
aa40aa1 : DO NOT MERGE ANYWHERE Fix the timestamp in btsnoop format <Ben YoungTae Kim> 11 months ago
3e1402c : DO NOT MERGE ANYWHERE Do not update sco_state when no matching peer_addr is found <Zheng Zhang> 1 year, 1 month ago
cd06d9c : Add extra logs by default inside sdp_copy_raw_data() <Pavlin Radoslavov> 4 months ago
21c4b16 : Improve HOGP input report error handling <Lawrance Liu> 6 months ago
a86618a : Cleanup GATT cache when remote device is disconnected <Jakub Pawlowski> 4 months ago
f74a382 : Fix how LE connection parameters are set after connecting. <Jakub Pawlowski> 5 months ago
5e7cf0c : Fix incorrect check for empty out-of-band pairing data <Jakub Pawlowski> 5 months ago
76f0078 : BLE OOB Pairing - parse address type (1/5) <Jakub Pawlowski> 5 months ago
59e0b06 : Add LE Secure Connection data parsing (3/4) <Jakub Pawlowski> 9 months ago
ebba3ef : Mask out HFP 1.7 feature bits if peer version is <1.7 <Andre Eisenbach> 5 months ago
83a376c : Remove position dependent lookup tables in AT command parser <Andre Eisenbach> 9 months ago
d14ee8b : [DO NOT MERGE] Remove incorrect assert in btm_read_rssi_cb <Andre Eisenbach> 5 months ago
eac369f : DO NOT MERGE ANYWHERE Auto Connection Parameter Update for Whitelisted Address <Jacky Cheung> 6 months ago
f431497 : DO NOT MERGE ANYWHERE LE Connection Parameter Update Callback <Jacky Cheung> 6 months ago
e643371 : Assign pairing code to bta_dm_cb before device name resolution <Jack He> 5 months ago
0cb0e93 : DO NOT MERGE ANYWHERE Add Wear-specific feature to override LE IO capability <Jacky Cheung> 6 months ago
1b3e274 : Fix HFP AT command BIA failures <Devin Kim> 7 months ago
99abd31 : Add dumpsys support for LE connection parameter updates <Jacky Cheung> 9 months ago
 
**** vanir:vendor_cmsdk ****
4b14ba4 : PerformanceManager: Don't override the user preference <Gabriele M> 5 weeks ago
b19fe20 : PerformanceManager: Don't force powersave mode with powersave profile <Gabriele M> 5 weeks ago
 
**** commotio:commotio ****
1c6c9c4 : Fixup v20s + 2 G5s and a G6 <DHOMD> 2 days ago
 
**** github:TheMuppets/proprietary_vendor_google ****
bd24ffb : seed: Update blobs from N4F26W <Arvin Quilao> 6 days ago
f144ab0 : seed: Add back front cam blobs for IQ-II variant <Arvin Quilao> 9 days ago
 
**** vanir:vendor_lge ****
4d46bf3 : Add g5 + g6 blobs <DHOMD> 2 days ago
53aa157 : Full reconcile, and remove vs990... dont see a config <DHOMD> 2 days ago
 
**** vanir:vendor_motorola ****
a4dc939 : qcom-common: Restore libs used by qseecomd <nadlabak> 30 hours ago
08b01c8 : qcom-common: Update widevine <nadlabak> 2 days ago
4dfebe9 : msm8960: Move firmware to qcom-common <nadlabak> 2 days ago
 
**** cm:LineageOS/android_vendor_qcom_opensource_time-services ****
26e6b2d : Add a barrier for Marlin/Sailfish <DHOMD> 4 weeks ago
 
**** vanir:vendor_sony ****
458e615 : sirius: add d6502 modem files <Max Weffers> 10 days ago
036c175 : sirius: add missing camera files <Max Weffers> 10 days ago
1395c81 : shinano-common: Remove mpdecision <Max Weffers> 3 weeks ago
4f588c8 : shinano-common: add time services from stock .291 <tunturn> 3 weeks ago
eefa9f6 : shinano-common: Rework camera per device <nailyk-fr> 3 weeks ago
3da0ff9 : msm8974-common,shinano-common: Update for 14.1 <nailyk-fr> 8 months ago
 
**** vanir:vendor_vanir ****
e693c49 : fingerprints <nuclearmistake> 28 hours ago
f2caf29 : 2 G5s anf a G6 <DHOMD> 2 days ago
2d8e61b : Prob fix things that are not broken <DHOMD> 2 days ago
56dee93 : kernel: Include openssl headers and dylibs on darwin <Rashed Abdel-Tawab> 4 weeks ago
 
