
**** vanir:build ****
9e3f3f3 : Build hacks <DHOMD> 5 months ago
28032f6 : Revert "ota: Remove cruft we don't care about" <Dan Pasanen> 6 weeks ago
 
**** cm:LineageOS/android_device_cyanogen_msm8916-common ****
1fc6b41 : msm8916: Use PLATFORM_PATH instead of VENDOR_PATH <dianlujitao> 8 days ago
 
**** vanir:device_google_marlin ****
9daf214 : Add a proper barrier and use vendor/caf/telephony <DHOMD> 3 days ago
e687ca4 : Revert "marlin: disable our local telephony extensions" <DHOMD> 3 days ago
 
**** cm:LineageOS/android_device_htc_pme ****
65f34c9 : pme: load operator specific properties <Christopher R. Palmer> 3 days ago
3974b96 : pme: Add script to use different vendor libril for CDMA devices <Tab Fitts> 2 days ago
 
**** vanir:device_htc_s4-common ****
be9dee4 : s4-common: Correct typo on early-init <Pavel Malyutin> 12 hours ago
 
**** vanir:device_huawei_kiwi ****
3035fc0 : Revert "kiwi: Disable WiFi IpReachabilityMonitor" <Christopher R. Palmer> 4 days ago
 
**** vanir:device_lge_g2-common ****
9f5d78a : g2: bootloader offset <Greg Wallace> 7 days ago
6495b47 : g2-common: add aptx support <Nikola Majkić> 6 days ago
4559606 : g2: Nuke config_wifi_ipreachability_monitor overlay <Rashed Abdel-Tawab> 3 days ago
352395b : g2-common: Hide sRGB toggle in developer options <dianlujitao> 4 weeks ago
 
**** vanir:device_lge_g3-common ****
7b369c8 : g3: Add missing devicesettings dependency <Exodus> 2 days ago
3bbcd44 : g3-common: Hide sRGB toggle in developer options <dianlujitao> 4 weeks ago
3dff390 : g3-common: add aptx support <Exodus> 2 days ago
 
**** cm:LineageOS/android_device_lge_h918 ****
517bdc9 : h830: Fix bluetooth firmware loading <gismo2004> 5 days ago
249bced : h918: Remove useless overlay <Rashed Abdel-Tawab> 3 days ago
 
**** cm:LineageOS/android_device_lge_mako ****
4cccdca : mako: Disable Snap for now <Josue Rivera> 6 weeks ago
 
**** vanir:device_lge_v20-common ****
b5bb481 : v20: Decommonize GMS property and cleanup <Rashed Abdel-Tawab> 6 days ago
 
**** vanir:device_motorola_athene ****
5c7294a : Fix tethering for 1644/1625 <Jadilson12> 3 weeks ago
cad04fa : athene: fix video recording <Silesh K Nair> 4 days ago
f69b28a : athene: fix extract-files.sh <Shreps> 2 days ago
 
**** cm:LineageOS/android_device_motorola_clark ****
7c2412d : clark: update drm from bullhead <Dan Pasanen> 23 hours ago
 
**** cm:LineageOS/android_device_motorola_lux ****
e11da0e : lux: Featurize Flash LED <Alberto97> 3 days ago
 
**** vanir:device_motorola_msm8916-common ****
525a31e : msm8916-common: Set camera permissions device specific <ElDainosor> 9 days ago
8d2f0b7 : msm8916-common: Drop liboemcrypto <Alberto97> 4 days ago
 
**** cm:LineageOS/android_device_motorola_otus ****
42999da : Otus: Fix FM Radio <DHOMD> 8 weeks ago
 
**** cm:LineageOS/android_device_oneplus_oneplus3 ****
86e279e : op3: Sync audio properties with upstream <dianlujitao> 4 days ago
 
**** vanir:device_oneplus_onyx ****
a1b8e93 : BACKPORT: QCamera2: Changes to release video duped FD's. <Suman Mukherjee> 3 months ago
 
**** cm:LineageOS/android_device_oppo_msm8974-common ****
753e246 : Port from bacon: Add blob to decrypt full-disk encryption of /data. <J. Joe Feise> 4 months ago
 
**** cm:LineageOS/android_device_samsung_d2-common ****
ab4b60e : d2: Kill libExtendedExtractor.so <Paul Keith> 9 hours ago
74f30c0 : d2: Update widevine <Paul Keith> 22 hours ago
2c442df : d2: Remove thermald from proprietary-files <Paul Keith> 2 days ago
ba6e06c : d2: Update for generic extract files <Paul Keith> 6 days ago
 
**** cm:LineageOS/android_device_samsung_d2att ****
bef70d1 : d2att: Update for generic extract files <Paul Keith> 6 days ago
 
**** cm:LineageOS/android_device_samsung_d2spr ****
8e01962 : d2spr: Update for generic extract files <Paul Keith> 6 days ago
 
**** cm:LineageOS/android_device_samsung_d2vzw ****
6900842 : d2vzw: Update for generic extract files <Paul Keith> 6 days ago
 
**** vanir:device_samsung_klte-common ****
e5968e6 : klte-common: fw/b overlay: Change GPS capabilities bitmask <Kevin F. Haggerty> 11 hours ago
 
**** vanir:device_samsung_msm8960-common ****
9683f26 : msm8960: Fix extract files <Paul Keith> 21 hours ago
7930c28 : msm8960: Fix commonized ril filtering <Paul Keith> 2 days ago
d18ba85 : msm8960: Update for generic extract files <Paul Keith> 6 days ago
 
**** cm:LineageOS/android_device_samsung_noblelte-common ****
b98df70 : noblelte: Drop camera hack and enable HAL3 <Christopher N. Hesse> 9 hours ago
c37fb7d : noblelte: Drop sensor hack <Christopher N. Hesse> 9 hours ago
9efc2dd : noblelte: Unbreak camera permissions <Christopher N. Hesse> 9 hours ago
8d5c442 : noblelte: Rebase ramdisk against N920CXXU3CQB5 <Christopher N. Hesse> 23 hours ago
8d6bd5d : noblelte: Add rules for BCM sensorhubs <Christopher N. Hesse> 4 days ago
33de3b5 : noblelte: fix permission for torch <isimobile> 27 hours ago
ba81e51 : noblelte: enable nobleltejv <isimobile> 3 days ago
fd59cba : noblelte: Enable fingerprint components <Christopher N. Hesse> 3 days ago
fa2c51f : noblelte: Import missing NFC firmware blobs <Christopher N. Hesse> 3 days ago
fe44c69 : noblelte: Set NFC screen off power state <Christopher N. Hesse> 3 days ago
f83ff29 : noblelte: Add libbauthtzcommon shim <Christopher N. Hesse> 3 days ago
fd06f6b : noblelte: Create NFC dir in /efs <Christopher N. Hesse> 3 days ago
 
**** vanir:device_samsung_smdk4412-qcom-common ****
ffc02e9 : smdk4412-qcom-common: Apply Emergency Call Fix <Aaron Knight> 5 months ago
 
**** vanir:frameworks_av ****
768c4ae : Conditionally revert "CameraService: Allow HAL to handle video buffer duped FD's." <AndropaX> 5 days ago
 
**** vanir:frameworks_base ****
667732f : Automatic translation import <Abhisek Devkota> 2 hours ago
73ec082 : Fix intermittent slowness in resolver activity towards end of day. <Danny Baumann> 6 weeks ago
09e01f5 : gitignore aopt <DHOMD> 5 days ago
 
**** cm:LineageOS/android_hardware_cyanogen ****
6e2dfc6 : livedisplay: SDM: Fix display mode handling <dianlujitao> 4 weeks ago
 
**** cm:LineageOS/android_hardware_qcom_fm ****
aa10afe : Automatic translation import <Abhisek Devkota> 2 hours ago
 
**** cm:LineageOS/android_hardware_qcom_media ****
4ff5e65 : mm-video-v4l2: vdec: Fix makefile derp introduced in d443c0d <Ashwin Ramesh> 2 days ago
 
**** vanir:hardware_samsung ****
c9bdb4d : Automatic translation import <Abhisek Devkota> 2 hours ago
2981f79 : power: Cleanup hint handling <Christopher N. Hesse> 3 days ago
15b6309 : power: Discard hints in power save mode <Christopher N. Hesse> 3 days ago
f70cf8a : power: Keep boostpulse fd opened <Christopher N. Hesse> 12 days ago
f21fbdb : power: Keep boostpulse fd opened <Christopher N. Hesse> 12 days ago
a042209 : liblights: Always apply linear scaling if max brightness isn't 255 <Luca Stefani> 2 days ago
 
**** cmold:android_kernel_google_msm ****
b7d544c : qseecom: remove entry from qseecom_registered_app_list <Mallikarjuna Reddy Amireddy> 4 months ago
21c7edd : ipc/shm: Fix shmat mmap nil-page protection The issue is described here, with a nice testcase: <Davidlohr Bueso> 2 weeks ago
57d4aac : sctp: avoid BUG_ON on sctp_wait_for_sndbuf <Marcelo Ricardo Leitner> 5 weeks ago
7d5d509 : dccp: fix freeing skb too early for IPV6_RECVPKTINFO <Andrey Konovalov> 4 weeks ago
385557a : tcp: avoid infinite loop in tcp_splice_read() <Eric Dumazet> 6 weeks ago
 
**** cmold:android_kernel_htc_msm8996 ****
2d634f1 : bcmdhd_4359: Control minimum power consumption on screen on/off <Christopher R. Palmer> 7 days ago
612861e : bcmdhd_4359: Control pm2_sleep_ret on screen on/off <Christopher R. Palmer> 7 days ago
 
**** cmold:android_kernel_huawei_kiwi ****
0efbe7a : sctp: deny peeloff operation on asocs with threads sleeping on it <Marcelo Ricardo Leitner> 3 weeks ago
d1111b0 : net/llc: avoid BUG_ON() in skb_orphan() <Eric Dumazet> 4 weeks ago
c65d87f : msm: cpp: Fix for integer overflow in cpp <Ariel Yin> 8 weeks ago
e0e9d75 : msm: crypto: fix issues on digest buf and copy_from_user in qcedev.c <Zhen Kong> 5 months ago
029ccdb : input: misc: fix heap overflow issue in hbtp_input.c <Dennis Cagle> 10 weeks ago
788422b : ANDROID: ion: check for kref overflow <Ariel Yin> 9 weeks ago
4dbd3b6 : net: ipc_router: Register services only on client port <Karthikeyan Ramasubramanian> 3 months ago
96432af : qcacld-2.0: Fix array out-of-bounds & integer underflow in  _iw_set_genie <Srinivas Girigowda> 3 months ago
9a1c085 : net: rmnet_data: Fix incorrect netlink handling <Subash Abhinov Kasiviswanathan> 9 weeks ago
e83a6d0 : qcacld-2.0: Add buf len check in wlan_hdd_cfg80211_testmode In __wlan_hdd_cfg80211_testmode API no checks are in place that ensure that buflen is smaller or equal the size of the stack variable hb_params. Hence, the vos_mem_copy() call can overflow stack memory. <Manjeet Singh> 3 months ago
d8c44c2 : msm: vidc: WARN_ON() reveals fuction addresses <Ariel Yin> 9 weeks ago
dc5fa67 : mpi: Fix NULL ptr dereference in mpi_powm() [ver #3] <Andrey Ryabinin> 4 months ago
d6381f6 : msm-core: use get_user() API to read userspace data/settings <Mohammed Khajapasha> 16 years ago
d7facbb : msm-core: Fix potential NULL pointer issue <Archana Sathyakumar> 2 years, 4 months ago
9e30136 : msm: camera: sensor: Validate eeprom_name string length <guyang> 3 months ago
3684b9f : msm: camera: fix bound check of offset to avoid overread overwrite <Krishnankutty Kolathappilly> 4 months ago
8fb1d88 : msm: cpp: Fix for buffer overflow in cpp. <Krishnankutty Kolathappilly> 4 months ago
584c298 : l2tp: fix racy SOCK_ZAPPED flag check in l2tp_ip{,6}_bind() <Guillaume Nault> 4 months ago
 
**** cmold:android_kernel_lge_hammerhead ****
f50729f : netfilter: conntrack: disable generic tracking for known protocols <Florian Westphal> 2 years, 6 months ago
9af7d0e : mm: Fix NULL pointer dereference in madvise(MADV_WILLNEED) support <Kirill A. Shutemov> 3 years, 3 months ago
1305ffd : eCryptfs: Remove buggy and unnecessary write in file name decode routine <Michael Halcrow> 2 years, 4 months ago
29b1695 : netfilter: nf_conntrack: reserve two bytes for nf_ct_ext->len <Andrey Vagin> 3 years ago
9ac5aec : tracing/syscalls: Ignore numbers outside NR_syscalls' range <Rabin Vincent> 2 years, 5 months ago
 
**** vanir:kernel_lge_msm8974 ****
0b30155 : net/llc: avoid BUG_ON() in skb_orphan() <Eric Dumazet> 4 weeks ago
beed5af : l2tp: fix racy SOCK_ZAPPED flag check in l2tp_ip{,6}_bind() <Guillaume Nault> 4 months ago
d392010 : sctp: avoid BUG_ON on sctp_wait_for_sndbuf <Marcelo Ricardo Leitner> 5 weeks ago
6110718 : ecryptfs: don't allow mmap when the lower fs doesn't support it <Jeff Mahoney> 8 months ago
b65197f : UPSTREAM: ring-buffer: Prevent overflow of size in ring_buffer_resize() <Steven Rostedt (Red Hat)> 10 months ago
 
**** cmold:android_kernel_motorola_msm8916 ****
edac861 : mfd: wcd9xxx: Add range checking in function wcd9xxx_init_slimslave <Xiaoyu Ye> 3 months ago
ff38f59 : ASoC: msm: qdsp6v2: Add range checking in msm_dai_q6_set_channel_map <Xiaoyu Ye> 3 months ago
 
**** vanir:kernel_motorola_msm8952 ****
37d9623 : ANDROID: usb: gadget: function: Fix commenting style <Anson Jacob> 4 months ago
62614ca : ANDROID: usb: gadget: function: cleanup: Add blank line after declaration <Anson Jacob> 4 months ago
f511ae1 : input: misc: fix heap overflow issue in hbtp_input.c <Vevek Venkatesan> 3 months ago
fff646f : uio: fix potential use after free issue when accessing debug_buffer <Sahitya Tummala> 6 weeks ago
3c50c11 : crypto: msm: check length before copying to buf in _debug_stats_read <Zhen Kong> 6 weeks ago
725e4b8 : msm: camera: Validate size param before allocating memory <VijayaKumar T M> 4 weeks ago
24a78c7 : msm: camera: sensor: Validate destination step position <Rajesh Bondugula> 5 weeks ago
21b7510 : BACKPORT: aio: mark AIO pseudo-fs noexec <Nick Desaulniers> 4 months ago
f92c4c3 : fs/proc/array.c: make safe access to group_leader <Adrian Salido> 3 months ago
32772fa : leds: qpnp-flash: Fix possible race condition in debugfs <Ankit Sharma> 8 weeks ago
c855eef : msm: pm: Add mutex lock for shared data <Raju P.L.S.S.S.N> 6 weeks ago
6b56942 : defconfig: disable cp_access <Srinivasarao P> 4 weeks ago
10cce41 : msm: mdss: Fix possible integer overflow <Sravan Kumar D.V.N> 8 weeks ago
e06270e : mm: cma: check the max limit for cma allocation <Shiraz Hashim> 4 months ago
4820712 : ASoC: msm: qdsp6v2: Fix an incorrect string comparison logic <Xiaoyu Ye> 4 months ago
9003615 : platform: msm: spmi: Fix possible race condition in debugfs <ansharma> 5 weeks ago
6c4a0a6 : power: qpnp-fg: Fix possible race condition in FG debugfs <ansharma> 5 weeks ago
e4c0f20 : ecm_ipa: remove redundant code <Gidon Studinski> 7 weeks ago
d79344f : qseecom: release memory when failed to get fw size <Zhen Kong> 8 weeks ago
393b7c5 : msm: vidc: Allow clients to suggest I-frame sizes <Deepak Kushwah> 5 months ago
91b24ed : msm: kgsl: Increase GPU fault detection threshold value <Archana Sriram> 2 months ago
9139055 : msm: kgsl: Fix incomplete IB2 dump in the snapshot <Hareesh Gundu> 10 weeks ago
2d90827 : msm: kgsl: Add multiple GPU speed fuse read support <Hareesh Gundu> 5 months ago
3ef20d1 : msm: camera: Add check to ensure task wont hog CPU <VijayaKumar T M> 5 weeks ago
e92bd8d : This fixes the issue with device reboot while opening certain apps <rahulsnair> 3 weeks ago
e8f89fb : Revert "ANDROID: sdcardfs: Allow non-owners to touch" <rahulsnair> 3 weeks ago
33db3c7 : Revert "ANDROID: sdcardfs: Refactor configfs interface" <rahulsnair> 3 weeks ago
82980bc : Revert "ANDROID: sdcardfs: Remove redundant operation" <rahulsnair> 3 weeks ago
1dcf22b : Revert "fs: remove unused variable 'new_parent'" <rahulsnair> 3 weeks ago
2a1fa403 : Revert "ANDROID: sdcardfs: add support for user permission isolation" <rahulsnair> 3 weeks ago
54e822d : Revert "ANDROID: sdcardfs: Add GID Derivation to sdcardfs" <rahulsnair> 3 weeks ago
b69d5ae : Revert "ANDROID: sdcardfs: switch to full_name_hash and qstr" <rahulsnair> 3 weeks ago
68d89e5 : Revert "ANDROID: sdcardfs: Switch strcasecmp for internal call" <rahulsnair> 3 weeks ago
cac149e : Linux 3.10.105 <Willy Tarreau> 5 weeks ago
4f79e19 : metag: Only define atomic_dec_if_positive conditionally <Guenter Roeck> 5 months ago
ceead26 : fbdev/efifb: Fix 16 color palette entry calculation <Max Staudt> 9 months ago
102d0bf : dm: mark request_queue dead before destroying the DM device <Bart Van Assche> 7 months ago
4d40833 : regulator: tps65910: Work around silicon erratum SWCZ010 <Jan Remmet> 6 months ago
99d55a8 : ASoC: omap-mcpdm: Fix irq resource handling <Peter Ujfalusi> 7 months ago
bc8940c : mfd: 88pm80x: Double shifting bug in suspend/resume <Dan Carpenter> 7 months ago
c3bcc171 : mpi: Fix NULL ptr dereference in mpi_powm() [ver #3] <Andrey Ryabinin> 4 months ago
c526f41 : hwmon: (adt7411) set bit 3 in CFG1 register <Michael Walle> 8 months ago
8d5bfdd : can: dev: fix deadlock reported after bus-off <Sergei Miroshnichenko> 6 months ago
b191bf5 : dm flakey: fix reads to be issued if drop_writes configured <Mike Snitzer> 7 months ago
9d39cf9 : tile: avoid using clocksource_cyc2ns with absolute cycle count <Chris Metcalf> 4 months ago
123e68f : PCI: Handle read-only BARs on AMD CS553x devices <Myron Stowe> 2 years, 1 month ago
2d1ab81 : ACPI / APEI: Fix incorrect return value of ghes_proc() <Punit Agrawal> 5 months ago
4a770b4 : mei: bus: fix received data size check in NFC fixup <Alexander Usyskin> 5 months ago
fe0ab13 : staging: iio: ad5933: avoid uninitialized variable in error case <Arnd Bergmann> 5 months ago
7be4643 : hv: do not lose pending heartbeat vmbus packets <Long Li> 5 months ago
 
**** cmold:android_kernel_motorola_msm8992 ****
824be4c : input: misc: fix heap overflow issue in hbtp_input.c <Dennis Cagle> 10 weeks ago
 
**** cmold:android_kernel_oneplus_onyx ****
b1a69fe : divers: mmc: Update revision check for newer mmc revisions <Ruben> 3 days ago
 
**** cmold:android_kernel_samsung_klte ****
2b75868 : msm: camera: sensor: Validate eeprom_name string length <guyang> 3 months ago
0fea449 : msm: cpp: Fix for buffer overflow in cpp. <Krishnankutty Kolathappilly> 4 months ago
7277468 : msm: camera: fix bound check of offset to avoid overread overwrite <Krishnankutty Kolathappilly> 4 months ago
e22faa7 : mpi: Fix NULL ptr dereference in mpi_powm() [ver #3] <Andrey Ryabinin> 4 months ago
dd06683 : l2tp: fix racy SOCK_ZAPPED flag check in l2tp_ip{,6}_bind() <Guillaume Nault> 4 months ago
19b79df : irda: Fix lockdep annotations in hashbin_delete(). <David S. Miller> 4 weeks ago
d05aa51 : sctp: deny peeloff operation on asocs with threads sleeping on it <Marcelo Ricardo Leitner> 3 weeks ago
a23b5c6 : tcp: avoid infinite loop in tcp_splice_read() <Eric Dumazet> 6 weeks ago
 
**** vanir:platform_manifest ****
5128617 : Squeltch d850 for now <DHOMD> 31 hours ago
451deff : Apparently some g5 devices need msm8996 common, but others don't... <DHOMD> 34 hours ago
 
**** cm:LineageOS/android_packages_apps_AudioFX ****
886a58b : Automatic translation import <Abhisek Devkota> 2 hours ago
 
**** cm:LineageOS/android_packages_apps_Browser ****
d7af013 : Automatic translation import <Abhisek Devkota> 2 hours ago
 
**** vanir:packages_apps_CMParts ****
3eb44d4 : Automatic translation import <Abhisek Devkota> 2 hours ago
 
**** vanir:packages_apps_Camera2 ****
3cdfa24 : Automatic translation import <Abhisek Devkota> 2 hours ago
 
**** vanir:packages_apps_CellBroadcastReceiver ****
7017de6 : Automatic translation import <Abhisek Devkota> 2 hours ago
 
**** vanir:packages_apps_CertInstaller ****
80a7820 : Automatic translation import <Abhisek Devkota> 2 hours ago
 
**** vanir:packages_apps_Contacts ****
f6e6442 : Automatic translation import <Abhisek Devkota> 2 hours ago
 
**** vanir:packages_apps_ContactsCommon ****
a96155b : Automatic translation import <Abhisek Devkota> 2 hours ago
 
**** vanir:packages_apps_DeskClock ****
729ee00 : Automatic translation import <Abhisek Devkota> 2 hours ago
 
**** vanir:packages_apps_Dialer ****
4641f2e : Automatic translation import <Abhisek Devkota> 2 hours ago
 
**** vanir:packages_apps_Email ****
4154e90 : Automatic translation import <Abhisek Devkota> 2 hours ago
 
**** vanir:packages_apps_ExactCalculator ****
64af117 : Automatic translation import <Abhisek Devkota> 2 hours ago
 
**** cm:LineageOS/android_packages_apps_FMRadio ****
f83a5d7 : Automatic translation import <Abhisek Devkota> 2 hours ago
 
**** cm:LineageOS/android_packages_apps_FlipFlap ****
1a42acb : Automatic translation import <Abhisek Devkota> 2 hours ago
 
**** vanir:packages_apps_Gallery2 ****
6b1bcb3 : Automatic translation import <Abhisek Devkota> 2 hours ago
 
**** cm:LineageOS/android_packages_apps_Gello ****
649f53d : Automatic translation import <Abhisek Devkota> 2 hours ago
 
**** vanir:packages_apps_LockClock ****
a0f028d : Automatic translation import <Abhisek Devkota> 2 hours ago
 
**** vanir:packages_apps_ManagedProvisioning ****
c858db8 : Automatic translation import <Abhisek Devkota> 2 hours ago
 
**** vanir:packages_apps_Messaging ****
34e835c : Revert "32807795  Security Vulnerability - AOSP Messaging App: thirdparty can" <DHOMD> 29 hours ago
 
**** vanir:packages_apps_Nfc ****
fce8ec8 : Automatic translation import <Abhisek Devkota> 2 hours ago
 
**** vanir:packages_apps_PackageInstaller ****
2e2f0b2 : Automatic translation import <Abhisek Devkota> 2 hours ago
 
**** vanir:packages_apps_PhoneCommon ****
27e0f78 : Automatic translation import <Abhisek Devkota> 2 hours ago
 
**** cm:LineageOS/android_packages_apps_Recorder ****
3c64f0c : Automatic translation import <Abhisek Devkota> 2 hours ago
 
**** vanir:packages_apps_Settings ****
e48bc7d : Automatic translation import <Abhisek Devkota> 2 hours ago
1751f6f : Fix possible NPE on SIM settings shutdown. <Danny Baumann> 4 weeks ago
f982e03 : Clean up SIM enable toggle implementation <Danny Baumann> 2 weeks ago
f2ad800 : Settings: port manual provisiong support <Thecrazyskull> 2 weeks ago
 
**** cm:LineageOS/android_packages_apps_Snap ****
91d6eab : Automatic translation import <Abhisek Devkota> 2 hours ago
 
**** vanir:packages_apps_Stk ****
f91e479 : Automatic translation import <Abhisek Devkota> 2 hours ago
 
**** vanir:packages_apps_Trebuchet ****
e97e772 : Automatic translation import <Abhisek Devkota> 2 hours ago
 
**** vanir:packages_apps_UnifiedEmail ****
cb0495f : Automatic translation import <Abhisek Devkota> 2 hours ago
 
**** vanir:packages_inputmethods_LatinIME ****
65903e0 : Automatic translation import <Abhisek Devkota> 2 hours ago
 
**** vanir:packages_providers_DownloadProvider ****
e84d41d : Automatic translation import <Abhisek Devkota> 2 hours ago
 
**** vanir:packages_providers_MediaProvider ****
1261e19 : Automatic translation import <Abhisek Devkota> 2 hours ago
 
**** vanir:packages_providers_TelephonyProvider ****
04f4aad : Automatic translation import <Abhisek Devkota> 2 hours ago
 
**** cm:LineageOS/android_packages_providers_WeatherProvider ****
558d3e5 : Automatic translation import <Abhisek Devkota> 2 hours ago
 
**** cm:LineageOS/android_packages_resources_devicesettings ****
5a5b9c5 : Automatic translation import <Abhisek Devkota> 2 hours ago
 
**** vanir:packages_screensavers_Basic ****
a8e56f3 : Automatic translation import <Abhisek Devkota> 2 hours ago
 
**** vanir:packages_services_Telecomm ****
7a17066 : Automatic translation import <Abhisek Devkota> 2 hours ago
 
**** vanir:packages_services_Telephony ****
b79dedc : Automatic translation import <Abhisek Devkota> 2 hours ago
fa7bd0c : Telephony: Fix "Redirect to roaming SIM network setting(Dual SIM)" <Michael W> 11 hours ago
 
**** vanir:packages_wallpapers_LivePicker ****
8a005bf : Automatic translation import <Abhisek Devkota> 2 hours ago
 
**** vanir:vendor_cmsdk ****
b580686 : Automatic translation import <Abhisek Devkota> 2 hours ago
 
**** cm:LineageOS/android_packages_apps_YahooWeatherProvider ****
d581a44 : Automatic translation import <Abhisek Devkota> 2 hours ago
 
**** cm:LineageOS/android_packages_apps_WundergroundWeatherProvider ****
3aa2136 : Automatic translation import <Abhisek Devkota> 2 hours ago
 
**** vanir:vendor_htc ****
bd0225b : pme: Add libril for cdma devices <Tab Fitts> 2 days ago
1dc763f : pme: Regenerate after sort order was updated in extraction scripts <Christopher R. Palmer> 2 days ago
 
**** vanir:vendor_lge ****
9fd1a8e : d850: remove prebuilt ril <bryan2894> 2 days ago
1681671 : g3-common: add aptx support <Dmitrij> 2 days ago
25a4103 : g2-common: aptx support <Nikola Majkić> 3 days ago
 
**** vanir:vendor_motorola ****
b511721 : clark: kang drm from bullhead <Dan Pasanen> 23 hours ago
aeb61bc : msm8916-common: Drop liboemcrypto <Alberto97> 4 days ago
 
**** cm:LineageOS/android_vendor_qcom_opensource_time-services ****
f389f75 : Add a barrier for Marlin/Sailfish <DHOMD> 3 days ago
 
**** vanir:vendor_samsung ****
c862a08 : d2: Kill libExtendedExtractor.so <Paul Keith> 8 hours ago
0af1afb : d2: Fix permissions on blobs <Paul Keith> 21 hours ago
a0872cb : d2: Update widevine <Paul Keith> 22 hours ago
e071950 : d2: Fix commonized ril filtering <Paul Keith> 2 days ago
c5d32cb : d2: Remove thermald <Paul Keith> 2 days ago
536801a : d2: Regenerate makefiles <Paul Keith> 2 days ago
b2663a8 : noblelte: Reenable fingerprint <Christopher N. Hesse> 3 days ago
ca3fb90 : noblelte: Import missing NFC firmware from N <Christopher N. Hesse> 3 days ago
2132a7b : Revert "noblelte: Revert MALI GLES to r7p0" <Christopher N. Hesse> 3 days ago
 
**** vanir:vendor_vanir ****
5f47512 : sepolicy: Add logd and zygote rules <syphyr> 2 days ago
cb29f9c : Tomatoes <DHOMD> 2 days ago
4545237 : Only fix hotword if needed <nuclearmistake> 3 days ago
db141e9 : Add an addon.d script to assist users in fixing HotwordEnrollment on devices that ship with HotwordEnrollment blob in the ROM's system/priv-app <nuclearmistake> 3 days ago
5da06d2 : Add TvSettings to common tv config. <Aaron Kling> 3 days ago
 
