
**** vanir:build ****
9015cd1 : Update vendor paths <DHOMD> 7 hours ago
30fd372 : core: include getb64key.py in otatools <Tom Powell> 23 hours ago
d824b8f : ota_from_target_files: CalculateFingerprint when dump fingerprints <Jesse Chan> 2 weeks ago
 
**** vanir:device_google_marlin ****
68af322 : marlin: disable our local telephony extensions <Dan Pasanen> 8 weeks ago
2ee95f2 : Revert "marlin: specify device-specific recovery updater libs" <DHOMD> 5 weeks ago
 
**** cm:LineageOS/android_device_htc_hiae-common ****
86a18ba : hiae: Add dac_override, net_raw capability to rmt_storage <Ethan Chen> 2 days ago
dda3985 : hiae: Add devicesettings as a dependency <Ethan Chen> 6 days ago
 
**** cm:LineageOS/android_device_lge_g4-common ****
9ee0116 : g4: cmhw: Properly import new FileUtils <Rashed Abdel-Tawab> 10 hours ago
14b9350 : g4: update CMHW class bool <Erwan Leboucher> 6 hours ago
 
**** vanir:device_lge_v20-common ****
93c2d81 : v20: link 2nd LCD backlight with primary <Matt Filetto> 6 days ago
ee60328 : v20: import liblight <Matt Filetto> 6 days ago
9da12ab : v20: use HWC1 for now as it fixes LiveDisplay <Matt Filetto> 13 days ago
54dd8a9 : v20: inherit msm8996-common <Matt Filetto> 3 days ago
 
**** cm:LineageOS/android_device_motorola_athene ****
42fc2cd : init: update to NPJ25.93-14 <rahulsnair> 30 hours ago
 
**** vanir:device_motorola_msm8226-common ****
9cc82e7 : Revert "msm8226-common: Use common GPU drivers" <Gabriele M> 2 days ago
 
**** cm:LineageOS/android_device_motorola_otus ****
8740ab6 : Otus: Fix FM Radio <DHOMD> 5 weeks ago
 
**** vanir:device_oppo_common ****
4963aeb : Automatic translation import <Abhisek Devkota> 2 days ago
 
**** cm:LineageOS/android_device_oppo_msm8974-common ****
3c57c3c : Port from bacon: Add blob to decrypt full-disk encryption of /data. <J. Joe Feise> 3 months ago
 
**** vanir:device_qcom_common ****
a636385 : Suboptimal way of fixing Pixie builds <DHOMD> 8 weeks ago
2f412a4 : Revert "Revert "extractors: Add msm8996 32bit libmm-disp-apis and libmm-qdcm"" <dianlujitao> 6 weeks ago
ea99b0c : extractors: Update msm8996 graphics blobs info <dianlujitao> 2 days ago
 
**** cm:LineageOS/android_device_samsung_noblelte-common ****
34edc45 : noblelte: Put back cameraserver hacks <Christopher N. Hesse> 2 days ago
da996a4 : noblelte: Move ES804 firmware to nobleltetmo <Christopher N. Hesse> 2 days ago
e30db21 : noblelte: Update system properties from N <Christopher N. Hesse> 2 days ago
e3f90d3 : noblelte: Update media configs from N <Christopher N. Hesse> 2 days ago
ee39362 : noblelte: Blob out OMX codecs <Christopher N. Hesse> 2 days ago
b9a3ab8 : Allow targets to override bcmdhd firmware paths <Christopher N. Hesse> 2 days ago
496a4bb : noble: Update camera blobs from N <Christopher N. Hesse> 2 days ago
 
**** cm:LineageOS/android_device_samsung_nobleltetmo ****
5d78ce4 : nobleltetmo: Create vendor blob structs <Christopher N. Hesse> 2 days ago
 
**** vanir:device_xiaomi_libra ****
205453d : update fingerprint firmware <AndropaX> 12 hours ago
8990cab : update fingerprint <AndropaX> 31 hours ago
f35925b : fix missmerges <AndropaX> 34 hours ago
b56b209 : remove duplicated line <AndropaX> 35 hours ago
7f3837c : Fix cpuset for camera-daemon <Serhij Kyryljan> 13 days ago
df6b1db : Update blobs <Serhij Kyryljan> 2 weeks ago
3a27754 : BoardConfig: Update hardware class paths <Serhij Kyryljan> 2 weeks ago
ba6d0f4 : Update blob list <Serhij Kyryljan> 2 weeks ago
15f9990 : Update audio_policy.conf <Serhij Kyryljan> 2 weeks ago
b1ee7f7 : BoardConfig: Update build flags <Serhij Kyryljan> 2 weeks ago
b7e023f : Update audio flags <Serhij Kyryljan> 2 weeks ago
a4e6641 : Remove libqcomvoiceprocessingdescriptors <Serhij Kyryljan> 2 weeks ago
f357d5f : Add bluetooth permission <Serhij Kyryljan> 2 weeks ago
ad1b0dc : Remove low latency audio permisson <Serhij Kyryljan> 2 weeks ago
6254366 : Update blob list <Serhij Kyryljan> 2 weeks ago
66feb04 : Reduce light sensor debounce <Serhij Kyryljan> 2 weeks ago
20e9022 : Remove nonstock audio blobs <Serhij Kyryljan> 2 weeks ago
b58f6f7 : data-ipa-cfg-mgr: LA.BF64.1.2.3-01310-8x92.0 <Serhij Kyryljan> 2 weeks ago
4f0284b : shim wfdservice <Serhij Kyryljan> 3 weeks ago
fa75f2e : Update blobs <Serhij Kyryljan> 3 weeks ago
2d6b4e7 : Update blob list <Serhij Kyryljan> 3 weeks ago
91a13e6 : Update blob list <Serhij Kyryljan> 3 weeks ago
5a42d55 : Update blob list <Serhij Kyryljan> 3 weeks ago
6fabfab : Update blob list <Serhij Kyryljan> 3 weeks ago
0411572 : Update blobs list <Serhij Kyryljan> 3 weeks ago
595b643 : Add shim for IMS <Serhij Kyryljan> 3 weeks ago
110ad80 : Update and clean up <Serhij Kyryljan> 3 weeks ago
 
**** cm:LineageOS/android_device_xiaomi_msm8956-common ****
7052f19 : msm8956: init: Replace service_redefine <nicknitewolf> 3 days ago
696b472 : msm8956: Re-enable XML audio policy <TheStrix> 12 days ago
8f853ad : msm8956: Enable some audio feature <Luca Stefani> 4 weeks ago
725608c : msm8956: sepolicy: Address denials <TheStrix> 12 days ago
8278eb7 : msm8956: Remove non-existings tasks <TheStrix> 12 days ago
9af6d88 : msm8956: Make cnss-daemon oneshot <TheScarastic> 3 weeks ago
a9f1cb4 : msm8956: Update fstab <TheStrix> 13 days ago
 
**** vanir:frameworks_base ****
4eb0c18 : Automatic translation import <Abhisek Devkota> 2 days ago
 
**** cm:LineageOS/android_hardware_qcom_fm ****
6337276 : Automatic translation import <Abhisek Devkota> 2 days ago
 
**** vanir:hardware_samsung ****
a9d8bf6 : libril: use responseInts for LAST_CALL_FAIL_CAUSE on Exynos4 <Simon Shields> 2 days ago
 
**** cmold:android_kernel_htc_msm8960 ****
760ed6d : proc: actually make proc_fd_permission() thread-friendly <Oleg Nesterov> 1 year, 4 months ago
65caac3 : proc: make proc_fd_permission() thread-friendly <Oleg Nesterov> 3 years, 5 months ago
b235570 : elite: Clean up defconfig <Ethan Chen> 4 weeks ago
b031ace : msm: HTC: elite: Add qseecom device items <Ethan Chen> 4 weeks ago
 
**** vanir:kernel_lge_msm8974 ****
82a43c4 : g2: backlight: print 'setting current level' to debug <Greg Wallace> 6 days ago
 
**** cmold:android_kernel_motorola_msm8992 ****
482c113 : ANDROID: mnt: remount should propagate to slaves of slaves <Daniel Rosenberg> 7 weeks ago
040c089 : ANDROID: vfs: Missed updating truncate to truncate2 <Daniel Rosenberg> 8 weeks ago
9bf6899 : sdcardfs: Change magic value <Daniel Rosenberg> 3 months ago
 
**** cmold:android_kernel_oneplus_msm8974 ****
edccade : time: Remove CONFIG_TIMER_STATS <Kees Cook> 13 days ago
ff8164e : BACKPORT: aio: mark AIO pseudo-fs noexec <Nick Desaulniers> 3 months ago
6efa0d2 : ext4: validate s_first_meta_bg at mount time <Eryu Guan> 3 months ago
 
**** cmold:android_kernel_xiaomi_cancro ****
f909612 : time: Remove CONFIG_TIMER_STATS <Kees Cook> 13 days ago
50b9c79 : BACKPORT: aio: mark AIO pseudo-fs noexec <Nick Desaulniers> 3 months ago
954b0dc : ext4: validate s_first_meta_bg at mount time <Eryu Guan> 3 months ago
 
**** cmold:android_kernel_xiaomi_msm8956 ****
0d46bcb : defconfigs: xiaomi: Update <TheStrix> 13 days ago
 
**** github:AndropaX/android_kernel_xiaomi_msm8992 ****
4349ae0 : update config <AndropaX> 5 days ago
 
**** cm:LineageOS/android_packages_apps_AudioFX ****
9b36fdc : Automatic translation import <Abhisek Devkota> 2 days ago
 
**** vanir:packages_apps_CMParts ****
40372a5 : Automatic translation import <Abhisek Devkota> 2 days ago
 
**** vanir:packages_apps_Calendar ****
d4d47ff : Automatic translation import <Abhisek Devkota> 2 days ago
 
**** vanir:packages_apps_CellBroadcastReceiver ****
08117b8 : Automatic translation import <Abhisek Devkota> 2 days ago
 
**** vanir:packages_apps_Contacts ****
505b495 : Automatic translation import <Abhisek Devkota> 2 days ago
 
**** vanir:packages_apps_ContactsCommon ****
dd2b501 : Automatic translation import <Abhisek Devkota> 2 days ago
 
**** vanir:packages_apps_Dialer ****
15e8208 : Automatic translation import <Abhisek Devkota> 2 days ago
 
**** vanir:packages_apps_Gallery2 ****
bc9f781 : Automatic translation import <Abhisek Devkota> 2 days ago
 
**** cm:LineageOS/android_packages_apps_Gello ****
3b6a6cf : Automatic translation import <Abhisek Devkota> 2 days ago
 
**** vanir:packages_apps_LockClock ****
563bb54 : Automatic translation import <Abhisek Devkota> 2 days ago
 
**** vanir:packages_apps_Messaging ****
4e02491 : Automatic translation import <Abhisek Devkota> 2 days ago
 
**** vanir:packages_apps_PhoneCommon ****
7f73862 : Normall -> Normal typo in strings <Harry Youd> 8 hours ago
 
**** cm:LineageOS/android_packages_apps_Recorder ****
3d92b85 : Automatic translation import <Abhisek Devkota> 2 days ago
 
**** vanir:packages_apps_Settings ****
9b4a478 : Automatic translation import <Abhisek Devkota> 2 days ago
 
**** cm:LineageOS/android_packages_apps_Snap ****
b2f33fa : Snap: Allow switching beyond just 2 cameras <Christian Frisson> 4 months ago
f7854a1 : Automatic translation import <Abhisek Devkota> 2 days ago
 
**** vanir:packages_apps_ThemeChooser ****
72900fa : Automatic translation import <Abhisek Devkota> 2 days ago
 
**** vanir:packages_apps_Trebuchet ****
eb9e8cf : Automatic translation import <Abhisek Devkota> 2 days ago
 
**** cm:LineageOS/android_packages_providers_DataUsageProvider ****
b978855 : Automatic translation import <Abhisek Devkota> 2 days ago
 
**** cm:LineageOS/android_packages_providers_WeatherProvider ****
e84d46c : Automatic translation import <Abhisek Devkota> 2 days ago
 
**** cm:LineageOS/android_packages_resources_devicesettings ****
1e11ba5 : Automatic translation import <Abhisek Devkota> 2 days ago
 
**** cm:LineageOS/android_packages_services_CMAudioService ****
83729e0 : Automatic translation import <Abhisek Devkota> 2 days ago
 
**** cm:LineageOS/android_packages_services_LiveLockScreenService ****
01c3940 : Automatic translation import <Abhisek Devkota> 2 days ago
 
**** vanir:packages_services_Telephony ****
dea7d57 : Automatic translation import <Abhisek Devkota> 2 days ago
 
**** cm:LineageOS/android_packages_services_ThemeManagerService ****
32b32a4 : Automatic translation import <Abhisek Devkota> 2 days ago
 
**** cm:LineageOS/android_packages_services_WeatherService ****
6b4875a : Automatic translation import <Abhisek Devkota> 2 days ago
 
**** vanir:vendor_cmsdk ****
1429c49 : Automatic translation import <Abhisek Devkota> 2 days ago
 
**** cm:LineageOS/android_packages_apps_YahooWeatherProvider ****
2badf2f : Automatic translation import <Abhisek Devkota> 2 days ago
 
**** cm:LineageOS/android_packages_apps_WundergroundWeatherProvider ****
7e1dd7c : Automatic translation import <Abhisek Devkota> 2 days ago
 
**** vanir:vendor_lge ****
7d5a181 : Merge taint removal <DHOMD> 29 hours ago
49f6ff6 : f400: Remove prebuilt ril and regenerate makefiles <Joonhyuk Song> 3 days ago
486916b : g4: use opensource consumerir hal <codeworkx> 2 days ago
fe902ad : f400: Update blobs from F400K30g <Joonhyuk Song> 3 days ago
 
**** vanir:vendor_motorola ****
f1a37a4 : msm8226-common: Move adreno blobs back here <Gabriele M> 33 hours ago
 
**** github:TheMuppets/proprietary_vendor_qcom_binaries ****
5b51c29 : Revert "Revert "bluetooth: Add aptX & aptXHD to comfirmed platforms"" <DHOMD> 24 hours ago
f293bf5 : msm8996: graphics: Update to LA.UM.5.5.r1-02200-8x96.0 <dianlujitao> 6 days ago
 
**** vanir:vendor_samsung ****
4f73e5f : nobleltetmo: Initial audio blob import from M <Christopher N. Hesse> 2 days ago
2ed8c56 : noblelte: Remove ES804 firmware <Christopher N. Hesse> 2 days ago
e80cdab : noblelte: Import OMX blobs from N <Christopher N. Hesse> 2 days ago
e773de4 : noblelte: Update camera blobs from N <Christopher N. Hesse> 2 days ago
 
**** vanir:vendor_vanir ****
ae53b89 : apn: Updating Movistar Argentina APN <ElDainosor> 12 days ago
 
