
**** vanir:build ****
dc67332 : Build hacks <DHOMD> 10 weeks ago
 
**** vanir:device_huawei_angler ****
0d4dea3 : Update IMS paths in init.angler <DHOMD> 6 days ago
 
**** vanir:device_lge_g2-common ****
018f40d : g2-common: Remove unused service and calls <Tyler Dunn> 28 hours ago
 
**** github:kranone124/android_device_motorola_titan ****
945aed8 : Update AndroidProducts.mk <kranone124> 13 hours ago
efe6bde : Update and rename aoscp.mk to aosip.mk <kranone124> 13 hours ago
 
**** cm:CyanogenMod/android_device_samsung_noblelte-common ****
64e2973 : noblelte: Switch to unified LED overlay <Christopher N. Hesse> 20 hours ago
 
**** vanir:device_samsung_smdk4412-common ****
f71dc58 : smdk4412: re-add missing firmware blob <Simon Shields> 15 hours ago
7cfef32 : smdk4412: switch to generic extract-utils <Simon Shields> 2 weeks ago
1bd90e7 : smdk4412: build libfimc and libUMP from device tree <Simon Shields> 2 days ago
0f02f8f : smdk4412: move cbd to /system <Simon Shields> 2 days ago
 
**** vanir:device_xiaomi_cancro ****
4a21ec0 : cancro: set bootdevice <Luk1337> 9 days ago
d56c250 : cancro: disable frp <Joey Rizzoli> 9 days ago
e79c34b : cancro: update cmdline <Joey Rizzoli> 12 days ago
3a89892 : cancro: declare reserved size in userdata <Joey Rizzoli> 12 days ago
3b31253 : cancro: define nfc port <Joey Rizzoli> 12 days ago
3d41984 : cancro: add misc to fstab <Joey Rizzoli> 2 weeks ago
f4193de : cancro: cleanup overlay <Joey Rizzoli> 2 weeks ago
 
**** vanir:frameworks_av ****
d0372af : frameworks/av: Don't override LOCAL_CFLAGS <Bruno Martins> 11 hours ago
 
**** vanir:frameworks_base ****
72257dd8 : Change codeaura to android for CALL_TYPE_CS <DHOMD> 5 days ago
5897087 : Add the ability to hide superuser status bar icon [1/2] <cristianomatos> 1 year, 11 months ago
f8a41f6 : Automatic translation import <inky@build01> 25 hours ago
 
**** cmold:android_kernel_htc_msm8974 ****
1c6ac66 : m8/m8dug: Enable RPFILTER <Ethan Chen> 12 days ago
 
**** cmold:android_kernel_motorola_msm8916 ****
dc66184 : osprey/surnia/harpia: set num_cpus to 4 <desaishivam26> 6 days ago
bc38fd0 : bfq-sched: Forcefully lookup entities when the cache is inconsistent <Diogo Ferreira> 4 weeks ago
 
**** cmold:android_kernel_oneplus_msm8974 ****
4271eef : BACKPORT: ion: fix a race condition in the ion driver <Eun Taik Lee> 7 days ago
f9927c6 : ASoC: msm: qdsp6v2: Change audio drivers to use %pK <Ben Romberger> 7 months ago
24f4f4e : usb: gadget: f_mbim: Change %p to %pK in debug messages <Min Chong> 9 weeks ago
8ea8436 : netfilter: Change %p to %pK in debug messages <Min Chong> 10 weeks ago
44cd527 : drivers: video: Add bounds checking in fb_cmap_to_user <Steve Pfetsch> 9 weeks ago
7c91eb8 : msm: mdss: hide kernel addresses from unprevileged users <Abhijit Kulkarni> 35 hours ago
7b26920 : net: ping: Fix stack buffer overflow in ping_common_sendmsg() <Siqi Lin> 10 weeks ago
677107a : perf: protect group_leader from races that cause ctx double-free <John Dias> 2 months ago
43ccafb : BACKPORT: lockdep: Silence warning if CONFIG_LOCKDEP isn't set <Paul Bolle> 3 years, 11 months ago
e180ad2 : BACKPORT: perf: Fix event->ctx locking <Ariel Yin> 10 weeks ago
39254d4 : BACKPORT: perf: Introduce perf_pmu_migrate_context() <Yan, Zheng> 4 years, 6 months ago
2e5ab54 : BACKPORT: perf: Allow the PMU driver to choose the CPU on which to install events <Yan, Zheng> 4 years, 6 months ago
12cb288 : msm: sensor: validate the i2c table index before use <Suman Mukherjee> 3 months ago
 
**** vanir:packages_apps_CMParts ****
98e0552 : Fix superclass of SystemSettingSwitchPreference <nuclearmistake> 16 hours ago
83da11b : Add the ability to hide superuser status bar icon [2/2] <cristianomatos> 1 year, 11 months ago
9ad0b96 : Automatic translation import <inky@build01> 25 hours ago
 
**** vanir:packages_apps_Settings ****
e0613b1 : Automatic translation import <inky@build01> 25 hours ago
 
**** cm:CyanogenMod/android_packages_apps_Snap ****
ad8a0ee : Automatic translation import <inky@build01> 25 hours ago
 
**** vanir:packages_services_Telephony ****
24fc585 : Automatic translation import <inky@build01> 25 hours ago
 
**** cm:CyanogenMod/cm_platform_sdk ****
a3070bf : Automatic translation import <inky@build01> 25 hours ago
 
**** commotio:commotio ****
054f610 : Fix LatinSwipe and mk 64 bit fancy <DHOMD> 5 hours ago
1f7be73 : 1 - 2 - 3 <DHOMD> 5 hours ago
 
**** vanir:vendor_samsung ****
a46fadc : smdk4412, i9300: regen makefiles <Simon Shields> 22 hours ago
1a7e7de : smdk4412: don't add to PRODUCT_PACKAGES in vendor <Simon Shields> 2 days ago
5197efd : smdk4412: move cbd to /system <Simon Shields> 2 days ago
 
**** vanir:vendor_vanir ****
a52d7e0 : LatinIME, takes 3 <DHOMD> 33 minutes ago
51d7b84 : Update Latinime and make more inteligent <DHOMD> 2 hours ago
7cdc5b6 : filter animation out of copy files, even if sizes set explicitly <nuclearmistake> 9 hours ago
 
