
**** vanir:build ****
a8b2a90 : Revert "Revert "Add PRODUCT_BOOTANIMATION"" <Zhao Wei Liew> 2 days ago
 
**** vanir:device_qcom_sepolicy ****
76a9fbb : Allow qmuxd access diag <Michael Bestas> 2 days ago
bc7eb62 : Readd support for old perfd socket <Michael Bestas> 2 days ago
530d9e0 : Move bluetooth_loader sepolicy to common <Michael Bestas> 2 days ago
 
**** vanir:frameworks_base ****
924299a : AppOps: Do not prune apps that are not present <Jorge Ruesga> 2 years, 6 months ago
3f1c6bc : Support for MODE_ASK in commandline <amtlib-dot-dll> 8 weeks ago
57fd5ff : KeyguardStatusBarView: Fix battery text visibility issues <tsubus> 5 days ago
6d70cd4 : Fix the deadlock problem <pengzhicai> 8 days ago
f3f8c5c : [AM] Fix system server may killed when monkey crash. <Mark Lu> 2 weeks ago
563395b : SystemUITests: fix compile error <Bin Chen> 19 hours ago
 
**** vanir:packages_apps_Settings ****
b8d0ef0 : API level <DHOMD> 21 minutes ago
4b3e605 : Vanir Version <DHOMD> 27 minutes ago
84a4934 : Use bands.length instead of bands[0] when populating the bands list <Andrew Xie> 3 years, 10 months ago
54b0de3 : Settings: Add CMHW vibrator intensity preference <LuK1337> 10 days ago
 
**** commotio:commotio ****
8ab2583 : 121 + no Trebuchets here. <DHOMD> 2 hours ago
 
