
**** vanir:bootable_recovery_twrp ****
1a230e4 : Show scrollbar on TWRP Settings <nkk71> 8 days ago
1c01fab : SHA2: Enable in landscape and watch xml <bigbiff bigbiff> 7 days ago
 
**** cm:LineageOS/android_device_htc_m8-common ****
484fd61 : sepolicy: Also allow to read from gestures node <Bruno Martins> 5 days ago
 
**** cm:LineageOS/android_device_htc_msm8974-common ****
ac53dd9 : msm8974-common: GestureHandler: Add support for additional gestures <Ethan Chen> 1 year ago
 
**** cm:LineageOS/android_device_lge_g5-common ****
211fde4 : g5: Build consumerIR HAL <Rashed Abdel-Tawab> 3 days ago
 
**** cm:LineageOS/android_device_lge_g6-common ****
4324648 : g6: Remove removed blob <Rashed Abdel-Tawab> 3 days ago
 
**** cm:LineageOS/android_device_lge_h830 ****
43914ed : h830: Update fingerprint from h830 v20k <Rashed Abdel-Tawab> 35 hours ago
953491b : h830: Move bluetooth to msm8996-common <Rashed Abdel-Tawab> 3 days ago
 
**** cm:LineageOS/android_device_lge_h850 ****
a2140f1 : h850: Move bluetooth to msm8996-common <Rashed Abdel-Tawab> 3 days ago
 
**** cm:LineageOS/android_device_lge_h918 ****
2af6543 : h918: Move bluetooth to msm8996-common <Rashed Abdel-Tawab> 3 days ago
 
**** cm:LineageOS/android_device_lge_msm8996-common ****
09a6a73 : msm8996: Build consumerIR HAL from source <Rashed Abdel-Tawab> 3 days ago
910d5cf : msm8996: Update blobs <Rashed Abdel-Tawab> 3 days ago
af42ecc : msm8996: Add 32bit sdm blobs and HDR calibration blobs <Rashed Abdel-Tawab> 11 days ago
bbf4296 : msm8996: "borrow" Verizon and Sprint frameworks from marlin <Rashed Abdel-Tawab> 3 weeks ago
c734cd3 : msm8996: Use gesture handler in lge/common <Rashed Abdel-Tawab> 4 days ago
cc2ed05 : msm8996: Reconfigure bluetooth for new driver <Rashed Abdel-Tawab> 6 days ago
de1913a : msm8996: Move bluetooth addr to data/misc/bluetooth <Rashed Abdel-Tawab> 6 days ago
bf5e88f : msm8996: Set dex2oat thread count (and fix comment) <Rashed Abdel-Tawab> 9 days ago
6394716 : msm8996: sepolicy: Allow thermal-engine to read sysfs_usb_supply props <Rashed Abdel-Tawab> 10 days ago
fb68427 : msm8996: hwaddrs: Set proper offsets for 8996 <Eric Meddaugh> 12 days ago
c9f4fa0 : msm8996: Bring back hwaddrs <Rashed Abdel-Tawab> 12 days ago
 
**** vanir:device_lge_v20-common ****
df8b8f9 : v20: Build consumerIR HAL <Rashed Abdel-Tawab> 3 days ago
 
**** vanir:device_motorola_msm8226-common ****
60adcf6 : sensors: falcon-peregrine: Initialize the accuracy of the sensors <Gabriele M> 24 hours ago
8c60494 : sensors: falcon-peregrine: Remove redundant code <Gabriele M> 4 days ago
dec161c : sensors: falcon-peregrine: Handle delays properly <Gabriele M> 4 days ago
 
**** vanir:device_motorola_msm8916-common ****
0f77778 : msm8916-common: Read BT address from property <Alberto97> 2 days ago
e832b93 : overlay: Disable non-AOSP Bluetooth-features <Martin Hoffmann> 8 weeks ago
 
**** cm:LineageOS/android_device_oneplus_oneplus3 ****
1fec70f : op3: Update to OB21 / OB12 blobs <dianlujitao> 5 days ago
c46f9bd : op3: Add shim to make front camera not take 4 MP pics in bright light <Sultanxda> 13 days ago
ec5325b : op3: Add shim to fix front facing camera crash in bright light <Sultanxda> 2 weeks ago
7eaff84 : op3: Use shim to set camera package name in the HAL to OnePlus Camera <Sultanxda> 2 weeks ago
4fe0ea5 : op3: Automatically sed camera HAL symbol changes needed for shim <Sultanxda> 2 weeks ago
e820f33 : op3: Remove duplicate time_daemon service definition <Sultanxda> 4 weeks ago
6d47496 : op3: Add the high performance VR feature <Jonathan Wicks> 10 months ago
 
**** vanir:device_oneplus_onyx ****
5e763a7 : onyx: Remove loc_api that depends on QCPATH <Michael Bestas> 1 year, 9 months ago
 
**** cm:LineageOS/android_device_oppo_msm8974-common ****
317213b : Grant netmgrd proper unix perms <Jeff Vander Stoep> 1 year, 3 months ago
 
**** cm:LineageOS/android_device_samsung_d2-common ****
e56f9ed : d2lteRIL: Handle RIL_UNSOL_NITZ_TIME_RECEIVED <Gabriele M> 4 months ago
 
**** vanir:device_samsung_klte ****
179dfc7 : klte: libinit: Update build fingerprint for SM-G900{F,V} <Kevin F. Haggerty> 3 days ago
 
**** vanir:device_xiaomi_libra ****
e0022da : rootdir: move readmac from main to late_start <Demon000> 2 days ago
 
**** vanir:frameworks_base ****
0bea0a1 : SEEMP: Adding auth framework for outgoing SMS messages. <ahmedsh> 8 months ago
adedad8 : PowerManagerService: fix HW button illumination timeout <Corinna Vinschen> 8 days ago
 
**** vanir:hardware_broadcom_wlan ****
fdd4a9e : net: wireless: bcmdhd: update bcm4358 FW (7.112.201.4) [DO NOT MERGE] <Insun Song> 2 months ago
6e10a21 : net: wireless: bcmdhd: update bcm4354/56 FW (7.35.101.6) <Insun Song> 2 months ago
313eb3d : net: wireless: bcmdhd: adding bssid count NL attribute in SWC config <Insun Song> 4 months ago
 
**** cm:LineageOS/android_hardware_qcom_bt ****
b60954a : libbt-qcom: Allow reading BT address from property <Alberto97> 7 days ago
 
**** vanir:hardware_samsung ****
231dc65 : wifiloader: Load kernel module if present <Christopher N. Hesse> 12 days ago
 
**** cm:LineageOS/android_hardware_samsung_slsi-cm_exynos ****
7b67ee6 : videocodec: Support recent MFC hardware <Christopher N. Hesse> 2 days ago
3f2ddaf : display: Set all IDMA fds for decon <Christopher N. Hesse> 2 days ago
 
**** cmold:android_kernel_htc_msm8960 ****
9e0b201 : ALSA: compress: fix an integer overflow check <Dan Carpenter> 3 years, 1 month ago
60384d4 : ALSA: compress: fix compilation error <Eric Laurent> 4 years, 4 months ago
7052c63 : BACKPORT: sg: relax 16 byte cdb restriction <Douglas Gilbert> 3 years, 2 months ago
16cd3d9 : ipv6: Check ip6_find_1stfragopt() return value properly. <David S. Miller> 3 months ago
fba66c0 : ALSA: compress - move the buffer check <Vinod Koul> 4 years, 11 months ago
a958d42 : ALSA: compress_core: integer overflow in snd_compr_allocate_buffer() <Dan Carpenter> 4 years, 11 months ago
0c9a7db : prima: Fix buffer overflow in WLANSAP_Set_WPARSNIes() <Nishank Aggarwal> 7 months ago
99aa54e : mm/mempolicy.c: fix error handling in set_mempolicy and mbind. <Chris Salls> 4 months ago
6b77419 : xfrm_user: validate XFRM_MSG_NEWAE XFRMA_REPLAY_ESN_VAL replay_window <Andy Whitcroft> 5 months ago
5d3187c : xfrm_user: validate XFRM_MSG_NEWAE incoming ESN size harder <Andy Whitcroft> 5 months ago
777d9e5 : sctp: do not inherit ipv6_{mc|ac|fl}_list from parent <Eric Dumazet> 3 months ago
cce3259 : scsi: sg: check length passed to SG_NEXT_CMD_LEN <peter chang> 6 months ago
821dc50 : BACKPORT: block: add blk_rq_set_block_pc() <Jens Axboe> 3 years, 2 months ago
a30deb0 : prima: Fix array out-of-bounds & integer underflow in _iw_set_genie <Srinivas Girigowda> 8 months ago
c1f7204 : ANDROID: ion: Protect kref from userspace manipulation <Daniel Rosenberg> 6 months ago
fb25d5b : ipv6: Prevent overrun when parsing v6 header options <Craig Gallek> 3 months ago
1ef706c : irda: Fix lockdep annotations in hashbin_delete(). <David S. Miller> 6 months ago
f44bd27 : KEYS: Change the name of the dead type to ".dead" to prevent user access <David Howells> 4 months ago
3ae32ff : ipv6/dccp: do not inherit ipv6_mc_list from parent <WANG Cong> 3 months ago
c0a1cfd : ipv6: fix out of bound writes in __ip6_append_data() <Eric Dumazet> 3 months ago
a766d47 : ALSA: seq: Fix race at timer setup and close <Takashi Iwai> 1 year, 7 months ago
3e1d8ed : prima: Use heap memory for station_info instead of stack <kaliu> 1 year ago
edb7f08 : flounder: FIQ and sysrq default deauthorized <Mark Salyzyn> 5 months ago
c20be2b : ping: implement proper locking <Eric Dumazet> 5 months ago
59fb508 : ASoC: soc: qdsp6: prevent risk of buffer overflow <Xiaojun Sang> 9 months ago
 
**** cmold:android_kernel_htc_msm8974 ****
b59fb7c : ALSA: timer: Fix race between read and ioctl <Takashi Iwai> 2 months ago
a5fbb91 : ALSA: timer: Fix missing queue indices reset at SNDRV_TIMER_IOCTL_SELECT <Takashi Iwai> 2 months ago
b8e1305 : fs/exec.c: account for argv/envp pointers <Kees Cook> 7 weeks ago
7016388 : prima: Trim extn capability to max supported in change station <Srinivas Girigowda> 3 months ago
e0bcd01 : ipv6: fix out of bound writes in __ip6_append_data() <Eric Dumazet> 3 months ago
5bb41df : ipv6/dccp: do not inherit ipv6_mc_list from parent <WANG Cong> 3 months ago
54851ff : sctp: do not inherit ipv6_{mc|ac|fl}_list from parent <Eric Dumazet> 3 months ago
da44e69 : ipv6: Check ip6_find_1stfragopt() return value properly. <David S. Miller> 3 months ago
6d69016 : ipv6: Prevent overrun when parsing v6 header options <Craig Gallek> 3 months ago
e1244ea : ashmem: remove cache maintenance support <Dennis Cagle> 3 months ago
8ec762a : msm: kgsl: Fix kgsl memory allocation and free race condition <Dennis Cagle> 3 months ago
57da347 : msm: camera: don't cut to 8bits for validating enum variable <Gaoxiang Chen> 5 months ago
14da8fc : msm: camera: sensor: Add boundary check for cci master <VijayaKumar T M> 4 months ago
12a4763 : qseecom: add mutex around qseecom_set_client_mem_param <Zhen Kong> 6 months ago
07049b9 : crypto: ahash - Fix EINPROGRESS notification callback <Herbert Xu> 4 months ago
846bb31 : crypto: hash - Simplify the ahash_finup implementation <Marek Vasut> 3 years, 5 months ago
0b24bb3 : crypto: hash - Pull out the functions to save/restore request <Marek Vasut> 3 years, 5 months ago
33bbfa2 : crypto: hash - Fix the pointer voodoo in unaligned ahash <Marek Vasut> 3 years, 5 months ago
f0005a7 : crypto: ahash - Fully restore ahash request before completing <Marek Vasut> 3 years, 8 months ago
ab60cff : mm/mempolicy.c: fix error handling in set_mempolicy and mbind. <Chris Salls> 4 months ago
5276431 : mm: fix anon vma naming <Colin Cross> 3 years, 10 months ago
21e0cd3 : net/packet: fix overflow in check for priv area size <Andrey Konovalov> 5 months ago
a6ca6b3 : packet: handle too big packets for PACKET_V3 <Eric Dumazet> 3 years ago
738b7e7 : net/packet: fix overflow in check for tp_frame_nr <Andrey Konovalov> 5 months ago
c8df7a3 : xfrm_user: validate XFRM_MSG_NEWAE incoming ESN size harder <Andy Whitcroft> 5 months ago
4e31cea : xfrm_user: validate XFRM_MSG_NEWAE XFRMA_REPLAY_ESN_VAL replay_window <Andy Whitcroft> 5 months ago
adc547a : sctp: deny peeloff operation on asocs with threads sleeping on it <Marcelo Ricardo Leitner> 6 months ago
4582e08 : irda: Fix lockdep annotations in hashbin_delete(). <David S. Miller> 6 months ago
820617d : xfrm: policy: check policy direction value <Vladis Dronov> 12 days ago
d0f0acd : qcdev: Check the digest length during the SHA operations <Dennis Cagle> 3 months ago
14e20aa : timerfd: Protect the might cancel mechanism proper <Thomas Gleixner> 7 months ago
ba3a7e7 : sysrq: FIQ and sysrq default deauthorized <Mark Salyzyn> 5 months ago
f78b8b4 : BACKPORT: fiq_debugger: restrict access to critical commands. <Mark Salyzyn> 8 months ago
871ae2c : BACKPORT: f2fs: sanity check checkpoint segno and blkoff <Jin Qian> 3 months ago
f01c1a3 : UPSTREAM: f2fs: sanity check segment count <Jin Qian> 4 months ago
e3b1d3b : BACKPORT: f2fs: sanity check log_blocks_per_seg <Jin Qian> 4 months ago
29aeced : BACKPORT: msm: mdss: Fix invalid dma attachment during fb shutdown <Sachin Bhayare> 8 months ago
8443b71 : msm: ipa: Fix for missing int overflow check in the refcount library <Utkarsh Saxena> 4 months ago
dbaef65 : ASoC: msm: qdsp6/qdsp6v2: check audio client pointer before accessing <Aravind Kumar> 2 years, 3 months ago
f2e5d22 : ASoC: msm: qdsp6/qdsp6v2: validate audio client in callback <Fred Oh> 2 years, 4 months ago
81da2f1 : ASoC: msm: qdsp6/qdsp6v2: set pointer to NULL after free. <Xiaojun Sang> 6 months ago
aaca656 : ASoC: soc: qdsp6: prevent risk of buffer overflow <Xiaojun Sang> 9 months ago
06da4cb : BACKPORT: posix_acl: Clear SGID bit when setting file permissions <Jan Kara> 11 months ago
690b28a : hid: usbhid: Changes to prevent buffer overflow <Sriharsha Allenki> 8 months ago
2e3c061 : usb: diag: change %p to %pK in debug messages <Min Chong> 10 months ago
bb2fa54 : usbnet: cleanup after bind() in probe() <Oliver Neukum> 1 year, 5 months ago
ebdadf4 : Don't show empty tag stats for unprivileged uids <Mohamad Ayyash> 1 year, 1 month ago
965c2b3 : USB: iowarrior: fix NULL-deref at probe <Johan Hovold> 5 months ago
43f585b : USB: iowarrior: fix oops with malicious USB descriptors <Josh Boyer> 1 year, 5 months ago
8a50728 : USB: cdc-acm: more sanity checking <Oliver Neukum> 1 year, 5 months ago
 
**** cmold:android_kernel_lge_hammerhead ****
c8574ab : BACKPORT: f2fs: sanity check checkpoint segno and blkoff <Jin Qian> 3 months ago
6d78b2e : UPSTREAM: f2fs: sanity check segment count <Jin Qian> 4 months ago
cb65b07 : BACKPORT: UPSTREAM: sg_start_req(): make sure that there's not too many elements in iovec <Al Viro> 2 years, 5 months ago
 
**** cmold:lge-kernel-mako ****
b0cea91 : xfrm: policy: check policy direction value <Vladis Dronov> 12 days ago
b192d45 : timerfd: Protect the might cancel mechanism proper <Thomas Gleixner> 7 months ago
83181ec : qcdev: Check the digest length during the SHA operations <Dennis Cagle> 3 months ago
 
**** vanir:kernel_lge_msm8974 ****
8e3cda8 : BACKPORT: lockdep: Silence warning if CONFIG_LOCKDEP isn't set <Paul Bolle> 4 years, 7 months ago
884e537 : BACKPORT: perf: Fix event->ctx locking <Ariel Yin> 10 months ago
7e17505 : BACKPORT: perf: Introduce perf_pmu_migrate_context() <Yan, Zheng> 5 years ago
57d0b98 : BACKPORT: perf: Allow the PMU driver to choose the CPU on which to install events <Yan, Zheng> 5 years ago
958ba0e : perf: Fix race in removing an event <Peter Zijlstra> 3 years, 3 months ago
6c4b6ad : perf_event: Switch to internal refcount, fix race with close() <Al Viro> 5 years ago
3004b5c : perf: Clarify perf_cpu_context::active_pmu usage by renaming it to ::unique_pmu <Peter Zijlstra> 4 years, 10 months ago
0e11404 : perf: Fix hotplug splat <Peter Zijlstra> 3 years, 6 months ago
c8a96ec : perf: Clone child context from parent context pmu <Jiri Olsa> 4 years, 1 month ago
7cdbf76 : perf: Remove WARN_ON_ONCE() check in __perf_event_enable() for valid scenario <Jiri Olsa> 4 years, 1 month ago
dfeb841 : perf: Fix perf_lock_task_context() vs RCU <Peter Zijlstra> 4 years, 1 month ago
49eab6e : perf: Use css_tryget() to avoid propping up css refcount <Salman Qazi> 5 years ago
5a9776d : perf: Fix perf_cgroup_switch for sw-events <Peter Zijlstra> 4 years, 10 months ago
303727a : perf: Fix error return code <Wei Yongjun> 4 years, 4 months ago
a9dc06f : perf: Prevent false warning in perf_swevent_add <Jiri Olsa> 3 years, 4 months ago
019e4f6 : perf: Fix perf mmap bugs <Peter Zijlstra> 4 years, 3 months ago
b73f789 : perf: Limit perf_event_attr::sample_period to 63 bits <Peter Zijlstra> 3 years, 3 months ago
b1c7957 : perf: Fix event group context move <Jiri Olsa> 4 years, 6 months ago
c287b34 : perf: Fix perf ring buffer memory ordering <Peter Zijlstra> 3 years, 10 months ago
426e9559 : ARM: perf: reject groups spanning multiple hardware PMUs <Suzuki K. Poulose> 2 years, 5 months ago
 
**** cmold:android_kernel_lge_msm8996 ****
f37d9d2 : net: wireless: bcmdhd: fix overrun in wl_run_escan <Insun Song> 7 months ago
c61dc30 : net: wireless: bcmdhd: fix buffer overrun in wlfc reordering <Insun Song> 7 months ago
a7ce21a : net: wireless: bcmdhd: fix buffer overrun in wl_cfg80211_add_iw_ie <Insun Song> 7 months ago
212014fc : net: wireless: bcmdhd: Heap overflow in wl_run_escan. <Sudhir Kohalli> 7 months ago
f815f33 : g5/v20: Enable LG haptic overdrive and reverse braking voltage <Rashed Abdel-Tawab> 2 days ago
38ecaa8 : msm: Add LG haptic overdrive and reverse brake voltage changes <Rashed Abdel-Tawab> 2 days ago
d6b3275 : net: wireless: bcmdhd: fix buffer overrun in wl_android_set_roampref <Insun Song> 7 months ago
a902d8b : net: wireless: bcmdhd: fix use-after-free in _dhd_pno_get_for_batch() <Greg Hackmann> 9 months ago
36f23c8 : net: wireless: bcmdhd: Revert 3a7af57b in legacy driver <Rashed Abdel-Tawab> 2 days ago
5617f1b : elsa: disable 2nd screen for now <Matt Filetto> 6 months ago
f582847 : Revert "msm: camera: isp: Handle standby mode for B+M" <Rashed Abdel-Tawab> 3 days ago
15d11e9 : Revert "msm: isp: Add support for VFE resolution limit" <Rashed Abdel-Tawab> 3 days ago
f42f59b : net: wireless: bcmdhd: adding boundary check in SWC gscan config <Insun Song> 4 months ago
4634d8b : net: wireless: bcmdhd: adding boundary check in wl_cfg80211_mgmt_tx <Insun Song> 3 months ago
3a7af57 : net: wireless: bcmdhd: additional length check for BRCM EVENT frame. <Insun Song> 4 months ago
550f471 : fs/exec: fix use after free in execve <Andrea Arcangeli> 3 weeks ago
cad6647 : timerfd: Protect the might cancel mechanism proper <Thomas Gleixner> 7 months ago
5c1bd14 : BACKPORT: f2fs: sanity check segment count <Jin Qian> 4 months ago
88a77b4 : Revert "proc: smaps: Allow smaps access for CAP_SYS_RESOURCE" <Nick Desaulniers> 3 months ago
0f73ebb : BACKPORT: UPSTREAM: dccp: fix freeing skb too early for IPV6_RECVPKTINFO <Andrey Konovalov> 6 months ago
b8d68dd : UPSTREAM: ipv4: keep skb->dst around in presence of IP options <Eric Dumazet> 6 months ago
ad5f441 : UPSTREAM: zram/zcomp: do not zero out zcomp private pages <Sergey Senozhatsky> 1 year, 7 months ago
d2fbb99 : UPSTREAM: zram: pass gfp from zcomp frontend to backend <Minchan Kim> 1 year, 7 months ago
39df432 : ANDROID: ext4 crypto: Disables zeroing on truncation when there's no key <Michael Halcrow> 6 months ago
3551471 : ext4: validate s_first_meta_bg at mount time <Eryu Guan> 9 months ago
99dd17b : ping: implement proper locking <Eric Dumazet> 5 months ago
8ffd03a : drivers: video: Add bounds checking in fb_cmap_to_user <Steve Pfetsch> 10 months ago
1a2dc04 : net: ping: check minimum size on ICMP header length <Kees Cook> 8 months ago
50715f1 : ipv4: Don't do expensive useless work during inetdev destroy. <David S. Miller> 1 year, 5 months ago
8b481f2 : pipe: limit the per-user amount of pages allocated in pipes <Willy Tarreau> 1 year, 7 months ago
51e48cb : net: add length argument to skb_copy_and_csum_datagram_iovec <Sabrina Dubroca> 1 year, 10 months ago
ba6b0d3 : sysctl: Drop reference added by grab_header in proc_sys_readdir <Zhou Chengming> 7 months ago
5f5b313 : ipv6: fix out of bound writes in __ip6_append_data() <Eric Dumazet> 3 months ago
15e3a5d : ipv6/dccp: do not inherit ipv6_mc_list from parent <WANG Cong> 3 months ago
c8ac7b8 : sctp: do not inherit ipv6_{mc|ac|fl}_list from parent <Eric Dumazet> 3 months ago
eab99d6 : ipv6: Prevent overrun when parsing v6 header options <Craig Gallek> 3 months ago
d9c8d89 : ext4: fix deadlock during page writeback <Jan Kara> 1 year, 1 month ago
921fce9 : ext4: fix data exposure after a crash <Jan Kara> 16 years ago
08059c1 : dccp/tcp: do not inherit mc_list from parent <Eric Dumazet> 3 months ago
1f3b81b : net/packet: fix overflow in check for tp_reserve <Andrey Konovalov> 5 months ago
09d4aaf : net/packet: fix overflow in check for tp_frame_nr <Andrey Konovalov> 5 months ago
403a972 : net/packet: fix overflow in check for priv area size <Andrey Konovalov> 5 months ago
a0158bb : ip6_gre: fix ip6gre_err() invalid reads <Eric Dumazet> 6 months ago
f1cd296 : tty: n_hdlc: get rid of racy n_hdlc.tbuf <Alexander Popov> 6 months ago
9acd6b1 : TTY: n_hdlc, fix lockdep false positive <Jiri Slaby> 1 year, 9 months ago
37c8e7f : kernel: Fix potential refcount leak in su check <Tom Marshall> 3 months ago
83bb3cf : kernel: Only expose su when daemon is running <Tom Marshall> 7 months ago
1a2d7f9 : lge/8996: Remove outdated bluetooth configs and regen configs <Rashed Abdel-Tawab> 4 days ago
f10fc66 : lge: Update connectivity DT for new bluesleep drivers <Rashed Abdel-Tawab> 4 days ago
8891a75 : bluetooth: Remove broadcom drivers and switch bluesleep back to proc <Rashed Abdel-Tawab> 4 days ago
 
**** cmold:android_kernel_samsung_klte ****
539d8fe : net: wireless: bcmdhd: fix buffer overrun in wl_cfg80211_add_iw_ie <Insun Song> 7 months ago
6034b47 : net: wireless: bcmdhd: Heap overflow in wl_run_escan. <Sudhir Kohalli> 7 months ago
27dc0f2 : net: wireless: bcmdhd: fix overrun in wl_run_escan <Insun Song> 7 months ago
487f7b6 : net: wireless: bcmdhd: fix buffer overrun in wlfc reordering <Insun Song> 7 months ago
c2ec2ae : net: wireless: bcmdhd: fix buffer overrun in wl_android_set_roampref <Insun Song> 7 months ago
4933ecf : msm8974_sec_defconfig: Enable QCOM Crypto Engine Devices <Kevin F. Haggerty> 3 days ago
ba99d71 : crypto: msm: qcrypto: Remove duplicate definition of list_next_entry() <myfluxi> 2 years, 3 months ago
6816008 : kernel.h: define u8, s8, u32, etc. limits <Alex Elder> 3 years, 7 months ago
1c70b55 : klte: defconfig: fix display flickering <StanTRC> 10 months ago
7089fae : defconfig: Import klte variant defconfigs <Kevin F. Haggerty> 4 days ago
be19cbb : BACKPORT: f2fs: sanity check checkpoint segno and blkoff <Jin Qian> 3 months ago
db58c44 : UPSTREAM: f2fs: sanity check segment count <Jin Qian> 4 months ago
8a4df3c : timerfd: Protect the might cancel mechanism proper <Thomas Gleixner> 7 months ago
429486c : BACKPORT: f2fs: sanity check log_blocks_per_seg <Jin Qian> 4 months ago
e300172 : msm: ipa: Fix for missing int overflow check in the refcount library <Utkarsh Saxena> 4 months ago
07c090d4 : msm: camera: Fix various small issues in cci driver: fix retvals <Andrea Arcangeli> 4 weeks ago
6f06f54 : ipv6: fix out of bound writes in __ip6_append_data() <Eric Dumazet> 3 months ago
78c1b7e : ipv6/dccp: do not inherit ipv6_mc_list from parent <WANG Cong> 3 months ago
a08e279 : sctp: do not inherit ipv6_{mc|ac|fl}_list from parent <Eric Dumazet> 3 months ago
f71f8fc : ipv6: Check ip6_find_1stfragopt() return value properly. <David S. Miller> 3 months ago
7b04914 : ipv6: Prevent overrun when parsing v6 header options <Craig Gallek> 3 months ago
e660107 : dccp/tcp: do not inherit mc_list from parent <Eric Dumazet> 3 months ago
8f4404f : BACKPORT: msm: camera: Add regulator enable and disable independent of CSID <Nick Desaulniers> 3 months ago
abc6ed3 : ashmem: remove cache maintenance support <Dennis Cagle> 3 months ago
f1473d7 : msm: kgsl: Fix kgsl memory allocation and free race condition <Dennis Cagle> 3 months ago
463c6ae : msm: camera: don't cut to 8bits for validating enum variable <Gaoxiang Chen> 5 months ago
a2ef20b : msm: vidc: Protect debug_buffer access in core_info_read with lock. <Abdulla Anam> 5 months ago
9f891b7 : qseecom: add mutex around qseecom_set_client_mem_param <Zhen Kong> 6 months ago
e810d09 : msm: IPA: add the check on intf query <Skylar Chang> 6 months ago
b46ba00 : mm: Tighten x86 /dev/mem with zeroing reads <Kees Cook> 4 months ago
73d0731 : crypto: ahash - Fix EINPROGRESS notification callback <Herbert Xu> 4 months ago
90eac35 : crypto: hash - Simplify the ahash_finup implementation <Marek Vasut> 3 years, 5 months ago
2006168 : crypto: hash - Pull out the functions to save/restore request <Marek Vasut> 3 years, 5 months ago
84ba137 : mm/mempolicy.c: fix error handling in set_mempolicy and mbind. <Chris Salls> 4 months ago
d75591a : KEYS: fix keyctl_set_reqkey_keyring() to not leak thread keyrings <Eric Biggers> 4 months ago
58bca64 : fscrypt: remove broken support for detecting keyring key revocation <Eric Biggers> 6 months ago
6a3aa2f : msm: mdss: Fix invalid dma attachment during fb shutdown <Benjamin Chan> 8 months ago
b8a181e : ASoC: msm: acquire lock in ioctl <Yeleswarapu Nagaradhesh> 6 months ago
acb3ae2 : net/packet: fix overflow in check for tp_reserve <Andrey Konovalov> 5 months ago
89d18f0 : net/packet: fix overflow in check for tp_frame_nr <Andrey Konovalov> 5 months ago
b4d7a90 : BACKPORT: sg: relax 16 byte cdb restriction <Douglas Gilbert> 3 years, 2 months ago
54b4dff : BACKPORT: block: add blk_rq_set_block_pc() <Jens Axboe> 3 years, 2 months ago
43d99e9 : scsi: sg: check length passed to SG_NEXT_CMD_LEN <peter chang> 6 months ago
9d65c1f : xfrm_user: validate XFRM_MSG_NEWAE incoming ESN size harder <Andy Whitcroft> 5 months ago
33f7dd9 : xfrm_user: validate XFRM_MSG_NEWAE XFRMA_REPLAY_ESN_VAL replay_window <Andy Whitcroft> 5 months ago
a29a95e : KEYS: Change the name of the dead type to ".dead" to prevent user access <David Howells> 4 months ago
b96b438 : platform: msm: spmi: Fix possible race condition in debugfs <ansharma> 7 months ago
9d52652 : sctp: deny peeloff operation on asocs with threads sleeping on it <Marcelo Ricardo Leitner> 6 months ago
342fa96 : irda: Fix lockdep annotations in hashbin_delete(). <David S. Miller> 6 months ago
d97e9c3 : packet: fix races in fanout_add() <Eric Dumazet> 6 months ago
 
**** cmold:android_kernel_xiaomi_msm8992 ****
27d5a4a : libra_defconfig: build Image-dtb <Demon000> 2 days ago
17173e5 : arm64: head.S: store kernel length at 0x2c <M1cha> 2 days ago
b0fc51d : input: touchscreen: rewrite proc_init functions <Demon000> 5 days ago
dd2b4f3 : misc: isa1000: don't give write permission for ro file <Demon000> 5 days ago
f8dbeb5 : dts: libra/aqua: rewrite notification led configutation <Demon000> 12 days ago
63e425c : dts: libra/aqua: move common led configuration to another file <Demon000> 12 days ago
827d357 : leds: leds-qpnp: add synchronized rgb control <Scott Mertz> 2 years ago
d25198b : pwm: qpnp-pwm: add api for synchronous enable of pwms <Scott Mertz> 2 years ago
3c96a1b : libra_defconfig: enable sdcardfs <Demon000> 2 weeks ago
613f63c : qpnp-smbcharger: Publish charger voltage to the usb psy <Diogo Ferreira> 3 months ago
c3a2371 : libra_defconfig: regenerate <Demon000> 2 weeks ago
ccf2084 : libra_defconfig: replace qualcomm cpu boost with cpu input boost <Demon000> 8 weeks ago
fb64df5 : cpu_input_boost: adapt cluster masks for msm8992 <Demon000> 8 weeks ago
13f0d70 : cpu_input_boost: backport to 3.10 <Demon000> 4 weeks ago
a75d2e1 : cpufreq: Introduce CPU input boost driver <Sultanxda> 8 weeks ago
bc1d429 : BACKPORT: qcom-cpufreq: Use CLKFLAG_NO_RATE_CACHE <Sultanxda> 4 weeks ago
97e734d : clk: qcom: clock-cpu-8994: Use CLKFLAG_NO_RATE_CACHE for a57_hf_mux_v2 <Sultanxda> 4 weeks ago
79a2081 : fs: aio: remove blk plug <ktoonsez> 4 years, 1 month ago
0fb52f9 : block: disable add_random <Chester Kener> 3 years, 6 months ago
30ff34c : Revert "KSM: Start KSM by default" <Angelo G. Del Regno -- EternityProject Team Manager> 2 years, 4 months ago
b52a1c5 : lib/memcopy: use glibc version <Miao Xie> 5 years ago
6947046 : lib/string: use glibc version <Miao Xie> 5 years ago
60e5d54 : ARM: optimize memset_io()/memcpy_fromio()/memcpy_toio() <Russell King> 2 years, 3 months ago
30b73be : asm-generic: atomic.h: relaxed atomic_read <Sumit Singh> 3 years, 4 months ago
2bf664b : mm: do not activate swap write failed pages <Vinayak Menon> 1 year, 5 months ago
4dedc6a : msm: mdss: Correct the AD backlight calculation formulas <Ping Li> 1 year, 11 months ago
b7dfd38 : readahead: make context readahead more conservative <Fengguang Wu> 3 years, 11 months ago
54d841a : lowmemorykiller: account for unevictable pages <Tim Murray> 12 months ago
e90c389 : cpuidle: don't disable cpuidle when entering suspend <Francisco Franco> 8 months ago
8da90d0 : cpufreq: interactive governor drops bits in time calculation <Chris Redpath> 4 years, 2 months ago
535c485 : cpufreq: governor: Be friendly towards latency-sensitive bursty workloads <Srivatsa S. Bhat> 3 years, 2 months ago
67f519c : cpufreq: Break out early when frequency equals target_freq <Stratos Karafotis> 3 years, 3 months ago
5f4e33f : sched: LOAD_FREQ (4*HZ+61) avoids loadavg Moire <Klaus Ripke> 3 years, 8 months ago
a6fcd2b : sched: fix task-priority when using SCHED_RESET_ON_FORK <John Dias> 11 months ago
e5842f0 : sched/loadavg: Fix loadavg artifacts on fully idle and on fully loaded systems <Vik Heyndrickx> 1 year, 4 months ago
efb07be : UPSTREAM: sched/fair: Avoid pulling all tasks in idle balancing <Yuyang Du> 2 years, 1 month ago
72fbd42 : qcom: mpm: use interruptible wait to reduce load avg <Francisco Franco> 12 months ago
3cb5e1d : msm: Use interruptible wait to not affect load average <franciscofranco> 1 year, 9 months ago
6e1be43 : qcom: msm-core: uninterruptible wait - you can kiss my arse goodbye <franciscofranco> 1 year, 8 months ago
ab65436 : libra_defconfig: enable power efficient workqueues <Demon000> 7 months ago
0715ff6 : kthread_work: wake up worker only when the worker is idle <Lai Jiangshan> 3 years, 1 month ago
1401cad : power: smb349-dual-charger: queue work on system_power_efficient_wq <Francisco Franco> 9 months ago
f2f2286 : devfreq: Use high priority workqueue <myfluxi> 3 years, 7 months ago
36a88fd : mdss: move to a kthread for vsync_retire_work_handler <Francisco Franco> 10 months ago
87ed580 : msm: mdss: flush retire work before ctl_stop operation <Lloyd Atkinson> 1 year, 4 months ago
ef63d3c : kgsl: convert some workqueues to use kthreads <Francisco Franco> 10 months ago
5ef4ec9 : power: smb135x-charger: queue work on system_power_efficient_wq <Francisco Franco> 9 months ago
1528995 : qcom: msm-core: queue work on system_power_efficient_wq <Francisco Franco> 9 months ago
ecb624e : power: bcl: queue work on system_power_efficient_wq <Francisco Franco> 10 months ago
2c5df84 : power: smbcharger: queue work on system_power_efficient_wq <Francisco Franco> 12 months ago
 
**** cm:LineageOS/android_packages_apps_Snap ****
70dbc05 : Snap: add missing null check on isCamera2Supported <codeworkx> 31 hours ago
 
**** vanir:packages_services_Telephony ****
6890143 : Telephony: Correct missing italian translation <Michael W> 6 days ago
 
**** vanir:vendor_lge ****
4cc18ff : msm8996: Use source built consumerir HAL <Rashed Abdel-Tawab> 3 days ago
56cd38d : msm8996: Add missing HDR lib and 32bit SDM <Rashed Abdel-Tawab> 10 days ago
ff789fe : msm8996: "borrow" Verizon and Sprint frameworks from marlin <Rashed Abdel-Tawab> 4 weeks ago
a85068f : msm8996: Use stock qcrilmsgtunnel <Rashed Abdel-Tawab> 7 days ago
f9a0e4e : msm8996: Update thermals from us997 v13a <Rashed Abdel-Tawab> 7 days ago
57f6917 : msm8996: Update time services from us997 v13a <Rashed Abdel-Tawab> 10 days ago
d3e584b : g6: Set back camera to BACK not BACK_AUX <Rashed Abdel-Tawab> 10 days ago
adedd4a : msm8996: Update sensors from us997 v13a <Rashed Abdel-Tawab> 13 days ago
0baafc6 : msm8996/g6: Update camera stack from us997 v13a <Rashed Abdel-Tawab> 13 days ago
976bdfa : g6: Update fingerprint stack from us997 v13a <Rashed Abdel-Tawab> 13 days ago
5d5203d : msm8996: Use rmt_storage from us9997 v13a <Rashed Abdel-Tawab> 13 days ago
 
**** github:TheMuppets/proprietary_vendor_oneplus ****
87a6df8 : cheeseburger: generate makefiles, add blobs from 4.5.8 <codeworkx> 4 days ago
824470b : op3: Update to OB21 / OB12 blobs <dianlujitao> 5 days ago
 
