
**** vanir:build ****
ecbcbf2 : Build hacks <DHOMD> 4 months ago
 
**** vanir:device_google_marlin ****
155fc3d : marlin: disable our local telephony extensions <Dan Pasanen> 6 weeks ago
6b47019 : Revert "marlin: specify device-specific recovery updater libs" <DHOMD> 3 weeks ago
635157a : marlin: update fingerprint from NOF26W <Dan Pasanen> 5 hours ago
 
**** cm:LineageOS/android_device_google_sailfish ****
830476f : sailfish: update fingerprint from NOF26W <Dan Pasanen> 5 hours ago
 
**** vanir:device_huawei_angler ****
225d4a1 : I need a quieter lawn mover or a louder phone <DHOMD> 6 weeks ago
0ccf676 : Update IMS paths in init.angler <DHOMD> 8 weeks ago
 
**** vanir:device_lge_g3-common ****
a8faf51 : g3: address a couple selinux denials <Kasual> 10 days ago
5fea600 : g3: Set TARGET_KEYMASTER_WAIT_FOR_QSEE <Hendrik Hagendorn> 4 days ago
4cd4fc0 : g3: qsee != drm <Hendrik Hagendorn> 5 days ago
ad884da : sepolicy: relabel encrypt partition with metadata_block_device context <Dan Pasanen> 4 days ago
 
**** vanir:device_motorola_falcon ****
22b0b1a : falcon: Update vendor camera HAL SHA1 <Gabriele M> 16 hours ago
 
**** cm:LineageOS/android_device_motorola_otus ****
f4d8537 : Otus: Fix FM Radio <DHOMD> 3 weeks ago
 
**** cm:LineageOS/android_device_motorola_peregrine ****
3d0ba0d : peregrine: Update vendor camera HAL SHA1 <Gabriele M> 16 hours ago
 
**** cm:LineageOS/android_device_motorola_victara ****
d42a6ff : victara: Fix off-mode charging <Christopher R. Palmer> 23 hours ago
 
**** cm:LineageOS/android_device_oppo_msm8974-common ****
705c735 : Port from bacon: Add blob to decrypt full-disk encryption of /data. <J. Joe Feise> 3 months ago
 
**** vanir:device_qcom_common ****
16ad333 : Suboptimal way of fixing Pixie builds <DHOMD> 6 weeks ago
 
**** vanir:device_samsung_smdk4412-common ****
81d5a32 : smdk4412: build common samsung liblights <Simon Shields> 7 days ago
 
**** vanir:frameworks_opt_telephony ****
aae108c : Fix SIM detection when encrypted for older RIL <Arne Coucheron> 2 days ago
 
**** vanir:hardware_broadcom_libbt ****
5f404c9 : libbt: Remove unnecessary config ifdef <Ethan Chen> 7 days ago
 
**** vanir:hardware_samsung ****
fc68d3a : exynos4x12: use common samsung liblights <Simon Shields> 7 days ago
 
**** cmold:android_kernel_htc_msm8996 ****
4ebfbb4 : pme: usb: Remove mute_composite, it is unused now <Christopher R. Palmer> 3 days ago
13a12e2 : pme: usb: Remove HTC's switch reporting connect2pc <Christopher R. Palmer> 3 days ago
1aeb0ac : pme: usb: Remove HTC's host specific ptp / mtp handling <Christopher R. Palmer> 3 days ago
885638d : pme: usb: Remove htc_mtp_open_state code <Christopher R. Palmer> 3 days ago
 
**** github:TheMuppets/proprietary_vendor_google ****
e892d5f : marlin: update from marlin-nof26w <Dan Pasanen> 5 hours ago
a6966f6 : seed: Remove rfs_access <Arvin Quilao> 22 hours ago
 
**** vanir:vendor_motorola ****
48c126e : victara: remove charge_only_mode <Christopher R. Palmer> 12 hours ago
 
**** vanir:vendor_samsung ****
b217995 : trlte-common/trltetmo/trltexx: bring up to cm-14.1 <underscoremone> 5 days ago
fdb1a70 : klte*: Regenerate makefiles <Kevin F. Haggerty> 4 days ago
56ef20a : klte-common: Update blobs <Kevin F. Haggerty> 4 days ago
669b875 : noblelte: Add fingerprint blobs <Christopher N. Hesse> 13 days ago
3f48a67 : noblelte: Import R7P0 Mali blobs <Christopher N. Hesse> 10 days ago
a5ea1ed : noblelte: Blob out gralloc <Christopher N. Hesse> 8 weeks ago
a217b98 : noblelte: Kang camera UniHAL from zero <Christopher N. Hesse> 7 weeks ago
766087c : noblelte: Readd camera blobs <Christopher N. Hesse> 7 weeks ago
 
