
**** vanir:build ****
9d4525e : Build hacks <DHOMD> 5 months ago
 
**** vanir:device_google_marlin ****
b3a7fc5 : Add a proper barrier and use vendor/caf/telephony <DHOMD> 13 days ago
1270b7e : Revert "marlin: disable our local telephony extensions" <DHOMD> 13 days ago
 
**** cm:LineageOS/android_device_motorola_otus ****
541deed : Otus: Fix FM Radio <DHOMD> 9 weeks ago
 
**** cm:LineageOS/android_device_oppo_msm8974-common ****
9a260c3 : Port from bacon: Add blob to decrypt full-disk encryption of /data. <J. Joe Feise> 4 months ago
 
**** vanir:device_samsung_klte ****
998d106 : klte: releasetools: Import and use variant identification hook <Kevin F. Haggerty> 6 days ago
 
**** vanir:platform_manifest ****
c23e04a : Kill masterati and omap4 <DHOMD> 23 hours ago
 
**** vanir:packages_apps_Messaging ****
6c1f309 : Revert "32807795  Security Vulnerability - AOSP Messaging App: thirdparty can" <DHOMD> 11 days ago
 
**** vanir:packages_apps_PackageInstaller ****
9b194dd : Revert all the changes introduced with cafrebase <Gabriele M> 2 days ago
 
**** vanir:packages_services_Telephony ****
18f9820 : Fix crash on opening Call Features - Revert "CallFeatureSettings: Only show call barring option if QTI package installed" <DHOMD> 32 hours ago
 
**** commotio:commotio ****
199b752 : 1+3 fullbase tele <DHOMD> 20 hours ago
f36b85b : Whitelisting <DHOMD> 20 hours ago
 
**** vanir:vendor_motorola ****
6b1e33b : Kill maserati and omap4 <DHOMD> 23 hours ago
 
**** cm:LineageOS/android_vendor_qcom_opensource_time-services ****
85472f3 : Add a barrier for Marlin/Sailfish <DHOMD> 13 days ago
 
**** vanir:vendor_vanir ****
0308440 : 1+3 needs fullbasetele <DHOMD> 20 hours ago
dcbc416 : Kill maserati <DHOMD> 23 hours ago
 
