
**** vanir:build ****
b5ba09a : Build hacks <DHOMD> 7 months ago
bf5fbe8 : A full reconcile of build image, too many departure points <DHOMD> 23 hours ago
 
**** vanir:device_google_marlin ****
992ff31 : Add a proper barrier and use vendor/caf/telephony <DHOMD> 7 weeks ago
afb82d8 : Revert "marlin: disable our local telephony extensions" <DHOMD> 7 weeks ago
 
**** cm:LineageOS/android_device_htc_pme ****
80564d7 : pme: power: Update cpuset configuration <Christopher R. Palmer> 9 days ago
9b8bd69 : pme: Kang perfd from op3 <Christopher R. Palmer> 6 days ago
6e7adb9 : pme: lmk: Stay with the default parameters <Christopher R. Palmer> 9 days ago
3a50ed4 : pme: Disable adaptive_lmk <Christopher R. Palmer> 9 days ago
 
**** vanir:device_huawei_kiwi ****
65473a9 : kiwi: sepolicy: Add rule for user build <Michael W> 22 hours ago
 
**** cm:LineageOS/android_device_motorola_otus ****
8fbdfdb : Otus: Fix FM Radio <DHOMD> 3 months ago
 
**** cm:LineageOS/android_device_oppo_msm8974-common ****
8c95831 : Port from bacon: Add blob to decrypt full-disk encryption of /data. <J. Joe Feise> 5 months ago
 
**** vanir:device_xiaomi_armani ****
c6893fb : Revert "armani: Disable HumanInteractionClassifier" <fefifofum> 5 days ago
 
**** vanir:frameworks_base ****
940998e : fix anr when concurrent request provider <yuanhuihui> 7 weeks ago
3de2807 : SystemUI: Use AOSP AutoBrightness implementation <Luca Stefani> 7 days ago
fe90135 : Revert "SystemUI: [RJIL new function] AutoBrightness" <Luca Stefani> 7 days ago
81cc243 : Revert "SystemUI: Fix QSTileHost exception" <Luca Stefani> 7 days ago
 
**** vanir:hardware_samsung ****
9432ff3 : mkbootimg: add exynos subdir to possible_dtb_dirs <Jesse Chan> 2 days ago
 
**** cmold:android_kernel_htc_msm8996 ****
2169c15 : pme: bcmdhd_4359: Reduce wakelock from 500ms to 50ms <Christopher R. Palmer> 2 days ago
2675ed2 : pme: bcmdhd_4359: Disable HTC's traffic monitor <Christopher R. Palmer> 2 days ago
 
**** cmold:android_kernel_lge_msm8996 ****
84a947f : Sound: SoC: bring back CONFIG_SND_USE_SEC_MI2S option <Matt Filetto> 19 hours ago
 
**** cmold:android_kernel_samsung_smdk4412 ****
4b29249 : smdk4210: Add 100Mhz cpu step support for 1200Mhz <Dominggoes Isakh> 12 days ago
 
**** vanir:packages_apps_Messaging ****
4b879be : Revert "32807795  Security Vulnerability - AOSP Messaging App: thirdparty can" <DHOMD> 6 weeks ago
 
**** vanir:packages_apps_Settings ****
df80559 : Revert "Settings: Lost cached BT devices in found devices list" <huiwan> 2 months ago
9663c31 : Settings[Wifi]: fix the input invalid length for WEP encryption. <huiwan> 3 months ago
c78a1d1 : Settings: Fix internal storage summary for non-emulated storage <Dominggoes Isakh> 2 weeks ago
 
**** github:substratum/interfacer ****
3f3c33b : Add a looper to the locale change handler <Nathan Chancellor> 12 hours ago
 
**** vanir:packages_apps_Trebuchet ****
29b0b0a : Trebuchet: lineage launcher icon <qjohn> 6 weeks ago
c9e7654 : Trebuchet: Do not crash if normalized string for sorting is empty <Vitaliy Tomin> 35 hours ago
 
**** commotio:commotio ****
dd749fc : Fingerprint soem fish <DHOMD> 29 hours ago
 
**** vanir:vendor_lge ****
cee0678 : msm8996: Kang marlin perfd stack (for compat with marlin power HAL) <Rashed Abdel-Tawab> 6 weeks ago
 
**** cm:LineageOS/android_vendor_qcom_opensource_time-services ****
3d7392c : Add a barrier for Marlin/Sailfish <DHOMD> 7 weeks ago
 
**** vanir:vendor_vanir ****
9e9646b : Show full alarm info <Sebastian Haderecker> 7 days ago
615b71c : bottleservice: get_build_var is slow, and we don't build anything with prebuilt kernel <nuclearmistake> 30 hours ago
bad37a8 : bottleservice: unset values inherited from environment <nuclearmistake> 30 hours ago
4ed57a2 : Allow explicit kernel path to be set for weird edge cases like marlin/sailfish <nuclearmistake> 30 hours ago
4c610fd : Fix yuga and pollux* <nuclearmistake> 30 hours ago
 
