
**** vanir:build ****
94e34a8 : Build hacks <DHOMD> 4 months ago
 
**** vanir:device_google_marlin ****
eab13d1 : marlin: disable our local telephony extensions <Dan Pasanen> 5 weeks ago
74dbaab : Revert "marlin: specify device-specific recovery updater libs" <DHOMD> 2 weeks ago
 
**** vanir:device_huawei_angler ****
ffd0788 : I need a quieter lawn mover or a louder phone <DHOMD> 6 weeks ago
cb0b845 : Update IMS paths in init.angler <DHOMD> 8 weeks ago
 
**** vanir:device_huawei_kiwi ****
4263f97 : Revert "kiwi: Use common CMHW gestures" <DHOMD> 3 minutes ago
9da3475 : kiwi: Use common CMHW gestures <Michael W> 3 days ago
 
**** cm:LineageOS/android_device_motorola_clark ****
14a9de2 : clark: Allow mediacodec access to perfd data <Desterly> 22 hours ago
2eff1c6 : cmactions: set wakelock based on screen state <Gabriele M> 3 months ago
 
**** cm:LineageOS/android_device_motorola_otus ****
97ca086 : Otus: Fix FM Radio <DHOMD> 2 weeks ago
 
**** cm:LineageOS/android_device_motorola_victara ****
8e3dfa6 : victara: overlay: Enable automatic brightness by default <Christopher R. Palmer> 11 hours ago
fced942 : victara: cmactions: Fix disconnect between code and Settings defaults <Christopher R. Palmer> 11 hours ago
 
**** vanir:device_oneplus_bacon ****
f41ffb0 : Revert "Disable fluence on voicecall" <Ashwin Ramesh> 2 days ago
 
**** cm:LineageOS/android_device_oneplus_oneplus3 ****
ee64922 : op3: Show correct device model for 3T <dianlujitao> 20 hours ago
 
**** vanir:device_oneplus_onyx ****
d2fb606 : onyx: Remove auto-power-save modes overlay <Ashwin Ramesh> 33 hours ago
06b7e09 : onyx: Re-enable ls-blur <Ashwin Ramesh> 33 hours ago
 
**** vanir:device_oppo_common ****
4d2847a : Automatic translation import <Abhisek Devkota> 26 hours ago
 
**** cm:LineageOS/android_device_oppo_msm8974-common ****
772a4cf : Port from bacon: Add blob to decrypt full-disk encryption of /data. <J. Joe Feise> 3 months ago
 
**** vanir:device_qcom_common ****
40efde1 : Suboptimal way of fixing Pixie builds <DHOMD> 6 weeks ago
 
**** cm:LineageOS/android_device_samsung_jflteatt ****
722ad64 : jflteatt: Rebrand to LineageOS and Remove Enhanced NFC <Oliver Scott> 4 weeks ago
 
**** cm:LineageOS/android_device_samsung_jfltespr ****
c7e2c78 : jfltespr: add details and flair to README <Kasual> 4 weeks ago
71afba8 : jfltespr: Remove enhanced NFC feature <Kasual> 4 weeks ago
39481eb : jfltespr: cm->lineage <Kasual> 4 weeks ago
d46fb7c : jfltespr: this isn't maguro... <Dan Pasanen> 4 weeks ago
 
**** vanir:device_samsung_klte-common ****
6fb8c3e : Revert "klte-common: fstab: Assign unused pad partition to /misc" <Kevin Haggerty> 26 hours ago
 
**** vanir:device_samsung_msm8960-common ****
624e9cb : msm8960-common: init: Symlink telephony directories instead of files <Andreas Schneider> 3 weeks ago
 
**** cm:LineageOS/android_device_sony_nicki ****
e50b09f : nicki: settings: Disable recovery update <Adrian DC> 6 months ago
 
**** vanir:device_yu_lettuce ****
3a7d6ce : Set INITIAL_COPYRIGHT_YEAR <Michael Bestas> 34 hours ago
ac353f3 : init: disable rfs_access on 8939 <Sahitya Tummala> 6 months ago
 
**** cm:LineageOS/android_external_jemalloc ****
1407a53 : Avoid a potential innocuous compiler warning. <Jason Evans> 11 months ago
 
**** vanir:frameworks_base ****
7c2b8a3 : SystemUI: Fix the unlock sound played repeatedly <Shufeng Hou> 1 year, 2 months ago
39087bf : policy: don't allow app switch/recents key to be pressed on lockscreen <Matt Filetto> 1 year, 10 months ago
96c8347 : Automatic translation import <Abhisek Devkota> 26 hours ago
 
**** cm:LineageOS/android_hardware_qcom_display ****
f27984c : hwc: clear HWC_SKIP_LAYER flag for all layers under opaque layer <Jin Li> 8 months ago
 
**** cm:LineageOS/android_hardware_qcom_fm ****
2b5386c : Automatic translation import <Abhisek Devkota> 26 hours ago
 
**** cm:LineageOS/android_hardware_qcom_media ****
3e34f24 : mm-video: Handle async_message_thread error <Arun Menon> 1 year, 3 months ago
 
**** vanir:hardware_samsung ****
9227fbe : Automatic translation import <Abhisek Devkota> 26 hours ago
 
**** cmold:android_kernel_motorola_msm8226 ****
5ed11d3 : Makefile: Remove GCC wrapper and make all warnings into errors <Gabriele M> 8 weeks ago
4da774e : mmc: block: Remove stray character <Gabriele M> 8 weeks ago
bb35e95 : ipv4, fib: pass LOOPBACK_IFINDEX instead of 0 to flowi4_iif <Cong Wang> 2 years, 10 months ago
47779cb : ipv6: clean up anycast when an interface is destroyed <Sabrina Dubroca> 2 years, 5 months ago
4423ee2 : netfilter: xt_rpfilter: skip locally generated broadcast/multicast, too <Florian Westphal> 3 years, 10 months ago
d51fe45 : net: Loopback ifindex is constant now <Pavel Emelyanov> 4 years, 6 months ago
c24efa6 : ipv4: Change flowi4_oif and flowi4_iif in ipmr_rt_fib_lookup() <Gabriele M> 6 hours ago
8c10665 : net: Make ifindex generation per-net namespace <Pavel Emelyanov> 4 years, 6 months ago
b54ee01 : veth: Allow to create peer link with given ifindex <Pavel Emelyanov> 4 years, 6 months ago
60a4327 : net: Allow to create links with given ifindex <Pavel Emelyanov> 4 years, 6 months ago
d6c5acc : net: Dont use ifindices in hash fns <Pavel Emelyanov> 4 years, 6 months ago
dcb310a : msm: kgsl: fix sync file error handling <Jeremy Gebben> 1 year, 11 months ago
8c2e274 : ring-buffer: Prevent overflow of size in ring_buffer_resize() <Steven Rostedt (Red Hat)> 9 months ago
4528209 : ASoC: msm: set pointers to NULL after kfree <Walter Yang> 6 months ago
339e0df : net: cleanups in sock_setsockopt() <Eric Dumazet> 4 years, 9 months ago
0b91bd8 : ALSA: pcm : Call kill_fasync() in stream lock <Takashi Iwai> 10 months ago
9271a51 : ALSA: Remove transfer_ack_{begin,end} callbacks from struct snd_pcm_runtime <Lars-Peter Clausen> 1 year, 4 months ago
6f68fa4 : splice: introduce FMODE_SPLICE_READ and FMODE_SPLICE_WRITE <Johannes Thumshirn> 8 weeks ago
4ff16d9 : ecryptfs: don't allow mmap when the lower fs doesn't support it <Jeff Mahoney> 7 months ago
0e8513d : BACKPORT: perf: Fix event->ctx locking <Ariel Yin> 4 months ago
ea6deab : BACKPORT: lockdep: Silence warning if CONFIG_LOCKDEP isn't set <Paul Bolle> 4 years ago
46a3de0 : BACKPORT: perf: Introduce perf_pmu_migrate_context() <Yan, Zheng> 4 years, 8 months ago
bd1bf14 : BACKPORT: perf: Allow the PMU driver to choose the CPU on which to install events <Yan, Zheng> 4 years, 8 months ago
5f6b252 : Bluetooth: Add some command lenght checks <Gabriele M> 8 weeks ago
8d1988f : Linux 3.4.113 <Zefan Li> 3 months ago
887cbce4 : net: Fix use after free in the recvmmsg exit path <Arnaldo Carvalho de Melo> 11 months ago
1c8544a : mm, gup: close FOLL MAP_PRIVATE race <Michal Hocko> 4 months ago
86eecef : net/core: revert "net: fix __netdev_update_features return.." and add comment <Nikolay Aleksandrov> 1 year, 3 months ago
17fd6bb : ser_gigaset: use container_of() instead of detour <Paul Bolle> 12 months ago
3442883 : ser_gigaset: remove unnecessary kfree() calls from release method <Tilman Schmidt> 1 year, 2 months ago
658ba62 : xen/pciback: Save the number of MSI-X entries to be copied later. <Konrad Rzeszutek Wilk> 12 months ago
98c6556 : mm, vmstat: fix wrong WQ sleep when memory reclaim doesn't make any progress <Tetsuo Handa> 1 year ago
8c095d3 : time: Prevent early expiry of hrtimers[CLOCK_REALTIME] at the leap second edge <John Stultz> 1 year, 8 months ago
d91a2aa : tcp: make challenge acks less predictable <Eric Dumazet> 7 months ago
00e9ff5 : Revert "USB: Add OTG PET device to TPL" <Zefan Li> 4 months ago
7862b8a : Revert "USB: Add device quirk for ASUS T100 Base Station keyboard" <Zefan Li> 4 months ago
d64519b : Fix incomplete backport of commit 0f792cf949a0 <Zefan Li> 4 months ago
6883832 : Fix incomplete backport of commit 423f04d63cf4 <Zefan Li> 4 months ago
af706ac : ipv6: fix handling of blackhole and prohibit routes <Nicolas Dichtel> 4 years, 5 months ago
a4ea625 : ipv6: don't call fib6_run_gc() until routing is ready <Michal Kubeček> 3 years, 5 months ago
3b02ae3 : ipv6: update ip6_rt_last_gc every time GC is run <Michal Kubeček> 3 years, 6 months ago
cc63957 : sctp: Prevent soft lockup when sctp_accept() is called during a timeout event <Karl Heiss> 1 year, 4 months ago
d78e776 : drm/radeon: fix hotplug race at startup <Dave Airlie> 1 year, 6 months ago
088be96 : udp: properly support MSG_PEEK with truncated buffers <Eric Dumazet> 1 year, 1 month ago
538b3c0 : net: Fix skb csum races when peeking <Herbert Xu> 1 year, 7 months ago
c6192e5 : USB: ti_usb_3410_502: Fix ID table size <Ben Hutchings> 1 year, 2 months ago
5781d89 : af_unix: fix a fatal race with bit fields <Eric Dumazet> 3 years, 9 months ago
edd3224 : net: possible use after free in dst_release <Francesco Ruggeri> 1 year, 1 month ago
626c6e6 : ftrace/scripts: Fix incorrect use of sprintf in recordmcount <Colin Ian King> 1 year, 1 month ago
42d0b53 : mm/memory_hotplug.c: check for missing sections in test_pages_in_a_zone() <Andrew Banman> 1 year, 1 month ago
 
**** cmold:android_kernel_oneplus_msm8996 ****
af49649 : arm64: lib: improve copy_page to deal with 128 bytes at a time <Will Deacon> 1 year ago
180485b : synaptics_driver: Fix transposed memset() arguments <Dustin Beard> 2 months ago
 
**** cmold:android_kernel_oneplus_onyx ****
0e28ba4 : sdcardfs: fix external storage exporting incorrect uid <alvin_liang> 3 months ago
 
**** cmold:android_kernel_sony_msm8x27 ****
0a587f3 : drivers: qcom: ultrasound: Lock async driver calls <Rahul Sharma> 3 weeks ago
812d11c : msm: ipc: Register services only on client port <Arun Kumar Neelakantam> 4 weeks ago
 
**** vanir:platform_manifest ****
c92d3f1 : Update a few devices to 14.1 <DHOMD> 11 hours ago
 
**** cm:LineageOS/android_packages_apps_AudioFX ****
0e6e947 : Automatic translation import <Abhisek Devkota> 26 hours ago
 
**** vanir:packages_apps_Bluetooth ****
a269f28 : Automatic translation import <Abhisek Devkota> 26 hours ago
 
**** cm:LineageOS/android_packages_apps_Browser ****
866b0bf : Automatic translation import <Abhisek Devkota> 26 hours ago
 
**** vanir:packages_apps_CMParts ****
910ff32 : CMParts: Simplify long press for torch strings <Bruno Martins> 2 days ago
027357d : Automatic translation import <Abhisek Devkota> 26 hours ago
 
**** vanir:packages_apps_Calendar ****
b499a05 : Automatic translation import <Abhisek Devkota> 26 hours ago
 
**** vanir:packages_apps_CellBroadcastReceiver ****
a187c4a : Automatic translation import <Abhisek Devkota> 26 hours ago
 
**** vanir:packages_apps_Contacts ****
e0a364b : Automatic translation import <Abhisek Devkota> 26 hours ago
 
**** vanir:packages_apps_DeskClock ****
29c1d2d : Automatic translation import <Abhisek Devkota> 26 hours ago
 
**** vanir:packages_apps_Dialer ****
b5cfc6a : Automatic translation import <Abhisek Devkota> 26 hours ago
 
**** vanir:packages_apps_Email ****
20cdcda : Automatic translation import <Abhisek Devkota> 26 hours ago
 
**** cm:LineageOS/android_packages_apps_FlipFlap ****
63fca1b : Automatic translation import <Abhisek Devkota> 26 hours ago
 
**** vanir:packages_apps_Gallery2 ****
747c148 : Automatic translation import <Abhisek Devkota> 26 hours ago
 
**** cm:LineageOS/android_packages_apps_Gello ****
3089d2f : Automatic translation import <Abhisek Devkota> 26 hours ago
 
**** vanir:packages_apps_LockClock ****
cafbdea : Automatic translation import <Abhisek Devkota> 26 hours ago
 
**** vanir:packages_apps_ManagedProvisioning ****
bb79517 : Automatic translation import <Abhisek Devkota> 26 hours ago
 
**** vanir:packages_apps_Messaging ****
8606417 : Automatic translation import <Abhisek Devkota> 26 hours ago
 
**** vanir:packages_apps_PhoneCommon ****
93c85f5 : Automatic translation import <Abhisek Devkota> 26 hours ago
 
**** vanir:packages_apps_Settings ****
26a0e7f : Automatic translation import <Abhisek Devkota> 26 hours ago
 
**** cm:LineageOS/android_packages_apps_Snap ****
cf63021 : Automatic translation import <Abhisek Devkota> 26 hours ago
 
**** cm:LineageOS/android_packages_apps_Terminal ****
068eaa3 : Automatic translation import <Abhisek Devkota> 26 hours ago
 
**** vanir:packages_apps_ThemeChooser ****
7ca2ce5 : Automatic translation import <Abhisek Devkota> 26 hours ago
 
**** vanir:packages_apps_Trebuchet ****
aaa3783 : Automatic translation import <Abhisek Devkota> 26 hours ago
 
**** vanir:packages_apps_UnifiedEmail ****
0bdbeb6 : Automatic translation import <Abhisek Devkota> 26 hours ago
 
**** vanir:packages_inputmethods_LatinIME ****
00b7256 : LatinIME: Add Hungarian QWERTY, enable predictive dictionary <dh-harald> 2 weeks ago
 
**** cm:LineageOS/android_packages_providers_DataUsageProvider ****
6981666 : Automatic translation import <Abhisek Devkota> 26 hours ago
 
**** vanir:packages_providers_DownloadProvider ****
4da4543 : Automatic translation import <Abhisek Devkota> 26 hours ago
 
**** vanir:packages_providers_MediaProvider ****
a64c9b8 : Automatic translation import <Abhisek Devkota> 26 hours ago
 
**** cm:LineageOS/android_packages_resources_devicesettings ****
f8073ff : Automatic translation import <Abhisek Devkota> 25 hours ago
 
**** cm:LineageOS/android_packages_services_CMAudioService ****
6dad83d : Automatic translation import <Abhisek Devkota> 26 hours ago
 
**** vanir:packages_services_Telecomm ****
1369ae3 : Automatic translation import <Abhisek Devkota> 26 hours ago
 
**** vanir:packages_services_Telephony ****
a34ea3c : Automatic translation import <Abhisek Devkota> 26 hours ago
 
**** cm:LineageOS/android_packages_services_ThemeManagerService ****
d345819 : Automatic translation import <Abhisek Devkota> 26 hours ago
 
**** cm:LineageOS/android_packages_services_WeatherService ****
d3f16b2 : Automatic translation import <Abhisek Devkota> 26 hours ago
 
**** vanir:packages_wallpapers_LivePicker ****
5acf0e7 : Automatic translation import <Abhisek Devkota> 26 hours ago
 
**** vanir:system_core ****
4a427df : debuggerd: Rebrand tombstone header to LineageOS <Harry Youd> 16 hours ago
 
**** vanir:system_extras_su ****
d30f4ad : su: don't crash on SIGPIPE while passing return code to client <Unpublished> 2 weeks ago
 
**** vanir:vendor_cmsdk ****
7f3548d : Automatic translation import <Abhisek Devkota> 26 hours ago
 
**** cm:LineageOS/android_packages_apps_YahooWeatherProvider ****
1efd29a : Automatic translation import <Abhisek Devkota> 27 hours ago
 
**** cm:LineageOS/android_packages_apps_WundergroundWeatherProvider ****
97dc85c : Automatic translation import <Abhisek Devkota> 27 hours ago
 
**** vanir:vendor_vanir ****
25d4781 : LatinIME: re-add (fixed) Hungarian dictionary <dh-harald> 2 weeks ago
31bb4dd : cm: charger: Correct res_create_multi_display_surface() usage <Zhao Wei Liew> 22 hours ago
e2fd3bf : cm: Enable long-press on power in suspend by default <Zhao Wei Liew> 10 weeks ago
 
