
**** vanir:build ****
ad322d9 : Hacks <DHOMD> 7 months ago
06a7227 : build: skip 'ro.product.device' using  new macro "TARGET_SKIP_PRODUCT_DEVICE" <Edward Wang> 3 days ago
c9c78db : build: Create a oem image when BOARD_OEMIMAGE_FILE_SYSTEM_TYPE is defined <Diogo Ferreira> 8 months ago
 
**** samba:ccache.git ****
424d3ae : Update NEWS <Joel Rosdahl> 31 hours ago
608ac70 : Update copyright year <Joel Rosdahl> 31 hours ago
c7e0289 : Update authors list <Joel Rosdahl> 31 hours ago
23a462b : Update NEWS <Joel Rosdahl> 32 hours ago
 
**** aosp:platform/cts ****
f010e48 : DO NOT MERGE: Fix build break <Daniel Xie> 2 hours ago
8b47757 : Revert "Obtain min frame rate from codec capabilities" <Daniel Xie> 2 hours ago
9789389 : DO NOT MERGE: Set priority for notification in a11y cts test. <Phil Weaver> 8 weeks ago
eae5dc9 : DO NOT MERGE: Disabling sensor tests and policy permission <Daniel Xie> 17 hours ago
c21273b : DO NOT MERGE: Fix the profile-wifi-cleanup test by increasing the timeout. <Lenka Trochtova> 2 weeks ago
c7b2f8d : DO NOT MERGE ANYWHERE: Bump CTS 6.0 to R6 <Daniel Xie> 2 days ago
388969b : patch for the BYOD test testManagedContacts <Keisuke Hasegawa> 6 weeks ago
c786ccc : Bug #530599 android.net.cts.legacy.api22.ConnectivityManagerLegacyTest - testStartUsingNetworkFeature_enableHipri - change the WIFI state <heqiang1008> 3 months ago
a0322dd : Fix DecoderTest#testTunneledVideoPlayback <Andy Hung> 4 weeks ago
b17f020 : DO NOT MERGE Fix transient video call CTS test failure. <Tyler Gunn> 11 days ago
7a1a43b : Add test to catch wrong sensor event timestamp clock source <Nick Vaccaro> 6 weeks ago
e60194e : Revert "Add a few test cases in SensorBatchingTests into knownfailures" <Peng Xu> 12 days ago
05b3b03 : Remove test_listAudioPatches <Dave Weinstein> 13 days ago
8f74198 : DO NOT MERGE Change placeAndVerifyCall to wait until connection is fully added to CS. <Tyler Gunn> 12 days ago
d9b568d : Add feature check to testPackageInstallUserRestrictions <Benjamin Franz> 12 days ago
6012a99 : Obtain min frame rate from codec capabilities <Warren Rehman> 3 weeks ago
917529c : DO NOT MERGE Sonivox: add CTS test. <Wei Jia> 3 months ago
7f27162 : DO NOT MERGE Additional CTS test for robust handling of invalid cmap <Raph Levien> 3 months ago
ed0da50 : DO NOT MERGE: Revert "Revert "Revert "Fix for ByodFlowTestActivity""" <Daniel Xie> 2 weeks ago
e514136 : DO NOT MERGE MediaServerCrashTest: add testDrmManagerClientReset. <Wei Jia> 5 months ago
08f6f87 : DO NOT MERGE security: Test mediaserver crash against an invalid MIDI file <Wonsik Kim> 7 months ago
72ea05e : DO NOT MERGE Sonivox: add CTS test. <Wei Jia> 3 months ago
d070fec : DO NOT MERGE Additional CTS test for robust handling of invalid cmap <Raph Levien> 3 months ago
17744f2 : DO NOT MERGE Test new calls must have a PhoneAccount enabled <Brad Ebinger> 10 weeks ago
f0c2b7a : DO NOT MERGE Updated the SecurityPatchTest to look for a minimum date of 2016-04 <Dave Weinstein> 8 weeks ago
12fda40 : DO NOT MERGE Sonivox: add CTS test. <Wei Jia> 3 months ago
4bba0f9 : DO NOT MERGE Additional CTS test for robust handling of invalid cmap <Raph Levien> 3 months ago
4247db7 : DO NOT MERGE Remove corrupt test file <Marco Nelissen> 10 months ago
5bb05ee : DO NOT MERGE Sonivox: add CTS test. <Wei Jia> 3 months ago
c37ecc6 : Downgrade device precondition errors to warnings <Aaron Holden> 2 weeks ago
144acf5 : Fix for checkKernelWakelock function : It contains a comma character in the "Kernel Wakelock". So When parts arr's length is more than 7, Fix check routine. <hyeongchan.kim> 9 months ago
07f130c : Revert "Removed test from knownfailures" <Daniel Xie> 3 weeks ago
79aeb4a : Fix telecom cts fail when  some project need to consider "7" as MMI call <Junjie Hu> 4 months ago
4614316 : DO NOT MERGE Change Wifi check to warning <Aaron Holden> 3 weeks ago
ac6b4b7 : Fix testTelephonyFeatures to handle feature absent case correctly. <Amit Mahajan> 6 weeks ago
ca3fef0 : DO NOT MERGE ANYWHERE: Bump CTS 5.0 to R5 <Daniel Xie> 3 weeks ago
8c9b6dc : DO NOT MERGE: Increase AdoptableHostTest timeout. <Jeff Sharkey> 4 weeks ago
9c4d5e3 : DO NOT MERGE ANYWHERE: Bump CTS 5.1 to R6 <Daniel Xie> 3 weeks ago
fc4c6ba : DO NOT MERGE ANYWHERE: Disabling android.security.cts.StagefrightTest#testStagefright_cve_2015_3826 <Daniel Xie> 7 weeks ago
1ccc5f6 : DO NOT MERGE ANYWHERE: Bumping CTS 6.0 to R5 <Daniel Xie> 3 weeks ago
ac6ae5f : Using longer wavefile for Visualizer based Test <rago> 3 weeks ago
9c0933a : Revert "Revert "Add three test apks to white list"" <Daniel Xie> 4 weeks ago
ff39a80 : Revert "Add three test apks to white list" <Daniel Xie> 4 weeks ago
6945001 : DO NOT MERGE: Fix WebChromeClientTest#testOnJsBeforeUnload <Hui Shu> 4 weeks ago
214d178 : DO NOT MERGE: Fix WebChromeClientTest#testOnJsBeforeUnload <Hui Shu> 4 weeks ago
d59c98d : This is happening in LRX22G, so it need to go bak on more release. <sindhuja> 12 months ago
aa1590d : DO NOT MERGE: Fix CtsTestServer potential shutdown deadlock. <Hui Shu> 4 months ago
1ec73b8 : DO NOT MERGE: Fix CtsTestServer potential shutdown deadlock. <Hui Shu> 4 months ago
ea25bd2 : This test is to test the Remote Code Execution Vulnerabilities in libstagefright Bug: 20718524, 23036083, 23248776, 23213430, 22954006, 21814993 <Upendra> 5 weeks ago
60fa1e0 : DO NOT MERGE: Revert "Revert "Revert "Revert "Fix for ByodFlowTestActivity"""" <Daniel Xie> 4 weeks ago
 
**** cm:CyanogenMod/android_device_htc_hiae-common ****
7adb594 : hiae: Remove duplicate debugfs mount <Ethan Chen> 4 days ago
 
**** cm:CyanogenMod/android_device_htc_hima-common ****
854e015 : hima: Remove duplicate debugfs mount <Ethan Chen> 4 days ago
 
**** cm:CyanogenMod/android_device_htc_ville ****
ae4d400 : ville: remove persist.sys.usb.config override <Nick Kralevich> 4 months ago
0a89b81 : remove video editor from media_profiles.xml <Chong Zhang> 6 months ago
e238d1f : ville: Updated external storage configuration <Jeff Sharkey> 3 days ago
32ed975 : ville: use FUSE sdcard daemon <Ethan Chen> 2 years, 7 months ago
 
**** vanir:device_lge_g2-common ****
6e38789 : g2-common: fstab: Don't check ro partition <Tyler Dunn> 3 days ago
b952654 : Enable wifi background scanning. <Kendrick Vargas> 3 days ago
 
**** vanir:device_motorola_msm8226-common ****
b8c93c7 : Automatic translation import <Michael Bestas> 2 days ago
 
**** cm:CyanogenMod/android_device_motorola_msm8610-common ****
809705e : msm8610-common: use default safe headphone volume level <Sultan Qasim Khan> 16 hours ago
0146be3 : msm8610-common: cmhw: fix KCAL path <Sultan Qasim Khan> 18 hours ago
91bc1a0 : msm8610-common: audio: return to deep buffer playback as primary <Sultan Qasim Khan> 18 hours ago
86ba72c : msm8610-common: audio: re-enable AAC compress offload <Sultan Qasim Khan> 18 hours ago
b36aed1 : msm8610-common: audio: drop motorola audio effects <Sultan Qasim Khan> 19 hours ago
9e8ca92 : msm8610-common: MotoDoze: Hold a wakelock when the screen is on <Gabriele M> 7 weeks ago
 
**** vanir:device_motorola_msm8916-common ****
e4d1717 : msm8916-common: Optimal dex2oat thread_count <Chitti Babu Theegala> 27 hours ago
5c689b3 : Automatic translation import <Michael Bestas> 2 days ago
 
**** vanir:device_motorola_omap4-common ****
8e4b91d : Automatic translation import <Michael Bestas> 2 days ago
 
**** cm:CyanogenMod/android_device_motorola_otus ****
8d32bce : otus: match stock mixer paths <Sultan Qasim Khan> 4 days ago
 
**** vanir:device_motorola_qcom-common ****
b24651e : Automatic translation import <Michael Bestas> 2 days ago
 
**** cm:CyanogenMod/android_device_motorola_victara ****
29e5997 : Automatic translation import <Michael Bestas> 2 days ago
 
**** vanir:device_oneplus_bacon ****
46f7dee : bacon: Add RAW path on primary output <Steve Kondik> 2 days ago
3935257 : bacon: Use LZ4 for memory compression <Steve Kondik> 27 hours ago
bc6fceb : bacon: Disable VoIP offload <Steve Kondik> 5 weeks ago
8e91a18 : bacon: Adjust ZRAM size <Steve Kondik> 3 days ago
c699fc2 : bacon: Enable ZRAM and ZCACHE <Steve Kondik> 4 days ago
d12a499 : make LocSharedLock::mRef ops atomic <Kevin Tang> 10 weeks ago
 
**** github:Grarak/android_device_oneplus_oneplus2 ****
5b3f254 : Build sensors hal from source <Willi Ye> 2 days ago
3490c36 : Correct ANT device name <Willi Ye> 3 days ago
09ff575 : oneplus2: h265 encoding support <Keith Mok> 3 months ago
cda12ed : oneplus2: remove video editor from media_profiles.xml <Chong Zhang> 11 months ago
 
**** github:AndroidNoob69/android_device_oneplus_onyx ****
a405d8f : onyx: Don't rely on btnvtool <Ashwin Ramesh> 3 days ago
fb98ce0 : onyx: fix Bluetooth denials <Willi Ye> 5 days ago
5c84437 : onyx: read bluetooth address using bdAddrLoader <Jake Weinstein> 4 days ago
 
**** vanir:device_oppo_common ****
614dc11 : Automatic translation import <Michael Bestas> 2 days ago
 
**** cm:CyanogenMod/android_device_oppo_find7-common ****
e500dd2 : find7: Use LZ4 for memory compression <Steve Kondik> 27 hours ago
c9fd15b : find7: Mount internal storage with ignore_case=1 <Michael Bestas> 3 days ago
ab8a6ff : find7: Enable ZRAM and ZCACHE <Steve Kondik> 4 days ago
 
**** cm:CyanogenMod/android_device_oppo_msm8974-common ****
1761043 : make LocSharedLock::mRef ops atomic <Kevin Tang> 10 weeks ago
 
**** vanir:device_samsung_kona-common ****
5de7753 : kona : declare var and fix build <RGIB> 2 days ago
 
**** vanir:device_samsung_qcom-common ****
bd209d1 : Automatic translation import <Michael Bestas> 2 days ago
253bb11 : healthd: Rename libhealthd library <Arne Coucheron> 4 days ago
 
**** vanir:device_sony_fusion3-common ****
9b56c03 : init: don't set wlan serial from the init script <Georg Veichtlbauer> 11 hours ago
5933e0f : init: fix execution of bluetooth setup script <Georg Veichtlbauer> 11 hours ago
c01506c : bluetooth: correct mac address file path <Georg Veichtlbauer> 15 hours ago
9ffc2d4 : remove wait4tad_static <Georg Veichtlbauer> 4 days ago
 
**** cm:CyanogenMod/android_device_sony_nicki ****
d57bcd5 : nicki: Fix the issue with fm_dl service <Venkateshwarlu Domakonda> 9 months ago
37966d2 : nicki: turn on bt only if transport is smd <RonGokhale> 6 days ago
0c0702c : nicki: Fix the issue with fm_dl service <Venkateshwarlu Domakonda> 9 months ago
252fe1a : nicki: Added support for static linking for radio-iris-transport module <Venkateshwarlu Domakonda> 9 months ago
 
**** cm:CyanogenMod/android_device_sony_pollux-common ****
4d73502 : audio: add remote_submix to audio policy <Georg Veichtlbauer> 3 days ago
 
**** vanir:device_sony_yuga ****
a7258dc : audio: add remote_submix to audio policy <Georg Veichtlbauer> 3 days ago
 
**** vanir:device_xiaomi_armani ****
0bf97e0 : Remove debugfs mounting <Steve Kondik> 5 weeks ago
 
**** cm:CyanogenMod/android_external_cyanogen_UICommon ****
70656f2 : Make UICommon Snackbar attribute not conflict with appcompat <Richard MacGregor> 5 days ago
 
**** vanir:external_wpa_supplicant_8 ****
9fda75c : wpa_supplicant_conf: Let devices provide their own template <Ricardo Cerqueira> 3 days ago
 
**** vanir:frameworks_av ****
489c9fb : audiopolicy: Update legacy policy for session callbacks <Steve Kondik> 4 days ago
c38d4f2 : frameworks/av: Fix video recording breaks <Keith Mok> 3 days ago
 
**** vanir:frameworks_base ****
cc00849 : Lockscreen : Ensure window bounds change after view animations <Danesh M> 3 days ago
6b5b45b : SystemUI: don't crash with bad tiles <Roman Birg> 14 hours ago
d75b707 : SystemUI: Move ADB_ENABLED to "Global" <Michael W> 4 days ago
a88d902 : SystemUI: fix some qs tile race conditions <Roman Birg> 4 days ago
0053be3 : SystemUI: Fix nav bar transparency when enabling software keys <Raj Yengisetty> 1 year, 1 month ago
1e1fdf1 : Automatic translation import <Michael Bestas> 2 days ago
d3ed55c : SysUI: Fix reporting of swipe progess in notification panel <d34d> 3 days ago
2c35c46 : SettingsLib: Add back accidentally removed translations <Michael Bestas> 4 days ago
d10c047 : systemui: Remove LiveDisplay tile <Steve Kondik> 5 days ago
 
**** cm:CyanogenMod/android_frameworks_opt_hardware ****
d3ceb18 : cmhw: Fix return value <Steve Kondik> 2 days ago
35568c6 : cmhw: Move DisplayColorCalibration from hardware/cyanogen to here <Steve Kondik> 4 days ago
 
**** cm:CyanogenMod/android_hardware_cyanogen ****
240b860 : cmhw: Remove DisplayColorCalibration from hardware/cyanogen <Steve Kondik> 4 days ago
 
**** cm:CyanogenMod/android_hardware_qcom_audio ****
886c244 : hal: remove explicit direct pcm usecase <vivek mehta> 7 months ago
f6cd4f7 : hal: stop sound trigger buffering during close <Mingming Yin> 3 months ago
4fb2812 : hal: don't allow track offload if there's active sw effect <Weiyin Jiang> 8 weeks ago
bfe1cc3 : hal: Fix 44.1Khz playback when native support is not enabled <Amit Shekhar> 3 months ago
dc520bc : libaudiopolicymanager: DirectPCM: fix 44.1 clip playing noisy issue <vivek mehta> 5 months ago
b73a764 : audio: Extend platform parser to allow device name aliasing <Ethan Chen> 1 year, 7 months ago
64387ed : hal: Fix voice call recording <solk2> 1 year, 7 months ago
91c7d6b : hal: Fix digital USB headset combo device <Steve Kondik> 1 year, 7 months ago
be6fdfc : hal: Clean up compilation warnings <Steve Kondik> 1 year, 4 months ago
13ba1b4 : hal: Add support for audio amplifier HAL <Ethan Chen> 2 years, 11 months ago
381b7a0 : audio: Configure CM default feature set <Steve Kondik> 1 year, 4 months ago
b25084a : hal: Allow building hardware audio encoders <Arne Coucheron> 1 year, 3 months ago
f48de3d : audio: Use project pathmap <Ethan Chen> 4 months ago
1362fc7 : audio: Only allow non-legacy HAL <Ethan Chen> 4 months ago
b5b6d33 : hal: Update format table with AAC ADTS formats. <Ashish Jain> 5 months ago
102616d : HAL: Identify the track offload session <Sharad Sangle> 4 months ago
d7eaf2b : HAL: Identify Track offload session <Alexy Joseph> 5 months ago
8c21ad7 : Merge DAX2 changes <Gao Jie> 5 months ago
12467a1 : hal: Use AUDIO_TX_MONO_COPP topology for incall record usecases <Karthik Reddy Katta> 5 months ago
 
**** cm:CyanogenMod/android_hardware_qcom_display ****
7b9a3a1 : hwc/overlay: Validate cursor position in hwc_setPositionAsync <Baldev Sahu> 8 weeks ago
4c401f0 : hwc: Fix sanitize ROI func <Ramakant Singh> 2 months ago
6dab9c9 : hwc: Apply Default Mode on real framework start <Sravan Kumar D.V.N> 3 months ago
732b9ac : qdutils: Correct the hwc-driver mismatch <Ramakant Singh> 3 months ago
f1e2905 : hwc: remove local constant DISPLAY_ATTRIBUTES list <Ramakant Singh> 3 months ago
a74edfb : hwc: Remove references to display-frameworks <Ethan Chen> 3 months ago
c7cce05 : hwc: Fix compile errors after display-frameworks removal <Arne Coucheron> 3 months ago
b375570 : hwc: Support for QDCM Preference when PU enabled <Nitesh Gupta> 4 months ago
cc1ec84 : hwc: Set ioprio for vsync thread <Steve Kondik> 7 months ago
7516867 : Don't build lights module if vendor supplies it <Steve Kondik> 1 year, 5 months ago
730d245 : Revert "hqd: Use MSM_VIDC_TARGET_LIST for Venus color format" <Ethan Chen> 4 months ago
bc1215a : display: Use project pathmap <Ethan Chen> 1 year, 5 months ago
c324d73 : hwc: Set DefaultMode after bootup completion <Ramakant Singh> 4 months ago
8a6e7c9 : gralloc: Add a private flag for INTERNAL only <Arun Kumar K.R> 8 months ago
394c830 : hwc: Donot update dynamic-fps when device is not active <Ramakant Singh> 6 months ago
8f21571 : hwc: Do not wait for MDSS fence for layers with rotation <Dileep Kumar Reddi> 6 months ago
d2c5ca0 : hwc: Start with ROI set to destination <Arun Kumar K.R> 6 months ago
9ef4d8c : hwc: Set minfps as part of timeout_handler during idlefallback <Ramakant Singh> 6 months ago
0d616ba : Revert "hwc: Relax format change restrictions for certain targets" <Dileep Kumar Reddi> 6 months ago
213ead5 : Default flexible YUV format to NV21 <Tanmaya Godbole> 8 months ago
ed75fdb : hwc: Reset refresh-rate for few cases as part of timeout handler <Dileep Kumar Reddi> 6 months ago
56ed396 : gralloc: Add support for PRIV_FLAGS_DISP_CONSUMER <Surajit Podder> 10 months ago
a2d5295 : hwc: Support ActionSafe on targets with non-scaling RGB pipes. <Sandeep Panda> 7 months ago
248378d : gralloc: Use adreno_utils api for NV21 and NV12 alignment <Sushil Chauhan> 8 months ago
037d21d : hwc: Use basePipe for fullscreen and opaque layer <Pullakavi Srinivas> 7 months ago
77ec4ef : gralloc: Modify check for uncompressed RGB buffers <Naomi Luis> 8 months ago
449fbe0 : hwc: Use aligned width and height <Dileep Kumar Reddi> 8 months ago
02dbc50 : Revert "HWC: use aligned width and height for rearranging ROI" <Dileep Kumar Reddi> 8 months ago
cd7217a : hwc: Support ActionSafe on targets with non-scaling RGB pipes. <Sandeep Panda> 7 months ago
eed742d : overlay: add tertiary display definition in overlay <Vinu Deokaran> 7 months ago
a029479 : hwc: Validate display ID in hwc interface <Arun Kumar K.R> 7 months ago
09441c1 : gralloc: Add missing changes related to RAW16 <Raj Kamal> 9 months ago
7ea10c5 : hwc: Use basePipe for fullscreen and opaque layer <Pullakavi Srinivas> 7 months ago
c039f6e : hwc: Use aligned width and height <Dileep Kumar Reddi> 8 months ago
60cbe72 : Revert "HWC: use aligned width and height for rearranging ROI" <Dileep Kumar Reddi> 8 months ago
2e918bf : hwc: Avoid idlefallback during video playback <Raj Kamal> 8 months ago
fbe5a60 : HWC: use aligned width and height for rearranging ROI <Dileep Kumar Reddi> 8 months ago
597b313 : hwc: Featurize HWC_DISPLAY_SECURE <Raj Kamal> 8 months ago
eb4d7a6 : hwc: Use HWC_DISPLAY_NO_ATTRIBUTE as terminator. <Prabhanjan Kandula> 8 months ago
410ba7c : hwc : Normalize source crop before validating scaling limits. <Prabhanjan Kandula> 8 months ago
95fef31 : hwc: Relax format change restrictions for certain targets <Dileep Kumar Reddi> 8 months ago
42a1c98 : hwc: Changes for display-hal compilation with QTI_BSP enabled <Ramakant Singh> 9 months ago
c772eec : hwc: Do not use Borderfill pipe for composition in WFD <Dileep Kumar Reddi> 8 months ago
e5268fd : hwc/overlay: Pass handle w/h and crop w/h through fb_image field <Arun Kumar K.R> 9 months ago
5d39f02 : hwc: Log warning instead of mHDMIClient object not available <Dileep Kumar Reddi> 8 months ago
55b3489 : hwc: Ignore float-conversion for included headers <Naseer Ahmed> 8 months ago
82fe9c6 : hwc: Do not consider rotation for smart blit <Ramakant Singh> 9 months ago
dd689ff : hwc: Do not create idle invalidator for MDP3 targets <Dileep Kumar Reddi> 9 months ago
c58836b : hwc: Align ROI's width and height in both directions <Dileep Kumar Reddi> 9 months ago
19f2250 : hwc: Fix SF crash due to SIGSEGV error <Raj Kamal> 9 months ago
 
**** cm:CyanogenMod/android_hardware_qcom_display ****
17f2d38 : Don't build lights module if vendor supplies it <Steve Kondik> 1 year, 5 months ago
420cc3a : msm8996: remove unused qcom features <Scott Mertz> 4 months ago
5bdcfa4 : Additional pathmap & build fixes <Scott Mertz> 4 months ago
e80bb52 : display: Use project pathmap <Ethan Chen> 1 year, 5 months ago
e04e869 : Remove usage of MASTER_SIDE_CP_TARGET_LIST <Scott Mertz> 4 months ago
3fd7d00 : Revert "hqd: Use MSM_VIDC_TARGET_LIST for Venus color format" <Scott Mertz> 4 months ago
99aa8ca : sdm: Fix uninitialized HWLayers object <Saurabh Shah> 5 months ago
572b2bf : sdm: Do not copy surfaceDamage rects for SKIP layers <Sushil Chauhan> 5 months ago
074314d : gralloc: Add support for PRIV_FLAGS_DISP_CONSUMER <Surajit Podder> 10 months ago
8f8f6c7 : sdm : Add support for dynamic BW limit management <Prabhanjan Kandula> 7 months ago
83a945b : libqdutils: Refer to standard definitions for display types. <Dileep Marchya> 5 months ago
f29ff14 : sdm: Fix buffer overflow <Manoj Kumar AVM> 5 months ago
99ef378 : sdm: HWDevice: Set correct HWDisplayMode <Arun Kumar K.R> 6 months ago
ddca4e7 : sdm: Remove unused function in rect utility <Manoj Kumar AVM> 6 months ago
8d22bad : sdm: Fix memory leaks. <Dileep Marchya> 5 months ago
1c3f9a3 : hwc: Handle SBM operation set for all layers <Saurabh Shah> 5 months ago
b8067a4 : qdMetadata: Use uint32_t instead of bool <Saurabh Shah> 5 months ago
a0db84b : sdm: hdmi: Set the default grayscale value to RGB888 <Tatenda Chipeperekwa> 6 months ago
e94e78c : sdm: Add bandwidth and clock members <Sushil Chauhan> 9 months ago
959863b : sdm: Update HWPanelInfo during primary resolution switch <Sushil Chauhan> 6 months ago
b8ecfbf : display: Enable clang for all display modules <Naseer Ahmed> 6 months ago
63e8c95 : sdm: Source crop top needs adjustment for interlaced <Sushil Chauhan> 6 months ago
f1c8357 : sdm: Remove closing of fd during Sync operations <Manoj Kumar AVM> 6 months ago
44e2be1 : sdm: Do not process blit configuration for zero app layers. <Dileep Marchya> 6 months ago
61ef29b : sdm: Add support for single buffer layers <Saurabh Shah> 6 months ago
a816961 : sdm: Use FB resolution for virtual display <radhakrishna> 6 months ago
a0394ad : qdMetaData: Remove unused metadata fields. <Arun Kumar K.R> 6 months ago
50ff0bb : sdm: Panel name retrieval support <Dileep Marchya> 6 months ago
95f8368 : gralloc/metadata: Add support for single buffer mode <Saurabh Shah> 6 months ago
d7131e6 : sdm: Add support for UBWC in C2D <radhakrishna> 6 months ago
67c1f90 : sdm: Allow draw cycle in doze state. <Dileep Marchya> 6 months ago
5fb6d40 : sdm: Perform GPU target layer validation. <Manoj Kumar AVM> 6 months ago
226646c : sdm: Populate correct WB index for virtual <radhakrishna> 6 months ago
3edaf83 : sdm: Read rotator capabilities from driver <radhakrishna> 7 months ago
492ab99 : sdm: Fix ROI and Split info in SF dumpsys <Sushil Chauhan> 6 months ago
a9fb396 : sdm: Remove buffer format validation from hwc wrapper. <Ramkumar Radhakrishnan> 6 months ago
76750f2 : sdm: Add support for YCbCr420 Semiplanar format <Ramkumar Radhakrishnan> 6 months ago
bddb952 : gralloc: Use only metadata for color space <Saurabh Shah> 7 months ago
4a31ec4 : sdm: Make premultiplied as default blending <Saurabh Shah> 6 months ago
e1f01dd : sdm: Flush after first successful commit only. <Dileep Marchya> 6 months ago
1a7e1f1 : sdm: Add support for IGC. <Dileep Marchya> 7 months ago
9b99074 : sdm: Fix memory leaks. <Dileep Marchya> 6 months ago
ec8fe35 : sdm: Fix HDMI & virtual display concurrency. <Dileep Marchya> 6 months ago
d433464 : sdm: Add interface to consider rotator during scaling validation. <Ramkumar Radhakrishnan> 7 months ago
a5b764f : sdm: Add support for minimum encryption level settings for HDCP. <Dileep Marchya> 6 months ago
55fe304 : sdm: Add SPD information for HDMI <Arun Kumar K.R> 7 months ago
06078aa : sdm: Acquire lock during hwcomposer module open and close <Ramkumar Radhakrishnan> 6 months ago
d169be9 : sdm: properly close all the fence Fds <Ping Li> 7 months ago
040a3d0 : sdm: hwc: SetRefreshRate before validate IOCTL <Arun Kumar K.R> 7 months ago
6e43f57 : sdm: Handle/set dynamic fps appropriately <Arun Kumar K.R> 7 months ago
 
**** cm:CyanogenMod/android_hardware_qcom_fm ****
c5fd4ca : Automatic translation import <Michael Bestas> 2 days ago
 
**** cm:CyanogenMod/android_hardware_qcom_media ****
ff3940f : mm-video-v4l2: Return correct level support for 8956 <Surajit Podder> 8 weeks ago
1fd6df0 : mm-video-v4l2: vidc: vdec: handle ftbs during reconfig and port disable <Abdulla Anam> 2 months ago
e9bacff : mm-video-v4l2: venc: check for null pointer <Maheshwar Ajja> 3 months ago
a699a13 : mm-video-v4l2: vdec: set 24 fps framerate for 4k clips <Deepak Kushwah> 3 months ago
bc9e191 : mm-video-v4l2: vidc: Fix race condition with msg thread fd close <Shalaj Jain> 5 months ago
a860362 : mm-video-v4l2: vidc: update thread names <Ashray Kulkarni> 9 months ago
8e66146 : mm-video-v4l2: Add support for prefer adaptive playback extension <Shalaj Jain> 9 months ago
41a5cfd : mm-video: Adjust stride value for planar format <Surajit Podder> 11 months ago
c40cf77 : mm-video: vidc: Reliably stop the message thread <Deepak Kushwah> 4 months ago
62f611d : Fix duplicated OMX.qcom.audio.decoder.aac entry <Keith Mok> 5 months ago
69d6d4b : media: Avoid collision with FFMPEG plugin <Steve Kondik> 4 months ago
610c356 : media: Use project pathmap <Ethan Chen> 4 months ago
dc1b1d4 : mm-video-v4l2: Unmap dropped output buffers <Surajit Podder> 4 months ago
78521c5 : Include kernel header dependency for libOmxVidcCommon <Divya Sharma> 5 months ago
f9c92f0 : mm-video-v4l2: vidc: venc: Fix hybrid HP layer count <Abdulla Anam> 6 months ago
a5dce41 : mm-video-v4l2: Enable get_param to check downscalar enablement <Surajit Podder> 6 months ago
e7743ae : mm-video-v4l2: venc: Add support to enhance hybrid Hier-p mode <Abdulla Anam> 6 months ago
75bc6a6 : mm-video-v4l2: vdec:  release buffer when qbuf to driver fails <Manikanta Kanamarlapudi> 6 months ago
cfeaf87 : mm-video-v4l2: Use client buffer header for FTB <Surajit Podder> 7 months ago
b6c736d : mm-video-v4l2: Disable intra refresh mode on msm8956/76 <Maheshwar Ajja> 6 months ago
a54c5d4 : mm-video-v4l2: vdec: fix fps issues in arbitrary mode <Ashray Kulkarni> 8 months ago
826ba8c : QCMetadata: add a new key for big buffers <Sidipotu Ashok> 7 months ago
ef3143a : QCMetadata: Add key for setBuffers API support <Manikanta Kanamarlapudi> 11 months ago
f178e8b : mm-video-v4l2: venc: support all I frame encoding usecase. <Abdulla Anam> 7 months ago
bcf4fa3 : libstagefrighthw: Add header guard to QComOMXMetadata.h and fix file perms <Deva Ramasubramanian> 7 months ago
e2d287f : mm-video-v4l2: vdec: streamoff while freeing first output buffer <Balamurugan Alagarsamy> 1 year, 4 months ago
f0fc3d0 : mm-video: Disable downscalar for non-display usecase <Surajit Podder> 10 months ago
0997c8a : mm-video: Enable HEVC software encoder OMX component. <Manikanta Sivapala> 7 months ago
8bb96de : mm-video_v4l2: pass crop nWidth and nHeight in reconfig event. <Abdulla Anam> 8 months ago
afb1469 : mm-video-v4l2: Fix downscalar issue <Surajit Podder> 7 months ago
269f6cd : mm-video-v4l2: Fix crash due to divide by zero <Surajit Podder> 7 months ago
c14558c : mm-video-v4l2: venc: initialize the member variables <Maheshwar Ajja> 7 months ago
99c2455 : mm-video-v4l2: vdec: Fix closing of file descriptor "0" <Deepak Kushwah> 7 months ago
b4d0e38 : mm-video-v4l2: venc: limit pixels value in input buffers. <Abdulla Anam> 7 months ago
1202ebd : mm-video_v4l2: pass crop nWidth and nHeight in reconfig event. <Abdulla Anam> 8 months ago
1fc82f0 : mm-video: Disable downscalar for non-display usecase <Surajit Podder> 10 months ago
6ecc67f : mm-core: update vpp related structures and enums. <Abdulla Anam> 8 months ago
56c0a51 : mm-video-v4l2: vidc: venc: fix CTS issues in vp8 encoder <Maheshwar Ajja> 8 months ago
1fe6770 : mm-core: update vpp related structures and enums. <Abdulla Anam> 8 months ago
a9c2410 : mm-video: Set correct color format to driver <Surajit Podder> 9 months ago
f2fa16b : mm-video-v4l2: vidc: venc: enable low latency mode <Maheshwar Ajja> 8 months ago
79da148 : mm-video-v4l2: null check before pointer dereference <Abdulla Anam> 8 months ago
a66ec1f : audio: Fix stale session opening of DSP audio decoder <Naresh Tanniru> 8 months ago
1171b44 : audio: Fix stale session opening of DSP audio decoder <Naresh Tanniru> 8 months ago
03f6533 : mm-video-v4l2: change variables used for reconfig height & width <Abdulla Anam> 8 months ago
6dc2004 : mm-video-v4l2: venc: Disable Bframes incase of UHD recording <Deepak Kushwah> 9 months ago
f493b73 : audio: Add support for new key kKeyByteMode <Manish Dewangan> 8 months ago
382b5b7 : mm-video-v4l2: video: add new extensions <Ashray Kulkarni> 11 months ago
b266f81 : mm-video-v4l2: venc: Add support for low latency mode <Maheshwar Ajja> 9 months ago
14c22a7 : mm-core: Add Skype extensions <Ashray Kulkarni> 11 months ago
 
**** cm:CyanogenMod/android_hardware_qcom_media ****
347b90c : libc2dcolorconvert: refer c2d header from display <Praveen Chavan> 1 year, 11 months ago
6316605 : vidc: Fix makefiles <Steve Kondik> 12 months ago
d84d430 : media: Avoid collision with FFMPEG plugin <Steve Kondik> 1 year, 11 months ago
8ba01d1 : media: Use project pathmap <Ethan Chen> 1 year, 2 months ago
be989ef : audio: Add entry for ALAC/APE software component <Preetam Singh Ranawat> 5 months ago
ab3e6cf : Include kernel header dependency for libOmxVidcCommon <Divya Sharma> 5 months ago
f5b8f20 : Include kernel header dependency for libOmxVidcCommon <Divya Sharma> 5 months ago
2266025 : mm-video-v4l2: vidc: Ensure async_message_thread always exits <Arun Menon> 5 months ago
b0d352b : media : Add Max CSD values for ALAC and APE <Preetam Singh Ranawat> 6 months ago
a04219f : mm-video-v4l2: vdec: skip enabling extn_user extradata for secure session <Srinu Gorle> 5 months ago
622d480 : mm-video-v4l2: vidc: Enhance VQZIP checks <Praneeth Paladugu> 8 months ago
2b5bd8a : mm-video-v4l2: vidc: venc: Fix input extradata issues <Praneeth Paladugu> 5 months ago
ce13944 : mm-video-v4l2: vidc: vdec: Add UBWC color format support <Srinu Gorle> 5 months ago
a725170 : mm-video: venc: Initialize m_graphicBufferSize <Deva Ramasubramanian> 5 months ago
8be933c : mm-video-v4l2: vidc: vdec: Add support for downscalar in component <Srinu Gorle> 11 months ago
c29ae31 : mm-video-v4l2: vidc: Fix race condition with msg thread fd close <Shalaj Jain> 5 months ago
6a50516 : mm-video-v4l2: vdec: Fix CTS issue with color coversion <Vinay Kalia> 5 months ago
ab08584 : mm-core: Add extensions for FRC <Vinay Kalia> 5 months ago
b12f245 : mm-video-v4l2: Handle async_message_thread error <Arun Menon> 5 months ago
9952fd8 : mm-core: Add secure component registry entry <Vikash Garodia> 5 months ago
8d855cc : mm-video: common: update OmxVidcCommon dependency list <Srinu Gorle> 5 months ago
3c3fe6c : mm-video-v4l2: vdec: Change preferred color format default order <Arun Menon> 5 months ago
c73daac : mm-video-v4l2: Add registry entry for openmax components. <Vikash Garodia> 6 months ago
bcb448c : mm-video: swvdec: Add SwVdec registry entries for 8937. <Manikanta Sivapala> 6 months ago
e592d0a : mm-video: swvdec: Add SwVdec OMX component. <Manikanta Sivapala> 6 months ago
41cf898 : mm-core: Update the correct instance index for storing VPP handle <Praneeth Paladugu> 6 months ago
c8827e2 : mm-video-v4l2: vidc: Allocate secure bitstream buffers from CMA <Shalaj Jain> 6 months ago
cf6d469 : mm-video: vidc: Fully drainbuffers from the driver if batch not complete <Deva Ramasubramanian> 6 months ago
093280d : mm-core: Unload the component library after the session is done <Praneeth Paladugu> 6 months ago
45267c8 : Remove msm8937 due to missing HY11 rule <Naveen Kumar> 6 months ago
fb36868 : mm-video: venc: Revert Venus native support for RGBA8888 <Deva Ramasubramanian> 6 months ago
1c7b346 : mm-video: swvenc: Add pure virtual functions. <Manikanta Sivapala> 6 months ago
0ec71b0 : mm-video: Add extensions to enable and configure ROI QP info <Vinay Kalia> 7 months ago
db88209 : audio: remove duplicate instances of aac decoder <Mingming Yin> 6 months ago
b04a903 : mm-video-v4l2: vdec: Fix a bug with C2D and DROPPED_FRAME <Vinay Kalia> 6 months ago
183f501 : mm-video-v4l2: vidc: Add null checks in async_message_process <Arun Menon> 6 months ago
fbdcaba : mm-video-v4l2: Add support for VP9 secure decoder <Shalaj Jain> 9 months ago
a935f80 : mm-video: swvenc: Add SwVenc registry entries for 8937. <Manikanta Sivapala> 6 months ago
f3f1e00 : QCMetadata: add a new key for big buffers <Sidipotu Ashok> 7 months ago
be1c0e3 : mm-video: vidc: Adjust performance level only after STREAMON <Deva Ramasubramanian> 6 months ago
6f6f5fb : mm-video-v4l2: vidc: venc: Fix hybrid HP layer count <Ashray Kulkarni> 6 months ago
144b092 : mm-video: venc: Get rid of PREPARE_BUF on input port <Vinay Kalia> 6 months ago
431e6b1 : mm-video-v4l2: vdec: fix fps issues in arbitrary mode <Ashray Kulkarni> 8 months ago
edd1b09 : mm-video-v4l2: vidc: vdec: Put decoder sessions in TURBO <Praneeth Paladugu> 9 months ago
07a4eca : libc2dcolorconvert: Fix height alignment issue with RGBA formats <Rajesh Sastrula> 6 months ago
c826460 : mm-video-v4l2: venc: Add support to enhance hybrid Hier-p mode <Ashray Kulkarni> 9 months ago
c08fc90 : mm-core: Add registry entry for titanium <Srinu Gorle> 6 months ago
94af4ea : mm-video: Add opaque color format support to MPEG-4 SwVenc. <Manikanta Sivapala> 6 months ago
f4e1426 : mm-video-v4l2: Do not send error to client once in loaded state <Shalaj Jain> 7 months ago
bf75c1c : mm-video-v4l2: vdec: Add range check before native_buffer usage <Arun Menon> 7 months ago
 
**** vanir:hardware_samsung ****
067a82c : Automatic translation import <Michael Bestas> 2 days ago
05326f4 : exynos4: gralloc: we have an ALIGN macro, use it <Simon Shields> 3 days ago
fb599ed : ril: Restore alphabetical order for modem barrier <Christopher N. Hesse> 3 days ago
06ba105 : libril: add initial support for tss310 modem <messi2050> 4 days ago
 
**** cm:CyanogenMod/android_hardware_samsung_slsi-cm_exynos7420 ****
943527f : gralloc: Raise sNumInts field for M camera blobs <Christopher N. Hesse> 4 days ago
 
**** cmold:android_kernel_motorola_msm8610 ****
76ac674 : defconfig: enable MDP3 KCAL for msm8610 devices <Sultan Qasim Khan> 2 days ago
174121c : msm: mdss: Add KCAL support for rgb/lut control (MDP3) <savoca> 1 year, 3 months ago
12fdc0d : msm: camera: Avoid memory corruption in actuator start routine <Lokesh Kumar Aakulu> 1 year, 11 months ago
1154129 : cfq-iosched: fix the setting of IOPS mode on SSDs <Jens Axboe> 10 months ago
053a5bf : block: Make CFQ default to IOPS mode on SSDs <Tahsin Erdogan> 11 months ago
5671c12 : PM / devfreq: Rewrite devfreq_update_status() to fix multiple bugs <Saravana Kannan> 2 years, 2 months ago
dc0ca58 : msm: kgsl: Bump the GPU frequency for long blocks of processing <Lucille Sylvester> 1 year, 5 months ago
706213f : ASoC: msm: qdsp6v2: add support for any number of ASM buffers <Banajit Goswami> 1 year, 3 months ago
 
**** cmold:android_kernel_oneplus_msm8974 ****
7e38e7e : net: do not use rcu in rtnl_dump_ifinfo() <Eric Dumazet> 1 year, 2 months ago
9dadfa7 : mm: vmpressure: dynamic window sizing. <Martijn Coenen> 9 weeks ago
13030a9 : mm: adjust page migration heuristic <Tim Murray> 7 weeks ago
9118451 : ion: adjust system heap pool orders <Tim Murray> 7 weeks ago
b95a9a0 : kgsl: add page pool allocator <Tim Murray> 8 weeks ago
af3d538 : ARM: 8337/1: mm: Do not invoke OOM for higher order IOMMU DMA allocations <Tomasz Figa> 1 year, 1 month ago
8d77de0 : lib: align source before using optimized implementation <Sanrio Alvares> 2 months ago
14acbe4 : Revert "ASoC: wcd9320: Wait a little longer for HPH PA to settle" <Ben Romberger> 5 months ago
1c5e49d : ASoC: wcd9320: Add digital mute for capture dai's <Ravi Kumar Alamanda> 8 months ago
dff7691 : bacon: Set CONFIG_HZ to 300 <Steve Kondik> 2 days ago
7e6a9fd : msm: kgsl: Fix direct references to HZ <Ajay Dudani> 4 months ago
a0726ab : sched_clock: Backport high-resolution support <Stephen Boyd> 2 years, 3 months ago
3141882 : clocksource: Extract max nsec calculation into separate function <Stephen Boyd> 2 years, 9 months ago
f18fb74 : ASoC: msm: qdsp6v2: fix invalid access to memory <Laxminath Kasam> 1 year, 3 months ago
cb21ad2 : ASoC: msm: qdsp6v2: Copy multiple frames per msm-pcm-q6 copy <Ben Romberger> 5 months ago
15bd4e3 : ALSA: compress: allow writes in SNDRV_PCM_STATE_PREPARED state <Eric Laurent> 6 weeks ago
c99dc7a : bacon: Disable CONFIG_EEPROM_93CX6 <Michael Bestas> 4 weeks ago
a39bd57 : Revert "cm: Additional config snippet to enable DIAG support" <Michael Bestas> 3 days ago
9b5cebb : slub: fix a possible memory leak <Joonsoo Kim> 3 years, 11 months ago
0e42a18 : mm: fix section mismatch warning in set_pageblock_order <Vladimir Murzin> 4 months ago
310ab59 : mm: vmscan: fix inappropriate zone congestion clearing <Johannes Weiner> 3 years, 4 months ago
bdc6fc7 : mm: fix anon vma naming <Colin Cross> 2 years, 6 months ago
7e2e0aa : bacon: Update defconfig <Steve Kondik> 28 hours ago
c1c32b0 : crypto: lz4,lz4hc - fix decompression <KOVACS Krisztian> 1 year, 8 months ago
e6a749e : crypto: add lz4 Cryptographic API <Chanho Min> 2 years, 9 months ago
66fb7cf : ASoC: wcd9320: Fix 24 bit format for codec dai's <Bhalchandra Gajare> 12 months ago
752b857 : memcg: Allow non-root users permission to control memory <Chintan Pandya> 1 year, 9 months ago
8ed12a7 : ASoC: wcd9xxx-mbhc: Force lineout event report only for headphone <Ravi Kumar Alamanda> 8 months ago
3c91211 : lowmemorykiller: Squashed commit of upstream cleanups <Thierry Strudel> 4 months ago
35f8a0f : zcache: Remove WARN_ON <Steve Kondik> 4 days ago
7b273c7 : bacon: Update defconfig <Steve Kondik> 4 days ago
c58b6bc : prima: Update driver to LA.BF.1.1.3_rb1.12 <Steve Kondik> 4 days ago
84ad9dd : mm: page_alloc: use get_freepage_migratetype() instead of page_private() <Minchan Kim> 3 years, 6 months ago
68b4d1a : mm/pagewalk.c: fix walk_page_range() access of wrong PTEs <Chen LinX> 2 years, 6 months ago
6b89ffb : UPSTREAM: mm: more aggressive page stealing for UNMOVABLE allocations <Vlastimil Babka> 1 year, 2 months ago
a4bc978 : UPSTREAM: mm: always steal split buddies in fallback allocations <Vlastimil Babka> 1 year, 2 months ago
4202d33 : UPSTREAM: mm: page_alloc: use unsigned int for order in more places <Mel Gorman> 1 year, 10 months ago
d761660 : UPSTREAM: mm: when stealing freepages, also take pages created by splitting buddy page <Vlastimil Babka> 1 year, 2 months ago
2a67c56 : UPSTREAM: mm/page_alloc: prevent MIGRATE_RESERVE pages from being misplaced <Vlastimil Babka> 1 year, 10 months ago
332d228 : UPSTREAM: mm: __rmqueue_fallback() should respect pageblock type <KOSAKI Motohiro> 2 years, 5 months ago
343ff7e : UPSTREAM: mm: get rid of unnecessary overhead of trace_mm_page_alloc_extfrag() <KOSAKI Motohiro> 2 years, 5 months ago
2397e89 : UPSTREAM: mm/page_alloc.c: fix the value of fallback_migratetype in alloc_extfrag tracepoint() <Srivatsa S. Bhat> 2 years, 7 months ago
41c0e4f : UPSTREAM: mm/page_allo.c: restructure free-page stealing code and fix a bug <Srivatsa S. Bhat> 2 years, 7 months ago
337dddb : mm: Backport ZRAM/ZSMALLOC from Google kernel <Steve Kondik> 4 days ago
a8d6584 : Revert "BACKPORT: mm: /proc/pid/smaps:: show proportional swap share of the mapping" <Steve Kondik> 4 days ago
544a399 : mm/page-writeback.c: do not count anon pages as dirtyable memory <Johannes Weiner> 2 years, 3 months ago
cab1ca6 : mm/page-writeback.c: fix dirty_balance_reserve subtraction from dirtyable memory <Johannes Weiner> 2 years, 3 months ago
ef50b05 : swap: make each swap partition have one address_space <Shaohua Li> 3 years, 2 months ago
18a77f1 : memcg: fix/change behavior of shared anon at moving task <KAMEZAWA Hiroyuki> 3 years, 11 months ago
ca94dc9 : mm: don't inline page_mapping() <Shaohua Li> 3 years, 2 months ago
 
**** cmold:android_kernel_oppo_msm8974 ****
9e9caad : find7/n3: Update defconfig <Steve Kondik> 28 hours ago
c99dc7a : bacon: Disable CONFIG_EEPROM_93CX6 <Michael Bestas> 4 weeks ago
a39bd57 : Revert "cm: Additional config snippet to enable DIAG support" <Michael Bestas> 3 days ago
9b5cebb : slub: fix a possible memory leak <Joonsoo Kim> 3 years, 11 months ago
0e42a18 : mm: fix section mismatch warning in set_pageblock_order <Vladimir Murzin> 4 months ago
310ab59 : mm: vmscan: fix inappropriate zone congestion clearing <Johannes Weiner> 3 years, 4 months ago
bdc6fc7 : mm: fix anon vma naming <Colin Cross> 2 years, 6 months ago
7e2e0aa : bacon: Update defconfig <Steve Kondik> 28 hours ago
c1c32b0 : crypto: lz4,lz4hc - fix decompression <KOVACS Krisztian> 1 year, 8 months ago
e6a749e : crypto: add lz4 Cryptographic API <Chanho Min> 2 years, 9 months ago
66fb7cf : ASoC: wcd9320: Fix 24 bit format for codec dai's <Bhalchandra Gajare> 12 months ago
752b857 : memcg: Allow non-root users permission to control memory <Chintan Pandya> 1 year, 9 months ago
8ed12a7 : ASoC: wcd9xxx-mbhc: Force lineout event report only for headphone <Ravi Kumar Alamanda> 8 months ago
75a9f13 : find7/n3: Update defconfig <Steve Kondik> 4 days ago
3c91211 : lowmemorykiller: Squashed commit of upstream cleanups <Thierry Strudel> 4 months ago
35f8a0f : zcache: Remove WARN_ON <Steve Kondik> 4 days ago
7b273c7 : bacon: Update defconfig <Steve Kondik> 4 days ago
c58b6bc : prima: Update driver to LA.BF.1.1.3_rb1.12 <Steve Kondik> 4 days ago
84ad9dd : mm: page_alloc: use get_freepage_migratetype() instead of page_private() <Minchan Kim> 3 years, 6 months ago
68b4d1a : mm/pagewalk.c: fix walk_page_range() access of wrong PTEs <Chen LinX> 2 years, 6 months ago
6b89ffb : UPSTREAM: mm: more aggressive page stealing for UNMOVABLE allocations <Vlastimil Babka> 1 year, 2 months ago
a4bc978 : UPSTREAM: mm: always steal split buddies in fallback allocations <Vlastimil Babka> 1 year, 2 months ago
4202d33 : UPSTREAM: mm: page_alloc: use unsigned int for order in more places <Mel Gorman> 1 year, 10 months ago
d761660 : UPSTREAM: mm: when stealing freepages, also take pages created by splitting buddy page <Vlastimil Babka> 1 year, 2 months ago
2a67c56 : UPSTREAM: mm/page_alloc: prevent MIGRATE_RESERVE pages from being misplaced <Vlastimil Babka> 1 year, 10 months ago
332d228 : UPSTREAM: mm: __rmqueue_fallback() should respect pageblock type <KOSAKI Motohiro> 2 years, 5 months ago
343ff7e : UPSTREAM: mm: get rid of unnecessary overhead of trace_mm_page_alloc_extfrag() <KOSAKI Motohiro> 2 years, 5 months ago
2397e89 : UPSTREAM: mm/page_alloc.c: fix the value of fallback_migratetype in alloc_extfrag tracepoint() <Srivatsa S. Bhat> 2 years, 7 months ago
41c0e4f : UPSTREAM: mm/page_allo.c: restructure free-page stealing code and fix a bug <Srivatsa S. Bhat> 2 years, 7 months ago
337dddb : mm: Backport ZRAM/ZSMALLOC from Google kernel <Steve Kondik> 4 days ago
a8d6584 : Revert "BACKPORT: mm: /proc/pid/smaps:: show proportional swap share of the mapping" <Steve Kondik> 4 days ago
544a399 : mm/page-writeback.c: do not count anon pages as dirtyable memory <Johannes Weiner> 2 years, 3 months ago
cab1ca6 : mm/page-writeback.c: fix dirty_balance_reserve subtraction from dirtyable memory <Johannes Weiner> 2 years, 3 months ago
ef50b05 : swap: make each swap partition have one address_space <Shaohua Li> 3 years, 2 months ago
18a77f1 : memcg: fix/change behavior of shared anon at moving task <KAMEZAWA Hiroyuki> 3 years, 11 months ago
ca94dc9 : mm: don't inline page_mapping() <Shaohua Li> 3 years, 2 months ago
4bbaff5 : mm: use up free swap space before reaching OOM kill <Minchan Kim> 3 years, 2 months ago
c1d0ad3 : memcg: gix memory accounting scalability in shrink_page_list <Tim Chen> 3 years, 9 months ago
d454073 : mm: swap: fix swapcache usage for fast swap devices <Vinayak Menon> 5 months ago
84392e3 : mm: vmscan: support equal reclaim for anon and file pages <Liam Mark> 2 years ago
29b733d : mm: memcg: only evict file pages when we have plenty <Johannes Weiner> 3 years, 2 months ago
699e3e8 : mm: swap: don't delay swap free for fast swap devices <Vinayak Menon> 1 year, 2 months ago
acc2b97 : mm: Backport ZCache from QC kernel 3.18 <Steve Kondik> 5 days ago
43a4522 : debugfs: add get/set for atomic types <Seth Jennings> 2 years, 11 months ago
41a5243 : radix-tree: add radix_tree_gang_lookup_index <Vinayak Menon> 9 months ago
40b906b : msm_rmnet: Kill logspam <Steve Kondik> 5 days ago
3389604 : Linux 3.4.111 <Zefan Li> 4 weeks ago
6d470d7 : KVM: x86: move steal time initialization to vcpu entry time <Marcelo Tosatti> 6 months ago
24fa51b : dm btree remove: fix a bug when rebalancing nodes after removal <Joe Thornber> 6 months ago
f43d490 : usb: dwc3: Fix assignment of EP transfer resources <John Youn> 9 weeks ago
 
**** vanir:kernel_samsung_klte ****
c86cc25 : msm: perf: Protect buffer overflow due to malicious user <Swetha Chikkaboraiah> 3 months ago
31f2cb5 : net: inet_diag: zero out uninitialized idiag_{src,dst} fields <Daniel Borkmann> 2 years, 4 months ago
216665e : neigh: Better handling of transition to NUD_PROBE state <Erik Kline> 11 months ago
7561008 : UPSTREAM: memcg: Only free spare array when readers are done <Martijn Coenen> 3 months ago
b3d6b51 : UPSTREAM: proc: actually make proc_fd_permission() thread-friendly <Oleg Nesterov> 5 months ago
97ad004 : UPSTREAM: proc: make proc_fd_permission() thread-friendly <Oleg Nesterov> 2 years, 7 months ago
 
**** vanir:kernel_samsung_smdk4412 ****
1abbd62 : i9100: Enable Zcache <Arnab Chaudhuri> 26 hours ago
 
**** cmold:android_kernel_sony_msm8x27 ****
69e8822 : Revert "BACKPORT: mm: /proc/pid/smaps:: show proportional  swap share of the mapping" <Steve Kondik> 4 days ago
2883261 : radio: iris: Fix the issue with hard mute IOCTL <Venkateshwarlu Domakonda> 1 year, 11 months ago
686d55c : radio: iris: Handle soft mute fail gracefully <Satish Kodishala> 2 years, 1 month ago
6e89d7a : nicki_defconfig: Change the iris transport module from modular to built in <RonGokhale> 2 days ago
6bcac31 : radio-iris: Fix the issue with set calibration <Venkateshwarlu Domakonda> 9 months ago
060cf5d : radio: iris: Fix the possibility of NULL pointer access <Venkateshwarlu Domakonda> 11 months ago
e6a0e6d : radio: iris: change the FM module from modular to built in <Venkateshwarlu Domakonda> 9 months ago
 
**** cm:CyanogenMod/android_packages_apps_AudioFX ****
3819af8 : Automatic translation import <Michael Bestas> 2 days ago
8bc1539 : audiofx: Ignore session callbacks if recording in progress <Steve Kondik> 2 days ago
 
**** vanir:packages_apps_BasicSmsReceiver ****
4176108 : Automatic translation import <Michael Bestas> 2 days ago
 
**** vanir:packages_apps_Bluetooth ****
1e3c122 : Automatic translation import <Michael Bestas> 2 days ago
 
**** cm:CyanogenMod/android_packages_apps_BluetoothExt ****
a388570 : Automatic translation import <Michael Bestas> 2 days ago
 
**** cm:CyanogenMod/android_packages_apps_Browser ****
0c11751 : Automatic translation import <Michael Bestas> 2 days ago
 
**** cm:CyanogenMod/android_packages_apps_Calendar ****
4dfd7b8 : Automatic translation import <Michael Bestas> 2 days ago
 
**** vanir:packages_apps_Camera2 ****
14475d3 : Automatic translation import <Michael Bestas> 2 days ago
 
**** vanir:packages_apps_CellBroadcastReceiver ****
d0ca767 : Automatic translation import <Michael Bestas> 2 days ago
 
**** vanir:packages_apps_CertInstaller ****
18e746b : Automatic translation import <Michael Bestas> 2 days ago
 
**** vanir:packages_apps_Contacts ****
68cf084 : Automatic translation import <Michael Bestas> 2 days ago
affff68 : [2/2] Add new method for determining whether to show block option <Richard MacGregor> 5 days ago
dd2acf1 : Make Block action contingent on system-wide Blacklist setting <Rohit Yengisetty> 6 days ago
e4b31b7 : Fix camel case <Michael Bestas> 4 days ago
 
**** vanir:packages_apps_ContactsCommon ****
398374a : Automatic translation import <Michael Bestas> 2 days ago
0e6d8d4 : [1/2] Add new method for determining whether to show block option <Richard MacGregor> 5 days ago
5fdfde4 : Improve strings <Michael Bestas> 4 days ago
 
**** vanir:packages_apps_DeskClock ****
2fe4738 : Automatic translation import <Michael Bestas> 2 days ago
 
**** vanir:packages_apps_Dialer ****
3fb7eeb : Automatic translation import <Michael Bestas> 2 days ago
6685f01 : Dialer: Handle OEM Specific codes. <Ankit Gupta> 5 days ago
114b9b5 : Expand clickable area of settings button <Richard MacGregor> 4 days ago
7c88b51 : Search: Only clear focus if we are showing a coachmark <Stephen Bird> 6 days ago
749d5f8 : [1/2] Use UICommon simple SnackBar <Richard MacGregor> 8 weeks ago
b025fbb : Workaround for AOSP strings missing translations <Michael Bestas> 11 days ago
 
**** vanir:packages_apps_Email ****
38662a1 : Automatic translation import <Michael Bestas> 2 days ago
 
**** vanir:packages_apps_ExactCalculator ****
1e78c7d : Automatic translation import <Michael Bestas> 2 days ago
 
**** cm:CyanogenMod/android_packages_apps_Exchange ****
b006750 : Automatic translation import <Michael Bestas> 2 days ago
 
**** vanir:packages_apps_FMRadio ****
d9054a9 : Automatic translation import <Michael Bestas> 2 days ago
 
**** vanir:packages_apps_Gallery2 ****
32f8e21 : Automatic translation import <Michael Bestas> 2 days ago
 
**** cm:CyanogenMod/android_packages_apps_HTMLViewer ****
46cdabd : Automatic translation import <Michael Bestas> 2 days ago
 
**** vanir:packages_apps_InCallUI ****
ed656a4 : Automatic translation import <Michael Bestas> 2 days ago
8164e82 : [2/2] Use UICommon simple SnackBar <Richard MacGregor> 8 weeks ago
 
**** vanir:packages_apps_KeyChain ****
7958df8 : Automatic translation import <Michael Bestas> 2 days ago
 
**** vanir:packages_apps_LockClock ****
8af8dab : Display humidity and wind data in forecast dialog <Martin Herndl> 3 weeks ago
ed98ad9 : Automatic translation import <Michael Bestas> 2 days ago
 
**** vanir:packages_apps_ManagedProvisioning ****
5cbbaaa : Automatic translation import <Michael Bestas> 2 days ago
 
**** cm:CyanogenMod/android_packages_apps_Messaging ****
97897a5 : Messaging: Reference the nontranslatable key instead of hardcoding value. <Adnan Begovic> 4 hours ago
aa7672b : Automatic translation import <Michael Bestas> 2 days ago
d9a5a83 : Messaging: Fix broken and untested features. <Adnan Begovic> 3 days ago
 
**** vanir:packages_apps_Nfc ****
d63f166 : Automatic translation import <Michael Bestas> 2 days ago
 
**** vanir:packages_apps_PackageInstaller ****
0980d67 : Automatic translation import <Michael Bestas> 2 days ago
 
**** vanir:packages_apps_PhoneCommon ****
b2f6222 : Automatic translation import <Michael Bestas> 2 days ago
a495381 : Set untranslatables <Michael Bestas> 4 days ago
 
**** cm:CyanogenMod/android_packages_apps_Profiles ****
09ee22c : Automatic translation import <Michael Bestas> 2 days ago
 
**** cm:CyanogenMod/android_packages_apps_SamsungServiceMode ****
6b75218 : Automatic translation import <Michael Bestas> 2 days ago
 
**** cm:CyanogenMod/android_packages_apps_Screencast ****
828959e : Screencast: material makeover <jrizzoli> 3 months ago
f5a3cb0 : Automatic translation import <Michael Bestas> 2 days ago
 
**** vanir:packages_apps_Settings ****
3563120 : Settings: Move ADB_ENABLED to "Global" <Michael W> 4 days ago
76997a7 : Settings: Save vibration intensity on close <Gabriele M> 3 weeks ago
a3a64ce : Settings: Rework vibration intensity slider <Gabriele M> 3 weeks ago
cb154eb : Automatic translation import <Michael Bestas> 2 days ago
f1e42d8 : Prevent crash if weather settings activity can't be found <Luis Vidal> 3 days ago
791434f : Settings: check current ringtone for non-default sub ids <Roman Birg> 10 days ago
52a2fb4 : Restore double tap to wake string from CM 12.1. <Danny Baumann> 4 days ago
cf8e3df : Fix unavailable wifi icon in wifi priorities <Michael Bestas> 4 days ago
 
**** cm:CyanogenMod/android_packages_apps_Snap ****
c1945c8 : Snap: Add missing return for SET_ONESHOT_PREVIEW_CALLBACK case <Sultanxda> 3 weeks ago
437d36c : Automatic translation import <Michael Bestas> 2 days ago
 
**** vanir:packages_apps_soundrecorder ****
1a6ccbf : Automatic translation import <Michael Bestas> 2 days ago
 
**** vanir:packages_apps_Stk ****
bb75646 : Automatic translation import <Michael Bestas> 2 days ago
 
**** vanir:packages_apps_Tag ****
48a4e08 : Automatic translation import <Michael Bestas> 2 days ago
 
**** cm:CyanogenMod/android_packages_apps_Terminal ****
39644b9 : Automatic translation import <Michael Bestas> 2 days ago
 
**** vanir:packages_apps_ThemeChooser ****
1f5c627 : ThemeChooser: update UI <jrizzoli> 3 months ago
df0a366 : Automatic translation import <Michael Bestas> 2 days ago
 
**** cm:CyanogenMod/android_packages_apps_Trebuchet ****
bd7c086 : Trebuchet: sign when not building with test keys <Roman Birg> 5 days ago
8c11bd8 : Automatic translation import <Michael Bestas> 2 days ago
 
**** vanir:packages_apps_TvSettings ****
9bf8494 : Automatic translation import <Michael Bestas> 2 days ago
 
**** vanir:packages_apps_UnifiedEmail ****
30a1786 : Automatic translation import <Michael Bestas> 2 days ago
 
**** vanir:packages_inputmethods_LatinIME ****
9b7f198 : Automatic translation import <Michael Bestas> 2 days ago
 
**** cm:CyanogenMod/android_packages_providers_BookmarkProvider ****
cb9b55f : Automatic translation import <Michael Bestas> 2 days ago
 
**** cm:CyanogenMod/android_packages_providers_CalendarProvider ****
9fd7d2a : Automatic translation import <Michael Bestas> 2 days ago
 
**** cm:CyanogenMod/android_packages_providers_CallLogProvider ****
4eba5f5 : Automatic translation import <Michael Bestas> 2 days ago
 
**** vanir:packages_providers_ContactsProvider ****
b496a82 : Automatic translation import <Michael Bestas> 2 days ago
 
**** vanir:packages_providers_DownloadProvider ****
a60bcb8 : Automatic translation import <Michael Bestas> 2 days ago
 
**** vanir:packages_providers_MediaProvider ****
c8dacd0 : Automatic translation import <Michael Bestas> 2 days ago
 
**** vanir:packages_providers_TelephonyProvider ****
59816d3 : Automatic translation import <Michael Bestas> 2 days ago
 
**** cm:CyanogenMod/android_packages_providers_ThemesProvider ****
66df087 : Automatic translation import <Michael Bestas> 2 days ago
9063435 : New icon <Dave Kover> 5 days ago
 
**** vanir:packages_providers_UserDictionaryProvider ****
7057644 : Automatic translation import <Michael Bestas> 2 days ago
 
**** cm:CyanogenMod/android_packages_providers_WeatherProvider ****
0a7e4bb : Automatic translation import <Michael Bestas> 2 days ago
 
**** vanir:packages_screensavers_Basic ****
6f8df69 : Automatic translation import <Michael Bestas> 2 days ago
 
**** vanir:packages_screensavers_PhotoTable ****
201f8a7 : Automatic translation import <Michael Bestas> 2 days ago
 
**** cm:CyanogenMod/android_packages_services_LiveLockScreenService ****
7bc0493 : Automatic translation import <Michael Bestas> 2 days ago
 
**** cm:CyanogenMod/android_packages_services_Mms ****
ff77069 : MmsRequest: Turn on data for the MMS transaction if required <Ricardo Cerqueira> 23 hours ago
b7a3f51 : MmsRequest: Switch data subscription on MSIM if needed <Ricardo Cerqueira> 2 days ago
c642b5a : Automatic translation import <Michael Bestas> 2 days ago
 
**** vanir:packages_services_Telecomm ****
302e70c : Automatic translation import <Michael Bestas> 2 days ago
 
**** vanir:packages_services_Telephony ****
a777be0 : Automatic translation import <Michael Bestas> 2 days ago
 
**** vanir:packages_wallpapers_Basic ****
33e4596 : Automatic translation import <Michael Bestas> 2 days ago
 
**** cm:CyanogenMod/android_packages_wallpapers_Galaxy4 ****
8c158af : Automatic translation import <Michael Bestas> 2 days ago
 
**** vanir:packages_wallpapers_LivePicker ****
c418d68 : Automatic translation import <Michael Bestas> 2 days ago
 
**** vanir:packages_wallpapers_MagicSmoke ****
a0ae211 : Automatic translation import <Michael Bestas> 2 days ago
 
**** vanir:packages_wallpapers_PhaseBeam ****
e0e6749 : Automatic translation import <Michael Bestas> 2 days ago
 
**** cm:CyanogenMod/android_packages_wallpapers_PhotoPhase ****
343b3d3 : Automatic translation import <Michael Bestas> 2 days ago
 
**** cm:CyanogenMod/android_prebuilts_cmsdk ****
dd1bd68 : prebuilts/cmsdk: Prep for api 5.0 release artifact. <Adnan Begovic> 6 days ago
 
**** vanir:system_bt ****
bdcf617 : bt-vendor: Fix sporadic crashes on shutdown <Ricardo Cerqueira> 3 days ago
 
**** vanir:system_core ****
f5eb730 : healthd: Fix NO_CHARGER_LED <Christopher R. Palmer> 3 days ago
74f658f : healthd: Allow devices to opt-out of enabling charger LED <Ethan Chen> 4 days ago
05a3648 : healthd: Rename default QCOM libhealthd library <Ethan Chen> 4 days ago
 
**** vanir:system_vold ****
e6339d3 : cryptfs: Fix OTA from cm<=12 for encrypted patterns > 9 <Ricardo Cerqueira> 4 days ago
 
**** cm:CyanogenMod/cm_platform_sdk ****
18aa2f5 : cmsdk: Fix definition of live display tile, as its now dynamic. <Adnan Begovic> 3 hours ago
380d31c : Automatic translation import <Michael Bestas> 2 days ago
3944915 : livedisplay: Fix validator for the nudge counter <Steve Kondik> 3 days ago
b62448a : Revert "CmSdk : Add deprecated THIRD_PARTY_KEYGUARD permission" <Danesh M> 3 days ago
0918427 : CmSdk : Add deprecated THIRD_PARTY_KEYGUARD permission <Danesh M> 3 days ago
e554528 : livedisplay: Update system-api <Luca Stefani> 3 days ago
842344a : livedisplay: Fix endless loop for devices that don't support outdoor mode. <Danny Baumann> 4 days ago
7cd7f79 : livedisplay: Fix bad state after bootup <Steve Kondik> 4 days ago
0ec60c6 : livedisplay: Don't explode if no modes are available <Steve Kondik> 4 days ago
712426f : livedisplay: Publish our own damn tile! <Steve Kondik> 5 days ago
763e39a : livedisplay: Fix error checks when fetching config <Steve Kondik> 5 days ago
14190e4 : Fix LiveDisplay string <Michael Bestas> 4 days ago
 
**** vanir:vendor_motorola ****
ee7cf7d : shamu: Nexus 6 (Mobile) binaries for Android 6.0.1 (MOB30D) <dhacker29> 5 days ago
 
**** github:TheMuppets/proprietary_vendor_oppo ****
a037ca0 : f1f: camera update <brin> 11 hours ago
fc765e7 : F1f: Import initial blobs <Brinly> 13 days ago
e9d6fad : msm8974: Regenerate proprietary libraries <Pat Erley> 2 weeks ago
 
**** vanir:vendor_samsung ****
fece344 : trelte-common: Update ARM Mali stack to DDK 10.0 <Christopher N. Hesse> 3 days ago
7579ce2 : treltexx: Update blobs from N910CXXU2DPCB <Christopher N. Hesse> 5 days ago
3c94a0d : trelte-common: Update blobs from N910CXXU2DPCB <Christopher N. Hesse> 5 days ago
 
**** vanir:vendor_sony ****
9566213 : fusion3: remove taimport, include libta in build packages <Georg Veichtlbauer> 4 days ago
 
**** vanir:vendor_vanir ****
a2a090f : Irancell & MTS APN updates <Jason Riordan> 4 days ago
ba00e9a : Update APN name for Movistar INTERNET <Deepak Kundra> 4 days ago
b05b5ff : APN: fixup single-digit mnc APNs <Jason Riordan> 5 days ago
 
