
**** vanir:build ****
61cc034 : Build hacks <DHOMD> 7 months ago
 
**** vanir:device_google_marlin ****
67af4c4 : Add a proper barrier and use vendor/caf/telephony <DHOMD> 9 weeks ago
a80255b : Revert "marlin: disable our local telephony extensions" <DHOMD> 9 weeks ago
ffe5561 : Move marlin/sailfish to kryo targets. <Christopher Ferris> 5 weeks ago
 
**** cm:LineageOS/android_device_motorola_otus ****
d2a8252 : Otus: Fix FM Radio <DHOMD> 4 months ago
 
**** cm:LineageOS/android_device_oppo_msm8974-common ****
94119c1 : Port from bacon: Add blob to decrypt full-disk encryption of /data. <J. Joe Feise> 6 months ago
 
**** vanir:device_samsung_smdk4412-common ****
70bc8fc : smdk4412: ship Jelly <Simon Shields> 25 hours ago
 
**** vanir:frameworks_base ****
12f0903 : SystemUI: Add tunable for auto brightness icon <Michael Bestas> 11 days ago
4bb74af : Validate handler of wakelock option for flashlight. <Dominggoes Isakh> 13 days ago
 
**** cmold:android_kernel_motorola_msm8992 ****
190e652 : kgsl: convert some workqueues to use kthreads <Tim Murray> 10 months ago
 
**** vanir:packages_apps_CMParts ****
58e24bd : CMParts: add brightness slider tunables <Joey Rizzoli> 11 days ago
 
**** vanir:packages_apps_Messaging ****
9e1973c : Revert "32807795  Security Vulnerability - AOSP Messaging App: thirdparty can" <DHOMD> 8 weeks ago
 
**** vanir:vendor_cmsdk ****
2b1cf2b : cmsdk: Add CMSettings option for QS auto brightness <Michael Bestas> 11 days ago
 
**** cm:LineageOS/android_vendor_qcom_opensource_time-services ****
04bbd35 : Add a barrier for Marlin/Sailfish <DHOMD> 9 weeks ago
 
