
**** vanir:bionic ****
51ad57b : libc: ARM64: kryo: use generic memmove routine <Scott Mertz> 3 days ago
 
**** samba:ccache.git ****
a61d0f2 : Let ignore_headers_in_manifest match full directory or file names <Joel Rosdahl> 2 days ago
fdf11ff : Tweak manual text <Joel Rosdahl> 2 days ago
c6f75bf : Improve code style <Joel Rosdahl> 2 days ago
316cdda : Add feature to ignore headers in manifest <Anders Björklund> 6 weeks ago
b0f4e62 : Fix typos in manual <Joel Rosdahl> 4 days ago
 
**** cm:CyanogenMod/android_device_generic_goldfish ****
2083610 : goldfish: Add gateway using 'ip route' <Diogo Ferreira> 3 days ago
 
**** vanir:device_htc_m7-common ****
3b09e8c : m7-common: Don't use LOCAL_PATH for include dir <Ethan Chen> 2 days ago
 
**** cm:CyanogenMod/android_device_htc_m8-common ****
18e9b06 : m8-common: Set radio access family <Dan Pasanen> 8 days ago
 
**** cm:CyanogenMod/android_device_htc_m8dug ****
ad64ad3 : ril: Update constructors to match M <Bruno Martins> 5 days ago
 
**** cm:CyanogenMod/android_device_htc_msm8974-common ****
77dd2c5 : overlay: remove obsolete settings overlay <Jon S> 6 weeks ago
 
**** vanir:device_lge_g3-common ****
be09034 : g3: build kernel with gcc 4.9 <Dan Pasanen> 7 days ago
e721cdf : sepolicy: update mediaserver policies <Dan Pasanen> 3 days ago
 
**** cm:CyanogenMod/android_device_lge_h811 ****
f28ccad : h811: move device overlay after vendor/cm <codeworkx> 2 days ago
 
**** vanir:device_lge_vs985 ****
279d7fe : vs985: require baseband 35B only <Dan Pasanen> 4 weeks ago
 
**** vanir:device_motorola_falcon ****
99bb5ff : falcon: Switch to open source sensors HAL <Gabriele M> 9 weeks ago
 
**** cm:CyanogenMod/android_device_motorola_maserati ****
e4ddb19 : maserati: rename gps blob <Michael Gernoth> 24 hours ago
 
**** vanir:device_motorola_msm8226-common ****
8add5bd : msm8226-common: Enable auto power modes <LuK1337> 6 hours ago
20aa1a0 : msm8226-common: Add falcon and peregrine sensors HAL <Gabriele M> 9 weeks ago
 
**** vanir:device_motorola_omap4-common ****
2815a24 : omap4-common: fix setting wifi mac <Michael Gernoth> 13 hours ago
f7a128e : omap4-common: add wrapper for gps HAL <Michael Gernoth> 24 hours ago
82f95d9 : omap4-common: fix internal storage, remove hack <Michael Gernoth> 30 hours ago
 
**** cm:CyanogenMod/android_device_motorola_victara ****
7ba9eea : overaly: remove torch overlay <Dan Pasanen> 7 days ago
 
**** github:ashwinr64/android_device_oneplus_onyx ****
3d40c9a : [TEMP]keyhandler: Don't check Prox when wakeup with T2W <Ashwin Ramesh> 14 hours ago
fa26a42 : keyhandler: Remove proximity check <Willi Ye> 5 weeks ago
025fecd : onyx: Enable proximity check on wake <Keith Mok> 4 weeks ago
be4e5de : onyx: Cleanup props <Arvind Mukund> 16 hours ago
c98b58c : onyx: Fixup Audio <Arvind Mukund> 16 hours ago
83bd22b : onyx: Define sevices for msim rild <Ashwin Ramesh> 16 hours ago
3d58b83 : Use ScreenType util from cmsdk <Michael Bestas> 4 weeks ago
3f474e0 : torch_gesture: Use Android M setTorch instead of TorchManager <Keith Mok> 9 weeks ago
250bb90 : onyx: Fix gesture and button handling <Arvind Mukund> 17 hours ago
d26066e : onyx: Cleanup tree <Ashwin Ramesh> 17 hours ago
092b765 : Revert "onyx: Update for new BSP" <Ashwin Ramesh> 17 hours ago
 
**** cm:CyanogenMod/android_device_oppo_find7-common ****
86a46ac : find7: Move libmmcamera2_is to msm8974-common <Michael Bestas> 13 days ago
 
**** cm:CyanogenMod/android_device_oppo_msm8974-common ****
287e8b7 : msm8974: Remove libmmcamera_tuning <Michael Bestas> 6 days ago
 
**** vanir:device_samsung_klte-common ****
3300f99 : klte-common: Fix path to IR HAL <Ethan Chen> 21 hours ago
7750cda : klte-common: use prebuilt IR blaster HAL <Matt Filetto> 4 days ago
4216a7b : klte-common: Grant macloader fsetid <Ethan Chen> 27 hours ago
fd5daaa : klte-common: Move /dev permissions to ueventd.qcom <Ethan Chen> 28 hours ago
df2f37c : klte-common: Remove duplicate sensor permissions <Ethan Chen> 28 hours ago
0644c6f : klte-common: update ramdisk for LP kernel <Matt Filetto> 2 days ago
144a58a : klte: Clean up TCP buffer settings <Steve Kondik> 8 days ago
5534287 : klte: force dex2oat not to use swap file <Thierry Strudel> 5 months ago
 
**** vanir:device_samsung_mondrianwifi ****
93a3ca0 : mondrianwifi: Move consumer IR from msm8974-common <Christopher R. Palmer> 28 hours ago
 
**** vanir:device_samsung_msm8974-common ****
3186b00 : msm8974-common: Move IR HAL to device repos <Matt Filetto> 4 days ago
06ebc93 : msm8974-common: Drop all the janky proprietary stuff we don't even use <Steve Kondik> 4 weeks ago
fefc908 : msm8974-common: Remove duplicate usb accessory package <Matt Filetto> 3 weeks ago
 
**** github:Team-Agni/vanir_armani ****
3aa433c : Merge https://github.com/armani-dev/android_device_xiaomi_armani into m6 <mr-tweaker> 14 hours ago
f3f4798 : Tune interactive governor <fefifofum> 3 days ago
27fab8d : Use new url for cm-13.0 ota <fefifofum> 4 days ago
5d1aa29 : Switch to interactive cpu governor <fefifofum> 5 days ago
096ce49 : Remove unused flag and bluetooth folder <fefifofum> 6 days ago
2ecfd61 : Shim the camera hal to get it loading <fefifofum> 6 days ago
 
**** github:Team-Agni/vanir_cancro ****
109f043 : Merge https://github.com/audahadi/android_device_xiaomi_cancro into m6 <mr-tweaker> 2 days ago
7aa5f25 : update chargeonlymode for offline charging <Apr20th> 2 days ago
0384325 : Revert "switch to healthd" <Apr20th> 2 days ago
dd6efa3 : overlay : remove config for vibration <audahadi> 2 days ago
ed4affc : init: set permissions for dynamic FPS <audahadi> 2 days ago
f18026a : strip out proprietary thermal engine and enable in kernel solution <MrBaNkS> 4 days ago
31b14f8 : cancro: fix slow charge <huangqiwu> 3 days ago
9733be4 : Merge https://github.com/audahadi/android_device_xiaomi_cancro into m6 <mr-tweaker> 6 days ago
18ab864 : switch to healthd <MrBaNkS> 7 days ago
56078fb : add support for f2fs file system <audahadi> 6 days ago
d1672d5 : overlay : enable multiple notification leds <audahadi> 7 days ago
e40e792 : cancro: Enable proximity check before pulse intent <myfluxi> 4 weeks ago
d630835 : Revert "releasetools: run resize2fs" <audahadi> 6 days ago
1853be9 : Merge the remote tracking branch into m6 <mr-tweaker> 7 days ago
9006425 : Fix FM <MrBaNkS> 7 days ago
de2b478 : use custom audio policy <MrBaNkS> 7 days ago
242e047 : add back TARGET_UNIFIED_DEVICE, we build for 2 <audahadi> 8 days ago
40e250b : cancro: camerawrapper: fix hdr behaivour <jrizzoli> 7 weeks ago
d42e474 : releasetools: run resize2fs resize system part to allow users with 1.3gb system to enjoy their partitions <jrizzoli> 9 days ago
d21cebf : add back camera wrapper add libwcnss_qmi to fix MAC address (kang from armani) <audahadi> 9 days ago
7805454 : Create full_cancro.mk <mr-tweaker> 9 days ago
98ce5bb : camera proprietary update, remove uneeded libs for cam (from cancro-userdebug 6.0 MRA58K 5.12.1 test-keys) <audahadi> 2 weeks ago
38d422e : build live wallpaper package and extra tool from "cm/vendor" <audahadi> 2 weeks ago
06369c6 : set bluetooth name to cancro <audahadi> 2 weeks ago
af10035 : overlay : bring back doze, set radio access family, add back volume rocker <audahadi> 2 weeks ago
7b89a2c : update inline with caf camera : partially work kernel : change to GCC 4.9 androideabi <audahadi> 2 weeks ago
a4177a1 : properly load interposition lib <audahadi> 4 weeks ago
d711ae5 : remove kernel headers <audahadi> 4 weeks ago
970756a : Revert "update sepolicy" <audahadi> 4 weeks ago
3e2f818 : update sepolicy <MrBaNkS> 5 weeks ago
1216c7c : build fm radio <audahadi> 5 weeks ago
855be23 : Build libcnefeatureconfig from source <audahadi> 5 weeks ago
bf46521 : switch to BFQ after boot complete <audahadi> 5 weeks ago
d95b3cf : build camera.msm8974, MIA from previous patch <audahadi> 5 weeks ago
d2c44d4 : Provide cancro camera symbols via libcancro Based on the work for the Nexus 10 (manta): http://dmitry.gr/index.php?r=06.%20Thoughts&proj=03.%20Android%20M%20on%20Nexus10 *direct kang https://github.com/CyanogenMod/android_device_motorola_victara/commit/cd6d504108f1ae7061ed2649e6932a2a55beb815 <audahadi> 5 weeks ago
9c78a33 : fix dependencies, sepolicy : remove device.te <audahadi> 5 weeks ago
b291f0a : init : create socket for netmgr <audahadi> 5 weeks ago
64bd0d2 : Remove gralloc hack <audahadi> 5 weeks ago
723995f : Update QTI telephony extension <audahadi> 5 weeks ago
f9af1df : Update sec_config, Add dataservices <audahadi> 5 weeks ago
1eabbdb : sepolicy update <audahadi> 5 weeks ago
f537ac2 : add lowi.conf <audahadi> 6 weeks ago
da24102 : Revert "selinux : enforcing" <audahadi> 6 weeks ago
03c5692 : Revert "Use open source thermanager" <audahadi> 6 weeks ago
42fbb34 : build liblight from source <audahadi> 6 weeks ago
375aeb7 : enable doze power saving mode <audahadi> 6 weeks ago
72b919d : Use open source thermanager The current thermal solution spams the shit out of logcat and doesn't really work anyway. Sony's thermanager is open and proven to be effective. <Adam Farden> 6 weeks ago
3699ff1 : remove persist.sys.usb.config override The variable persist.sys.usb.config is no longer honored by the framework, and it's presence causes unnecessary toggling of the USB driver, which disonnects ADB and makes the device's connection unstable. <audahadi> 6 weeks ago
3f99a76 : Stop the QC-QMI message spam <Adam Farden> 6 weeks ago
29d5373 : selinux : enforcing <audahadi> 6 weeks ago
 
**** cm:CyanogenMod/android_external_bash ****
52936c4 : bash: prefer toybox's ls <Dan Pasanen> 3 days ago
 
**** cm:CyanogenMod/android_external_exfat ****
0514eff : Bump version to 1.2.3 and update changelog. <relan> 6 days ago
1bacc53 : Fix clusters loss when file renaming replaces target. <relan> 6 days ago
 
**** cm:CyanogenMod/android_external_ffmpeg ****
c09118c : Add MODULE_LICENSE and NOTICE files <Ricardo Cerqueira> 2 days ago
79f407b : nuv: sanitize negative fps rate <Andreas Cadhalpun> 8 days ago
174ec7d : nutdec: reject negative value_len in read_sm_data <Andreas Cadhalpun> 6 days ago
778c8de : xwddec: prevent overflow of lsize * avctx->height <Andreas Cadhalpun> 6 days ago
38f8c809 : nutdec: only copy the header if it exists <Andreas Cadhalpun> 6 days ago
945ae04 : exr: fix out of bounds read in get_code <Andreas Cadhalpun> 11 days ago
6d7b4db : on2avc: limit number of bits to 30 in get_egolomb <Andreas Cadhalpun> 8 days ago
644179e : Update Changelog <Michael Niedermayer> 5 days ago
9be3441 : rawdec: only exempt BIT0 with need_copy from buffer sanity check <Andreas Cadhalpun> 5 days ago
63ecbb8 : mlvdec: check that index_entries exist <Andreas Cadhalpun> 5 days ago
bdc6ba4 : avcodec/mpeg4videodec: also for empty partitioned slices <Michael Niedermayer> 5 days ago
3a3be02 : avcodec/h264_refs: Fix long_idx check <Michael Niedermayer> 5 days ago
cabd9ae : avcodec/h264_mc_template: prefetch list1 only if it is used in the MB <Michael Niedermayer> 7 days ago
cfbf608 : avcodec/h264_slice: Simplify ref2frm indexing <Michael Niedermayer> 7 days ago
1dddd53 : Revert "avcodec/aarch64/neon.S: Update neon.s for transpose_4x4H" <Michael Niedermayer> 7 days ago
e4a6a85 : avfilter/vf_mpdecimate: Add missing emms_c() <Michael Niedermayer> 10 days ago
748d5fa : sonic: make sure num_taps * channels is not larger than frame_size <Andreas Cadhalpun> 9 days ago
796f1a2 : opus_silk: fix typo causing overflow in silk_stabilize_lsf <Andreas Cadhalpun> 9 days ago
0b24a0e : ffm: reject invalid codec_id and codec_type <Andreas Cadhalpun> 10 days ago
a79a5c3 : golomb: always check for invalid UE golomb codes in get_ue_golomb <Andreas Cadhalpun> 11 days ago
b9087aa : sbr_qmf_analysis: sanitize input for 32-bit imdct <Andreas Cadhalpun> 5 weeks ago
7e94ea3 : sbrdsp_fixed: assert that input values are in the valid range <Andreas Cadhalpun> 5 weeks ago
cb44683 : aacsbr: ensure strictly monotone time borders <Andreas Cadhalpun> 7 weeks ago
dcd837e : aacenc: update max_sfb when num_swb changes <Andreas Cadhalpun> 3 weeks ago
507e031 : aaccoder: prevent crash of anmr coder <Andreas Cadhalpun> 3 weeks ago
76af12f : ffmdec: reject zero-sized chunks <Andreas Cadhalpun> 3 weeks ago
20a48ea : swscale/x86/rgb2rgb_template: Fallback to mmx in interleaveBytes() if the alignment is insufficient for SSE* <Michael Niedermayer> 10 days ago
31aeb96 : swscale/x86/rgb2rgb_template: Do not crash on misaligend stride <Michael Niedermayer> 10 days ago
95a144a : avformat/mxfenc: Do not crash if there is no packet in the first stream <Michael Niedermayer> 11 days ago
1450a39 : lavf/tee: fix side data double free. <Nicolas George> 3 months ago
d07f658 : avformat/hlsenc: Check the return code of avformat_write_header() <Michael Niedermayer> 12 days ago
07b43fb : avformat/mov: Enable parser for mp3s by old HandBrake <Michael Niedermayer> 2 weeks ago
e3f08d9 : avformat/mxfenc: Fix integer overflow in length computation <Michael Niedermayer> 2 weeks ago
f87d261 : Changelog: Update <Michael Niedermayer> 12 days ago
cd83f89 : avcodec/aarch64/neon.S: Update neon.s for transpose_4x4H <zjh8890> 5 weeks ago
5e105ac : avformat/utils: estimate_timings_from_pts - increase retry counter, fixes invalid duration for ts files with hevc codec <Rainer Hochecker> 6 weeks ago
a9c721d : avformat/matroskaenc: Check codecdelay before use <Michael Niedermayer> 2 weeks ago
4608cc1 : avutil/mathematics: Fix division by 0 <Michael Niedermayer> 2 weeks ago
2e54b8c : mjpegdec: consider chroma subsampling in size check <Andreas Cadhalpun> 3 weeks ago
913c642 : Update for 2.8.4 <Michael Niedermayer> 3 weeks ago
cb4985e : libvpxenc: remove some unused ctrl id mappings <James Zern> 9 weeks ago
d27d59f : avcodec/vp3: ensure header is parsed successfully before tables <Michael Niedermayer> 3 weeks ago
ea4d9cb : avcodec/jpeg2000dec: Check bpno in decode_cblk() <Michael Niedermayer> 3 weeks ago
e5a4044 : avcodec/pgssubdec: Fix left shift of 255 by 24 places cannot be represented in type int <Michael Niedermayer> 3 weeks ago
af44545 : swscale/utils: Fix for runtime error: left shift of negative value -1 <Michael Niedermayer> 3 weeks ago
10fc3d6 : avcodec/hevc: Fix integer overflow of entry_point_offset <Michael Niedermayer> 3 weeks ago
0fa92fe : avcodec/dirac_parser: Check that there is a previous PU before accessing it <Michael Niedermayer> 3 weeks ago
cf79fd0 : avcodec/dirac_parser: Add basic validity checks for next_pu_offset and prev_pu_offset <Michael Niedermayer> 3 weeks ago
b253035 : avcodec/dirac_parser: Fix potential overflows in pointer checks <Michael Niedermayer> 3 weeks ago
ded0a04 : avcodec/wmaprodec: Check bits per sample to be within the range not causing integer overflows <Michael Niedermayer> 3 weeks ago
 
**** cm:CyanogenMod/ion ****
f53f2d5 : Ion: Add .flv file type <cretin45> 4 weeks ago
 
**** cm:CyanogenMod/android_external_stagefright-plugins ****
6c89800 : stagefright-plugins: remove global dictionaries <Scott Mertz> 2 days ago
 
**** vanir:frameworks_av ****
8a0d505 : Fix: "NuPlayerDecoder: add synchronous call pause() to ensure decoder will not request or send out data." <Luca Stefani> 3 days ago
 
**** vanir:frameworks_base ****
21bff55 : Keyguard: Implement KeyguardExternalViewCallbacks <d34d> 2 days ago
f068b9f : Keyguard: Pass keyguard events to KeyguardExternalView <d34d> 3 days ago
da7ac01 : Add config_autoBrightnessAmbientLightHorizon overlay <Danesh M> 2 days ago
0f79906 : hwui: Allow devices to opt-out of asynchronouse setSurface initialization <Christopher R. Palmer> 2 days ago
76323e4 : NavigationBar : Switch to display orientation from config orientation <Danesh M> 3 days ago
c08411b : PowerManagerService: Log when proximity blocks wake <Pat Erley> 2 weeks ago
92a8a50 : Add custom camera shutter <Abhisek Devkota> 9 days ago
 
**** cm:CyanogenMod/android_frameworks_opt_net_wifi ****
e9b2faf : Regional: Customize wifi hotspot and wifi name <kaiyiz> 1 year, 3 months ago
 
**** vanir:frameworks_opt_telephony ****
158e9fd : telephony: Respect user nw mode, handle DSDS non-multi-rat. <Adnan Begovic> 7 days ago
 
**** cm:CyanogenMod/android_hardware_qcom_display ****
420cc3a : msm8996: remove unused qcom features <Scott Mertz> 2 days ago
 
**** cm:CyanogenMod/android_hardware_qcom_media ****
beb3f68 : mm-video: vidc: Add support for picture order count <Deva Ramasubramanian> 2 years, 11 months ago
 
**** cm:CyanogenMod/android_hardware_ril ****
a9c266d : reference-ril: Return success for RIL_REQUEST_ALLOW_DATA <Diogo Ferreira> 3 days ago
 
**** cmold:android_kernel_google_msm ****
f2aa441 : Use LZMA compression <David Marble> 2 days ago
 
**** cmold:android_kernel_htc_msm8960 ****
f192bd5 : msm: vidc: Add support for Picture Order Count Type <Shiju Mathew> 6 weeks ago
 
**** github:wyldstallyns/nighthawk_kernel_bullhead ****
5639d5e : Bullhead kernel: implement always on rgb led support <atl4ntis> 13 days ago
 
**** cmold:android_kernel_motorola_msm8226 ****
b6ea7a4 : misc: lis3dh_mot: Report timestamp associated to event packet <Gabriele M> 11 days ago
2b42226 : misc: lis3dh_mot: Add movement detection mode <Gabriele M> 3 weeks ago
a19c160 : misc: lis3dh_mot: Enable IRQ and configure sensor separately <Gabriele M> 3 weeks ago
74461ec : misc: lis3dh_mot: Fix CTRL_REG4 configuration when enabling IRQ <Gabriele M> 7 weeks ago
aba929a : misc: lis3dh_mot: Refactor SET_MODE IOCTL <Gabriele M> 8 weeks ago
047e347 : misc: lis3dh_mot: Make sure ODR is always updated <Gabriele M> 8 weeks ago
 
**** cmold:android_kernel_oneplus_msm8974 ****
b496b6d : mmc: cd-gpio fix name scribbling <Pat Erley> 2 weeks ago
 
**** github:ashwinr64/android_kernel_oneplus_onyx ****
5513577 : tri_state_keys: fix 'enable user to re-map the keys' <Arvind Mukund> 18 hours ago
a2d5eea : input: Disable keys using procfs <Arvind Mukund> 8 days ago
fbdff58 : input: Send Music related gestures as input events <Arvind Mukund> 12 days ago
d232457 : qpnp-vibrator: Allow change of vibrator intensity from userspace <Arvind Mukund> 12 days ago
f0960d5 : input: send gestures as input events <Arvind Mukund> 13 days ago
47ac1db : input: Behave as a normal input device <Willi Ye> 13 days ago
8b3f4e5 : defconfig: Enable F2FS <Ashwin> 18 hours ago
c601250 : Revert "net/ipv6/route.c: packets originating on device match lo" <Shreyas Narayan> 7 days ago
274f0b6 : net/ipv6/route.c: packets originating on device match lo <Ravinder Konka> 3 years, 6 months ago
2bc2bf8 : msm8974_defconfig: Enable NFLOG target support <Ravinder Konka> 8 days ago
cfe1568 : cpufreq: Correct the data reported in all_time_in_state <Nirmal Abraham> 3 months ago
ac4d1ad : boot:dtsi: Add the active current values in uA for the cpus in device tree. <Ruchi Kandoi> 7 months ago
9d219c0 : cpu_power: Avoids race condition when the task exits. <Ruchi Kandoi> 6 months ago
e4dd583 : uid_cputime: Iterates over all the threads instead of processes. <Ruchi Kandoi> 5 months ago
f4b41b7 : uid_cputime: fix cputime overflow <Jin Qian> 5 months ago
1fee576 : uid_cputime: Fixes double accounting race condition on task exit. <Ruchi Kandoi> 6 months ago
f49d0f7 : uid_cputime: Extends the cputime functionality to report power per uid <Ruchi Kandoi> 8 months ago
c997826 : sched: cpufreq: Adds a field cpu_power in the task_struct <Ruchi Kandoi> 8 months ago
80aecb9 : cpufreq_stats: Adds the fucntionality to load current values for each frequency for all the cores. <Ruchi Kandoi> 8 months ago
25b8b24 : cpufreq: prevents NULL pointer reference while all_time_in_state stats is collected. <Ruchi Kandoi> 1 year, 9 months ago
ffbb01d : cpufreq: Avoid using global variable total_cpus <Ruchi Kandoi> 1 year, 2 months ago
6851444 : cpufreq: fix sleeping in atomic context when realloc freq_table for all_time_in_state <Minsung Kim> 1 year, 6 months ago
38dfdc1 : cpufreq: Persist cpufreq time in state data across hotplug <Ruchi Kandoi> 1 year, 9 months ago
7b8c767 : f2fs: skip committing valid superblock <Chao Yu> 7 months ago
ab84afd : f2fs: setting discard option in parse_options() <Chao Yu> 7 months ago
32a795a : f2fs: do not trim preallocated blocks when truncating after i_size <Chao Yu> 7 months ago
875fc5e : f2fs crypto: add alloc_Kinzie_page <Jaegeuk Kim> 7 months ago
f9597e2 : f2fs crypto: fix to handle errors likewise ext4 <Jaegeuk Kim> 7 months ago
670bbea : f2fs: fix to return exact trimmed size <Jaegeuk Kim> 7 months ago
e8a5fb1 : f2fs: support FALLOC_FL_INSERT_RANGE <Chao Yu> 7 months ago
a6f6f7e : f2fs: hide common code in f2fs_replace_block <Chao Yu> 7 months ago
793dfd572 : f2fs: disable the discard option when device doesn't support <Chenxi Mao> 7 months ago
1dd4092 : f2fs crypto: remove alloc_page for Kinzie_page <Jaegeuk Kim> 7 months ago
7758ba0 : f2fs: fix a deadlock for summary page lock vs. sentry_lock <Jaegeuk Kim> 7 months ago
e8ae32c : f2fs crypto: clean up error handling in f2fs_fname_setup_filename <Jaegeuk Kim> 7 months ago
4653693 : f2fs crypto: avoid f2fs_inherit_context for symlink <Jaegeuk Kim> 7 months ago
01be9b9 : f2fs crypto: do not set encryption policy for non-directory by ioctl <Chao Yu> 7 months ago
bd0d61a : f2fs crypto: allow setting encryption policy once <Chao Yu> 7 months ago
ea2177c : f2fs: avoid duplicated code by reusing f2fs_read_end_io <Chao Yu> 7 months ago
b063f1d : f2fs crypto: use per-inode tfm structure <Jaegeuk Kim> 7 months ago
215a269 : f2fs: recovering broken superblock during mount <hujianyang> 7 months ago
258fb7b : f2fs: introduce update_meta_page <Chao Yu> 7 months ago
191808c : f2fs crypto: zero next free dnode block <Chao Yu> 7 months ago
b24fdfa : f2fs crypto: split f2fs_crypto_init/exit with two parts <Jaegeuk Kim> 7 months ago
2c73184 : f2fs crypto: fix incorrect release for crypto ctx <Chao Yu> 7 months ago
deb64ae : f2fs crypto: fix to release buffer for fname crypto <Chao Yu> 8 months ago
a1894a9 : f2fs crypto: shrink size of the f2fs_crypto_ctx structure <Jaegeuk Kim> 8 months ago
8c346e3 : f2fs crypto: get rid of ci_mode from struct f2fs_crypt_info <Jaegeuk Kim> 8 months ago
ba79a06 : f2fs crypto: use slab caches <Jaegeuk Kim> 8 months ago
00a4eda : f2fs: truncate data blocks for orphan inode <Jaegeuk Kim> 8 months ago
 
**** cmold:android_kernel_samsung_d2 ****
a7d5ceb : msm: vidc: Add support for Picture Order Count Type <Shiju Mathew> 6 weeks ago
 
**** vanir:kernel_samsung_jf ****
5ef7817b : msm: vidc: Add support for Picture Order Count Type <Shiju Mathew> 6 weeks ago
 
**** cmold:android_kernel_samsung_smdk4412 ****
0512bc2 : Enable IDIV emulation for any device using cm-13.0 <rogersb11> 23 hours ago
 
**** vanir:platform_manifest ****
0dd08bd : manifest: add stuff for Android One devices <Akhil Narang> 17 hours ago
 
**** cm:CyanogenMod/android_packages_apps_DeskClock ****
1cf3c56 : Make new menu entry to link to cLock widget settings. <Martin Brabham> 8 months ago
 
**** vanir:packages_apps_Settings ****
436355b : Development Settings: fix setting reset on disable <Thiago Vinícius Freire de Araújo Ribeiro> 2 years, 8 months ago
b588658 : settings: Fix NPE in sounds settings for wifi only devices <Christopher R. Palmer> 2 days ago
684b997 : Settings: Fix some settings <lion0738> 2 days ago
16c38bd : Settings: Fix NFC Tap & pay removal <AdrianDC> 4 days ago
827b732 : Revert "Settings: Show Baseband version on MSIM devices" <Michael Bestas> 2 days ago
c9c271d : Introduce SystemSettingsCheckBoxPreference <Danny Baumann> 1 year, 1 month ago
8353698 : bluetooth: Show a refresh icon on the select devices screen <Diogo Ferreira> 1 year, 1 month ago
20c040d : Settings: Conditionally remove Buttons tile from Dashboard <Brandon McAnsh> 1 year, 1 month ago
716714a : Light settings: reduce tone if preview image color is very light <Sam Mortimer> 1 year, 1 month ago
3e2025a : Settings: Show Baseband version on MSIM devices <Willi Ye> 1 year, 1 month ago
9cd3524 : Always show band 0 (Automatic) <Dave Daynard> 2 years ago
7423a61 : Add missing blacklist xxhdpi drawables. <Danny Baumann> 1 year, 1 month ago
 
**** cm:CyanogenMod/android_packages_apps_Trebuchet ****
336600c : Trebuchet: Don't resize BubbleTextView based on all apps pref <cretin45> 2 days ago
c30f77d : Trebuchet: Adjust device profiles and add one for bacon <cretin45> 2 days ago
cc3bc30 : Trebuchet: Add migration for new messaging app <cretin45> 2 days ago
0cabbc2 : Trebuchet: Auto collapse settings panel <cretin45> 3 days ago
 
**** cm:CyanogenMod/android_packages_providers_ThemesProvider ****
8f6d976 : Use CmLockPatternUtils instead of LockPatternUtils <d34d> 2 days ago
59167a4 : Re-apply live lock screen on update <d34d> 2 months ago
 
**** vanir:packages_services_Telephony ****
4ee48b4 : TelephonyService: Use user preferred nw for selections. <Adnan Begovic> 6 days ago
 
**** cm:CyanogenMod/android_prebuilts_cmsdk ****
0b8ef91 : prebuilts/cmsdk: Finalized api level 3. <Adnan Begovic> 3 days ago
 
**** cm:CyanogenMod/android_system_bt ****
bc32aeb : bt: Kill some logspam <Christopher R. Palmer> 2 days ago
0307719 : btsnoop: Enable snoop logging by default only on eng builds <Arne Coucheron> 3 days ago
 
**** cm:CyanogenMod/cm_platform_sdk ****
c972c0e : Add resources for WiFi customization <Khalid Zubair> 2 weeks ago
9f62d8a : CM-SDK: add PREDISMISSED_STATE constant required by CM13 DeskClock <Wilhelm Fitzpatrick> 2 days ago
57dc3b3 : CMSDK: add duration for priority/quiet mode Add setZenModeWithDuration API call with long durationMills Use NotificationManager.setZenMode with Condition URI specifying end time. Update settings/CMPartnerInterfaceTest TODO: unit test to be added in: tests/src/org/cyanogenmod/tests/settings/unit. <Janet Sun> 3 days ago
4497e24 : cmsdk: Add finalized docs for cantaloupe. <Adnan Begovic> 31 hours ago
d29499d : cmsdk: update api for level 3 <Roman Birg> 31 hours ago
afa4fef : ExtView: Add samples for using KeyguardExternalViews <d34d> 3 days ago
8cc5a55 : ExtViews: Add callbacks for ExtView->Host communication <d34d> 3 days ago
f2741cb : ExtView: Add keyguard specific interface for KeyguardExternalView <d34d> 3 days ago
d1f0a6e : CMSettings: fixup ENABLE_PEOPLE_LOOKUP res <Khalid Zubair> 2 days ago
6ff47d4 : CMSettings : Add default overlay for people lookup <Danesh M> 2 days ago
7bdcaa5 : cmsdk: Fixup stub generation. <Adnan Begovic> 2 days ago
2ba238b : ProfileManagerService: fix broadcasting crash <Roman Birg> 2 days ago
0ab4ff9 : ExtView: Move all samples to externalviews directory <d34d> 3 days ago
 
**** vanir:vendor_huawei ****
c3b1277 : qcrilmsgtunnel from 6.0.0 <DHOMD> 2 days ago
 
**** vanir:vendor_lge ****
1a99065 : g3: we use sony thermanager <Hendrik Hagendorn> 9 hours ago
 
**** vanir:vendor_motorola ****
757a004 : falcon peregrine: Remove proprietary sensors HAL <luca020400> 6 hours ago
 
**** github:TheMuppets/proprietary_vendor_oppo ****
3b44506 : n3: Update jpeg blobs from bacon <Michael Bestas> 4 weeks ago
9426d12 : find7-common: Remove libmmcamera_tuning <Michael Bestas> 2 days ago
5a00011 : n3: Import find7 lollipop camera blobs <Michael Bestas> 8 weeks ago
82147a5 : msm8939-common: move perfd to vendor/bin/ <Alexander Martinz> 2 days ago
7e62360 : msm8939-common: Update location service package. <Danny Baumann> 3 days ago
 
**** vanir:vendor_samsung ****
6918d7c : klte-common: use proprietary IR blaster HAL <Matt Filetto> 4 days ago
 
**** vanir:vendor_vanir ****
21b4266 : sepolicy: Allow vold to attempt to mount ntfs and exfat <dhacker29> 3 weeks ago
d76aedd : cm: Publish system api as part of publish process. <Adnan Begovic> 28 hours ago
0281d6c : vanir: bring in Android One Devices <Akhil Narang> 17 hours ago
4c1c710 : cm: add Screencast by default <Scott Mertz> 4 days ago
 
