
**** vanir:build ****
22bc7f3 : Hacks <DHOMD> 4 months ago
2c9a1ea : build: Add msm8952 as a QCOM board platform <Ethan Chen> 4 days ago
 
**** github:AICP/device_asus_grouper ****
694ba5e : grouper: <Nick Kralevich> 6 days ago
 
**** cm:CyanogenMod/android_device_htc_evita ****
c72e5ab : evita: remove deprecated storage list overlay <jrior001> 9 weeks ago
4f1b71a : remove video editor from media_profiles.xml <Chong Zhang> 7 months ago
995314a : evita: Remove deprecated USB OTG property <David Hays> 3 months ago
6f93c74 : Updated external storage configuration. <Jeff Sharkey> 9 months ago
 
**** cm:CyanogenMod/android_device_htc_msm8974-common ****
59c63b1 : LCE RIL comment nit <fenglu> 8 months ago
d6b841d : Correct GET_RADIO_CAP documentation <Abhishek Adappa> 11 months ago
 
**** vanir:device_htc_s4-common ****
41796ed : s4-common: Don't use LOCAL_PATH for include dir <Ethan Chen> 6 days ago
 
**** vanir:device_huawei_angler ****
fae3ab8 : angler: Enable enhanced offload features <Steve Kondik> 10 days ago
3b5ca04 : angler: Enable adaptive LMK <Steve Kondik> 5 months ago
 
**** cm:CyanogenMod/android_device_lge_g4-common ****
9b300ff : g4: sepolicy: treat exfat as sdcard_external <codeworkx> 2 days ago
297eb1c : g4: camera: use nv21 format <codeworkx> 9 hours ago
9cbc9e4 : g4: remove deprecated persist.sys.usb.config <codeworkx> 3 days ago
 
**** vanir:device_motorola_falcon ****
4ef9fda : falcon: Partially switch to L camera blobs <Gabriele M> 2 days ago
 
**** vanir:device_motorola_msm8226-common ****
f2d2cc8 : msm8226-common: PowerHAL: Add powersave bias profile <Gabriele M> 6 weeks ago
f0cd753 : msm8226-common: Unlock the GPS <Christopher R. Palmer> 7 months ago
bf77af5 : msm8226-common: Update system.prop <Luca Stefani> 3 weeks ago
1f1c056 : msm8226-common: Build the kernel with gcc-4.9 <Steve Kondik> 7 weeks ago
9f475d1 : msm8226-common: Remove camera wrapper and decommonize blobs <Gabriele M> 2 days ago
 
**** cm:CyanogenMod/android_device_motorola_msm8610-common ****
665516e : msm8610-common: Allow installing Motorola Camera from the Play Store <Alberto97> 8 weeks ago
 
**** vanir:device_motorola_omap4-common ****
25b1c49 : Automatic translation import <Michael Bestas> 3 days ago
aa9015d : omap4-common: fix internal storage, for real <Michael Gernoth> 4 days ago
 
**** cm:CyanogenMod/android_device_motorola_osprey ****
64d83ed : cmhw: add isSelfManaged to SunlightEnhancement <Dan Pasanen> 3 weeks ago
2dd6c01 : osprey: Update SELinux policy for M <Alberto97> 8 weeks ago
 
**** vanir:device_motorola_qcom-common ****
42fffbf : Automatic translation import <Michael Bestas> 3 days ago
 
**** cm:CyanogenMod/android_device_motorola_victara ****
53ea249 : Automatic translation import <Michael Bestas> 3 days ago
 
**** vanir:device_oneplus_bacon ****
91dff9d : bacon: Switch back to dynamic triple buffer <Steve Kondik> 4 days ago
 
**** github:ashwinr64/android_device_oneplus_onyx ****
9bfb072 : onyx: Fix SDcard mounting <Ashwin Ramesh> 12 hours ago
c6060a5 : onyx: Use stock power_profile <Ashwin Ramesh> 2 days ago
4c1059b : onyx:Fixup OTA assertion for eng.stk Recovery builds <Ashwin Ramesh> 2 days ago
5b491ba : onyx: Refactor libOP <Ashwin Ramesh> 2 days ago
8ba66a9 : keyhandler: Refactor for cmsdk <Steve Kondik> 2 days ago
ec06936 : onyx: Correct PRODUCT_MODEL <Ashwin Ramesh> 2 days ago
5988c7d : onyx: Preload libOP <Ashwin Ramesh> 2 days ago
9643ae8 : onyx: fix ril init script location <Ashwin Ramesh> 2 days ago
a3a42e5 : onyx: Update sec_config <Ashwin Ramesh> 2 days ago
d783ba7 : onyx: Preload BoringSSL-compat lib <Ashwin Ramesh> 2 days ago
8462fbf : onyx: Build AOSP FM Radio <Ashwin Ramesh> 2 days ago
7944693 : onyx: Build stlport <Ashwin Ramesh> 2 days ago
80dccbe : onyx: Cleanup wifi packages <Ashwin Ramesh> 2 days ago
1fd9709 : keyhandler: Remove double tap <Willi Ye> 2 days ago
b1c235e : onyx: Be interactive when on doze <Ashwin Ramesh> 2 days ago
c86fa3b : onyx: Fix Doze <Arvind Mukund> 11 days ago
1dffc7b : onyx: Move synaptics-rmi.kl for recursive copying <Ashwin Ramesh> 2 days ago
292955d : onyx: Attempt to fix RIL <Ashwin Ramesh> 2 days ago
29cc43b : onyx: update ramdisk <Arvind Mukund> 3 days ago
 
**** vanir:device_oppo_common ****
74ef1c4 : Automatic translation import <Michael Bestas> 3 days ago
 
**** cm:CyanogenMod/android_device_samsung_hlte-common ****
e6a102f : Remove depreciated overlays <DHOMD> 4 weeks ago
 
**** vanir:device_samsung_klte-common ****
551f0b1 : Stop the QC-QMI message spam <Adam Farden> 7 weeks ago
279607a : klte-common: address healthd denial <OzzysCmAcc> 4 days ago
 
**** cm:CyanogenMod/android_device_samsung_kltedv ****
2bb663f : kltedv: Convert init extension to C++ <Harry Lin> 5 weeks ago
 
**** vanir:device_samsung_qcom-common ****
c771ff2 : Automatic translation import <Michael Bestas> 3 days ago
 
**** github:Team-Agni/vanir_armani ****
141bf42 : https://github.com/armani-dev/android_device_xiaomi_armani into m6 <mr-tweaker> 16 hours ago
ee93101 : Revert Custom PowerHAL implementation <mr-tweaker> 4 days ago
 
**** github:Team-Agni/vanir_cancro ****
db4bd37 : Merge https://github.com/audahadi/android_device_xiaomi_cancro into m6 <mr-tweaker> 4 days ago
 
**** cm:CyanogenMod/android_external_stagefright-plugins ****
e7ea399 : stagefright-plugins: Increase confidence on HEVC mp2p files <Keith Mok> 7 days ago
c0742cd : stagefright-plugins: Fix audio trimmed when reaching eos <Keith Mok> 5 days ago
28d6141 : stagefright-plugins: Fix crash <Keith Mok> 5 days ago
8caee14 : stagefright-plugins: Fix thumbnail issues <Steve Kondik> 2 days ago
cea1cb3 : stagefright-plugins: Pass the container format in the metadata <Steve Kondik> 2 days ago
94932fa : stagefright-plugins: Remove voodoo from sniff logic <Steve Kondik> 2 days ago
f9e21d7 : stagefright-plugins: Add special case for DivX containers <Steve Kondik> 2 days ago
5e9d63d : stagefright-plugins: Fix HEVC extradata handling <Steve Kondik> 2 days ago
8107a7f : stagefright-plugins: Always use FFMPEG for FLAC audio <Steve Kondik> 2 days ago
4ecbcbb : stagefright-plugins: Correctly check if audio codec is open <Steve Kondik> 2 days ago
 
**** vanir:external_toybox ****
fc9e18a : Regenerate generated toybox files. <Elliott Hughes> 2 weeks ago
aaecbba : Expand toys.optargs to 64 bits so people adding more options to ls don't run out. <Rob Landley> 3 weeks ago
5cb6505 : tail: use off_t instead of ssize_t for file offset. <Josh Gao> 3 weeks ago
d336af4 : Rename dirtree->data to dirfd, and don't store symlink length in it. <Rob Landley> 3 weeks ago
3af5096 : Attempt at making cpio chown() mode 000 files sanely. <Rob Landley> 3 weeks ago
ac82aa9 : Remove trailing whitespace and wrap lines to 80 chars. <Rob Landley> 3 weeks ago
ecae783 : CPIO: Add --no-preserve-owner option. <Mike Moreton> 4 weeks ago
83250d1 : Correct setting of guid and uid when extracting from a cpio archive. <Mike Moreton> 4 weeks ago
f49f291 : Enable matching any perm bits. <Gilad Arnold> 6 weeks ago
9e563e1 : Add free -h, based on a patch from Isabella Parakiss. <Rob Landley> 3 weeks ago
21e80db : Add start of top infrastructure to ps, null terminate some stridx() searches, move slot[] documentation into C code, add PR %VSZ VIRT RES SHR <Rob Landley> 3 weeks ago
2a3ac14 : Tom Marshall reported that blkid was handling ext2 wrong. <Rob Landley> 3 weeks ago
88d2077 : Replace duplicate sed test with case we hadn't covered yet. <Rob Landley> 3 weeks ago
b057bac : Twitter's page seems reasonably simple and straightforward, use that. <Rob Landley> 4 weeks ago
f79050a : Implement ps --sort. <Rob Landley> 4 weeks ago
c39e3ef : Add basic sort logic. <Rob Landley> 4 weeks ago
3f62834 : Split out string_field() from show_ps(). <Rob Landley> 4 weeks ago
463c56b : Save string offsets rather than recalculating them each time, and use struct instead of carving up toybuf by hand. This makes breaking out the field conversion logic into its own function less expensive. <Rob Landley> 4 weeks ago
12a487b : Split do_ps() into get_ps() and show_ps() as a start on implementing --sort. <Rob Landley> 5 weeks ago
0f3d8ee : Fix find -perm. <Elliott Hughes> 6 weeks ago
859854a : Typo <Rob Landley> 6 weeks ago
79af65b : Rewrite of the about page, re-triage of sbase, and other documentation updates. <Rob Landley> 6 weeks ago
a46fcd4 : Documentation tweaks. <Rob Landley> 6 weeks ago
 
**** vanir:frameworks_av ****
1bb6c3e : stagefright: Add more hardware codec support for our extractor <Steve Kondik> 2 days ago
1b5f480 : stagefright: Remove special case for FLAC offload <Steve Kondik> 2 days ago
5712d5c : stagefright: Copy the thumbnail time <Steve Kondik> 2 days ago
d2c00b4 : Validation of Number of Channels on WAV files. <Niel Alejandro Paz> 7 months ago
efa19ab : Fix overflows in amrwbenc <Marco Nelissen> 3 weeks ago
54cdb1f : libmedia: Preserve futex return status in client obtainBuffer <Leena Winterrowd> 3 weeks ago
5a1e278 : NuPlayer: Avoid one more assertion <Haynes Mathew George> 3 weeks ago
0c04699 : AudioTrack: Set DIRECT track flag for direct pcm output <Leena Winterrowd> 2 weeks ago
de3b1c0 : audiopolicy: Handle startOutput on output command thread <Haynes Mathew George> 3 weeks ago
 
**** vanir:frameworks_base ****
37069fa : telephony: Hack GSM and LTE signal strength <Sultanxda> 2 months ago
55147e2 : Automatic translation import <Michael Bestas> 3 days ago
46835db : core: Remove CAF Chinese translations <Michael Bestas> 3 days ago
 
**** cm:CyanogenMod/android_hardware_cyanogen ****
e1c6405 : cmhw: Add color enhancement impl for LiveDisplay driver <Steve Kondik> 4 days ago
 
**** cm:CyanogenMod/android_hardware_qcom_audio ****
a065400 : hal: Allow building hardware audio encoders <Arne Coucheron> 11 months ago
 
**** cm:CyanogenMod/android_hardware_qcom_audio ****
a495e40 : hal: Allow building hardware audio encoders <Arne Coucheron> 11 months ago
 
**** vanir:hardware_qcom_audio ****
a8bd9f2 : hal: Squashed support for new offload features <Steve Kondik> 1 year, 6 months ago
 
**** cm:CyanogenMod/android_hardware_qcom_display ****
a0dd49b : gralloc: cflag to use nv21 format for camera write <codeworkx> 9 hours ago
 
**** vanir:kernel_huawei_angler ****
c6f6cfb : ALSA: compress: Add support to send codec specific data <Chaithanya Krishna Bacharaju> 5 months ago
 
**** cmold:android_kernel_lge_msm8992 ****
93721eb : power_supply: fix vzw ifdefs <Dan Pasanen> 6 weeks ago
9a74c7f : g4: disable SYSVIPC <Dan Pasanen> 3 weeks ago
ff8808c : KEYS: Fix crash when attempt to garbage collect an uninstantiated keyring <David Howells> 3 months ago
752e668 : KEYS: Fix race between key destruction and finding a keyring by name <David Howells> 3 months ago
97ce940 : KEYS: Fix handling of stored error in a negatively instantiated user key <David Howells> 5 weeks ago
649a1aa : bluetooth: Validate socket address length in sco_sock_bind(). <David S. Miller> 13 days ago
9ce545c : net: add validation for the socket syscall protocol argument <Hannes Frederic Sowa> 2 weeks ago
0dbcb17 : net: fix iterating over hashtable in tcp_nuke_addr() <Dmitry Torokhov> 6 months ago
cae08e3 : ipv6: addrconf: validate new MTU before applying it <Marcelo Leitner> 10 months ago
2ba5912 : md: use kzalloc() when bitmap is disabled <Benjamin Randazzo> 5 months ago
6fdc67a : net: add length argument to skb_copy_and_csum_datagram_iovec <Sabrina Dubroca> 2 months ago
 
**** cmold:android_kernel_motorola_msm8226 ****
574b3e0 : cpufreq: Correct the data reported in all_time_in_state <Nirmal Abraham> 3 months ago
9a22144 : Revert "cpufreq: stats: Initialize all_freq_table earlier" <luca020400> 34 hours ago
54ed048 : usb: gadget: Remove USB_ANDROID_USBNET default choice <Gabriele M> 35 hours ago
923f5c3 : ARM: be strict about FP exceptions in kernel mode <Ard Biesheuvel> 2 years, 7 months ago
48f2c82 : ARM: pull in <asm/simd.h> from asm-generic <Ard Biesheuvel> 2 years, 3 months ago
d8dbb90 : crypto: create generic version of ablk_helper <Ard Biesheuvel> 2 years, 3 months ago
28d162b : ARM: Make NEON support independent from procfs <Gabriele M> 3 months ago
5d70140 : sysrq: Emergency Remount R/O in reverse order <Amir Goldstein> 1 year, 5 months ago
3002539 : msm8226: defconfig: Update configs based on Google recommendations <luca020400> 2 weeks ago
c6640b6 : neigh: Better handling of transition to NUD_PROBE state <Erik Kline> 8 months ago
25378ac : net: ipv4: tcp: Get tcpi_count via file_count() not direct access <Lorenzo Colitti> 10 months ago
b6bec01 : Set the iif for IPv6 packets as well. <Lorenzo Colitti> 10 months ago
d283d01 : net: ping: Return EAFNOSUPPORT when appropriate. <Lorenzo Colitti> 10 months ago
813bb24 : net: ipv6: allow choosing optimistic addresses with use_optimistic <Erik Kline> 1 year, 1 month ago
55f1fa8 : net: ipv6: Add a sysctl to make optimistic addresses useful candidates <Erik Kline> 1 year, 2 months ago
47c9e96 : ARM: msm: GCC Version change. <Samir Mehta> 4 months ago
b251f41 : Fix arm-eabi-gcc build error for kernel by <Atul> 6 months ago
f2df37e : mm/compaction.c: fix warning of 'flags' may be used uninitialized <Xiubo Li> 1 year, 3 months ago
cfd4708 : Makefile: Try to always use GNU ld <Gabriele M> 4 days ago
 
**** cmold:android_kernel_oneplus_msm8974 ****
193121a : video: mdss: Improve the LiveDisplay driver <Steve Kondik> 2 days ago
1ddaf2b : epoll: use freezable blocking call <Colin Cross> 2 years, 8 months ago
4c437c9 : ASoC: msm: fix indefinite wait in compress drain <Dhananjay Kumar> 6 weeks ago
48f0645 : cpu: fix section mismatch warnings with __hotcpu_register <Osvaldo Banuelos> 1 year, 6 months ago
d080fe8 : profile: Fix CPU hotplug callback registration <Srivatsa S. Bhat> 1 year, 10 months ago
5224df3 : trace, ring-buffer: Fix CPU hotplug callback registration <Srivatsa S. Bhat> 1 year, 10 months ago
67be5f3 : drivers/base/topology.c: Fix CPU hotplug callback registration <Srivatsa S. Bhat> 1 year, 10 months ago
abc60a0 : arm, hw-breakpoint: Fix CPU hotplug callback registration <Srivatsa S. Bhat> 1 year, 10 months ago
e88d95d : CPU hotplug, perf: Fix CPU hotplug callback registration <Srivatsa S. Bhat> 1 year, 10 months ago
da284fd : net/core/flow.c: Fix CPU hotplug callback registration <Srivatsa S. Bhat> 1 year, 10 months ago
371d252 : mm, vmstat: Fix CPU hotplug callback registration <Srivatsa S. Bhat> 1 year, 10 months ago
dc60502 : perf, cpu hotplug: Use cached value of smp_processor_id() <Srivatsa S. Bhat> 3 years, 2 months ago
3db4dbb : perf, cpu hotplug: Run CPU_STARTING notifiers with irqs disabled <Srivatsa S. Bhat> 3 years, 2 months ago
cbf97b5 : Doc/cpu-hotplug: Specify race-free way to register CPU hotplug callbacks <Srivatsa S. Bhat> 1 year, 10 months ago
b01f1f9 : CPU hotplug: Provide lockless versions of callback registration functions <Srivatsa S. Bhat> 1 year, 10 months ago
08a9eea : smpboot: Add missing get_online_cpus() in smpboot_register_percpu_thread() <Lai Jiangshan> 1 year, 5 months ago
8031548 : workqueue: Squash cleanup patches from upstream <Lai Jiangshan> 2 years, 9 months ago
12ff0c8 : video: mdss: Align mdp_overlay struct with 3.10 <Steve Kondik> 21 hours ago
b4a4ede : msm: mdss: add display thread for DCM mode <Ingrid Gallardo> 1 year, 3 months ago
28ed6a5 : msm: mdss: Fix the issue of recovery from DCM state <Zohaib Alam> 1 year, 4 months ago
684920c : msm: mdss: Add panel-name in msm_fb_panel_info sysfs node <Zohaib Alam> 1 year, 3 months ago
9a932d0 : cpufreq: interactive:call __cpufreq_driver_target() for cur frequency <Hanumath Prasad> 6 months ago
268eaa6 : cpufreq: Check current frequency in device driver <Junjie Wu> 7 months ago
95a89b8 : cpufreq: interactive: Do not reschedule timer if policy->max changes <Junjie Wu> 8 months ago
cd6660b : mm: vmscan: support complete shrinker reclaim <Liam Mark> 1 year, 5 months ago
d7cc2c9 : bacon: Update defconfig <Steve Kondik> 5 days ago
738fbf0 : fs/seq_file: Use vmalloc by default for allocations > PAGE_SIZE <Jordan Crouse> 1 year, 3 months ago
65e9f02 : fs/seq_file: fallback to vmalloc allocation <Heiko Carstens> 1 year, 3 months ago
c862132 : mm/slub: don't wait for high-order page allocation <Joonsoo Kim> 4 months ago
0a996a4 : mm <Steve Kondik> 3 days ago
3d70d3e : mm, vmscan: prevent kswapd livelock due to pfmemalloc-throttled process being killed <Vlastimil Babka> 12 months ago
f90df75 : mm: throttle direct reclaimers if PF_MEMALLOC reserves are low and swap is backed by network storage <Mel Gorman> 3 years, 5 months ago
2590c91 : fix0rs <Steve Kondik> 3 days ago
21fbb1e : mm/page-writeback.c: do not count anon pages as dirtyable memory <Johannes Weiner> 1 year, 11 months ago
6121190 : mm/page-writeback.c: fix dirty_balance_reserve subtraction from dirtyable memory <Johannes Weiner> 1 year, 11 months ago
74b39e4 : Don't trigger congestion wait on dirty-but-not-writeout pages <Linus Torvalds> 1 year, 7 months ago
854ae89 : mm: vmscan: use proportional scanning during direct reclaim and full scan at DEF_PRIORITY <Mel Gorman> 1 year, 7 months ago
fcc6095 : mm/page-writeback.c: do not count anon pages as dirtyable memory <Johannes Weiner> 1 year, 11 months ago
854f98d : mm: vmscan: do not scale writeback pages when deciding whether to set ZONE_WRITEBACK <Mel Gorman> 2 years, 6 months ago
18ce46d : mm: vmscan: do not continue scanning if reclaim was aborted for compaction <Mel Gorman> 2 years, 6 months ago
1a5c02d : mm: vmscan: take page buffers dirty and locked state into account <Mel Gorman> 2 years, 6 months ago
8cbba07 : mm: vmscan: treat pages marked for immediate reclaim as zone congestion <Mel Gorman> 2 years, 6 months ago
74c1fae : mm: vmscan: move direct reclaim wait_iff_congested into shrink_list <Mel Gorman> 2 years, 6 months ago
e4e15e2 : mm: vmscan: set zone flags before blocking <Mel Gorman> 2 years, 6 months ago
a705d5e : mm: vmscan: stall page reclaim after a list of pages have been processed <Mel Gorman> 2 years, 6 months ago
d39eb9e : mm: vmscan: stall page reclaim and writeback pages based on dirty/writepage pages encountered <Mel Gorman> 2 years, 6 months ago
09cadbc : mm: vmscan: move logic from balance_pgdat() to kswapd_shrink_zone() <Mel Gorman> 2 years, 6 months ago
f717cf0 : mm: vmscan: check if kswapd should writepage once per pgdat scan <Mel Gorman> 2 years, 6 months ago
f20320f : mm: vmscan: block kswapd if it is encountering pages under writeback <Mel Gorman> 2 years, 6 months ago
01251ba : memcg: further prevent OOM with too many dirty pages <Hugh Dickins> 3 years, 5 months ago
 
**** github:ashwinr64/android_kernel_oneplus_onyx ****
d65039e : defconfig: Add local version with CAF tag information <Ashwin Ramesh> 2 days ago
f035fba : prima: import LA.BF.1.1.3_rb1.5 release <Ashwin> 2 days ago
a265b20 : input: synaptics: Send generic power key for double tap <Willi Ye> 2 days ago
fde10bb : tri_state_keys: fix 'enable user to re-map the keys' <Arvind Mukund> 5 days ago
e1512fb : input: Disable keys using procfs <Arvind Mukund> 12 days ago
16ee227 : input: Send Music related gestures as input events <Arvind Mukund> 2 weeks ago
d382b85 : qpnp-vibrator: Allow change of vibrator intensity from userspace <Arvind Mukund> 2 weeks ago
534adf3 : input: send gestures as input events <Arvind Mukund> 2 weeks ago
0898493 : input: Behave as a normal input device <Willi Ye> 2 weeks ago
0e938d6 : defconfig: Enable F2FS <Ashwin> 5 days ago
 
**** vanir:kernel_samsung_klte ****
bdb8850 : kltedv: disable TACTILE_ASSIST <Matt Filetto> 3 weeks ago
84cafd4 : kltedv: Import kltedv variant defconfig <Patrick Lower> 3 weeks ago
f1f0e00 : klteusc: Disable TACTILE_ASSIST <Matt Filetto> 3 weeks ago
4b1d4f3 : klteusc: Import klteusc_defconfig <Matt Filetto> 3 weeks ago
 
**** cmold:android_kernel_xiaomi_cancro ****
fb096996 : bluetooth: Validate socket address length in sco_sock_bind(). <David S. Miller> 5 days ago
52c2c07 : net: add validation for the socket syscall protocol argument <Hannes Frederic Sowa> 5 days ago
c7f1323 : KEYS: Fix crash when attempt to garbage collect an uninstantiated keyring <David Howells> 5 days ago
98d5a98 : net: fix iterating over hashtable in tcp_nuke_addr() <Dmitry Torokhov> 5 days ago
e1d8b5e : pagemap: do not leak physical addresses to non-privileged userspace <Kirill A. Shutemov> 5 days ago
f40f0cd : __ptrace_may_access() should not deny sub-threads <Mark Grondona> 5 days ago
aa35d84 : mm: reorder can_do_mlock to fix audit denial <Jeff Vander Stoep> 5 days ago
d09f07f : ipv6: addrconf: validate new MTU before applying it <Marcelo Leitner> 5 days ago
2da7bbd : arm/dts: Enable bam_dmux fast shutdown <audahadi> 10 days ago
28a3762 : ARM: dts: Dynamic fps configuration changes <audahadi> 7 days ago
 
**** vanir:platform_manifest ****
daad44a : No longer butter in g3 kernel, now a liability <DHOMD> 6 hours ago
8a1f77c : Track our own nexus qcom audio <nuclearmistake> 3 days ago
 
**** cm:CyanogenMod/android_packages_apps_AudioFX ****
7944518 : AudioFX: platform sign <jrizzoli> 2 days ago
2eefaf2 : Automatic translation import <Michael Bestas> 3 days ago
 
**** cm:CyanogenMod/android_packages_apps_BasicSmsReceiver ****
961eed1 : Automatic translation import <Michael Bestas> 3 days ago
 
**** cm:CyanogenMod/android_packages_apps_Bluetooth ****
63088a9 : Automatic translation import <Michael Bestas> 3 days ago
 
**** cm:CyanogenMod/android_packages_apps_BluetoothExt ****
6162335 : Automatic translation import <Michael Bestas> 3 days ago
 
**** cm:CyanogenMod/android_packages_apps_Browser ****
ad614da : Automatic translation import <Michael Bestas> 3 days ago
 
**** cm:CyanogenMod/android_packages_apps_Calendar ****
ecf9b82 : Automatic translation import <Michael Bestas> 3 days ago
 
**** cm:CyanogenMod/android_packages_apps_Camera2 ****
960b850 : Automatic translation import <Michael Bestas> 3 days ago
 
**** cm:CyanogenMod/android_packages_apps_CellBroadcastReceiver ****
0dadb76 : Automatic translation import <Michael Bestas> 3 days ago
 
**** cm:CyanogenMod/android_packages_apps_CertInstaller ****
95ca4c7 : Automatic translation import <Michael Bestas> 3 days ago
 
**** cm:CyanogenMod/android_packages_apps_Contacts ****
bcef0c9 : Automatic translation import <Michael Bestas> 3 days ago
 
**** cm:CyanogenMod/android_packages_apps_ContactsCommon ****
dc60d46 : Automatic translation import <Michael Bestas> 3 days ago
 
**** cm:CyanogenMod/android_packages_apps_DeskClock ****
811f843 : Automatic translation import <Michael Bestas> 3 days ago
 
**** cm:CyanogenMod/android_packages_apps_Dialer ****
3edb649 : Automatic translation import <Michael Bestas> 3 days ago
 
**** cm:CyanogenMod/android_packages_apps_Email ****
325beae : Automatic translation import <Michael Bestas> 3 days ago
 
**** cm:CyanogenMod/android_packages_apps_FMRadio ****
6d4803d : Automatic translation import <Michael Bestas> 3 days ago
 
**** cm:CyanogenMod/android_packages_apps_Gallery2 ****
5952713 : Automatic translation import <Michael Bestas> 3 days ago
 
**** cm:CyanogenMod/android_packages_apps_InCallUI ****
6f89959 : Automatic translation import <Michael Bestas> 3 days ago
 
**** cm:CyanogenMod/android_packages_apps_KeyChain ****
27ecfb5 : Automatic translation import <Michael Bestas> 3 days ago
 
**** vanir:packages_apps_LockClock ****
864c4e9 : Automatic translation import <Michael Bestas> 3 days ago
 
**** cm:CyanogenMod/android_packages_apps_PackageInstaller ****
536afdd : Automatic translation import <Michael Bestas> 3 days ago
 
**** cm:CyanogenMod/android_packages_apps_PhoneCommon ****
8e3b23f : Automatic translation import <Michael Bestas> 3 days ago
 
**** cm:CyanogenMod/android_packages_apps_Profiles ****
cb125ca : Automatic translation import <Michael Bestas> 3 days ago
 
**** cm:CyanogenMod/android_packages_apps_Screencast ****
088677a : Automatic translation import <Michael Bestas> 3 days ago
 
**** vanir:packages_apps_Settings ****
87ab413 : settings: Animation scale seekbars <Steve Kondik> 1 year, 8 months ago
fcb4673 : Profiles: Cleanup the code <Michael Bestas> 33 hours ago
77450be : Settings: improve empty Profile trigger icons <Roman Birg> 9 months ago
52e7a40 : Settings: make empty profile views fit on hdpi <Roman Birg> 9 months ago
70c5fb7 : Improve profile setting layouts. <Danny Baumann> 9 months ago
4635398 : profiles: Make the actions wizard buttons show up <Diogo Ferreira> 1 year, 1 month ago
5bf4924 : Profiles: remove unused code <Scott Mertz> 11 months ago
e14b877 : Settings: always allow profile app groups to be linked/unlinked <Roman Birg> 10 months ago
1fb74bb : Settings : Save instance state for app group deletes <Danesh M> 3 months ago
91f19f2 : Settings: fix empty Wifi triggers screen <Roman Birg> 11 months ago
8e9e003 : Settings: make empty profile trigger screens more useful <Roman Birg> 12 months ago
a48f165 : Settings: merge ProfilesList into ProfilesSettings <Roman Birg> 10 months ago
80b4c35 : Profiles: Fix override item summary not displaying none <LuK1337> 4 days ago
09b4c0c : Hide usb mode chooser dialog after disconnected <Du, Changbin> 12 days ago
59f77c5 : apn: Update the add actionbar icon <Diogo Ferreira> 12 months ago
abb68a7 : Automatic translation import <Michael Bestas> 3 days ago
215b902 : Settings: Fix the failing strings <Michael Bestas> 1 year, 5 months ago
 
**** vanir:packages_apps_soundrecorder ****
b6618ae : Automatic translation import <Michael Bestas> 3 days ago
 
**** cm:CyanogenMod/android_packages_apps_Stk ****
d1ffe2a : Automatic translation import <Michael Bestas> 3 days ago
 
**** cm:CyanogenMod/android_packages_apps_Tag ****
8c18297 : Automatic translation import <Michael Bestas> 3 days ago
 
**** cm:CyanogenMod/android_packages_apps_Terminal ****
dff584e : Automatic translation import <Michael Bestas> 3 days ago
 
**** vanir:packages_apps_ThemeChooser ****
10be771 : Automatic translation import <Michael Bestas> 3 days ago
 
**** cm:CyanogenMod/android_packages_apps_Trebuchet ****
6be1ecf : Automatic translation import <Michael Bestas> 3 days ago
 
**** cm:CyanogenMod/android_packages_apps_TvSettings ****
345fd98 : Automatic translation import <Michael Bestas> 3 days ago
 
**** cm:CyanogenMod/android_packages_apps_UnifiedEmail ****
ffe71d9 : Automatic translation import <Michael Bestas> 3 days ago
 
**** vanir:packages_inputmethods_LatinIME ****
4c26e4e : Automatic translation import <Michael Bestas> 3 days ago
 
**** cm:CyanogenMod/android_packages_providers_CalendarProvider ****
7e9ce94 : Automatic translation import <Michael Bestas> 3 days ago
 
**** cm:CyanogenMod/android_packages_providers_ContactsProvider ****
8707141 : Automatic translation import <Michael Bestas> 3 days ago
 
**** cm:CyanogenMod/android_packages_providers_DownloadProvider ****
f1d2361 : Automatic translation import <Michael Bestas> 3 days ago
 
**** cm:CyanogenMod/android_packages_providers_MediaProvider ****
61eb49b : Automatic translation import <Michael Bestas> 3 days ago
 
**** cm:CyanogenMod/android_packages_providers_TelephonyProvider ****
c793071 : Automatic translation import <Michael Bestas> 3 days ago
 
**** cm:CyanogenMod/android_packages_providers_ThemesProvider ****
5470255 : Automatic translation import <Michael Bestas> 3 days ago
 
**** cm:CyanogenMod/android_packages_providers_UserDictionaryProvider ****
084102c : Automatic translation import <Michael Bestas> 3 days ago
 
**** cm:CyanogenMod/android_packages_services_Mms ****
105dcb1 : Automatic translation import <Michael Bestas> 3 days ago
 
**** cm:CyanogenMod/android_packages_services_Telecomm ****
8562735 : Automatic translation import <Michael Bestas> 3 days ago
 
**** vanir:packages_services_Telephony ****
e850772 : Automatic translation import <Michael Bestas> 3 days ago
 
**** cm:CyanogenMod/android_packages_wallpapers_Galaxy4 ****
8266065 : Automatic translation import <Michael Bestas> 3 days ago
 
**** cm:CyanogenMod/android_packages_wallpapers_PhaseBeam ****
53dfc85 : Automatic translation import <Michael Bestas> 3 days ago
 
**** cm:CyanogenMod/android_packages_wallpapers_PhotoPhase ****
ba62eca : Automatic translation import <Michael Bestas> 3 days ago
 
**** cm:CyanogenMod/cm_platform_sdk ****
9f9759a : Automatic translation import <Michael Bestas> 3 days ago
 
**** vanir:vendor_huawei ****
322cbc1 : Use existing signatures for vendor props. <DHOMD> 27 hours ago
 
**** vanir:vendor_motorola ****
c081cac : msm8226-common: Partially decommonize camera blobs <Gabriele M> 2 days ago
 
**** github:TheMuppets/proprietary_vendor_oppo ****
db1cc86 : msm8939-common: Clean up blobs. <Danny Baumann> 16 hours ago
cdef385 : msm8939-common: Remove mm-parser libraries <Michael Bestas> 4 days ago
 
**** vanir:vendor_samsung ****
4e1605d : kltedv: Update proprietary libraries <Matt Filetto> 8 days ago
83e04b6 : klteusc: Update proprietary libraries <Matt Filetto> 2 weeks ago
 
**** vanir:vendor_vanir ****
a1f8adf : sepolicy: Treat exfat as sdcard_external <Ketut Putu Kumajaya> 3 days ago
db1aa9b : sepolicy: Allow vold to attempt to mount ntfs and exfat <dhacker29> 3 weeks ago
 
