
**** vanir:device_lge_bullhead ****
f1ef56c : Bullhead: Enable Charging LED Support <zephiK> 5 weeks ago
 
**** cm:CyanogenMod/android_device_lge_g4-common ****
6d9af45 : g4: remove unneeded zsl prop <codeworkx> 7 hours ago
 
**** vanir:device_motorola_msm8226-common ****
277079a : msm8226-common: sepolicy: Add policies for OSS sensord <LuK1337> 6 days ago
345d43e : msm8226-common: sensors: bst: Fix build warnings <luca020400> 14 hours ago
ee31361 : msm8226-common: sensors: bst: Report correct value for motion events <Gabriele M> 32 hours ago
b6a1582 : msm8226-common: sensors: bst: Move lightsensor up <luca020400> 15 hours ago
aab2ee4 : msm8226-common: sensors: bst: Set proper sensors flags <luca020400> 15 hours ago
bbfbfd6 : msm8226-common: sensors: bst: Enable 200Hz mode <LuK1337> 2 days ago
c8e6721 : msm8226-common: sensors: bst: Properly NULL terminate strings <Gabriele M> 2 days ago
d8626ad : msm8226-common: sensors: bst: Set correct dtap & sig flags <Luca Stefani> 4 days ago
e8ea63f : msm8226-common: sensors: bst: Use correct remap values from gyroscope axis table <myzb> 2 days ago
7ae8598 : msm8226-common: sensors: bst: Do not include buildversion.mk <LuK1337> 5 days ago
adf0f78 : msm8226-common: sensors: bst: Use correct report type for STK3310 <LuK1337> 5 days ago
2d5a8d3 : msm8226-common: sensors: bst: Fix build under OS X <LuK1337> 6 days ago
f982b9f : msm8226-common: sensors: bst: Set correct STK3310 sysfs enable path <LuK1337> 6 days ago
2399916 : msm8226-common: sensors: bst: Use our own config <LuK1337> 6 days ago
0ddd409 : msm8226-common: sensors: bst: Import crackling's sensor HAL <LuK1337> 6 days ago
 
**** vanir:device_motorola_omap4-common ****
2a7e932 : SELinux: better execmod fix for old moto blobs <Michael Gernoth> 9 hours ago
 
**** cm:CyanogenMod/android_device_motorola_osprey ****
d6771d7 : cmhw: add isSelfManaged to SunlightEnhancement <Dan Pasanen> 9 days ago
6dee467 : osprey: Update SELinux policy for M <Alberto97> 7 weeks ago
 
**** cm:CyanogenMod/android_device_oppo_find7-common ****
d197e87 : find7: Remove unnecessary volume settings <Steve Kondik> 10 days ago
e8d4395 : find7: Minor audio update <Steve Kondik> 13 days ago
7ce6864 : Revert "Revert "find7-common: Use low latency as primary audio output"" <Michael Bestas> 2 days ago
 
**** cm:CyanogenMod/android_device_oppo_msm8974-common ****
7fa081f : msm8974: Reduce fast track multiplier <Glenn Kasten> 9 months ago
3a7c12d : msm8974: Enable property for deep buffer <Alexy Joseph> 4 months ago
3f4fb44 : msm8974: And one more diag reference <Steve Kondik> 2 days ago
3ac0682 : msm8974: Update diag permissions <Steve Kondik> 2 days ago
98d53d3 : msm8974: Clean up TCP buffer settings <Steve Kondik> 2 days ago
2be74b7 : msm8974: Interactivity improvements <Steve Kondik> 3 days ago
 
**** cm:CyanogenMod/android_device_samsung_hlte-common ****
0e7299b : Remove depreciated overlays <DHOMD> 2 weeks ago
 
**** vanir:device_samsung_klte-common ****
70d5080 : klte-common: Enable legacy body sensor support <Ethan Chen> 5 weeks ago
 
**** vanir:device_sony_fusion3-common ****
d22449c : Update sepolicy to match with qcom/sepolicy <kamarush> 3 weeks ago
 
**** github:Team-Agni/vanir_cancro ****
1853be9 : Merge the remote tracking branch into m6 <mr-tweaker> 19 hours ago
 
**** cm:CyanogenMod/android_external_mksh ****
d9b3f0d : mksh: Alias ls to /system/xbin/ls <Steve Kondik> 33 hours ago
 
**** vanir:external_toybox ****
0e32430 : toybox: Symlink 'ls' to xbin <Diogo Ferreira> 2 days ago
 
**** vanir:frameworks_av ****
ed8be1e : media: Disable extra debug <Ethan Chen> 29 hours ago
 
**** vanir:frameworks_base ****
bfd04ab : telephony: Hack GSM and LTE signal strength <Sultanxda> 9 weeks ago
7651c9f : pm: Update PackageManagerServiceTests <Adnan Begovic> 66 minutes ago
753a484 : Lockscreen: Introduce window type TYPE_KEYGUARD_PANEL <d34d> 9 days ago
f128c0c : base: Complete sms prompt interfaces. <Adnan Begovic> 2 days ago
2368c7d : SystemUI : Add DemoModeActivity hook for settings <Danesh M> 8 hours ago
d171b9a : Option to use volume keys to control media volume anytime (2/2) <Pawit Pornkitprasan> 2 years, 8 months ago
46a77b3 : Port over linked volumes from 12.1 <Adnan Begovic> 2 years, 1 month ago
 
**** vanir:frameworks_native ****
8befd14 : sensor: Allow devices to skip the permission request <Christopher N. Hesse> 3 weeks ago
 
**** vanir:frameworks_opt_telephony ****
e041ee0 : telephony: Complete interfaces for sms prompt. <Adnan Begovic> 2 days ago
 
**** cm:CyanogenMod/android_hardware_qcom_audio ****
eec6acf : audio: Fix flac offload not working <Keith Mok> 31 hours ago
 
**** cm:CyanogenMod/android_hardware_qcom_media ****
d84d430 : media: Avoid collision with FFMPEG plugin <Steve Kondik> 1 year, 7 months ago
 
**** cmold:android_kernel_htc_msm8974 ****
b8aa9e4 : m8: update defconfigs <Dan Pasanen> 22 hours ago
 
**** vanir:kernel_huawei_angler ****
b0f9495 : video: mdss: LiveDisplay driver <Steve Kondik> 5 months ago
 
**** vanir:kernel_lge_msm8974 ****
e92f4e1 : g2: enable tee target for netfilter <Dan Pasanen> 22 hours ago
d02ca89 : bluetooth: Validate socket address length in sco_sock_bind(). <David S. Miller> 3 days ago
8941c2d : HID: wiimote: parse reduced status reports <David Herrmann> 2 years, 9 months ago
b6f93be : HID: wiimote: add 2nd generation Wii Remote IDs <David Herrmann> 2 years, 9 months ago
4e1d42b : HID: wiimote: use unique battery names <David Herrmann> 2 years, 9 months ago
913f363 : HID: wiimote: Fix IR data parser <David Herrmann> 3 years, 7 months ago
d3e6d34 : net: add validation for the socket syscall protocol argument <Hannes Frederic Sowa> 4 days ago
 
**** cmold:android_kernel_lge_msm8992 ****
3cc972a : Config: Fix H811 dtb image names + SECHASH to stock <DHOMD> 12 days ago
 
**** cmold:android_kernel_motorola_msm8226 ****
a31187c : defconfig: titan: Enable significant motion sensor <luca020400> 3 hours ago
abce346 : misc: bma2x2: Add config entries for extra sensor features <luca020400> 4 days ago
 
**** cmold:android_kernel_oneplus_msm8974 ****
82e6303 : smpboot: Add missing get_online_cpus() in smpboot_register_percpu_thread() <Lai Jiangshan> 1 year, 5 months ago
7f1480d : qpnp-vibrator: Fix potential race condition <Steve Kondik> 2 days ago
61dc985 : sched: fix the theoretical signal_wake_up() vs schedule() race <Oleg Nesterov> 2 years, 4 months ago
b837fa2 : Revert "sched: Make dl_task_time() use task_rq_lock()" <Steve Kondik> 2 days ago
1252ac6 : power: qpnp-charger: Disable IRQ wake-up when disabling the IRQ <Fenglin Wu> 12 months ago
f12a9ec : power: qpnp-charger: wake up upon fast charge after resuming <David Keitel> 1 year, 11 months ago
f523e75 : mdss: mdp: reuse pipes from cleanup pool <Saurabh Shah> 6 months ago
aa28c92 : perf: stop deadlock when cpu_up fails <Naveen Ramaraj> 3 months ago
14803e2 : cpuidle: Add need_resched() check <Patrick Daly> 9 weeks ago
4eb5f7d : misc: Fix various issues with upstream merge <Steve Kondik> 2 days ago
0e49838 : mm: vmscan: lock page on swap error in pageout <Vinayak Menon> 1 year, 1 month ago
e61e205 : Revert "epoll: use freezable blocking call" <Rafael J. Wysocki> 2 years, 2 months ago
ae5705e : ASoC: msm: Interrupt events in compress free <Ben Romberger> 2 months ago
bab6049 : ASoC: msm: qdsp6v2: Copy multiple frames per msm-pcm-q6 copy <Ben Romberger> 4 weeks ago
3c8fdc0 : rq_stats: Fix usage of cpufreq APIs <Steve Kondik> 2 days ago
18cc389 : timer: reduce cache bouncing of deferral timer wheel <Joonwoo Park> 9 months ago
ae3b796 : timer: make deferrable cpu unbound timers really not bound to a cpu <Joonwoo Park> 1 year, 4 months ago
7b4ac33 : timer: Clean up timer initializers <Tejun Heo> 3 years, 4 months ago
9de68cf : timer: Generalize timer->base flags handling <Tejun Heo> 3 years, 4 months ago
d6885f3 : hrtimer: Prevent stale expiry time in hrtimer_interrupt() <Thomas Gleixner> 11 months ago
af9e1d9 : ASoC: msm: qdsp6v2: Prevent ASM callback when client freed <Ben Romberger> 5 weeks ago
6e8512a : block: recursive merge requests <Shaohua Li> 3 years, 1 month ago
4c77fef : block: Reserve only one queue tag for sync IO if only 3 tags are available <Jan Kara> 2 years, 6 months ago
82e640e : fs/buffer.c: increase the buffer-head per-CPU LRU size <Sebastien Buisson> 1 year, 2 months ago
9d71bfe : bacon: Update defconfig <Steve Kondik> 3 days ago
ce70ab6 : printk: Make the console flush configurable in hotplug path <Ram Chandrasekar> 1 year, 1 month ago
fea5db0 : printk: Fix calculation of length used to discard records <Jeff Mahoney> 3 years, 4 months ago
d3e9ca6 : prima: Shush frame logging failure message <Steve Kondik> 3 days ago
a519457 : rcu: Direct algorithmic SRCU implementation <Paul E. McKenney> 3 years, 10 months ago
 
**** cmold:android_kernel_samsung_d2 ****
0706f80 : d2: update defconfig <Dan Pasanen> 22 hours ago
 
**** vanir:kernel_samsung_jf ****
c2b05b9 : jf: update defconfig <Dan Pasanen> 22 hours ago
 
**** cmold:android_kernel_samsung_smdk4412 ****
67f8047 : ARM: 7527/1: uaccess: explicitly check __user pointer when !CPU_USE_DOMAINS <Russell King> 3 years, 3 months ago
4de865b : ipv4: Missing sk_nulls_node_init() in ping_unhash(). <David S. Miller> 8 months ago
 
**** cm:CyanogenMod/android_packages_apps_Dialer ****
7a55259 : Dialer: Update a string from cm-12.1 <Michael Bestas> 5 hours ago
 
**** cm:CyanogenMod/android_packages_apps_InCallUI ****
b96ed6e : InCallUI: Update a string from cm-12.1 <Michael Bestas> 5 hours ago
 
**** vanir:packages_apps_Settings ****
4b8a76a : settings: LiveDisplay color profiles <Steve Kondik> 4 months ago
5fc6f2e : Settings: Utilize frameworks sms prompt interfaces as fallback. <Adnan Begovic> 2 days ago
ff9cea3 : Settings : Launch demo mode on triple tap of build date <Danesh M> 8 hours ago
7cb203d : Settings : Cleanup control media volume toggle <Danesh M> 27 hours ago
efff568 : Settings : Add warning for lcd density <Danesh M> 29 hours ago
f2b1fc1 : Settings : Add volume link notification <Danesh M> 33 hours ago
 
**** cm:CyanogenMod/android_packages_apps_Trebuchet ****
788d8e8 : Trebuchet: Fix some icon size and flush cache issues <cretin45> 5 hours ago
4ee7080 : Trebuchet: Fix hidden folder list text color <cretin45> 7 hours ago
8be2145 : Trebuchet: Ignore mnc/mcc config changes <cretin45> 28 hours ago
0db76b8 : Trebuchet: Exclude from recents <cretin45> 9 hours ago
 
**** cm:CyanogenMod/android_packages_apps_TvSettings ****
6050e36 : TvSettings: Improve strings <Michael Bestas> 7 months ago
 
**** vanir:system_core ****
f517c97 : Revert "Lose ls to toybox." <Diogo Ferreira> 2 days ago
 
**** vanir:system_vold ****
b0693d7 : Also change emulated device id separator from comma to underscore <Sam Mortimer> 15 hours ago
5fc50f6 : vold: dont't use commas in device names <morckx> 3 weeks ago
 
**** cm:CyanogenMod/cm_platform_sdk ****
9a83dc6 : cm: Improve permission strings <Michael Bestas> 2 hours ago
582ba4c : ExtView: Allow window type and flags to be overridden <d34d> 4 days ago
637e40f : Introduce KeyguardExternalView <Luis Vidal> 7 days ago
b9d7733 : External views for cm13 <Chris Sarbora> 4 months ago
9691d42 : Keyguard: Introduce 3rd party keyguard perms and utils <d34d> 9 days ago
22ec538 : CMSDK : Remove VOLUME_LINK_NOTIFICATION <Danesh M> 34 hours ago
 
**** github:TheMuppets/proprietary_vendor_oppo ****
bed1285 : msm8974: Update blobs <Steve Kondik> 2 days ago
 
