
**** vanir:bionic ****
3dc9613 : libc: ARM64: denver64: optimized memmove breaks denver <André Pinela> 2 days ago
 
**** vanir:build ****
3880a1e : Hacks <DHOMD> 3 months ago
de05e82 : build: only specify least specific directory to dtbtool <Scott Mertz> 4 months ago
820e564 : core_minimal: Change make_f2fs to mkfs.f2fs <Michael Bestas> 5 days ago
 
**** vanir:device_htc_flounder ****
a8c0cc8 : Update fingerprint to MMB29K and override build_id for verity <Abhisek Devkota> 30 hours ago
 
**** cm:CyanogenMod/android_device_lge_g4-common ****
da37d05 : g4: lights: fix led blinking when it should be always on <codeworkx> 8 hours ago
 
**** cm:CyanogenMod/android_device_lge_ls990 ****
451e76b : ls990: bluetooth: enable ble peripheral mode <bryan2894> 2 weeks ago
e676308 : ls990: update bt firmware <Dan Pasanen> 3 hours ago
f06f34d : ls990: add custom ril class <Dan Pasanen> 3 weeks ago
a9e3572 : Revert "ls990: enable pin/puk reads for RIL and Sprint SIM hack" <Dan Pasanen> 31 hours ago
 
**** cm:CyanogenMod/android_device_motorola_osprey ****
fb8a16a : osprey: Update SELinux policy for M <Alberto97> 6 weeks ago
 
**** cm:CyanogenMod/android_device_motorola_otus ****
5c43652 : otus: do not check fsg, modem and persist <Luca Stefani> 2 days ago
 
**** cm:CyanogenMod/android_device_oppo_find7 ****
4fa4396 : find7: Update fingerprint <Michael Bestas> 9 hours ago
 
**** cm:CyanogenMod/android_device_oppo_find7s ****
fbeeb9f : find7s: Update fingerprint <Michael Bestas> 9 hours ago
 
**** vanir:device_qcom_common ****
874fa19 : dtbtool: Recursively search input directory for dtb files <Scott Mertz> 3 days ago
 
**** cm:CyanogenMod/android_device_samsung_hlte-common ****
7da1e42 : Remove depreciated overlays <DHOMD> 10 days ago
 
**** vanir:device_samsung_klte-common ****
24bf07b : klte-common: Enable legacy body sensor support <Ethan Chen> 4 weeks ago
 
**** vanir:device_sony_fusion3-common ****
cf38b4b : Update sepolicy to match with qcom/sepolicy <kamarush> 2 weeks ago
 
**** cm:CyanogenMod/android_device_sony_msm8974-common ****
6415152 : libril: Update to M <Chirayu Desai> 4 weeks ago
c57bfa8 : Build the recovery image target <Chirayu Desai> 4 weeks ago
0e0718c : Move Widevine DRM blobs here, and update to hammerhead-mra58k <Chirayu Desai> 4 weeks ago
c0ed7b8 : Update SELinux policy for M <Chirayu Desai> 4 weeks ago
 
**** cm:CyanogenMod/android_device_sony_rhine-common ****
13554d6 : Use simplified set of GPS libraries <Ethan Chen> 4 weeks ago
9eeb5ca : ril.h: Update to M <Chirayu Desai> 4 weeks ago
474ad8e : gps: Fix the build <Dan Pasanen> 9 weeks ago
 
**** cm:CyanogenMod/android_device_sony_shinano-common ****
e5e44cd : Use simplified set of GPS libraries <Ethan Chen> 4 weeks ago
be92882 : ril.h: Update to M <Chirayu Desai> 4 weeks ago
86c58c4 : gps: Fix the build <Dan Pasanen> 9 weeks ago
 
**** vanir:frameworks_base ****
ce0e7c8 : SystemUI : Ensure qs detail item isn't focusable <Danesh M> 8 hours ago
5b3ecc8 : SystemUI: Fix padding on qs_detail. <Adnan Begovic> 5 hours ago
983986d : SystemUI: improve lockscreen tile behavior <Roman Birg> 10 months ago
4601c9f : SystemUi: Readd LockscreenToggleTile. <Adnan Begovic> 8 hours ago
36cf346 : QSTileHost: Add missing adb_network tile <LuK1337> 8 hours ago
7a797c9 : SystemUI: finish circle battery animation after unplugging <Roman Birg> 9 hours ago
a954e0d : LockSettings: fix build <Roman Birg> 9 hours ago
81dd2aa : LockPatternUtils: Make settings getter and setters protected <d34d> 2 days ago
0cf7d43 : Forward port CM Screen Security settings (1/2) <Michael Bestas> 8 months ago
448c507 : Reconcile selective su indicator visibility w/ L51 <nuclearmistake> 14 hours ago
a037ad4 : SystemUi: Handle custom and dynamic tiles the same way. <Adnan Begovic> 30 hours ago
de980ff : SystemUi: Fix systemui tests. <Adnan Begovic> 2 days ago
68c5108 : base: dynamic tiles <Jorge Ruesga> 6 months ago
699d345 : SystemUI : port performance profile toggle <Danesh M> 26 hours ago
d37c80a : SystemUI : Add screen timeout tile <Danesh M> 11 months ago
e799f3d : SystemUI: add USB Tether tile <BestPig> 10 months ago
b4f9cb3 : SystemUI: add Profiles tile <Roman Birg> 11 months ago
 
**** vanir:frameworks_native ****
373f009 : Allow legacy sensor HALs to skip required permission checks <Ethan Chen> 4 weeks ago
 
**** cm:CyanogenMod/android_hardware_qcom_audio ****
6fe7f9a : audio: Use direct project pathmap <Ethan Chen> 1 year, 1 month ago
a31cee0 : HAL: 8937 HAL bringup <Dhanalakshmi Siddani> 5 weeks ago
2db15e0 : hal: Add performance lock during device switch <Sudheer Papothi> 7 weeks ago
12125e8 : hal: fix compilation issues with audio FM extention <Mingming Yin> 7 weeks ago
8ccb831 : policy_hal: add support for fm device loopback <Dhananjay Kumar> 7 weeks ago
52de13c : hal: Add support for LINE out device <Ravi Kumar Alamanda> 8 weeks ago
68b3944 : hal: add support for thorium sku1/sku2 <Xiaojun Sang> 3 months ago
0ffa711 : audio_policy: modify few methods to appropriately override base <Dhananjay Kumar> 8 weeks ago
4a4a8c8 : policy_hal: add support for multiple offload playback <Mingming Yin> 7 weeks ago
a2a67fc : hal: effects: volume_listner: Accumulate effect buffer <Chaithanya Krishna Bacharaju> 8 weeks ago
fa9d228 : hal: Add performance lock for playback usecase <Sudheer Papothi> 3 months ago
0ac0903 : policy_hal: Update offload disabled flags <Alexy Joseph> 8 weeks ago
da77c45 : hal: Add HFP volume mixer control on MSM8996 <Banajit Goswami> 8 weeks ago
31c90df : hal: Add NULL check before freeing snd_card_name <Ravi Kumar Alamanda> 8 weeks ago
f3cd0f8 : policy_hal: Reject offload path for AV streaming usecase <Manish Dewangan> 9 weeks ago
2de13eb : policy_hal: Fix pop noise when MO call is started, while playing music <Venkata Narendra Kumar Gutta> 8 weeks ago
446c396 : hal: remove explicit direct pcm usecase <vivek mehta> 3 months ago
4dc87fb : hal: mark unused parameters correctly <Banajit Goswami> 9 weeks ago
cabd141 : hal: MBDRC: send MBDRC step level only for speaker device <vivek mehta> 4 months ago
df8aecf : hal: audio_extn: fix pop noise when FM is interrupted by voice call <Dhananjay Kumar> 2 months ago
14170dd : hal: fix missing calibration issue for playback on speaker <Dhananjay Kumar> 4 months ago
 
**** cm:CyanogenMod/android_hardware_qcom_display ****
e80bb52 : display: Use project pathmap <Ethan Chen> 1 year, 1 month ago
e04e869 : Remove usage of MASTER_SIDE_CP_TARGET_LIST <Scott Mertz> 2 days ago
3fd7d00 : Revert "hqd: Use MSM_VIDC_TARGET_LIST for Venus color format" <Scott Mertz> 2 days ago
040a3d0 : sdm: hwc: SetRefreshRate before validate IOCTL <Arun Kumar K.R> 2 months ago
6e43f57 : sdm: Handle/set dynamic fps appropriately <Arun Kumar K.R> 3 months ago
c9853b5 : gralloc: Disable UBWC on FrameBuffer by default <Sushil Chauhan> 2 months ago
f8e5e3f : sdm: Fix virtual display & HDMI concurrency. <Dileep Marchya> 3 months ago
ccbb0a9 : gralloc: Default flexible YUV format to NV21_ZSL <Nagesh Subba Reddy> 3 months ago
2d48fbe : gralloc: change the IMPLEMENTATION_DEFINED preview buffers format <Ranjith Kagathi Ananda> 4 months ago
16b3c21 : sdm: Reduce log spam during strategy initialization. <Manoj Kumar AVM> 3 months ago
b77c896 : sdm: Optimize set_target_op_mode behavior <Lei Zhou> 3 months ago
a0a310b : gralloc: Default flexible YUV format to NV21_ZSL <Nagesh Subba Reddy> 3 months ago
d840773 : gralloc: change the IMPLEMENTATION_DEFINED preview buffers format <Ranjith Kagathi Ananda> 4 months ago
767bf9d : sdm: Pass MDP_LAYER_DEINTERLACE flag to MDP driver <Sushil Chauhan> 3 months ago
2a665fa : sdm: Reduce log spam during strategy initialization. <Manoj Kumar AVM> 3 months ago
25e806d : sdm: Modify vsync state appropriately on display power off <Ramkumar Radhakrishnan> 3 months ago
b747240 : sdm: Reduce log spam during strategy initialization. <Manoj Kumar AVM> 3 months ago
a5aca1e : sdm: Reduce log spam during strategy initialization. <Manoj Kumar AVM> 3 months ago
3bd31ef : sdm: hwc: Add support for GetVisibleDisplayRect <Arun Kumar K.R> 3 months ago
690029a : sdm: reset page id before reading resolution details <Ajay Singh Parmar> 3 months ago
3e255ad : sdm: Set surfaceDamage numRects for solid-fill layer <Sushil Chauhan> 3 months ago
5e7748b : sdm: Add support for HAL_PIXEL_FORMAT_BGR_565 <Sushil Chauhan> 3 months ago
e18e4ba : gralloc: Add HAL_PIXEL_FORMAT_BGR_565 format <Kaushik Kanetkar> 3 months ago
c70c2dc : sdm: Rename external downscale property. <Dileep Marchya> 3 months ago
84588b6 : sdm: Align qdutils display id indexes to hwcomposer_defs.h. <Dileep Marchya> 3 months ago
ba1cd1a : sdm: Support secure virtual display. <Manoj Kumar AVM> 4 months ago
4cb337c : gralloc: Add HAL_PIXEL_FORMAT_BGR_565 format <Kaushik Kanetkar> 3 months ago
c3585da : sdm: Add support for HAL_PIXEL_FORMAT_BGR_565 <Sushil Chauhan> 3 months ago
b292803 : sdm: Fix flush on virtual display <Manoj Kumar AVM> 3 months ago
7686045 : sdm: Remove comparison functions from HWSessionConfig <Ramkumar Radhakrishnan> 3 months ago
81a519f : gralloc: Default flexible YUV format to NV21_ZSL <Nagesh Subba Reddy> 3 months ago
330b21d : gralloc: change the IMPLEMENTATION_DEFINED preview buffers format <Ranjith Kagathi Ananda> 4 months ago
401ac51 : sdm: Remove support for "src_split_always" <Saurabh Shah> 3 months ago
48a5755 : gralloc: Add a private flag for INTERNAL only <Arun Kumar K.R> 3 months ago
9289b18 : sdm: Use 0x80000000 for dim layer flag. <Dileep Marchya> 3 months ago
cffc5bd : gralloc: Modify check for uncompressed RGB buffers <Naomi Luis> 4 months ago
f51c599 : sdm: Add support to enable/disable screen updates <Tatenda Chipeperekwa> 4 months ago
0b4f1fa : hwc: Drop alpha from writeback. <Manoj Kumar AVM> 3 months ago
d8690a2 : sdm: Use Sys wrapper for dup() call <Ramkumar Radhakrishnan> 3 months ago
a129141 : sdm: Apply de-interlacing on SDM layer <Sushil Chauhan> 3 months ago
521ce35 : gralloc: Use adreno_utils api for NV21 and NV12 alignment <Sushil Chauhan> 4 months ago
57265ee : hwc: Fix framebuffer resolution for virtual display <Manoj Kumar AVM> 4 months ago
ad91132 : sdm: Enhance dynamic refresh rate <Arun Kumar K.R> 5 months ago
33ef9bf : sdm: Fix hw cursor checks and flags <Arun Kumar K.R> 4 months ago
5ac813e : sdm: Fix hdmi resolution return value. <Dileep Marchya> 4 months ago
114e51f : sdm: Cancel display event thread on exit. <Dileep Marchya> 4 months ago
a866864 : sdm: Adjust the split if a horizontal flip is present <Tatenda Chipeperekwa> 5 months ago
190d0f0 : sdm: Initialize sync_handle with display output fence <Ramkumar Radhakrishnan> 4 months ago
ecd3255 : sdm: Handle empty mode case <Saurabh Shah> 4 months ago
57961b1 : sdm: Add support for panel resolution switch <Saurabh Shah> 5 months ago
 
**** cm:CyanogenMod/android_hardware_qcom_media ****
8ba01d1 : media: Use project pathmap <Ethan Chen> 10 months ago
45267c8 : Remove msm8937 due to missing HY11 rule <Naveen Kumar> 5 weeks ago
1c7b346 : mm-video: swvenc: Add pure virtual functions. <Manikanta Sivapala> 6 weeks ago
db88209 : audio: remove duplicate instances of aac decoder <Mingming Yin> 6 weeks ago
b04a903 : mm-video-v4l2: vdec: Fix a bug with C2D and DROPPED_FRAME <Vinay Kalia> 7 weeks ago
183f501 : mm-video-v4l2: vidc: Add null checks in async_message_process <Arun Menon> 8 weeks ago
fbdcaba : mm-video-v4l2: Add support for VP9 secure decoder <Shalaj Jain> 4 months ago
a935f80 : mm-video: swvenc: Add SwVenc registry entries for 8937. <Manikanta Sivapala> 7 weeks ago
f3f1e00 : QCMetadata: add a new key for big buffers <Sidipotu Ashok> 9 weeks ago
be1c0e3 : mm-video: vidc: Adjust performance level only after STREAMON <Deva Ramasubramanian> 7 weeks ago
6f6f5fb : mm-video-v4l2: vidc: venc: Fix hybrid HP layer count <Ashray Kulkarni> 7 weeks ago
144b092 : mm-video: venc: Get rid of PREPARE_BUF on input port <Vinay Kalia> 8 weeks ago
431e6b1 : mm-video-v4l2: vdec: fix fps issues in arbitrary mode <Ashray Kulkarni> 3 months ago
edd1b09 : mm-video-v4l2: vidc: vdec: Put decoder sessions in TURBO <Praneeth Paladugu> 5 months ago
07a4eca : libc2dcolorconvert: Fix height alignment issue with RGBA formats <Rajesh Sastrula> 9 weeks ago
94af4ea : mm-video: Add opaque color format support to MPEG-4 SwVenc. <Manikanta Sivapala> 9 weeks ago
f4e1426 : mm-video-v4l2: Do not send error to client once in loaded state <Shalaj Jain> 2 months ago
 
**** vanir:kernel_lge_g3 ****
c06b0f0 : dts: update msm8974pro-g3-spr_us-camera <Dan Pasanen> 31 hours ago
 
**** vanir:kernel_lge_msm8974 ****
92e0a9c : f2fs: Sync with upstream <Jaegeuk Kim> 6 days ago
5cb5fb9 : md: use kzalloc() when bitmap is disabled <Benjamin Randazzo> 5 months ago
e2b6015 : ipv6: addrconf: validate new MTU before applying it <Marcelo Leitner> 10 months ago
94a765b : __ptrace_may_access() should not deny sub-threads <Mark Grondona> 2 years, 3 months ago
ea55416 : UPSTREAM: mm: reorder can_do_mlock to fix audit denial <Jeff Vander Stoep> 9 months ago
ecc526b : BACKPORT: pagemap: do not leak physical addresses to non-privileged userspace <Kirill A. Shutemov> 9 months ago
b652771 : net: fix iterating over hashtable in tcp_nuke_addr() <Dmitry Torokhov> 5 months ago
a914b2f : KEYS: Fix crash when attempt to garbage collect an uninstantiated keyring <David Howells> 8 weeks ago
714d2e2 : KEYS: Fix race between key destruction and finding a keyring by name <David Howells> 3 months ago
e510927 : KEYS: Add invalidation support <David Howells> 3 years, 7 months ago
a06efc6 : KEYS: Permit in-place link replacement in keyring list <David Howells> 3 years, 7 months ago
07f68d5 : KEYS: Perform RCU synchronisation on keys prior to key destruction <David Howells> 3 years, 7 months ago
7776af9 : KEYS: Fix handling of stored error in a negatively instantiated user key <David Howells> 2 weeks ago
 
**** cmold:android_kernel_lge_msm8992 ****
f52bd8e : Config: Fix H811 dtb image names + SECHASH to stock <DHOMD> 5 days ago
 
**** cmold:android_kernel_motorola_otus ****
a842150 : mm: reorder can_do_mlock to fix audit denial <Jeff Vander Stoep> 9 months ago
f8b1383 : __ptrace_may_access() should not deny sub-threads <Mark Grondona> 2 years, 3 months ago
7199824 : net: fix iterating over hashtable in tcp_nuke_addr() <Dmitry Torokhov> 5 months ago
747faac : ipv6: addrconf: validate new MTU before applying it <Marcelo Leitner> 10 months ago
a899515 : KEYS: Fix handling of stored error in a negatively instantiated user key <David Howells> 2 weeks ago
d4bc3a6 : KEYS: Perform RCU synchronisation on keys prior to key destruction <David Howells> 3 years, 7 months ago
147ded1 : KEYS: Permit in-place link replacement in keyring list <David Howells> 3 years, 7 months ago
 
**** vanir:platform_manifest ****
c057f30 : fix latinime naming convention <nuclearmistake> 16 hours ago
 
**** vanir:packages_apps_Settings ****
88970d8 : Settings: Re-add Heads up switch <AragaoAnderson> 6 hours ago
0017b06 : Settings: Readd actions for lockscreen settings. <Adnan Begovic> 7 hours ago
32454d5 : Settings: fix Vibrate on touch preference not working <Roman Birg> 10 months ago
c342389 : CryptKeeper improvements <Roman Birg> 7 months ago
35761ff : CryptKeeper: layout whole screen in bounds <Roman Birg> 7 months ago
1384722 : Settings: fix non lock pattern CryptKeeper crash <Roman Birg> 7 months ago
2491ab7 : CryptKeeper: pattern unlock displays incorrect pw when correct <Roman Birg> 8 months ago
bc86445 : Settings: handle decrypting larger pattern sizes <Roman Birg> 8 months ago
f47c70b : Settings: allow rotation while setting new pattern <Roman Birg> 11 hours ago
0dbfd2e : Settings: forward port lock pattern grid size (2/2) <Michael Bestas> 2 years ago
497f2b7 : Settings: Fix FC on app notications <DHOMD> 27 hours ago
b2813bb : Settings: allow Profiles to be launched externally <Roman Birg> 11 months ago
 
**** vanir:packages_apps_soundrecorder ****
a05b629 : SoundRecorder: Remove CAF translations <Michael Bestas> 34 hours ago
bbf6a2a : SoundRecorder: Sync with AOSP translations <Michael Bestas> 2 days ago
 
**** cm:CyanogenMod/android_packages_apps_Trebuchet ****
d8e89b7 : Trebuchet: Add scrubber to widget view <cretin45> 29 hours ago
7600c7f : Reimplement CM Settings Overview Panel Part 5 <Yvonne Wong> 3 days ago
045e7db : Trebuchet: Add DB migration <cretin45> 3 days ago
d0c2bbf : Reimplement CM Settings Overview Panel Part 4 <Yvonne Wong> 4 days ago
6843427 : Trebuchet: Fix landscape NPE <cretin45> 4 days ago
ecfa0ff : Trebuchet: Add app drawer settings <cretin45> 11 days ago
4cc0018 : Reimplement CM Settings Overview Panel Part 3 - Enable dynamic grid resizing <Yvonne Wong> 10 days ago
95dfdf8 : Re-Implementation of hidden folders <Vineet Patil> 2 weeks ago
fe70926 : Reimplement CM Settings Overview Panel in the new Launcher Part 2 - Enables hiding the search bar from the workspace - Adds a reload launcher flag to reload only during onResume or newIntent if needed <Yvonne Wong> 11 days ago
b3de38c : Reimplement CM Settings Overview Panel in the new Launcher Part 1 - Adds vertical sliding panel and animations associated with opening and closing the panel - Adds the views for settings and animation for the drawer arrow - Enables hiding workspace icon labels, hiding drawer icon labels, scrolling wallpaper, and larger icons - Changes how ragged grid custom icon sizes gets defined <Yvonne Wong> 3 weeks ago
9a147bf : Partially revert "Trebuchet: Update default workspace" <Michael Bestas> 3 weeks ago
a104ad5 : Trebuchet: Update default workspace <Aaahh Ahh> 5 weeks ago
dbb6e3b : GMS 3.0 : Update optional apps and folders <Abhisek Devkota> 6 weeks ago
f17aa81 : Update default workspace to GMS 3.0 req <Abhisek Devkota> 6 weeks ago
fe62278 : We shall call it Trebuchet <cretin45> 2 weeks ago
80cdd85 : Trebuchet: Use full res app icon on icon cache init <cretin45> 3 weeks ago
acab44f :  Reimplement the CM scrubber against the new Launcher <cretin45> 4 weeks ago
35614fd : Implementation of folder animation changes as per cm-13.0 Folder animations in parity with cm. <Vineet Patil> 3 weeks ago
c74e419 : Restoring provider behavior for reloading app on old devices   > For older devices, launcher will only reload in case of inserts with specific query parameters   > For older devices, launcehr will notify content observers of any internal inserts   > Chaning TAG for Launcher provider as max logging tag is only 23 characters <Sunny Goyal> 3 months ago
41cdc8d : Removing items which are on invalid screen <Sunny Goyal> 3 months ago
a75053f : Preventing null pointer crash when opening a folder <Sunny Goyal> 3 months ago
667d688 : Revert workaround for move to default screen on home intent. <Ivan Lee> 3 months ago
23c8f48 : Fixing NPE in recycler view scroll bar. <Winson> 3 months ago
16615f2 : Adding workaround for regression caused by ag/752175 <Winson> 3 months ago
edf329a : Adding gradle script for Android Studio <Sunny Goyal> 3 months ago
a9f483b : Override the overscroll color for the widget rows. <Winson> 4 months ago
fee206f : Adding graphic for all apps empty search screen. <Winson> 4 months ago
a8b244e : Using GET_UNINSTALLED_PACKAGES flag when getting packageInfo for a managed profile app <Sunny Goyal> 4 months ago
ebfae6e : Revert "Adding viewId for the QSB" <Sunny Goyal> 4 months ago
9956859 : Adding viewId for the QSB <Sunny Goyal> 4 months ago
2605900 : Fixing issue with missing scroll bar after fast-scrolling and searching. <Winson> 4 months ago
ec4845b : Fixing an issue where you would inadvertently start fastscrolling. <Winson> 4 months ago
22aa381 : Pending bind callbacks should be cleared before starting the loader, similar to startBinding <Sunny Goyal> 4 months ago
08d6275 : Fixing widgets container inactive scroll bar color. <Winson> 4 months ago
51a7d96 : Making the detached scrollbar catch up faster to the actual scroll position. <Winson> 4 months ago
dd30618 : Updating theme to use the light theme by default, instead of wallpaper theme   > This allows us to use all the goodness of material theme   > Cursor in folder edit text is no longer 1px wide <Sunny Goyal> 4 months ago
830b5e0 : Updating the target sdk to launcher <Sunny Goyal> 4 months ago
ad0c2f2 : Using the usermanager api to get creation time <Sunny Goyal> 4 months ago
81c5f7e : Fixing issue with search bar not being visible. <Winson> 4 months ago
6779595 : Updating the scrollbar to make the fastscroller more visible. <Winson> 4 months ago
d2eb49e : Tweaking fast scroller to follow touch closer. <Winson> 4 months ago
639e906 : Fixing work folder addition logic   > Showing animation when folder is added   > Not showing animation while cling is visible   > Checking is loader completed from UI thread   > Running bind complete runnables when bind is completed <Sunny Goyal> 4 months ago
15f8b17 : Deferring the move to the default screen until after we callback to the callbacks. <Winson> 4 months ago
7c3cccf : Fixing empty screen created at the end, even when dragging the last item on the last screen. <Sunny Goyal> 4 months ago
9fc953b : Version code cleanup <Sunny Goyal> 4 months ago
522142a : Removing call to isButtonPressed as its only Lollipop and above <Sunny Goyal> 4 months ago
ac36643 : Updating the UI for the pending widget view <Sunny Goyal> 4 months ago
13da3ef : Import translations. DO NOT MERGE <Geoff Mendal> 4 months ago
84b4adc : Disabling auto restore of widgets.   > Always show "Setup" button for a widget which has a config activity. <Sunny Goyal> 4 months ago
97b0d08 : Refactoring to ExtendedEditText. <Winson> 4 months ago
 
**** vanir:vendor_asus ****
9058176 : deb: Update blobs to 6.0.1 (MMB29K) <doc HD> 35 hours ago
 
**** cm:CyanogenMod/cm_platform_sdk ****
0cc926d : cmsdk: Add LockscreenToggleTile. <Adnan Begovic> 6 hours ago
4aae796 : cmsdk: Nuke concept of Dynamic Tiles in available tiles. <Adnan Begovic> 28 hours ago
90bc083 : cmsdk: Uncomment dynamic tiles. <Adnan Begovic> 2 days ago
39559bc : CMSDK : Add performance tile <Danesh M> 26 hours ago
 
**** vanir:vendor_lge ****
035e3f8 : ls990: update bt firmware <Dan Pasanen> 3 hours ago
 
**** vanir:vendor_samsung ****
37b9eb3 : smdk4412-common: use hammerhead drm blobs <Simon Shields> 2 days ago
 
**** vanir:vendor_sony ****
85ea93d : 8974: Use simplified set of GPS libraries <Ethan Chen> 4 weeks ago
bb9d744 : 8974: Add widevine DRM blobs <Chirayu Desai> 4 weeks ago
3eadd37 : rhine,shinano: Move Widevine DRM blobs to 8974 common <Chirayu Desai> 4 weeks ago
 
**** vanir:vendor_vanir ****
acb323a : Fix Digi Mobile defaults <Abhisek Devkota> 34 hours ago
 
