
**** vanir:bootable_recovery ****
3010668 : recovery: fstools: Honor TARGET_USES_EXFAT <Tom Marshall> 3 days ago
 
**** vanir:build ****
dd6bdad : Hacks <DHOMD> 3 months ago
 
**** vanir:device_asus_deb ****
e790d50 : deb: Clean up duplicate and deprecated overlays <Zhao Wei Liew> 5 weeks ago
 
**** vanir:device_asus_flo ****
50a79fd : flo: Clean up duplicate and deprecated overlays <Zhao Wei Liew> 5 weeks ago
 
**** cm:CyanogenMod/android_device_cyanogen_msm8916-common ****
025b170 : msm8916-common: use custom audio_policy <C-Aniruddh> 5 weeks ago
 
**** cm:CyanogenMod/android_device_cyanogen_msm8939-common ****
074e22c : msm8939: Use correct max concurrent instances for QC HEVC decoder <Ethan Chen> 8 hours ago
 
**** vanir:device_lge_g3-common ****
14af06d : sepolicy: address a few denials <Dan Pasanen> 3 days ago
 
**** cm:CyanogenMod/android_device_motorola_condor ****
11a0bd8 : Condor: Commonize media_profiles and sec_config [2/3] <Ashwin> 33 hours ago
f707f14 : Condor: Commonize media_codecs [1/3] <Ashwin> 3 days ago
 
**** vanir:device_motorola_msm8226-common ****
cdb9257 : Revert "msm8226-common: Allow init to write to userdata/cache" <LuK1337> 7 hours ago
 
**** cm:CyanogenMod/android_device_motorola_msm8610-common ****
7441f85 : msm8610-common: remove redundant sepolicy <LuK1337> 7 hours ago
32d6bd3 : msm8610-common: remove redundant USB config file <Sultan Qasim Khan> 29 hours ago
ffeaabd : msm8610-common: Commonize media_profiles and sec_config [1/3] <Ashwin> 34 hours ago
4e00eae : msm8610-common: disable multi_window <Sultan Qasim Khan> 2 days ago
b41b5ef : msm8610-common: specify OpenGL version <Sultan Qasim Khan> 2 days ago
9b197fe : msm8610-common: specify output directory for RIL script <Sultan Qasim Khan> 2 days ago
1a777a5 : msm8610-common: remove obsolete or unnecessary overlays <Sultan Qasim Khan> 2 days ago
24fd6ce : msm8610-common: properly specify overlay dirs <Sultan Qasim Khan> 2 days ago
6b6b0dd : msm8610-common: specify TARGET_SPECIFIC_HEADER_PATH <Sultan Qasim Khan> 2 days ago
cc09f95 : msm8610-common: major property cleanup <Sultan Qasim Khan> 2 days ago
7310a4f : msm8610-common: Disable hardware overlays for recents display <Sultan Qasim Khan> 2 days ago
f48f546 : msm8610-common: Commonize media_codecs [3/3] <Ashwin> 3 days ago
 
**** cm:CyanogenMod/android_device_motorola_osprey ****
d4bfcec : cmhw: add isSelfManaged to SunlightEnhancement <Dan Pasanen> 8 days ago
5e4afe6 : osprey: Update SELinux policy for M <Alberto97> 7 weeks ago
 
**** cm:CyanogenMod/android_device_motorola_otus ****
d187eaa : otus: Commonize media_profiles and sec_config [3/3] <Ashwin> 33 hours ago
1480eb4 : otus: Commonize media_codecs [2/3] <Ashwin> 3 days ago
 
**** vanir:device_motorola_qcom-common ****
780893b : Fix binary paths in pds_mount.sh (toybox time) <nadlabak> 3 days ago
cd9d307 : Add camera shim library <nadlabak> 6 weeks ago
 
**** vanir:device_oneplus_bacon ****
48ae7cf : bacon: And one more diag reference <Steve Kondik> 17 hours ago
d3428d8 : bacon: Update diag permissions <Steve Kondik> 17 hours ago
0d2602d : bacon: Clean up TCP buffer settings <Steve Kondik> 33 hours ago
4cc5157 : bacon: Disable ULL <Steve Kondik> 2 days ago
04295ff : bacon: Interactivity improvements <Steve Kondik> 2 days ago
 
**** vanir:device_qcom_common ****
2f48f7d : power: Reduce interactive timer with screen off <Steve Kondik> 2 days ago
 
**** cm:CyanogenMod/android_device_samsung_d2-common ****
7999a0b : ril: Return static radio capability from getRadioCapability <Michael Gernoth> 3 days ago
 
**** vanir:device_samsung_jf-common ****
4bc88e3 : ril: Return static radio capability from getRadioCapability <Michael Gernoth> 3 days ago
 
**** cm:CyanogenMod/android_device_samsung_jflteatt ****
533573b : jflteatt: define Radio Access Family <Mattia D'Alleva> 6 days ago
 
**** cm:CyanogenMod/android_device_samsung_jfltetmo ****
a2d2058 : jfltetmo: define Radio Access Family <Mattia D'Alleva> 6 days ago
 
**** vanir:device_samsung_jfltexx ****
f1261a2 : jfltexx: define Radio Access Family <Mattia D'Alleva> 6 days ago
 
**** cm:CyanogenMod/android_device_sony_taoshan ****
6ed3b71 : taoshan: Update media codecs for M <Olivier K> 4 weeks ago
 
**** vanir:external_sepolicy ****
62438c8 : Revert "property: Make the adb tcp port property a wildcard" <Ethan Chen> 3 days ago
 
**** cm:CyanogenMod/android_external_skia ****
c4401db : skia: qc-perf: link against libqc-opt.so for msm8996 <Scott Mertz> 25 hours ago
 
**** cm:CyanogenMod/android_external_stagefright-plugins ****
566f1cb : stagefright-plugins: Return supported profiles for MPEG4 <Steve Kondik> 5 hours ago
 
**** cm:CyanogenMod/android_external_wpa_supplicant_8 ****
b6720b4 : EAP-pwd server: Fix last fragment length validation <Jouni Malinen> 7 weeks ago
01d4f03 : EAP-pwd peer: Fix last fragment length validation <Jouni Malinen> 7 weeks ago
cfc5470 : WNM: Ignore WNM-Sleep Mode Response if WNM-Sleep Mode has not been used <Jouni Malinen> 8 weeks ago
11a3712 : WNM: Ignore Key Data in WNM Sleep Mode Response frame if no PMF in use <Jouni Malinen> 8 weeks ago
e9f1d41 : WPS: Reconnect for a failed data connection when STA_AUTOCONNECT is 0 <Sunil Dutt> 5 weeks ago
8a71e95 : Fix TK configuration to the driver in EAPOL-Key 3/4 retry case <Jouni Malinen> 3 months ago
2b85ffd : TDLS: On a TPK timeout, tear down the link before renewal by the initiator <Pradeep Reddy POTTETI> 9 weeks ago
e44f99c : eap_proxy: Remove the reference to deprecated qmi_uim_srvc.h <Ashwini Patil> 9 weeks ago
 
**** vanir:frameworks_av ****
7b3a9da : nuplayer: Error checks for PCM format extensions <Steve Kondik> 7 hours ago
53ac41b : stagefright: Fix some aac file cannot be played back <Keith Mok> 31 hours ago
f45ba7f : audiopolicy: Set sane defaults for QC audio features <Steve Kondik> 29 hours ago
 
**** vanir:frameworks_base ****
9ca8d4c : SystemUI: fix incorrect tile shifting behavior <Roman Birg> 26 hours ago
44a3303 : SystemUI: hide visualizer when keyguard is occluded <Roman Birg> 3 months ago
a41cb45 : SystemUI: fix NPE crash when Visualizer is not initialized <Mikalacki Sava> 4 months ago
19e458f : SystemUI: use new visualizer from Eleven <Utkarsh Gupta> 4 months ago
1d87c14 : Allow disabling the privacy guard notification - port from cm-12.1 (2/3) <Chirayu Desai> 10 days ago
31f15eb : connectivity: Configure additional TCP parameters <Steve Kondik> 33 hours ago
1003c49 : libhwui: make setSurface asynchronous <Thomas Buhot> 2 weeks ago
ec4c775f : Use custom ADB over wifi property <Ethan Chen> 2 days ago
8c15ebc : fix checkapi <Simon Shields> 2 days ago
36dea10 : pm: Don't try to create oat dirs for prebundled apps on system <Steve Kondik> 2 days ago
69668f1 : Fix memory leak in HWUI <Sangkyu Lee> 7 days ago
acfc22e : SystemUI : Add location tile from 12.1 <Danesh M> 2 days ago
 
**** vanir:frameworks_native ****
31ab17f : Fix the execution point of onFrameAvailable/onFrameReplaced callbacks <Christian Poetzsch> 11 days ago
5934c29 : SF: Fix invalid reduction of transparent region from a layer. <radhakrishna> 1 year, 10 months ago
bea57f3 : sf : Fix vertices & texture coordinates computation. <Ramakant Singh> 3 months ago
 
**** cm:CyanogenMod/android_frameworks_opt_net_wifi ****
40162df : wifi: Configure additional TCP parameters <Steve Kondik> 33 hours ago
78a2e37 : Do not add (anonymous) identity for EAP-SIM/AKA/AKA` networks. <Sravanthi Palakonda> 4 weeks ago
 
**** vanir:frameworks_opt_telephony ****
149970d : Revert "Do not use the CSIM IMSI for mobile operator MNC." <Dan Pasanen> 2 weeks ago
4810ebf : telephony: Configure additional TCP parameters <Steve Kondik> 33 hours ago
 
**** cm:CyanogenMod/android_hardware_qcom_audio ****
d9ff371 : hal: Actually make low-latency capture optional <Gabriele M> 6 hours ago
44b0192 : Add more allowed frame counts to be configured <Glenn Kasten> 8 months ago
26d4452 : hal: Trivial cleanups <Steve Kondik> 31 hours ago
faefb32 : hal: Upstream offload fixes <Amit Shekhar> 1 year, 3 months ago
505da3f : audio: hal: Add support to send codec specific data in gapless <Alexy Joseph> 3 months ago
 
**** cm:CyanogenMod/android_hardware_qcom_display ****
b9f52c3 : overlay: add tertiary display definition in overlay <Vinu Deokaran> 31 hours ago
 
**** cm:CyanogenMod/android_hardware_qcom_display ****
5bdcfa4 : Additional pathmap & build fixes <Scott Mertz> 6 days ago
 
**** cmold:android_kernel_htc_msm8960 ****
ff02806 : bluetooth: Validate socket address length in sco_sock_bind(). <David S. Miller> 2 days ago
8c1e1e8 : pagemap: do not leak physical addresses to non-privileged userspace <Kirill A. Shutemov> 9 months ago
ef38a93 : md: use kzalloc() when bitmap is disabled <Benjamin Randazzo> 5 months ago
5c3c41c : KEYS: Fix handling of stored error in a negatively instantiated user key <David Howells> 3 weeks ago
5a94380 : ipv6: addrconf: validate new MTU before applying it <Marcelo Leitner> 10 months ago
7a88c7e : mm: reorder can_do_mlock to fix audit denial <Jeff Vander Stoep> 9 months ago
869a724 : __ptrace_may_access() should not deny sub-threads <Mark Grondona> 2 years, 3 months ago
403187d : net: fix iterating over hashtable in tcp_nuke_addr() <Dmitry Torokhov> 5 months ago
e72ace4 : net: add validation for the socket syscall protocol argument <Hannes Frederic Sowa> 3 days ago
 
**** cmold:android_kernel_htc_msm8974 ****
311f995 : bluetooth: Validate socket address length in sco_sock_bind(). <David S. Miller> 2 days ago
c56b239 : net: add validation for the socket syscall protocol argument <Hannes Frederic Sowa> 3 days ago
 
**** vanir:kernel_lge_g3 ****
d9e6b73 : bluetooth: Validate socket address length in sco_sock_bind(). <David S. Miller> 2 days ago
4b2810d : net: add validation for the socket syscall protocol argument <Hannes Frederic Sowa> 3 days ago
 
**** cmold:android_kernel_oneplus_msm8974 ****
51f801d : qpnp-vibrator: Fix potential race condition <Steve Kondik> 11 hours ago
dda1c67 : sched: fix the theoretical signal_wake_up() vs schedule() race <Oleg Nesterov> 2 years, 4 months ago
86be0cc : Revert "sched: Make dl_task_time() use task_rq_lock()" <Steve Kondik> 11 hours ago
b1915f6 : power: qpnp-charger: Disable IRQ wake-up when disabling the IRQ <Fenglin Wu> 12 months ago
411b650 : power: qpnp-charger: wake up upon fast charge after resuming <David Keitel> 1 year, 11 months ago
5af2cb5 : mdss: mdp: reuse pipes from cleanup pool <Saurabh Shah> 6 months ago
3c2f7a8 : perf: stop deadlock when cpu_up fails <Naveen Ramaraj> 3 months ago
016209d : cpuidle: Add need_resched() check <Patrick Daly> 9 weeks ago
f9d9d65 : misc: Fix various issues with upstream merge <Steve Kondik> 24 hours ago
6e3c5f5 : mm: vmscan: lock page on swap error in pageout <Vinayak Menon> 1 year, 1 month ago
e5e2080 : Revert "epoll: use freezable blocking call" <Rafael J. Wysocki> 2 years, 2 months ago
d2abcca : ASoC: msm: Interrupt events in compress free <Ben Romberger> 2 months ago
395b09f : ASoC: msm: qdsp6v2: Copy multiple frames per msm-pcm-q6 copy <Ben Romberger> 4 weeks ago
ef2e8f1 : rq_stats: Fix usage of cpufreq APIs <Steve Kondik> 30 hours ago
5f26c1c : timer: reduce cache bouncing of deferral timer wheel <Joonwoo Park> 9 months ago
7f8450a : timer: make deferrable cpu unbound timers really not bound to a cpu <Joonwoo Park> 1 year, 3 months ago
c860248 : timer: Clean up timer initializers <Tejun Heo> 3 years, 4 months ago
8a294f9 : timer: Generalize timer->base flags handling <Tejun Heo> 3 years, 4 months ago
ccd3dbf : hrtimer: Prevent stale expiry time in hrtimer_interrupt() <Thomas Gleixner> 11 months ago
ad86d84 : ASoC: msm: qdsp6v2: Prevent ASM callback when client freed <Ben Romberger> 5 weeks ago
a997189 : block: recursive merge requests <Shaohua Li> 3 years, 1 month ago
656c46b : block: Reserve only one queue tag for sync IO if only 3 tags are available <Jan Kara> 2 years, 6 months ago
79c3720 : fs/buffer.c: increase the buffer-head per-CPU LRU size <Sebastien Buisson> 1 year, 2 months ago
5a2d063 : bacon: Update defconfig <Steve Kondik> 2 days ago
ab02cc2 : printk: Make the console flush configurable in hotplug path <Ram Chandrasekar> 1 year, 1 month ago
8b92f0e : printk: Fix calculation of length used to discard records <Jeff Mahoney> 3 years, 4 months ago
8a9643c : prima: Shush frame logging failure message <Steve Kondik> 2 days ago
591ce60 : rcu: Direct algorithmic SRCU implementation <Paul E. McKenney> 3 years, 10 months ago
4f90e24 : futexes: Increase hash table size for better performance <Davidlohr Bueso> 1 year, 11 months ago
fda4bea : ARM: spinlock: use inner-shareable dsb variant prior to sev instruction <Will Deacon> 2 years, 7 months ago
77674c2 : ARM: 8160/1: drop warning about return_address not using unwind tables <Uwe Kleine-König> 1 year, 3 months ago
15662b7 : ARM: 8158/1: LLVMLinux: use static inline in ARM ftrace.h <Behan Webster> 1 year, 3 months ago
76a2e1b : ARM: 7676/1: fix a wrong value returned from CALLER_ADDRn <Keun-O Park> 2 years, 9 months ago
c6a8a9d : msm: ipc_socket: fix leak of kernel memory to userspace <Patrick Tjin> 9 weeks ago
d7a09df : cpufreq: interactive: Do not reschedule timer if policy->max changes <Junjie Wu> 8 months ago
ad3ef09 : Revert "cpufreq: interactive: Consider changed min limit a frequency boost" <Steve Kondik> 2 days ago
132eba5 : cpufreq: interactive:call __cpufreq_driver_target() for cur frequency <Hanumath Prasad> 6 months ago
445e93a : cpufreq: interactive: Rearm governor timer at max freq <Rohit Gupta> 10 months ago
2a3cd1b : cpufreq: interactive: Rearm governor timer at max freq <Rohit Gupta> 10 months ago
45466e0 : neigh: Better handling of transition to NUD_PROBE state <Erik Kline> 5 months ago
a769374 : PM / QoS: Fix workqueue deadlock when using pm_qos_update_request_timeout() <Stephen Boyd> 2 years, 4 months ago
43bafcd : msm: kgsl: Look up the process struct in process_mem_open() <Jordan Crouse> 1 year, 7 months ago
65c9b27 : msm: kgsl: hold a process_private refcount in process_mem_print <Jeremy Gebben> 1 year, 9 months ago
f59c6b3 : msm: kgsl: Mark mmapped objects with VM_DONTCOPY <Jordan Crouse> 1 year, 5 months ago
0381ac8 : kgsl: Add null check when freeing memory <Steve Kondik> 2 days ago
41cd93a : msm: kgsl: Restrict GPU memory object alignment to 32MB <Jordan Crouse> 1 year, 7 months ago
43ff643 : msm: kgsl: Policy change to skip entire command during fault recovery <Tarun Karra> 1 year, 10 months ago
474205e : msm: kgsl: Fix memory entry leak when calling adreno_convertaddr <Shubhraprakash Das> 2 years, 5 months ago
19b7b8c : msm: kgsl: Enable hang interrupt for a330v2 <Tarun Karra> 2 years ago
021fa43 : msm: kgsl: Enable hang interrupt by setting right bits for A330V2 <Shubhraprakash Das> 2 years, 2 months ago
 
**** github:ashwinr64/android_kernel_oneplus_onyx ****
e122d7a : msm: vidc: Fix timestamp for EOS buffer <Sachin Shah> 1 year, 6 months ago
499ff6a : diag: Cleanup client information on deinit Ioctl <Katish Paran> 4 weeks ago
66652f9 : msm: vidc: use dedicated pendingq.lock for pendingq <Balamurugan Alagarsamy> 4 weeks ago
d560b4e : msm: vidc: fix null pointer crash in sys error handler <Balamurugan Alagarsamy> 7 weeks ago
 
**** cmold:android_kernel_samsung_d2 ****
b257dc3 : bluetooth: Validate socket address length in sco_sock_bind(). <David S. Miller> 2 days ago
1f35e08 : net: add validation for the socket syscall protocol argument <Hannes Frederic Sowa> 3 days ago
 
**** vanir:kernel_samsung_jf ****
2bd3ae3 : bluetooth: Validate socket address length in sco_sock_bind(). <David S. Miller> 2 days ago
0145604 : Fix sizeof-pointer-memaccess warning with gcc 4.8 <Vineeta Srivastava> 2 years ago
3eecfdc : net: add validation for the socket syscall protocol argument <Hannes Frederic Sowa> 3 days ago
 
**** cmold:android_kernel_sony_apq8064 ****
d775799 : md: use kzalloc() when bitmap is disabled <Benjamin Randazzo> 5 months ago
96876de : ipv6: addrconf: validate new MTU before applying it <Marcelo Leitner> 10 months ago
5a3fe69 : net: fix iterating over hashtable in tcp_nuke_addr() <Dmitry Torokhov> 5 months ago
ff0a145 : pagemap: do not leak physical addresses to non-privileged userspace <Kirill A. Shutemov> 9 months ago
832c0c5 : __ptrace_may_access() should not deny sub-threads <Mark Grondona> 2 years, 3 months ago
750de63 : mm: reorder can_do_mlock to fix audit denial <Jeff Vander Stoep> 9 months ago
1d9a07a : KEYS: Fix crash when attempt to garbage collect an uninstantiated keyring <David Howells> 9 weeks ago
dc5f58d : KEYS: Fix race between key destruction and finding a keyring by name <David Howells> 3 months ago
a3fab7a : KEYS: Add invalidation support <David Howells> 3 years, 7 months ago
ba8bd0f : KEYS: Permit in-place link replacement in keyring list <David Howells> 3 years, 7 months ago
0ec67c2 : KEYS: Perform RCU synchronisation on keys prior to key destruction <David Howells> 3 years, 7 months ago
f34ae51 : KEYS: Fix handling of stored error in a negatively instantiated user key <David Howells> 3 weeks ago
 
**** vanir:platform_manifest ****
9b40b91 : dedupe <DHOMD> 4 hours ago
ae7c494 : Cancro by xiaomi <DHOMD> 4 hours ago
d9e6514 : Wyldstallyns' bullhead <DHOMD> 4 hours ago
 
**** cm:CyanogenMod/android_packages_apps_BluetoothExt ****
5b2f3d7 : BluetoothExt: Remove unused strings <Michael Bestas> 5 hours ago
 
**** cm:CyanogenMod/android_packages_apps_DeskClock ****
aba22b8 : DeskClock: add increasing volume option for alarm clocks <Wilhelm Fitzpatrick> 2 days ago
 
**** cm:CyanogenMod/android_packages_apps_Gallery2 ****
cf90a15 : Gallery2: Properly declare the own permissions <AdrianDC> 4 weeks ago
 
**** cm:CyanogenMod/android_packages_apps_InCallUI ****
48b5109 : InCallUI: Improve more CAF strings <Michael Bestas> 32 hours ago
 
**** cm:CyanogenMod/android_packages_apps_Messaging ****
294b589 : Add new FW blacklisted numbers to local db cache <gkipnis> 8 days ago
d1147c1 : LookupProvider Integration <Martin Brabham> 2 weeks ago
 
**** vanir:packages_apps_Settings ****
d948c83 : setings: Fix livedisplay settings <Steve Kondik> 5 months ago
b84189d : Settings: adapt lock screen visualizer toggle <AdrianDC> 15 hours ago
d73745d : Settings: Fix the SoundSettings activity and intents <AdrianDC> 28 hours ago
ae6f092 : Settings: add lock screen visualizer toggle <Roman Birg> 28 hours ago
00ee337 : Allow disabling the privacy guard notification - port from cm-12.1 (1/3) <Chirayu Desai> 10 days ago
ea2c65f : Settings: fix mobile network switch being unchecked <Roman Birg> 9 months ago
b3819f3 : Settings: add dashboard switch view for sw600dp <Roman Birg> 9 months ago
b62a2f7 : Settings: move double press power for camera to button settings <Altaf-Mahdi> 5 weeks ago
800fa6b : Revise VanirSecuritySettings conditionalization w/ O.O. solution <nuclearmistake> 2 days ago
c5cd017 : Settings: add switches for dashboard items <Roman Birg> 12 months ago
e1f1ba9 : Settings : Remove status bar weather entry <Danesh M> 2 days ago
 
**** cm:CyanogenMod/android_packages_apps_Trebuchet ****
dca57f3 : Trebuchet: Add ability to disable the scroller completely <Martin Herndl> 11 hours ago
a343529 : Handle theme changes <Clark Scheff> 1 year, 6 months ago
e524508 : Add app drawer search bar toggle to settings <Martin Herndl> 2 days ago
 
**** vanir:packages_services_Telephony ****
7ac61d7 : Telephony: Improve call forwarding strings <Michael Bestas> 35 hours ago
 
**** cm:CyanogenMod/android_system_bt ****
cc3b973 : bluedroid: Add wiimote pairing support <Schischu> 1 year, 8 months ago
 
**** vanir:system_netd ****
c9251e2 : netd: Don't build the QSAP SDK on Nexii <Steve Kondik> 3 days ago
 
**** vanir:system_vold ****
b134799 : vold: hw_fde: fix OTA issues from L to M <Dinesh K Garg> 9 weeks ago
4678458 : vold: hw_fde: fix OTA issues from L to M <Dinesh K Garg> 9 weeks ago
 
**** cm:CyanogenMod/cm_platform_sdk ****
a61af19 : cmsdk: add LOCKSCREEN_VISUALIZER_ENABLED <Roman Birg> 9 days ago
ba670bf : Allow disabling the privacy guard notification - port from cm-12.1 (3/3) <Chirayu Desai> 7 days ago
cead77a : CMSDK : Migrate QS_ADVANCED_LOCATION_SETTINGS <Danesh M> 2 days ago
 
**** vanir:vendor_oneplus ****
3ab2648 : bacon: Update blobs <Steve Kondik> 26 hours ago
9434a13 : Reset 1+2 HARD to Muppets <DHOMD> 30 hours ago
 
**** cm:CyanogenMod/android_vendor_qcom_opensource_display-frameworks ****
122d8a6 : display-fw: Properly initialise mIsGPUAllowedForProtected flag <Baldev Sahu> 3 weeks ago
 
**** vanir:vendor_vanir ****
51e74dd : Added support for cancro <mr-tweaker> 2 days ago
fe9dfb3 : otasigcheck: Rewrite for CM 13.0 <Tom Marshall> 2 weeks ago
7e4900f : SELinux: Use custom ADB over network property <Ethan Chen> 2 days ago
c203887 : sepolicy: Add permission for formatting user/cache partition <Keith Mok> 2 days ago
214d055 : sepolicy: Add domain for mkfs binaries <Keith Mok> 2 days ago
 
