
**** vanir:build ****
f6b8e74 : Hacks <DHOMD> 7 months ago
3ef1982 : Revert "binary: Generate dummy rule for relocated protobuf headers" <Ricardo Cerqueira> 2 days ago
 
**** samba:ccache.git ****
4e082d8 : Update NEWS <Joel Rosdahl> 2 days ago
c39051e : Fix clang plugin hashing. <Mikhail Kolomeytsev> 2 days ago
6c3861e : Add note about MinGW/Windows fixes to NEWS <Anders Björklund> 6 days ago
 
**** cm:CyanogenMod/android_device_htc_msm8974-common ****
08daa28 : msm8974: Switch to QCOM's FM radio app <Arne Coucheron> 3 days ago
c94f1f0 : audio_policy: Add AUDIO_DEVICE_OUT_FM to output devices <Arne Coucheron> 5 days ago
 
**** vanir:device_lge_bullhead ****
eaddddf : bullhead: Remove random binaries from props <Steve Kondik> 2 days ago
6dbed19 : bullhead: Add missing sampling rates to audio policy <Steve Kondik> 2 days ago
bf5a06a : bullhead: Enable speaker protection <Steve Kondik> 4 days ago
4d2ba22 : bullhead: Install local audio_effects.conf <Steve Kondik> 3 weeks ago
6b0ea67 : bullhead: fix NFC selinux denial <Roman Birg> 6 weeks ago
 
**** cm:CyanogenMod/android_device_lge_g4-common ****
4d2247e : fstab: add mpt <Jake Whatley> 3 days ago
 
**** cm:CyanogenMod/android_device_lge_h815 ****
de1ea52 : fstab: move mpt to g4-common <codeworkx> 3 days ago
 
**** cm:CyanogenMod/android_device_lge_mako ****
8afa00b : camera: Fix the flash sync issue in CAF mode <Ricardo Cerqueira> 2 years, 6 months ago
c0bdce1 : Break out mako from devices that are still alive <Abhisek Devkota> 2 days ago
 
**** vanir:device_motorola_falcon ****
6e867f2 : falcon: it's 2016 <srisurya95> 4 weeks ago
 
**** vanir:device_motorola_msm8226-common ****
e0681f4 : msm8226-common: fstab: add a comment for USB OTG <fonz93> 2 days ago
c057f6d : msm8226-common: sensors: Use CLOCK_BOOTIME (falcon-peregrine) <Gabriele M> 3 weeks ago
874a744 : msm8226-common: it's 2016 <srisurya95> 4 weeks ago
 
**** vanir:device_motorola_omap4-common ****
c2cf2f7 : doze: Use new mechanism to include tiles into settings dashboard. <Danny Baumann> 11 days ago
cd452a5 : doze: Remove gesture settings summary <nadlabak> 5 days ago
 
**** vanir:device_oneplus_bacon ****
209d6f5 : bacon: remove dedicated VOIP path <Scott Mertz> 4 days ago
fb3950a : bacon: disable dual instances of Fluence module <Scott Mertz> 3 weeks ago
 
**** github:Grarak/android_device_oneplus_oneplus2 ****
e359f41 : Fix more denials <Willi Ye> 4 days ago
574d264 : oneplus2: Remove debugfs mounting <Steve Kondik> 2 weeks ago
7ae0056 : oneplus2: Completely remove QC location stack <Keith Mok> 3 weeks ago
18c9467 : Revert "Announce our RAT capabilities." <Willi Ye> 6 days ago
d40e0e0 : media: Remove flac decoder <Willi Ye> 6 days ago
f81624a : oneplus2: remove qcmediaplayer <Dan Pasanen> 10 days ago
89fc116 : oneplus2: use best optimized routines for a53/a57 <codeworkx> 6 days ago
609ba9c : Add keylayout for double tap <Willi Ye> 9 days ago
8dc5103 : Remove widevine blobs <Willi Ye> 6 days ago
 
**** cm:CyanogenMod/android_device_samsung_galaxys2-common ****
f94f7a8 : galaxys2-common: Remove low latency audio <Caio Schnepper> 3 days ago
9a33a71 : galaxys2-common: enable auto power modes <rINanDO> 7 days ago
 
**** vanir:device_samsung_kona-common ****
1a3f5a6 : kona: fade off by default <Andreas Blaesius> 3 weeks ago
 
**** cm:CyanogenMod/android_device_samsung_noblelte-common ****
ce72fe7 : Revert "audio: Remove wideband callback handler from audio HAL/Interface" <Christopher N. Hesse> 7 hours ago
8858ba9 : noblelte: Update incall mode enforcing property <Christopher N. Hesse> 2 days ago
af00893 : audio: Fix deep buffer link <Christopher N. Hesse> 2 days ago
4c2c201 : noblelte: SELinux fixes <Christopher N. Hesse> 12 days ago
43a7b47 : audio: Code style improvements <Christopher N. Hesse> 2 days ago
918d300 : audio: Remove wideband callback handler from audio HAL/Interface <Christopher N. Hesse> 2 weeks ago
 
**** vanir:device_samsung_smdk4412-common ****
e3df9a4 : move macloader to late_start class <Wolfgang Wiedmeyer> 3 months ago
 
**** cm:CyanogenMod/android_device_sony_nicki ****
15b6ae7 : nicki: Remove not implemented wma audio decoders <RonGokhale> 5 days ago
 
**** cm:CyanogenMod/android_device_sony_sirius ****
eca3568 : Add NFC configuration files <Chirayu Desai> 5 weeks ago
 
**** vanir:frameworks_av ****
27ee071 : audioflinger: clear mMixerBuffer if frame is not ready <Mohan Kumar> 1 year, 4 months ago
536fd16 : Avoid parsing CC SEI payload beyond buffer end <Patrik2 Carlsson> 10 months ago
5a4c1f8 : CameraService: Fix cameraId type of onDeviceStatusChanged <Bin Chen> 5 weeks ago
c4795f0 : MPEG4Extractor: cast media time to int64_t in order to avoid check on unsigned integer overflow. <Wei Jia> 8 weeks ago
4b17bd1 : Overflow fixes for amrwbenc <Marco Nelissen> 9 weeks ago
d7a4d6d : libcameraservice: Allow media server to disconnect camera even unlocked <Wang, Jianfeng XA> 1 year, 10 months ago
3df4fac : Fix benign integer overflow conditions for VSYNC add and removal. <Dan Austin> 5 months ago
37c5d30 : Fix harmless unsigned overflow in recoverPTS <Chad Brubaker> 8 months ago
b821ad1 : Fix integer overflow in time conversion <Marco Nelissen> 6 months ago
4e35e8f : Prevent divide by zero in WAVExtractor <Joshua J. Drake> 8 months ago
92742eb : OMXCodec: fix potential OOB read in parseHEVCCodecSpecificData <Robert Shih> 7 months ago
985e33c : Prevent integer underflows in ID3::Iterator <Joshua J. Drake> 8 months ago
429372d : Stagefright: Remove unused variables and files <Andreas Gampe> 8 months ago
c727e17 : h264dec: Use intptr_t when a pointer is treated as an integer <Ashok Bhat> 1 year, 10 months ago
c27fc35 : MPEG4Extractor: still more NULL dereference fixes <Joshua J. Drake> 12 months ago
d954486 : Use errno correctly. <tao.pei> 9 months ago
 
**** vanir:frameworks_base ****
fc46c48 : NullPointerException when starting VoiceInteractionManagerService <Edward Savage-Jones> 3 months ago
ca42e22 : SystemUI: fix play queue crash <Roman Birg> 32 hours ago
e73c4b9 : SystemUI: attach a queue to media player notifications <Roman Birg> 8 months ago
9788452 : Themes: Fail theme install if common resources fail <d34d> 5 days ago
26cdefb : SystemUI: Fix missing semi colon. <Adnan Begovic> 4 days ago
a944dab : SystemUi: Show correct iconography for default left affordance settings. <Adnan Begovic> 4 days ago
b47a1c5 : camera2 legacy: Allow HDR processing to take a while <nadlabak> 3 months ago
 
**** cm:CyanogenMod/android_hardware_qcom_audio ****
886c244 : hal: remove explicit direct pcm usecase <vivek mehta> 7 months ago
f6cd4f7 : hal: stop sound trigger buffering during close <Mingming Yin> 9 weeks ago
4fb2812 : hal: don't allow track offload if there's active sw effect <Weiyin Jiang> 5 weeks ago
bfe1cc3 : hal: Fix 44.1Khz playback when native support is not enabled <Amit Shekhar> 10 weeks ago
dc520bc : libaudiopolicymanager: DirectPCM: fix 44.1 clip playing noisy issue <vivek mehta> 4 months ago
b73a764 : audio: Extend platform parser to allow device name aliasing <Ethan Chen> 1 year, 7 months ago
64387ed : hal: Fix voice call recording <solk2> 1 year, 7 months ago
91c7d6b : hal: Fix digital USB headset combo device <Steve Kondik> 1 year, 7 months ago
be6fdfc : hal: Clean up compilation warnings <Steve Kondik> 1 year, 4 months ago
13ba1b4 : hal: Add support for audio amplifier HAL <Ethan Chen> 2 years, 10 months ago
381b7a0 : audio: Configure CM default feature set <Steve Kondik> 1 year, 4 months ago
b25084a : hal: Allow building hardware audio encoders <Arne Coucheron> 1 year, 2 months ago
f48de3d : audio: Use project pathmap <Ethan Chen> 3 months ago
1362fc7 : audio: Only allow non-legacy HAL <Ethan Chen> 3 months ago
b5b6d33 : hal: Update format table with AAC ADTS formats. <Ashish Jain> 4 months ago
102616d : HAL: Identify the track offload session <Sharad Sangle> 4 months ago
d7eaf2b : HAL: Identify Track offload session <Alexy Joseph> 4 months ago
8c21ad7 : Merge DAX2 changes <Gao Jie> 5 months ago
12467a1 : hal: Use AUDIO_TX_MONO_COPP topology for incall record usecases <Karthik Reddy Katta> 5 months ago
 
**** cm:CyanogenMod/android_hardware_qcom_audio ****
28d166a : audio: Extend platform parser to allow device name aliasing <Ethan Chen> 1 year, 7 months ago
 
**** vanir:hardware_qcom_audio ****
9828fdc : post_proc: Squash upstream changes <wjiang> 2 years ago
 
**** cm:CyanogenMod/android_hardware_qcom_display ****
7b9a3a1 : hwc/overlay: Validate cursor position in hwc_setPositionAsync <Baldev Sahu> 5 weeks ago
4c401f0 : hwc: Fix sanitize ROI func <Ramakant Singh> 7 weeks ago
6dab9c9 : hwc: Apply Default Mode on real framework start <Sravan Kumar D.V.N> 8 weeks ago
732b9ac : qdutils: Correct the hwc-driver mismatch <Ramakant Singh> 8 weeks ago
f1e2905 : hwc: remove local constant DISPLAY_ATTRIBUTES list <Ramakant Singh> 8 weeks ago
a74edfb : hwc: Remove references to display-frameworks <Ethan Chen> 3 months ago
c7cce05 : hwc: Fix compile errors after display-frameworks removal <Arne Coucheron> 3 months ago
b375570 : hwc: Support for QDCM Preference when PU enabled <Nitesh Gupta> 3 months ago
cc1ec84 : hwc: Set ioprio for vsync thread <Steve Kondik> 6 months ago
7516867 : Don't build lights module if vendor supplies it <Steve Kondik> 1 year, 5 months ago
730d245 : Revert "hqd: Use MSM_VIDC_TARGET_LIST for Venus color format" <Ethan Chen> 3 months ago
bc1215a : display: Use project pathmap <Ethan Chen> 1 year, 5 months ago
c324d73 : hwc: Set DefaultMode after bootup completion <Ramakant Singh> 4 months ago
8a6e7c9 : gralloc: Add a private flag for INTERNAL only <Arun Kumar K.R> 7 months ago
394c830 : hwc: Donot update dynamic-fps when device is not active <Ramakant Singh> 5 months ago
8f21571 : hwc: Do not wait for MDSS fence for layers with rotation <Dileep Kumar Reddi> 6 months ago
d2c5ca0 : hwc: Start with ROI set to destination <Arun Kumar K.R> 5 months ago
9ef4d8c : hwc: Set minfps as part of timeout_handler during idlefallback <Ramakant Singh> 6 months ago
0d616ba : Revert "hwc: Relax format change restrictions for certain targets" <Dileep Kumar Reddi> 6 months ago
213ead5 : Default flexible YUV format to NV21 <Tanmaya Godbole> 7 months ago
ed75fdb : hwc: Reset refresh-rate for few cases as part of timeout handler <Dileep Kumar Reddi> 6 months ago
56ed396 : gralloc: Add support for PRIV_FLAGS_DISP_CONSUMER <Surajit Podder> 9 months ago
a2d5295 : hwc: Support ActionSafe on targets with non-scaling RGB pipes. <Sandeep Panda> 7 months ago
248378d : gralloc: Use adreno_utils api for NV21 and NV12 alignment <Sushil Chauhan> 7 months ago
037d21d : hwc: Use basePipe for fullscreen and opaque layer <Pullakavi Srinivas> 7 months ago
77ec4ef : gralloc: Modify check for uncompressed RGB buffers <Naomi Luis> 7 months ago
449fbe0 : hwc: Use aligned width and height <Dileep Kumar Reddi> 7 months ago
02dbc50 : Revert "HWC: use aligned width and height for rearranging ROI" <Dileep Kumar Reddi> 7 months ago
cd7217a : hwc: Support ActionSafe on targets with non-scaling RGB pipes. <Sandeep Panda> 7 months ago
eed742d : overlay: add tertiary display definition in overlay <Vinu Deokaran> 7 months ago
a029479 : hwc: Validate display ID in hwc interface <Arun Kumar K.R> 7 months ago
09441c1 : gralloc: Add missing changes related to RAW16 <Raj Kamal> 8 months ago
7ea10c5 : hwc: Use basePipe for fullscreen and opaque layer <Pullakavi Srinivas> 7 months ago
c039f6e : hwc: Use aligned width and height <Dileep Kumar Reddi> 7 months ago
60cbe72 : Revert "HWC: use aligned width and height for rearranging ROI" <Dileep Kumar Reddi> 7 months ago
2e918bf : hwc: Avoid idlefallback during video playback <Raj Kamal> 7 months ago
fbe5a60 : HWC: use aligned width and height for rearranging ROI <Dileep Kumar Reddi> 7 months ago
597b313 : hwc: Featurize HWC_DISPLAY_SECURE <Raj Kamal> 7 months ago
eb4d7a6 : hwc: Use HWC_DISPLAY_NO_ATTRIBUTE as terminator. <Prabhanjan Kandula> 7 months ago
410ba7c : hwc : Normalize source crop before validating scaling limits. <Prabhanjan Kandula> 8 months ago
95fef31 : hwc: Relax format change restrictions for certain targets <Dileep Kumar Reddi> 7 months ago
42a1c98 : hwc: Changes for display-hal compilation with QTI_BSP enabled <Ramakant Singh> 8 months ago
c772eec : hwc: Do not use Borderfill pipe for composition in WFD <Dileep Kumar Reddi> 8 months ago
e5268fd : hwc/overlay: Pass handle w/h and crop w/h through fb_image field <Arun Kumar K.R> 8 months ago
5d39f02 : hwc: Log warning instead of mHDMIClient object not available <Dileep Kumar Reddi> 8 months ago
55b3489 : hwc: Ignore float-conversion for included headers <Naseer Ahmed> 8 months ago
82fe9c6 : hwc: Do not consider rotation for smart blit <Ramakant Singh> 8 months ago
dd689ff : hwc: Do not create idle invalidator for MDP3 targets <Dileep Kumar Reddi> 8 months ago
c58836b : hwc: Align ROI's width and height in both directions <Dileep Kumar Reddi> 8 months ago
19f2250 : hwc: Fix SF crash due to SIGSEGV error <Raj Kamal> 8 months ago
 
**** cm:CyanogenMod/android_hardware_qcom_display ****
17f2d38 : Don't build lights module if vendor supplies it <Steve Kondik> 1 year, 5 months ago
420cc3a : msm8996: remove unused qcom features <Scott Mertz> 3 months ago
5bdcfa4 : Additional pathmap & build fixes <Scott Mertz> 4 months ago
e80bb52 : display: Use project pathmap <Ethan Chen> 1 year, 5 months ago
e04e869 : Remove usage of MASTER_SIDE_CP_TARGET_LIST <Scott Mertz> 4 months ago
3fd7d00 : Revert "hqd: Use MSM_VIDC_TARGET_LIST for Venus color format" <Scott Mertz> 4 months ago
99aa8ca : sdm: Fix uninitialized HWLayers object <Saurabh Shah> 4 months ago
572b2bf : sdm: Do not copy surfaceDamage rects for SKIP layers <Sushil Chauhan> 4 months ago
074314d : gralloc: Add support for PRIV_FLAGS_DISP_CONSUMER <Surajit Podder> 9 months ago
8f8f6c7 : sdm : Add support for dynamic BW limit management <Prabhanjan Kandula> 6 months ago
83a945b : libqdutils: Refer to standard definitions for display types. <Dileep Marchya> 5 months ago
f29ff14 : sdm: Fix buffer overflow <Manoj Kumar AVM> 5 months ago
99ef378 : sdm: HWDevice: Set correct HWDisplayMode <Arun Kumar K.R> 5 months ago
ddca4e7 : sdm: Remove unused function in rect utility <Manoj Kumar AVM> 5 months ago
8d22bad : sdm: Fix memory leaks. <Dileep Marchya> 5 months ago
1c3f9a3 : hwc: Handle SBM operation set for all layers <Saurabh Shah> 5 months ago
b8067a4 : qdMetadata: Use uint32_t instead of bool <Saurabh Shah> 5 months ago
a0db84b : sdm: hdmi: Set the default grayscale value to RGB888 <Tatenda Chipeperekwa> 6 months ago
e94e78c : sdm: Add bandwidth and clock members <Sushil Chauhan> 8 months ago
959863b : sdm: Update HWPanelInfo during primary resolution switch <Sushil Chauhan> 5 months ago
b8ecfbf : display: Enable clang for all display modules <Naseer Ahmed> 5 months ago
63e8c95 : sdm: Source crop top needs adjustment for interlaced <Sushil Chauhan> 5 months ago
f1c8357 : sdm: Remove closing of fd during Sync operations <Manoj Kumar AVM> 5 months ago
44e2be1 : sdm: Do not process blit configuration for zero app layers. <Dileep Marchya> 5 months ago
61ef29b : sdm: Add support for single buffer layers <Saurabh Shah> 6 months ago
a816961 : sdm: Use FB resolution for virtual display <radhakrishna> 5 months ago
a0394ad : qdMetaData: Remove unused metadata fields. <Arun Kumar K.R> 5 months ago
50ff0bb : sdm: Panel name retrieval support <Dileep Marchya> 5 months ago
95f8368 : gralloc/metadata: Add support for single buffer mode <Saurabh Shah> 5 months ago
d7131e6 : sdm: Add support for UBWC in C2D <radhakrishna> 6 months ago
67c1f90 : sdm: Allow draw cycle in doze state. <Dileep Marchya> 5 months ago
5fb6d40 : sdm: Perform GPU target layer validation. <Manoj Kumar AVM> 5 months ago
226646c : sdm: Populate correct WB index for virtual <radhakrishna> 5 months ago
3edaf83 : sdm: Read rotator capabilities from driver <radhakrishna> 6 months ago
492ab99 : sdm: Fix ROI and Split info in SF dumpsys <Sushil Chauhan> 5 months ago
a9fb396 : sdm: Remove buffer format validation from hwc wrapper. <Ramkumar Radhakrishnan> 6 months ago
76750f2 : sdm: Add support for YCbCr420 Semiplanar format <Ramkumar Radhakrishnan> 6 months ago
bddb952 : gralloc: Use only metadata for color space <Saurabh Shah> 6 months ago
4a31ec4 : sdm: Make premultiplied as default blending <Saurabh Shah> 5 months ago
e1f01dd : sdm: Flush after first successful commit only. <Dileep Marchya> 6 months ago
1a7e1f1 : sdm: Add support for IGC. <Dileep Marchya> 6 months ago
9b99074 : sdm: Fix memory leaks. <Dileep Marchya> 5 months ago
ec8fe35 : sdm: Fix HDMI & virtual display concurrency. <Dileep Marchya> 6 months ago
d433464 : sdm: Add interface to consider rotator during scaling validation. <Ramkumar Radhakrishnan> 6 months ago
a5b764f : sdm: Add support for minimum encryption level settings for HDCP. <Dileep Marchya> 6 months ago
55fe304 : sdm: Add SPD information for HDMI <Arun Kumar K.R> 6 months ago
06078aa : sdm: Acquire lock during hwcomposer module open and close <Ramkumar Radhakrishnan> 6 months ago
d169be9 : sdm: properly close all the fence Fds <Ping Li> 6 months ago
040a3d0 : sdm: hwc: SetRefreshRate before validate IOCTL <Arun Kumar K.R> 6 months ago
6e43f57 : sdm: Handle/set dynamic fps appropriately <Arun Kumar K.R> 6 months ago
 
**** cm:CyanogenMod/android_hardware_qcom_fm ****
b1bfaea : Reset FM audio settings on off. <Rupesh Tatiya> 5 weeks ago
aae515a : Add two new callbacks for FM start/stop. <Rupesh Tatiya> 5 weeks ago
7ea733e : Restore default wired headset on FM power off <Rupesh Tatiya> 8 weeks ago
525a5c6 : Update mute API usage to fix pops and consistency <Dhananjay Kumar> 9 weeks ago
4df923a : Need to update UI in onResume though fmservice not bound <Mingbo Zhang> 8 weeks ago
1fb70c3 : Do not disable FM receiver on Music Service commands <Rupesh Tatiya> 9 weeks ago
9106d4e : Disable/enable radio on factory reset <Rupesh Tatiya> 9 weeks ago
ef247c4 : Request for audio focus on activity resume <Rupesh Tatiya> 9 weeks ago
8f2d9e0 : Check for audio focus before enabling audio path <Rupesh Tatiya> 9 weeks ago
e48b2e6 : Stop recording only if its storage is unmounted <Rupesh Tatiya> 10 weeks ago
daaa11b : Change value of mSpeakerPhoneOn when BT becomes on or off <juncao> 3 months ago
6706ef9 : Reset notch filter only if it is set. <Rupesh Tatiya> 3 months ago
10d0ec6 : FM: Fix ANR due to incorrect error handling in stopRecording <Dibyendu Roy> 4 months ago
97cca41 : FM: stop AudioTrack before switching output device <kexiao> 3 months ago
d7dd054 : Change FM off button to release media and audio resources. <Rupesh Tatiya> 5 months ago
a8ad0bd : fmapp2: de-select A2DP audio route on A2DP disconnection. <Rupesh Tatiya> 4 months ago
63e7e75 : fmapp2: Allow switching between wired and Bluetooth headset <Rupesh Tatiya> 4 months ago
40a5d4b : FM: Regional requirement for FM <Xuebo Li> 5 months ago
bd28479 : Revert "FMRecorder : Save to a private temporary file while recording" <Xuebo Li> 5 months ago
28adb84 : FM: update fm app to use device loopback <Dhananjay Kumar> 5 months ago
 
**** cm:CyanogenMod/android_hardware_qcom_media ****
ff3940f : mm-video-v4l2: Return correct level support for 8956 <Surajit Podder> 5 weeks ago
1fd6df0 : mm-video-v4l2: vidc: vdec: handle ftbs during reconfig and port disable <Abdulla Anam> 7 weeks ago
e9bacff : mm-video-v4l2: venc: check for null pointer <Maheshwar Ajja> 8 weeks ago
a699a13 : mm-video-v4l2: vdec: set 24 fps framerate for 4k clips <Deepak Kushwah> 2 months ago
bc9e191 : mm-video-v4l2: vidc: Fix race condition with msg thread fd close <Shalaj Jain> 4 months ago
a860362 : mm-video-v4l2: vidc: update thread names <Ashray Kulkarni> 9 months ago
8e66146 : mm-video-v4l2: Add support for prefer adaptive playback extension <Shalaj Jain> 8 months ago
41a5cfd : mm-video: Adjust stride value for planar format <Surajit Podder> 11 months ago
c40cf77 : mm-video: vidc: Reliably stop the message thread <Deepak Kushwah> 3 months ago
62f611d : Fix duplicated OMX.qcom.audio.decoder.aac entry <Keith Mok> 4 months ago
69d6d4b : media: Avoid collision with FFMPEG plugin <Steve Kondik> 3 months ago
610c356 : media: Use project pathmap <Ethan Chen> 3 months ago
dc1b1d4 : mm-video-v4l2: Unmap dropped output buffers <Surajit Podder> 4 months ago
78521c5 : Include kernel header dependency for libOmxVidcCommon <Divya Sharma> 4 months ago
f9c92f0 : mm-video-v4l2: vidc: venc: Fix hybrid HP layer count <Abdulla Anam> 5 months ago
a5dce41 : mm-video-v4l2: Enable get_param to check downscalar enablement <Surajit Podder> 5 months ago
e7743ae : mm-video-v4l2: venc: Add support to enhance hybrid Hier-p mode <Abdulla Anam> 5 months ago
75bc6a6 : mm-video-v4l2: vdec:  release buffer when qbuf to driver fails <Manikanta Kanamarlapudi> 5 months ago
cfeaf87 : mm-video-v4l2: Use client buffer header for FTB <Surajit Podder> 6 months ago
b6c736d : mm-video-v4l2: Disable intra refresh mode on msm8956/76 <Maheshwar Ajja> 6 months ago
a54c5d4 : mm-video-v4l2: vdec: fix fps issues in arbitrary mode <Ashray Kulkarni> 7 months ago
826ba8c : QCMetadata: add a new key for big buffers <Sidipotu Ashok> 6 months ago
ef3143a : QCMetadata: Add key for setBuffers API support <Manikanta Kanamarlapudi> 10 months ago
f178e8b : mm-video-v4l2: venc: support all I frame encoding usecase. <Abdulla Anam> 6 months ago
bcf4fa3 : libstagefrighthw: Add header guard to QComOMXMetadata.h and fix file perms <Deva Ramasubramanian> 6 months ago
e2d287f : mm-video-v4l2: vdec: streamoff while freeing first output buffer <Balamurugan Alagarsamy> 1 year, 3 months ago
f0fc3d0 : mm-video: Disable downscalar for non-display usecase <Surajit Podder> 9 months ago
0997c8a : mm-video: Enable HEVC software encoder OMX component. <Manikanta Sivapala> 6 months ago
8bb96de : mm-video_v4l2: pass crop nWidth and nHeight in reconfig event. <Abdulla Anam> 7 months ago
afb1469 : mm-video-v4l2: Fix downscalar issue <Surajit Podder> 6 months ago
269f6cd : mm-video-v4l2: Fix crash due to divide by zero <Surajit Podder> 6 months ago
c14558c : mm-video-v4l2: venc: initialize the member variables <Maheshwar Ajja> 6 months ago
99c2455 : mm-video-v4l2: vdec: Fix closing of file descriptor "0" <Deepak Kushwah> 7 months ago
b4d0e38 : mm-video-v4l2: venc: limit pixels value in input buffers. <Abdulla Anam> 7 months ago
1202ebd : mm-video_v4l2: pass crop nWidth and nHeight in reconfig event. <Abdulla Anam> 7 months ago
1fc82f0 : mm-video: Disable downscalar for non-display usecase <Surajit Podder> 9 months ago
6ecc67f : mm-core: update vpp related structures and enums. <Abdulla Anam> 7 months ago
56c0a51 : mm-video-v4l2: vidc: venc: fix CTS issues in vp8 encoder <Maheshwar Ajja> 7 months ago
1fe6770 : mm-core: update vpp related structures and enums. <Abdulla Anam> 7 months ago
a9c2410 : mm-video: Set correct color format to driver <Surajit Podder> 8 months ago
f2fa16b : mm-video-v4l2: vidc: venc: enable low latency mode <Maheshwar Ajja> 7 months ago
79da148 : mm-video-v4l2: null check before pointer dereference <Abdulla Anam> 7 months ago
a66ec1f : audio: Fix stale session opening of DSP audio decoder <Naresh Tanniru> 7 months ago
1171b44 : audio: Fix stale session opening of DSP audio decoder <Naresh Tanniru> 7 months ago
03f6533 : mm-video-v4l2: change variables used for reconfig height & width <Abdulla Anam> 7 months ago
6dc2004 : mm-video-v4l2: venc: Disable Bframes incase of UHD recording <Deepak Kushwah> 8 months ago
f493b73 : audio: Add support for new key kKeyByteMode <Manish Dewangan> 8 months ago
382b5b7 : mm-video-v4l2: video: add new extensions <Ashray Kulkarni> 11 months ago
b266f81 : mm-video-v4l2: venc: Add support for low latency mode <Maheshwar Ajja> 8 months ago
14c22a7 : mm-core: Add Skype extensions <Ashray Kulkarni> 11 months ago
 
**** cm:CyanogenMod/android_hardware_qcom_media ****
1f27f2c : Revert "mm-video-v4l2: vidc: venc: Update color conversion decision" <Srinu Gorle> 8 months ago
b2df30f : mm-video-v4l2: venc: Accept Venus color format in opaque mode <Praveen Chavan> 1 year, 3 months ago
d44cb37 : mm-video-v4l2: vidc: venc: Update color conversion decision <Ashray Kulkarni> 1 year, 2 months ago
b564be7 : mm-video-v4l2: vidc: venc: make color conversion independent of filledlen <Praneeth Paladugu> 1 year, 3 months ago
838db82 : mm-video-vidc: change buffer index logic in EBD <Pushkaraj Patil> 1 year, 2 months ago
 
**** cm:CyanogenMod/android_hardware_qcom_media ****
347b90c : libc2dcolorconvert: refer c2d header from display <Praveen Chavan> 1 year, 11 months ago
6316605 : vidc: Fix makefiles <Steve Kondik> 11 months ago
d84d430 : media: Avoid collision with FFMPEG plugin <Steve Kondik> 1 year, 11 months ago
8ba01d1 : media: Use project pathmap <Ethan Chen> 1 year, 1 month ago
be989ef : audio: Add entry for ALAC/APE software component <Preetam Singh Ranawat> 4 months ago
ab3e6cf : Include kernel header dependency for libOmxVidcCommon <Divya Sharma> 4 months ago
f5b8f20 : Include kernel header dependency for libOmxVidcCommon <Divya Sharma> 4 months ago
2266025 : mm-video-v4l2: vidc: Ensure async_message_thread always exits <Arun Menon> 4 months ago
b0d352b : media : Add Max CSD values for ALAC and APE <Preetam Singh Ranawat> 5 months ago
a04219f : mm-video-v4l2: vdec: skip enabling extn_user extradata for secure session <Srinu Gorle> 4 months ago
622d480 : mm-video-v4l2: vidc: Enhance VQZIP checks <Praneeth Paladugu> 7 months ago
2b5bd8a : mm-video-v4l2: vidc: venc: Fix input extradata issues <Praneeth Paladugu> 5 months ago
ce13944 : mm-video-v4l2: vidc: vdec: Add UBWC color format support <Srinu Gorle> 4 months ago
a725170 : mm-video: venc: Initialize m_graphicBufferSize <Deva Ramasubramanian> 4 months ago
8be933c : mm-video-v4l2: vidc: vdec: Add support for downscalar in component <Srinu Gorle> 10 months ago
c29ae31 : mm-video-v4l2: vidc: Fix race condition with msg thread fd close <Shalaj Jain> 4 months ago
6a50516 : mm-video-v4l2: vdec: Fix CTS issue with color coversion <Vinay Kalia> 4 months ago
ab08584 : mm-core: Add extensions for FRC <Vinay Kalia> 5 months ago
b12f245 : mm-video-v4l2: Handle async_message_thread error <Arun Menon> 5 months ago
9952fd8 : mm-core: Add secure component registry entry <Vikash Garodia> 5 months ago
8d855cc : mm-video: common: update OmxVidcCommon dependency list <Srinu Gorle> 5 months ago
3c3fe6c : mm-video-v4l2: vdec: Change preferred color format default order <Arun Menon> 5 months ago
c73daac : mm-video-v4l2: Add registry entry for openmax components. <Vikash Garodia> 5 months ago
bcb448c : mm-video: swvdec: Add SwVdec registry entries for 8937. <Manikanta Sivapala> 5 months ago
e592d0a : mm-video: swvdec: Add SwVdec OMX component. <Manikanta Sivapala> 5 months ago
41cf898 : mm-core: Update the correct instance index for storing VPP handle <Praneeth Paladugu> 5 months ago
c8827e2 : mm-video-v4l2: vidc: Allocate secure bitstream buffers from CMA <Shalaj Jain> 5 months ago
cf6d469 : mm-video: vidc: Fully drainbuffers from the driver if batch not complete <Deva Ramasubramanian> 5 months ago
093280d : mm-core: Unload the component library after the session is done <Praneeth Paladugu> 5 months ago
45267c8 : Remove msm8937 due to missing HY11 rule <Naveen Kumar> 5 months ago
fb36868 : mm-video: venc: Revert Venus native support for RGBA8888 <Deva Ramasubramanian> 5 months ago
1c7b346 : mm-video: swvenc: Add pure virtual functions. <Manikanta Sivapala> 5 months ago
0ec71b0 : mm-video: Add extensions to enable and configure ROI QP info <Vinay Kalia> 6 months ago
db88209 : audio: remove duplicate instances of aac decoder <Mingming Yin> 5 months ago
b04a903 : mm-video-v4l2: vdec: Fix a bug with C2D and DROPPED_FRAME <Vinay Kalia> 5 months ago
183f501 : mm-video-v4l2: vidc: Add null checks in async_message_process <Arun Menon> 5 months ago
fbdcaba : mm-video-v4l2: Add support for VP9 secure decoder <Shalaj Jain> 8 months ago
a935f80 : mm-video: swvenc: Add SwVenc registry entries for 8937. <Manikanta Sivapala> 5 months ago
f3f1e00 : QCMetadata: add a new key for big buffers <Sidipotu Ashok> 6 months ago
be1c0e3 : mm-video: vidc: Adjust performance level only after STREAMON <Deva Ramasubramanian> 5 months ago
6f6f5fb : mm-video-v4l2: vidc: venc: Fix hybrid HP layer count <Ashray Kulkarni> 5 months ago
144b092 : mm-video: venc: Get rid of PREPARE_BUF on input port <Vinay Kalia> 5 months ago
431e6b1 : mm-video-v4l2: vdec: fix fps issues in arbitrary mode <Ashray Kulkarni> 7 months ago
edd1b09 : mm-video-v4l2: vidc: vdec: Put decoder sessions in TURBO <Praneeth Paladugu> 8 months ago
07a4eca : libc2dcolorconvert: Fix height alignment issue with RGBA formats <Rajesh Sastrula> 6 months ago
c826460 : mm-video-v4l2: venc: Add support to enhance hybrid Hier-p mode <Ashray Kulkarni> 9 months ago
c08fc90 : mm-core: Add registry entry for titanium <Srinu Gorle> 6 months ago
94af4ea : mm-video: Add opaque color format support to MPEG-4 SwVenc. <Manikanta Sivapala> 6 months ago
f4e1426 : mm-video-v4l2: Do not send error to client once in loaded state <Shalaj Jain> 6 months ago
bf75c1c : mm-video-v4l2: vdec: Add range check before native_buffer usage <Arun Menon> 6 months ago
 
**** vanir:hardware_samsung ****
a6d5bd7 : Move Advanced Display so exynos5/7 can use it <deadman96385> 6 days ago
 
**** cmold:android_kernel_google_msm ****
f77ba6b : Break out mako from devices that are still alive <Abhisek Devkota> 2 days ago
6c851fe : Revert "msm: vidc: cache-flush encoder output buffers after alloc" <Abhisek Devkota> 2 days ago
 
**** cmold:android_kernel_htc_msm8994 ****
f8df2dc : qcom: core_ctl: Update core control driver <Ethan Chen> 26 hours ago
504d140 : cpuidle: Add need_resched() check <Patrick Daly> 5 months ago
 
**** cmold:android_kernel_motorola_msm8226 ****
5591063 : input: ct406: Use boot time for event timestamps <Gabriele M> 3 weeks ago
8979894 : misc: akm8963: Use boot time for event timestamps <Gabriele M> 3 weeks ago
81820ed : misc: l3g4200d: Use boot time for event timestamps <Gabriele M> 3 weeks ago
dc792ea : UPSTREAM: include/linux/poison.h: fix LIST_POISON{1,2} offset <Vasily Kulikov> 7 months ago
7324dc3 : genirq: Do not consider disabled wakeup irqs <Thomas Gleixner> 3 years, 11 months ago
 
**** cmold:android_kernel_motorola_msm8610 ****
cbcc5a1 : prima: Squashed security updates <Sultan Qasim Khan> 22 hours ago
 
**** cmold:android_kernel_oneplus_msm8974 ****
0918319 : ext4: make orphan functions be no-op in no-journal mode <Anatol Pomozov> 3 years, 6 months ago
d8edbca : bluetooth: Validate socket address length in sco_sock_bind(). <David S. Miller> 3 months ago
eea64fe : net: add validation for the socket syscall protocol argument <Hannes Frederic Sowa> 3 months ago
61b3a37 : KEYS: Fix crash when attempt to garbage collect an uninstantiated keyring <David Howells> 5 months ago
e5698d8 : KEYS: Fix race between key destruction and finding a keyring by name <David Howells> 6 months ago
80bfa80 : KEYS: Fix handling of stored error in a negatively instantiated user key <David Howells> 4 months ago
c81d936 : ipv6: addrconf: validate new MTU before applying it <Marcelo Leitner> 1 year, 1 month ago
2c4f40e : ASoC: msm: qdsp6v2: Fix bit alignment in snd_codec params <Banajit Goswami> 12 months ago
55c260e : Revert "qcom-cpufreq: Remove per-cpu workqueue" <Chris Fries> 1 year, 4 months ago
71fa2ed : ARM: 8404/1: dma-mapping: fix off-by-one error in bitmap size check <Marek Szyprowski> 9 months ago
d9a13f7 : arm: dma-mapping: remove order parameter from arm_iommu_create_mapping() <Marek Szyprowski> 2 years, 1 month ago
b4f21e1 : arm: dma-mapping: Add support to extend DMA IOMMU mappings <Andreas Herrmann> 2 years, 1 month ago
e39d76f : ARM: mm: remove redundant dsb() prior to range TLB invalidation <Will Deacon> 2 years, 10 months ago
5a94515 : ARM: 7746/1: mm: lazy cache flushing on non-mapped pages <Ming Lei> 2 years, 10 months ago
948d9b0 : ARM: 7730/1: DMA-mapping: mark all !DMA_TO_DEVICE pages in unmapping as clean <Ming Lei> 2 years, 10 months ago
4470dfb : USB: dwc3: otg: Fix charger online bug with USB_CDP type charger <Chao Chen> 6 days ago
5dbf347 : tty: Fix unsafe ldisc reference via ioctl(TIOCGETD) <Peter Hurley> 3 months ago
9148380 : KEYS: Fix race between read and revoke <David Howells> 3 months ago
a68156a : fuse: break infinite loop in fuse_fill_write_pages() <Roman Gushchin> 6 months ago
f7ebfe9 : pipe: iovec: Fix memory corruption when retrying atomic copy as non-atomic <Ben Hutchings> 10 months ago
ffe5a21 : BACKPORT: FROMLIST: mm: ASLR: use get_random_long() <dcashman> 5 weeks ago
48102c8 : FROMLIST: drivers: char: random: add get_random_long() <dcashman> 5 weeks ago
eda77c3 : BACKPORT: signal: allow to send any siginfo to itself <Andrey Vagin> 3 years, 1 month ago
c058159 : net: tcp: fix rtable leak in tcp_is_local[6] <liping.zhang> 6 weeks ago
4e97def : selinux: nlmsgtab: add SOCK_DESTROY to the netlink mapping tables <Lorenzo Colitti> 8 weeks ago
99ee451 : net: diag: support v4mapped sockets in inet_diag_find_one_icsk() <Eric Dumazet> 10 weeks ago
200dae7 : net: tcp: deal with listen sockets properly in tcp_abort. <Lorenzo Colitti> 3 months ago
44047b2 : net: diag: Support destroying TCP sockets. <Lorenzo Colitti> 3 months ago
7a2ddbc : net: diag: Support SOCK_DESTROY for inet sockets. <Lorenzo Colitti> 3 months ago
2438189 : net: diag: Add the ability to destroy a socket. <Lorenzo Colitti> 3 months ago
d48ec88 : net: diag: split inet_diag_dump_one_icsk into two <Lorenzo Colitti> 3 months ago
 
**** github:Grarak/android_kernel_oneplus_msm8994 ****
f784ad4 : OnePlus: update to OnePlus2_14_A.12_160226 kernel source <Hieu Nguyen> 3 weeks ago
e36b4b4 : radio: silabs: Fix the issue with RDS <Venkateshwarlu Domakonda> 7 months ago
9ac708a : ASoC: msm: qdsp6v2: Track no wait commands <Ben Romberger> 6 months ago
cc71c5b : mm: swap: don't delay swap free for fast swap devices <Vinayak Menon> 1 year, 1 month ago
839e96a9 : ASoC: msm: qdsp6v2: make frame info to static array <Fred Oh> 8 months ago
3a86024 : ASoC: msm: qdsp6v2: move frame info to be per session based <Patrick Lai> 8 months ago
7d2802f : debugobjects: use kmemleak_not_leak for debug object memory <Vignesh Radhakrishnan> 11 months ago
6ac9747 : ext4: rate limit printk in buffer_io_error() <Nikhilesh Reddy> 5 months ago
d7d1bb3 : ASoC: msm: qdsp6v2: Check memory before re-mapping cal block <Ben Romberger> 6 months ago
235830a : ASoC: msm: qdsp6v2: use vzalloc for large mem alloc in DTS Eagle <Alexy Joseph> 1 year ago
2889ddd : ASoC: msm: qdsp6v2: Fix typecast error in memory unmap <Satish Babu Patakokila> 10 months ago
a0b1272 : perf: stop deadlock when cpu_up fails <Neil Leeder> 6 months ago
488abd0 : Revert "arm64: Introduce execute-only page access permissions" <Catalin Marinas> 5 weeks ago
d24dbf6 : msm: mdss: allocate new cursor buf based on FB_CUR_SETIMAGE <Veera Sundaram Sankaran> 5 weeks ago
488cba7 : msm: kgsl: Cast perfcounter query count to an unsigned int <Sunil Khatri> 9 months ago
f44dc11 : msm: camera: sensor: Disable excess logs <Rajesh Bondugula> 8 months ago
 
**** github:ashwinr64/android_kernel_oneplus_onyx ****
b0c379f : pipe: iovec: Fix memory corruption when retrying atomic copy as non-atomic <Ben Hutchings> 10 months ago
 
**** vanir:kernel_samsung_smdk4412 ****
fc5ebd9 : i9300: disable samsung_extdisp driver and regenerate defconfig <Wolfgang Wiedmeyer> 2 days ago
a390538 : mfc5x: update from n7100 source drop <Simon Shields> 7 days ago
 
**** cmold:android_kernel_sony_msm8x27 ****
afa45d8 : WLAN: same p2p MAC address is observed from mutiple devices <kalikinkar dhara> 2 years, 6 months ago
 
**** vanir:platform_manifest ****
5dee033 : Update from armani dev <DHOMD> 4 days ago
 
**** cm:CyanogenMod/android_packages_apps_AudioFX ****
bf30e5b : audiofx: Add support for session callback API <Steve Kondik> 5 days ago
 
**** vanir:packages_apps_DeskClock ****
b30c145 : Revert "Import translations. DO NOT MERGE" <Geoff Mendal> 9 months ago
 
**** vanir:packages_apps_FMRadio ****
6cd7a60 : FMRadio: Immediately mute AudioTrack once stopRender is called <Ethan Chen> 3 days ago
c2c2cbf : FMRadio: Pause and stop AudioTrack before stopping <Ethan Chen> 3 days ago
4711f65 : FMRadio: Run render thread at THREAD_PRIORITY_AUDIO <Ethan Chen> 3 days ago
 
**** cm:CyanogenMod/android_packages_apps_Snap ****
ac95bcd : Snap: Fall back to REVIEW intent before VIEW intent <Ethan Chen> 2 weeks ago
 
**** vanir:packages_apps_ThemeChooser ****
bc079ea : ThemeChooser: Update for Theme api changes. <Adnan Begovic> 2 days ago
 
**** cm:CyanogenMod/android_packages_apps_Trebuchet ****
c8e0058 : Ignore tap below scrubber in the app container padding area <Kamaljeet Maini> 10 days ago
e812052 : Trebuchet: Fix NPE while binding unavailable items <cretin45> 3 days ago
 
**** cm:CyanogenMod/android_packages_providers_ThemesProvider ****
e7d94a6 : ThemesProvider: Update for themes api changes. <Adnan Begovic> 2 days ago
 
**** vanir:packages_services_Telecomm ****
02b1cb2 : Telecomm: Don't get default phones outside of phone process. <Adnan Begovic> 4 days ago
971508d : Telecomm: Verify foreGroundCallId is numeric when looking up id for ringtone. <Adnan Begovic> 5 days ago
 
**** vanir:packages_services_Telephony ****
9e61b99 : multi-sim: use getFirstPhoneForEmergencyCall() <Francis Guevarra> 6 days ago
 
**** cm:CyanogenMod/android_prebuilts_cmsdk ****
5a08d04 : prebuilts/cmsdk: Update themes api text. <Adnan Begovic> 2 days ago
 
**** vanir:system_core ****
26bc3e9 : sched_policy: split add_tid_to_cgroup <Pat Erley> 5 days ago
bc667ac : sched_policy: Split cpuset/cgroup init <Pat Erley> 9 days ago
266e3dd : libcutils: Add process name to logs <Pat Erley> 9 days ago
8b964f3 : libcutils: make sched_policy more robust <Pat Erley> 9 days ago
 
**** vanir:system_vold ****
7ceeb5b : Fix the group permissions of the sdcard root. <Jani Lusikka> 2 days ago
 
**** cm:CyanogenMod/cm_platform_sdk ****
b271dcf : cmsdk: Mandate partner feature xml's for service implementation. <Adnan Begovic> 2 days ago
279ce42 : cmsdk: Mandate performance feature xml's for service implementation. <Adnan Begovic> 2 days ago
ccdb292 : cmsdk: Mandate themes feature xml's for service implementation. <Adnan Begovic> 3 days ago
c406211 : cmsdk: Mandate telephony feature xml's for service implementation. <Adnan Begovic> 3 days ago
fe7fd1d : cmsdk: Mandate app suggest feature xml's for service implementation. <Adnan Begovic> 3 days ago
21a5674 : cmsdk: Mandate profile feature xml's for service implementation. <Adnan Begovic> 12 days ago
cdf85ad : cmsdk: Mandate cm sb feature xml's for service implementation. <Adnan Begovic> 12 days ago
1bf0cf2 : cmsdk: fix javadoc for performance profiles <Roman Birg> 9 days ago
 
**** vanir:vendor_vanir ****
7816a4a : cm: Introduce partner feature xml. <Adnan Begovic> 2 days ago
d4a6668 : cm: Introduce performance feature xml. <Adnan Begovic> 2 days ago
65de517 : cm: Introduce telephony feature xml. <Adnan Begovic> 3 days ago
8f2d5ec : cm: Introduce appsuggest feature xml. <Adnan Begovic> 3 days ago
e806dc3 : cm: Introduce profiles feature xml. <Adnan Begovic> 12 days ago
5c118c1 : cm: Introduce statusbar feature xml. <Adnan Begovic> 12 days ago
 
**** vanir:vendor_xiaomi ****
75e446c : Revert Remove fastdormancy.apk <mr-tweaker> 4 days ago
 
