
**** vanir:device_huawei_angler ****
e20d47b : Revert "angler: Specify device-specific camera, since a blob is used" <razorloves> 2 days ago
b28056b : Use multithread decode for boot animation. <Aaron Kling> 12 days ago
 
**** vanir:device_lge_bullhead ****
0ff4799 : Revert "bullhead: Specify device-specific camera, since a blob is used" <dcd> 3 months ago
 
**** vanir:device_motorola_msm8916-common ****
65ee223 : msm8916-common: add support for harpia <Sultan Qasim Khan> 7 weeks ago
 
**** github:AndroidNoob69/android_device_oneplus_onyx ****
5ac0780 : onyx: Update blob listing and add SHA1 for pinned blobs <Ashwin Ramesh> 2 weeks ago
97cef4f : onyx: Use the new generic extractor <Steve Kondik> 3 months ago
00b1ac0 : onyx: Don't use QC telephony plugin <Ashwin Ramesh> 13 days ago
f663770 : onyx: Switch to prebuilt libril <Ashwin Ramesh> 12 days ago
46cf5d2 : onyx: Update thermal-engine path <Ashwin Ramesh> 13 days ago
faca106 : onyx: wifi: Update Configuration <Ashwin Ramesh> 13 days ago
7adb450 : onyx: camera: Fix Warnings <Ashwin Ramesh> 13 days ago
3e272eb : onyx: camera: Project pathmap changes <Ashwin Ramesh> 13 days ago
be730ba : onyx: Use OSS Camera HAL <Ashwin Ramesh> 13 days ago
6a23fa1 : onyx: Enable blur <Steve Kondik> 3 months ago
73358da : onyx: Remove healthd extension <Ashwin Ramesh> 10 weeks ago
25e4f6f : onyx: Drop stlport <Ashwin Ramesh> 2 weeks ago
3bf0724 : onyx: Drop all the shims <Ashwin Ramesh> 2 weeks ago
7a686db : onyx: configs: Update from OOS 3.1.3 <Ashwin Ramesh> 2 weeks ago
56ebab6 : onyx: audio: Update config from OOS 3.1.3 <Ashwin Ramesh> 2 weeks ago
9929e9a : onyx: Add support for line-out device <Steve Kondik> 7 months ago
6582135 : onyx: Remove dtbtoolonyx <Ashwin Ramesh> 13 days ago
eabdc24 : onyx: Use proper hwui/heap overrides <Ashwin Ramesh> 5 weeks ago
53975a6 : onyx: Build HAL and libraries for ANT+ <Ed Maxwell-Lyte> 6 weeks ago
d0e672d : onyx: audio: Update acdb IDs <Ashwin Ramesh> 4 months ago
 
**** cm:CyanogenMod/android_device_oppo_msm8974-common ****
a55e281 : Use multithread decode for boot animation. <Aaron Kling> 12 days ago
 
**** vanir:device_samsung_klte-common ****
155349c : klte-common: Use multithread decode for boot animation <Aaron Kling> 12 days ago
 
**** vanir:device_samsung_kona-common ****
4992fe9 : kona : selinux update <RGIB> 33 hours ago
f976a5b : kona : cleanup <RGIB> 2 days ago
3c3499b : kona : fix typos <RGIB> 3 days ago
2589ab6 : kona : fix switching front camera video recording <RGIB> 4 days ago
6e16d4c : kona : add blobs correctly <RGIB> 4 days ago
2286af6 : kona : correctly add blobs <RGIB> 4 days ago
03a0ef2 : kona : update codec list <RGIB> 4 days ago
 
**** cm:CyanogenMod/android_device_sony_nicki ****
afa64a9 : Revert "nicki: Update wake keys" <RonGokhale> 3 days ago
 
**** cm:CyanogenMod/android_hardware_qcom_audio ****
a8a6e1f : audio: hal: Ensure correct configuration of ADM during HIFI playback. <Ashish Jain> 4 weeks ago
a879bb4 : hal: allow VOIP standby to enable correct device for subsequent usecases <Zhou Song> 4 months ago
b673740 : DO NOT MERGE Fix AudioEffect reply overflow <Andy Hung> 6 months ago
dffee2a : policy_hal: Move global effects to correct output <Ashish Jain> 4 months ago
a21aa49 : hal: Support custom mixer_paths file names <Ricardo Cerqueira> 4 weeks ago
543e8fa : msm8937: policy_hal: Don't fill in offload information for unsupported streams <Diogo Ferreira> 6 weeks ago
f0dd612 : msm8937: acdb: Make acdb reloading optional <Diogo Ferreira> 6 weeks ago
bf8c1ab : audio: Fix complilation warnings under Clang <Steve Kondik> 4 months ago
a11ff3c : ssr: Fix building with OSS materials <Ricardo Cerqueira> 4 months ago
77bb1db : post proc : volume listener : fix effect release crash <Eric Laurent> 11 months ago
d796841 : hal: Add support to reload ACDB files <Karthik Reddy Katta> 6 months ago
e1b5f35 : make: Fixup cross-platform guards <Ricardo Cerqueira> 5 months ago
95d38b9 : hal : Fix banned API's and input validation errors <Preetam Singh Ranawat> 6 months ago
67ab751 : hal: return with error code to avoid tearing down existing recording <Zhou Song> 6 months ago
90f2a4c : hal: add support for msm8917 tmo, msm8917 sku5 and msm8940 sku6 <Meng Wang> 6 months ago
9898456 : audiopolicymanager: fix device selection in getNewOutputDevice <Satya Krishna Pindiproli> 7 months ago
21f9fa7 : hal: post_proc: Do not enable volume listener <Dhanalakshmi Siddani> 7 months ago
6540c07 : audiopolicy: check active direct output before adding DIRECT_PCM flag <Zhou Song> 7 months ago
354a07c : hal: Update to make code more reliable <Kuirong Wang> 8 months ago
5319430 : hal : Fix data initialization and input validation errors <Preetam Singh Ranawat> 7 months ago
d77d3b3 : policy_hal: add support for 32/48KHz support for voip <Shiv Maliyappanahalli> 9 months ago
e66aba2 : hal: add support for 32/48KHz for voip <Shiv Maliyappanahalli> 9 months ago
78b70c0 : hal: add support for fluence in voice recognition <Vidyakumar Athota> 1 year, 4 months ago
726c71d : Revert "hal: Fix SSR issue for compress offload playback" <Naresh Tanniru> 8 months ago
a969a9b : Remove internal code name of msmtitanium for msm8952. <Arusha Goyal> 8 months ago
fd7607b : hal: stop sound trigger buffering during close <Mingming Yin> 9 months ago
fdbcd9d : Remove internal code name of msmtitanium for msm8952. <Arusha Goyal> 8 months ago
60cd764 : audio: port sound trigger fixes <Mingming Yin> 8 months ago
0a79f2c : hal: reset backend configuration before speaker calibration <Vidyakumar Athota> 10 months ago
4ffc926 : hal: Add support to get speaker FTM parameters <Vidyakumar Athota> 9 months ago
3abfee2 : Revert "hal: Fix voice call routing issue on headset" <Karthik Reddy Katta> 8 months ago
b137994 : hal: Fix warnings in audio HAL and policy <Alexy Joseph> 9 months ago
31eefec : hal: correct offload tear down check due to sw effect <Weiyin Jiang> 8 months ago
869f201 : hal: force device switch only for headset and headphone <Xiaojun Sang> 8 months ago
46025ef : hal: update compress offload pcm device ID <Vidyakumar Athota> 11 months ago
58081b6 : audiopolicy: fix notification tone during call not stopped after call ended <Zhou Song> 8 months ago
fccb915 : audiopolicy: do not set FM volume during device connection/disconnection <Satya Krishna Pindiproli> 8 months ago
0d47176 : hal: Fix the device disable/enable sequence for capture usecases <Karthik Reddy Katta> 1 year, 2 months ago
74a2eee : hal: support wsa combo for jacala <Naresh Tanniru> 9 months ago
cd327f8 : hal: don't allow track offload if there's active sw effect <Weiyin Jiang> 8 months ago
488ac37 : hal: spkr_prot: read temperature once during calibration <Vidyakumar Athota> 8 months ago
fdd505a : hal: limit AFE and ADM sample rate at 48 for speaker <Sidipotu Ashok> 9 months ago
bbce432 : hal: Ensure that stream is not started during Sub system restart. <Ashish Jain> 8 months ago
d211ef5 : policy_hal: handle incall sonification without checking output refCount <Weiyin Jiang> 8 months ago
4bd09d0 : hal: Add support to dynamically configure MI2S rx sample rate <Venkata Narendra Kumar Gutta> 9 months ago
f98e42f : hal: Remove return values from void functions <Leena Winterrowd> 9 months ago
ad8fff8 : hal: enhance the combo device detection logic during native playback <Sidipotu Ashok> 9 months ago
7f4817f : hal: Add support for FBSP in WSA analog mode <Venkata Narendra Kumar Gutta> 9 months ago
aee4fdd : hal: Fix potential memory leaks in HAL <Alexy Joseph> 9 months ago
4051676 : mm-audio: omx: Fix handling of flush error on session not found <Mingming Yin> 9 months ago
 
**** cm:CyanogenMod/android_hardware_qcom_audio ****
dc4a1f6 : DO NOT MERGE Fix AudioEffect reply overflow <Andy Hung> 5 months ago
52af337 : hal: Garbage output in logcat <Keith Mok> 6 months ago
23187da : policy_hal: handle incall sonification without checking output refCount <Weiyin Jiang> 8 months ago
79f27c0 : hal: Fix WFD and voice call over USB concurrency <vivek mehta> 6 months ago
59da825 : hal: spk_prot: remove cond_wait for spkr_calib_cancel <Laxminath Kasam> 7 months ago
a0266fe : audio: update flags for selection of VoIP direct output <Karthik Reddy Katta> 11 months ago
e38d22a : hal: Fix glitch in audio playback during device switch <Weiyin Jiang> 7 months ago
237f1e8 : hal: spkr_prot: read temperature once during calibration <Vidyakumar Athota> 8 months ago
a74d752 : hal: correct offload tear down check due to sw effect <Weiyin Jiang> 8 months ago
886c244 : hal: remove explicit direct pcm usecase <vivek mehta> 1 year, 1 month ago
f6cd4f7 : hal: stop sound trigger buffering during close <Mingming Yin> 9 months ago
4fb2812 : hal: don't allow track offload if there's active sw effect <Weiyin Jiang> 8 months ago
bfe1cc3 : hal: Fix 44.1Khz playback when native support is not enabled <Amit Shekhar> 9 months ago
dc520bc : libaudiopolicymanager: DirectPCM: fix 44.1 clip playing noisy issue <vivek mehta> 11 months ago
b73a764 : audio: Extend platform parser to allow device name aliasing <Ethan Chen> 2 years, 2 months ago
64387ed : hal: Fix voice call recording <solk2> 2 years, 1 month ago
91c7d6b : hal: Fix digital USB headset combo device <Steve Kondik> 2 years, 2 months ago
be6fdfc : hal: Clean up compilation warnings <Steve Kondik> 1 year, 11 months ago
13ba1b4 : hal: Add support for audio amplifier HAL <Ethan Chen> 3 years, 5 months ago
381b7a0 : audio: Configure CM default feature set <Steve Kondik> 1 year, 10 months ago
b25084a : hal: Allow building hardware audio encoders <Arne Coucheron> 1 year, 9 months ago
f48de3d : audio: Use project pathmap <Ethan Chen> 10 months ago
1362fc7 : audio: Only allow non-legacy HAL <Ethan Chen> 10 months ago
b5b6d33 : hal: Update format table with AAC ADTS formats. <Ashish Jain> 11 months ago
102616d : HAL: Identify the track offload session <Sharad Sangle> 11 months ago
d7eaf2b : HAL: Identify Track offload session <Alexy Joseph> 11 months ago
8c21ad7 : Merge DAX2 changes <Gao Jie> 12 months ago
fc04fdc : hal: update in_call flag state based on mode information <Venkata Narendra Kumar Gutta> 1 year ago
12467a1 : hal: Use AUDIO_TX_MONO_COPP topology for incall record usecases <Karthik Reddy Katta> 11 months ago
 
**** cm:CyanogenMod/android_hardware_qcom_display ****
e435cea : Don't build lights module if vendor supplies it <Steve Kondik> 1 year, 11 months ago
9f98625 : make: Adjust to dynamic paths <Ricardo Cerqueira> 5 months ago
df7f309 : sdm: Add NULL check for allocated memory <Ramakant Singh> 6 months ago
5b880f0 : gralloc : Add singleton class for mdp capability <Ramakant Singh> 7 months ago
b8cb6de : sdm: Fix incorrect permission on hw_info.cpp <Naseer Ahmed> 7 months ago
805ea87 : libgralloc: Get appropriate width and height from metadata <Ramkumar Radhakrishnan> 7 months ago
57f0cc4 : sdm: Set the new panel width and height correctly <Ramakant Singh> 7 months ago
354bf79 : sdm: Disable partial update only if is enabled. <Dileep Marchya> 7 months ago
4570003 : sdm: Add parameter check for content list <Manoj Kumar AVM> 8 months ago
c5109e6 : sdm : Apply Default Mode on real framework start <Sravan Kumar D.V.N> 7 months ago
5e0a1dc : hwc: Initialize pipe type to kPipeTypeUnused <Pullakavi Srinivas> 7 months ago
c487a88 : sdm: Initialize blit class members <Anjaneya Prasad Musunuri> 8 months ago
3cb64d9 : sdm:  Adding mapping of MDP RGB565_UBWC  format to SDM format <Anjaneya Prasad Musunuri> 7 months ago
f4912df : sdm: Add support for 10 bit RGB/YUV formats. <Ramkumar Radhakrishnan> 8 months ago
db89d1f : libgralloc: Add support for 10 bit RGB/YUV formats. <Ramkumar Radhakrishnan> 8 months ago
813ec82 : sdm: Create rotator modules only if a config has required h/w <Saurabh Shah> 8 months ago
cdd3895 : sdm: Add support for V4L2 Rotator <Saurabh Shah> 11 months ago
48c0356 : sdm: Indicate if Rotator is separate H/W block <Sushil Chauhan> 8 months ago
9964fc0 : sdm: Read number of rects from per-pipe caps <Sushil Chauhan> 9 months ago
07f4d41 : sdm:  Adding mapping of MDP RGB565_UBWC  format to SDM format <Anjaneya Prasad Musunuri> 7 months ago
6f227cf : sdm: Set max_layers to 0 when HDMI is in S3D mode <Xu Yang> 9 months ago
53a9573 : sdm: color-manager: PA Dither implementation. <Siddharth Zaveri> 7 months ago
d9f58e0 : sdm: Fix layer blending parameter setting. <Ramkumar Radhakrishnan> 9 months ago
bf04660 : sdm: Fix default ROI initialization <Ramkumar Radhakrishnan> 8 months ago
a212934 : gralloc: Ignore IGC setting. <Dileep Marchya> 10 months ago
bb069a6 : sdm: Fix Wconversion errors <Naseer Ahmed> 9 months ago
95cf0f2 : sdm: color-manager: Add support for global dither. <Siddharth Zaveri> 8 months ago
36e000a : gralloc: Fix RAW10 stride <Ranjith Kagathi Ananda> 1 year, 4 months ago
0899057 : sdm: Initialize blit engine only if blit is supported. <Anjaneya Prasad Musunuri> 8 months ago
7b23121 : sdm: Fix out of bound access to HWC layers. <Dileep Marchya> 8 months ago
15ac3bd : Revert "sdm: Allocate layer stack objects individually." <Dileep Marchya> 8 months ago
eb97bc9 : sdm: Populate supported format table map from sysfs node <Ramkumar Radhakrishnan> 9 months ago
b2781cc : sdm: Typecast void pointer to mdp scale structure for QSEED2. <Ramkumar Radhakrishnan> 8 months ago
d4fa563 : sdm: Avoid flush for virtual display when no app layer is present. <Anjaneya Prasad Musunuri> 8 months ago
cb44d97 : libgralloc: disable UBWC for video encoder usecase <Manikanta Kanamarlapudi> 9 months ago
9c72d0d : sdm: Resolve mismatched deallocation of memory <Anjaneya Prasad Musunuri> 9 months ago
ee63e37 : sdm: Add output buffer resolution in dump <Manoj Kumar AVM> 9 months ago
2e2830c : sdm: Read per-pipe caps from MDP caps <Sushil Chauhan> 9 months ago
66b1fa5 : sdm: Allocate layer stack objects individually. <Dileep Marchya> 9 months ago
165ef42 : sdm: color-manager: Resolve uninitialized variable access. <Siddharth Zaveri> 9 months ago
7d0727d : sdm: Mark layer as updating if geometry has changed. <Dileep Marchya> 9 months ago
a55f866 : sdm: Fix out of bounds access <Saurabh Shah> 9 months ago
bd4aaf2 : libmemtrack: Update the parsing of flags field <Harshdeep Dhatt> 10 months ago
f77878d : sdm: Read max panel brightness level from file node. <Siddharth Zaveri> 9 months ago
930582e : sdm: Add an interface to store layer's input buffer id. <Ramkumar Radhakrishnan> 10 months ago
647e171 : hwc: Fix mutex deadlock in GetVsyncPeriod <Manoj Kumar AVM> 9 months ago
46ef281 : sdm: Add support for S3D video <Yang Xu> 11 months ago
cd0dace : sdm: Add CSC information in dump. <Dileep Marchya> 9 months ago
f8fa2a8 : sdm: Write auto refresh value only if changed <Saurabh Shah> 11 months ago
ae51451 : sdm: hwc: Use display_defs.h <Arun Kumar K.R> 10 months ago
 
**** cm:CyanogenMod/android_hardware_qcom_display ****
7b9a3a1 : hwc/overlay: Validate cursor position in hwc_setPositionAsync <Baldev Sahu> 8 months ago
4c401f0 : hwc: Fix sanitize ROI func <Ramakant Singh> 9 months ago
6dab9c9 : hwc: Apply Default Mode on real framework start <Sravan Kumar D.V.N> 9 months ago
732b9ac : qdutils: Correct the hwc-driver mismatch <Ramakant Singh> 9 months ago
f1e2905 : hwc: remove local constant DISPLAY_ATTRIBUTES list <Ramakant Singh> 9 months ago
a74edfb : hwc: Remove references to display-frameworks <Ethan Chen> 10 months ago
c7cce05 : hwc: Fix compile errors after display-frameworks removal <Arne Coucheron> 10 months ago
b375570 : hwc: Support for QDCM Preference when PU enabled <Nitesh Gupta> 10 months ago
cc1ec84 : hwc: Set ioprio for vsync thread <Steve Kondik> 1 year, 1 month ago
7516867 : Don't build lights module if vendor supplies it <Steve Kondik> 1 year, 11 months ago
730d245 : Revert "hqd: Use MSM_VIDC_TARGET_LIST for Venus color format" <Ethan Chen> 10 months ago
bc1215a : display: Use project pathmap <Ethan Chen> 1 year, 11 months ago
c324d73 : hwc: Set DefaultMode after bootup completion <Ramakant Singh> 11 months ago
8a6e7c9 : gralloc: Add a private flag for INTERNAL only <Arun Kumar K.R> 1 year, 2 months ago
394c830 : hwc: Donot update dynamic-fps when device is not active <Ramakant Singh> 1 year ago
8f21571 : hwc: Do not wait for MDSS fence for layers with rotation <Dileep Kumar Reddi> 1 year, 1 month ago
d2c5ca0 : hwc: Start with ROI set to destination <Arun Kumar K.R> 1 year ago
9ef4d8c : hwc: Set minfps as part of timeout_handler during idlefallback <Ramakant Singh> 1 year ago
0d616ba : Revert "hwc: Relax format change restrictions for certain targets" <Dileep Kumar Reddi> 1 year ago
213ead5 : Default flexible YUV format to NV21 <Tanmaya Godbole> 1 year, 2 months ago
ed75fdb : hwc: Reset refresh-rate for few cases as part of timeout handler <Dileep Kumar Reddi> 1 year ago
56ed396 : gralloc: Add support for PRIV_FLAGS_DISP_CONSUMER <Surajit Podder> 1 year, 4 months ago
a2d5295 : hwc: Support ActionSafe on targets with non-scaling RGB pipes. <Sandeep Panda> 1 year, 1 month ago
248378d : gralloc: Use adreno_utils api for NV21 and NV12 alignment <Sushil Chauhan> 1 year, 2 months ago
037d21d : hwc: Use basePipe for fullscreen and opaque layer <Pullakavi Srinivas> 1 year, 2 months ago
77ec4ef : gralloc: Modify check for uncompressed RGB buffers <Naomi Luis> 1 year, 2 months ago
449fbe0 : hwc: Use aligned width and height <Dileep Kumar Reddi> 1 year, 2 months ago
02dbc50 : Revert "HWC: use aligned width and height for rearranging ROI" <Dileep Kumar Reddi> 1 year, 2 months ago
cd7217a : hwc: Support ActionSafe on targets with non-scaling RGB pipes. <Sandeep Panda> 1 year, 1 month ago
eed742d : overlay: add tertiary display definition in overlay <Vinu Deokaran> 1 year, 1 month ago
a029479 : hwc: Validate display ID in hwc interface <Arun Kumar K.R> 1 year, 1 month ago
09441c1 : gralloc: Add missing changes related to RAW16 <Raj Kamal> 1 year, 3 months ago
7ea10c5 : hwc: Use basePipe for fullscreen and opaque layer <Pullakavi Srinivas> 1 year, 2 months ago
c039f6e : hwc: Use aligned width and height <Dileep Kumar Reddi> 1 year, 2 months ago
60cbe72 : Revert "HWC: use aligned width and height for rearranging ROI" <Dileep Kumar Reddi> 1 year, 2 months ago
2e918bf : hwc: Avoid idlefallback during video playback <Raj Kamal> 1 year, 2 months ago
fbe5a60 : HWC: use aligned width and height for rearranging ROI <Dileep Kumar Reddi> 1 year, 2 months ago
597b313 : hwc: Featurize HWC_DISPLAY_SECURE <Raj Kamal> 1 year, 2 months ago
eb4d7a6 : hwc: Use HWC_DISPLAY_NO_ATTRIBUTE as terminator. <Prabhanjan Kandula> 1 year, 2 months ago
410ba7c : hwc : Normalize source crop before validating scaling limits. <Prabhanjan Kandula> 1 year, 2 months ago
95fef31 : hwc: Relax format change restrictions for certain targets <Dileep Kumar Reddi> 1 year, 2 months ago
42a1c98 : hwc: Changes for display-hal compilation with QTI_BSP enabled <Ramakant Singh> 1 year, 3 months ago
c772eec : hwc: Do not use Borderfill pipe for composition in WFD <Dileep Kumar Reddi> 1 year, 2 months ago
e5268fd : hwc/overlay: Pass handle w/h and crop w/h through fb_image field <Arun Kumar K.R> 1 year, 3 months ago
5d39f02 : hwc: Log warning instead of mHDMIClient object not available <Dileep Kumar Reddi> 1 year, 2 months ago
55b3489 : hwc: Ignore float-conversion for included headers <Naseer Ahmed> 1 year, 2 months ago
82fe9c6 : hwc: Do not consider rotation for smart blit <Ramakant Singh> 1 year, 3 months ago
dd689ff : hwc: Do not create idle invalidator for MDP3 targets <Dileep Kumar Reddi> 1 year, 3 months ago
c58836b : hwc: Align ROI's width and height in both directions <Dileep Kumar Reddi> 1 year, 3 months ago
19f2250 : hwc: Fix SF crash due to SIGSEGV error <Raj Kamal> 1 year, 3 months ago
 
**** cm:CyanogenMod/android_hardware_qcom_display ****
c823234 : libmemtrack: Update the parsing of flags field <Harshdeep Dhatt> 6 months ago
5277cf2 : sdm: Handle spurious wakeup from pthread_cond_wait <Saurabh Shah> 6 months ago
1a7387c : hwc: Initialize pipe type to kPipeTypeUnused <Pullakavi Srinivas> 7 months ago
0400de2 : sdm: Fix HDMI connect failures while changing the mode <Ramkumar Radhakrishnan> 3 months ago
5a2c41d : Revert "sdm: Fix Dynamic frame rate issue" <Ramkumar Radhakrishnan> 3 months ago
ec5aa61 : hdmi: Reset S3D configuration on bootup <feifanz> 4 months ago
643a537 : sdm: Reconfigure display on SetRefreshRate <Manoj Kumar AVM> 4 months ago
e3a3353 : sdm: Fix Dynamic frame rate issue <Manoj Kumar AVM> 4 months ago
202ab44 : hdmi: Set correct initial S3D configuration <feifanz> 4 months ago
0bbc949 : sdm/hwc: Silence logspam <Steve Kondik> 4 months ago
37605f8 : sdm: Remain display framerate after dynamic resolution change <feifanz> 4 months ago
3b48227 : hdmi: Set correct S3D configuration on bootup <Manoj Kumar AVM> 4 months ago
8775a2b : sdm: Notify surfaceflinger to draw S3D framebuffer target <feifanz> 6 months ago
52da784 : sdm: Fix rotator input buffer fence initialization for S3D use case <Ramkumar Radhakrishnan> 4 months ago
9f840e1 : sdm: Fix dynamic refresh rate setting during S3D video playback. <Ramkumar Radhakrishnan> 4 months ago
30f3628 : sdm: Add binder support to force set HDMI framerate <feifanz> 5 months ago
2b9f200 : sdm: Limit composed layers for non primary displays <Krishna Srinivas> 5 months ago
68b10a4 : sdm: Add mode chose for dynamic framerate switch <feifanz> 5 months ago
5277365 : sdm: Power on HDMI panel when pluged in <feifanz> 5 months ago
3d5d4c1 : libmemtrack: Update the parsing of flags field <Harshdeep Dhatt> 6 months ago
0c39af5 : sdm:  Adding mapping of MDP RGB565_UBWC  format to SDM format <Anjaneya Prasad Musunuri> 7 months ago
5e6e766 : gralloc: Handle RAW_OPAQUE formats similar to blob <Naseer Ahmed> 6 months ago
2106b2a : sdm: Fix HDMI Primary and Virtual Display concurrency use case <Tatenda Chipeperekwa> 6 months ago
c5f91b1 : sdm: Set system property when HDMI is Primary <Tatenda Chipeperekwa> 6 months ago
371b9bc : sdm: Fix compilation error in hwc <Ramkumar Radhakrishnan> 5 months ago
a9f99ef : sdm: Typecast void pointer to mdp scale structure for QSEED2. <Ramkumar Radhakrishnan> 8 months ago
5e37cc9 : hwc: Initialize pipe type to kPipeTypeUnused <Pullakavi Srinivas> 7 months ago
49f32ce : sdm: Handle spurious wakeup from pthread_cond_wait <Saurabh Shah> 6 months ago
e588c17 : sdm : Apply Default Mode on real framework start <Sravan Kumar D.V.N> 7 months ago
4273f6c : sdm: Full ROI for 1 frame after resolution switch <Saurabh Shah> 6 months ago
09ed480 : sdm: Add support to report the pixel format of the display <Tatenda Chipeperekwa> 6 months ago
4d18fb9 : sdm: Disable partial update only if is enabled. <Dileep Marchya> 7 months ago
b60921b : sdm: Enable HDMI dynamic frame rate switch feature <feifanz> 7 months ago
2ca46a4 : qdMetadata: Add MetaData operation functions <feifanz> 7 months ago
d4f544e : sdm: HDMI as primary and headless display support <Tatenda Chipeperekwa> 6 months ago
3fc6dfa : sdm: Add independent hardware event thread for display events <Tatenda Chipeperekwa> 7 months ago
d180922 : sdm: Add sys wrappers for read, write, eventfd system calls <Tatenda Chipeperekwa> 7 months ago
57572d5 : qservice: Fixes for IQHDMIClient <Tatenda Chipeperekwa> 7 months ago
fcb06b6 : cec: Fix message parsing and enable wakeup feature <Tatenda Chipeperekwa> 7 months ago
d6591ae : sdm: Wrap DISPLAY_TERTIARY around QTI_BSP <Manoj Kumar AVM> 7 months ago
b7a0693 : sdm: Add parameter check for content list <Manoj Kumar AVM> 8 months ago
b5a157d : libmemtrack: Update parsing of kgsl mem file <Harshdeep Dhatt> 9 months ago
009ad60 : sdm: Set max_layers to 0 when HDMI is in S3D mode <Xu Yang> 9 months ago
bbeb6d6 : sdm: Initialize blit class members <Anjaneya Prasad Musunuri> 8 months ago
07d45cf : sdm: Fix out of bound access to HWC layers. <Dileep Marchya> 8 months ago
9b2cc73 : sdm: Fix default ROI initialization <Ramkumar Radhakrishnan> 8 months ago
cef3584 : sdm: color-manager: Add support for global dither. <Siddharth Zaveri> 8 months ago
19e6179 : sdm: Populate supported format table map from sysfs node <Ramkumar Radhakrishnan> 9 months ago
5fb5686 : sdm: Fix layer blending parameter setting. <Ramkumar Radhakrishnan> 9 months ago
631a683 : gralloc: Ignore IGC setting. <Dileep Marchya> 10 months ago
 
**** cm:CyanogenMod/android_hardware_qcom_media ****
a7b4886 : The libOmxSw encoders require prop headers :( <Ricardo Cerqueira> 3 months ago
4b1c56f : venc: Disable building vqzip into the encoder for OSS <Ricardo Cerqueira> 4 months ago
e9e9b32 : mm-core: change data type for version <Manikanta Kanamarlapudi> 4 months ago
07f11ee : make: Fix up platform inclusion <Ricardo Cerqueira> 5 months ago
e9f9ae8 : mm-video-v4l2: venc: Avoid processing ETBs/FTBs in invalid states <Praveen Chavan> 6 months ago
9eae7f2 : mm-video-v4l2: vdec: Avoid processing ETBs/FTBs in invalid states <Praveen Chavan> 6 months ago
3965563 : make: Adjust to dynamic paths <Ricardo Cerqueira> 5 months ago
b5a27bf : Avoid collision with the ffpmeg plugin <Ricardo Cerqueira> 5 months ago
d822edf : mm-video: Fix race condition in component. <Manikanta Sivapala> 6 months ago
cc6a5bb : mm-video: Handle ETB's with invalid length <Manikanta Sivapala> 6 months ago
d4c68ef : mm-video: Update function to flush cached ION output buffer. <Manikanta Sivapala> 6 months ago
6f4b96d : mm-video-v4l2: vidc: validate omx param/config data <Praveen Chavan> 7 months ago
70ecf07 : mm-video-v4l2: venc: add safety checks for freeing buffers <Praveen Chavan> 7 months ago
58cfe3e : mm-video-v4l2: vdec: add safety checks for freeing buffers <Praveen Chavan> 7 months ago
c9d33c1 : mm-video-v4l2: vdec: deprecate unused config OMX_IndexVendorVideoExtraData <Praveen Chavan> 7 months ago
162d7c2 : mm-video-v4l2: vidc: venc: KW fix to initialize v4l2 control. <Srinu Gorle> 6 months ago
ba4f857 : mm-video-v4l2: vdec: Malloc failure handling in memory prefetch <Rohit Kulkarni> 7 months ago
f05c40f : mm-video-v4l2: vdec: Add support for prefetching secure memory <Shalaj Jain> 9 months ago
1e09dcc : mm-video: swvdec: Flush cached ION output buffer. <Manikanta Sivapala> 7 months ago
5aa6868 : mm-video-v4l2: vidc: Do not queue output buffer if flush is in progress <Arun Menon> 10 months ago
451c330 : mm-video-v4l2: vidc: vdec: KW fix to initialize v4l2 control. <Abdulla Anam> 8 months ago
87af875 : Remove internal code name of msmtitanium for msm8953. <Arusha Goyal> 8 months ago
98c1933 : mm-video: swvdec: Enable "arbitrary bytes mode" via setparam. <Manikanta Sivapala> 8 months ago
6a113e8 : Remove internal code name of msmtitanium for msm8953. <Arusha Goyal> 8 months ago
66507f6 : mm-core: Add secure component registry entry <Vikash Garodia> 8 months ago
3c0c75c : mm-video-v4l2: vdec: Change preferred color format default order <Arun Menon> 12 months ago
47a3c9e : mm-core: Rename vpp component name in the registry. <Abdulla Anam> 9 months ago
f673dc5 : mm-video: swvdec: Fix bug in 'arbitrary bytes mode'. <Manikanta Sivapala> 8 months ago
658d7f6 : mm-video-v4l2: vdec: add support for vp8 secure decoder <Deepak Kushwah> 9 months ago
d5acdbb : mm-video-v4l2: vidc: update thread names <Vikash Garodia> 8 months ago
981d875 : mm-video: swvdec: Use C++ standard library queue classes. <Manikanta Sivapala> 8 months ago
4738e01 : mm-video: vidc: Communicate the right colorformat to the driver <Deva Ramasubramanian> 10 months ago
6480767 : mm-core: Add vp8 and vp9 secure decoders for titanium <Srinu Gorle> 9 months ago
3134ae4 : mm-video-v4l2: venc: revert add support for handling EOS buffer <Manikanta Kanamarlapudi> 9 months ago
3160904 : audio: Add entry for ALAC/APE software component <Preetam Singh Ranawat> 9 months ago
f09ef0f : mm-video: vidc: memset struct v4l2_format prior to S_FMT <Deva Ramasubramanian> 9 months ago
99a9dea : mm-video: swvdec: Fix FD leak. <Vikash Garodia> 9 months ago
21b0839 : Revert "mm-video-v4l2: vidc: Enhance VQZIP checks" <Manikanta Sivapala> 9 months ago
73109a9 : Revert "mm-video-v4l2: vidc: venc: Bug fixes for VZIP" <Manikanta Sivapala> 9 months ago
bf6b113 : mm-video-v4l2: venc: Add support for low latency mode <Srinu Gorle> 10 months ago
e3ab4f0 : mm-core: Fix compilation issue to erratic string constant <Amit Shekhar> 1 year, 1 month ago
68a4b6c : mm-video: swvdec: Add 'arbitrary bytes mode' support. <Manikanta Kanamarlapudi> 9 months ago
89b5e96 : mm-video-v4l2: vidc: venc: Bug fixes for VZIP <Praneeth Paladugu> 11 months ago
d9b4206 : libc2dcolorconvert: check if platform support c2d <Alex Wong> 9 months ago
fd7f872 : mm-video-v4l2: vidc: Enhance VQZIP checks <Praneeth Paladugu> 1 year, 2 months ago
ba30dca : mm-video: swvenc: update color format correctly <Manikanta Sivapala> 9 months ago
c950d91 : mm-video: swvdec: Fix bug in describe color format function. <Manikanta Sivapala> 9 months ago
cb9101d : mm-video-v4l2: venc: send flags to color converter <Maheshwar Ajja> 10 months ago
57a18a2 : mm-video: swvenc: Update color format correctly <Manikanta Sivapala> 10 months ago
66f5bdc : mm-video-v4l2: venc: Disable Bframes incase of UHD recording <Srinu Gorle> 11 months ago
 
**** cm:CyanogenMod/android_hardware_qcom_media ****
2182d03 : DO NOT MERGE mm-video-v4l2: venc: add checks before  accessing heap pointers <Praveen Chavan> 4 months ago
8db7a42 : DO NOT MERGE Fix wrong nAllocLen <Wonsik Kim> 4 months ago
d81a756 : mm-video-v4l2: vdec: Avoid processing ETBs/FTBs in invalid states <Praveen Chavan> 6 months ago
ddeb931 : mm-video-v4l2: venc: Avoid processing ETBs/FTBs in invalid states <Praveen Chavan> 6 months ago
1071714 : DO NOT MERGE mm-video-v4l2: vdec: deprecate unused config OMX_IndexVendorVideoExtraData <Praveen Chavan> 6 months ago
3dd7332 : DO NOT MERGE mm-video-v4l2: venc: add safety checks for freeing buffers <Praveen Chavan> 6 months ago
cbc1231 : DO NOT MERGE mm-video-v4l2: vidc: validate omx param/config data <Praveen Chavan> 6 months ago
bb2d97a : DO NOT MERGE mm-video-v4l2: vdec: add safety checks for freeing buffers <Praveen Chavan> 6 months ago
70ff94f : mm-video-v4l2: vdec: modify max supported level on msm8976 <Maheshwar Ajja> 7 months ago
9a1699d : mm-video-v4l2: Fix default session priority handling <Surajit Podder> 7 months ago
92b55f1 : mm-video-v4l2: vdec: Enhance video resolution check <Arun Menon> 8 months ago
bbcbc18 : mm-video-v4l2: vdec: Error out if set format ioctl fails <Abdulla Anam> 8 months ago
e184bed : mm-video-v4l2: vdec: Decrement semaphore count in error case. <vasantha> 8 months ago
ff3940f : mm-video-v4l2: Return correct level support for 8956 <Surajit Podder> 8 months ago
1fd6df0 : mm-video-v4l2: vidc: vdec: handle ftbs during reconfig and port disable <Abdulla Anam> 9 months ago
e9bacff : mm-video-v4l2: venc: check for null pointer <Maheshwar Ajja> 9 months ago
a699a13 : mm-video-v4l2: vdec: set 24 fps framerate for 4k clips <Deepak Kushwah> 9 months ago
bc9e191 : mm-video-v4l2: vidc: Fix race condition with msg thread fd close <Shalaj Jain> 11 months ago
a860362 : mm-video-v4l2: vidc: update thread names <Ashray Kulkarni> 1 year, 3 months ago
8e66146 : mm-video-v4l2: Add support for prefer adaptive playback extension <Shalaj Jain> 1 year, 3 months ago
41a5cfd : mm-video: Adjust stride value for planar format <Surajit Podder> 1 year, 5 months ago
c40cf77 : mm-video: vidc: Reliably stop the message thread <Deepak Kushwah> 10 months ago
62f611d : Fix duplicated OMX.qcom.audio.decoder.aac entry <Keith Mok> 11 months ago
69d6d4b : media: Avoid collision with FFMPEG plugin <Steve Kondik> 10 months ago
610c356 : media: Use project pathmap <Ethan Chen> 10 months ago
dc1b1d4 : mm-video-v4l2: Unmap dropped output buffers <Surajit Podder> 11 months ago
78521c5 : Include kernel header dependency for libOmxVidcCommon <Divya Sharma> 11 months ago
f9c92f0 : mm-video-v4l2: vidc: venc: Fix hybrid HP layer count <Abdulla Anam> 1 year ago
a5dce41 : mm-video-v4l2: Enable get_param to check downscalar enablement <Surajit Podder> 12 months ago
e7743ae : mm-video-v4l2: venc: Add support to enhance hybrid Hier-p mode <Abdulla Anam> 12 months ago
75bc6a6 : mm-video-v4l2: vdec:  release buffer when qbuf to driver fails <Manikanta Kanamarlapudi> 1 year ago
cfeaf87 : mm-video-v4l2: Use client buffer header for FTB <Surajit Podder> 1 year, 1 month ago
b6c736d : mm-video-v4l2: Disable intra refresh mode on msm8956/76 <Maheshwar Ajja> 1 year ago
a54c5d4 : mm-video-v4l2: vdec: fix fps issues in arbitrary mode <Ashray Kulkarni> 1 year, 2 months ago
826ba8c : QCMetadata: add a new key for big buffers <Sidipotu Ashok> 1 year, 1 month ago
ef3143a : QCMetadata: Add key for setBuffers API support <Manikanta Kanamarlapudi> 1 year, 5 months ago
f178e8b : mm-video-v4l2: venc: support all I frame encoding usecase. <Abdulla Anam> 1 year, 1 month ago
bcf4fa3 : libstagefrighthw: Add header guard to QComOMXMetadata.h and fix file perms <Deva Ramasubramanian> 1 year, 1 month ago
e2d287f : mm-video-v4l2: vdec: streamoff while freeing first output buffer <Balamurugan Alagarsamy> 1 year, 10 months ago
f0fc3d0 : mm-video: Disable downscalar for non-display usecase <Surajit Podder> 1 year, 4 months ago
0997c8a : mm-video: Enable HEVC software encoder OMX component. <Manikanta Sivapala> 1 year, 1 month ago
8bb96de : mm-video_v4l2: pass crop nWidth and nHeight in reconfig event. <Abdulla Anam> 1 year, 2 months ago
afb1469 : mm-video-v4l2: Fix downscalar issue <Surajit Podder> 1 year, 1 month ago
269f6cd : mm-video-v4l2: Fix crash due to divide by zero <Surajit Podder> 1 year, 1 month ago
c14558c : mm-video-v4l2: venc: initialize the member variables <Maheshwar Ajja> 1 year, 1 month ago
99c2455 : mm-video-v4l2: vdec: Fix closing of file descriptor "0" <Deepak Kushwah> 1 year, 1 month ago
b4d0e38 : mm-video-v4l2: venc: limit pixels value in input buffers. <Abdulla Anam> 1 year, 1 month ago
1202ebd : mm-video_v4l2: pass crop nWidth and nHeight in reconfig event. <Abdulla Anam> 1 year, 2 months ago
1fc82f0 : mm-video: Disable downscalar for non-display usecase <Surajit Podder> 1 year, 4 months ago
6ecc67f : mm-core: update vpp related structures and enums. <Abdulla Anam> 1 year, 2 months ago
 
**** cm:CyanogenMod/android_hardware_qcom_media ****
1cbab89 : DO NOT MERGE mm-video-v4l2: venc: add checks before  accessing heap pointers <Praveen Chavan> 4 months ago
de2960f : DO NOT MERGE Fix wrong nAllocLen <Wonsik Kim> 4 months ago
5029df7 : venc: Fix VQZip issue <Steve Kondik> 3 months ago
fe01ff3 : mm-video-v4l2: vidc: venc: Remove unspported Levels <Praneeth Paladugu> 5 months ago
9a2ff6f : mm-video-v4l2: Fix crash during decoder output dump <Surajit Podder> 3 months ago
dc02ee7 : mm-video-v4l2: Detect interlace format types correctly. <Kim Zhang> 5 months ago
341f7d6 : mm-core: Add De-interlace case for VPP <Kim Zhang> 4 months ago
e896660 : mm-core: Fix the nVersion type issue in QOMX_EXTNINDEX_VIDEO_VENC_SAR <Kim Zhang> 4 months ago
8c6e1b9 : mm-video-v4l2: vdec: refine refresh_rate handling <Qiwei Liu> 4 months ago
05beae8 : venc: Disable building vqzip into the encoder for OSS <Ricardo Cerqueira> 4 months ago
0444f03 : Revert "venc: use libOmxVenc as blob" <Chao Chen> 4 months ago
6c2bccf : mm-video-v4l2: Fix issue with DCVS in split mode <Surajit Podder> 4 months ago
d92e6d9 : mm-video-v4l2: venc: Avoid processing ETBs/FTBs in invalid states <Praveen Chavan> 6 months ago
726dddc : mm-video-v4l2: vdec: Avoid processing ETBs/FTBs in invalid states <Praveen Chavan> 6 months ago
6f4a4ba : mm-video-v4l2: vide: vdec: modify refresh rate calculation <Qiwei Liu> 6 months ago
352a82c : mm-video-v4l2: Handle decoder output crop extradata <Vikash Garodia> 5 months ago
219d27a : venc: use libOmxVenc as blob <Matt Wagantall> 8 months ago
6cafea7 : mm-video-v4l2: vidc: Enumerate supported HEVC decoder profiles <Rohit Kulkarni> 6 months ago
b597f7e : mm-video-v4l2: vidc: Update supported Level values <Praneeth Paladugu> 8 months ago
5ae7676 : mm-video-v4l2: vdec: Update the buffer size after g_fmt <Vikash Garodia> 5 months ago
5b2d521 : mm-core: Remove the size and version fields for some vpp structures <Kim Zhang> 6 months ago
85372cd : mm-video-v4l2: vidc: vdec: Change DPB mode to combined for VP9 <Praneeth Paladugu> 6 months ago
45e8530 : mm-video-v4l2: Pass stride and scanlines with reconfig event <Abdulla Anam> 6 months ago
accaaf8 : mm-video-v4l2: vdec: DPB mode to split for CPU access of buffers <Praneeth Paladugu> 7 months ago
4925114 : mm-video-v4l2: vdec: deprecate unused config OMX_IndexVendorVideoExtraData <Praveen Chavan> 6 months ago
d4f4cdf : mm-video-v4l2: venc: add safety checks for freeing buffers <Praveen Chavan> 6 months ago
a797942 : mm-video-v4l2: vidc: validate omx param/config data <Praveen Chavan> 6 months ago
8c6b30e : mm-video-v4l2: vdec: add safety checks for freeing buffers <Praveen Chavan> 6 months ago
8943d96 : mm-video-v4l2: vidc: vdec: Add support for Output crop extra data <Arun Menon> 7 months ago
d39458f : mm-video-v4l2: vidc: Restore pixel format on capture plane <Kim Zhang> 6 months ago
73699c1 : mm-video-v4l2: Pointer null check before deferencing it <Deepak Kushwah> 10 months ago
b107003 : mm-video-v4l2: vidc: validate omx param/config data <Praveen Chavan> 7 months ago
d77c4a9 : mm-video-v4l2: vdec: deprecate unused config OMX_IndexVendorVideoExtraData <Praveen Chavan> 7 months ago
4802a3d : mm-video-v4l2: vidc: vdec: Add Extra data size during update_portdef <Arun Menon> 7 months ago
20f4efa : mm-video-v4l2: vidc: venc: Fix VQZIP issues <Praneeth Paladugu> 7 months ago
ace6a48 : mm-video-v4l2: vdec: Call vidioc_g_fmt to get updated buffer size <Arun Menon> 7 months ago
538225b : mm-video-v4l2: vdec: Malloc failure handling in memory prefetch <Rohit Kulkarni> 7 months ago
2a3c3fc : mm-video-v4l2: vidc: venc: Fix rotation issue <Praneeth Paladugu> 7 months ago
c1c9a54 : mm-video-v4l2: vdec: Add support for prefetching secure memory <Shalaj Jain> 9 months ago
cdd8a4b : mm-video-v4l2: vdec: add safety checks for freeing buffers <Praveen Chavan> 7 months ago
bd10da8 : mm-video-v4l2: venc: add safety checks for freeing buffers <Praveen Chavan> 7 months ago
c59fcaa :  mm-video-v4l2: vidc: HEVC Main10 profile support <Rohit Kulkarni> 8 months ago
56dd269 : mm-video: vidc: Squashed changes for component <Praneeth Paladugu> 8 months ago
347b90c : libc2dcolorconvert: refer c2d header from display <Praveen Chavan> 2 years, 5 months ago
14a416b : mm-video-v4l2: vdec: Increase buffer count to support high fps <Arun Menon> 10 months ago
6316605 : vidc: Fix makefiles <Steve Kondik> 1 year, 6 months ago
416ba49 : mm-video-v4l2: vidc: vdec: skip enabling S3D extra data for secure session <Srinu Gorle> 1 year, 6 months ago
5f4d49f : mm-video-v4l2: vidc: vdec: Add support for S3D metadata <Ashray Kulkarni> 1 year, 9 months ago
a53124e : mm-core: Fix compilation issue to erratic string constant <Amit Shekhar> 1 year, 1 month ago
a7f1dda : mm-video-v4l2: vidc: venc: Fix rotation issue for 180 degrees <Praneeth Paladugu> 11 months ago
 
**** cm:CyanogenMod/android_hardware_sony_thermanager ****
0681437 : thermanager: Log the emergency power off in kernel logs <Adrian DC> 2 weeks ago
 
**** cmold:android_kernel_htc_msm8974 ****
e0b6601 : KEYS: Fix short sprintf buffer in /proc/keys show function <David Howells> 7 weeks ago
65da03b : fix infoleak in rtnetlink <kangjie> 6 months ago
5061567 : Replace %p with %pK to prevent leaking kernel address <Mohamad Ayyash> 5 months ago
b6475d9 : fs: ext4: disable support for fallocate FALLOC_FL_PUNCH_HOLE <Nick Desaulniers> 3 months ago
c97fccb : binder: prevent kptr leak by using %pK format specifier <Nick Desaulniers> 9 weeks ago
83b5db4 : tcp: fix use after free in tcp_xmit_retransmit_queue() <Eric Dumazet> 9 weeks ago
 
**** cmold:android_kernel_htc_msm8994 ****
31d120c : KEYS: Fix short sprintf buffer in /proc/keys show function <David Howells> 7 weeks ago
aeda2f8 : net: fix infoleak in rtnetlink <Kangjie Lu> 6 months ago
164e365 : fs: ext4: disable support for fallocate FALLOC_FL_PUNCH_HOLE <Nick Desaulniers> 3 months ago
daa4b4c : binder: prevent kptr leak by using %pK format specifier <Nick Desaulniers> 9 weeks ago
50855ca : tcp: fix use after free in tcp_xmit_retransmit_queue() <Eric Dumazet> 9 weeks ago
 
**** cmold:android_kernel_huawei_kiwi ****
1ef5c70 : mm: remove gup_flags FOLL_WRITE games from __get_user_pages() <Linus Torvalds> 8 hours ago
05d5f23 : KEYS: Fix short sprintf buffer in /proc/keys show function <David Howells> 7 weeks ago
fd29eac : tcp: fix use after free in tcp_xmit_retransmit_queue() <Eric Dumazet> 9 weeks ago
 
**** cmold:android_kernel_lge_g3 ****
5996178 : KEYS: Fix short sprintf buffer in /proc/keys show function <David Howells> 7 weeks ago
456445e : fix infoleak in rtnetlink <kangjie> 6 months ago
def62fb : Replace %p with %pK to prevent leaking kernel address <Mohamad Ayyash> 5 months ago
36a615b : ALSA: control: Fix replacing user controls <Lars-Peter Clausen> 2 years, 4 months ago
4e2b21c : fs: ext4: disable support for fallocate FALLOC_FL_PUNCH_HOLE <Nick Desaulniers> 3 months ago
770fc23 : binder: prevent kptr leak by using %pK format specifier <Nick Desaulniers> 9 weeks ago
f126f50 : tcp: fix use after free in tcp_xmit_retransmit_queue() <Eric Dumazet> 9 weeks ago
 
**** vanir:kernel_lge_msm8974 ****
3974949 : KEYS: Fix short sprintf buffer in /proc/keys show function <David Howells> 7 weeks ago
624eea5 : fix infoleak in rtnetlink <kangjie> 6 months ago
7e04567 : Replace %p with %pK to prevent leaking kernel address <Mohamad Ayyash> 5 months ago
3cde896 : ALSA: control: Fix replacing user controls <Lars-Peter Clausen> 2 years, 4 months ago
17c289e : fs: ext4: disable support for fallocate FALLOC_FL_PUNCH_HOLE <Nick Desaulniers> 3 months ago
60dfece : binder: prevent kptr leak by using %pK format specifier <Nick Desaulniers> 9 weeks ago
1f3ebbc : tcp: fix use after free in tcp_xmit_retransmit_queue() <Eric Dumazet> 9 weeks ago
 
**** cmold:android_kernel_lge_msm8992 ****
ca200ef : fix infoleak in rtnetlink <Kangjie Lu> 25 hours ago
676d17a : fs: ext4: disable support for fallocate FALLOC_FL_PUNCH_HOLE <Nick Desaulniers> 3 months ago
df9c38c : binder: prevent kptr leak by using %pK format specifier <Nick Desaulniers> 9 weeks ago
a1497a7 : mm: remove gup_flags FOLL_WRITE games from __get_user_pages() <Linus Torvalds> 3 days ago
160916e : net: Fix use after free in the recvmmsg exit path <Arnaldo Carvalho de Melo> 7 months ago
442ef4d : perf: duplicate deletion of perf event <Srinivasarao P> 8 months ago
c7bc8c0 : ASoC: msm: audio-effects: misc fixes in h/w accelerated effect <Weiyin Jiang> 6 months ago
c1880b1 : msm: perf: Do not allocate new hw_event if event is duplicate. <Veena Sambasivan> 5 months ago
7815f28 : USB: dwc3: debugfs: Add boundary check in dwc3_store_ep_num() <Vijayavardhan Vennapusa> 6 months ago
dba549c : Replace %p with %pK to prevent leaking kernel address <Mohamad Ayyash> 5 months ago
45dcf33 : KEYS: Fix short sprintf buffer in /proc/keys show function <David Howells> 7 weeks ago
 
**** cmold:android_kernel_motorola_msm8226 ****
be6ff0b : mm: remove gup_flags FOLL_WRITE games from __get_user_pages() <Linus Torvalds> 9 days ago
13febf1 : KEYS: Fix short sprintf buffer in /proc/keys show function <David Howells> 7 weeks ago
01c7262 : tcp: fix use after free in tcp_xmit_retransmit_queue() <Eric Dumazet> 9 weeks ago
74b6a24 : fix infoleak in rtnetlink <kangjie> 6 months ago
6d60349 : Replace %p with %pK to prevent leaking kernel address <Mohamad Ayyash> 5 months ago
72c4df2 : ALSA: control: Fix replacing user controls <Lars-Peter Clausen> 2 years, 4 months ago
cc40bcb : fs: ext4: disable support for fallocate FALLOC_FL_PUNCH_HOLE <Nick Desaulniers> 3 months ago
a5b50e9 : binder: prevent kptr leak by using %pK format specifier <Nick Desaulniers> 9 weeks ago
e5b4e3a : net: Fix use after free in the recvmmsg exit path <Arnaldo Carvalho de Melo> 7 months ago
40b38bf : perf: duplicate deletion of perf event <Srinivasarao P> 8 months ago
3fddf9c : ASoC: msm: audio-effects: misc fixes in h/w accelerated effect <Weiyin Jiang> 6 months ago
3282d5a : msm: perf: Do not allocate new hw_event if event is duplicate. <Veena Sambasivan> 5 months ago
81b0b26 : USB: dwc3: debugfs: Add boundary check in dwc3_store_ep_num() <Vijayavardhan Vennapusa> 6 months ago
 
**** cmold:android_kernel_motorola_msm8916 ****
2679e98 : harpia: Bring inline with osprey_defconfig <Alberto97> 3 weeks ago
71e69c2 : harpia: Add untouched stock defconfig <Alberto97> 3 weeks ago
9d1e64f : Regenerate defconfigs <Alberto97> 4 weeks ago
eddeacf : msm: mdss: Port HBM fixes <Alberto97> 4 weeks ago
bec4be7 : ARM: dts: msm: Wrap Harpia dtbs <Alberto97> 4 weeks ago
1ebaa95 : f2fs: introduce max_file_blocks in sbi <Chao Yu> 4 months ago
0a08a76 : f2fs: add a max block check for get_data_block_bmap <Yunlei He> 4 months ago
5970414 : f2fs: Add a ioctl to disable garbage collection <Jiangli Yuan> 5 months ago
db84ea2 : arm/dt: 8916: Add channel ID for Tesco Ireland <Tarciano Facco Pegoraro> 3 months ago
30945c3 : input:bma25x:optimize Face Down to Face Up algorithm <molg1> 4 months ago
0750085 : dtsi: Harpia:change the low-latency to normal <zhouwl> 4 months ago
63dc87d : Modify the preflash current to 300mA <chenglong1> 4 months ago
70cdf7d : exfat: use correct length for utf conversion <Shengzhe Zhao> 5 months ago
0390c60 : qos: Disable irq notifier when qos request is removed <Srinivas Rao L> 8 months ago
a677a3d : spmi: qpnp-int: prevent a race condition in mask/unmask of interrupts <Abhijeet Dharmapurikar> 9 months ago
9729b95 : fix flushing of buffer beyond the range <Srinivasarao P> 7 months ago
d0e097c : msm: perf: validate input argument of ev_constraints functions <Kishor PK> 8 months ago
875aa14d2a : qcom: subsystem_restart: Ignore SSR requests during system reboot/shutdown <Avaneesh Kumar Dwivedi> 8 months ago
51f2fed : msm: perf: Protect buffer overflow due to malicious user <Swetha Chikkaboraiah> 4 months ago
35568c3 : exfat: avoid setting 0 over buffer uniname <Shengzhe Zhao> 5 months ago
bf7d63f : Needs to be relooked <Navya Vijayan> 4 months ago
d443929 : exfat: avoid setting 0 over buffer uniname <Shengzhe Zhao> 5 months ago
ccdce76 : msm: camera: isp: Fix warning and errors based on static analysis <Suman Mukherjee> 4 months ago
4c5cf2a : Revert "msm: camera: isp: protect driver from using invalid bufq" <Alberto97> 4 weeks ago
3b3861f : input:misc:epl8802:optimize debug log <molg1> 4 months ago
3263c83 : esdfs: disable access before umount <Shengzhe Zhao> 5 months ago
d5cf37d : esdfs: checking disable access in more functions <Shengzhe Zhao> 5 months ago
8d1fe02 : utags: fix false positive range checks <Dmitry Ornatsky> 5 months ago
e53fcc7 : power: add charger current thermal mitigation function <chailu1> 5 months ago
60f4279 : arm/dts: add charger current mitigation config for Harpia <chailu1> 5 months ago
690070d : mbhc: do not report line-out to upper layers <Tarciano Facco Pegoraro> 4 months ago
869d7a6 : msm_rmnet_bam: Move open operation to probe <Subash Abhinov Kasiviswanathan> 9 months ago
49d4b16 : mmc/workaround: 8916: Add 50us delay after switch to RPMB <fuxm1> 5 months ago
0030b9e : trace: prevent NULL pointer dereference <Kishor PK> 9 months ago
05eee34 : input: synaptics_dsx_fw_update: fix ctrl89 of f54 <Konstantin Makariev> 5 months ago
67996b4 : Add sensor serial number for OV8865 <libm1> 5 months ago
649df33 : msm: mdss: only block HBM param setting when DCS only <wangyq13> 5 months ago
ea8acec : arm/dts: Harpia: send all non-wait DSI commands together <Shiyong Li> 5 months ago
8e6597b : msm: mdss: correct "last" flag of DSI command header <Shiyong Li> 5 months ago
df74072 : MBHC:optimize headset device detect <lily8> 5 months ago
b1a442d : CVE-2016-2066.2469: Elevation of Privilege Vulnerability in Qualcomm Sound Driver for 8916 <Neeraj Kumar> 5 months ago
be6ef5c : MBHC: Audio not working thru car aux jack <zhouwl> 5 months ago
23d0962 : input:epl8802:optimize PROX autocalibration algorithm <chenlj2> 5 months ago
062fc75 : arm/dt:msm8916-harpia:Keep secure memory size <jincai1> 5 months ago
5ac97b9 : msm: mdss: enable first time backlight level set be effective <wangyq13> 5 months ago
fb5c1c6 : NFC : dts : Failing Mastercard Transaction Time at FIME <lumy1> 5 months ago
8206ec7 : input: synaptics_dsx_i2c: pm qos latency <Konstantin Makariev> 5 months ago
2f599ee : power: add OTG regulator code <chailu1> 5 months ago
1e87967 : arm/dts: add OTG dts config for Harpia <chailu1> 5 months ago
1280233 : binder: add barrier before enable preemption <Yi-wei Zhao> 5 months ago
 
**** cmold:android_kernel_samsung_d2 ****
f2fe24e : lib/int_sqrt.c: optimize square root algorithm <Davidlohr Bueso> 3 years, 6 months ago
5cc1f80 : mm: remove gup_flags FOLL_WRITE games from __get_user_pages() <Linus Torvalds> 9 days ago
94b1bb7 : KEYS: Fix short sprintf buffer in /proc/keys show function <David Howells> 7 weeks ago
b2610c2 : fix infoleak in rtnetlink <kangjie> 6 months ago
bc1affb : Replace %p with %pK to prevent leaking kernel address <Mohamad Ayyash> 5 months ago
e38dcef : fs: ext4: disable support for fallocate FALLOC_FL_PUNCH_HOLE <Nick Desaulniers> 3 months ago
b996eec : binder: prevent kptr leak by using %pK format specifier <Nick Desaulniers> 9 weeks ago
2cdc3cc : tcp: fix use after free in tcp_xmit_retransmit_queue() <Eric Dumazet> 9 weeks ago
 
**** vanir:kernel_samsung_jf ****
a78d1a0 : f2fs: introduce get_checkpoint_version for cleanup <Tiezhu Yang> 3 weeks ago
be2754f : f2fs: fix wrong sum_page pointer in f2fs_gc <Jaegeuk Kim> 10 days ago
e4697d7 : f2fs: introduce update_ckpt_flags to clean up <Jaegeuk Kim> 3 weeks ago
6609683 : f2fs: don't submit irrelevant page <Chao Yu> 3 weeks ago
d673c66 : f2fs: fix to commit bio cache after flushing node pages <Chao Yu> 3 weeks ago
cb34cfa : f2fs: remove dead variable <Sheng Yong> 3 weeks ago
b7578a1 : f2fs: remove redundant io plug <Chao Yu> 4 weeks ago
de1aa1c : f2fs: support checkpoint error injection <Chao Yu> 4 weeks ago
2aef3bb : f2fs: fix to recover old fault injection config in ->remount_fs <Chao Yu> 4 weeks ago
ae19356 : f2fs: do fault injection initialization in default_options <Chao Yu> 4 weeks ago
b72b068 : f2fs: remove redundant value definition <Yunlei He> 4 weeks ago
90a6f10 : f2fs: support configuring fault injection per superblock <Chao Yu> 4 weeks ago
c374ce3 : f2fs: adjust display format of segment bit <Chao Yu> 4 weeks ago
e6b2945 : f2fs: remove dirty inode pages in error path <Jaegeuk Kim> 4 weeks ago
f567217 : f2fs: do not unnecessarily null-terminate encrypted symlink data <Eric Biggers> 4 weeks ago
0126693 : f2fs: handle errors during recover_orphan_inodes <Jaegeuk Kim> 4 weeks ago
1d94bc5 : f2fs: avoid gc in cp_error case <Jaegeuk Kim> 4 weeks ago
4f93077 : f2fs: should put_page for summary page <Jaegeuk Kim> 4 weeks ago
2963624 : f2fs: assign return value in f2fs_gc <Jaegeuk Kim> 4 weeks ago
cc9b8bd3 : f2fs: introduce cp_lock to protect updating of ckpt_flags <Chao Yu> 5 weeks ago
e310720 : f2fs: fix to avoid race condition when updating sbi flag <Chao Yu> 5 weeks ago
5326cc2 : f2fs: put directory inodes before checkpoint in roll-forward recovery <Jaegeuk Kim> 5 weeks ago
07a40d9 : f2fs: use crc and cp version to determine roll-forward recovery <Jaegeuk Kim> 5 weeks ago
3d0a418 : f2fs: preallocate blocks for encrypted file <Yunlei He> 5 weeks ago
6b8db35 : f2fs: show dirty inode number <Chao Yu> 5 weeks ago
4114f56 : f2fs: support IO error injection <Chao Yu> 5 weeks ago
e1a1327 : f2fs: fix to return error number of read_all_xattrs correctly <Chao Yu> 5 weeks ago
786024a : f2fs: make f2fs_filetype_table static <Chao Yu> 5 weeks ago
2efe3ea : f2fs: handle error in recover_orphan_inode <Jaegeuk Kim> 6 weeks ago
349af1e : f2fs: remove dead code f2fs_check_acl <Tiezhu Yang> 6 weeks ago
67b76c5 : f2fs: fix to set PageUptodate in f2fs_write_end correctly <Jaegeuk Kim> 7 weeks ago
386b881 : f2fs: avoid ENOMEM during roll-forward recovery <Jaegeuk Kim> 6 weeks ago
dc5a99b : f2fs: add common iget in add_fsync_inode <Jaegeuk Kim> 6 weeks ago
d576c5b : f2fs: check free_sections for defragmentation <Jaegeuk Kim> 7 weeks ago
8f7e1ba : f2fs: forbid to do fstrim if fs has some error <Yunlei He> 7 weeks ago
94c2a05 : f2fs: avoid page allocation for truncating partial inline_data <Jaegeuk Kim> 7 weeks ago
531c3d7 : f2fs: no need to make zeros beyond i_size <Jaegeuk Kim> 7 weeks ago
89ecfab : f2fs: fix to detect temporary name of multimedia file <Chao Yu> 7 weeks ago
8329017 : f2fs: set dentry bits on random location in memory <Jaegeuk Kim> 7 weeks ago
6e43c5a : f2fs: fix to set superblock dirty correctly <Chao Yu> 8 weeks ago
472fb9f : f2fs: add roll-forward recovery process for encrypted dentry <Shuoran Liu> 8 weeks ago
7795331 : f2fs: fix lost xattrs of directories <Jaegeuk Kim> 8 weeks ago
0bfbb35 : f2fs: set encryption name flag in add inline entry path <Shuoran Liu> 8 weeks ago
2b13726 : f2fs crypto: avoid unneeded memory allocation in ->readdir <Chao Yu> 8 weeks ago
a4858b9 : f2fs: fix to do security initialization of encrypted inode with original filename <Chao Yu> 8 weeks ago
3b444db : f2fs: do in batch synchronously readahead during GC <Chao Yu> 8 weeks ago
f27f7b9 : f2fs: schedule in between two continous batch discards <Chao Yu> 9 weeks ago
1375ca9 : f2fs: enable inline_dentry by default and add noinline_dentry option <Chao Yu> 6 months ago
5532996 : f2fs: fix a bug when using namehash to locate dentry bucket <Shuoran Liu> 8 weeks ago
b79b59a : f2fs: fix to preallocate block only aligned to 4K <Chao Yu> 9 weeks ago
 
**** vanir:kernel_samsung_klte ****
db35b0a : mm: remove gup_flags FOLL_WRITE games from __get_user_pages() <Linus Torvalds> 9 days ago
4e2e424 : KEYS: Fix short sprintf buffer in /proc/keys show function <David Howells> 7 weeks ago
c0f5ba5 : tcp: fix use after free in tcp_xmit_retransmit_queue() <Eric Dumazet> 9 weeks ago
 
**** cmold:android_kernel_sony_msm8x27 ****
51a9468 : BACKPORT: mm: remove gup_flags FOLL_WRITE games from __get_user_pages() <Linus Torvalds> 9 days ago
acd7884 : KEYS: Fix short sprintf buffer in /proc/keys show function <David Howells> 7 weeks ago
9fcd3af : tcp: fix use after free in tcp_xmit_retransmit_queue() <Eric Dumazet> 9 weeks ago
 
**** github:armani-dev/android_kernel_xiaomi_armani ****
5920e31 : fix infoleak in rtnetlink <kangjie> 6 months ago
aab5fe1 : Replace %p with %pK to prevent leaking kernel address <Mohamad Ayyash> 5 months ago
23e80bb : ALSA: control: Fix replacing user controls <Lars-Peter Clausen> 2 years, 4 months ago
d49cfb2 : fs: ext4: disable support for fallocate FALLOC_FL_PUNCH_HOLE <Nick Desaulniers> 3 months ago
6d55007 : binder: prevent kptr leak by using %pK format specifier <Nick Desaulniers> 9 weeks ago
a93acd7 : tcp: fix use after free in tcp_xmit_retransmit_queue() <Eric Dumazet> 9 weeks ago
4664461 : net: Fix use after free in the recvmmsg exit path <Arnaldo Carvalho de Melo> 7 months ago
 
**** github:CyanogenMod/android_kernel_xiaomi_cancro ****
aa2ad16 : mm: remove gup_flags FOLL_WRITE games from __get_user_pages() <Linus Torvalds> 9 days ago
f5aa41f : KEYS: Fix short sprintf buffer in /proc/keys show function <David Howells> 7 weeks ago
86ca52c : ALSA: control: Fix replacing user controls <Lars-Peter Clausen> 2 years, 4 months ago
507accf : tcp: fix use after free in tcp_xmit_retransmit_queue() <Eric Dumazet> 9 weeks ago
 
**** vanir:platform_manifest ****
48377f0 : AlphaBet <DHOMD> 2 days ago
4e06be6 : TaintHunt <DHOMD> 2 days ago
 
**** vanir:packages_apps_CarrierConfig ****
6fe76ed : national roaming: NRJ (France) can also use Bouygues <Ricardo Cerqueira> 29 hours ago
 
**** vanir:packages_services_Telephony ****
b8655dc : Telephony: Redirect to roaming SIM network setting(Dual SIM) <chengzhi.hou> 9 weeks ago
 
**** cm:CyanogenMod/android_packages_themes_HexoLibre ****
7a26b56 : Fix signal cluster icons <Michael Bestas> 5 weeks ago
 
**** github:TheMuppets/proprietary_vendor_oneplus ****
f02fe09 : onyx: Update blobs from OOS 3.1.3 <Ashwin Ramesh> 4 days ago
 
**** vanir:vendor_samsung ****
9dedc98 : kona : reconfigure keys layout <RGIB> 4 days ago
 
**** vanir:vendor_vanir ****
c3c3425 : charger: Use the same metrics as recovery to pick a density <Ricardo Cerqueira> 9 days ago
 
