
**** vanir:bootable_recovery-aosp ****
ec63d56 : Track usage of Vector / SortedVector from libutils DO NOT MERGE <Narayan Kamath> 5 months ago
 
**** aosp:platform/cts ****
c717d7e : DO NOT MEGE ANYWHERE: BUMP CTS 5.1 to R5 <Daniel Xie> 28 hours ago
989dcfb : DO NOT MERGE: BUMP CTS 6.0 to R3 <Daniel Xie> 29 hours ago
3889e25 : DO NOT MERGE security: Test OOB arbitrary write at AMessage::FromParcel <Wonsik Kim> 4 months ago
ebd79b4 : DO NOT MERGE - Add security test for IEffect binder command <Andy Hung> 5 months ago
f4c1ac4 : DO NOT MERGE: rename android_security_cts_AudioflingerBinderTest.cpp to android_security_cts_AudioFlingerBinderTest.cpp <Wei Jia> 4 months ago
99b34ec : DO NOT MERGE ANYWHERE: Test whether mediaserver leaks info across invalid binder calls <Robert Shih> 5 months ago
f3c0498 : Increase delta tolerance in TypefaceTest#testInvalidCmapFont <Raph Levien> 5 weeks ago
fa86842 : CTS test for robust handling of invalid cmap <Raph Levien> 6 weeks ago
517225a : MediaMetadataRetrieverTest: remove unused import to fix compile error. <Wei Jia> 7 weeks ago
01443c7 : MediaMetadataRetrieverTest: add new test to handle overflowed padding. <Wei Jia> 3 months ago
e311e3f : DO NOT MERGE: BUMP CTS 5.0 to R4 <Daniel Xie> 5 days ago
79a70a6 : CTS test for libmedia OOB write anywhere <Jeff Tinker> 5 months ago
cdee325 : Fixed issue with / <Christopher> 5 days ago
3f51455 : DO NOT MERGE - add more binder tests for AudioFlinger and AudioPolicyService. <Wei Jia> 4 months ago
01808e7 : add more binder tests for AudioFlinger and AudioPolicyService. <Wei Jia> 4 months ago
e88e845 : DO NOT MERGE - Add security test for IEffect binder command <Andy Hung> 5 months ago
879adeb : Test whether mediaserver leaks info across invalid binder calls <Robert Shih> 5 months ago
c2b384c : Add CTS tests for IAudioflinger binder checks. <Eric Laurent> 5 months ago
0449073 : DO NOT MERGE: rename android_security_cts_AudioflingerBinderTest.cpp to android_security_cts_AudioFlingerBinderTest.cpp <Wei Jia> 4 months ago
1eba384 : DO NOT MERGE - Add security test for IEffect binder command <Andy Hung> 5 months ago
96cdf3c : DO NOT MERGE ANYWHERE: Test whether mediaserver leaks info across invalid binder calls <Robert Shih> 5 months ago
95959a8 : DO NOT MERGE - Add CTS tests for IAudioflinger binder checks. <Eric Laurent> 5 months ago
2566392 : DO NOT MERGE - add more binder tests for AudioFlinger and AudioPolicyService. <Wei Jia> 4 months ago
0a93ef4 : DO NOT MERGE: rename android_security_cts_AudioflingerBinderTest.cpp to android_security_cts_AudioFlingerBinderTest.cpp <Wei Jia> 4 months ago
47d7c97 : DO NOT MERGE - Add security test for IEffect binder command <Andy Hung> 5 months ago
ab3b26d : DO NOT MERGE: Test whether mediaserver leaks info across invalid binder calls <Robert Shih> 5 months ago
184289f : DO NOT MERGE - Add CTS tests for IAudioflinger binder checks. <Eric Laurent> 5 months ago
b6e9afd : Collect ro.build.reference.fingerprint <Nicholas Sauer> 8 days ago
558dd2c : DO NOT MERGE Collect ro.build.reference.fingerprint <Nicholas Sauer> 8 days ago
3e92a58 : Revert "Collect ro.build.reference.fingerprint" <Unsuk Jung> 6 days ago
12813c9 : Revert "Collect ro.build.reference.fingerprint" <Daniel Xie> 6 days ago
c84debe : Fix layout for WebViewTest#testRequestChildRectangleOnScreen <Yuya Aoki> 4 weeks ago
5788c52 : CTS fix: HifiUltrasoundSpeakerTestActivity is available with a speaker <Devin Kim> 8 days ago
238d2e5 : Collect ro.build.reference.fingerprint <Nicholas Sauer> 8 days ago
51b51aa : Test case to check class loading using custom class loader <Nikita Lazarev> 3 months ago
59d7064 : Only reach out to Internet when supported. <Jeff Sharkey> 2 weeks ago
12b986f : Fix cts api coverage <Nicholas Sauer> 13 days ago
727fde6 : Assert android:usesCleartextTraffic attribute works as expected. <Alex Klyubin> 6 weeks ago
ef60be7 : Prevent the PopupWindow from overlapping with the status bar <Masayuki Takeda> 13 days ago
e27ff96 : DO NOT MERGE CTS host-side preconditions for MNC <Aaron Holden> 9 weeks ago
a895918 : DO NOT MERGE relax the iframe interval to 60 <Keun-young Park> 2 weeks ago
349727d : DO NOT MERGE relax the iframe interval to 60 <Keun-young Park> 2 weeks ago
3520a1d : Fixs bugs regarding CTS fails for low performance codec <eunim.ko> 3 months ago
8126140 : Bug #1111 CTS-Verifier Crash when rotate the DUT. <heqiang1008> 2 weeks ago
eeb749c : Include all CTS apks and jars in the coverage report <Nicholas Sauer> 2 weeks ago
f7e8eae : Revert "Include apks and jars in cts coverage" <Nicholas Sauer> 2 weeks ago
a8ca2ee : Include apks and jars in cts coverage <Nicholas Sauer> 2 weeks ago
0130e90 : Output XML CTS Coverage report <Nicholas Sauer> 4 weeks ago
557f84a : CTS: check non-zygote apps are not debuggable DO NOT MERGE <Sebastien Hertz> 5 months ago
55340f8 : Add test for Keystore put overflow <Chad Brubaker> 5 months ago
 
**** vanir:device_asus_deb ****
a658bd0 : deb: remove permissions handled by vendor/cm <Dave Daynard> 3 days ago
 
**** vanir:device_asus_flo ****
8b1a906 : flo: Fix incorrect write to timer_rate node <Zhao Wei Liew> 3 days ago
b04cc09 : Remove TARGET_GLOBAL_CFLAGS use <Dan Willemsen> 5 weeks ago
d4a2db1 : flo: remove permissions handled by vendor/cm <Dave Daynard> 3 days ago
 
**** vanir:device_lge_bullhead ****
6a613c5 : bullhead: Update fingerprint from MMB29P <Akhil Narang> 3 days ago
 
**** vanir:device_lge_g2-common ****
91e0ede : Revert "g2: build kernel with gcc 4.9" <Dan Pasanen> 21 hours ago
99e646e : g2: snap: enable lge hdr mode <codeworkx> 11 days ago
11a2b43 : g2: build kernel with gcc 4.9 <Dan Pasanen> 2 weeks ago
 
**** vanir:device_lge_g3-common ****
6ef7b85 : g3: update framework config.xml <Hendrik Hagendorn> 5 days ago
d0dd4ea : camera: fix iso modes with new hal <codeworkx> 12 days ago
aea1c78 : thermal-engine: update config from D85530b <Dan Pasanen> 7 days ago
d688f6a : init: create netmgrd daemon socket area <Dan Pasanen> 2 weeks ago
4d14cdd : g3: add camera data folder <Dan Pasanen> 3 weeks ago
9b4a0a7 : media_profiles: update from D85530b <Dan Pasanen> 3 weeks ago
a91110b : sec_config: update from D85530b <Dan Pasanen> 3 weeks ago
4b61e19 : wcnss: update from D85530b <Dan Pasanen> 3 weeks ago
d564016 : Revert "g3: Enable temporary workaround for gralloc issue" <Dan Pasanen> 3 weeks ago
bb2ecd9 : Revert "g3: build libstlport" <Dan Pasanen> 3 weeks ago
9206a8e : Revert "g3: Add boringssl-compat wrapper" <Dan Pasanen> 3 weeks ago
568f12b : g3: update blobs from D85530b <Dan Pasanen> 3 weeks ago
164c220 : g3: Update wifi and mobile TCP buffer sizes <Hendrik Hagendorn> 6 days ago
 
**** vanir:device_lge_vs985 ****
b3a893f : board-info: use capital letters <Dan Pasanen> 6 days ago
5df0eab : recovery: use "QC_IMAGE_VERSION_STRING=" as a unique version indicator <Hendrik Hagendorn> 6 days ago
 
**** vanir:device_motorola_falcon ****
5977bbf : falcon: Set CDMA subscription to NV <Gabriele M> 6 weeks ago
 
**** vanir:device_motorola_msm8226-common ****
94fd425 : msm8226-common: camera: Don't disable HW face detection <Gabriele M> 5 days ago
51879a5 : msm8226-common: camera: Set HFR param only when recording <Gabriele M> 5 days ago
c285dd1 : msm8226-common: Enable Ambient Display <Luca Stefani> 10 weeks ago
 
**** vanir:device_motorola_omap4-common ****
d107895 : omap4-common: get rid of everything zcache-related <Michael Gernoth> 2 days ago
 
**** cm:CyanogenMod/android_device_motorola_victara ****
5adbe58 : victara: We don't have a barometer <Christopher R. Palmer> 24 hours ago
7fe7e08 : victara: init: Remove some crazy time hack <Christopher R. Palmer> 2 days ago
cbe13bd : victara: Add media_codecs_performance.xml <Christopher R. Palmer> 2 days ago
d86ae26 : overlay: add evdo for radio options <Dan Pasanen> 2 days ago
2f5cb7c : victara: Set radio access family <Scott Warner> 2 days ago
 
**** vanir:device_oneplus_bacon ****
47bfce6 : bacon: Update proprietary files <Pat Erley> 3 hours ago
192edcf : bacon: Re-introduce old-modem hack <Pat Erley> 3 hours ago
8ef48d9 : bacon: update extract-files script <Pat Erley> 8 weeks ago
 
**** github:ashwinr64/android_device_oneplus_onyx ****
ad04996 : onyx: Revert to Lollipop GPS <Sultan> 11 hours ago
79b090c : onyx: Fixup path for init shell scripts <Ashwin Ramesh> 26 hours ago
9bb04b7 : onyx: Remove QCPATH Barriers <Ashwin Ramesh> 35 hours ago
aed9dc7 : onyx: Inherit from oppo_common <Ashwin Ramesh> 3 days ago
56c8d48 : onyx: Add support for E1001 and E1005 <Arvind Mukund> 3 days ago
41d2836 : onyx: Use DMIC config for speaker-mic <Arvind Mukund> 4 days ago
0b278ea : onyx: Use DMIC acdb ids for speaker-mic <Arvind Mukund> 5 days ago
e708b62 : onyx: Kill redundant mkbootimg.mk <Ashwin Ramesh> 3 days ago
 
**** cm:CyanogenMod/android_device_oppo_msm8974-common ****
c004481 : msm8974: Clean up overlays <Ethan Chen> 6 days ago
919d88d : msm8974: Sort/reorganize/clean flags/packages/makefiles <Ethan Chen> 6 days ago
431fb64 : msm8974: Sort and move system properties to system.prop <Ethan Chen> 6 days ago
dc435fc : msm8974: Clean up board config <Ethan Chen> 6 days ago
 
**** vanir:device_qcom_sepolicy ****
017145b : sepolicy: fix mm-qcamerad permission for persist.camera* properties <Scott Mertz> 9 weeks ago
70781bb : sepolicy : allow setattr for init_shell domain on sysfs_devices_system_cpu type of files. <Ravi Kumar Siddojigari> 13 days ago
c943b1c : sepolicy: per_mgr: Allow services to find peripheral_manager. <Pavan Chikkala> 2 weeks ago
7294e4f : Seandroid: Adding policy for WLAN and Tethering <Sravanthi Palakonda> 3 months ago
f4ffc9e : sepolicy : add radio.noril property and allow set rule. <Ravi Kumar Siddojigari> 7 weeks ago
8f69b08 : Seandroid: Adding policy for WLAN. <Neelansh Mittal> 3 months ago
96aba98 : msm8996: removed secure camera daemon policy <Elad Levi> 8 weeks ago
ad97789 : gps: Add permissions for gps driver for open/read pps device <Vamana Murthi> 9 weeks ago
7f303b4 : Add SELinux support for factory reset protection <DilipKumar Sreeramaiah> 8 weeks ago
1ac03d4 : Add SELinux support for factory reset protection <DilipKumar Sreeramaiah> 8 weeks ago
a3b2355 : sepolicy: Allow init.qcom.sh script to media setprop's <Paras Nagda> 8 weeks ago
aaab8c9 : sepolicy: mdm_helper: Update policy to allow boot over PCIe <Ameya Thakur> 3 months ago
e75a9b4 : sepolicy :add camera_prop set rule for mm-qcamerad domain <Ravi Kumar Siddojigari> 9 weeks ago
9bba9ee : sepolicy: allow mm-pp-daemon to set debug property <Krishna Chaitanya Parimi> 7 months ago
943238f : dpmservice_app: donot audit /proc/<pid> query denials <Susheel Yadagiri> 3 months ago
f7778b3 : sepolicy : add secontext for general and modem emmc partition <Ravi Kumar Siddojigari> 9 weeks ago
e22fde3 : sepolicy: allow location daemons to create directory <Jiafei Wen> 2 months ago
9cfefdf : sepolicy : Add permissions to Camera HAL <Rajeev Kulkarni> 3 months ago
9518be8 : sepolicy:common: Adding socket connect policy for mm-qcamera-daemon. <Mridul Singh> 3 months ago
db2f3f5 : SEPolicy: Add permission to set property for location <Neethu Joseph> 10 weeks ago
8359ddb : sepolicy : add bootkpi secontext and allow rule to access <Trilokesh Rangam> 9 weeks ago
7240c46 : wfd: Add policies to allow encoder/decoder dumps <Deepak Kushwah> 4 months ago
348a005 : Add SELinux support for factory reset protection <DilipKumar Sreeramaiah> 8 weeks ago
5cc7609 : Add SELinux support for factory reset protection <DilipKumar Sreeramaiah> 8 weeks ago
2523532 : sepolicy : add allow rule for recovery to create file on vfat <Ravi Kumar Siddojigari> 8 weeks ago
6774929 : Add netstats and location permissions support for RIDL/LogKit II <Clarence Wong> 8 weeks ago
e28c17b : Add SELinux support for factory reset protection <DilipKumar Sreeramaiah> 9 weeks ago
ce73ccf : Add SELinux support for factory reset protection <DilipKumar Sreeramaiah> 9 weeks ago
2c92789 : sepolicy: Add set property permission for irq balance <vaibhav bhalla> 2 months ago
48817be : mm-camera: Add debugfs read file permissions to mm-qcamera <Manish Poddar> 2 months ago
31724a0 : sepolicy: Define SE policy for alarm and boot animation property <Mao Jinlong> 4 months ago
dc2f23e : Add sdcard and logcat permissions support for RIDL/LogKit II <Manish Kumar> 3 months ago
8fa27ad : Allow ANR sepolicy read permissions for RIDL/LK2 <Divya Sharma> 3 months ago
8519d71 : Allow ANR for RIDL/LK2 in sepolicy <Manish Kumar> 3 months ago
54a0b94 : Add SELinux support for factory reset protection <padarshr> 3 months ago
f71e427 : msm8960: Add thermal daemon changes,rmt storage mount points and removed rmt_storage <Venumadhav Cheryala> 3 months ago
a7b60ec : Allow RIDL to drop caps <Panwar Vivek> 4 months ago
faab16f : sepolicy: added seccamd policy <Elad Levi> 3 months ago
dcb9fb8 : vold: allow vold to mount zram swap device <Biswajit Paul> 3 months ago
630210a : SELINUX: Add SELINUX permissions for gps <anallu> 3 months ago
f33599b : SEAndroid: Allow drmserver access to media files for testing <Tatenda Chipeperekwa> 8 months ago
2c01989 : Enable location_app find permission for user builds <Dante Russo> 3 months ago
96debdf : Allow PC Tool App to find improveTouch service <Alex Sarraf> 3 months ago
d0b78cf : sepolicy: allow cneservice for platform apps <Sanket Khidkikar> 3 months ago
e4c53bb : audio: Add audio property to sepolicy property_contexts list <Dhanalakshmi Siddani> 1 year, 1 month ago
fc056eb : sepolicy: create qtitetherservice_app context <Bryse Flowers> 3 months ago
842d6fe : Location: added network access permission for test app <Kevin Tang> 3 months ago
f89ed8c : sepolicy: Add policies for VM BMS executable <Nirmal Abraham> 3 months ago
6b15fff : mm-camera2: mct: Add permission for graphics fd <Ramesh V> 4 months ago
8bd40cd : netmgrd: allow netmgrd to acquire wakelock <Subash Abhinov Kasiviswanathan> 4 months ago
 
**** vanir:device_samsung_mondrianwifi ****
712d4f3 : mondrianwifi: Fix fstab for 6.0 <Christopher R. Palmer> 15 hours ago
 
**** vanir:device_samsung_msm8960-common ****
249a77c : msm8960 : Actually include QCOM PowerHAL in build <Matrix Zone> 2 days ago
 
**** cm:CyanogenMod/android_device_samsung_n5100 ****
b653853 : n5100 : Disable ashmem tracking in parcels <RGIB> 5 days ago
 
**** cm:CyanogenMod/android_device_samsung_n5120 ****
796bd5d : n5120 : fix internal storage <RGIB> 2 days ago
 
**** cm:CyanogenMod/android_device_sony_amami ****
0c31b8b : amami: Cleanup for source-built Sony init <AdrianDC> 13 days ago
9082288 : Update defconfig name, remove 'row' <Chirayu Desai> 5 weeks ago
 
**** cm:CyanogenMod/android_device_sony_common ****
0e31334 : sony: common: Cleanup extract_ramdisk & allow C++ source inclusion <AdrianDC> 5 days ago
1d3465d : sony: common: Implement a source-built Sony init <AdrianDC> 13 days ago
b47d146 : sony: common: Cleanup keycheck warnings <AdrianDC> 8 days ago
 
**** vanir:device_sony_fusion3-common ****
dbcfbe9 : fusion3-common: Use the source-built Sony init <AdrianDC> 13 days ago
 
**** cm:CyanogenMod/android_device_sony_honami ****
4738095 : honami: Cleanup for source-built Sony init <AdrianDC> 13 days ago
5775205 : Update defconfig name, remove 'row' <Chirayu Desai> 5 weeks ago
 
**** cm:CyanogenMod/android_device_sony_msm8974-common ****
4836ec9 : msm8974-common: Use the source-built Sony init <AdrianDC> 13 days ago
80d3268 : setup-makefiles: Remove qualcomm location apk <Chirayu Desai> 2 days ago
41b8c76 : Switch to AOSP RIL <Chirayu Desai> 2 days ago
81ce042 : Remove bootlogo copy step <Chirayu Desai> 2 days ago
3d907f4 : Switch to 3.10 kernel <Chirayu Desai> 9 weeks ago
 
**** vanir:device_sony_pollux ****
5a985b7 : pollux: Cleanup for source-built Sony init <AdrianDC> 13 days ago
 
**** cm:CyanogenMod/android_device_sony_pollux_windy ****
1e3c1b9 : pollux_windy: Cleanup for source-built Sony init <AdrianDC> 13 days ago
 
**** cm:CyanogenMod/android_device_sony_rhine-common ****
6cb9651 : rhine-common: Cleanup for source-built Sony init <AdrianDC> 13 days ago
79d3fff : Switch to AOSP RIL <Chirayu Desai> 5 weeks ago
1f9afa7 : Switch to 3.10 kernel <Chirayu Desai> 9 weeks ago
 
**** cm:CyanogenMod/android_device_sony_shinano-common ****
df8f464 : shinano-common: Cleanup for source-built Sony init <AdrianDC> 13 days ago
2cf4e56 : Switch to AOSP RIL <Chirayu Desai> 5 weeks ago
cac0d8d : Switch to 3.10 kernel <Chirayu Desai> 9 weeks ago
 
**** cm:CyanogenMod/android_device_sony_sirius ****
5454a0b : sirius: Cleanup for source-built Sony init <AdrianDC> 13 days ago
efa1c83 : Switch to AOSP RIL <Chirayu Desai> 2 days ago
af6e1d9 : Update wifi configuration for 3.10 kernel <Chirayu Desai> 6 weeks ago
 
**** cm:CyanogenMod/android_device_sony_taoshan ****
cd59088 : taoshan: Use the source-built Sony init <AdrianDC> 13 days ago
 
**** cm:CyanogenMod/android_device_sony_togari ****
91aa070 : togari: Cleanup for source-built Sony init <AdrianDC> 13 days ago
6636296 : Update defconfig name, remove 'row' <Chirayu Desai> 5 weeks ago
 
**** vanir:device_sony_yuga ****
2527ec5 : yuga: Cleanup for source-built Sony init <AdrianDC> 13 days ago
 
**** vanir:device_xiaomi_armani ****
bcc6401 : Merge https://github.com/armani-dev/android_device_xiaomi_armani into m6 <mr-tweaker> 17 hours ago
445fcd3 : CameraWrapper: Enable antibanding and denoise by default <fefifofum> 2 days ago
c54e36a : init.armani.usb: Correct MIDI idVendor and idProduct <fefifofum> 3 days ago
7777737 : Update init_armani <fefifofum> 3 days ago
0f5c509 : Nothing to see here, move along <fefifofum> 3 days ago
855e825 : init.armani.usb: Correct MIDI idVendor and idProduct <fefifofum> 3 days ago
b0ce7c3 : Bluetooth: Disable vendor specific BLE code <fefifofum> 3 days ago
a1e753e : Update init_armani <fefifofum> 3 days ago
4ae5d4f : Update proprietary-files.txt <fefifofum> 4 days ago
3a27e6a : Nothing to see here, move along <fefifofum> 3 days ago
5d01e8c : Happy new year <fefifofum> 4 days ago
6a5b73f : media_profiles.xml: Updates <fefifofum> 4 days ago
e48eced : healthd: Show battery percentage in off charge <fefifofum> 5 days ago
9a51c19 : CameraWrapper: Fix stability issues <fefifofum> 5 days ago
835118c : overlay: Add bluetooth <fefifofum> 5 days ago
 
**** cm:CyanogenMod/android_device_yu_lettuce ****
6712102 : lettuce: Don't call init.lettuce.diag.rc <Ashwin> 6 days ago
 
**** cm:CyanogenMod/android_external_exfat ****
8f3956f : Handle 64-bit offsets correctly on Android <Steve Kondik> 2 years, 6 months ago
 
**** cm:CyanogenMod/android_external_ffmpeg ****
b8fa3ff : avcodec/wavpackenc: print channel count in av_log call <James Almer> 6 days ago
0639289 : configure: bump copyright year to 2016 <James Almer> 2 weeks ago
e303ca3 : Update for 2.8.5 <Michael Niedermayer> 4 days ago
28f89bc : avformat/hls: Even stricter URL checks <Michael Niedermayer> 5 days ago
23b903a : avformat/hls: More strict url checks <Michael Niedermayer> 5 days ago
4676e20 : avcodec/pngenc: Fix mixed up linesizes <Michael Niedermayer> 5 days ago
0c5a71f : avcodec/pngenc: Replace memcpy by av_image_copy() <Michael Niedermayer> 5 days ago
07da255 : swscale/vscale: Check that 2 tap filters are bilinear before using bilinear code <Michael Niedermayer> 5 days ago
be9b893 : swscale: Move VScalerContext into vscale.c <Michael Niedermayer> 5 days ago
cdac68f : swscale/utils: Detect and skip unneeded sws_setColorspaceDetails() calls <Michael Niedermayer> 6 days ago
1fd9556 : swscale/yuv2rgb: Increase YUV2RGB table headroom <Michael Niedermayer> 6 days ago
c781a1e : swscale/yuv2rgb: Factor YUVRGB_TABLE_LUMA_HEADROOM out <Michael Niedermayer> 6 days ago
b7d54d6 : avformat/hls: forbid all protocols except http(s) & file <Maxim Andreev> 7 days ago
90c2256 : avformat/aviobuf: Fix end check in put_str16() <Michael Niedermayer> 7 days ago
f459afd : avformat/asfenc: Check pts <Michael Niedermayer> 7 days ago
d408261 : avcodec/mpeg4video: Check time_incr <Michael Niedermayer> 8 days ago
d7f7586 : avcodec/wavpackenc: Check the number of channels <Michael Niedermayer> 8 days ago
f05e0e7 : avcodec/wavpackenc: Headers are per channel <Michael Niedermayer> 8 days ago
e5567f2 : avcodec/aacdec_template: Check id_map <Michael Niedermayer> 9 days ago
b8382a1 : avcodec/dvdec: Fix "left shift of negative value -254" <Michael Niedermayer> 9 days ago
9cad208 : avcodec/g2meet: Check for ff_els_decode_bit() failure in epic_decode_run_length() <Michael Niedermayer> 9 days ago
34e06ce : avcodec/mjpegdec: Fix negative shift <Michael Niedermayer> 10 days ago
df4ee16 : avcodec/mss2: Check for repeat overflow <Michael Niedermayer> 10 days ago
cb4ba74 : avformat: Add integer fps from 31 to 60 to get_std_framerate() <Michael Niedermayer> 11 days ago
d79b6dd : avformat/ivfenc: fix division by zero <Michael Niedermayer> 11 days ago
3686155 : avcodec/mpegvideo_enc: Clip bits_per_raw_sample within valid range <Michael Niedermayer> 13 days ago
3fb97a0 : avfilter/vf_scale: set proper out frame color range <Thomas Mundt> 3 weeks ago
6457cd1 : avcodec/motion_est: Fix mv_penalty table size <Michael Niedermayer> 2 weeks ago
aee9aa9 : avcodec/h264_slice: Fix integer overflow in implicit weight computation <Michael Niedermayer> 2 weeks ago
14c63dc : swscale/utils: Use normal bilinear scaler if fast cannot be used due to tiny dimensions <Michael Niedermayer> 2 weeks ago
709abc7 : avcodec/put_bits: Always check buffer end before writing <Michael Niedermayer> 3 weeks ago
83c0df9 : mjpegdec: extend check for incompatible values of s->rgb and s->ls <Andreas Cadhalpun> 3 weeks ago
0a6324f : swscale/utils: Fix intermediate format for cascaded alpha downscaling <Michael Niedermayer> 4 weeks ago
2f65366 : avformat/mov: Update handbrake_version threshold for full mp3 parsing <Michael Niedermayer> 4 weeks ago
3e3aa25 : x86/float_dsp: zero extend offset from ff_scalarproduct_float_sse <James Almer> 11 days ago
6a1bf98 : avfilter/vf_zoompan: do not free frame we pushed to lavfi <Paul B Mahol> 2 weeks ago
 
**** cm:CyanogenMod/android_external_stagefright-plugins ****
6de1c90 : stagefright-plugins: Skip stream with jpeg tag <Keith Mok> 27 hours ago
 
**** cm:CyanogenMod/android_external_cyanogen_UICommon ****
7d9ebd3 : Fix merge derp <cretin45> 28 hours ago
3e92fbe : Don't intercept onTap event <cretin45> 3 days ago
 
**** vanir:frameworks_av ****
e80385c : audio: Update anchor time for offload playback post resume <Preetam Singh Ranawat> 4 weeks ago
4486f97 : nuplayer: looping playback only if it was running <Weiyin Jiang> 2 weeks ago
9dae27c : ACodec: update native window crop rectangle <Santhosh Behara> 8 weeks ago
617daaf : StagefrightMetadataRetriever: correct the status flag <Kim Zhang> 3 weeks ago
f6e8c70 : AudioMixer: delete reformatBuffer provider in proper order <Sharad Sangle> 4 weeks ago
427887b : libstagefright:Fix random memcmp crash while accessing output format. <Vasantha Balla> 4 weeks ago
 
**** vanir:frameworks_base ****
ba2a715 : Revert "Revert "SystemUI: add a disabled state for Quick Tiles"" <nuclearmistake> 42 minutes ago
d129565 : SystemUI: fix qs tile page regressions <Roman Birg> 28 hours ago
4d84b82 : pm: Add persist property to enable lazy dexopt <Steve Kondik> 1 year, 2 months ago
79923fb : Keyguard: set separator for multi-sim CarrierText <Christian Morlok> 7 days ago
df1cd22 : Revert "SystemUI: add a disabled state for Quick Tiles" <Henning Nielsen Lund> 15 hours ago
b5c716f : Improve Recents-View <BadDaemon> 9 months ago
7787416 : SystemUI: Fix copy-pasta of battery saver tile <Michael Bestas> 28 hours ago
cded8d8 : Add enabled pre-installed carrier apps <Matt Garnes> 28 hours ago
aa4a566 : Themes: Expose volume slider and thumb colors and make them work with custom images. <Randall Rushing> 7 days ago
b5dd079 : SystemUI: add some tile removal hints <Roman Birg> 32 hours ago
627df3c : SystemUI: fix lock screen tile state refresh <Roman Birg> 5 days ago
9ee493a : SystemUI: handle custom tile long press PendingIntents <Roman Birg> 5 days ago
3a11610 : SystemUI: improve qs tile layout mechanism <Roman Birg> 5 days ago
6fb2c18 : SystemUI: add a disabled state for Quick Tiles <Roman Birg> 9 months ago
f15ce7a : SystemUI: Add battery saver tile (1/2) <Michael Bestas> 4 months ago
a7e5f92 : SystemUI: Add heads up tile (1/2) <Michael Bestas> 9 months ago
9848b97 : Themes: Call recreateTheme when theme changed <d34d> 4 months ago
5b5e5de : SysUI: Fix keyguard wallpaper not updating <d34d> 4 days ago
b277145 : SysUI: Pass themed resources on to NavBarEditor <d34d> 4 days ago
12245b8 : Themes: Fix applying theme for notifications <d34d> 4 days ago
 
**** vanir:frameworks_opt_telephony ****
07591f8 : telephony: Make sure to check whether application info is null. <Adnan Begovic> 8 hours ago
62bcb10 : telephony: update tests for disableCarrierAppsUntilPrivileged API change <Scott Mertz> 8 hours ago
ee0fc82 : Add support for permanently enabled carrier apps <Matt Garnes> 5 days ago
df7ab82 : PhoneBase: Add auto-rat switching on capability changes <Diogo Ferreira> 4 days ago
e098f64 : SubscriptionController: Default to DDS flexmap triggering <Diogo Ferreira> 4 days ago
 
**** vanir:hardware_libhardware ****
dcc6b5f : amplifier: Fix compilation warning <Ethan Chen> 4 days ago
 
**** cm:CyanogenMod/android_hardware_qcom_audio ****
b73a764 : audio: Extend platform parser to allow device name aliasing <Ethan Chen> 1 year, 4 months ago
64387ed : hal: Fix voice call recording <solk2> 1 year, 4 months ago
91c7d6b : hal: Fix digital USB headset combo device <Steve Kondik> 1 year, 5 months ago
be6fdfc : hal: Clean up compilation warnings <Steve Kondik> 1 year, 1 month ago
13ba1b4 : hal: Add support for audio amplifier HAL <Ethan Chen> 2 years, 8 months ago
381b7a0 : audio: Configure CM default feature set <Steve Kondik> 1 year, 1 month ago
b25084a : hal: Allow building hardware audio encoders <Arne Coucheron> 12 months ago
f48de3d : audio: Use project pathmap <Ethan Chen> 4 weeks ago
1362fc7 : audio: Only allow non-legacy HAL <Ethan Chen> 4 weeks ago
d7eaf2b : HAL: Identify Track offload session <Alexy Joseph> 9 weeks ago
12467a1 : hal: Use AUDIO_TX_MONO_COPP topology for incall record usecases <Karthik Reddy Katta> 10 weeks ago
 
**** cm:CyanogenMod/android_hardware_qcom_display ****
a74edfb : hwc: Remove references to display-frameworks <Ethan Chen> 10 days ago
c7cce05 : hwc: Fix compile errors after display-frameworks removal <Arne Coucheron> 11 days ago
b375570 : hwc: Support for QDCM Preference when PU enabled <Nitesh Gupta> 4 weeks ago
cc1ec84 : hwc: Set ioprio for vsync thread <Steve Kondik> 4 months ago
7516867 : Don't build lights module if vendor supplies it <Steve Kondik> 1 year, 2 months ago
730d245 : Revert "hqd: Use MSM_VIDC_TARGET_LIST for Venus color format" <Ethan Chen> 4 weeks ago
bc1215a : display: Use project pathmap <Ethan Chen> 1 year, 2 months ago
c324d73 : hwc: Set DefaultMode after bootup completion <Ramakant Singh> 6 weeks ago
8a6e7c9 : gralloc: Add a private flag for INTERNAL only <Arun Kumar K.R> 5 months ago
394c830 : hwc: Donot update dynamic-fps when device is not active <Ramakant Singh> 3 months ago
8f21571 : hwc: Do not wait for MDSS fence for layers with rotation <Dileep Kumar Reddi> 3 months ago
d2c5ca0 : hwc: Start with ROI set to destination <Arun Kumar K.R> 3 months ago
9ef4d8c : hwc: Set minfps as part of timeout_handler during idlefallback <Ramakant Singh> 3 months ago
0d616ba : Revert "hwc: Relax format change restrictions for certain targets" <Dileep Kumar Reddi> 3 months ago
213ead5 : Default flexible YUV format to NV21 <Tanmaya Godbole> 5 months ago
ed75fdb : hwc: Reset refresh-rate for few cases as part of timeout handler <Dileep Kumar Reddi> 3 months ago
56ed396 : gralloc: Add support for PRIV_FLAGS_DISP_CONSUMER <Surajit Podder> 7 months ago
a2d5295 : hwc: Support ActionSafe on targets with non-scaling RGB pipes. <Sandeep Panda> 4 months ago
248378d : gralloc: Use adreno_utils api for NV21 and NV12 alignment <Sushil Chauhan> 5 months ago
037d21d : hwc: Use basePipe for fullscreen and opaque layer <Pullakavi Srinivas> 5 months ago
77ec4ef : gralloc: Modify check for uncompressed RGB buffers <Naomi Luis> 5 months ago
449fbe0 : hwc: Use aligned width and height <Dileep Kumar Reddi> 5 months ago
02dbc50 : Revert "HWC: use aligned width and height for rearranging ROI" <Dileep Kumar Reddi> 5 months ago
cd7217a : hwc: Support ActionSafe on targets with non-scaling RGB pipes. <Sandeep Panda> 4 months ago
eed742d : overlay: add tertiary display definition in overlay <Vinu Deokaran> 4 months ago
a029479 : hwc: Validate display ID in hwc interface <Arun Kumar K.R> 4 months ago
09441c1 : gralloc: Add missing changes related to RAW16 <Raj Kamal> 6 months ago
7ea10c5 : hwc: Use basePipe for fullscreen and opaque layer <Pullakavi Srinivas> 5 months ago
c039f6e : hwc: Use aligned width and height <Dileep Kumar Reddi> 5 months ago
60cbe72 : Revert "HWC: use aligned width and height for rearranging ROI" <Dileep Kumar Reddi> 5 months ago
2e918bf : hwc: Avoid idlefallback during video playback <Raj Kamal> 5 months ago
fbe5a60 : HWC: use aligned width and height for rearranging ROI <Dileep Kumar Reddi> 5 months ago
597b313 : hwc: Featurize HWC_DISPLAY_SECURE <Raj Kamal> 5 months ago
eb4d7a6 : hwc: Use HWC_DISPLAY_NO_ATTRIBUTE as terminator. <Prabhanjan Kandula> 5 months ago
410ba7c : hwc : Normalize source crop before validating scaling limits. <Prabhanjan Kandula> 5 months ago
95fef31 : hwc: Relax format change restrictions for certain targets <Dileep Kumar Reddi> 5 months ago
42a1c98 : hwc: Changes for display-hal compilation with QTI_BSP enabled <Ramakant Singh> 6 months ago
c772eec : hwc: Do not use Borderfill pipe for composition in WFD <Dileep Kumar Reddi> 5 months ago
e5268fd : hwc/overlay: Pass handle w/h and crop w/h through fb_image field <Arun Kumar K.R> 6 months ago
5d39f02 : hwc: Log warning instead of mHDMIClient object not available <Dileep Kumar Reddi> 5 months ago
55b3489 : hwc: Ignore float-conversion for included headers <Naseer Ahmed> 5 months ago
82fe9c6 : hwc: Do not consider rotation for smart blit <Ramakant Singh> 6 months ago
dd689ff : hwc: Do not create idle invalidator for MDP3 targets <Dileep Kumar Reddi> 6 months ago
c58836b : hwc: Align ROI's width and height in both directions <Dileep Kumar Reddi> 6 months ago
19f2250 : hwc: Fix SF crash due to SIGSEGV error <Raj Kamal> 6 months ago
598dc49 : hwc: use surfaceDamage to calculate the dirtyrect as per HWC 1.5 <Arun Kumar K.R> 6 months ago
26959dc : hwc: Fix SF crash due to SIGSEGV error <Raj Kamal> 6 months ago
5bdafcd : hwc: Do not consider invalid dirty rect for calculation <Ramakant Singh> 6 months ago
58f6540 : hwc: Align ROI when PingPong Split is enabled <Dileep Kumar Reddi> 6 months ago
ea846c8 : hwc: bringup HDMI on 8976 <Dileep Kumar Reddi> 6 months ago
 
**** cm:CyanogenMod/android_hardware_qcom_display ****
f4051ae : hwc: Reset ROI and avoid dirtyRect for video case <Dileep Kumar Reddi> 1 year, 1 month ago
 
**** cm:CyanogenMod/android_hardware_qcom_gps ****
0e7c6a8 : gps: Simplify guard makefile <Ethan Chen> 31 hours ago
 
**** cm:CyanogenMod/android_hardware_qcom_media ****
62f611d : Fix duplicated OMX.qcom.audio.decoder.aac entry <Keith Mok> 7 weeks ago
69d6d4b : media: Avoid collision with FFMPEG plugin <Steve Kondik> 4 weeks ago
610c356 : media: Use project pathmap <Ethan Chen> 4 weeks ago
dc1b1d4 : mm-video-v4l2: Unmap dropped output buffers <Surajit Podder> 6 weeks ago
78521c5 : Include kernel header dependency for libOmxVidcCommon <Divya Sharma> 9 weeks ago
f9c92f0 : mm-video-v4l2: vidc: venc: Fix hybrid HP layer count <Abdulla Anam> 3 months ago
a5dce41 : mm-video-v4l2: Enable get_param to check downscalar enablement <Surajit Podder> 3 months ago
e7743ae : mm-video-v4l2: venc: Add support to enhance hybrid Hier-p mode <Abdulla Anam> 3 months ago
75bc6a6 : mm-video-v4l2: vdec:  release buffer when qbuf to driver fails <Manikanta Kanamarlapudi> 3 months ago
cfeaf87 : mm-video-v4l2: Use client buffer header for FTB <Surajit Podder> 4 months ago
b6c736d : mm-video-v4l2: Disable intra refresh mode on msm8956/76 <Maheshwar Ajja> 3 months ago
a54c5d4 : mm-video-v4l2: vdec: fix fps issues in arbitrary mode <Ashray Kulkarni> 5 months ago
826ba8c : QCMetadata: add a new key for big buffers <Sidipotu Ashok> 4 months ago
ef3143a : QCMetadata: Add key for setBuffers API support <Manikanta Kanamarlapudi> 8 months ago
f178e8b : mm-video-v4l2: venc: support all I frame encoding usecase. <Abdulla Anam> 4 months ago
bcf4fa3 : libstagefrighthw: Add header guard to QComOMXMetadata.h and fix file perms <Deva Ramasubramanian> 4 months ago
e2d287f : mm-video-v4l2: vdec: streamoff while freeing first output buffer <Balamurugan Alagarsamy> 1 year, 1 month ago
f0fc3d0 : mm-video: Disable downscalar for non-display usecase <Surajit Podder> 7 months ago
0997c8a : mm-video: Enable HEVC software encoder OMX component. <Manikanta Sivapala> 4 months ago
8bb96de : mm-video_v4l2: pass crop nWidth and nHeight in reconfig event. <Abdulla Anam> 5 months ago
afb1469 : mm-video-v4l2: Fix downscalar issue <Surajit Podder> 4 months ago
269f6cd : mm-video-v4l2: Fix crash due to divide by zero <Surajit Podder> 4 months ago
c14558c : mm-video-v4l2: venc: initialize the member variables <Maheshwar Ajja> 4 months ago
99c2455 : mm-video-v4l2: vdec: Fix closing of file descriptor "0" <Deepak Kushwah> 4 months ago
b4d0e38 : mm-video-v4l2: venc: limit pixels value in input buffers. <Abdulla Anam> 4 months ago
1202ebd : mm-video_v4l2: pass crop nWidth and nHeight in reconfig event. <Abdulla Anam> 5 months ago
1fc82f0 : mm-video: Disable downscalar for non-display usecase <Surajit Podder> 7 months ago
6ecc67f : mm-core: update vpp related structures and enums. <Abdulla Anam> 5 months ago
56c0a51 : mm-video-v4l2: vidc: venc: fix CTS issues in vp8 encoder <Maheshwar Ajja> 5 months ago
1fe6770 : mm-core: update vpp related structures and enums. <Abdulla Anam> 5 months ago
a9c2410 : mm-video: Set correct color format to driver <Surajit Podder> 6 months ago
f2fa16b : mm-video-v4l2: vidc: venc: enable low latency mode <Maheshwar Ajja> 5 months ago
79da148 : mm-video-v4l2: null check before pointer dereference <Abdulla Anam> 5 months ago
a66ec1f : audio: Fix stale session opening of DSP audio decoder <Naresh Tanniru> 5 months ago
1171b44 : audio: Fix stale session opening of DSP audio decoder <Naresh Tanniru> 5 months ago
03f6533 : mm-video-v4l2: change variables used for reconfig height & width <Abdulla Anam> 5 months ago
6dc2004 : mm-video-v4l2: venc: Disable Bframes incase of UHD recording <Deepak Kushwah> 6 months ago
f493b73 : audio: Add support for new key kKeyByteMode <Manish Dewangan> 5 months ago
382b5b7 : mm-video-v4l2: video: add new extensions <Ashray Kulkarni> 8 months ago
b266f81 : mm-video-v4l2: venc: Add support for low latency mode <Maheshwar Ajja> 6 months ago
14c22a7 : mm-core: Add Skype extensions <Ashray Kulkarni> 8 months ago
f85c11c : mm-video-v4l2: Set IDR period for HEVC encoder <Surajit Podder> 6 months ago
16baeda : Revert "mm-video-v4l2: vidc: venc: Update color conversion decision" <Srinu Gorle> 6 months ago
fceb6d1 : mm-video-v4l2: video: Add support to enable Maxhierp layer <Deepak Kushwah> 6 months ago
6e3b671 : Revert "mm-video-v4l2: vidc: venc: Set V4L2_CID_MPEG_VIDC_SET_PERF_LEVEL control" <Deepak Kushwah> 6 months ago
970b439 : mm-video-v4l2: venc: close message pipes safely <Praveen Chavan> 9 months ago
5148806 : mm-video-v4l2: venc: report HW overload as insufficientResources <Praveen Chavan> 9 months ago
39fa84b : mm-video-v4l2: vdec: Handle empty EOS buffer <Praveen Chavan> 7 months ago
1e92b3c : mm-video-v4l2: venc: update allocation-size check for meta-buffer <Praveen Chavan> 6 months ago
b716acd : mm-video-v4l2: vidc: add support for setting operating-rate <Praveen Chavan> 9 months ago
 
**** cmold:android_kernel_lge_g3 ****
5afea0a : g3: regen defconfigs <Dan Pasanen> 31 hours ago
e595866 : net: msm_rmnet: Add an IOCTL definition to deregister a net device <Ravinder Konka> 2 weeks ago
4a98d42 : net: udp: Adjust UDP socket state for encapsulation sockets <Harout Hedeshian> 9 months ago
8d16038 : arm: defconfig: Enable NEON config <Samir Mehta> 4 weeks ago
3964753 : wcnss: Expose dump stack functionality <Padma, Santhosh Kumar> 8 weeks ago
87564c1 : net/ipv6/route.c: packets originating on device match lo <David McCullough> 3 years, 7 months ago
dbe7add : Revert "net/ipv6/route.c: packets originating on device match lo" <Ravinder Konka> 5 weeks ago
e068b32 : crypto: sha512 - Expose generic sha512 routine to be callable from other modules <Tim Chen> 2 years, 10 months ago
1fa5619 : crypto: sha256 - Expose SHA256 generic routine to be callable externally. <Tim Chen> 2 years, 10 months ago
db5cb41 : crypto: add crypto_[un]register_shashes for [un]registering multiple shash entries at once <Jussi Kivilinna> 3 years, 6 months ago
3e1ae5f : ARM: pull in <asm/simd.h> from asm-generic <Ard Biesheuvel> 2 years, 4 months ago
53cd265 : ARM: move VFP init to an earlier boot stage <Ard Biesheuvel> 2 years, 8 months ago
4029025 : crypto: create generic version of ablk_helper <Ard Biesheuvel> 2 years, 4 months ago
70142c5 : ARM: add support for kernel mode NEON <Ard Biesheuvel> 2 years, 8 months ago
3ce2620 : ARM: 8120/1: crypto: sha512: add ARM NEON implementation <Jussi Kivilinna> 1 year, 6 months ago
016e998 : ARM: 8119/1: crypto: sha1: add ARM NEON implementation <Jussi Kivilinna> 1 year, 6 months ago
6e954c2 : ARM: 8118/1: crypto: sha1/make use of common SHA-1 structures <Jussi Kivilinna> 1 year, 6 months ago
74445fe : crypto: arm-aes - fix encryption of unaligned data <Mikulas Patocka> 1 year, 6 months ago
74e8103 : CRYPTO: Fix more AES build errors <Russell King> 2 years, 1 month ago
f87f010 : ARM: add .gitignore entry for aesbs-core.S <Russell King> 2 years, 3 months ago
f42c928 : ARM: add support for bit sliced AES using NEON instructions <Ard Biesheuvel> 2 years, 4 months ago
7870bc8 : ARM: move AES typedefs and function prototypes to separate header <Ard Biesheuvel> 2 years, 4 months ago
f03d1a9 : ARM: 7837/3: fix Thumb-2 bug in AES assembler code <Ard Biesheuvel> 2 years, 4 months ago
eba50a4 : ARM: 7723/1: crypto: sha1-armv4-large.S: fix SP handling <Ard Biesheuvel> 2 years, 8 months ago
1b0c649 : ARM: 7626/1: arm/crypto: Make asm SHA-1 and AES code Thumb-2 compatible <Dave Martin> 3 years ago
eba9021 : arm/crypto: Add optimized AES and SHA1 routines <David McCullough> 3 years, 4 months ago
d12e596 : serial: tty: msm_hs_uart: Fix the compat table <Abhimanyu Kapur> 1 year, 8 months ago
84b4086 : gadget: composite: Fix crash seen when SS descriptor is not available <Mayank Rana> 5 months ago
dbd15a7 : usb: gadget: android: Use 1024 bytes as MIDI buffer size <Mayank Rana> 5 months ago
72bc44e : USB: gadget: android: Fix checkpatch related errors <Mayank Rana> 5 months ago
d19cd47 : USB: gadget: android: Integrate f_midi USB MIDI gadget driver part deux <Mark Salyzyn> 10 months ago
3b45962 : USB: gadget: android: Integrate f_midi USB MIDI gadget driver <Mike Lockwood> 12 months ago
dd99e80e : usb: gadget: uac1: Fix redefinition conflict for ac interface <Vijayavardhan Vennapusa> 5 weeks ago
 
**** cmold:android_kernel_motorola_msm8226 ****
5e5969d : defconfig: Update falcon, peregrine and titan defconfigs <Gabriele M> 3 weeks ago
696972c : ext4: don't orphan or truncate the boot loader inode <Theodore Ts'o> 1 year, 3 months ago
6bc79cf : ext4: avoid hang when mounting non-journal filesystems with orphan list <Theodore Ts'o> 3 years, 1 month ago
9def7e5 : ext4: make orphan functions be no-op in no-journal mode <Anatol Pomozov> 3 years, 4 months ago
 
**** github:ashwinr64/android_kernel_oneplus_onyx ****
497c58d : defconfig: Regen <Ashwin> 26 hours ago
74a4dc8 : defconfig: Remove LOCALVERSION added for personal use <Ashwin> 4 days ago
 
**** cmold:android_kernel_samsung_smdk4412 ****
daa49a6 : IsoRec: Isolated Recovery for the Exynos 4210 family <Lanchon> 8 days ago
 
**** vanir:platform_manifest ****
16f16be : Wow fix a big derp <DHOMD> 4 hours ago
9d621e2 : Cancro needs speacil cases <DHOMD> 4 hours ago
 
**** cm:CyanogenMod/android_packages_apps_Bluetooth ****
ce967a5 : Bluetooth: Avoid calls on Null reference <Srinu Jella> 7 weeks ago
deb4d76 : MAP: Support messageListing PARAMETER_MASK_ALL_ENABLED by default. <Ashwini Munigala> 4 weeks ago
 
**** cm:CyanogenMod/android_packages_apps_Browser ****
250ebb8 : Themes: Expose hard coded colors and styles from layouts <Bryan Owens> 3 days ago
 
**** cm:CyanogenMod/android_packages_apps_DeskClock ****
9d09dad : Allow theming numpad <Yadrishnikov Yaroslav> 6 months ago
ef62c1a : Expose background colors for theming. <Dave Kover> 9 months ago
 
**** cm:CyanogenMod/android_packages_apps_Dialer ****
bd62aa8 : Lookup: make people lookups work without location <Martin Herndl> 6 days ago
 
**** cm:CyanogenMod/android_packages_apps_Messaging ****
2b515af : Messaging: Implement option for swipe to delete. <Adnan Begovic> 5 days ago
2e34d86 : Messaging: Bring back Unicode Stripping <Szymon Pusz> 4 weeks ago
 
**** vanir:packages_apps_Settings ****
7c09a30 : Settings: update FOTA link to be implicit <Roman Birg> 8 weeks ago
f19108b : Allow launching notification manager settings externally <Michael Bestas> 9 months ago
 
**** cm:CyanogenMod/android_packages_apps_Snap ****
4a42fc4 : Snap: Add missing ISO350 to ISO arrays <Michael Bestas> 8 hours ago
08ba343 : Snap: Set some more qcom features as untranslatable <Michael Bestas> 9 hours ago
98ebf87 : SnapdragonCamera: Remove 'off' option for antibanding <Sultanxda> 3 months ago
48408c9 : SnapdragonCamera: Fix overly-aggressive auto rotation <Sultanxda> 3 months ago
6411b0a : SnapdragonCamera: Clarify antibanding settings <Sultanxda> 3 months ago
b5de271 : SnapdragonCamera: Add option to control antibanding in camcorder <Sultanxda> 3 months ago
860c1f5 : Snap: Enlarge the saving queue size to 60M <likaid> 7 months ago
a676e15 : Revert "Camera: Propagate power mode selection from UI to lower layers." <Ricardo Cerqueira> 2 years, 1 month ago
 
**** vanir:packages_apps_soundrecorder ****
77e037c : soundrecorder: Put the menu back <Steve Kondik> 10 days ago
 
**** cm:CyanogenMod/android_packages_apps_Trebuchet ****
3961290 : Themes: Expose hard coded colors from layouts <Bryan Owens> 4 days ago
4ff9b7d : Trebuchet: Don't animate open folder if already open <cretin45> 30 hours ago
6732817 : Trebuchet: Fix landscape spacing issue <cretin45> 32 hours ago
 
**** cm:CyanogenMod/android_packages_providers_ThemesProvider ****
5756a99 : Fix blank WiFi and signal icon previews <d34d> 4 days ago
 
**** cm:CyanogenMod/android_packages_screensavers_PhotoTable ****
271651a : Bump SDK version to 23 Implement runtime permissions for storage group <Martin Brabham> 8 days ago
 
**** cm:CyanogenMod/android_prebuilts_cmsdk ****
7aa9190 : prebuilts/cmsdk: Update future-release maven artifact. <Adnan Begovic> 25 hours ago
 
**** cm:CyanogenMod/android_system_bt ****
1707433 : btsnoop: Remove the ext snoop dependency on snoop socket <Mallikarjuna GB> 6 weeks ago
1b380b0 : A2dp logging enhancement for media task <Ayan Ghosh> 3 months ago
e65809c : Bluetooth: Fix module cleanup <Ajay Kumar> 8 weeks ago
9adcc67 : Bluetooth :SDP :Restrict rem attr length to SDP_MAX_ATTR_LEN <venkata Jagadeesh> 5 weeks ago
8307990 : Merge tag 'android-6.0.1_r3' into new <Kiran Kelageri> 6 weeks ago
 
**** vanir:system_core ****
0907595 : Revert "charger_mode: Set font as 'log'" <Diogo Ferreira> 9 hours ago
e406b65 : charger_mode: Set font as 'log' <Diogo Ferreira> 12 hours ago
 
**** vanir:system_vold ****
30c6a38 : Fix mounting ext4 adopted storage <Sam Mortimer> 33 hours ago
 
**** cm:CyanogenMod/cm_platform_sdk ****
80001bf : cmsdk: Fix BuildTests. Bump parcelable version. <Adnan Begovic> 5 hours ago
735333c : cmsdk: Add new version code to the sdkmap. <Adnan Begovic> 28 hours ago
24f2bb4 : cmsdk: Introduce Elderberry, api level 5. <Adnan Begovic> 31 hours ago
ebf0f55 : cmsdk: Finalize DragonFruit (api level 4). <Adnan Begovic> 31 hours ago
8d49200 : CustomTiles: add a custom long press PendingIntent <Roman Birg> 5 days ago
5400b2f : cmsdk: Add battery saver tile (2/2) <Michael Bestas> 5 days ago
55cb123 : cmsdk: Add heads up tile (2/2) <Michael Bestas> 5 days ago
 
**** vanir:vendor_lge ****
50f67ab : g3: update blobs from D85530b <Dan Pasanen> 3 weeks ago
38b1eef : g4: update adreno blobs <codeworkx> 4 days ago
 
**** vanir:vendor_oneplus ****
4020f64 : Reboot onyx <DHOMD> 27 hours ago
 
**** vanir:vendor_sony ****
d6d4e83 : 8974: Switch to AOSP RIL <Chirayu Desai> 2 days ago
f20e557 : shinano: Update wifi firmware for 3.10 kernel <Chirayu Desai> 6 weeks ago
 
**** vanir:vendor_vanir ****
76aab7f : vendor/cm: Bump cmsdk platform version. <Adnan Begovic> 32 hours ago
e78a904 : Fixed mmm For Maven APK <herriojr> 32 hours ago
6cb9514 : Run fingerprint matcher <nuclearmistake> 2 days ago
 
