
**** vanir:build ****
091bcef : Hacks <DHOMD> 7 months ago
4bbce4f : build: Add BOOTIMAGE_EXTRA_DEPS for BOOT_SIGNER products too <Ethan Chen> 23 hours ago
f31558c : build: Use compatibility DTB directory path for custom DTB tool builds <Ethan Chen> 2 days ago
 
**** samba:ccache.git ****
f6dfd81 : Make it harder to misinterpret semantics of boolean environment settings <Joel Rosdahl> 6 hours ago
 
**** vanir:device_asus_flo ****
fcdc27c : flo: Update fingerprint to MOB30D <Elektroschmock> 29 hours ago
 
**** cm:CyanogenMod/android_device_htc_hiae-common ****
b8c4239 : hiae: Disable ZRAM <Ethan Chen> 2 days ago
 
**** vanir:device_moto_shamu ****
25540c9 : shamu: fix stray backslash <Elektroschmock> 29 hours ago
 
**** cm:CyanogenMod/android_device_motorola_condor ****
e462e09 : condor: device specific mixer_paths <Sultan Qasim Khan> 4 hours ago
 
**** cm:CyanogenMod/android_device_motorola_msm8610-common ****
2ada2fe : msm8610-common: lights: bring in line with 8916 family <Sultan Qasim Khan> 4 hours ago
fa7e312 : msm8610-common: make audio configuration device specific <Sultan Qasim Khan> 4 hours ago
 
**** cm:CyanogenMod/android_device_motorola_otus ****
a845dbc : otus: device specific mixer_paths <Sultan Qasim Khan> 4 hours ago
 
**** vanir:device_samsung_klte-common ****
b63dbe8 : klte-common:update mount options <OzzysCmAcc> 10 days ago
 
**** cm:CyanogenMod/android_device_sony_common ****
a225bd1 : init: Prevent recovery access for MultiROM kexec boot <AdrianDC> 13 days ago
 
**** vanir:device_sony_fusion3-common ****
0c413c8 : init: handle mac addresses properly <Georg Veichtlbauer> 13 hours ago
9918cee : init: start ta daemon with the core class <Georg Veichtlbauer> 13 hours ago
4004670 : clean-up proprietary files list <Georg Veichtlbauer> 12 hours ago
b682a91 : libril: correct include <Alexander Martinz> 8 weeks ago
 
**** vanir:external_jpeg ****
60a4dc2 : porting jpeg_mem_src() from jpeg lib v8c <Dante Russo> 3 years, 9 months ago
 
**** cm:CyanogenMod/android_external_speex ****
ca7a472 : Fix and suppress warnings in external/libspeex. <Aurimas Liutikas> 5 weeks ago
 
**** vanir:external_toybox ****
fafe427 : Regenerate generated files. <Elliott Hughes> 2 weeks ago
9fcaca8 : Fix build when wchar_t is unsigned. <Elliott Hughes> 3 weeks ago
0e05569 : Fix exit code of things like sed -i that use tempfile_handler(). <Rob Landley> 2 weeks ago
e223cca : basename: fix segfault on null input; add tests <Samuel Holland> 4 weeks ago
a823328 : Add od -w. <Elliott Hughes> 4 weeks ago
d4d9b5f : toolbox prlimit is no more. <Elliott Hughes> 5 weeks ago
af51034 : Debian bug 635570 did something horribly nonstandard (depending on a side effect of "sed -e 'a\'" with no trailing line). But there's an actual user, and it's not hard to implement, and it's not hard to implement, and there isn't an obvious _other_ way to do it, so add the behavior and a test for it. <Rob Landley> 3 weeks ago
1ffa7f4 : Fix bzcat.test (as noted by Andy Chu), wean tests off $TOPDIR and supply $FILES instead, move tests/blkid into tests/files/blkid. <Rob Landley> 3 weeks ago
b52f642 : The test infrastructure prints the command name now, so file.test shouldn't. <Rob Landley> 3 weeks ago
5a7b147 : Minor blkid cleanup. (There was a while(ptr[-1]==' ') ptr--; that could fall off the start of the string. I pulled on the thread...) <Rob Landley> 3 weeks ago
a8d0d13 : Redo build stuff in response to Andy Chu's suggestions. <Rob Landley> 3 weeks ago
c23186d : blkid: Handle short/empty vfat labels; update tests <Samuel Holland> 4 weeks ago
6aba814 : Posix requires "" to be false, and 00 should be false, and -0 should be false. Fix memory leaks in regex. Simplify regex check (if we matched, subexpression had to match). Don't exit() from a command, set exitval and return. <Rob Landley> 4 weeks ago
4de04e8 : Make lsof 10x faster by caching /proc/net socket info. <Elliott Hughes> 4 weeks ago
ada3c08 : Fix last commit (had newline before first ==> name <==) and add -f tests. <Rob Landley> 4 weeks ago
426bc7f : Fix "tail -f single_file". <Josh Gao> 4 weeks ago
0ec95b7 : expr cleanup: simplify get_str() and free returned allocations. <Rob Landley> 4 weeks ago
68d7132 : Remove 'exit' from xargs test too. <Andy Chu> 4 weeks ago
516f3d6 : Fix bug where all tests aren't being run with 'make test'. <Andy Chu> 4 weeks ago
438fa71 : expr cleanup: traverse optargs with tok instead of incrementing optargs and copying itinto a second variable. Also add error message for empty ( ) <Rob Landley> 4 weeks ago
1af3bad : Move whitespace and curly brackets around, move reference URLs to top of file, eliminate syntax_error() function (just call error_exit() directly), eliminate advance() wrapper, pipe expected error messages in test to /dev/null <Rob Landley> 4 weeks ago
e6912f9 : Fix type coercion bugs in expr. <Andy Chu> 4 weeks ago
14c91c1 : Fix the operator precedence in expr. <Andy Chu> 4 weeks ago
2665cd0 : Add base64.test, and Izabera pointed out that -w0 should disable wrapping. <Rob Landley> 4 weeks ago
2b999e6 : Add ls -b and make ls -q work with utf8. <Rob Landley> 4 weeks ago
eb24df9 : Split out _xexit() from xexit() and give sigatexit() multiple callbacks. <Rob Landley> 5 weeks ago
51d71f5 : factor: use long long math (64 bit on 32 bit platforms) and handle negative numbers even though we use unsigned math now. <Rob Landley> 5 weeks ago
6d364fc : Update scripts/single.sh and cp.c so "make mv" isn't actually building cp. <Rob Landley> 5 weeks ago
2f7c98e : The xattr functions were added during the 2.5 kernel, lsm.h can #include the header unconditionally. (This fixes the warning when CP_PRESERVE disabled.) <Rob Landley> 5 weeks ago
96a5ed1 : Fix segfault in sed -e 'c\'. <Andy Chu> 6 weeks ago
d9d7761 : Remove switch_root. <Elliott Hughes> 5 weeks ago
1fd8065 : Add depends on TOYBOX_FORK for various commands that need nommu conversion. (This should fix allyesconfig.) <Rob Landley> 5 weeks ago
8d95074 : Cleanup pass on the dirtree infrastructure, in preparation for making rm -r handle infinite depth. Fix docs, tweak dirtree_handle_callback() semantics, remove dirtree_start() and don't export dirtree_handle_callback(), instead offer dirtree_flagread(). (dirtree_read() is a wrapper around dirtree_flagread passing 0 for flags.) <Rob Landley> 5 weeks ago
2a26ba4 : Fix warning (toys.optflags is a long long now). <Rob Landley> 6 weeks ago
21701f1 : wget: clean up <Lipi Lee> 6 weeks ago
2e4aff2 : Another pass at file.c: move posix-required "executable" to front of output, next few fields in the order the other implementation outputs, fewer commas, fix a big where big endian executable type wasn't detected right, and fix the filehandle leak. <Rob Landley> 6 weeks ago
 
**** vanir:frameworks_av ****
5153cdc : libmedia: Initialize mState/mActive value to avoid possible crash <Zhou Song> 3 weeks ago
20f0782 : stagefright: Fix CLANG compilation for AMR decoder <Leena Winterrowd> 3 months ago
4882796 : nuplayer: Seek to valid position in setVideoSurface <Manikanta Kanamarlapudi> 7 weeks ago
51b3174 : video: Use boot clock for recording start time <Surajit Podder> 7 weeks ago
7262eae : nuplayer: ignore openAudioSink while waiting for teardown completion <Dhananjay Kumar> 7 weeks ago
3fe0fe6 : nuplayer: update anchor time for offload usecase <Sharad Sangle> 5 months ago
d27aa05 : frameworks/av: Fix LOG_NDEBUG compilation issues <Leena Winterrowd> 4 months ago
8a69897 : libavextensions: Add LOG_NDEBUG define <Leena Winterrowd> 4 months ago
f888ced : libstagefright: handle error when B-frame is sent to MPEG4Writer <xiaoqiny> 1 year, 3 months ago
0ecd6fb : cameraservice: Run HAL3 in Non ZSL mode <Abhishek Kondaveeti> 3 months ago
0d34354 : audio: QTI resampler supports for 32 bit input format <Zhou Song> 5 months ago
02d9acd : nuplayer: Reverting GenericSource changes done for STA integration <Manikanta Sivapala> 4 months ago
9fd0a69 : rtsp: keep video damaged access unit to enhance fault tolerance <Li Sun> 6 months ago
322d0a4 : libstagefright: Allow for MPEG4Writer extension <Deva Ramasubramanian> 5 months ago
d38f175 : audioflinger: Compile 192k resampler for 32 bit environment <Ramjee Singh> 6 months ago
804eeff : Update Instrumentation code <William Clark> 6 months ago
135352e : NuPlayer: extend onResume funtion <Sidipotu Ashok> 7 months ago
 
**** vanir:frameworks_base ****
2ae2ee6 : LockPatternUtils: Use the actual user id to set pattern size <Scott Mertz> 21 hours ago
c694ab1 : LockSettingsStorage: migrate user pattern size to correct userid <Roman Birg> 20 hours ago
7a56861 : LockSettingsStorage: fallback to cm legacy gesture file <Roman Birg> 23 hours ago
999439b : SettingsProvider: move SYSTEM_PROFILES_ENABLED to CMSettings <Roman Birg> 25 hours ago
8352797 : Lockscreen : Update shortcuts in onAttachWindow <Danesh M> 2 days ago
82fb2e0 : Lockscreen : Ensure we hide bottom area in bouncer <Danesh M> 2 days ago
7a8a51b : Race in WapPushManager under multi-thread environment <chao.bi> 4 weeks ago
15e7a21 : Correct MediaAudioTrackTest testPlaybackHeadPositionAfterStop <Jimmy Dalqvist> 3 years ago
ad3fa41 : packagemanager: Fix bootloop if packages.xml is deleted <Steve Kondik> 23 hours ago
bf2ddee : Themes: Restore original value if getValue fails <d34d> 2 days ago
d6f2d2c : Check for deprecated third party keyguard perm <d34d> 29 hours ago
 
**** vanir:frameworks_support ****
e05dca1 : fix "find: `dummy': No such file or directory" <Daniel Sikorski> 4 weeks ago
 
**** cm:CyanogenMod/android_hardware_qcom_audio ****
886c244 : hal: remove explicit direct pcm usecase <vivek mehta> 7 months ago
f6cd4f7 : hal: stop sound trigger buffering during close <Mingming Yin> 3 months ago
4fb2812 : hal: don't allow track offload if there's active sw effect <Weiyin Jiang> 7 weeks ago
bfe1cc3 : hal: Fix 44.1Khz playback when native support is not enabled <Amit Shekhar> 3 months ago
dc520bc : libaudiopolicymanager: DirectPCM: fix 44.1 clip playing noisy issue <vivek mehta> 5 months ago
b73a764 : audio: Extend platform parser to allow device name aliasing <Ethan Chen> 1 year, 7 months ago
64387ed : hal: Fix voice call recording <solk2> 1 year, 7 months ago
91c7d6b : hal: Fix digital USB headset combo device <Steve Kondik> 1 year, 7 months ago
be6fdfc : hal: Clean up compilation warnings <Steve Kondik> 1 year, 4 months ago
13ba1b4 : hal: Add support for audio amplifier HAL <Ethan Chen> 2 years, 11 months ago
381b7a0 : audio: Configure CM default feature set <Steve Kondik> 1 year, 4 months ago
b25084a : hal: Allow building hardware audio encoders <Arne Coucheron> 1 year, 3 months ago
f48de3d : audio: Use project pathmap <Ethan Chen> 4 months ago
1362fc7 : audio: Only allow non-legacy HAL <Ethan Chen> 4 months ago
b5b6d33 : hal: Update format table with AAC ADTS formats. <Ashish Jain> 5 months ago
102616d : HAL: Identify the track offload session <Sharad Sangle> 4 months ago
d7eaf2b : HAL: Identify Track offload session <Alexy Joseph> 5 months ago
8c21ad7 : Merge DAX2 changes <Gao Jie> 5 months ago
12467a1 : hal: Use AUDIO_TX_MONO_COPP topology for incall record usecases <Karthik Reddy Katta> 5 months ago
 
**** cm:CyanogenMod/android_hardware_qcom_display ****
7b9a3a1 : hwc/overlay: Validate cursor position in hwc_setPositionAsync <Baldev Sahu> 7 weeks ago
4c401f0 : hwc: Fix sanitize ROI func <Ramakant Singh> 2 months ago
6dab9c9 : hwc: Apply Default Mode on real framework start <Sravan Kumar D.V.N> 2 months ago
732b9ac : qdutils: Correct the hwc-driver mismatch <Ramakant Singh> 2 months ago
f1e2905 : hwc: remove local constant DISPLAY_ATTRIBUTES list <Ramakant Singh> 3 months ago
a74edfb : hwc: Remove references to display-frameworks <Ethan Chen> 3 months ago
c7cce05 : hwc: Fix compile errors after display-frameworks removal <Arne Coucheron> 3 months ago
b375570 : hwc: Support for QDCM Preference when PU enabled <Nitesh Gupta> 4 months ago
cc1ec84 : hwc: Set ioprio for vsync thread <Steve Kondik> 7 months ago
7516867 : Don't build lights module if vendor supplies it <Steve Kondik> 1 year, 5 months ago
730d245 : Revert "hqd: Use MSM_VIDC_TARGET_LIST for Venus color format" <Ethan Chen> 4 months ago
bc1215a : display: Use project pathmap <Ethan Chen> 1 year, 5 months ago
c324d73 : hwc: Set DefaultMode after bootup completion <Ramakant Singh> 4 months ago
8a6e7c9 : gralloc: Add a private flag for INTERNAL only <Arun Kumar K.R> 7 months ago
394c830 : hwc: Donot update dynamic-fps when device is not active <Ramakant Singh> 6 months ago
8f21571 : hwc: Do not wait for MDSS fence for layers with rotation <Dileep Kumar Reddi> 6 months ago
d2c5ca0 : hwc: Start with ROI set to destination <Arun Kumar K.R> 6 months ago
9ef4d8c : hwc: Set minfps as part of timeout_handler during idlefallback <Ramakant Singh> 6 months ago
0d616ba : Revert "hwc: Relax format change restrictions for certain targets" <Dileep Kumar Reddi> 6 months ago
213ead5 : Default flexible YUV format to NV21 <Tanmaya Godbole> 8 months ago
ed75fdb : hwc: Reset refresh-rate for few cases as part of timeout handler <Dileep Kumar Reddi> 6 months ago
56ed396 : gralloc: Add support for PRIV_FLAGS_DISP_CONSUMER <Surajit Podder> 10 months ago
a2d5295 : hwc: Support ActionSafe on targets with non-scaling RGB pipes. <Sandeep Panda> 7 months ago
248378d : gralloc: Use adreno_utils api for NV21 and NV12 alignment <Sushil Chauhan> 8 months ago
037d21d : hwc: Use basePipe for fullscreen and opaque layer <Pullakavi Srinivas> 7 months ago
77ec4ef : gralloc: Modify check for uncompressed RGB buffers <Naomi Luis> 8 months ago
449fbe0 : hwc: Use aligned width and height <Dileep Kumar Reddi> 7 months ago
02dbc50 : Revert "HWC: use aligned width and height for rearranging ROI" <Dileep Kumar Reddi> 7 months ago
cd7217a : hwc: Support ActionSafe on targets with non-scaling RGB pipes. <Sandeep Panda> 7 months ago
eed742d : overlay: add tertiary display definition in overlay <Vinu Deokaran> 7 months ago
a029479 : hwc: Validate display ID in hwc interface <Arun Kumar K.R> 7 months ago
09441c1 : gralloc: Add missing changes related to RAW16 <Raj Kamal> 9 months ago
7ea10c5 : hwc: Use basePipe for fullscreen and opaque layer <Pullakavi Srinivas> 7 months ago
c039f6e : hwc: Use aligned width and height <Dileep Kumar Reddi> 7 months ago
60cbe72 : Revert "HWC: use aligned width and height for rearranging ROI" <Dileep Kumar Reddi> 7 months ago
2e918bf : hwc: Avoid idlefallback during video playback <Raj Kamal> 8 months ago
fbe5a60 : HWC: use aligned width and height for rearranging ROI <Dileep Kumar Reddi> 8 months ago
597b313 : hwc: Featurize HWC_DISPLAY_SECURE <Raj Kamal> 8 months ago
eb4d7a6 : hwc: Use HWC_DISPLAY_NO_ATTRIBUTE as terminator. <Prabhanjan Kandula> 8 months ago
410ba7c : hwc : Normalize source crop before validating scaling limits. <Prabhanjan Kandula> 8 months ago
95fef31 : hwc: Relax format change restrictions for certain targets <Dileep Kumar Reddi> 8 months ago
42a1c98 : hwc: Changes for display-hal compilation with QTI_BSP enabled <Ramakant Singh> 9 months ago
c772eec : hwc: Do not use Borderfill pipe for composition in WFD <Dileep Kumar Reddi> 8 months ago
e5268fd : hwc/overlay: Pass handle w/h and crop w/h through fb_image field <Arun Kumar K.R> 9 months ago
5d39f02 : hwc: Log warning instead of mHDMIClient object not available <Dileep Kumar Reddi> 8 months ago
55b3489 : hwc: Ignore float-conversion for included headers <Naseer Ahmed> 8 months ago
82fe9c6 : hwc: Do not consider rotation for smart blit <Ramakant Singh> 9 months ago
dd689ff : hwc: Do not create idle invalidator for MDP3 targets <Dileep Kumar Reddi> 8 months ago
c58836b : hwc: Align ROI's width and height in both directions <Dileep Kumar Reddi> 9 months ago
19f2250 : hwc: Fix SF crash due to SIGSEGV error <Raj Kamal> 9 months ago
 
**** cm:CyanogenMod/android_hardware_qcom_display ****
17f2d38 : Don't build lights module if vendor supplies it <Steve Kondik> 1 year, 5 months ago
420cc3a : msm8996: remove unused qcom features <Scott Mertz> 4 months ago
5bdcfa4 : Additional pathmap & build fixes <Scott Mertz> 4 months ago
e80bb52 : display: Use project pathmap <Ethan Chen> 1 year, 5 months ago
e04e869 : Remove usage of MASTER_SIDE_CP_TARGET_LIST <Scott Mertz> 4 months ago
3fd7d00 : Revert "hqd: Use MSM_VIDC_TARGET_LIST for Venus color format" <Scott Mertz> 4 months ago
99aa8ca : sdm: Fix uninitialized HWLayers object <Saurabh Shah> 4 months ago
572b2bf : sdm: Do not copy surfaceDamage rects for SKIP layers <Sushil Chauhan> 5 months ago
074314d : gralloc: Add support for PRIV_FLAGS_DISP_CONSUMER <Surajit Podder> 10 months ago
8f8f6c7 : sdm : Add support for dynamic BW limit management <Prabhanjan Kandula> 6 months ago
83a945b : libqdutils: Refer to standard definitions for display types. <Dileep Marchya> 5 months ago
f29ff14 : sdm: Fix buffer overflow <Manoj Kumar AVM> 5 months ago
99ef378 : sdm: HWDevice: Set correct HWDisplayMode <Arun Kumar K.R> 5 months ago
ddca4e7 : sdm: Remove unused function in rect utility <Manoj Kumar AVM> 5 months ago
8d22bad : sdm: Fix memory leaks. <Dileep Marchya> 5 months ago
1c3f9a3 : hwc: Handle SBM operation set for all layers <Saurabh Shah> 5 months ago
b8067a4 : qdMetadata: Use uint32_t instead of bool <Saurabh Shah> 5 months ago
a0db84b : sdm: hdmi: Set the default grayscale value to RGB888 <Tatenda Chipeperekwa> 6 months ago
e94e78c : sdm: Add bandwidth and clock members <Sushil Chauhan> 8 months ago
959863b : sdm: Update HWPanelInfo during primary resolution switch <Sushil Chauhan> 5 months ago
b8ecfbf : display: Enable clang for all display modules <Naseer Ahmed> 5 months ago
63e8c95 : sdm: Source crop top needs adjustment for interlaced <Sushil Chauhan> 6 months ago
f1c8357 : sdm: Remove closing of fd during Sync operations <Manoj Kumar AVM> 6 months ago
44e2be1 : sdm: Do not process blit configuration for zero app layers. <Dileep Marchya> 6 months ago
61ef29b : sdm: Add support for single buffer layers <Saurabh Shah> 6 months ago
a816961 : sdm: Use FB resolution for virtual display <radhakrishna> 6 months ago
a0394ad : qdMetaData: Remove unused metadata fields. <Arun Kumar K.R> 6 months ago
50ff0bb : sdm: Panel name retrieval support <Dileep Marchya> 6 months ago
95f8368 : gralloc/metadata: Add support for single buffer mode <Saurabh Shah> 6 months ago
d7131e6 : sdm: Add support for UBWC in C2D <radhakrishna> 6 months ago
67c1f90 : sdm: Allow draw cycle in doze state. <Dileep Marchya> 6 months ago
5fb6d40 : sdm: Perform GPU target layer validation. <Manoj Kumar AVM> 6 months ago
226646c : sdm: Populate correct WB index for virtual <radhakrishna> 6 months ago
3edaf83 : sdm: Read rotator capabilities from driver <radhakrishna> 7 months ago
492ab99 : sdm: Fix ROI and Split info in SF dumpsys <Sushil Chauhan> 6 months ago
a9fb396 : sdm: Remove buffer format validation from hwc wrapper. <Ramkumar Radhakrishnan> 6 months ago
76750f2 : sdm: Add support for YCbCr420 Semiplanar format <Ramkumar Radhakrishnan> 6 months ago
bddb952 : gralloc: Use only metadata for color space <Saurabh Shah> 7 months ago
4a31ec4 : sdm: Make premultiplied as default blending <Saurabh Shah> 6 months ago
e1f01dd : sdm: Flush after first successful commit only. <Dileep Marchya> 6 months ago
1a7e1f1 : sdm: Add support for IGC. <Dileep Marchya> 7 months ago
9b99074 : sdm: Fix memory leaks. <Dileep Marchya> 6 months ago
ec8fe35 : sdm: Fix HDMI & virtual display concurrency. <Dileep Marchya> 6 months ago
d433464 : sdm: Add interface to consider rotator during scaling validation. <Ramkumar Radhakrishnan> 7 months ago
a5b764f : sdm: Add support for minimum encryption level settings for HDCP. <Dileep Marchya> 6 months ago
55fe304 : sdm: Add SPD information for HDMI <Arun Kumar K.R> 6 months ago
06078aa : sdm: Acquire lock during hwcomposer module open and close <Ramkumar Radhakrishnan> 6 months ago
d169be9 : sdm: properly close all the fence Fds <Ping Li> 7 months ago
040a3d0 : sdm: hwc: SetRefreshRate before validate IOCTL <Arun Kumar K.R> 7 months ago
6e43f57 : sdm: Handle/set dynamic fps appropriately <Arun Kumar K.R> 7 months ago
 
**** cm:CyanogenMod/android_hardware_qcom_media ****
ff3940f : mm-video-v4l2: Return correct level support for 8956 <Surajit Podder> 7 weeks ago
1fd6df0 : mm-video-v4l2: vidc: vdec: handle ftbs during reconfig and port disable <Abdulla Anam> 10 weeks ago
e9bacff : mm-video-v4l2: venc: check for null pointer <Maheshwar Ajja> 2 months ago
a699a13 : mm-video-v4l2: vdec: set 24 fps framerate for 4k clips <Deepak Kushwah> 3 months ago
bc9e191 : mm-video-v4l2: vidc: Fix race condition with msg thread fd close <Shalaj Jain> 5 months ago
a860362 : mm-video-v4l2: vidc: update thread names <Ashray Kulkarni> 9 months ago
8e66146 : mm-video-v4l2: Add support for prefer adaptive playback extension <Shalaj Jain> 9 months ago
41a5cfd : mm-video: Adjust stride value for planar format <Surajit Podder> 11 months ago
c40cf77 : mm-video: vidc: Reliably stop the message thread <Deepak Kushwah> 4 months ago
62f611d : Fix duplicated OMX.qcom.audio.decoder.aac entry <Keith Mok> 4 months ago
69d6d4b : media: Avoid collision with FFMPEG plugin <Steve Kondik> 4 months ago
610c356 : media: Use project pathmap <Ethan Chen> 4 months ago
dc1b1d4 : mm-video-v4l2: Unmap dropped output buffers <Surajit Podder> 4 months ago
78521c5 : Include kernel header dependency for libOmxVidcCommon <Divya Sharma> 5 months ago
f9c92f0 : mm-video-v4l2: vidc: venc: Fix hybrid HP layer count <Abdulla Anam> 6 months ago
a5dce41 : mm-video-v4l2: Enable get_param to check downscalar enablement <Surajit Podder> 5 months ago
e7743ae : mm-video-v4l2: venc: Add support to enhance hybrid Hier-p mode <Abdulla Anam> 6 months ago
75bc6a6 : mm-video-v4l2: vdec:  release buffer when qbuf to driver fails <Manikanta Kanamarlapudi> 6 months ago
cfeaf87 : mm-video-v4l2: Use client buffer header for FTB <Surajit Podder> 7 months ago
b6c736d : mm-video-v4l2: Disable intra refresh mode on msm8956/76 <Maheshwar Ajja> 6 months ago
a54c5d4 : mm-video-v4l2: vdec: fix fps issues in arbitrary mode <Ashray Kulkarni> 8 months ago
826ba8c : QCMetadata: add a new key for big buffers <Sidipotu Ashok> 6 months ago
ef3143a : QCMetadata: Add key for setBuffers API support <Manikanta Kanamarlapudi> 10 months ago
f178e8b : mm-video-v4l2: venc: support all I frame encoding usecase. <Abdulla Anam> 6 months ago
bcf4fa3 : libstagefrighthw: Add header guard to QComOMXMetadata.h and fix file perms <Deva Ramasubramanian> 7 months ago
e2d287f : mm-video-v4l2: vdec: streamoff while freeing first output buffer <Balamurugan Alagarsamy> 1 year, 4 months ago
f0fc3d0 : mm-video: Disable downscalar for non-display usecase <Surajit Podder> 10 months ago
0997c8a : mm-video: Enable HEVC software encoder OMX component. <Manikanta Sivapala> 7 months ago
8bb96de : mm-video_v4l2: pass crop nWidth and nHeight in reconfig event. <Abdulla Anam> 7 months ago
afb1469 : mm-video-v4l2: Fix downscalar issue <Surajit Podder> 7 months ago
269f6cd : mm-video-v4l2: Fix crash due to divide by zero <Surajit Podder> 7 months ago
c14558c : mm-video-v4l2: venc: initialize the member variables <Maheshwar Ajja> 7 months ago
99c2455 : mm-video-v4l2: vdec: Fix closing of file descriptor "0" <Deepak Kushwah> 7 months ago
b4d0e38 : mm-video-v4l2: venc: limit pixels value in input buffers. <Abdulla Anam> 7 months ago
1202ebd : mm-video_v4l2: pass crop nWidth and nHeight in reconfig event. <Abdulla Anam> 7 months ago
1fc82f0 : mm-video: Disable downscalar for non-display usecase <Surajit Podder> 10 months ago
6ecc67f : mm-core: update vpp related structures and enums. <Abdulla Anam> 7 months ago
56c0a51 : mm-video-v4l2: vidc: venc: fix CTS issues in vp8 encoder <Maheshwar Ajja> 7 months ago
1fe6770 : mm-core: update vpp related structures and enums. <Abdulla Anam> 7 months ago
a9c2410 : mm-video: Set correct color format to driver <Surajit Podder> 9 months ago
f2fa16b : mm-video-v4l2: vidc: venc: enable low latency mode <Maheshwar Ajja> 8 months ago
79da148 : mm-video-v4l2: null check before pointer dereference <Abdulla Anam> 8 months ago
a66ec1f : audio: Fix stale session opening of DSP audio decoder <Naresh Tanniru> 8 months ago
1171b44 : audio: Fix stale session opening of DSP audio decoder <Naresh Tanniru> 8 months ago
03f6533 : mm-video-v4l2: change variables used for reconfig height & width <Abdulla Anam> 8 months ago
6dc2004 : mm-video-v4l2: venc: Disable Bframes incase of UHD recording <Deepak Kushwah> 8 months ago
f493b73 : audio: Add support for new key kKeyByteMode <Manish Dewangan> 8 months ago
382b5b7 : mm-video-v4l2: video: add new extensions <Ashray Kulkarni> 11 months ago
b266f81 : mm-video-v4l2: venc: Add support for low latency mode <Maheshwar Ajja> 9 months ago
14c22a7 : mm-core: Add Skype extensions <Ashray Kulkarni> 11 months ago
 
**** cm:CyanogenMod/android_hardware_qcom_media ****
347b90c : libc2dcolorconvert: refer c2d header from display <Praveen Chavan> 1 year, 11 months ago
6316605 : vidc: Fix makefiles <Steve Kondik> 12 months ago
d84d430 : media: Avoid collision with FFMPEG plugin <Steve Kondik> 1 year, 11 months ago
8ba01d1 : media: Use project pathmap <Ethan Chen> 1 year, 2 months ago
be989ef : audio: Add entry for ALAC/APE software component <Preetam Singh Ranawat> 5 months ago
ab3e6cf : Include kernel header dependency for libOmxVidcCommon <Divya Sharma> 5 months ago
f5b8f20 : Include kernel header dependency for libOmxVidcCommon <Divya Sharma> 5 months ago
2266025 : mm-video-v4l2: vidc: Ensure async_message_thread always exits <Arun Menon> 5 months ago
b0d352b : media : Add Max CSD values for ALAC and APE <Preetam Singh Ranawat> 6 months ago
a04219f : mm-video-v4l2: vdec: skip enabling extn_user extradata for secure session <Srinu Gorle> 5 months ago
622d480 : mm-video-v4l2: vidc: Enhance VQZIP checks <Praneeth Paladugu> 8 months ago
2b5bd8a : mm-video-v4l2: vidc: venc: Fix input extradata issues <Praneeth Paladugu> 5 months ago
ce13944 : mm-video-v4l2: vidc: vdec: Add UBWC color format support <Srinu Gorle> 5 months ago
a725170 : mm-video: venc: Initialize m_graphicBufferSize <Deva Ramasubramanian> 5 months ago
8be933c : mm-video-v4l2: vidc: vdec: Add support for downscalar in component <Srinu Gorle> 11 months ago
c29ae31 : mm-video-v4l2: vidc: Fix race condition with msg thread fd close <Shalaj Jain> 5 months ago
6a50516 : mm-video-v4l2: vdec: Fix CTS issue with color coversion <Vinay Kalia> 5 months ago
ab08584 : mm-core: Add extensions for FRC <Vinay Kalia> 5 months ago
b12f245 : mm-video-v4l2: Handle async_message_thread error <Arun Menon> 5 months ago
9952fd8 : mm-core: Add secure component registry entry <Vikash Garodia> 5 months ago
8d855cc : mm-video: common: update OmxVidcCommon dependency list <Srinu Gorle> 5 months ago
3c3fe6c : mm-video-v4l2: vdec: Change preferred color format default order <Arun Menon> 5 months ago
c73daac : mm-video-v4l2: Add registry entry for openmax components. <Vikash Garodia> 5 months ago
bcb448c : mm-video: swvdec: Add SwVdec registry entries for 8937. <Manikanta Sivapala> 6 months ago
e592d0a : mm-video: swvdec: Add SwVdec OMX component. <Manikanta Sivapala> 5 months ago
41cf898 : mm-core: Update the correct instance index for storing VPP handle <Praneeth Paladugu> 5 months ago
c8827e2 : mm-video-v4l2: vidc: Allocate secure bitstream buffers from CMA <Shalaj Jain> 5 months ago
cf6d469 : mm-video: vidc: Fully drainbuffers from the driver if batch not complete <Deva Ramasubramanian> 5 months ago
093280d : mm-core: Unload the component library after the session is done <Praneeth Paladugu> 5 months ago
45267c8 : Remove msm8937 due to missing HY11 rule <Naveen Kumar> 5 months ago
fb36868 : mm-video: venc: Revert Venus native support for RGBA8888 <Deva Ramasubramanian> 6 months ago
1c7b346 : mm-video: swvenc: Add pure virtual functions. <Manikanta Sivapala> 6 months ago
0ec71b0 : mm-video: Add extensions to enable and configure ROI QP info <Vinay Kalia> 7 months ago
db88209 : audio: remove duplicate instances of aac decoder <Mingming Yin> 6 months ago
b04a903 : mm-video-v4l2: vdec: Fix a bug with C2D and DROPPED_FRAME <Vinay Kalia> 6 months ago
183f501 : mm-video-v4l2: vidc: Add null checks in async_message_process <Arun Menon> 6 months ago
fbdcaba : mm-video-v4l2: Add support for VP9 secure decoder <Shalaj Jain> 9 months ago
a935f80 : mm-video: swvenc: Add SwVenc registry entries for 8937. <Manikanta Sivapala> 6 months ago
f3f1e00 : QCMetadata: add a new key for big buffers <Sidipotu Ashok> 6 months ago
be1c0e3 : mm-video: vidc: Adjust performance level only after STREAMON <Deva Ramasubramanian> 6 months ago
6f6f5fb : mm-video-v4l2: vidc: venc: Fix hybrid HP layer count <Ashray Kulkarni> 6 months ago
144b092 : mm-video: venc: Get rid of PREPARE_BUF on input port <Vinay Kalia> 6 months ago
431e6b1 : mm-video-v4l2: vdec: fix fps issues in arbitrary mode <Ashray Kulkarni> 8 months ago
edd1b09 : mm-video-v4l2: vidc: vdec: Put decoder sessions in TURBO <Praneeth Paladugu> 9 months ago
07a4eca : libc2dcolorconvert: Fix height alignment issue with RGBA formats <Rajesh Sastrula> 6 months ago
c826460 : mm-video-v4l2: venc: Add support to enhance hybrid Hier-p mode <Ashray Kulkarni> 9 months ago
c08fc90 : mm-core: Add registry entry for titanium <Srinu Gorle> 6 months ago
94af4ea : mm-video: Add opaque color format support to MPEG-4 SwVenc. <Manikanta Sivapala> 6 months ago
f4e1426 : mm-video-v4l2: Do not send error to client once in loaded state <Shalaj Jain> 7 months ago
bf75c1c : mm-video-v4l2: vdec: Add range check before native_buffer usage <Arun Menon> 7 months ago
 
**** cm:CyanogenMod/android_hardware_samsung_slsi-cm_exynos ****
f35ed4a : Initial support for Exynos 7580 <Apavayan> 22 hours ago
 
**** cmold:android_kernel_oneplus_msm8974 ****
40b906b : msm_rmnet: Kill logspam <Steve Kondik> 29 hours ago
 
**** github:ashwinr64/android_kernel_oneplus_onyx ****
3389604 : Linux 3.4.111 <Zefan Li> 4 weeks ago
6d470d7 : KVM: x86: move steal time initialization to vcpu entry time <Marcelo Tosatti> 6 months ago
24fa51b : dm btree remove: fix a bug when rebalancing nodes after removal <Joe Thornber> 6 months ago
f43d490 : usb: dwc3: Fix assignment of EP transfer resources <John Youn> 8 weeks ago
d359d1d : ALSA: usb-audio: Add a more accurate volume quirk for AudioQuest DragonFly <Anssi Hannula> 4 months ago
ba8a85e : ALSA: tlv: add DECLARE_TLV_DB_RANGE() <Clemens Ladisch> 4 years, 5 months ago
320f830 : ALSA: tlv: compute TLV_*_ITEM lengths automatically <Clemens Ladisch> 4 years, 5 months ago
0a165ad2 : x86/LDT: Print the real LDT base address <Jan Beulich> 4 months ago
7857899 : af_unix: Guard against other == sk in unix_dgram_sendmsg <Rainer Weikusat> 9 weeks ago
ca7d623 : net: fix warnings in 'make htmldocs' by moving macro definition out of field declaration <Hannes Frederic Sowa> 4 months ago
4057088 : kernel/watchdog.c: touch_nmi_watchdog should only touch local cpu not every one <Ben Zhang> 2 years ago
5317d9a : ipv6: prevent fib6_run_gc() contention <Michal KubeÄek> 2 years, 8 months ago
3146973 : SUNRPC: never enqueue a ->rq_cong request on ->sending <Neil Brown> 10 months ago
faf7b6b : atm: deal with setting entry before mkip was called <Sasha Levin> 7 months ago
9b3dd23 : netfilter: nf_conntrack: fix RCU race in nf_conntrack_find_get <Andrey Vagin> 2 years, 2 months ago
bea46f4 : ipv6: probe routes asynchronous in rt6_probe <Hannes Frederic Sowa> 2 years, 6 months ago
d865a11 : net: avoid to hang up on sending due to sysctl configuration overflow. <bingtian.ly@taobao.com> 3 years, 3 months ago
3cda8eb : Initialize msg/shm IPC objects before doing ipc_addid() <Linus Torvalds> 7 months ago
f074c26 : get rid of s_files and files_lock <Al Viro> 2 years, 6 months ago
8f452aa : KVM: svm: unconditionally intercept #DB <Paolo Bonzini> 5 months ago
e1b6c3c : KVM: x86: work around infinite loop in microcode when #AC is delivered <Eric Northup> 5 months ago
59c8392 : ipv6: addrconf: validate new MTU before applying it <Marcelo Leitner> 1 year, 2 months ago
9793b7b : KEYS: Fix crash when attempt to garbage collect an uninstantiated keyring <David Howells> 6 months ago
48ec02c : KEYS: Fix race between key destruction and finding a keyring by name <David Howells> 7 months ago
04d6387 : USB: whiteheat: fix potential null-deref at probe <Johan Hovold> 7 months ago
a1c3860 : ppp, slip: Validate VJ compression slot parameters completely <Ben Hutchings> 6 months ago
76e4831 : isdn_ppp: Add checks for allocation failure in isdn_ppp_open() <Ben Hutchings> 6 months ago
3546498 : virtio-net: drop NETIF_F_FRAGLIST <Jason Wang> 8 months ago
26aa430 : sg_start_req(): make sure that there's not too many elements in iovec <Al Viro> 1 year, 1 month ago
4ee85da : RDS: fix race condition when sending a message on unbound socket <Quentin Casasnovas> 5 months ago
473d720 : RDS: verify the underlying transport exists before creating a connection <Sasha Levin> 7 months ago
39f7979 : net: add validation for the socket syscall protocol argument <Hannes Frederic Sowa> 4 months ago
0cf0ae3 : pptp: verify sockaddr_len in pptp_bind() and pptp_connect() <WANG Cong> 4 months ago
ec54d5a : unix: avoid use-after-free in ep_remove_wait_queue <Rainer Weikusat> 5 months ago
44b2ffc : Revert "usb: dwc3: Reset the transfer resource index on SET_INTERFACE" <Zefan Li> 6 weeks ago
1f2a65a : sctp: donot reset the overall_error_count in SHUTDOWN_RECEIVE state <lucien> 8 months ago
0ddb79b : net: Fix RCU splat in af_key <David Ahern> 8 months ago
cc45692 : ipc,sem: fix use after free on IPC_RMID after a task using same semaphore set exits <Herton R. Krzesinski> 8 months ago
1d275d9 : EDAC, ppc4xx: Access mci->csrows array elements properly <Michael Walle> 9 months ago
334b3bb : libfc: Fix fc_fcp_cleanup_each_cmd() <Bart Van Assche> 10 months ago
0adcec6 : libiscsi: Fix host busy blocking during connection teardown <John Soni Jose> 10 months ago
f738306 : dm btree: add ref counting ops for the leaves of top level btrees <Joe Thornber> 8 months ago
bd1bdbe : localmodconfig: Use Kbuild files too <Richard Weinberger> 9 months ago
8a12aac : x86/ldt: Correct FPU emulation access to LDT <Juergen Gross> 8 months ago
fbe750b : x86/ldt: Correct LDT access in single stepping logic <Juergen Gross> 8 months ago
bcbcff7 : ocfs2: fix BUG in ocfs2_downconvert_thread_do_work() <Joseph Qi> 8 months ago
73619ea : MIPS: Make set_pte() SMP safe. <David Daney> 9 months ago
40ba03f : perf: Fix fasync handling on inherited events <Peter Zijlstra> 10 months ago
d86129c : rds: fix an integer overflow test in rds_info_getsockopt() <Dan Carpenter> 9 months ago
24e5a85 : xhci: fix off by one error in TRB DMA address boundary check <Mathias Nyman> 9 months ago
 
**** github:armani-dev/android_kernel_xiaomi_armani ****
d666b74 : msm: vidc: Make buffer validity checks stronger <Deva Ramasubramanian> 3 months ago
9dbe0bb : defconfig: msm8926: Enable CONFIG_NETFILTER_XT_TARGET_IDLETIMER <Ravinder Konka> 4 weeks ago
84aba3b : soc: qcom: bam_dmux: Use SPS hold mem flag <Rama Krishna Phani A> 11 months ago
4308ec3 : msm: sps: Handle low memory condition in SPS driver <Srinivasarao P> 5 weeks ago
c702aaa : mm: vmscan: fix the page state calculation in too_many_isolated <Vinayak Menon> 1 year, 4 months ago
2f25e5a : mm/vmscan.c: avoid possible deadlock caused by too_many_isolated() <Fengguang Wu> 3 years, 4 months ago
31ab7dc : mmc: fix host release issue after discard/flush operation <Pavan Anamula> 9 weeks ago
244bf38 : Revert "Revert "mmc: queue: use cached attributes of special requests"" <Pavan Anamula> 5 weeks ago
96afa97 : Revert "Revert "mmc: queue: exclude asynchronous transfer for special request"" <Pavan Anamula> 5 weeks ago
b01f6f9 : usb: host: xhci: Enable XHCI_SPURIOUS_SUCCESS for all  controllers with xhci 1.0 <George Cherian> 7 weeks ago
 
**** vanir:packages_apps_Bluetooth ****
f64343e : hdp: do not return a null value when hdp interface unavailable <Arnav Gupta> 9 weeks ago
 
**** cm:CyanogenMod/android_packages_apps_Calendar ****
1dbb27e : Fix alerts in doze mode <niks255> 3 days ago
 
**** vanir:packages_apps_CarrierConfig ****
426a0d0 : Telefonica MMS Max sending limit files Added <jaffersulaiman> 2 days ago
 
**** vanir:packages_apps_Dialer ****
dcc7560 : Remove superfluous method parameter. <Danny Baumann> 15 hours ago
f222cf9 : InCallMetrics: null check our content resolver query <Stephen Bird> 28 hours ago
9e8a087 : Dialer: Customize features for regional package <kaiyiz> 1 year, 7 months ago
 
**** vanir:packages_apps_InCallUI ****
b63eca0 : InCallUI: add LookupProvider and VoLTE to landscape layout <Michael Gernoth> 32 hours ago
 
**** cm:CyanogenMod/android_packages_apps_Messaging ****
369448c : Improve priority string <Michael Bestas> 10 hours ago
 
**** vanir:packages_apps_Settings ****
fd77274 : Settings: use the actual user id to set pattern size <Scott Mertz> 21 hours ago
ef3407c : Setting: Disable WPS Push Button/Pin Entry when WiFi is disabled <tao.pei> 3 weeks ago
5eff3e8 : SpamList: Set correct color & remove text from notifications menu item <LuK1337> 6 days ago
 
**** cm:CyanogenMod/android_packages_apps_Snap ****
57799db : Snap: Improve focusing <Steve Kondik> 7 weeks ago
 
**** cm:CyanogenMod/android_packages_apps_Trebuchet ****
c14b404 : Trebuchet: Always cancel any pending dim animations <cretin45> 3 hours ago
95d1934 : avoid NPE <Marcos Marado> 9 hours ago
5e5f825 : Trebuchet: Don't crash when AppWidgetService is unavailable <cretin45> 26 hours ago
 
**** vanir:packages_providers_ContactsProvider ****
a629c55 : ContactsProvider: Fix polyphones in Chinese. <YuanQY> 2 years, 7 months ago
 
**** cm:CyanogenMod/android_packages_providers_ThemesProvider ****
b5f8923 : Update controls preview to properly render themed assets. <Dave Kover> 25 hours ago
 
**** cm:CyanogenMod/android_prebuilts_cmsdk ****
51938bd : cmsdk: Bump for initial SNAPSHOT for release artifact. <Adnan Begovic> 27 hours ago
 
**** vanir:system_extras_su ****
d2c8eb2 : su: Fix crash due to invalid file descriptor <Steve Kondik> 30 hours ago
 
**** cm:CyanogenMod/cm_platform_sdk ****
62604cf : cmsdk: Exclude compiled 'cyanogenmod/library' java package. <Adnan Begovic> 31 hours ago
ad5e5d0 : Remove public default constructor from CMWeatherManager.RequestStatus [1/2] <Luis Vidal> 23 hours ago
b49885a : ExtViews: Pass input events to underlying Window <d34d> 23 hours ago
fe1812f : Weather API: Delegate the responsability of rejecting back to back requests [1/2] <Luis Vidal> 2 days ago
377fffc : Use temperature unit from CMSettings on weather update requests <Luis Vidal> 2 days ago
ed4d063 : Add WEATHER_TEMPERATURE_UNIT to CMSettings [1/2] <Luis Vidal> 2 days ago
10da08a : cmsdk: correct naming of THIRD_PARTY_KEYGUARD perm <d34d> 3 months ago
 
**** vanir:vendor_lge ****
8da9426 : g3: decommonize acdb blobs <bryan2894> 3 weeks ago
01c0d2e : g3: remove leftover libxml <bryan2894> 3 weeks ago
 
**** vanir:vendor_vanir ****
6f05066 : cm: Moving LiveDisplay to CMSDK <Steve Kondik> 2 weeks ago
 
