
**** vanir:bootable_recovery ****
46e4090 : imgdiff: skip spurious gzip headers in image files <David Riley> 3 weeks ago
 
**** samba:ccache.git ****
a7ab503 : Don't (try to) update manifest in readonly modes <Joel Rosdahl> 7 hours ago
8ef5d30 : Fix cppcheck warnings/suggestions <Joel Rosdahl> 32 hours ago
ba39741 : Add cppcheck Makefile target <Joel Rosdahl> 32 hours ago
 
**** cm:CyanogenMod/android_development ****
5225472 : gdbclient: fix adb output test <Scott Mertz> 6 days ago
87171a8 : gdbclient: fallback to $OUT if available <Scott Mertz> 6 days ago
 
**** cm:CyanogenMod/android_device_htc_msm8974-common ****
600dc94 : msm8974: Create widevine firmware links <Bruno Martins> 4 days ago
 
**** vanir:device_motorola_msm8226-common ****
b7ef707 : msm8226-common: We don't support EAP SIM, AKA, AKA' <LuK1337> 2 days ago
d2d38cf : msm8226-common: Update overlay <Gabriele M> 8 days ago
 
**** github:ashwinr64/android_device_oneplus_onyx ****
d105449 : onyx: Cleanup liblights <Arvind Mukund> 21 hours ago
edffa6f : onyx: Cleanup tree <Ashwin Ramesh> 21 hours ago
 
**** vanir:device_oppo_apq8064-common ****
bf5dd0c : Revert "apq8064: Enable Doze powersaving" <Christopher N. Hesse> 2 days ago
 
**** cm:CyanogenMod/android_device_oppo_find7 ****
f9436ad : find7: Enable LED brightness LibLights control <AdrianDC> 4 months ago
 
**** cm:CyanogenMod/android_device_oppo_msm8974-common ****
fe8ef1e : msm8974: Updates for new baseband release <Steve Kondik> 3 weeks ago
1c6f4ec : msm8974: LED brightness LibLights control <AdrianDC> 4 months ago
 
**** vanir:device_qcom_sepolicy ****
134a630 : msm8952: Label FRP partition <Ethan Chen> 17 hours ago
 
**** vanir:device_samsung_manta ****
96bcc9b : manta: Use half-resolution boot animation <Scott Warner> 13 hours ago
80edc24 : Revert "Change bootanimation size to 1440x814" <Scott Warner> 13 hours ago
ccfd15f : Remove obsolete video editor <Dhruv Paranjape> 2 days ago
d735138 : Remove Fuse stuff and obsolete symlinks <Dhruv Paranjape> 2 days ago
5c6c465 : Disable dalvik swap and set filter to speed <Dhruv Paranjape> 2 days ago
1eedf94 : Change bootanimation size to 1440x814 <Dhruv Paranjape> 2 days ago
0c2bb79 : Remove obsolete package torch and tag dalvik.gc.type-precise <Dhruv Paranjape> 2 days ago
c892f23 : manta: re-add support for legacy paths <Menno van Grinsven> 2 months ago
8bd7d85 : manta: make USB-OTG work :) <Menno van Grinsven> 2 months ago
547aa46 : Revert "Disable overlay options which arent present" <Dhruv Paranjape> 2 days ago
 
**** cm:CyanogenMod/android_device_sony_taoshan ****
9c17765 : taoshan: Update README.md for Marshmallow <Pranav Cherukupalli> 7 days ago
 
**** github:Team-Agni/vanir_cancro ****
f40a94d : Remove unneeded sepolicy crap <mr-tweaker> 2 days ago
 
**** cm:CyanogenMod/android_external_lz4 ****
7cb39f5 : lz4: Enable building with Android <Steve Kondik> 9 months ago
a30ee1b : Revert "lz4: Add Android.mk file to build as a host static library" <Humberto Borba> 3 months ago
 
**** cm:CyanogenMod/android_external_stagefright-plugins ****
4924fcb : stagefright-plugins: Protect against crash <Steve Kondik> 34 hours ago
f7c42ea : stagefright-plugins: Increase max video buffer size + count <Steve Kondik> 2 days ago
 
**** vanir:frameworks_av ****
38f51de : BatteryNotifier: Add missing log LOG_TAG <AdrianDC> 2 days ago
 
**** vanir:frameworks_base ****
d77070c : DndTile: Always open the detailed view <Thecrazyskull> 6 weeks ago
536d7223 : Settings: Don't attempt to forward writes from System -> Global. <Davis Mosenkovs> 10 months ago
3d4ced9 : NotificationManager: always restore identity on notification error <Roman Birg> 11 days ago
b13a7a0 : Add entry to copy VideoStop.ogg file to system image <Santhosh Kumar H E> 12 days ago
449be3f : statusbar: fix overlapping backgrounds when expanded <KhasMek> 5 days ago
2810d2d : ZenModePanel: Fix until next alarm missing from do not disturb <Evan Anderson> 7 days ago
9500061 : Themes: Expose hard code for themes in SystemUI <Bryan Owens> 5 days ago
40ccfd1 : Themes: Expose "Set Wallpaper" text color in wallpaper picker <Bryan Owens> 3 weeks ago
921d24a : Themes: Expose hard code for themes <Bryan Owens> 3 weeks ago
 
**** cm:CyanogenMod/android_hardware_intel_img_hwcomposer ****
767cc4e : Revert "Hwcomposer Moorefield: Return DummyDevice for TERTIARY display" <Christopher R. Palmer> 2 days ago
 
**** cm:CyanogenMod/android_hardware_qcom_display ****
844cca4 : Fix issues when building with Clang <Skrilax_CZ> 3 weeks ago
 
**** cm:CyanogenMod/android_hardware_qcom_media ****
e79efd8 : media: Fix issues when building with Clang <Steve Kondik> 9 weeks ago
 
**** vanir:hardware_samsung ****
222cff0 : Initial modemloader service <Christopher N. Hesse> 2 days ago
2140f1f : Add wifiloader <Andreas Schneider> 2 weeks ago
 
**** cm:CyanogenMod/android_hardware_ti_omap4 ****
7b565f6 : domx: add support for tuna <Ziyan> 29 hours ago
 
**** github:AICP/kernel_asus_grouper ****
02800b5 : grouper: Remove CIFS <Zipsnet> 31 hours ago
5111221 : cifs: Fix definition of module alias <Snuzzo> 2 months ago
 
**** cmold:android_kernel_lge_g3 ****
dca4f1c : hwmon: add LG adc changes <bryan2894> 2 days ago
78521db : i2c: add forgotten ifndef for MAX77819 <bryan2894> 2 days ago
 
**** vanir:kernel_lge_hammerhead ****
9e39333 : msm: camera: sensor: Change wait func to wait_for_completion_timeout <Rajesh Bondugula> 1 year, 9 months ago
 
**** github:ashwinr64/android_kernel_oneplus_onyx ****
763c71b : Linux 3.4.5 <Greg Kroah-Hartman> 3 years, 6 months ago
bb2b649 : ocfs2: fix NULL pointer dereference in __ocfs2_change_file_space() <Luis Henriques> 3 years, 6 months ago
7ad71f9 : memblock: free allocated memblock_reserved_regions later <Yinghai Lu> 3 years, 6 months ago
0fa627b : fs: ramfs: file-nommu: add SetPageUptodate() <Bob Liu> 3 years, 6 months ago
7a08b44 : mm, thp: abort compaction if migration page cannot be charged to memcg <David Rientjes> 3 years, 6 months ago
ae555e1 : drivers/rtc/rtc-mxc.c: fix irq enabled interrupts warning <Benoît Thébaudeau> 3 years, 6 months ago
a610466 : drivers/rtc/rtc-ab8500.c: use IRQF_ONESHOT when requesting a threaded IRQ <Lee Jones> 3 years, 6 months ago
0bf51a8 : drivers/rtc/rtc-spear.c: fix use-after-free in spear_rtc_remove() <Devendra Naga> 3 years, 6 months ago
0e343db : memory hotplug: fix invalid memory access caused by stale kswapd pointer <Jiang Liu> 3 years, 6 months ago
a2db97f : staging:iio:ad7606: Re-add missing scale attribute <Lars-Peter Clausen> 3 years, 7 months ago
d3f9402 : md/raid5: Do not add data_offset before call to is_badblock <majianpeng> 3 years, 7 months ago
0c4ad5c : mm: Hold a file reference in madvise_remove <Andy Lutomirski> 3 years, 6 months ago
c9bb51f : drm/i915: rip out the PM_IIR WARN <Daniel Vetter> 3 years, 6 months ago
a08fae6 : drm/i915: Refactor the deferred PM_IIR handling into a single function <Chris Wilson> 3 years, 9 months ago
2c07f25 : splice: fix racy pipe->buffers uses <Eric Dumazet> 3 years, 7 months ago
5318ede : net/wireless: ipw2x00: add supported cipher suites to wiphy initialization <Stanislav Yakovlev> 3 years, 9 months ago
6d0535e : macvtap: zerocopy: validate vectors before building skb <Jason Wang> 3 years, 8 months ago
21359ac : rtl8187: ->brightness_set can not sleep <Stanislaw Gruszka> 3 years, 8 months ago
acf8fbd : thp: avoid atomic64_read in pmd_read_atomic for 32bit PAE <Andrea Arcangeli> 3 years, 6 months ago
ff99851 : mm: pmd_read_atomic: fix 32bit PAE pmd walk vs pmd_populate SMP race condition <Andrea Arcangeli> 3 years, 7 months ago
e598292 : ath9k: fix panic caused by returning a descriptor we have queued for reuse <Tom Hughes> 3 years, 6 months ago
5250def : tg3: Apply short DMA frag workaround to 5906 <Matt Carlson> 3 years, 7 months ago
5bbbd74 : raid5: delayed stripe fix <Shaohua Li> 3 years, 6 months ago
c412589 : gspca-core: Fix buffers staying in queued state after a stream_off <Hans de Goede> 3 years, 6 months ago
445006d : mwifiex: fix wrong return values in add_virtual_intf() error cases <Bing Zhao> 3 years, 6 months ago
4943d9c : tracing: change CPU ring buffer state from tracing_cpumask <Vaibhav Nagarnaik> 3 years, 8 months ago
dbb3e10 : iwlwifi: remove log_event debugfs file debugging is disabled <Johannes Berg> 3 years, 7 months ago
bf2370f : mac80211: fix queues stuck issue with HT bandwidth change <Johannes Berg> 3 years, 6 months ago
f183282 : NFS: hard-code init_net for NFS callback transports <Stanislav Kinsbursky> 3 years, 6 months ago
ee92389 : SUNRPC: move per-net operations from svc_destroy() <Stanislav Kinsbursky> 3 years, 6 months ago
1076241 : SUNRPC: new svc_bind() routine introduced <Stanislav Kinsbursky> 3 years, 6 months ago
0bbc9d1 : Lockd: pass network namespace to creation and destruction routines <Stanislav Kinsbursky> 3 years, 6 months ago
0e924ae : ipheth: add support for iPad <Davide Gerhard> 3 years, 6 months ago
0659cf9d : PCI: EHCI: fix crash during suspend on ASUS computers <Alan Stern> 3 years, 6 months ago
b62d32b : xhci: Fix hang on back-to-back Set TR Deq Ptr commands. <Sarah Sharp> 3 years, 6 months ago
e171ce5 : usb: Add support for root hub port status CAS <Stanislaw Ledwon> 3 years, 7 months ago
9da79f9 : USB: option: Add MEDIATEK product ids <Gaosen Zhang> 3 years, 6 months ago
62e4449 : USB: option: add ZTE MF60 <Bjørn Mork> 3 years, 6 months ago
b80f6db : USB: cdc-wdm: fix lockup on error in wdm_read <Bjørn Mork> 3 years, 6 months ago
b46b5ba : USB: metro-usb: fix tty_flip_buffer_push use <Johan Hovold> 3 years, 6 months ago
d63d398 : ACPI / PM: Leave Bus Master Arbitration enabled for suspend/resume <Jonathan Nieder> 3 years, 6 months ago
76c6b95 : SCSI: libsas: fix taskfile corruption in sas_ata_qc_fill_rtf <Dan Williams> 3 years, 6 months ago
5a89aae : SCSI: Fix NULL dereferences in scsi_cmd_to_driver <Mark Rustad> 3 years, 6 months ago
7c2c026 : ACPI / PM: Make acpi_pm_device_sleep_state() follow the specification <Rafael J. Wysocki> 3 years, 7 months ago
099fdda : HID: hid-multitouch: fix wrong protocol detection <Benjamin Tissoires> 3 years, 8 months ago
e831cf2 : e1000e: test for valid check_reset_block function pointer <Bruce Allan> 3 years, 7 months ago
f33f0ea : OMAPDSS: use DSI_FIFO_BUG workaround only for manual update displays <Tomi Valkeinen> 3 years, 8 months ago
757fcf2 : mm/memblock: fix overlapping allocation when doubling reserved array <Greg Pearson> 3 years, 6 months ago
6595865 : mm/memblock: fix memory leak on extending regions <Gavin Shan> 3 years, 7 months ago
40e0484 : mm/memblock: cleanup on duplicate VA/PA conversion <Gavin Shan> 3 years, 7 months ago
 
**** cmold:android_kernel_xiaomi_cancro ****
a5d34d9 : cancro: update defconfig <jrizzoli> 3 days ago
ce2d4d5 : Introduce Adreno idler for devfreq-based Adreno devices <arter97> 7 months ago
37c0302 : jbd2: avoid infinite loop when destroying aborted journal <Jan Kara> 5 months ago
2a28b6c : jbd2: fix ocfs2 corrupt when updating journal superblock fails <Joseph Qi> 7 months ago
361ae2e : jbd2: don't BUG but return ENOSPC if a handle runs out of space <Theodore Ts'o> 2 years, 1 month ago
c49cfd8b : jbd2: fix theoretical race in jbd2__journal_restart <Theodore Ts'o> 2 years, 6 months ago
35f57c6 : jbd2: fix use after free in jbd2_journal_dirty_metadata() <Jan Kara> 2 years, 10 months ago
bc83c29 : jbd2: don't write superblock when if its empty <Eric Sandeen> 3 years, 5 months ago
dc02d05 : ext4: don't retry file block mapping on bigalloc fs with non-extent file <Darrick J. Wong> 7 months ago
1851cbe : ext4: call sync_blockdev() before invalidate_bdev() in put_super() <Theodore Ts'o> 7 months ago
af68996 : ext4: fix race between truncate and __ext4_journalled_writepage() <Theodore Ts'o> 7 months ago
a6730ef : ext4: check for zero length extent explicitly <Eryu Guan> 8 months ago
b42cec7 : ext4: move check under lock scope to close a race. <Davide Italiano> 8 months ago
aa806b6 : debugfs: leave freeing a symlink body until inode eviction <Al Viro> 11 months ago
7571af9 : debugfs: debugfs_remove_recursive() must not rely on list_empty(d_subdirs) <Oleg Nesterov> 2 years, 5 months ago
2a0ad3e : block: update to BFQ-v7r8 squashed <jrizzoli> 3 days ago
50258ac : radio: iris: Fix the issue with hard mute IOCTL <Venkateshwarlu Domakonda> 1 year, 8 months ago
8dede43 : sound: add sound control to boost sound <jrizzoli> 3 days ago
 
**** cm:CyanogenMod/android_packages_apps_Camera2 ****
3b7e673 : CameraSettingsActivity: Handle NPE when storage preference is already removed <LuK1337> 14 hours ago
553ccb7 : Fix writing to external storage. <Danny Baumann> 6 weeks ago
16635f1 : Add Storage preference (1/2) <dcalandria> 8 months ago
 
**** cm:CyanogenMod/android_packages_apps_ContactsCommon ****
d3de2eb : Themes: Define back arrow tint color for themes <Bryan Owens> 3 weeks ago
 
**** cm:CyanogenMod/android_packages_apps_DeskClock ****
91ac9cb : DeskClock: Add back flip and shake actions <Wilhelm Fitzpatrick> 11 days ago
 
**** vanir:packages_apps_Settings ****
b6b6082 : Settings: Respect legacy quick pulldown row. <Adnan Begovic> 11 days ago
3c05b46 : settings: adds OVERRIDE_WIFI_CONFIG permission <Xuefer> 2 weeks ago
 
**** vanir:packages_services_Telephony ****
71af7ad : CDMA: Unknown is displayed for incoming call <Prasath Balakrishnan> 6 weeks ago
 
**** cm:CyanogenMod/android_prebuilts_cmsdk ****
16e8764 : prebuilts/cmsdk: Create preliminary dragon fruit api text. <Adnan Begovic> 11 days ago
 
**** vanir:system_core ****
57f1deb : Add vendor hook to handle_control_message <Aaron Kling> 3 days ago
 
**** cm:CyanogenMod/cm_platform_sdk ****
d1129cc : cmsdk: Also hide internal package from docs. <Adnan Begovic> 28 hours ago
9734639 : cmsdk: Fix quick pulldown settings, and unhide numerous system settings. <Adnan Begovic> 11 days ago
2d4d514 : cmsdk: Update current api text. <Adnan Begovic> 11 days ago
 
**** vanir:vendor_motorola ****
35af668 : victara: update blobs from M <Dan Pasanen> 7 weeks ago
 
**** vanir:vendor_vanir ****
f8c0598 : sepolicy: Allow minivold execute_no_trans <Matt Mower> 7 days ago
 
