
**** vanir:art ****
bc97168 : ART: make ART extension available only in 32bit for msm8996 <Scott Mertz> 4 months ago
fdbc583 : art: fix dex2oat watchdog timeout <Mustaavalkosta> 3 weeks ago
 
**** vanir:bootable_recovery ****
d66f66e : recovery: handle back button when navigating recovery logs <Scott Mertz> 29 hours ago
 
**** vanir:bootable_recovery_TWRP ****
9a561dd : partitions: Fix path based Find_Next_Storage <Matt Mower> 3 days ago
 
**** vanir:device_huawei_angler ****
95bd1bc : Attempt to boost headphone output <DHOMD> 3 hours ago
 
**** vanir:device_lge_g3-common ****
354f574 : init: restore permissions for vibrator <bryan2894> 20 hours ago
 
**** cm:CyanogenMod/android_device_lge_g4-common ****
31a8619 : g4-common: update partition sizes <Jake Whatley> 2 days ago
 
**** cm:CyanogenMod/android_device_lge_h811 ****
8e24d73 : h811: update partition sizes <codeworkx> 33 hours ago
 
**** cm:CyanogenMod/android_device_lge_h815 ****
28d40d6 : h815: update partition sizes <codeworkx> 33 hours ago
 
**** vanir:device_lge_hammerhead ****
6a9539e : hammerhead: f2fs support <kylon> 7 weeks ago
079c1a0 : Update props <Abhisek Devkota> 2 days ago
85f90dd : Revert "Revert "hammerhead: Update IPC router security configuration"" <Abhisek Devkota> 2 days ago
10ad92a : mpdecision policy and auditallow <Abhisek Devkota> 6 days ago
8db5e8e : Blobs for qseecomd <Abhisek Devkota> 6 days ago
e9e7581 : Fix sepolicy mis-merge issues <Abhisek Devkota> 6 days ago
fcbfc19 : Update props and extract <Abhisek Devkota> 6 days ago
2de3d02 : hammerhead: add androidboot.bootdevice <f14w3d> 1 year, 1 month ago
0d92136 : hammerhead: Use cyanogenmod_hammerhead_defconfig <Steve Kondik> 2 years, 2 months ago
49fcaae : Consolidate Recovery settings and add QCOM bits <Scott> 2 years, 4 months ago
0038f79 : Update dtb inline kernel <Danesh Mondegarian> 2 years, 4 months ago
c785636 : hammerhead: Use Snap camera <myfluxi> 7 weeks ago
d1b2fa8 : hammerhead: Cooler default colors <myfluxi> 3 months ago
354777c : hammerhead: Update overlay for PerformanceManager <Steve Kondik> 4 months ago
6427fa3 : hammerhead: Snap: Restart preview onPictureTaken <myfluxi> 7 weeks ago
8e878cc : Revert "hammerhead: Disable unknown overlays for now." <myfluxi> 4 months ago
758936e : hammerhead: Disable unknown overlays for now. <Adnan Begovic> 5 months ago
9897f1a : hammerhead: overlay: Move CDMA APN settings <myfluxi> 7 months ago
68ce801 : Add hardware key overlays <elektroschmock> 1 year, 2 months ago
3b6bead : Enable multicolor lights cm settings <Sam Mortimer> 1 year, 3 months ago
a4984ae : hh: Temp disable a few things in overlay for bringup <Steve Kondik> 1 year, 4 months ago
472cfca : hammerhead: Use CM default overlays <Lorenzo M> 1 year, 10 months ago
3a51976 : hammerhead: add charging led support <Sam Mortimer> 2 years, 2 months ago
37a1880 : hammerheadcaf: Update CM hardware for PPC and LiveDisplay <myfluxi> 12 months ago
fd6ff21 : Squash cmhw controls for kcal and vibrator <Lorenzo M> 1 year, 3 months ago
e75df90 : hammerhead: Remove deprecated USB OTG property <myfluxi> 5 months ago
73ad6ea : Needed for proper CDMA carrier display when not on LTE <Jeremy Martin> 10 months ago
b1a6038 : msm8974: Don't need to copy FFMPEG config anymore <Steve Kondik> 8 months ago
fa42f52 : hammerhead: Fix typo <Elektroschmock> 9 months ago
32e9e8c : hammerhead: set persist.sys.isUsbOtgEnabled to enable USB storage. <Clyde Tan> 1 year, 2 months ago
924468e : hammerhead: Enable tethering <dhacker29> 1 year, 2 months ago
46b1593 : hammerhead: Include FFMPEG codec configuration <myfluxi> 1 year, 3 months ago
0a57dc9 : hammerhead: Audio update <myfluxi> 1 year, 3 months ago
478df78 : Add kernel dependency <Danesh Mondegarian> 2 years, 3 months ago
92ecb16 : hammerhead: Update fingerprint for MMB29Q <aexon> 3 weeks ago
bb50386 : hammerhead: Use halfres boot animation <myfluxi> 1 year, 1 month ago
9b28fdb : Remove gsm.mk since its no-op and reset PRODUCT_MODEL as its overriden <Danesh Mondegarian> 2 years, 4 months ago
a0e1802 : Fix product name <Danesh Mondegarian> 2 years, 4 months ago
cb13737 : Cmify <Danesh Mondegarian> 2 years, 4 months ago
 
**** vanir:device_motorola_falcon ****
8eb8690 : falcon: Increase headphone output gain <Gabriele M> 8 hours ago
 
**** vanir:device_oneplus_bacon ****
4931758 : Revert "bacon: Add USB charging mode" <Michael Bestas> 31 hours ago
62396ba : bacon: Turn button backlight on in recovery <Pat Erley> 31 hours ago
 
**** vanir:device_oppo_common ****
7c014d6 : common: setup node prefs on cmhw initialization <Roman Birg> 35 hours ago
 
**** cm:CyanogenMod/android_external_ffmpeg ****
ea5478c : fix invalid linked for target atom , move x86-atom to atom <artefvck> 3 weeks ago
 
**** vanir:frameworks_av ****
c5fa90a : audio: omx encoder isn't expected for raw recording <Weiyin Jiang> 1 year, 3 months ago
 
**** vanir:frameworks_base ****
99b7ddc : FullBackup: Add handling for shared storage <Pat Erley> 7 days ago
cb57a31 : Show correct pinning message for accessibility <Danesh M> 6 hours ago
49ff3c4 : Show correct pinning message without navbar <Danesh M> 8 hours ago
6fc672d : NotificationPanelView : Fix incorrect panel translation <Danesh M> 2 days ago
9c1b730 : SystemUI: reset tile page after inactivity <Roman Birg> 10 hours ago
5dc4887 : Performance Optimization: Align texture dirty rect <ywen> 11 days ago
c65b3f2 : When the device boots up, netd works more than required <Soi, Yoshinari> 9 weeks ago
d218a20 : When the device boots up, netd works more than required <Soi, Yoshinari> 9 weeks ago
93e2a44 : Performance Optimization: Align texture dirty rect <ywen> 11 days ago
d347973 : SharedStorageAgent: fix off by 1 <Pat Erley> 2 days ago
9028e65 : Alarm: Support devices using timerfd without CLOCK_POWEROFF_ALARM <Keith Mok> 2 days ago
69f8fca : Revert "Alarm: Don't use invalid timerfd alarm types" <Keith Mok> 2 days ago
1291c93 : ActivityManager : Remove POWER_OFF_ALARM_MODE HOME_KEY button override <Danesh M> 3 days ago
 
**** cm:CyanogenMod/android_hardware_qcom_audio ****
b73a764 : audio: Extend platform parser to allow device name aliasing <Ethan Chen> 1 year, 6 months ago
64387ed : hal: Fix voice call recording <solk2> 1 year, 6 months ago
91c7d6b : hal: Fix digital USB headset combo device <Steve Kondik> 1 year, 6 months ago
be6fdfc : hal: Clean up compilation warnings <Steve Kondik> 1 year, 3 months ago
13ba1b4 : hal: Add support for audio amplifier HAL <Ethan Chen> 2 years, 9 months ago
381b7a0 : audio: Configure CM default feature set <Steve Kondik> 1 year, 3 months ago
b25084a : hal: Allow building hardware audio encoders <Arne Coucheron> 1 year, 1 month ago
f48de3d : audio: Use project pathmap <Ethan Chen> 9 weeks ago
1362fc7 : audio: Only allow non-legacy HAL <Ethan Chen> 9 weeks ago
b5b6d33 : hal: Update format table with AAC ADTS formats. <Ashish Jain> 3 months ago
102616d : HAL: Identify the track offload session <Sharad Sangle> 3 months ago
d7eaf2b : HAL: Identify Track offload session <Alexy Joseph> 3 months ago
8c21ad7 : Merge DAX2 changes <Gao Jie> 4 months ago
12467a1 : hal: Use AUDIO_TX_MONO_COPP topology for incall record usecases <Karthik Reddy Katta> 4 months ago
 
**** cm:CyanogenMod/android_hardware_qcom_display ****
a74edfb : hwc: Remove references to display-frameworks <Ethan Chen> 7 weeks ago
c7cce05 : hwc: Fix compile errors after display-frameworks removal <Arne Coucheron> 7 weeks ago
b375570 : hwc: Support for QDCM Preference when PU enabled <Nitesh Gupta> 9 weeks ago
cc1ec84 : hwc: Set ioprio for vsync thread <Steve Kondik> 5 months ago
7516867 : Don't build lights module if vendor supplies it <Steve Kondik> 1 year, 4 months ago
730d245 : Revert "hqd: Use MSM_VIDC_TARGET_LIST for Venus color format" <Ethan Chen> 9 weeks ago
bc1215a : display: Use project pathmap <Ethan Chen> 1 year, 4 months ago
c324d73 : hwc: Set DefaultMode after bootup completion <Ramakant Singh> 3 months ago
8a6e7c9 : gralloc: Add a private flag for INTERNAL only <Arun Kumar K.R> 6 months ago
394c830 : hwc: Donot update dynamic-fps when device is not active <Ramakant Singh> 4 months ago
8f21571 : hwc: Do not wait for MDSS fence for layers with rotation <Dileep Kumar Reddi> 5 months ago
d2c5ca0 : hwc: Start with ROI set to destination <Arun Kumar K.R> 4 months ago
9ef4d8c : hwc: Set minfps as part of timeout_handler during idlefallback <Ramakant Singh> 5 months ago
0d616ba : Revert "hwc: Relax format change restrictions for certain targets" <Dileep Kumar Reddi> 5 months ago
213ead5 : Default flexible YUV format to NV21 <Tanmaya Godbole> 6 months ago
ed75fdb : hwc: Reset refresh-rate for few cases as part of timeout handler <Dileep Kumar Reddi> 5 months ago
56ed396 : gralloc: Add support for PRIV_FLAGS_DISP_CONSUMER <Surajit Podder> 8 months ago
a2d5295 : hwc: Support ActionSafe on targets with non-scaling RGB pipes. <Sandeep Panda> 6 months ago
248378d : gralloc: Use adreno_utils api for NV21 and NV12 alignment <Sushil Chauhan> 6 months ago
037d21d : hwc: Use basePipe for fullscreen and opaque layer <Pullakavi Srinivas> 6 months ago
77ec4ef : gralloc: Modify check for uncompressed RGB buffers <Naomi Luis> 6 months ago
449fbe0 : hwc: Use aligned width and height <Dileep Kumar Reddi> 6 months ago
02dbc50 : Revert "HWC: use aligned width and height for rearranging ROI" <Dileep Kumar Reddi> 6 months ago
cd7217a : hwc: Support ActionSafe on targets with non-scaling RGB pipes. <Sandeep Panda> 6 months ago
eed742d : overlay: add tertiary display definition in overlay <Vinu Deokaran> 6 months ago
a029479 : hwc: Validate display ID in hwc interface <Arun Kumar K.R> 6 months ago
09441c1 : gralloc: Add missing changes related to RAW16 <Raj Kamal> 7 months ago
7ea10c5 : hwc: Use basePipe for fullscreen and opaque layer <Pullakavi Srinivas> 6 months ago
c039f6e : hwc: Use aligned width and height <Dileep Kumar Reddi> 6 months ago
60cbe72 : Revert "HWC: use aligned width and height for rearranging ROI" <Dileep Kumar Reddi> 6 months ago
2e918bf : hwc: Avoid idlefallback during video playback <Raj Kamal> 6 months ago
fbe5a60 : HWC: use aligned width and height for rearranging ROI <Dileep Kumar Reddi> 6 months ago
597b313 : hwc: Featurize HWC_DISPLAY_SECURE <Raj Kamal> 6 months ago
eb4d7a6 : hwc: Use HWC_DISPLAY_NO_ATTRIBUTE as terminator. <Prabhanjan Kandula> 6 months ago
410ba7c : hwc : Normalize source crop before validating scaling limits. <Prabhanjan Kandula> 7 months ago
95fef31 : hwc: Relax format change restrictions for certain targets <Dileep Kumar Reddi> 6 months ago
42a1c98 : hwc: Changes for display-hal compilation with QTI_BSP enabled <Ramakant Singh> 7 months ago
c772eec : hwc: Do not use Borderfill pipe for composition in WFD <Dileep Kumar Reddi> 7 months ago
e5268fd : hwc/overlay: Pass handle w/h and crop w/h through fb_image field <Arun Kumar K.R> 7 months ago
5d39f02 : hwc: Log warning instead of mHDMIClient object not available <Dileep Kumar Reddi> 7 months ago
55b3489 : hwc: Ignore float-conversion for included headers <Naseer Ahmed> 7 months ago
82fe9c6 : hwc: Do not consider rotation for smart blit <Ramakant Singh> 7 months ago
dd689ff : hwc: Do not create idle invalidator for MDP3 targets <Dileep Kumar Reddi> 7 months ago
c58836b : hwc: Align ROI's width and height in both directions <Dileep Kumar Reddi> 7 months ago
19f2250 : hwc: Fix SF crash due to SIGSEGV error <Raj Kamal> 7 months ago
598dc49 : hwc: use surfaceDamage to calculate the dirtyrect as per HWC 1.5 <Arun Kumar K.R> 7 months ago
26959dc : hwc: Fix SF crash due to SIGSEGV error <Raj Kamal> 7 months ago
5bdafcd : hwc: Do not consider invalid dirty rect for calculation <Ramakant Singh> 7 months ago
58f6540 : hwc: Align ROI when PingPong Split is enabled <Dileep Kumar Reddi> 7 months ago
ea846c8 : hwc: bringup HDMI on 8976 <Dileep Kumar Reddi> 7 months ago
 
**** cm:CyanogenMod/android_hardware_qcom_keymaster ****
0919e4a : keymaster: add msm8909 into support list <Edward Wang> 2 days ago
 
**** cm:CyanogenMod/android_hardware_qcom_media ****
f0608db : Build mm-video-v4l2 on msm8909's <Marcos Marado> 4 months ago
 
**** cm:CyanogenMod/android_hardware_qcom_media ****
62f611d : Fix duplicated OMX.qcom.audio.decoder.aac entry <Keith Mok> 3 months ago
69d6d4b : media: Avoid collision with FFMPEG plugin <Steve Kondik> 9 weeks ago
610c356 : media: Use project pathmap <Ethan Chen> 9 weeks ago
dc1b1d4 : mm-video-v4l2: Unmap dropped output buffers <Surajit Podder> 3 months ago
78521c5 : Include kernel header dependency for libOmxVidcCommon <Divya Sharma> 3 months ago
f9c92f0 : mm-video-v4l2: vidc: venc: Fix hybrid HP layer count <Abdulla Anam> 4 months ago
a5dce41 : mm-video-v4l2: Enable get_param to check downscalar enablement <Surajit Podder> 4 months ago
e7743ae : mm-video-v4l2: venc: Add support to enhance hybrid Hier-p mode <Abdulla Anam> 4 months ago
75bc6a6 : mm-video-v4l2: vdec:  release buffer when qbuf to driver fails <Manikanta Kanamarlapudi> 4 months ago
cfeaf87 : mm-video-v4l2: Use client buffer header for FTB <Surajit Podder> 5 months ago
b6c736d : mm-video-v4l2: Disable intra refresh mode on msm8956/76 <Maheshwar Ajja> 4 months ago
a54c5d4 : mm-video-v4l2: vdec: fix fps issues in arbitrary mode <Ashray Kulkarni> 6 months ago
826ba8c : QCMetadata: add a new key for big buffers <Sidipotu Ashok> 5 months ago
ef3143a : QCMetadata: Add key for setBuffers API support <Manikanta Kanamarlapudi> 9 months ago
f178e8b : mm-video-v4l2: venc: support all I frame encoding usecase. <Abdulla Anam> 5 months ago
bcf4fa3 : libstagefrighthw: Add header guard to QComOMXMetadata.h and fix file perms <Deva Ramasubramanian> 5 months ago
e2d287f : mm-video-v4l2: vdec: streamoff while freeing first output buffer <Balamurugan Alagarsamy> 1 year, 2 months ago
f0fc3d0 : mm-video: Disable downscalar for non-display usecase <Surajit Podder> 8 months ago
0997c8a : mm-video: Enable HEVC software encoder OMX component. <Manikanta Sivapala> 5 months ago
8bb96de : mm-video_v4l2: pass crop nWidth and nHeight in reconfig event. <Abdulla Anam> 6 months ago
afb1469 : mm-video-v4l2: Fix downscalar issue <Surajit Podder> 5 months ago
269f6cd : mm-video-v4l2: Fix crash due to divide by zero <Surajit Podder> 5 months ago
c14558c : mm-video-v4l2: venc: initialize the member variables <Maheshwar Ajja> 5 months ago
99c2455 : mm-video-v4l2: vdec: Fix closing of file descriptor "0" <Deepak Kushwah> 6 months ago
b4d0e38 : mm-video-v4l2: venc: limit pixels value in input buffers. <Abdulla Anam> 6 months ago
1202ebd : mm-video_v4l2: pass crop nWidth and nHeight in reconfig event. <Abdulla Anam> 6 months ago
1fc82f0 : mm-video: Disable downscalar for non-display usecase <Surajit Podder> 8 months ago
6ecc67f : mm-core: update vpp related structures and enums. <Abdulla Anam> 6 months ago
56c0a51 : mm-video-v4l2: vidc: venc: fix CTS issues in vp8 encoder <Maheshwar Ajja> 6 months ago
1fe6770 : mm-core: update vpp related structures and enums. <Abdulla Anam> 6 months ago
a9c2410 : mm-video: Set correct color format to driver <Surajit Podder> 7 months ago
f2fa16b : mm-video-v4l2: vidc: venc: enable low latency mode <Maheshwar Ajja> 6 months ago
79da148 : mm-video-v4l2: null check before pointer dereference <Abdulla Anam> 6 months ago
a66ec1f : audio: Fix stale session opening of DSP audio decoder <Naresh Tanniru> 6 months ago
1171b44 : audio: Fix stale session opening of DSP audio decoder <Naresh Tanniru> 6 months ago
03f6533 : mm-video-v4l2: change variables used for reconfig height & width <Abdulla Anam> 6 months ago
6dc2004 : mm-video-v4l2: venc: Disable Bframes incase of UHD recording <Deepak Kushwah> 7 months ago
f493b73 : audio: Add support for new key kKeyByteMode <Manish Dewangan> 7 months ago
382b5b7 : mm-video-v4l2: video: add new extensions <Ashray Kulkarni> 10 months ago
b266f81 : mm-video-v4l2: venc: Add support for low latency mode <Maheshwar Ajja> 7 months ago
14c22a7 : mm-core: Add Skype extensions <Ashray Kulkarni> 10 months ago
f85c11c : mm-video-v4l2: Set IDR period for HEVC encoder <Surajit Podder> 7 months ago
16baeda : Revert "mm-video-v4l2: vidc: venc: Update color conversion decision" <Srinu Gorle> 7 months ago
fceb6d1 : mm-video-v4l2: video: Add support to enable Maxhierp layer <Deepak Kushwah> 7 months ago
6e3b671 : Revert "mm-video-v4l2: vidc: venc: Set V4L2_CID_MPEG_VIDC_SET_PERF_LEVEL control" <Deepak Kushwah> 7 months ago
970b439 : mm-video-v4l2: venc: close message pipes safely <Praveen Chavan> 10 months ago
5148806 : mm-video-v4l2: venc: report HW overload as insufficientResources <Praveen Chavan> 10 months ago
39fa84b : mm-video-v4l2: vdec: Handle empty EOS buffer <Praveen Chavan> 8 months ago
1e92b3c : mm-video-v4l2: venc: update allocation-size check for meta-buffer <Praveen Chavan> 7 months ago
b716acd : mm-video-v4l2: vidc: add support for setting operating-rate <Praveen Chavan> 10 months ago
 
**** cmold:android_kernel_lge_g3 ****
9c8ae008 : g3: enable CFG80211_ALLOW_RECONNECT for all variants <Hendrik Hagendorn> 32 hours ago
131559b : g3: enable CFG80211_INTERNAL_REGDB for all variants <Hendrik Hagendorn> 32 hours ago
1178915 : trace: prevent NULL pointer dereference <Kishor PK> 4 weeks ago
6c0f34b : msm: camera: Add NULL check in msm_actuator <Xu Han> 4 months ago
f76a68c : msm: perf: Protect buffer overflow due to malicious user <Swetha Chikkaboraiah> 4 weeks ago
64cba04 : qseecom: Register the existing app if it is loaded by appsbl. <Zhen Kong> 9 months ago
9c5310c : msm8226_defconfig: Enable NFLOG target support <Ravinder Konka> 5 weeks ago
17f8de2 : msm8226_defconfig: Enable NFLOG target support <Ravinder Konka> 5 weeks ago
1b3a408 : qseecom: Change to work with appsbl qseecom <Zhen Kong> 12 months ago
5b1b778 : Revert "mmc: queue: use cached attributes of special requests" <Pradosh Das> 5 weeks ago
b539895 : Revert "mmc: queue: exclude asynchronous transfer for special request" <Pradosh Das> 5 weeks ago
a0b8890 : Revert "mmc: queue: use cached attributes of special requests" <Pradosh Das> 5 weeks ago
95d90a5 : Revert "mmc: queue: exclude asynchronous transfer for special request" <Pradosh Das> 5 weeks ago
acb0cec : msm: vidc: initialize the session list when device initialized <Balamurugan Alagarsamy> 6 weeks ago
59155a7 : qseecom: Register the existing app if it is loaded by appsbl. <Zhen Kong> 9 months ago
0fe4ec3 : mmc: queue: use cached attributes of special requests <Asutosh Das> 3 months ago
e6ca25a : mmc: queue: exclude asynchronous transfer for special request <Seungwon Jeon> 3 years, 2 months ago
56d6264 : qseecom: Change to work with appsbl qseecom <Zhen Kong> 12 months ago
 
**** cmold:android_kernel_motorola_msm8610 ****
4b4db3e : arm/dts: moto-common: Fix out of bounds ibatsafe <Ravi Vembu> 11 months ago
67c5d34 : arm/dt: msm8610: Change the button thresholds <Robert Wiegand> 10 months ago
6c103134 : arm/dt: msm8610: correct touch reset and interrupt gpiomux <Sultan Qasim Khan> 20 hours ago
 
**** cmold:android_kernel_oneplus_msm8974 ****
6af667c : Revert "usb: gadget: Enable HID function for charging mode" <Michael Bestas> 3 days ago
310a962 : devfreq: Fix mismerge "backport MSM devfreq features from 3.10" <AdrianDC> 2 days ago
b7853d8 : timekeeping: fix 32-bit overflow in get_monotonic_boottime <Colin Cross> 2 years ago
9f86a45 : Revert "sched: Avoid throttle_cfs_rq() racing with period_timer stopping" <AdrianDC> 2 days ago
 
**** github:kernel-hut/android_kernel_xiaomi_cancro ****
63a8f07 : config:duplicate entry <audahadi> 35 hours ago
 
**** vanir:platform_manifest ****
7d40b20 : Kill Osprey <DHOMD> 27 hours ago
924968a : HTC One -- A9 <DHOMD> 27 hours ago
e812a32 : Use a V10 engine that compiles <DHOMD> 27 hours ago
 
**** cm:CyanogenMod/android_packages_apps_Contacts ****
13a402e : Trigger BlockContactHelper's resource clean-up <Rohit Yengisetty> 28 hours ago
 
**** cm:CyanogenMod/android_packages_apps_ContactsCommon ****
38d016c : Expose method to clean up resources in BlockContactHelper <Rohit Yengisetty> 29 hours ago
 
**** cm:CyanogenMod/android_packages_apps_Messaging ****
60ba9b6 : Fix photo url's inclusion in lookup-encoded-uri <Rohit Yengisetty> 28 hours ago
bbab6ea : Use a hash set to manage listeners in LookupProvider Manager <Rohit Yengisetty> 2 days ago
4582746 : Messaging: Fix some quick message ui issues <cretin45> 3 days ago
 
**** vanir:packages_apps_Settings ****
672db85 : Settings : Fix back button for sim card lock <Danesh M> 4 hours ago
38ae876 : Split out drawable to separate from dashboard drawable <Dave Kover> 2 days ago
84e68cf : Break out text color value from commonly used color. <Dave Kover> 3 days ago
e1a196a : PowerUsage : Don't update if profile didn't change <Danesh M> 9 days ago
 
**** vanir:system_core ****
f81fd9a : healthd: use timerfd if dev alarm not exist <Keith Mok> 3 days ago
 
**** cm:CyanogenMod/cm_platform_sdk ****
e3c9668 : cmsdk: send intent to intialize CMHW <Roman Birg> 35 hours ago
c2efaa7 : Uncomment out getHotwordPackageNameInternal impl <Matt Garnes> 2 days ago
 
**** commotio:commotio ****
8a1ceb4 : Grouper sized derppp <DHOMD> 21 minutes ago
01f5c7a : Find7 + s <DHOMD> 36 minutes ago
eacb1bc : Try removing a hack <DHOMD> 2 hours ago
30b502d : A9s for commotio <DHOMD> 3 hours ago
675d4e9 : Trimming the fat <DHOMD> 13 hours ago
 
**** vanir:vendor_htc ****
0f93ca6 : Staging for A9 models from Muppets <DHOMD> 27 hours ago
 
**** vanir:vendor_lge ****
cd861f0 : Hammerhead reset to M <Abhisek Devkota> 2 days ago
 
**** vanir:vendor_motorola ****
37901ea : Kill an Osprey <DHOMD> 27 hours ago
 
**** vanir:vendor_vanir ****
f1a3425 : Clean up some long depreciated stuff in grouper <DHOMD> 22 minutes ago
b3a0683 : Fixor the find7 + s <DHOMD> 35 minutes ago
3222790 : Fingerprint autopilot <nuclearmistake> 2 hours ago
76b888f : add yufone APN <Evan Widger> 30 hours ago
f4bc817 : run fingerprint matcher <nuclearmistake> 21 hours ago
dfd6be8 : 3 flavors of A9s <DHOMD> 26 hours ago
7636a86 : Last remains of osprey <DHOMD> 27 hours ago
1b18526 : recovery: Add new rule for sys.usb.ffs.ready <AdrianDC> 2 weeks ago
 
