
**** vanir:art ****
6817f4b : Build dex2oat without asan instrumentation. <Chih-Hung Hsieh> 10 days ago
1e30dc0 : Remove unnecessary std::move from test_dex_file_builder <Pirama Arumuga Nainar> 6 months ago
f68e902 : Remove unnecessary std::move from variant_map.h <Pirama Arumuga Nainar> 6 months ago
3c7f695 : Reduce sleep duration in SuspendAllDaemonThreads <Mathieu Chartier> 2 months ago
9d96bd6 : ART: Decrease dex2oat watchdog timeout <Andreas Gampe> 6 months ago
 
**** vanir:bootable_recovery_TWRP ****
a915ec4 : Fix RELINK of toybox for twrp <sndnvaps> 5 weeks ago
1e1fe4a : Fix year in NOTICE <Ethan Yonker> 2 days ago
b240f4a : gui: fix font scaling for zip themes <that> 6 days ago
c2dafbb : Change to dd for wiping crypto partitions <Ethan Yonker> 4 days ago
4745e89 : Finally update NOTICE file to contain GPL v3 <Ethan Yonker> 3 days ago
 
**** vanir:build ****
f4ec342 : Hacks <DHOMD> 6 months ago
078a4dc : qcom: Explicitly build the custom audio policy for legacy alsa <Arne Coucheron> 3 days ago
 
**** samba:ccache.git ****
d4f3ac7 : Adjust code as suggested by uncrustify <Joel Rosdahl> 3 days ago
6fa0748 : Enable some mod_full_* uncrustify options <Joel Rosdahl> 3 days ago
fac58f6 : Add note about keep_comments_cpp to NEWS <Joel Rosdahl> 3 days ago
268efb4 : Add a function test for keep preprocessor comments <Anders Björklund> 5 days ago
acc96bc : Add option to not discard comments in preprocessor <Anders Björklund> 6 days ago
 
**** vanir:device_asus_flo ****
c442317 : flo: Add F2FS support <Zhao Wei Liew> 8 days ago
 
**** cm:CyanogenMod/android_device_cyanogen_msm8916-common ****
1bc63b3 : msm8916-common: Move properties to system.prop <zwliew> 12 days ago
25d415a : msm8916: Set TARGET_KEYMASTER_WAIT_FOR_QSEE := true <TheStrix> 3 months ago
2686ccf : msm8916: Remove common adaptive LMK setting <Zhao Wei Liew> 8 weeks ago
 
**** cm:CyanogenMod/android_device_cyanogen_msm8939-common ****
d9c636c : msm8939: Enable per-process reclaim <Zhao Wei Liew> 12 days ago
118da8a : msm8939: Have keymaster wait for QSEE <Ethan Chen> 4 days ago
 
**** cm:CyanogenMod/android_device_htc_hiae-common ****
5a2a470 : hiae: Start pm-service later for encrypted use case <Ethan Chen> 3 days ago
6eb00b0 : hiae: Enable hardware disk encryption <Ethan Chen> 5 days ago
9b8596e : hiae: Use prebuilt keystore HAL <Ethan Chen> 4 days ago
 
**** cm:CyanogenMod/android_device_htc_hima-common ****
db0db72 : hima: remove qcmediaplayer <Dan Pasanen> 2 days ago
 
**** vanir:device_htc_msm8960-common ****
0a45554 : Revert "include: Add custom AudioSystemLegacy.h" <David Hays> 2 days ago
 
**** vanir:device_lge_bullhead ****
7ea5703 : bullhead: update fingerprint to MHC19J <Akhil Narang> 6 days ago
 
**** cm:CyanogenMod/android_device_lge_d855 ****
e8f7f2b : d855: Revert gps.conf to D855 21C and pick some changes from 30B <Hendrik Hagendorn> 3 days ago
 
**** vanir:device_lge_g3-common ****
d0a3507 : Revert "wcnss: update from D85530b" <Dan Pasanen> 3 days ago
be5b902 : g3: Revert GPS HAL to LA.BF.1.1.1-04310 <Hendrik Hagendorn> 3 days ago
c64a994 : g3: Update proprietary files <Hendrik Hagendorn> 3 days ago
17da85f : g3: hwaddrs: skip reading MAC from misc if blank <bryan2894> 5 days ago
 
**** cm:CyanogenMod/android_device_lge_g4-common ****
413c3a2 : g4: enable proximity check on wake <codeworkx> 2 days ago
 
**** cm:CyanogenMod/android_device_motorola_condor ****
5155d43 : Condor : Fix broken rotation <shubhmg> 3 days ago
 
**** vanir:device_motorola_omap4-common ****
332428e : Automatic translation import <Michael Bestas> 2 days ago
 
**** vanir:device_motorola_qcom-common ****
cf1a6a7 : Automatic translation import <Michael Bestas> 2 days ago
 
**** cm:CyanogenMod/android_device_motorola_victara ****
6057cff : Automatic translation import <Michael Bestas> 2 days ago
66497f7 : sepolicy: address a few denials <Dan Pasanen> 11 days ago
 
**** vanir:device_oppo_common ****
74dc991 : Automatic translation import <Michael Bestas> 2 days ago
c5e0b72 : keyhandler: Move tri state notification <Willi Ye> 6 months ago
 
**** vanir:device_qcom_common ****
30d3220 : power: msm8952: Handle POWER_HINT_INTERACTION <Steve Kondik> 7 days ago
 
**** cm:CyanogenMod/android_device_samsung_d2-common ****
06c4182 : Revert "ril: Fix data after reboot" <dcd> 4 days ago
 
**** cm:CyanogenMod/android_device_samsung_galaxys2-common ****
e8efd4c : galaxys2-common: commonize AdvancedDisplay [2/3] <Simon Shields> 2 days ago
 
**** github:Team-Agni/android_device_samsung_i9100 ****
72b2db8 : i9100: libsensors: use CLOCK_BOOTTIME, not CLOCK_MONOTONIC. <rINanDO> 7 days ago
 
**** vanir:device_samsung_klte-common ****
8a49523 : klte-common: Enable QC denoise in Snap by default <Matt Filetto> 29 hours ago
 
**** vanir:device_samsung_msm8960-common ****
5ef89c2 : Revert "include: Add custom AudioSystemLegacy.h" <Dave Daynard> 4 days ago
 
**** vanir:device_samsung_qcom-common ****
502b2c9 : Automatic translation import <Michael Bestas> 2 days ago
 
**** vanir:device_samsung_smdk4412-common ****
ad20de9 : smdk4412: drop AdvancedDisplay until it's re-merged <Simon Shields> 18 hours ago
cbb13c9 : smdk4412-common: commonize AdvancedDisplay [3/3] <Simon Shields> 2 days ago
 
**** cm:CyanogenMod/android_device_samsung_zero-common ****
9a05c56 : zero: Build seiren audio libraries <Brandon McAnsh> 10 days ago
 
**** cm:CyanogenMod/android_device_sony_nicki ****
a83d867 : nicki: Remove debugfs mounting <Steve Kondik> 6 days ago
145c63e : nicki: remove parcel symbols <RonGokhale> 17 hours ago
3932520 : nicki: decrease vmpressure min <James Hunt> 33 hours ago
eed3185 : Revert "include: Add custom AudioSystemLegacy.h" <RonGokhale> 2 days ago
401b2b8 : Revert "nicki: revert 'nicki: Use kitkat min-free value'" <RonGokhale> 6 days ago
 
**** cm:CyanogenMod/android_device_sony_taoshan ****
ec54948 : taoshan: Update sepolicy for M <Olivier Karasangabo> 4 months ago
b9cd574 : overlay: Use MONOTONIC instead of BOOTTIME for sensor timestamp <Arne Coucheron> 12 days ago
91b28a3 : remove video editor from media_profiles.xml <Chong Zhang> 10 months ago
47ae2ae : taoshan: Cleanup overlay <Olivier Karasangabo> 4 months ago
99f3f9a : taoshan: Use stlport <Olivier Karasangabo> 4 months ago
379cce5 : Revert "include: Add custom AudioSystemLegacy.h" <Olivier K> 35 hours ago
 
**** vanir:device_xiaomi_armani ****
ad9da87 : Revert "Revert "Disable offload hw audio effects"" <fefifofum> 4 days ago
a40f596 : wifi: use CAF paths and symlinks <fonz93> 7 days ago
afa8384 : Changes in power_profiles.xml <fefifofum> 8 days ago
 
**** cm:CyanogenMod/android_external_ffmpeg ****
f3bec54 : libavutil: fix old style function definition warnings <Arnav Gupta> 6 weeks ago
 
**** vanir:external_stagefright-plugins ****
ed03eec : Revert "stagefright-plugins: Protect against crash" <Keith Mok> 5 days ago
c32061c : stagefright-plugins: Fix memory leak <Keith Mok> 5 days ago
 
**** vanir:external_zlib ****
df42d71 : zlib: crc optimization for arm64 <Keith Mok> 2 weeks ago
 
**** vanir:frameworks_av ****
8c2e9d8 : audio: Remove LEGACY_ALSA_AUDIO ifdefs from AudioPolicyManager.cpp <Arne Coucheron> 3 days ago
 
**** vanir:frameworks_base ****
f2a9674 : Automatic translation import <Michael Bestas> 2 days ago
df301d4 : VolumeDialogController : Ignore inactive stream volume updates <Danesh M> 2 days ago
14b45bc : SystemUI: more consistent visualizer logic <Roman Birg> 2 days ago
e45d8f2 : SystemUI: fix crypt keeper race condition <Roman Birg> 6 months ago
7f4697c : Cast Tile: only scan while in detail view <Roman Birg> 5 days ago
01ba664 : Keyguard: Don't show keyguard if CryptKeeper enabled <d34d> 7 months ago
19c3a8c : Show icons of only background apps in Toasts <Marcel Dopita> 5 months ago
c1fcac6 : fw: Move externalCMServices declaration to external res package. <Adnan Begovic> 4 days ago
 
**** cm:CyanogenMod/android_frameworks_opt_hardware ****
232ae82 : hardware: make sure to declare hardware as feature. <Adnan Begovic> 5 days ago
 
**** vanir:frameworks_opt_net_wifi ****
8afb31b : WifiScanningService: Fix invalid offset error <Legrand Benjamin> 4 months ago
 
**** vanir:frameworks_opt_telephony ****
4131a3b : Add TD-SCDMA support <Venkat Ram Prakash Kotni> 3 years ago
 
**** vanir:frameworks_support ****
55a34ee : v4: Assign mDrawable before calling setBounds <d34d> 2 days ago
9ac291b : v4: Assign mDrawable before calling setBounds <d34d> 2 days ago
 
**** cm:CyanogenMod/android_hardware_libhardware_legacy ****
1f27ca8 : libhardware_legacy: Add MSM specific flags, devices and channels. <Pavan Chikkala> 1 year, 5 months ago
 
**** cm:CyanogenMod/android_hardware_qcom_audio ****
886c244 : hal: remove explicit direct pcm usecase <vivek mehta> 6 months ago
f6cd4f7 : hal: stop sound trigger buffering during close <Mingming Yin> 8 weeks ago
4fb2812 : hal: don't allow track offload if there's active sw effect <Weiyin Jiang> 4 weeks ago
bfe1cc3 : hal: Fix 44.1Khz playback when native support is not enabled <Amit Shekhar> 8 weeks ago
dc520bc : libaudiopolicymanager: DirectPCM: fix 44.1 clip playing noisy issue <vivek mehta> 4 months ago
b73a764 : audio: Extend platform parser to allow device name aliasing <Ethan Chen> 1 year, 6 months ago
64387ed : hal: Fix voice call recording <solk2> 1 year, 6 months ago
91c7d6b : hal: Fix digital USB headset combo device <Steve Kondik> 1 year, 7 months ago
be6fdfc : hal: Clean up compilation warnings <Steve Kondik> 1 year, 3 months ago
13ba1b4 : hal: Add support for audio amplifier HAL <Ethan Chen> 2 years, 10 months ago
381b7a0 : audio: Configure CM default feature set <Steve Kondik> 1 year, 3 months ago
b25084a : hal: Allow building hardware audio encoders <Arne Coucheron> 1 year, 2 months ago
f48de3d : audio: Use project pathmap <Ethan Chen> 3 months ago
1362fc7 : audio: Only allow non-legacy HAL <Ethan Chen> 3 months ago
b5b6d33 : hal: Update format table with AAC ADTS formats. <Ashish Jain> 4 months ago
102616d : HAL: Identify the track offload session <Sharad Sangle> 3 months ago
d7eaf2b : HAL: Identify Track offload session <Alexy Joseph> 4 months ago
8c21ad7 : Merge DAX2 changes <Gao Jie> 4 months ago
12467a1 : hal: Use AUDIO_TX_MONO_COPP topology for incall record usecases <Karthik Reddy Katta> 4 months ago
 
**** cm:CyanogenMod/android_hardware_qcom_audio ****
ef63860 : policy_hal: Always call local implementation of updateCallRouting <Arne Coucheron> 31 hours ago
fb3b822 : policy_hal: Add custom audio policy <Arne Coucheron> 5 days ago
c14bc2e : alsa_sound: Remove deprecated DEVICE_OUT_FM_TX <Arne Coucheron> 3 days ago
5b64515 : alsa_sound: Remove deprecated audio policy sources <Arne Coucheron> 10 days ago
27b310b : alsa_sound: Enable QCOM_PROXY_DEVICE_ENABLED by default <Arne Coucheron> 5 days ago
 
**** cm:CyanogenMod/android_hardware_qcom_audio ****
8e01786 : Revert "Force voice path when recording audio during call" <Scott Mertz> 3 days ago
 
**** cm:CyanogenMod/android_hardware_qcom_display ****
18143f2 : hwc: remove venus color format support for msm8909w <Sachin Bhayare> 5 weeks ago
59a8e48 : hwc: Do not set dynamic refresh rate when new composition is avoided <Nirmal Abraham> 9 weeks ago
 
**** cm:CyanogenMod/android_hardware_qcom_display ****
7b9a3a1 : hwc/overlay: Validate cursor position in hwc_setPositionAsync <Baldev Sahu> 3 weeks ago
4c401f0 : hwc: Fix sanitize ROI func <Ramakant Singh> 6 weeks ago
6dab9c9 : hwc: Apply Default Mode on real framework start <Sravan Kumar D.V.N> 6 weeks ago
732b9ac : qdutils: Correct the hwc-driver mismatch <Ramakant Singh> 7 weeks ago
f1e2905 : hwc: remove local constant DISPLAY_ATTRIBUTES list <Ramakant Singh> 7 weeks ago
a74edfb : hwc: Remove references to display-frameworks <Ethan Chen> 2 months ago
c7cce05 : hwc: Fix compile errors after display-frameworks removal <Arne Coucheron> 2 months ago
b375570 : hwc: Support for QDCM Preference when PU enabled <Nitesh Gupta> 3 months ago
cc1ec84 : hwc: Set ioprio for vsync thread <Steve Kondik> 6 months ago
7516867 : Don't build lights module if vendor supplies it <Steve Kondik> 1 year, 4 months ago
730d245 : Revert "hqd: Use MSM_VIDC_TARGET_LIST for Venus color format" <Ethan Chen> 3 months ago
bc1215a : display: Use project pathmap <Ethan Chen> 1 year, 4 months ago
c324d73 : hwc: Set DefaultMode after bootup completion <Ramakant Singh> 3 months ago
8a6e7c9 : gralloc: Add a private flag for INTERNAL only <Arun Kumar K.R> 7 months ago
394c830 : hwc: Donot update dynamic-fps when device is not active <Ramakant Singh> 5 months ago
8f21571 : hwc: Do not wait for MDSS fence for layers with rotation <Dileep Kumar Reddi> 5 months ago
d2c5ca0 : hwc: Start with ROI set to destination <Arun Kumar K.R> 5 months ago
9ef4d8c : hwc: Set minfps as part of timeout_handler during idlefallback <Ramakant Singh> 5 months ago
0d616ba : Revert "hwc: Relax format change restrictions for certain targets" <Dileep Kumar Reddi> 5 months ago
213ead5 : Default flexible YUV format to NV21 <Tanmaya Godbole> 7 months ago
ed75fdb : hwc: Reset refresh-rate for few cases as part of timeout handler <Dileep Kumar Reddi> 5 months ago
56ed396 : gralloc: Add support for PRIV_FLAGS_DISP_CONSUMER <Surajit Podder> 9 months ago
a2d5295 : hwc: Support ActionSafe on targets with non-scaling RGB pipes. <Sandeep Panda> 6 months ago
248378d : gralloc: Use adreno_utils api for NV21 and NV12 alignment <Sushil Chauhan> 7 months ago
037d21d : hwc: Use basePipe for fullscreen and opaque layer <Pullakavi Srinivas> 7 months ago
77ec4ef : gralloc: Modify check for uncompressed RGB buffers <Naomi Luis> 7 months ago
449fbe0 : hwc: Use aligned width and height <Dileep Kumar Reddi> 7 months ago
02dbc50 : Revert "HWC: use aligned width and height for rearranging ROI" <Dileep Kumar Reddi> 7 months ago
cd7217a : hwc: Support ActionSafe on targets with non-scaling RGB pipes. <Sandeep Panda> 6 months ago
eed742d : overlay: add tertiary display definition in overlay <Vinu Deokaran> 6 months ago
a029479 : hwc: Validate display ID in hwc interface <Arun Kumar K.R> 6 months ago
09441c1 : gralloc: Add missing changes related to RAW16 <Raj Kamal> 8 months ago
7ea10c5 : hwc: Use basePipe for fullscreen and opaque layer <Pullakavi Srinivas> 7 months ago
c039f6e : hwc: Use aligned width and height <Dileep Kumar Reddi> 7 months ago
60cbe72 : Revert "HWC: use aligned width and height for rearranging ROI" <Dileep Kumar Reddi> 7 months ago
2e918bf : hwc: Avoid idlefallback during video playback <Raj Kamal> 7 months ago
fbe5a60 : HWC: use aligned width and height for rearranging ROI <Dileep Kumar Reddi> 7 months ago
597b313 : hwc: Featurize HWC_DISPLAY_SECURE <Raj Kamal> 7 months ago
eb4d7a6 : hwc: Use HWC_DISPLAY_NO_ATTRIBUTE as terminator. <Prabhanjan Kandula> 7 months ago
410ba7c : hwc : Normalize source crop before validating scaling limits. <Prabhanjan Kandula> 7 months ago
95fef31 : hwc: Relax format change restrictions for certain targets <Dileep Kumar Reddi> 7 months ago
42a1c98 : hwc: Changes for display-hal compilation with QTI_BSP enabled <Ramakant Singh> 8 months ago
c772eec : hwc: Do not use Borderfill pipe for composition in WFD <Dileep Kumar Reddi> 7 months ago
e5268fd : hwc/overlay: Pass handle w/h and crop w/h through fb_image field <Arun Kumar K.R> 8 months ago
5d39f02 : hwc: Log warning instead of mHDMIClient object not available <Dileep Kumar Reddi> 7 months ago
55b3489 : hwc: Ignore float-conversion for included headers <Naseer Ahmed> 7 months ago
82fe9c6 : hwc: Do not consider rotation for smart blit <Ramakant Singh> 8 months ago
dd689ff : hwc: Do not create idle invalidator for MDP3 targets <Dileep Kumar Reddi> 8 months ago
c58836b : hwc: Align ROI's width and height in both directions <Dileep Kumar Reddi> 8 months ago
19f2250 : hwc: Fix SF crash due to SIGSEGV error <Raj Kamal> 8 months ago
 
**** cm:CyanogenMod/android_hardware_qcom_display ****
17f2d38 : Don't build lights module if vendor supplies it <Steve Kondik> 1 year, 4 months ago
420cc3a : msm8996: remove unused qcom features <Scott Mertz> 3 months ago
5bdcfa4 : Additional pathmap & build fixes <Scott Mertz> 3 months ago
e80bb52 : display: Use project pathmap <Ethan Chen> 1 year, 4 months ago
e04e869 : Remove usage of MASTER_SIDE_CP_TARGET_LIST <Scott Mertz> 3 months ago
3fd7d00 : Revert "hqd: Use MSM_VIDC_TARGET_LIST for Venus color format" <Scott Mertz> 3 months ago
99aa8ca : sdm: Fix uninitialized HWLayers object <Saurabh Shah> 4 months ago
572b2bf : sdm: Do not copy surfaceDamage rects for SKIP layers <Sushil Chauhan> 4 months ago
074314d : gralloc: Add support for PRIV_FLAGS_DISP_CONSUMER <Surajit Podder> 9 months ago
8f8f6c7 : sdm : Add support for dynamic BW limit management <Prabhanjan Kandula> 6 months ago
83a945b : libqdutils: Refer to standard definitions for display types. <Dileep Marchya> 4 months ago
f29ff14 : sdm: Fix buffer overflow <Manoj Kumar AVM> 4 months ago
99ef378 : sdm: HWDevice: Set correct HWDisplayMode <Arun Kumar K.R> 5 months ago
ddca4e7 : sdm: Remove unused function in rect utility <Manoj Kumar AVM> 5 months ago
8d22bad : sdm: Fix memory leaks. <Dileep Marchya> 4 months ago
1c3f9a3 : hwc: Handle SBM operation set for all layers <Saurabh Shah> 4 months ago
b8067a4 : qdMetadata: Use uint32_t instead of bool <Saurabh Shah> 4 months ago
a0db84b : sdm: hdmi: Set the default grayscale value to RGB888 <Tatenda Chipeperekwa> 5 months ago
e94e78c : sdm: Add bandwidth and clock members <Sushil Chauhan> 8 months ago
959863b : sdm: Update HWPanelInfo during primary resolution switch <Sushil Chauhan> 5 months ago
b8ecfbf : display: Enable clang for all display modules <Naseer Ahmed> 5 months ago
63e8c95 : sdm: Source crop top needs adjustment for interlaced <Sushil Chauhan> 5 months ago
f1c8357 : sdm: Remove closing of fd during Sync operations <Manoj Kumar AVM> 5 months ago
44e2be1 : sdm: Do not process blit configuration for zero app layers. <Dileep Marchya> 5 months ago
61ef29b : sdm: Add support for single buffer layers <Saurabh Shah> 5 months ago
a816961 : sdm: Use FB resolution for virtual display <radhakrishna> 5 months ago
a0394ad : qdMetaData: Remove unused metadata fields. <Arun Kumar K.R> 5 months ago
50ff0bb : sdm: Panel name retrieval support <Dileep Marchya> 5 months ago
95f8368 : gralloc/metadata: Add support for single buffer mode <Saurabh Shah> 5 months ago
d7131e6 : sdm: Add support for UBWC in C2D <radhakrishna> 5 months ago
67c1f90 : sdm: Allow draw cycle in doze state. <Dileep Marchya> 5 months ago
5fb6d40 : sdm: Perform GPU target layer validation. <Manoj Kumar AVM> 5 months ago
226646c : sdm: Populate correct WB index for virtual <radhakrishna> 5 months ago
3edaf83 : sdm: Read rotator capabilities from driver <radhakrishna> 6 months ago
492ab99 : sdm: Fix ROI and Split info in SF dumpsys <Sushil Chauhan> 5 months ago
a9fb396 : sdm: Remove buffer format validation from hwc wrapper. <Ramkumar Radhakrishnan> 5 months ago
76750f2 : sdm: Add support for YCbCr420 Semiplanar format <Ramkumar Radhakrishnan> 5 months ago
bddb952 : gralloc: Use only metadata for color space <Saurabh Shah> 6 months ago
4a31ec4 : sdm: Make premultiplied as default blending <Saurabh Shah> 5 months ago
e1f01dd : sdm: Flush after first successful commit only. <Dileep Marchya> 5 months ago
1a7e1f1 : sdm: Add support for IGC. <Dileep Marchya> 6 months ago
9b99074 : sdm: Fix memory leaks. <Dileep Marchya> 5 months ago
ec8fe35 : sdm: Fix HDMI & virtual display concurrency. <Dileep Marchya> 5 months ago
d433464 : sdm: Add interface to consider rotator during scaling validation. <Ramkumar Radhakrishnan> 6 months ago
a5b764f : sdm: Add support for minimum encryption level settings for HDCP. <Dileep Marchya> 5 months ago
55fe304 : sdm: Add SPD information for HDMI <Arun Kumar K.R> 6 months ago
06078aa : sdm: Acquire lock during hwcomposer module open and close <Ramkumar Radhakrishnan> 5 months ago
d169be9 : sdm: properly close all the fence Fds <Ping Li> 6 months ago
040a3d0 : sdm: hwc: SetRefreshRate before validate IOCTL <Arun Kumar K.R> 6 months ago
6e43f57 : sdm: Handle/set dynamic fps appropriately <Arun Kumar K.R> 6 months ago
 
**** cm:CyanogenMod/android_hardware_qcom_fm ****
cf1e7ae : Automatic translation import <Michael Bestas> 2 days ago
 
**** cm:CyanogenMod/android_hardware_qcom_media ****
3fa385a : Fix subdirectory inclusion on CM <dianlujitao> 2 days ago
1fd88aa : libc2dcolorconvert: Allow continued usage of unaligned YCbCr420P format <Ethan Chen> 3 days ago
57c26ef : mm-video: swvenc: update color format correctly <Manikanta Sivapala> 9 weeks ago
930785e : mm-video: swvenc: Update color format correctly <Manikanta Sivapala> 10 weeks ago
fce5bbf : mm-video-v4l2: vdec: Decrement semaphore count in error case. <vasantha> 5 weeks ago
16b2153 : mm-video: vidc: Make TS parser threadsafe <Deva Ramasubramanian> 1 year, 2 months ago
d22b80a : mm-video: Add opaque color format support to MPEG-4 SwVenc. <Manikanta Sivapala> 5 months ago
c82fed0 : libc2dcolorconvert: Modified stride and size calculation <c_sisanj> 10 months ago
d5c2800 : 8909w: Add ckeck to compile code for video <Mohammed Thasleem> 9 weeks ago
 
**** cm:CyanogenMod/android_hardware_qcom_media ****
ff3940f : mm-video-v4l2: Return correct level support for 8956 <Surajit Podder> 4 weeks ago
1fd6df0 : mm-video-v4l2: vidc: vdec: handle ftbs during reconfig and port disable <Abdulla Anam> 6 weeks ago
e9bacff : mm-video-v4l2: venc: check for null pointer <Maheshwar Ajja> 7 weeks ago
a699a13 : mm-video-v4l2: vdec: set 24 fps framerate for 4k clips <Deepak Kushwah> 9 weeks ago
bc9e191 : mm-video-v4l2: vidc: Fix race condition with msg thread fd close <Shalaj Jain> 4 months ago
a860362 : mm-video-v4l2: vidc: update thread names <Ashray Kulkarni> 8 months ago
8e66146 : mm-video-v4l2: Add support for prefer adaptive playback extension <Shalaj Jain> 8 months ago
41a5cfd : mm-video: Adjust stride value for planar format <Surajit Podder> 10 months ago
c40cf77 : mm-video: vidc: Reliably stop the message thread <Deepak Kushwah> 3 months ago
62f611d : Fix duplicated OMX.qcom.audio.decoder.aac entry <Keith Mok> 4 months ago
69d6d4b : media: Avoid collision with FFMPEG plugin <Steve Kondik> 3 months ago
610c356 : media: Use project pathmap <Ethan Chen> 3 months ago
dc1b1d4 : mm-video-v4l2: Unmap dropped output buffers <Surajit Podder> 3 months ago
78521c5 : Include kernel header dependency for libOmxVidcCommon <Divya Sharma> 4 months ago
f9c92f0 : mm-video-v4l2: vidc: venc: Fix hybrid HP layer count <Abdulla Anam> 5 months ago
a5dce41 : mm-video-v4l2: Enable get_param to check downscalar enablement <Surajit Podder> 5 months ago
e7743ae : mm-video-v4l2: venc: Add support to enhance hybrid Hier-p mode <Abdulla Anam> 5 months ago
75bc6a6 : mm-video-v4l2: vdec:  release buffer when qbuf to driver fails <Manikanta Kanamarlapudi> 5 months ago
cfeaf87 : mm-video-v4l2: Use client buffer header for FTB <Surajit Podder> 6 months ago
b6c736d : mm-video-v4l2: Disable intra refresh mode on msm8956/76 <Maheshwar Ajja> 5 months ago
a54c5d4 : mm-video-v4l2: vdec: fix fps issues in arbitrary mode <Ashray Kulkarni> 7 months ago
826ba8c : QCMetadata: add a new key for big buffers <Sidipotu Ashok> 6 months ago
ef3143a : QCMetadata: Add key for setBuffers API support <Manikanta Kanamarlapudi> 10 months ago
f178e8b : mm-video-v4l2: venc: support all I frame encoding usecase. <Abdulla Anam> 6 months ago
bcf4fa3 : libstagefrighthw: Add header guard to QComOMXMetadata.h and fix file perms <Deva Ramasubramanian> 6 months ago
e2d287f : mm-video-v4l2: vdec: streamoff while freeing first output buffer <Balamurugan Alagarsamy> 1 year, 3 months ago
f0fc3d0 : mm-video: Disable downscalar for non-display usecase <Surajit Podder> 9 months ago
0997c8a : mm-video: Enable HEVC software encoder OMX component. <Manikanta Sivapala> 6 months ago
8bb96de : mm-video_v4l2: pass crop nWidth and nHeight in reconfig event. <Abdulla Anam> 7 months ago
afb1469 : mm-video-v4l2: Fix downscalar issue <Surajit Podder> 6 months ago
269f6cd : mm-video-v4l2: Fix crash due to divide by zero <Surajit Podder> 6 months ago
c14558c : mm-video-v4l2: venc: initialize the member variables <Maheshwar Ajja> 6 months ago
99c2455 : mm-video-v4l2: vdec: Fix closing of file descriptor "0" <Deepak Kushwah> 6 months ago
b4d0e38 : mm-video-v4l2: venc: limit pixels value in input buffers. <Abdulla Anam> 6 months ago
1202ebd : mm-video_v4l2: pass crop nWidth and nHeight in reconfig event. <Abdulla Anam> 7 months ago
1fc82f0 : mm-video: Disable downscalar for non-display usecase <Surajit Podder> 9 months ago
6ecc67f : mm-core: update vpp related structures and enums. <Abdulla Anam> 7 months ago
56c0a51 : mm-video-v4l2: vidc: venc: fix CTS issues in vp8 encoder <Maheshwar Ajja> 7 months ago
1fe6770 : mm-core: update vpp related structures and enums. <Abdulla Anam> 7 months ago
a9c2410 : mm-video: Set correct color format to driver <Surajit Podder> 8 months ago
f2fa16b : mm-video-v4l2: vidc: venc: enable low latency mode <Maheshwar Ajja> 7 months ago
79da148 : mm-video-v4l2: null check before pointer dereference <Abdulla Anam> 7 months ago
a66ec1f : audio: Fix stale session opening of DSP audio decoder <Naresh Tanniru> 7 months ago
1171b44 : audio: Fix stale session opening of DSP audio decoder <Naresh Tanniru> 7 months ago
03f6533 : mm-video-v4l2: change variables used for reconfig height & width <Abdulla Anam> 7 months ago
6dc2004 : mm-video-v4l2: venc: Disable Bframes incase of UHD recording <Deepak Kushwah> 8 months ago
f493b73 : audio: Add support for new key kKeyByteMode <Manish Dewangan> 7 months ago
382b5b7 : mm-video-v4l2: video: add new extensions <Ashray Kulkarni> 10 months ago
b266f81 : mm-video-v4l2: venc: Add support for low latency mode <Maheshwar Ajja> 8 months ago
14c22a7 : mm-core: Add Skype extensions <Ashray Kulkarni> 10 months ago
 
**** cm:CyanogenMod/android_hardware_qcom_media ****
347b90c : libc2dcolorconvert: refer c2d header from display <Praveen Chavan> 1 year, 10 months ago
6316605 : vidc: Fix makefiles <Steve Kondik> 11 months ago
d84d430 : media: Avoid collision with FFMPEG plugin <Steve Kondik> 1 year, 10 months ago
8ba01d1 : media: Use project pathmap <Ethan Chen> 1 year, 1 month ago
be989ef : audio: Add entry for ALAC/APE software component <Preetam Singh Ranawat> 4 months ago
ab3e6cf : Include kernel header dependency for libOmxVidcCommon <Divya Sharma> 4 months ago
f5b8f20 : Include kernel header dependency for libOmxVidcCommon <Divya Sharma> 4 months ago
2266025 : mm-video-v4l2: vidc: Ensure async_message_thread always exits <Arun Menon> 4 months ago
b0d352b : media : Add Max CSD values for ALAC and APE <Preetam Singh Ranawat> 5 months ago
a04219f : mm-video-v4l2: vdec: skip enabling extn_user extradata for secure session <Srinu Gorle> 4 months ago
622d480 : mm-video-v4l2: vidc: Enhance VQZIP checks <Praneeth Paladugu> 7 months ago
2b5bd8a : mm-video-v4l2: vidc: venc: Fix input extradata issues <Praneeth Paladugu> 4 months ago
ce13944 : mm-video-v4l2: vidc: vdec: Add UBWC color format support <Srinu Gorle> 4 months ago
a725170 : mm-video: venc: Initialize m_graphicBufferSize <Deva Ramasubramanian> 4 months ago
8be933c : mm-video-v4l2: vidc: vdec: Add support for downscalar in component <Srinu Gorle> 10 months ago
c29ae31 : mm-video-v4l2: vidc: Fix race condition with msg thread fd close <Shalaj Jain> 4 months ago
6a50516 : mm-video-v4l2: vdec: Fix CTS issue with color coversion <Vinay Kalia> 4 months ago
ab08584 : mm-core: Add extensions for FRC <Vinay Kalia> 4 months ago
b12f245 : mm-video-v4l2: Handle async_message_thread error <Arun Menon> 4 months ago
9952fd8 : mm-core: Add secure component registry entry <Vikash Garodia> 4 months ago
8d855cc : mm-video: common: update OmxVidcCommon dependency list <Srinu Gorle> 4 months ago
3c3fe6c : mm-video-v4l2: vdec: Change preferred color format default order <Arun Menon> 4 months ago
c73daac : mm-video-v4l2: Add registry entry for openmax components. <Vikash Garodia> 5 months ago
bcb448c : mm-video: swvdec: Add SwVdec registry entries for 8937. <Manikanta Sivapala> 5 months ago
e592d0a : mm-video: swvdec: Add SwVdec OMX component. <Manikanta Sivapala> 5 months ago
41cf898 : mm-core: Update the correct instance index for storing VPP handle <Praneeth Paladugu> 5 months ago
c8827e2 : mm-video-v4l2: vidc: Allocate secure bitstream buffers from CMA <Shalaj Jain> 5 months ago
cf6d469 : mm-video: vidc: Fully drainbuffers from the driver if batch not complete <Deva Ramasubramanian> 5 months ago
093280d : mm-core: Unload the component library after the session is done <Praneeth Paladugu> 5 months ago
45267c8 : Remove msm8937 due to missing HY11 rule <Naveen Kumar> 5 months ago
fb36868 : mm-video: venc: Revert Venus native support for RGBA8888 <Deva Ramasubramanian> 5 months ago
1c7b346 : mm-video: swvenc: Add pure virtual functions. <Manikanta Sivapala> 5 months ago
0ec71b0 : mm-video: Add extensions to enable and configure ROI QP info <Vinay Kalia> 6 months ago
db88209 : audio: remove duplicate instances of aac decoder <Mingming Yin> 5 months ago
b04a903 : mm-video-v4l2: vdec: Fix a bug with C2D and DROPPED_FRAME <Vinay Kalia> 5 months ago
183f501 : mm-video-v4l2: vidc: Add null checks in async_message_process <Arun Menon> 5 months ago
fbdcaba : mm-video-v4l2: Add support for VP9 secure decoder <Shalaj Jain> 8 months ago
a935f80 : mm-video: swvenc: Add SwVenc registry entries for 8937. <Manikanta Sivapala> 5 months ago
f3f1e00 : QCMetadata: add a new key for big buffers <Sidipotu Ashok> 6 months ago
be1c0e3 : mm-video: vidc: Adjust performance level only after STREAMON <Deva Ramasubramanian> 5 months ago
6f6f5fb : mm-video-v4l2: vidc: venc: Fix hybrid HP layer count <Ashray Kulkarni> 5 months ago
144b092 : mm-video: venc: Get rid of PREPARE_BUF on input port <Vinay Kalia> 5 months ago
431e6b1 : mm-video-v4l2: vdec: fix fps issues in arbitrary mode <Ashray Kulkarni> 7 months ago
edd1b09 : mm-video-v4l2: vidc: vdec: Put decoder sessions in TURBO <Praneeth Paladugu> 8 months ago
07a4eca : libc2dcolorconvert: Fix height alignment issue with RGBA formats <Rajesh Sastrula> 5 months ago
c826460 : mm-video-v4l2: venc: Add support to enhance hybrid Hier-p mode <Ashray Kulkarni> 8 months ago
c08fc90 : mm-core: Add registry entry for titanium <Srinu Gorle> 5 months ago
94af4ea : mm-video: Add opaque color format support to MPEG-4 SwVenc. <Manikanta Sivapala> 5 months ago
f4e1426 : mm-video-v4l2: Do not send error to client once in loaded state <Shalaj Jain> 6 months ago
bf75c1c : mm-video-v4l2: vdec: Add range check before native_buffer usage <Arun Menon> 6 months ago
 
**** cm:CyanogenMod/android_hardware_samsung_slsi-cm_exynos ****
c7e1032 : libdisplay: Fix string header inclusion <Ethan Chen> 33 hours ago
 
**** cmold:android_kernel_google_msm ****
10f5ed1 : flo: defconfig, enable f2fs <David Marble> 5 days ago
bd85efc : f2fs: catch up to v4.4-rc1 <Jaegeuk Kim> 4 months ago
 
**** cmold:android_kernel_htc_msm8952 ****
18ff359 : sched: turn off the TTWU_QUEUE feature <Syed Rameez Mustafa> 8 months ago
f776580 : msm: mdss: dsi: ensure lanes are idle prior to ULPS entry <Aravind Venkateswaran> 7 weeks ago
05d08e5 : msm: mdss: dsi: validate ULPS config requests <Aravind Venkateswaran> 7 weeks ago
4591b13 : msm: mdss: dsi: fix dsi fifo underflow error status check <Veera Sundaram Sankaran> 7 weeks ago
61d4cbc : msm: mdss: trigger frame timeout when recovery is in progress <Dhaval Patel> 5 months ago
 
**** github:wyldstallyns/nighthawk_kernel_bullhead ****
b5a1d9b : Revert "ASoC: compress: Fix compress device direction check" <Forrest Marble> 7 weeks ago
34b6ce7 : Linux 3.10.101 <Greg Kroah-Hartman> 3 days ago
21851df : Revert: "crypto: af_alg - Disallow bind/setkey/... after accept(2)" <Greg Kroah-Hartman> 7 days ago
8a5c3f5 : modules: fix longstanding /proc/kallsyms vs module insertion race. <Rusty Russell> 7 weeks ago
63c70bd : lib/ucs2_string: Correct ucs2 -> utf8 conversion <Jason Andryuk> 5 weeks ago
6a804df : efi: Add pstore variables to the deletion whitelist <Matt Fleming> 5 weeks ago
ad2ba78 : efi: Make efivarfs entries immutable by default <Peter Jones> 6 weeks ago
0176202 : efi: Make our variable validation list include the guid <Peter Jones> 6 weeks ago
d39b114 : efi: Do variable name validation tests in utf8 <Peter Jones> 6 weeks ago
4a25618 : efi: Use ucs2_as_utf8 in efivarfs instead of open coding a bad version <Peter Jones> 6 weeks ago
2cfd085 : lib/ucs2_string: Add ucs2 -> utf8 helper functions <Peter Jones> 6 weeks ago
4a64fb6 : KVM: x86: move steal time initialization to vcpu entry time <Marcelo Tosatti> 5 months ago
702d100 : powerpc: Fix dedotify for binutils >= 2.26 <Andreas Schwab> 6 weeks ago
203e208 : mac80211: minstrel_ht: set default tx aggregation timeout to 0 <Felix Fietkau> 4 weeks ago
3ffea80 : mac80211: fix use of uninitialised values in RX aggregation <Chris Bainbridge> 7 weeks ago
7b32957 : wext: fix message delay/ordering <Johannes Berg> 8 weeks ago
a15f3aa : ASoC: wm8958: Fix enum ctl accesses in a wrong type <Takashi Iwai> 3 weeks ago
f0428c3 : ASoC: wm8994: Fix enum ctl accesses in a wrong type <Takashi Iwai> 3 weeks ago
c17a4cb : tracing: Fix check for cpu online when event is disabled <Steven Rostedt (Red Hat)> 10 days ago
8c9daac : KVM: VMX: disable PEBS before a guest entry <Radim Krčmář> 2 weeks ago
7272b3b : Linux 3.10.100 <Greg Kroah-Hartman> 10 days ago
743c156 : Revert "drm/radeon: hold reference to fences in radeon_sa_bo_new" <Greg Kroah-Hartman> 12 days ago
9522b55 : ubi: Fix out of bounds write in volume update code <Richard Weinberger> 4 weeks ago
2c0df60 : USB: serial: option: add support for Quectel UC20 <Yegor Yefremov> 3 weeks ago
93e5d16 : USB: serial: option: add support for Telit LE922 PID 0x1045 <Daniele Palmas> 3 weeks ago
36240d4 : USB: cp210x: Add ID for Parrot NMEA GPS Flight Recorder <Vittorio Alfieri> 3 weeks ago
14f9169 : ALSA: timer: Fix broken compat timer user status ioctl <Takashi Iwai> 3 weeks ago
6f45a6d : ALSA: hdspm: Fix zero-division <Takashi Iwai> 3 weeks ago
1991780 : ALSA: hdsp: Fix wrong boolean ctl value accesses <Takashi Iwai> 3 weeks ago
f8df771 : ALSA: hdspm: Fix wrong boolean ctl value accesses <Takashi Iwai> 3 weeks ago
e75b8fe : ALSA: seq: oss: Don't drain at closing a client <Takashi Iwai> 3 weeks ago
00d0fec : ALSA: timer: Fix ioctls for X32 ABI <Takashi Iwai> 3 weeks ago
ad78d05 : ALSA: rawmidi: Fix ioctls X32 ABI <Takashi Iwai> 3 weeks ago
5e4de84 : ALSA: ctl: Fix ioctls for X32 ABI <Takashi Iwai> 3 weeks ago
39dfd94 : Fix directory hardlinks from deleted directories <David Woodhouse> 7 weeks ago
bcbb1b0 : jffs2: Fix page lock / f->sem deadlock <David Woodhouse> 7 weeks ago
e479b6b : Revert "jffs2: Fix lock acquisition order bug in jffs2_write_begin" <Thomas Betker> 4 months ago
8c977a9 : PM / sleep / x86: Fix crash on graph trace through x86 suspend <Todd E Brandt> 2 weeks ago
0084511 : libata: Align ata_device's id on a cacheline <Harvey Hunt> 3 weeks ago
7173574 : libata: fix HDIO_GET_32BIT ioctl <Arnd Bergmann> 5 weeks ago
fcaf53e : drm/ast: Fix incorrect register check for DRAM width <Timothy Pearson> 3 weeks ago
b9b4fe2 : x86/entry/compat: Add missing CLAC to entry_INT80_32 <Andy Lutomirski> 3 weeks ago
246dd36 : CIFS: Fix SMB2+ interim response processing for read requests <Pavel Shilovsky> 3 weeks ago
2891cfc : EDAC, mc_sysfs: Fix freeing bus' name <Borislav Petkov> 4 months ago
11833a64 : locks: fix unlock when fcntl_setlk races with a close <Jeff Layton> 2 months ago
d4f4c7b : Additional Compile Fix <varchild> 25 hours ago
feb1e5c : Compile fix. <varchild> 26 hours ago
e7e40ed : Linux 3.10.73-3.10.99 <dimfishr> 4 months ago
883311f : lowmemorykiller.c reset <varchild> 4 days ago
10b1e35 : BFQ update. <varchild> 4 days ago
 
**** cmold:android_kernel_lge_g3 ****
3929f85 : g3: regen defconfigs <Dan Pasanen> 2 days ago
0b02fb0 : Revert "drivers: mmc: add LGE_MMC_RESET_IF_HANG" <Dan Pasanen> 5 days ago
100d302 : Revert "drivers: mmc: add emmc field firmware update" <Dan Pasanen> 5 days ago
235212e : Revert "drivers: mmc: add LGE_MMC_BKOPS_ENABLE" <Dan Pasanen> 5 days ago
daa98ca : Revert "drivers: mmc: disable lpm_sup on g3 global if needed" <Dan Pasanen> 5 days ago
 
**** cmold:android_kernel_lge_hammerhead ****
9c5d558 : kernel/hz.bc: ignore. <Rusty Russell> 2 years, 11 months ago
309710c : kernel: Replace timeconst.pl with a bc script <H. Peter Anvin> 3 years, 1 month ago
 
**** cmold:android_kernel_lge_msm8992 ****
48707a5 : lge_touch_core: fix d2tw wake issue <codeworkx> 33 hours ago
79a4666 : lge touch core: use KEY_WAKEUP for tap 2 wake <codeworkx> 8 days ago
 
**** cmold:android_kernel_motorola_msm8226 ****
c3ca091 : pipe: iovec: Fix memory corruption when retrying atomic copy as non-atomic <Ben Hutchings> 9 months ago
 
**** cmold:android_kernel_oneplus_msm8974 ****
cc19a82 : input: synaptics_dsx: Send KEY_WAKEUP for double-tap event <Keith Mok> 3 days ago
 
**** github:ashwinr64/android_kernel_oneplus_onyx ****
40bc616 : input: synaptics_s3508: Send KEY_WAKEUP for double-tap event <Keith Mok> 3 days ago
f39a032 : defconfig: Regen for F2FS <Ashwin> 4 days ago
2fcd721 : f2fs: Catchup with upstream v4.5-rc1-3.4 <Jaegeuk Kim> 6 days ago
 
**** cmold:android_kernel_oppo_msm8974 ****
cc19a82 : input: synaptics_dsx: Send KEY_WAKEUP for double-tap event <Keith Mok> 3 days ago
fe6bf34 : mmc: move to a SCHED_FIFO thread <Tim Murray> 9 weeks ago
80105ae : Revert "msm: sps: Support low memory condition in SPS driver" <Rama Krishna Phani A> 11 months ago
abf7d19 : msm: sps: Handle low memory condition in SPS driver <Rama Krishna Phani A> 11 months ago
927d2fd : soc: qcom: bam_dmux: Use SPS hold mem flag <Rama Krishna Phani A> 11 months ago
15445a9 : mm: vmscan: fix the page state calculation in too_many_isolated <Vinayak Menon> 1 year, 3 months ago
0abc3d7 : usb: host: xhci: Enable XHCI_SPURIOUS_SUCCESS for all  controllers with xhci 1.0 <George Cherian> 3 weeks ago
9b298d5 : msm: perf: validate input argument of ev_constraints functions <Kishor PK> 4 weeks ago
6885e0b : avtimer: update ioctl call to query avtimer <Laxminath Kasam> 4 months ago
ac13c00 : msm: vidc: skip fps round off when client sets 1 fps <Balamurugan Alagarsamy> 5 months ago
777e823 : msm: vidc: Fix a race condition in error handling <Balamurugan Alagarsamy> 5 weeks ago
 
**** cmold:android_kernel_samsung_d2 ****
3bf8318 : BACKPORT: FROMLIST: mm: ASLR: use get_random_long() <dcashman> 3 weeks ago
cfd37c6 : FROMLIST: drivers: char: random: add get_random_long() <dcashman> 3 weeks ago
34c5c16 : wireless: sort and extend element ID list <Kanchanapally, Vidyullatha> 7 weeks ago
04246f2 : misc: Fix NULL pointer dereferences and trivial issues <Binoy Jayan> 4 weeks ago
85687e2 : msm: iommu: Fix NULL pointer dereference <Binoy Jayan> 4 weeks ago
89d391e : UPSTREAM: ALSA: timer: Harden slave timer list handling <Takashi Iwai> 9 weeks ago
 
**** vanir:kernel_samsung_klte ****
dd35458 : Add a defconfig for VZW <DHOMD> 1 year, 1 month ago
 
**** cmold:android_kernel_samsung_mondrianwifi ****
3b126ef : kernel: Replace timeconst.pl with a bc script <H. Peter Anvin> 3 years, 1 month ago
 
**** vanir:kernel_samsung_smdk4412 ****
ec0e463 : pipe: iovec: Fix memory corruption when retrying atomic copy as non-atomic <Ben Hutchings> 9 months ago
0ed1f96 : i9300: enable KSM <Simon Shields> 2 days ago
fe24e6c : Input: add infrastructure for selecting clockid for event time stamps <John Stultz> 4 years, 2 months ago
7602b51 : input: Don't use monotonic time for event time stamps. <Ziyan> 3 weeks ago
dbb3b08 : fuse: break infinite loop in fuse_fill_write_pages() <Roman Gushchin> 5 months ago
c306a0e : Revert "udp: remove redundant variable" <David S. Miller> 4 years, 4 months ago
6dd3b4e : Staging: android: binder: Add some tracepoints <Arve Hjønnevåg> 3 years, 10 months ago
1ea0519 : vfs: more mnt_parent cleanups <Al Viro> 1 year, 2 months ago
b9ff9ff : vfs: new internal helper: mnt_has_parent(mnt) <Al Viro> 1 year, 2 months ago
b2332d8 : KEYS: Fix handling of stored error in a negatively instantiated user key <David Howells> 4 months ago
18bac65 : md: use kzalloc() when bitmap is disabled <Benjamin Randazzo> 8 months ago
60d0555 : net: add length argument to skb_copy_and_csum_datagram_iovec <Sabrina Dubroca> 5 months ago
14f55d4 : android: drivers: workaround debugfs race in binder <Riley Andrews> 10 months ago
ceb67cd : fs: take i_mutex during prepare_binprm for set[ug]id executables <Jann Horn> 11 months ago
b6e2903 : mm: Fix NULL pointer dereference in madvise(MADV_WILLNEED) support <Kirill A. Shutemov> 2 years, 3 months ago
9c6b633 : vfs: read file_handle only once in handle_to_path <Sasha Levin> 1 year, 2 months ago
c88f7bb : mnt: Prevent pivot_root from creating a loop in the mount tree <Eric W. Biederman> 1 year, 2 months ago
260325c : mnt: Only change user settable mount flags in remount <Eric W. Biederman> 1 year, 8 months ago
8132aca : net: ipv4: current group_info should be put after using. <JP Abgrall> 1 year, 11 months ago
74d8781 : eCryptfs: Remove buggy and unnecessary write in file name decode routine <Michael Halcrow> 1 year, 4 months ago
f35d99e : KEYS: close race between key lookup and freeing <Sasha Levin> 1 year, 3 months ago
28c6602 : net/l2tp: don't fall back on UDP [get|set]sockopt <Sasha Levin> 1 year, 8 months ago
f14deb7 : tracing/syscalls: Ignore numbers outside NR_syscalls' range <Rabin Vincent> 1 year, 5 months ago
c2710a1 : tracing/syscalls: Fix perf syscall tracing when syscall_nr == -1 <Will Deacon> 3 years, 7 months ago
07c64da : ext4: make orphan functions be no-op in no-journal mode <Anatol Pomozov> 3 years, 6 months ago
a92474e : __ptrace_may_access() should not deny sub-threads <Mark Grondona> 2 years, 6 months ago
9227d07 : mm: reorder can_do_mlock to fix audit denial <Jeff Vander Stoep> 1 year ago
d3819b7 : tty: Fix unsafe ldisc reference via ioctl(TIOCGETD) <Peter Hurley> 10 weeks ago
0a7a34f : net: wireless: bcmdhd: check packet length for event messages <Patrick Tjin> 3 months ago
d751104 : net: wireless: bcmdhd: Add checks for stack buffer overflows <dataanddreams> 4 months ago
c3f6d11 : bcmdhd: Add checks for stack buffer overflows <dataanddreams> 4 months ago
b152bb9 : BACKPORT: pagemap: do not leak physical addresses to non-privileged userspace <Kirill A. Shutemov> 9 weeks ago
0280906 : include/linux/poison.h: fix LIST_POISON{1,2} offset <Vasily Kulikov> 2 months ago
3c5c303 : i9300: ZRAM_FOR_ANDROID=y <Simon Shields> 10 days ago
cfdcd7f : KEYS: Fix race between read and revoke <David Howells> 3 months ago
0ec591e : Revert "i9300: disable CMA for MFC" <Simon Shields> 13 days ago
ee1933d : crypto: testmgr - add empty test vectors for null ciphers <Jussi Kivilinna> 2 weeks ago
1765c98 : i9300: disable CMA for MFC <Simon Shields> 2 weeks ago
9cc07d9 : i9300: enable pegasusq boosting <Simon Shields> 3 weeks ago
763470d : i9300: enable lsm330dlc input interface <Simon Shields> 2 weeks ago
b3d06ad : sensor: lsm330dlc: allow exposing in /dev/input <Simon Shields> 2 weeks ago
8cbabd4 : cpufreq: pegasusq: boost: drop more debugging <Simon Shields> 3 weeks ago
d41fe22 : cpufreq: pegasusq: boost: don't NULL timer function <Simon Shields> 3 weeks ago
1a4ef9f : Enable TRIM on the Galaxy S2 family <Lanchon> 9 weeks ago
ba37770 : cpufreq: pegasusq: boost: tone down the logspam <Simon Shields> 3 weeks ago
873c3ec : cpufreq: pegasusq: add support for setting a boost freq/cpulock <Simon Shields> 4 weeks ago
63489be : staging: iio: use monotonic time since boot for event timestamps <Ziyan> 3 months ago
6c10f87 : i9100: Enable F2FS <Caio Schnepper> 4 weeks ago
d4f6e1b : i9100: Regenerate defconfig <Caio Schnepper> 6 weeks ago
13d1b29 : tcp_cubic: do not set epoch_start in the future <Eric Dumazet> 6 months ago
 
**** cmold:android_kernel_sony_msm8x27 ****
63b6985 : msm: wfd: Fix initialization of variable <Shiju Mathew> 5 months ago
756427e : pipe: iovec: Fix memory corruption when retrying atomic copy as non-atomic <Ben Hutchings> 9 months ago
d97e50b : msm: ipc_router: Bind only a client port as control port <Karthikeyan Ramasubramanian> 4 weeks ago
d394b06 : tty: Fix unsafe ldisc reference via ioctl(TIOCGETD) <Peter Hurley> 10 weeks ago
2b79fd1 : BACKPORT: module: add flags arg to sys_finit_module() <Rusty Russell> 3 years, 5 months ago
f9b46e6 : CHROMIUM: finit_module: add syscall to ARM <Kees Cook> 3 years, 6 months ago
b294181 : CHROMIUM: finit_module: add syscall to asm-generic <Kees Cook> 3 years, 6 months ago
80cdf29 : CHROMIUM: security: introduce kernel_module_from_file hook <Kees Cook> 3 years, 7 months ago
9643095 : CHROMIUM: module: add syscall to load module from fd <Kees Cook> 3 years, 7 months ago
1b29b58 : nicki_defconfig: Update defconfig <RonGokhale> 4 days ago
49865a2 : ptrace: fix ptrace defect cause by a merge fail <M1cha> 10 months ago
60229b1 : fs/proc/task_mmu.c: add user-space support for resetting mm->hiwater_rss (peak RSS) <Petr Cermak> 1 year, 1 month ago
4dfc86b : seccomp: Use atomic operations that are present in kernel 3.4. <Robert Sesek> 1 year, 7 months ago
f0b1130 : seccomp: implement SECCOMP_FILTER_FLAG_TSYNC <Kees Cook> 1 year, 10 months ago
31ebf27 : seccomp: allow mode setting across threads <Kees Cook> 1 year, 9 months ago
3b02fff : seccomp: introduce writer locking <Kees Cook> 1 year, 9 months ago
7366125 : seccomp: split filter prep from check and apply <Kees Cook> 1 year, 9 months ago
e579d4c : sched: move no_new_privs into new atomic flags <Kees Cook> 1 year, 10 months ago
d7ed0cf : ARM: add seccomp syscall <Kees Cook> 1 year, 9 months ago
2342d93 : seccomp: add "seccomp" syscall <Kees Cook> 1 year, 9 months ago
921230db : seccomp: split mode setting routines <Kees Cook> 1 year, 9 months ago
4db8395 : seccomp: extract check/assign mode helpers <Kees Cook> 1 year, 9 months ago
03265d8 : seccomp: create internal mode-setting function <Kees Cook> 1 year, 10 months ago
3c006c3 : MAINTAINERS: create seccomp entry <Kees Cook> 1 year, 8 months ago
9c1b921 : CHROMIUM: ARM: r1->r0 for get/set arguments <Will Drewry> 3 years, 11 months ago
9558658 : CHROMIUM: seccomp: set -ENOSYS if there is no tracer <Will Drewry> 3 years, 11 months ago
7b8919e : CHROMIUM: ARM: arch/arm: allow a scno of -1 to not cause a SIGILL <Will Drewry> 3 years, 11 months ago
6e75e35 : CHROMIUM: arch/arm: select HAVE_ARCH_SECCOMP_FILTER <Will Drewry> 3 years, 11 months ago
bbd9c89 : CHROMIUM: arch/arm: move secure_computing into trace; respect return code <Will Drewry> 3 years, 11 months ago
ac1976c : CHROMIUM: arch/arm: add asm/syscall.h <Will Drewry> 3 years, 11 months ago
38a35f5 : samples/seccomp: fix dependencies on arch macros <Will Drewry> 3 years, 11 months ago
17e157e : seccomp: fix build warnings when there is no CONFIG_SECCOMP_FILTER <Will Drewry> 3 years, 11 months ago
66449e3 : seccomp: ignore secure_computing return values <Will Drewry> 3 years, 11 months ago
68b298a : seccomp: use a static inline for a function stub <Stephen Rothwell> 3 years, 11 months ago
fb5498b : Documentation: prctl/seccomp_filter <Will Drewry> 4 years, 2 months ago
00329f4 : Change-Id: I7c9d49079d4e18390c2d520513a4afd55e6eaa3e <Sasha Levitskiy> 3 years, 4 months ago
1b42698 : ptrace,seccomp: Add PTRACE_SECCOMP support <Will Drewry> 4 years, 1 month ago
9f698a7 : seccomp: Add SECCOMP_RET_TRAP <Will Drewry> 4 years, 1 month ago
120ea00 : signal, x86: add SIGSYS info and make it synchronous. <Will Drewry> 4 years, 1 month ago
3d02ddd : seccomp: add SECCOMP_RET_ERRNO <Will Drewry> 4 years, 1 month ago
d09a2a8 : seccomp: remove duplicated failure logging <Kees Cook> 4 years, 1 month ago
dcfce31 : seccomp: add system call filtering using BPF <Will Drewry> 4 years, 1 month ago
4623ee5 : arch/x86: add syscall_get_arch to syscall.h <Will Drewry> 4 years, 2 months ago
e6e934a : asm/syscall.h: add syscall_get_arch <Will Drewry> 4 years, 1 month ago
7cfcd8c : seccomp: kill the seccomp_t typedef <Will Drewry> 4 years, 2 months ago
9c9fe30 : net/compat.c,linux/filter.h: share compat_sock_fprog <Will Drewry> 4 years, 1 month ago
e2ed00d : sk_run_filter: add BPF_S_ANC_SECCOMP_LD_W <Will Drewry> 4 years ago
6c64357 : misc: Remove pmem driver completely <Laura Abbott> 2 years, 11 months ago
d6009d9 : msm: Remove ANDROID_PMEM from the Kconfig dependencies <Laura Abbott> 2 years, 11 months ago
3a8fc7c : msm: Don't depend on ANDROID_PMEM for contiguous region <Laura Abbott> 3 years ago
 
**** github:armani-dev/kernel_test ****
abf7d19 : msm: sps: Handle low memory condition in SPS driver <Rama Krishna Phani A> 11 months ago
927d2fd : soc: qcom: bam_dmux: Use SPS hold mem flag <Rama Krishna Phani A> 11 months ago
15445a9 : mm: vmscan: fix the page state calculation in too_many_isolated <Vinayak Menon> 1 year, 3 months ago
0abc3d7 : usb: host: xhci: Enable XHCI_SPURIOUS_SUCCESS for all  controllers with xhci 1.0 <George Cherian> 3 weeks ago
9b298d5 : msm: perf: validate input argument of ev_constraints functions <Kishor PK> 4 weeks ago
6885e0b : avtimer: update ioctl call to query avtimer <Laxminath Kasam> 4 months ago
ac13c00 : msm: vidc: skip fps round off when client sets 1 fps <Balamurugan Alagarsamy> 5 months ago
777e823 : msm: vidc: Fix a race condition in error handling <Balamurugan Alagarsamy> 5 weeks ago
 
**** vanir:platform_manifest ****
f6662a5 : diediedie <nuclearmistake> 4 days ago
f5881e9 : One more time without -a lol <nuclearmistake> 4 days ago
8854a7c : Exchange is [alive]. Long live exchange. <nuclearmistake> 4 days ago
 
**** cm:CyanogenMod/android_packages_apps_AudioFX ****
d67c7f6 : Automatic translation import <Michael Bestas> 2 days ago
 
**** vanir:packages_apps_Bluetooth ****
3f68bb7 : Automatic translation import <Michael Bestas> 2 days ago
 
**** cm:CyanogenMod/android_packages_apps_BluetoothExt ****
6a14c96 : Automatic translation import <Michael Bestas> 2 days ago
 
**** cm:CyanogenMod/android_packages_apps_Browser ****
e113a32 : Automatic translation import <Michael Bestas> 2 days ago
 
**** cm:CyanogenMod/android_packages_apps_Calendar ****
48b2b67 : Automatic translation import <Michael Bestas> 2 days ago
 
**** vanir:packages_apps_Camera2 ****
8c21d74 : Automatic translation import <Michael Bestas> 2 days ago
 
**** vanir:packages_apps_Contacts ****
a33722b : Automatic translation import <Michael Bestas> 2 days ago
054ddd9 : QuickContact Expand/Collapse Button removal fixed <gkipnis> 4 days ago
 
**** vanir:packages_apps_ContactsCommon ****
ef3e9f9 : Automatic translation import <Michael Bestas> 2 days ago
2e3d2e9 : Enable support for groups in External contacts accounts <pulser> 1 year, 8 months ago
 
**** vanir:packages_apps_DeskClock ****
d56a07b : Automatic translation import <Michael Bestas> 2 days ago
 
**** vanir:packages_apps_Dialer ****
8347881 : Automatic translation import <Michael Bestas> 2 days ago
749029a : Dialer: Fix build without jack <Ketut Putu Kumajaya> 11 days ago
 
**** vanir:packages_apps_Email ****
5159955 : Automatic translation import <Michael Bestas> 2 days ago
 
**** vanir:packages_apps_FMRadio ****
96194b6 : FMRadio: Fix station switch from list for certain locales <cretin45> 32 hours ago
 
**** vanir:packages_apps_Gallery2 ****
0aaff57 : Automatic translation import <Michael Bestas> 2 days ago
 
**** vanir:packages_apps_InCallUI ****
66e21a2 : Automatic translation import <Michael Bestas> 2 days ago
 
**** vanir:packages_apps_LockClock ****
59d2529 : Automatic translation import <Michael Bestas> 2 days ago
 
**** cm:CyanogenMod/android_packages_apps_Messaging ****
ad4d0b5 : Automatic translation import <Michael Bestas> 2 days ago
 
**** vanir:packages_apps_PackageInstaller ****
470cf41 : Automatic translation import <Michael Bestas> 2 days ago
 
**** vanir:packages_apps_PhoneCommon ****
e4eb6ed : Automatic translation import <Michael Bestas> 2 days ago
 
**** cm:CyanogenMod/android_packages_apps_Profiles ****
dda77c6 : Automatic translation import <Michael Bestas> 2 days ago
 
**** cm:CyanogenMod/android_packages_apps_SamsungServiceMode ****
968b4dc : Automatic translation import <Michael Bestas> 2 days ago
 
**** cm:CyanogenMod/android_packages_apps_Screencast ****
d5b1750 : Automatic translation import <Michael Bestas> 2 days ago
 
**** vanir:packages_apps_Settings ****
91edbdd : Automatic translation import <Michael Bestas> 2 days ago
bfd3ede : Re-expose hardcoded white text colors <Dave Kover> 2 weeks ago
48c8ea1 : Themes: Expose Hard coded icon tint in power summary settings <Bryan Owens> 6 days ago
90095af : DisplayColor: clamp maximum value to 1.0f <Dan Elkouby> 2 weeks ago
3a85ba8 : Settings: ask telephony for network selection <Roman Birg> 6 weeks ago
 
**** cm:CyanogenMod/android_packages_apps_Snap ****
5dcd941 : Automatic translation import <Michael Bestas> 2 days ago
 
**** vanir:packages_apps_soundrecorder ****
c41ee5c : Automatic translation import <Michael Bestas> 2 days ago
 
**** vanir:packages_apps_Stk ****
86ba1a7 : Automatic translation import <Michael Bestas> 2 days ago
62cdb10 : Do not display toast if alpha text is null. <Rakesh Pallerla> 7 weeks ago
 
**** cm:CyanogenMod/android_packages_apps_Terminal ****
938df93 : Automatic translation import <Michael Bestas> 2 days ago
 
**** vanir:packages_apps_ThemeChooser ****
945d181 : Automatic translation import <Michael Bestas> 2 days ago
 
**** cm:CyanogenMod/android_packages_apps_Trebuchet ****
153b4ce : Automatic translation import <Michael Bestas> 2 days ago
0991d31 : Trebuchet: Fix some issues with the DB upgrade path <cretin45> 4 days ago
772f61d : Show apps as unavailable when on unmounted storage <d34d> 8 months ago
 
**** vanir:packages_apps_TvSettings ****
ff5ac73 : Automatic translation import <Michael Bestas> 2 days ago
 
**** vanir:packages_apps_UnifiedEmail ****
a4c95c3 : Automatic translation import <Michael Bestas> 2 days ago
 
**** vanir:packages_inputmethods_LatinIME ****
d2e61d4 : Automatic translation import <Michael Bestas> 2 days ago
 
**** vanir:packages_providers_DownloadProvider ****
150e9a2 : Automatic translation import <Michael Bestas> 2 days ago
 
**** cm:CyanogenMod/android_packages_providers_ThemesProvider ****
9fa9b69 : Automatic translation import <Michael Bestas> 2 days ago
 
**** vanir:packages_screensavers_PhotoTable ****
f2fadbd : Automatic translation import <Michael Bestas> 2 days ago
 
**** cm:CyanogenMod/android_packages_services_Mms ****
f26269a : Automatic translation import <Michael Bestas> 2 days ago
 
**** vanir:packages_services_Telecomm ****
1db1b22 : Automatic translation import <Michael Bestas> 2 days ago
 
**** vanir:packages_services_Telephony ****
48720e7 : Automatic translation import <Michael Bestas> 2 days ago
2c065d3 : Fix MSIM voicemail notification icons. <Dave Kover> 4 weeks ago
da57833 : Telephony: add external network selection activity <Roman Birg> 6 weeks ago
 
**** cm:CyanogenMod/android_packages_wallpapers_Galaxy4 ****
91e95eb : Automatic translation import <Michael Bestas> 2 days ago
 
**** vanir:packages_wallpapers_PhaseBeam ****
d23564c : Automatic translation import <Michael Bestas> 2 days ago
 
**** cm:CyanogenMod/android_packages_wallpapers_PhotoPhase ****
83742d3 : Automatic translation import <Michael Bestas> 2 days ago
 
**** cm:CyanogenMod/android_prebuilts_cmsdk ****
38b2af7 : update system api <Roman Birg> 2 days ago
 
**** vanir:system_core ****
fb7e634 : liblog: build log_event_write regardless of TARGET_USES_LOGD <Simon Shields> 10 days ago
 
**** cm:CyanogenMod/cm_platform_sdk ****
948e399 : Automatic translation import <Michael Bestas> 2 days ago
45f57c5 : update api <Roman Birg> 2 days ago
99200b9 : cmsdk: fix last profile extra constant <Roman Birg> 3 days ago
c46e0ff : cmsdk: send connection value when changing network modes <Roman Birg> 5 weeks ago
80f5651 : cmsdk: Introduce externalCMServices array to cmres. <Adnan Begovic> 4 days ago
a335ba3 : cmsdk: Mandate cmhw feature xml's for service implementation. <Adnan Begovic> 5 days ago
 
**** vanir:vendor_htc ****
8615b24 : hiae: Add keystore HAL <Ethan Chen> 4 days ago
 
**** vanir:vendor_lge ****
5fdb4a6 : g3: Revert GPS blobs to D855 21C <Hendrik Hagendorn> 3 days ago
500858a : g3: remove sensor_def_variable from all by d855 <Dan Pasanen> 7 days ago
 
**** vanir:vendor_vanir ****
72dd68c : cm: sepolicy: allow platform apps to crop user images <codeworkx> 2 weeks ago
5d45f7a : cm: Commonize cmsdk specific targets. <Adnan Begovic> 4 days ago
7d44573 : cm: Remove externalCMServices overlay. (in cmsdk) <Adnan Begovic> 4 days ago
 
**** vanir:vendor_xiaomi ****
75db00a : Remove fastdormancy.apk <mr-tweaker> 15 hours ago
 
