
**** vanir:build ****
e7c5453 : Hacks <DHOMD> 8 months ago
 
**** aosp:platform/cts ****
21350fb : DO NOT MERGE: fix break using wrong quotes <Daniel Xie> 7 days ago
034ac5f : DO NOT MERGE: fix another break <Daniel Xie> 7 days ago
d10ba7d : DO NOT MERGE: Fix breakages <Daniel Xie> 7 days ago
645d13d : DO NOT MERGE: Fix build break <Daniel Xie> 7 days ago
028120e : Revert "Obtain min frame rate from codec capabilities" <Daniel Xie> 7 days ago
21c2a22 : DO NOT MERGE: Set priority for notification in a11y cts test. <Phil Weaver> 9 weeks ago
a1f802f : DO NOT MERGE: Disabling sensor tests and policy permission <Daniel Xie> 8 days ago
 
**** vanir:device_asus_flo ****
61d6fd3 : flo: Don't override locales <Zhao Wei Liew> 9 days ago
bac6614 : flo: Remove debugfs mounting <Steve Kondik> 6 weeks ago
 
**** cm:CyanogenMod/android_device_htc_m8dug ****
6120685 : m8d: Enable dex-preoptimization <Bruno Martins> 3 days ago
 
**** vanir:device_lge_g3-common ****
02622cc : g3: enable slimport <Hendrik Hagendorn> 2 days ago
7aa6ec9 : g3: increase read ahead cache size <Hendrik Hagendorn> 2 days ago
8f1b1df : g3: init: move from service.bootanim.exit to sys.boot_completed <Hendrik Hagendorn> 2 days ago
 
**** cm:CyanogenMod/android_device_motorola_lux ****
42be989 : lux: device specific thermal configuration <Sultan Qasim Khan> 3 days ago
 
**** cm:CyanogenMod/android_device_motorola_msm8610-common ****
463eddc : msm8610-common: lights: white is the only colour <Sultan Qasim Khan> 3 days ago
6a8f03d : msm8610-common: lights: clean up code <Sultan Qasim Khan> 3 days ago
6142ca8 : msm8610-common: DisplayColorCalibration: correct max value <Sultan Qasim Khan> 5 days ago
 
**** cm:CyanogenMod/android_device_motorola_victara ****
0f0e39d : victara: Finish overloading recoveryimg <Matt Mower> 11 days ago
eff873b : victara: MM binaries do not use customized encoder_media_buffer_type <Skrilax_CZ> 27 hours ago
 
**** vanir:device_oneplus_bacon ****
1a12117 : bacon: Add missing ULL usecases <Steve Kondik> 4 days ago
 
**** github:AndroidNoob69/android_device_oneplus_onyx ****
efbe434 : onyx: BT MAC all over again <Ashwin Ramesh> 5 days ago
fc2b14d : Revert "onyx: Fixup BT Mac generation" <Ashwin Ramesh> 5 days ago
 
**** vanir:device_oppo_common ****
f022055 : configpanel: Add additional button settings <Willi Ye> 7 months ago
 
**** cm:CyanogenMod/android_device_oppo_find7-common ****
a64fd7c : find7-common: Add sdcard entry for fstab.recovery <Pat Erley> 7 days ago
 
**** cm:CyanogenMod/android_device_samsung_kltedv ****
45b5db5 : kltedv: Update SM-G900I fingerprint <Kevin F. Haggerty> 3 days ago
 
**** cm:CyanogenMod/android_device_samsung_noblelte-common ****
5ba4e67 : noblelte: Enable Cortex A53 Erratum <Christopher N. Hesse> 2 days ago
2cb682e : noblelte: Fix emergency call constant <Christopher N. Hesse> 3 days ago
dd4e950 : noblelte: Put back SNDMGR constant <Christopher N. Hesse> 3 days ago
707803e : noblelte: Update RIL configuration for M <Christopher N. Hesse> 7 weeks ago
ce86daa : audio: Add support for the decon hdmi stack <Christopher N. Hesse> 4 weeks ago
d4f2acf : audio: Add support for SCO wideband calls <Christopher N. Hesse> 3 months ago
86be611 : noblelte: Fix tee init sepolicy domain <Christopher N. Hesse> 8 days ago
6ec4ebb : sepolicy: Add policy for tee (mobicore) <Andreas Schneider> 6 weeks ago
57811d3 : sepolicy: Some fixes <Andreas Schneider> 7 weeks ago
bebfa9e : noblelte: Make the vibration intensity configurable <Christopher N. Hesse> 8 weeks ago
484961a : SlteRIL: Various fixes <Christopher N. Hesse> 4 weeks ago
028595c : noblelte: Build MDNIE control app <Christopher N. Hesse> 5 weeks ago
07bf0ba : noblelte: Use custom charging thresholds <Christopher N. Hesse> 6 weeks ago
ee1bb3f : sepolicy: Allow Snap to use mediaserver <Andreas Schneider> 9 weeks ago
0299bdf : sepolicy: Allow the kernel to modify interactive governor <Andreas Schneider> 9 weeks ago
56a1b91 : sepolicy: Allow gpsd to read and write more of its files <Andreas Schneider> 9 weeks ago
 
**** vanir:device_samsung_smdk4412-common ****
9136d0d : smdk4412: update extract-files and proprietary-files <Simon Shields> 4 days ago
2b00deb : smdk4412: opensource libfimc <Simon Shields> 6 days ago
 
**** cm:CyanogenMod/android_device_sony_nicki ****
998c14a : nicki: don't start adb for non adb midi composition <RonGokhale> 11 hours ago
bda8abc : nicki: Enable MIDI support <Mike Lockwood> 1 year, 1 month ago
c185c06 : nicki: Add support for USB MIDI function <Mike Lockwood> 1 year, 3 months ago
0b81588 : nicki: Remove charging only usb compositions <RonGokhale> 20 hours ago
c61d3ab : nicki: Turn on data when sending mms <RonGokhale> 4 days ago
ff272b6 : Revert "nicki: Use separate a2dp hal" <RonGokhale> 4 days ago
598b27e : nicki: bring back voip tx <RonGokhale> 3 months ago
05aadbd : nicki: Enable usb audio <RonGokhale> 4 days ago
 
**** vanir:external_libpng ****
9d48534 : DO NOT MERGE Update libpng to 1.6.20 <Matt Sarett> 4 months ago
 
**** vanir:external_stagefright-plugins ****
d379af4 : stagefright-plugins: Fix port reset problem <Keith Mok> 3 days ago
38e74de : stagefright-plugins: Fix eos flush problem. <Keith Mok> 3 days ago
 
**** vanir:frameworks_av ****
c27a16c : audiopolicy: Fix notification not sent for session release <Steve Kondik> 4 days ago
 
**** vanir:frameworks_base ****
08d2d0b : bootanimation: Switch to readahead <luca020400> 29 hours ago
eb9f3d3 : LLS: Update LLS slide offsets when focus changes <d34d> 3 days ago
3e3f77d : Support for new properties to identify country based ecc #s added by RIL <Deepak Kundra> 5 days ago
76e688b : LLS: Show notification panel if LLS crashes <d34d> 6 days ago
81ad527 : LLS: Fix screen off event firing when not interactive <d34d> 7 days ago
463c328 : libhwui: Remove opaque check for everything <Ketut Putu Kumajaya> 7 days ago
ab5c226 : Keyguard: switch to cm-specific device provisioned flag <Roman Birg> 10 days ago
a1756e0 : SettingsProvider : load region-specific settings <Rohit Yengisetty> 7 months ago
59526b3 : Themes: Update icon mapping on boot <d34d> 6 days ago
 
**** vanir:frameworks_opt_net_wifi ****
eb9c90d : Null check before accessing AP objects <Ethan Chen> 3 days ago
19c42df : Revert "WiFi not connecting to WiFi when screen OFF" <Jessica Wagantall> 7 days ago
765f850 : Revert "Appropriately fail EAP-SIM/AKA when SIM doesn't generate good response" <Paul Stewart> 8 weeks ago
52ba5c9 : Appropriately fail EAP-SIM/AKA when SIM doesn't generate good response <Vinit Deshpande> 4 months ago
1b7ed25 : Revert "Appropriately fail EAP-SIM/AKA when SIM doesn't generate good response" <Paul Stewart> 8 weeks ago
 
**** vanir:frameworks_opt_telephony ****
4e5d695 : Fix bug in CallManager unregisterForPhoneStates() <chao.bi> 4 weeks ago
 
**** cm:CyanogenMod/android_hardware_qcom_audio ****
886c244 : hal: remove explicit direct pcm usecase <vivek mehta> 7 months ago
f6cd4f7 : hal: stop sound trigger buffering during close <Mingming Yin> 3 months ago
4fb2812 : hal: don't allow track offload if there's active sw effect <Weiyin Jiang> 9 weeks ago
bfe1cc3 : hal: Fix 44.1Khz playback when native support is not enabled <Amit Shekhar> 3 months ago
dc520bc : libaudiopolicymanager: DirectPCM: fix 44.1 clip playing noisy issue <vivek mehta> 5 months ago
b73a764 : audio: Extend platform parser to allow device name aliasing <Ethan Chen> 1 year, 8 months ago
64387ed : hal: Fix voice call recording <solk2> 1 year, 8 months ago
91c7d6b : hal: Fix digital USB headset combo device <Steve Kondik> 1 year, 8 months ago
be6fdfc : hal: Clean up compilation warnings <Steve Kondik> 1 year, 5 months ago
13ba1b4 : hal: Add support for audio amplifier HAL <Ethan Chen> 2 years, 11 months ago
381b7a0 : audio: Configure CM default feature set <Steve Kondik> 1 year, 5 months ago
b25084a : hal: Allow building hardware audio encoders <Arne Coucheron> 1 year, 3 months ago
f48de3d : audio: Use project pathmap <Ethan Chen> 4 months ago
1362fc7 : audio: Only allow non-legacy HAL <Ethan Chen> 4 months ago
b5b6d33 : hal: Update format table with AAC ADTS formats. <Ashish Jain> 5 months ago
102616d : HAL: Identify the track offload session <Sharad Sangle> 5 months ago
d7eaf2b : HAL: Identify Track offload session <Alexy Joseph> 5 months ago
8c21ad7 : Merge DAX2 changes <Gao Jie> 6 months ago
12467a1 : hal: Use AUDIO_TX_MONO_COPP topology for incall record usecases <Karthik Reddy Katta> 5 months ago
 
**** cm:CyanogenMod/android_hardware_qcom_display ****
7b9a3a1 : hwc/overlay: Validate cursor position in hwc_setPositionAsync <Baldev Sahu> 9 weeks ago
4c401f0 : hwc: Fix sanitize ROI func <Ramakant Singh> 3 months ago
6dab9c9 : hwc: Apply Default Mode on real framework start <Sravan Kumar D.V.N> 3 months ago
732b9ac : qdutils: Correct the hwc-driver mismatch <Ramakant Singh> 3 months ago
f1e2905 : hwc: remove local constant DISPLAY_ATTRIBUTES list <Ramakant Singh> 3 months ago
a74edfb : hwc: Remove references to display-frameworks <Ethan Chen> 4 months ago
c7cce05 : hwc: Fix compile errors after display-frameworks removal <Arne Coucheron> 4 months ago
b375570 : hwc: Support for QDCM Preference when PU enabled <Nitesh Gupta> 4 months ago
cc1ec84 : hwc: Set ioprio for vsync thread <Steve Kondik> 7 months ago
7516867 : Don't build lights module if vendor supplies it <Steve Kondik> 1 year, 5 months ago
730d245 : Revert "hqd: Use MSM_VIDC_TARGET_LIST for Venus color format" <Ethan Chen> 4 months ago
bc1215a : display: Use project pathmap <Ethan Chen> 1 year, 6 months ago
c324d73 : hwc: Set DefaultMode after bootup completion <Ramakant Singh> 5 months ago
8a6e7c9 : gralloc: Add a private flag for INTERNAL only <Arun Kumar K.R> 8 months ago
394c830 : hwc: Donot update dynamic-fps when device is not active <Ramakant Singh> 6 months ago
8f21571 : hwc: Do not wait for MDSS fence for layers with rotation <Dileep Kumar Reddi> 7 months ago
d2c5ca0 : hwc: Start with ROI set to destination <Arun Kumar K.R> 6 months ago
9ef4d8c : hwc: Set minfps as part of timeout_handler during idlefallback <Ramakant Singh> 7 months ago
0d616ba : Revert "hwc: Relax format change restrictions for certain targets" <Dileep Kumar Reddi> 7 months ago
213ead5 : Default flexible YUV format to NV21 <Tanmaya Godbole> 8 months ago
ed75fdb : hwc: Reset refresh-rate for few cases as part of timeout handler <Dileep Kumar Reddi> 7 months ago
56ed396 : gralloc: Add support for PRIV_FLAGS_DISP_CONSUMER <Surajit Podder> 10 months ago
a2d5295 : hwc: Support ActionSafe on targets with non-scaling RGB pipes. <Sandeep Panda> 8 months ago
248378d : gralloc: Use adreno_utils api for NV21 and NV12 alignment <Sushil Chauhan> 8 months ago
037d21d : hwc: Use basePipe for fullscreen and opaque layer <Pullakavi Srinivas> 8 months ago
77ec4ef : gralloc: Modify check for uncompressed RGB buffers <Naomi Luis> 8 months ago
449fbe0 : hwc: Use aligned width and height <Dileep Kumar Reddi> 8 months ago
02dbc50 : Revert "HWC: use aligned width and height for rearranging ROI" <Dileep Kumar Reddi> 8 months ago
cd7217a : hwc: Support ActionSafe on targets with non-scaling RGB pipes. <Sandeep Panda> 8 months ago
eed742d : overlay: add tertiary display definition in overlay <Vinu Deokaran> 8 months ago
a029479 : hwc: Validate display ID in hwc interface <Arun Kumar K.R> 8 months ago
09441c1 : gralloc: Add missing changes related to RAW16 <Raj Kamal> 9 months ago
7ea10c5 : hwc: Use basePipe for fullscreen and opaque layer <Pullakavi Srinivas> 8 months ago
c039f6e : hwc: Use aligned width and height <Dileep Kumar Reddi> 8 months ago
60cbe72 : Revert "HWC: use aligned width and height for rearranging ROI" <Dileep Kumar Reddi> 8 months ago
2e918bf : hwc: Avoid idlefallback during video playback <Raj Kamal> 8 months ago
fbe5a60 : HWC: use aligned width and height for rearranging ROI <Dileep Kumar Reddi> 8 months ago
597b313 : hwc: Featurize HWC_DISPLAY_SECURE <Raj Kamal> 8 months ago
eb4d7a6 : hwc: Use HWC_DISPLAY_NO_ATTRIBUTE as terminator. <Prabhanjan Kandula> 8 months ago
410ba7c : hwc : Normalize source crop before validating scaling limits. <Prabhanjan Kandula> 9 months ago
95fef31 : hwc: Relax format change restrictions for certain targets <Dileep Kumar Reddi> 8 months ago
42a1c98 : hwc: Changes for display-hal compilation with QTI_BSP enabled <Ramakant Singh> 9 months ago
c772eec : hwc: Do not use Borderfill pipe for composition in WFD <Dileep Kumar Reddi> 9 months ago
e5268fd : hwc/overlay: Pass handle w/h and crop w/h through fb_image field <Arun Kumar K.R> 9 months ago
5d39f02 : hwc: Log warning instead of mHDMIClient object not available <Dileep Kumar Reddi> 9 months ago
55b3489 : hwc: Ignore float-conversion for included headers <Naseer Ahmed> 9 months ago
82fe9c6 : hwc: Do not consider rotation for smart blit <Ramakant Singh> 9 months ago
dd689ff : hwc: Do not create idle invalidator for MDP3 targets <Dileep Kumar Reddi> 9 months ago
c58836b : hwc: Align ROI's width and height in both directions <Dileep Kumar Reddi> 9 months ago
19f2250 : hwc: Fix SF crash due to SIGSEGV error <Raj Kamal> 9 months ago
 
**** cm:CyanogenMod/android_hardware_qcom_display ****
17f2d38 : Don't build lights module if vendor supplies it <Steve Kondik> 1 year, 5 months ago
420cc3a : msm8996: remove unused qcom features <Scott Mertz> 4 months ago
5bdcfa4 : Additional pathmap & build fixes <Scott Mertz> 5 months ago
e80bb52 : display: Use project pathmap <Ethan Chen> 1 year, 6 months ago
e04e869 : Remove usage of MASTER_SIDE_CP_TARGET_LIST <Scott Mertz> 5 months ago
3fd7d00 : Revert "hqd: Use MSM_VIDC_TARGET_LIST for Venus color format" <Scott Mertz> 5 months ago
99aa8ca : sdm: Fix uninitialized HWLayers object <Saurabh Shah> 5 months ago
572b2bf : sdm: Do not copy surfaceDamage rects for SKIP layers <Sushil Chauhan> 5 months ago
074314d : gralloc: Add support for PRIV_FLAGS_DISP_CONSUMER <Surajit Podder> 10 months ago
8f8f6c7 : sdm : Add support for dynamic BW limit management <Prabhanjan Kandula> 7 months ago
83a945b : libqdutils: Refer to standard definitions for display types. <Dileep Marchya> 5 months ago
f29ff14 : sdm: Fix buffer overflow <Manoj Kumar AVM> 6 months ago
99ef378 : sdm: HWDevice: Set correct HWDisplayMode <Arun Kumar K.R> 6 months ago
ddca4e7 : sdm: Remove unused function in rect utility <Manoj Kumar AVM> 6 months ago
8d22bad : sdm: Fix memory leaks. <Dileep Marchya> 6 months ago
1c3f9a3 : hwc: Handle SBM operation set for all layers <Saurabh Shah> 6 months ago
b8067a4 : qdMetadata: Use uint32_t instead of bool <Saurabh Shah> 6 months ago
a0db84b : sdm: hdmi: Set the default grayscale value to RGB888 <Tatenda Chipeperekwa> 7 months ago
e94e78c : sdm: Add bandwidth and clock members <Sushil Chauhan> 9 months ago
959863b : sdm: Update HWPanelInfo during primary resolution switch <Sushil Chauhan> 6 months ago
b8ecfbf : display: Enable clang for all display modules <Naseer Ahmed> 6 months ago
63e8c95 : sdm: Source crop top needs adjustment for interlaced <Sushil Chauhan> 6 months ago
f1c8357 : sdm: Remove closing of fd during Sync operations <Manoj Kumar AVM> 6 months ago
44e2be1 : sdm: Do not process blit configuration for zero app layers. <Dileep Marchya> 6 months ago
61ef29b : sdm: Add support for single buffer layers <Saurabh Shah> 7 months ago
a816961 : sdm: Use FB resolution for virtual display <radhakrishna> 6 months ago
a0394ad : qdMetaData: Remove unused metadata fields. <Arun Kumar K.R> 6 months ago
50ff0bb : sdm: Panel name retrieval support <Dileep Marchya> 6 months ago
95f8368 : gralloc/metadata: Add support for single buffer mode <Saurabh Shah> 6 months ago
d7131e6 : sdm: Add support for UBWC in C2D <radhakrishna> 7 months ago
67c1f90 : sdm: Allow draw cycle in doze state. <Dileep Marchya> 6 months ago
5fb6d40 : sdm: Perform GPU target layer validation. <Manoj Kumar AVM> 6 months ago
226646c : sdm: Populate correct WB index for virtual <radhakrishna> 6 months ago
3edaf83 : sdm: Read rotator capabilities from driver <radhakrishna> 7 months ago
492ab99 : sdm: Fix ROI and Split info in SF dumpsys <Sushil Chauhan> 6 months ago
a9fb396 : sdm: Remove buffer format validation from hwc wrapper. <Ramkumar Radhakrishnan> 7 months ago
76750f2 : sdm: Add support for YCbCr420 Semiplanar format <Ramkumar Radhakrishnan> 7 months ago
bddb952 : gralloc: Use only metadata for color space <Saurabh Shah> 7 months ago
4a31ec4 : sdm: Make premultiplied as default blending <Saurabh Shah> 6 months ago
e1f01dd : sdm: Flush after first successful commit only. <Dileep Marchya> 6 months ago
1a7e1f1 : sdm: Add support for IGC. <Dileep Marchya> 7 months ago
9b99074 : sdm: Fix memory leaks. <Dileep Marchya> 6 months ago
ec8fe35 : sdm: Fix HDMI & virtual display concurrency. <Dileep Marchya> 7 months ago
d433464 : sdm: Add interface to consider rotator during scaling validation. <Ramkumar Radhakrishnan> 7 months ago
a5b764f : sdm: Add support for minimum encryption level settings for HDCP. <Dileep Marchya> 7 months ago
55fe304 : sdm: Add SPD information for HDMI <Arun Kumar K.R> 7 months ago
06078aa : sdm: Acquire lock during hwcomposer module open and close <Ramkumar Radhakrishnan> 7 months ago
d169be9 : sdm: properly close all the fence Fds <Ping Li> 7 months ago
040a3d0 : sdm: hwc: SetRefreshRate before validate IOCTL <Arun Kumar K.R> 7 months ago
6e43f57 : sdm: Handle/set dynamic fps appropriately <Arun Kumar K.R> 7 months ago
 
**** cm:CyanogenMod/android_hardware_qcom_fm ****
d8a97a8 : fmapp2: Allow value for the default fm recording duration to be overlayed. <Ankit Gupta> 9 weeks ago
 
**** cm:CyanogenMod/android_hardware_qcom_media ****
ff3940f : mm-video-v4l2: Return correct level support for 8956 <Surajit Podder> 9 weeks ago
1fd6df0 : mm-video-v4l2: vidc: vdec: handle ftbs during reconfig and port disable <Abdulla Anam> 3 months ago
e9bacff : mm-video-v4l2: venc: check for null pointer <Maheshwar Ajja> 3 months ago
a699a13 : mm-video-v4l2: vdec: set 24 fps framerate for 4k clips <Deepak Kushwah> 3 months ago
bc9e191 : mm-video-v4l2: vidc: Fix race condition with msg thread fd close <Shalaj Jain> 5 months ago
a860362 : mm-video-v4l2: vidc: update thread names <Ashray Kulkarni> 10 months ago
8e66146 : mm-video-v4l2: Add support for prefer adaptive playback extension <Shalaj Jain> 9 months ago
41a5cfd : mm-video: Adjust stride value for planar format <Surajit Podder> 12 months ago
c40cf77 : mm-video: vidc: Reliably stop the message thread <Deepak Kushwah> 4 months ago
62f611d : Fix duplicated OMX.qcom.audio.decoder.aac entry <Keith Mok> 5 months ago
69d6d4b : media: Avoid collision with FFMPEG plugin <Steve Kondik> 4 months ago
610c356 : media: Use project pathmap <Ethan Chen> 4 months ago
dc1b1d4 : mm-video-v4l2: Unmap dropped output buffers <Surajit Podder> 5 months ago
78521c5 : Include kernel header dependency for libOmxVidcCommon <Divya Sharma> 5 months ago
f9c92f0 : mm-video-v4l2: vidc: venc: Fix hybrid HP layer count <Abdulla Anam> 6 months ago
a5dce41 : mm-video-v4l2: Enable get_param to check downscalar enablement <Surajit Podder> 6 months ago
e7743ae : mm-video-v4l2: venc: Add support to enhance hybrid Hier-p mode <Abdulla Anam> 6 months ago
75bc6a6 : mm-video-v4l2: vdec:  release buffer when qbuf to driver fails <Manikanta Kanamarlapudi> 6 months ago
cfeaf87 : mm-video-v4l2: Use client buffer header for FTB <Surajit Podder> 7 months ago
b6c736d : mm-video-v4l2: Disable intra refresh mode on msm8956/76 <Maheshwar Ajja> 6 months ago
a54c5d4 : mm-video-v4l2: vdec: fix fps issues in arbitrary mode <Ashray Kulkarni> 8 months ago
826ba8c : QCMetadata: add a new key for big buffers <Sidipotu Ashok> 7 months ago
ef3143a : QCMetadata: Add key for setBuffers API support <Manikanta Kanamarlapudi> 11 months ago
f178e8b : mm-video-v4l2: venc: support all I frame encoding usecase. <Abdulla Anam> 7 months ago
bcf4fa3 : libstagefrighthw: Add header guard to QComOMXMetadata.h and fix file perms <Deva Ramasubramanian> 7 months ago
e2d287f : mm-video-v4l2: vdec: streamoff while freeing first output buffer <Balamurugan Alagarsamy> 1 year, 4 months ago
f0fc3d0 : mm-video: Disable downscalar for non-display usecase <Surajit Podder> 10 months ago
0997c8a : mm-video: Enable HEVC software encoder OMX component. <Manikanta Sivapala> 7 months ago
8bb96de : mm-video_v4l2: pass crop nWidth and nHeight in reconfig event. <Abdulla Anam> 8 months ago
afb1469 : mm-video-v4l2: Fix downscalar issue <Surajit Podder> 7 months ago
269f6cd : mm-video-v4l2: Fix crash due to divide by zero <Surajit Podder> 7 months ago
c14558c : mm-video-v4l2: venc: initialize the member variables <Maheshwar Ajja> 7 months ago
99c2455 : mm-video-v4l2: vdec: Fix closing of file descriptor "0" <Deepak Kushwah> 7 months ago
b4d0e38 : mm-video-v4l2: venc: limit pixels value in input buffers. <Abdulla Anam> 8 months ago
1202ebd : mm-video_v4l2: pass crop nWidth and nHeight in reconfig event. <Abdulla Anam> 8 months ago
1fc82f0 : mm-video: Disable downscalar for non-display usecase <Surajit Podder> 10 months ago
6ecc67f : mm-core: update vpp related structures and enums. <Abdulla Anam> 8 months ago
56c0a51 : mm-video-v4l2: vidc: venc: fix CTS issues in vp8 encoder <Maheshwar Ajja> 8 months ago
1fe6770 : mm-core: update vpp related structures and enums. <Abdulla Anam> 8 months ago
a9c2410 : mm-video: Set correct color format to driver <Surajit Podder> 9 months ago
f2fa16b : mm-video-v4l2: vidc: venc: enable low latency mode <Maheshwar Ajja> 8 months ago
79da148 : mm-video-v4l2: null check before pointer dereference <Abdulla Anam> 8 months ago
a66ec1f : audio: Fix stale session opening of DSP audio decoder <Naresh Tanniru> 8 months ago
1171b44 : audio: Fix stale session opening of DSP audio decoder <Naresh Tanniru> 8 months ago
03f6533 : mm-video-v4l2: change variables used for reconfig height & width <Abdulla Anam> 8 months ago
6dc2004 : mm-video-v4l2: venc: Disable Bframes incase of UHD recording <Deepak Kushwah> 9 months ago
f493b73 : audio: Add support for new key kKeyByteMode <Manish Dewangan> 9 months ago
382b5b7 : mm-video-v4l2: video: add new extensions <Ashray Kulkarni> 12 months ago
b266f81 : mm-video-v4l2: venc: Add support for low latency mode <Maheshwar Ajja> 9 months ago
14c22a7 : mm-core: Add Skype extensions <Ashray Kulkarni> 12 months ago
 
**** cm:CyanogenMod/android_hardware_qcom_media ****
347b90c : libc2dcolorconvert: refer c2d header from display <Praveen Chavan> 1 year, 11 months ago
6316605 : vidc: Fix makefiles <Steve Kondik> 1 year ago
d84d430 : media: Avoid collision with FFMPEG plugin <Steve Kondik> 2 years ago
8ba01d1 : media: Use project pathmap <Ethan Chen> 1 year, 2 months ago
be989ef : audio: Add entry for ALAC/APE software component <Preetam Singh Ranawat> 5 months ago
ab3e6cf : Include kernel header dependency for libOmxVidcCommon <Divya Sharma> 5 months ago
f5b8f20 : Include kernel header dependency for libOmxVidcCommon <Divya Sharma> 5 months ago
2266025 : mm-video-v4l2: vidc: Ensure async_message_thread always exits <Arun Menon> 5 months ago
b0d352b : media : Add Max CSD values for ALAC and APE <Preetam Singh Ranawat> 6 months ago
a04219f : mm-video-v4l2: vdec: skip enabling extn_user extradata for secure session <Srinu Gorle> 5 months ago
622d480 : mm-video-v4l2: vidc: Enhance VQZIP checks <Praneeth Paladugu> 8 months ago
2b5bd8a : mm-video-v4l2: vidc: venc: Fix input extradata issues <Praneeth Paladugu> 6 months ago
ce13944 : mm-video-v4l2: vidc: vdec: Add UBWC color format support <Srinu Gorle> 5 months ago
a725170 : mm-video: venc: Initialize m_graphicBufferSize <Deva Ramasubramanian> 5 months ago
8be933c : mm-video-v4l2: vidc: vdec: Add support for downscalar in component <Srinu Gorle> 11 months ago
c29ae31 : mm-video-v4l2: vidc: Fix race condition with msg thread fd close <Shalaj Jain> 5 months ago
6a50516 : mm-video-v4l2: vdec: Fix CTS issue with color coversion <Vinay Kalia> 5 months ago
ab08584 : mm-core: Add extensions for FRC <Vinay Kalia> 5 months ago
b12f245 : mm-video-v4l2: Handle async_message_thread error <Arun Menon> 6 months ago
9952fd8 : mm-core: Add secure component registry entry <Vikash Garodia> 6 months ago
8d855cc : mm-video: common: update OmxVidcCommon dependency list <Srinu Gorle> 6 months ago
3c3fe6c : mm-video-v4l2: vdec: Change preferred color format default order <Arun Menon> 6 months ago
c73daac : mm-video-v4l2: Add registry entry for openmax components. <Vikash Garodia> 6 months ago
bcb448c : mm-video: swvdec: Add SwVdec registry entries for 8937. <Manikanta Sivapala> 6 months ago
e592d0a : mm-video: swvdec: Add SwVdec OMX component. <Manikanta Sivapala> 6 months ago
41cf898 : mm-core: Update the correct instance index for storing VPP handle <Praneeth Paladugu> 6 months ago
c8827e2 : mm-video-v4l2: vidc: Allocate secure bitstream buffers from CMA <Shalaj Jain> 6 months ago
cf6d469 : mm-video: vidc: Fully drainbuffers from the driver if batch not complete <Deva Ramasubramanian> 6 months ago
093280d : mm-core: Unload the component library after the session is done <Praneeth Paladugu> 6 months ago
45267c8 : Remove msm8937 due to missing HY11 rule <Naveen Kumar> 6 months ago
fb36868 : mm-video: venc: Revert Venus native support for RGBA8888 <Deva Ramasubramanian> 6 months ago
1c7b346 : mm-video: swvenc: Add pure virtual functions. <Manikanta Sivapala> 6 months ago
0ec71b0 : mm-video: Add extensions to enable and configure ROI QP info <Vinay Kalia> 7 months ago
db88209 : audio: remove duplicate instances of aac decoder <Mingming Yin> 6 months ago
b04a903 : mm-video-v4l2: vdec: Fix a bug with C2D and DROPPED_FRAME <Vinay Kalia> 6 months ago
183f501 : mm-video-v4l2: vidc: Add null checks in async_message_process <Arun Menon> 6 months ago
fbdcaba : mm-video-v4l2: Add support for VP9 secure decoder <Shalaj Jain> 9 months ago
a935f80 : mm-video: swvenc: Add SwVenc registry entries for 8937. <Manikanta Sivapala> 6 months ago
f3f1e00 : QCMetadata: add a new key for big buffers <Sidipotu Ashok> 7 months ago
be1c0e3 : mm-video: vidc: Adjust performance level only after STREAMON <Deva Ramasubramanian> 6 months ago
6f6f5fb : mm-video-v4l2: vidc: venc: Fix hybrid HP layer count <Ashray Kulkarni> 6 months ago
144b092 : mm-video: venc: Get rid of PREPARE_BUF on input port <Vinay Kalia> 6 months ago
431e6b1 : mm-video-v4l2: vdec: fix fps issues in arbitrary mode <Ashray Kulkarni> 8 months ago
edd1b09 : mm-video-v4l2: vidc: vdec: Put decoder sessions in TURBO <Praneeth Paladugu> 9 months ago
07a4eca : libc2dcolorconvert: Fix height alignment issue with RGBA formats <Rajesh Sastrula> 7 months ago
c826460 : mm-video-v4l2: venc: Add support to enhance hybrid Hier-p mode <Ashray Kulkarni> 10 months ago
c08fc90 : mm-core: Add registry entry for titanium <Srinu Gorle> 7 months ago
94af4ea : mm-video: Add opaque color format support to MPEG-4 SwVenc. <Manikanta Sivapala> 7 months ago
f4e1426 : mm-video-v4l2: Do not send error to client once in loaded state <Shalaj Jain> 7 months ago
bf75c1c : mm-video-v4l2: vdec: Add range check before native_buffer usage <Arun Menon> 7 months ago
 
**** cm:CyanogenMod/android_hardware_ti_omap4 ****
c0ab422 : camera: fix large tiler memory leakages <Luden> 5 days ago
 
**** cmold:android_kernel_lge_g3 ****
233c72e : g3-kernel: fix slimport <Hendrik Hagendorn> 35 hours ago
1e5f590 : g3-kernel: slimport: remove leftovers <Hendrik Hagendorn> 2 days ago
 
**** cmold:android_kernel_motorola_msm8916 ****
cb99dd6 : cluster_plug: always try to enable little cluster <Sultan Qasim Khan> 3 days ago
 
**** cmold:android_kernel_oneplus_msm8974 ****
9a2d77c : lowmemorykiller: Get back to sane state after cleanup <Liam Mark> 3 years, 7 months ago
b34478c : ASoC: wcd9320: Change headphone CnP settings <Sudheer Papothi> 1 year, 7 months ago
725a248 : ASoC: msm: qdsp6v2: add integer overflow check <Aravind Kumar> 1 year, 8 months ago
 
**** github:ashwinr64/android_kernel_oneplus_onyx ****
5d85b10 : onyx: Set CONFIG_HZ to 300 <Steve Kondik> 9 days ago
89341b7 : ARM: dts: msm8x74: Switch to msec idle-timeout <Ashwin Ramesh> 21 hours ago
8ce6344 : msm: kgsl: Fix direct references to HZ <Ajay Dudani> 5 months ago
585696a : arm: mach-msm: pil-msa: Set the strongly-ordered attribute on DMA allocations <Vikram Mulukutla> 1 year, 8 months ago
 
**** vanir:kernel_samsung_jf ****
1f5bfcb : cpufreq: interactive: turn boost_pulse off on boost off <Ruchi Kandoi> 2 years, 1 month ago
7da5415 : cpufreq: cpu-boost: Resolve deadlock when waking up sync thread <Srivatsa Vaddagiri> 2 years, 4 months ago
2b2d255 : cpufreq: cpu-boost: Re-issue boosts above minimum frequency <Patrick Cain> 2 years, 1 month ago
ea2dda2 : cpufreq: cpu-boost: Resolve deadlock when waking up sync thread <Swetha Chikkaboraiah> 1 year, 1 month ago
7e660e2 : cpufreq: ondemand: Resolve deadlock when waking up dbs sync thread <Swetha Chikkaboraiah> 1 year ago
172f467 : cpufreq: ondemand: Remove unnecessary synchronization attempt <Srivatsa Vaddagiri> 2 years, 5 months ago
 
**** vanir:kernel_samsung_klte ****
f2595ee : klte: Set CONFIG_HZ to 300 <Steve Kondik> 9 days ago
0437067 : video: mdss: Color temperature interface using PCC <Steve Kondik> 1 year, 2 months ago
 
**** cmold:android_kernel_sony_apq8064 ****
72f4111 : underp sound includes <Georg Veichtlbauer> 5 days ago
4ece179 : staging: prima: update to LA.AF.1.1_rb1.18 <Georg Veichtlbauer> 10 days ago
 
**** cmold:android_kernel_sony_msm8x27 ****
54fa154 : nicki_defconfig: set CONFIG_HZ to 300 <Tim Murray> 5 months ago
b35b13c : msm: kgsl: Fix direct references to HZ <Ajay Dudani> 5 months ago
 
**** github:CyanogenMod/android_kernel_xiaomi_cancro ****
4301fbd : cancro: mdss: disable sre sysfs <jrizzoli> 2 days ago
0a42489 : msm_rmnet: Kill logspam <Steve Kondik> 12 days ago
 
**** vanir:platform_manifest ****
90a9de2 : manifest: Add Weather Underground weather provider service sample. <Adnan Begovic> 5 days ago
b1979b5 : Add json-c for 8996 builds <Scott Mertz> 5 days ago
 
**** vanir:packages_apps_Bluetooth ****
2c9c545 : Ensure synchronized access of JNI callback object <Ayan Ghosh> 3 months ago
674c089 : DO NOT MERGE Enhance AVRCP Absolute Volume control implementation <Liejun Tao> 4 months ago
a71eb12 : DO NOT MERGE Read Bluetooth interop database entries from settings (2/2) <Andre Eisenbach> 3 months ago
eb6e43c : Fix memory leak in Bluetooth AVRCP JNI <Casper Bonde> 4 months ago
b026d70 : [DO NOT MERGE ANYWHERE] Null terminate MAP instance information <Ajay Panicker> 4 months ago
 
**** vanir:packages_apps_CarrierConfig ****
49b017a : Import national-roaming settings from f/b <Ricardo Cerqueira> 5 days ago
 
**** vanir:packages_apps_Dialer ****
6167f42 : NPE: check that cn is null and return <Stephen Bird> 3 days ago
416100f : Fix crash in Settings when clicking on Phone Number Lookup <Rohit Yengisetty> 4 days ago
9f9dfa5 : Settings: Add back Accessibility <Stephen Bird> 4 days ago
2366ded : Improvements to Nudges <Stephen Bird> 3 weeks ago
9e8223e : Search: Show FAB in the right place <Stephen Bird> 5 days ago
fcd9f77 : Quick search results: fix to match selected item in spinner <Stephen Bird> 5 days ago
e8dc4e8 : Add metrics event for selecting call method <Stephen Bird> 7 days ago
93b791a : Convert call log and call stats details to new contact blocking code. <Danny Baumann> 12 days ago
5d89d62 : Call Statistics: fix NPE on rotation <Raj Yengisetty> 5 days ago
 
**** vanir:packages_apps_InCallUI ****
b436d85 : Revert and modify "Change in InCallAPI handover button UI" <Richard MacGregor> 7 days ago
 
**** cm:CyanogenMod/android_packages_apps_Messaging ****
2f91193 : Revert "Implement lookup provider for 4x3 and 3x3 widget" <DHOMD> 55 minutes ago
4052475 : Implement lookup provider for 4x3 and 3x3 widget <Martin Brabham> 9 weeks ago
33e9316 : Bring back original color <fonz93> 2 weeks ago
22d92d6 : Text/Multimedia message limit feature <tnmy-cyngn> 11 days ago
 
**** cm:CyanogenMod/android_packages_apps_Screencast ****
1b416a4 : Screencast: cleanup <jrizzoli> 32 hours ago
 
**** vanir:packages_apps_Settings ****
7de366b : Settings: fix incorrect default sim/sms/data selection logic <Roman Birg> 3 days ago
9184afb : Themes: Add tint mode so custom icons can show in power usage detail <Randall Rushing> 3 weeks ago
 
**** cm:CyanogenMod/android_packages_apps_Snap ****
1f7404e : Snap: Add support for focus distance <Steve Kondik> 5 days ago
 
**** vanir:packages_apps_soundrecorder ****
bbd3c55 : SoundRecorder: cleanup <jrizzoli> 32 hours ago
 
**** cm:CyanogenMod/android_packages_providers_WeatherProvider ****
ece43f8 : Check for default WeatherInfo values <Luis Vidal> 5 days ago
 
**** vanir:packages_services_Telecomm ****
fb92b65 : Telecom: refresh missed call notification on locale change <Roman Birg> 12 days ago
 
**** vanir:system_bt ****
87c9691 : add medianav to unsupported device for hfp 1.7 <Jean-Bernard Damiano> 29 hours ago
3ddadd2 : DO NOT SUBMIT Revert "DO NOT MERGE Blacklist devices for absolute volume control" <Akshay Thakker> 6 weeks ago
3f448e4 : DO NOT MERGE Blacklist devices for absolute volume control <Andre Eisenbach> 5 months ago
11b7a84 : DO NOT MERGE Remove Porsche car-kit pairing workaround <Andre Eisenbach> 3 months ago
a347893 : DO NOT MERGE Add ability to add interop entries dynamically (2/2) <Andre Eisenbach> 3 months ago
 
**** vanir:system_core ****
408bb87 : fastboot: add ZTE to the list of known vendors <sndnvaps> 5 days ago
 
**** cm:CyanogenMod/cm_platform_sdk ****
e41c292 : livedisplay: Fix three bugs <Steve Kondik> 2 days ago
bf5261c : CMSettings: add CM_SETUP_WIZARD_COMPLETED key <Roman Birg> 10 days ago
7a4fed9 : livedisplay: Always check for transition <Steve Kondik> 4 days ago
b00c945 : livedisplay: Bugfixes and cleanups <Steve Kondik> 9 days ago
 
**** commotio:commotio ****
911c2ab : Bump 106 <DHOMD> 4 days ago
 
**** vanir:vendor_lge ****
9baf120 : Fix qcrilhook jar dex derp <Abhisek Devkota> 5 days ago
 
**** github:TheMuppets/proprietary_vendor_oppo ****
a343e7a : msm8939: Remove cnss-daemon <Michael Bestas> 5 days ago
0601005 : f1f: Blob updates <Brinly Taylor> 33 hours ago
 
**** vanir:vendor_samsung ****
4a78d32 : smdk4412-common: opensource libfimc <Simon Shields> 3 weeks ago
 
**** vanir:vendor_vanir ****
7b080fa : Update Ambient SDK to 1.5.5 <Raj Yengisetty> 3 days ago
3da8d87 : sepolicy: Allow recovery to mount on tmpfs <Pat Erley> 6 days ago
a5e53f8 : Update Ambient SDK to 1.5.3 <Matt Garnes> 5 days ago
 
