
**** vanir:bootable_recovery ****
a6a4c8a : recovery: Fix mount_for_wipe <Pat Erley> 2 days ago
c7610f2 : recovery: Fix recursive rm wipe of data <Pat Erley> 2 weeks ago
 
**** samba:ccache.git ****
dbbe87e : Always run the unit tests during check <Anders Björklund> 3 weeks ago
 
**** vanir:device_lge_g3-common ****
1f84cd0 : g3: Temporarily disable hw avc decoder <Hendrik Hagendorn> 31 hours ago
0132560 : g3: turn on TARGET_USE_COMPAT_GRALLOC_ALIGN <Jim Wilson> 11 days ago
c5f6034 : g3: remove liboemcrypto <bryan2894> 2 days ago
684c8cb : g3: snap: enable lge hdr mode <codeworkx> 3 weeks ago
31ecc50 : g3: Snap: set preview size for photo via overlay <codeworkx> 3 weeks ago
 
**** cm:CyanogenMod/android_device_lge_g4-common ****
393b868 : g4: ril: fix manual network selection <codeworkx> 8 hours ago
bf4db35 : g4: move baseband version service into seperate file <codeworkx> 31 hours ago
e7972e4 : g4: quickcircle: remove wakelock <codeworkx> 33 hours ago
 
**** vanir:device_motorola_omap4-common ****
17f9209 : omap4-common: use common ti/omap4 sepolicy and init <Michael Gernoth> 4 days ago
 
**** vanir:device_oneplus_bacon ****
66d6a5c : bacon: camera: Restore 1440x1080 preview resolution <Jim Wilson> 4 days ago
bad86b6 : Revert "Revert "bacon: Re-introduce old-modem hack"" <Scott Mertz> 2 days ago
2be75db : bacon: Adjust power config <Steve Kondik> 5 days ago
 
**** cm:CyanogenMod/android_device_oneplus_onyx ****
022837d : onyx: introduce dtbToolONYX <Willi Ye> 3 days ago
41bd0f2 : Revert "onyx: Prebuilt dt.img" <Thecrazyskull> 2 days ago
 
**** cm:CyanogenMod/android_device_oppo_msm8974-common ****
9122c2e : msm8974: Adjust power config <Steve Kondik> 5 days ago
e4aea3f : msm8974: Reduce GPS logging level <Ethan Chen> 2 days ago
 
**** vanir:device_samsung_t0lte ****
8a5ae1d : Update audio configurations <rogersb11> 5 days ago
 
**** cm:CyanogenMod/android_device_sony_rhine-common ****
26adeae : rhine: adoptable MicroSD <David Viteri> 3 months ago
dbe2c83 : rhine: remove double packages <David Viteri> 4 months ago
333e820 : rhine: Remove persist.sys.usb.config override <Nick Kralevich> 3 months ago
 
**** cm:CyanogenMod/android_device_sony_shinano-common ****
7ad7ba5 : add missing radio permission <Giulio Cervera> 2 days ago
754ce18 : remove com.android.future.usb.accessory <Giulio Cervera> 2 days ago
60612d0 : Remove persist.sys.usb.config override <Giulio Cervera> 2 days ago
 
**** vanir:device_xiaomi_armani ****
096d789 : CameraWrapper: Enable touch af aec <fefifofum> 2 days ago
88f41b4 : Cleanup cmdline <fefifofum> 2 days ago
0a24fb2 : Don't set default telephony network from init <fefifofum> 2 days ago
 
**** vanir:frameworks_base ****
e94af6a : SystemUI: add better hints when trying to delete edit tile <Roman Birg> 4 days ago
 
**** cm:CyanogenMod/android_hardware_qcom_audio ****
26eab94 : post_proc: include BT A2DP headset for BassBoost effect <Dhananjay Kumar> 8 months ago
f9cdf29 : post_proc: fix copyright marking for bass_boost.h <Dhananjay Kumar> 10 months ago
8d3ca75 : post_proc: add PBE effect for speaker <Dhananjay Kumar> 1 year, 8 months ago
19fc911 : hal: pass samplerate as is to tiny compress. <Ravi Kumar Alamanda> 1 year, 3 months ago
e281b53 : Revert "hal: Fix voice session setup failure" <Shiv Maliyappanahalli> 6 months ago
cbee005 : audiopolicy: Fixed build error <Pavan Chikkala> 8 weeks ago
b43b922 : hal: add support for AudioSphere effects. <Dhananjay Kumar> 9 months ago
4f0cc57 : hal: Support config selection for playback on speaker <Amit Shekhar> 1 year, 4 months ago
515e481 : audiopolicy: Fixed build error <Pavan Chikkala> 8 weeks ago
dbcce50 : hal: Port wcd9326 changes to 8909 <Manish Dewangan> 10 months ago
410c530 : hal: update error handling for pcm_prepare failures <Ravi Kumar Alamanda> 4 months ago
ff79309 : hal: fix compilation issues with audio FM extention <Ramjee Singh> 2 months ago
762d7eb : policy_hal: add support for fm device loopback <Ramjee Singh> 2 months ago
7c418f9 : audio_policy: modify few methods to appropriately override base <Ramjee Singh> 9 weeks ago
8b12163 : audio: Add support to enable split A2DP <Ramlal Karra> 11 months ago
550c6a0 : hal: fix compilation issues with audio FM extention <Ramjee Singh> 2 months ago
8b8bfef : policy_hal: add support for fm device loopback <Ramjee Singh> 2 months ago
e0f993c : audio_policy: modify few methods to appropriately override base <Ramjee Singh> 2 months ago
8944e04 : Revert "policy_hal: Function prototype correction for custom policy". <Ramjee Singh> 2 months ago
a0559fa : Revert "Revert "policy_hal: Function prototype correction for custom policy"." <Ramjee Singh> 10 weeks ago
6f95516 : Merge DAX2 changes <Gao Jie> 3 months ago
c073923 : Revert "policy_hal: Function prototype correction for custom policy". <Ramjee Singh> 2 months ago
104f38b : hal: add support to offload VORBIS, ALAC  formats <Satya Krishna Pindiproli> 9 months ago
790d462 : policy_hal: Add voip changes to audio policy <Karthik Reddy Katta> 7 months ago
218ce44 : policy-hal: Fix for alarm tone heard even after dismissing. <Ramjee Singh> 4 months ago
3f5668a : policy-hal: fix glitch in playback while applying setForceUse <Dhananjay Kumar> 5 months ago
d45aae8 : hal: add a new key to query for decoder viability <Sidipotu Ashok> 5 months ago
 
**** cm:CyanogenMod/android_hardware_qcom_audio ****
b73a764 : audio: Extend platform parser to allow device name aliasing <Ethan Chen> 1 year, 5 months ago
64387ed : hal: Fix voice call recording <solk2> 1 year, 5 months ago
91c7d6b : hal: Fix digital USB headset combo device <Steve Kondik> 1 year, 5 months ago
be6fdfc : hal: Clean up compilation warnings <Steve Kondik> 1 year, 2 months ago
13ba1b4 : hal: Add support for audio amplifier HAL <Ethan Chen> 2 years, 8 months ago
381b7a0 : audio: Configure CM default feature set <Steve Kondik> 1 year, 2 months ago
b25084a : hal: Allow building hardware audio encoders <Arne Coucheron> 1 year ago
f48de3d : audio: Use project pathmap <Ethan Chen> 5 weeks ago
1362fc7 : audio: Only allow non-legacy HAL <Ethan Chen> 5 weeks ago
b5b6d33 : hal: Update format table with AAC ADTS formats. <Ashish Jain> 2 months ago
102616d : HAL: Identify the track offload session <Sharad Sangle> 7 weeks ago
d7eaf2b : HAL: Identify Track offload session <Alexy Joseph> 3 months ago
8c21ad7 : Merge DAX2 changes <Gao Jie> 3 months ago
12467a1 : hal: Use AUDIO_TX_MONO_COPP topology for incall record usecases <Karthik Reddy Katta> 3 months ago
 
**** cm:CyanogenMod/android_hardware_qcom_display ****
845cb50 : gralloc: allow forcing old pixel alignment <Sultan Qasim Khan> 3 weeks ago
696adeb : gralloc: fall back to old pixel alignment on old blobs <Sultan Qasim Khan> 7 weeks ago
fc0fbbc :  hwc: hdmi: Fix compilation with new HDMI resolutions <Sachin Bhayare> 3 weeks ago
 
**** cm:CyanogenMod/android_hardware_qcom_display ****
a74edfb : hwc: Remove references to display-frameworks <Ethan Chen> 3 weeks ago
c7cce05 : hwc: Fix compile errors after display-frameworks removal <Arne Coucheron> 3 weeks ago
b375570 : hwc: Support for QDCM Preference when PU enabled <Nitesh Gupta> 6 weeks ago
cc1ec84 : hwc: Set ioprio for vsync thread <Steve Kondik> 4 months ago
7516867 : Don't build lights module if vendor supplies it <Steve Kondik> 1 year, 3 months ago
730d245 : Revert "hqd: Use MSM_VIDC_TARGET_LIST for Venus color format" <Ethan Chen> 5 weeks ago
bc1215a : display: Use project pathmap <Ethan Chen> 1 year, 3 months ago
c324d73 : hwc: Set DefaultMode after bootup completion <Ramakant Singh> 8 weeks ago
8a6e7c9 : gralloc: Add a private flag for INTERNAL only <Arun Kumar K.R> 5 months ago
394c830 : hwc: Donot update dynamic-fps when device is not active <Ramakant Singh> 4 months ago
8f21571 : hwc: Do not wait for MDSS fence for layers with rotation <Dileep Kumar Reddi> 4 months ago
d2c5ca0 : hwc: Start with ROI set to destination <Arun Kumar K.R> 3 months ago
9ef4d8c : hwc: Set minfps as part of timeout_handler during idlefallback <Ramakant Singh> 4 months ago
0d616ba : Revert "hwc: Relax format change restrictions for certain targets" <Dileep Kumar Reddi> 4 months ago
213ead5 : Default flexible YUV format to NV21 <Tanmaya Godbole> 5 months ago
ed75fdb : hwc: Reset refresh-rate for few cases as part of timeout handler <Dileep Kumar Reddi> 4 months ago
56ed396 : gralloc: Add support for PRIV_FLAGS_DISP_CONSUMER <Surajit Podder> 7 months ago
a2d5295 : hwc: Support ActionSafe on targets with non-scaling RGB pipes. <Sandeep Panda> 5 months ago
248378d : gralloc: Use adreno_utils api for NV21 and NV12 alignment <Sushil Chauhan> 5 months ago
037d21d : hwc: Use basePipe for fullscreen and opaque layer <Pullakavi Srinivas> 5 months ago
77ec4ef : gralloc: Modify check for uncompressed RGB buffers <Naomi Luis> 5 months ago
449fbe0 : hwc: Use aligned width and height <Dileep Kumar Reddi> 5 months ago
02dbc50 : Revert "HWC: use aligned width and height for rearranging ROI" <Dileep Kumar Reddi> 5 months ago
cd7217a : hwc: Support ActionSafe on targets with non-scaling RGB pipes. <Sandeep Panda> 5 months ago
eed742d : overlay: add tertiary display definition in overlay <Vinu Deokaran> 5 months ago
a029479 : hwc: Validate display ID in hwc interface <Arun Kumar K.R> 5 months ago
09441c1 : gralloc: Add missing changes related to RAW16 <Raj Kamal> 6 months ago
7ea10c5 : hwc: Use basePipe for fullscreen and opaque layer <Pullakavi Srinivas> 5 months ago
c039f6e : hwc: Use aligned width and height <Dileep Kumar Reddi> 5 months ago
60cbe72 : Revert "HWC: use aligned width and height for rearranging ROI" <Dileep Kumar Reddi> 5 months ago
2e918bf : hwc: Avoid idlefallback during video playback <Raj Kamal> 5 months ago
fbe5a60 : HWC: use aligned width and height for rearranging ROI <Dileep Kumar Reddi> 5 months ago
597b313 : hwc: Featurize HWC_DISPLAY_SECURE <Raj Kamal> 5 months ago
eb4d7a6 : hwc: Use HWC_DISPLAY_NO_ATTRIBUTE as terminator. <Prabhanjan Kandula> 5 months ago
410ba7c : hwc : Normalize source crop before validating scaling limits. <Prabhanjan Kandula> 6 months ago
95fef31 : hwc: Relax format change restrictions for certain targets <Dileep Kumar Reddi> 6 months ago
42a1c98 : hwc: Changes for display-hal compilation with QTI_BSP enabled <Ramakant Singh> 6 months ago
c772eec : hwc: Do not use Borderfill pipe for composition in WFD <Dileep Kumar Reddi> 6 months ago
e5268fd : hwc/overlay: Pass handle w/h and crop w/h through fb_image field <Arun Kumar K.R> 6 months ago
5d39f02 : hwc: Log warning instead of mHDMIClient object not available <Dileep Kumar Reddi> 6 months ago
55b3489 : hwc: Ignore float-conversion for included headers <Naseer Ahmed> 6 months ago
82fe9c6 : hwc: Do not consider rotation for smart blit <Ramakant Singh> 6 months ago
dd689ff : hwc: Do not create idle invalidator for MDP3 targets <Dileep Kumar Reddi> 6 months ago
c58836b : hwc: Align ROI's width and height in both directions <Dileep Kumar Reddi> 6 months ago
19f2250 : hwc: Fix SF crash due to SIGSEGV error <Raj Kamal> 6 months ago
598dc49 : hwc: use surfaceDamage to calculate the dirtyrect as per HWC 1.5 <Arun Kumar K.R> 6 months ago
26959dc : hwc: Fix SF crash due to SIGSEGV error <Raj Kamal> 6 months ago
5bdafcd : hwc: Do not consider invalid dirty rect for calculation <Ramakant Singh> 7 months ago
58f6540 : hwc: Align ROI when PingPong Split is enabled <Dileep Kumar Reddi> 6 months ago
ea846c8 : hwc: bringup HDMI on 8976 <Dileep Kumar Reddi> 6 months ago
 
**** cm:CyanogenMod/android_hardware_qcom_media ****
aecbc7a : mm-video-v4l2: handle flush done as buffer_done and not as cmd_done <Ashray Kulkarni> 8 months ago
 
**** cm:CyanogenMod/android_hardware_qcom_media ****
62f611d : Fix duplicated OMX.qcom.audio.decoder.aac entry <Keith Mok> 8 weeks ago
69d6d4b : media: Avoid collision with FFMPEG plugin <Steve Kondik> 5 weeks ago
610c356 : media: Use project pathmap <Ethan Chen> 5 weeks ago
dc1b1d4 : mm-video-v4l2: Unmap dropped output buffers <Surajit Podder> 7 weeks ago
78521c5 : Include kernel header dependency for libOmxVidcCommon <Divya Sharma> 2 months ago
f9c92f0 : mm-video-v4l2: vidc: venc: Fix hybrid HP layer count <Abdulla Anam> 3 months ago
a5dce41 : mm-video-v4l2: Enable get_param to check downscalar enablement <Surajit Podder> 3 months ago
e7743ae : mm-video-v4l2: venc: Add support to enhance hybrid Hier-p mode <Abdulla Anam> 3 months ago
75bc6a6 : mm-video-v4l2: vdec:  release buffer when qbuf to driver fails <Manikanta Kanamarlapudi> 3 months ago
cfeaf87 : mm-video-v4l2: Use client buffer header for FTB <Surajit Podder> 4 months ago
b6c736d : mm-video-v4l2: Disable intra refresh mode on msm8956/76 <Maheshwar Ajja> 4 months ago
a54c5d4 : mm-video-v4l2: vdec: fix fps issues in arbitrary mode <Ashray Kulkarni> 5 months ago
826ba8c : QCMetadata: add a new key for big buffers <Sidipotu Ashok> 4 months ago
ef3143a : QCMetadata: Add key for setBuffers API support <Manikanta Kanamarlapudi> 8 months ago
f178e8b : mm-video-v4l2: venc: support all I frame encoding usecase. <Abdulla Anam> 4 months ago
bcf4fa3 : libstagefrighthw: Add header guard to QComOMXMetadata.h and fix file perms <Deva Ramasubramanian> 4 months ago
e2d287f : mm-video-v4l2: vdec: streamoff while freeing first output buffer <Balamurugan Alagarsamy> 1 year, 1 month ago
f0fc3d0 : mm-video: Disable downscalar for non-display usecase <Surajit Podder> 7 months ago
0997c8a : mm-video: Enable HEVC software encoder OMX component. <Manikanta Sivapala> 4 months ago
8bb96de : mm-video_v4l2: pass crop nWidth and nHeight in reconfig event. <Abdulla Anam> 5 months ago
afb1469 : mm-video-v4l2: Fix downscalar issue <Surajit Podder> 5 months ago
269f6cd : mm-video-v4l2: Fix crash due to divide by zero <Surajit Podder> 4 months ago
c14558c : mm-video-v4l2: venc: initialize the member variables <Maheshwar Ajja> 5 months ago
99c2455 : mm-video-v4l2: vdec: Fix closing of file descriptor "0" <Deepak Kushwah> 5 months ago
b4d0e38 : mm-video-v4l2: venc: limit pixels value in input buffers. <Abdulla Anam> 5 months ago
1202ebd : mm-video_v4l2: pass crop nWidth and nHeight in reconfig event. <Abdulla Anam> 5 months ago
1fc82f0 : mm-video: Disable downscalar for non-display usecase <Surajit Podder> 7 months ago
6ecc67f : mm-core: update vpp related structures and enums. <Abdulla Anam> 5 months ago
56c0a51 : mm-video-v4l2: vidc: venc: fix CTS issues in vp8 encoder <Maheshwar Ajja> 5 months ago
1fe6770 : mm-core: update vpp related structures and enums. <Abdulla Anam> 5 months ago
a9c2410 : mm-video: Set correct color format to driver <Surajit Podder> 6 months ago
f2fa16b : mm-video-v4l2: vidc: venc: enable low latency mode <Maheshwar Ajja> 6 months ago
79da148 : mm-video-v4l2: null check before pointer dereference <Abdulla Anam> 5 months ago
a66ec1f : audio: Fix stale session opening of DSP audio decoder <Naresh Tanniru> 5 months ago
1171b44 : audio: Fix stale session opening of DSP audio decoder <Naresh Tanniru> 5 months ago
03f6533 : mm-video-v4l2: change variables used for reconfig height & width <Abdulla Anam> 6 months ago
6dc2004 : mm-video-v4l2: venc: Disable Bframes incase of UHD recording <Deepak Kushwah> 6 months ago
f493b73 : audio: Add support for new key kKeyByteMode <Manish Dewangan> 6 months ago
382b5b7 : mm-video-v4l2: video: add new extensions <Ashray Kulkarni> 9 months ago
b266f81 : mm-video-v4l2: venc: Add support for low latency mode <Maheshwar Ajja> 6 months ago
14c22a7 : mm-core: Add Skype extensions <Ashray Kulkarni> 9 months ago
f85c11c : mm-video-v4l2: Set IDR period for HEVC encoder <Surajit Podder> 6 months ago
16baeda : Revert "mm-video-v4l2: vidc: venc: Update color conversion decision" <Srinu Gorle> 6 months ago
fceb6d1 : mm-video-v4l2: video: Add support to enable Maxhierp layer <Deepak Kushwah> 6 months ago
6e3b671 : Revert "mm-video-v4l2: vidc: venc: Set V4L2_CID_MPEG_VIDC_SET_PERF_LEVEL control" <Deepak Kushwah> 6 months ago
970b439 : mm-video-v4l2: venc: close message pipes safely <Praveen Chavan> 9 months ago
5148806 : mm-video-v4l2: venc: report HW overload as insufficientResources <Praveen Chavan> 9 months ago
39fa84b : mm-video-v4l2: vdec: Handle empty EOS buffer <Praveen Chavan> 8 months ago
1e92b3c : mm-video-v4l2: venc: update allocation-size check for meta-buffer <Praveen Chavan> 7 months ago
b716acd : mm-video-v4l2: vidc: add support for setting operating-rate <Praveen Chavan> 9 months ago
 
**** cm:CyanogenMod/android_hardware_ti_omap4 ****
d3699e4 : Add common omap4 init file <Ziyan> 6 days ago
f3f7678 : Add common sepolicy <Ziyan> 6 days ago
 
**** cmold:android_kernel_google_msm ****
b4a11db : Revert "Revert "cpufreq: ondemand: Use hotplug thread infrastructure"" <Abhisek Devkota> 30 hours ago
899e86a : Revert "cpufreq: ondemand: Use interruptible wait to not affect load average" <Abhisek Devkota> 30 hours ago
d3346ba : Revert "cpufreq: ondemand: Remove input boost" <Abhisek Devkota> 30 hours ago
11852c0 : msm: kgsl: Fix priority of thread during adreno start <Zhao Wei Liew> 35 hours ago
568f0f7 : display: JDI: Keep backlight on when shutting down LCD <Zhao Wei Liew> 4 days ago
b3c0bd6 : display: flo: Use usleep to have precise timing <Zhao Wei Liew> 4 days ago
74e1097 : video: msm: Fixes for new panel power states <Zhao Wei Liew> 4 days ago
5e90fd4 : msm: mdp: Add support for display always on mode <Ethan Chen> 9 months ago
edab98d : ext4: fix unjournaled inode bitmap modification <Eric Sandeen> 3 years, 3 months ago
5905a83 : msm: display: Limit dynamic fps feature only to MIPI video panels. <Vishnuvardhan Prodduturi> 2 years, 9 months ago
254d6a6 : sched/rt: Reduce rq lock contention by eliminating locking of non-feasible target <Tim Chen> 1 year, 2 months ago
1cfce5e : mm: vmscan: fix inappropriate zone congestion clearing <Johannes Weiner> 3 years, 2 months ago
dd6b210 : mm: vmscan: fix the page state calculation in too_many_isolated <Vinayak Menon> 1 year, 1 month ago
c295766 : mm: vmscan: lock page on swap error in pageout <Vinayak Menon> 1 year, 2 months ago
1837ff0 : arm: lib: Fix makefile issue <Hong-Mei Li> 2 years, 10 months ago
c2db0a7 : msm: memutils:  memcpy, memmove, copy_page optimization <Chris Fries> 2 years, 10 months ago
42eb4d5 : jiffies: Fix timeval conversion to jiffies <Andrew Hunter> 1 year, 5 months ago
73cd4e6 : msm: kgsl: Elevate the priority of the thread during adreno start <Jordan Crouse> 1 year, 2 months ago
4f39008 : msm: kgsl: Keep the GPU from going into a slumber after a touch event <Jordan Crouse> 1 year, 5 months ago
3463cc7 : msm: kgsl: Wake up GPU only for touch events <Sunil Khatri> 1 year, 3 months ago
f13d6fd : msm: kgsl: Add an input handler to power up the GPU on a touch event <Jordan Crouse> 2 years, 2 months ago
5e32924 : msm: kgsl: Allow GPU start to run in a high priority queue <Jordan Crouse> 2 years, 2 months ago
7df53ac : msm: kgsl: Do not detect faults when GPU core is idle <Tarun Karra> 1 year, 11 months ago
e2f15dd : Staging: android: binder: Allow using highmem for binder buffers <Arve Hjønnevåg> 3 years, 3 months ago
0fb2c67 : binder: NULL pointer reference <Paresh Nakhe> 1 year, 10 months ago
09e4f12 : staging: android: binder: More offset validation. <Arve Hjonnevag> 1 year, 10 months ago
776f194 : staging: binder: add vm_fault handler <Vinayak Menon> 1 year, 8 months ago
ac1f4d1 : msm: kgsl: Fix Z180 memory leak <Hareesh Gundu> 1 year, 10 months ago
618b020 : msm: msm_bus: Fix the type error causing bandwidth overflow <Alok Chauhan> 2 years, 4 months ago
0399502 : msm: mpm-of: set wakeup interrupt as NO_SUSPEND <Mahesh Sivasubramanian> 1 year, 11 months ago
130e718 : msm: buspm: Correct size type in buspm_xfer_req <Sana Venkat Raju> 2 years, 2 months ago
b025421 : msm: mpm-of: Fix NULL pointer and buffer overflow errors <Mahesh Sivasubramanian> 2 years, 6 months ago
cc363ed : qcom: mpm-of: fix bug in finding the pending interrupts <Murali Nalajala> 1 year, 11 months ago
f11b976 : msm: mpm-of: Fix buffer overflow errors. <Mahesh Sivasubramanian> 2 years, 10 months ago
1b27e9e : SELinux: Fix memory leak upon loading policy <Tetsuo Handa> 2 years, 1 month ago
f2481fb : selinux: Fix Kernel panic due to NULL pointer dereference <Satya Durga Srinivasu Prabhala> 2 years, 4 months ago
d3ac10a : msm: cpuidle: use format string in snprintf <Murali Nalajala> 2 years, 3 months ago
54a9efc : msm: idle-v7: flush non secure L1 cache lines for l2 GDHS LPM mode <Murali Nalajala> 2 years, 4 months ago
c82c34a : thermal: tsens8960: Increase the polling rate <Siddartha Mohanadoss> 3 years, 4 months ago
010b278 : block: blk-core: add printk_ratelimit <Asutosh Das> 2 years, 11 months ago
0a91492 : mm/page-writeback.c: do not count anon pages as dirtyable memory <Johannes Weiner> 2 years ago
2678ab5 : mm/page-writeback.c: fix dirty_balance_reserve subtraction from dirtyable memory <Johannes Weiner> 2 years ago
ba4de4c : cpufreq: cpu-boost: Remove policy update for source CPU <Zhao Wei Liew> 10 days ago
5c215b9 : ARM: 7877/1: use built-in byte swap function <Kim Phillips> 2 years, 3 months ago
5d37037 : cpufreq: interactive: Remove unnecessary cpu_online() check <Viresh Kumar> 2 years, 9 months ago
ebfbe97 : cpufreq: Notify governors when cpus are hot-[un]plugged <Viresh Kumar> 3 years, 1 month ago
56acafd : cpufreq: Manage only online cpus <Viresh Kumar> 3 years, 1 month ago
2af88ed : cpufreq: ondemand: Remove input boost <myfluxi> 2 years, 2 months ago
10b531a : cpufreq: ondemand: Use interruptible wait to not affect load average <myfluxi> 1 year, 6 months ago
89545c0 : Revert "cpufreq: ondemand: Use hotplug thread infrastructure" <Zhao Wei Liew> 10 days ago
 
**** cmold:android_kernel_oneplus_msm8974 ****
ed12cd7 : ARM: add back write_contextidr() <Matt Wagantall> 2 days ago
30cb0b1 : staging: android-alarm: Fix power off alarm <Keith Mok> 2 days ago
baa84b1 : synaptics_dsx: Handle more framebuffer hints <Pat Erley> 2 days ago
142fe2b : bacon: Update defconfig <Steve Kondik> 5 days ago
89c5879 : synaptics_dsx_i2c: Improve resume latency <Steve Kondik> 5 days ago
9401bd2 : msm8974-oppo: Optimize wakeup delay for JDI panel <Steve Kondik> 5 days ago
12f4452 : Copy audio_effects.h to userspace <Steve Kondik> 1 year, 11 months ago
eddfea8 : soc: qcom: rq_stats: Pass correct cpu id to update_average_load function <Prasad Sodagudi> 1 year, 2 months ago
b981a60 : soc: qcom: rq_stats: remove the redundant iowait check <Anji Jonnala> 1 year, 8 months ago
41f4c3f : cpufreq: Sync on thread migration optimizations <Patrick Cain> 2 years, 1 month ago
efb7058 : cpufreq: ondemand: Remove input boost <myfluxi> 2 years, 2 months ago
70b05e5 : cpufreq: Always allow update of user policy <Naveen Ramaraj> 1 year, 4 months ago
675919c : cpufreq: cpu-boost: Re-issue boosts above minimum frequency <Patrick Cain> 1 year, 11 months ago
93b3357 : cpufreq: cpu-boost: Resolve deadlock when waking up sync thread <Srivatsa Vaddagiri> 2 years, 1 month ago
1c5026a : cpufreq: Move get_cpu_idle_time() to cpufreq.c <Viresh Kumar> 2 years, 9 months ago
580ae35 : rq_stats: Fix usage of cpufreq APIs <Steve Kondik> 6 weeks ago
6ee2bc5 : soc: qcom: rq_stats: Always show idle time left <Stephen Boyd> 1 year, 2 months ago
f7a66a1 : cpufreq: Check current frequency in device driver <Junjie Wu> 8 months ago
708f41b : msm: sps: Register SPS IRQ with IRQF_NO_SUSPEND flag <myfluxi> 6 months ago
c3b305f : mmc: sdhci: convert ADMA descriptors to a coherent allocation <Russell King> 1 year, 9 months ago
9cd857d : mmc: block: Backport HS400 changes from 3.10 <Steve Kondik> 3 years, 2 months ago
1124c34 : input: synaptics_dsx: Send KEY_POWER for double-tap event <Steve Kondik> 3 months ago
c76ac1b : msm: kgsl: set the correct max_state <Suman Tatiraju> 1 year, 8 months ago
5e9be75 : devfreq: Use policy create/remove events instead of governor <Steve Kondik> 5 days ago
e18e142 : PM / Wakeup: Use rcu callbacks for better performance <Patrick Daly> 7 months ago
e2a546d : msm: kgsl: Wake gpu up on the max freq when using the performance governor <Vladimir Razgulin> 2 years, 3 months ago
253bbf8 : msm: kgsl: Replace jiffy sampling with usec <Lucille Sylvester> 1 year, 1 month ago
d5124ab : msm: kgsl: set the profile max_state correctly <Suman Tatiraju> 1 year, 10 months ago
5c9bc68 : msm: kgsl: Delay the first devfreq status read <Lucille Sylvester> 1 year, 11 months ago
0562587 : asoc: msm: Kill logspam <Steve Kondik> 5 days ago
20a47d3 : Power: Add wakeup reasons counters from boot in suspend_since_boot <Dmitry Shmidt> 8 months ago
c65073c : PM: Replace WARN_ON on timeout with one line print <Dmitry Shmidt> 9 months ago
84dda19 : mm/slub: don't wait for high-order page allocation <Joonsoo Kim> 5 months ago
3abc9d3 : f2fs: Squash commits from f2fs-stable <Chao Yu> 3 months ago
f2f4c54 : net: ipc_router: Use optimized wakeup_source APIs <Patrick Daly> 7 months ago
116b2b9 : msm8974-oppo: Remove cruft from DT <Steve Kondik> 5 days ago
11602fa : msm8974-oppo: Modify micbias and jack configuration for Bacon <Steve Kondik> 5 days ago
06adc16 : arm: dts: msm: update SPM sequences for krait v2.x <Venkat Devarasetty> 2 years, 3 months ago
289eab9 : msm8974-oppo: Enable ULPS for all command mode panels <Steve Kondik> 5 days ago
010c359 : ARM: dts: msm: reduce control and panel power on delays <Jeevan Shriram> 9 months ago
18d06ba : msm: mdss: Add support to read DSI clamp offset from DT <Sandeep Panda> 1 year, 8 months ago
fca57f5 : ARM: dts: msm: add mdss gdsc supply to dsi controller device <Aravind Venkateswaran> 1 year, 9 months ago
a56e0b5 : msm: mdss: Organize regulator supplies used by DSI controller <Aravind Venkateswaran> 2 years, 1 month ago
6301d0f : USB: ANDROID: Implement dynamic pm_qos voting based on USB activity <Manu Gautam> 1 year, 7 months ago
8d316ae : clock: msm: Add clk support for second qcrypto device <Mona Hossain> 1 year, 10 months ago
72453fc : msm: ipc_socket: fix leak of kernel memory to userspace <Patrick Tjin> 4 months ago
c1c84f1 : clk: qcom: Use rt mutexes for the rpm and voter clock locks <Ruchi Kandoi> 8 months ago
711213c : soc: qcom: rpm-smd: Read ACKs for sleep set on wakeup <Mahesh Sivasubramanian> 3 months ago
ca76e2c : msm: rpm-smd: Add a check to validate the rpm message length <Anji Jonnala> 7 months ago
f85e13d : qcom: rpm-smd: Remove rpm workqueue initialization <Achyuth Sai Vadrav> 10 weeks ago
 
**** github:Seraph08/android_kernel_oneplus_msm8994 ****
0c9fa4e : Built in qcald module <Willi Ye> 5 weeks ago
02126ee : input: synaptics: Send generic power key for double tap <Willi Ye> 3 months ago
f341723 : usb: Remove OTG switch <Willi Ye> 9 weeks ago
441ffc9 : ASoC TFA9890: Cancel monitor work without locking mutex <Chris Fries> 1 year, 5 months ago
a2d0482 : input: fpc1020: Use global nav switch variable <Willi Ye> 4 months ago
28a958b : input: Rewrite disable keys on screen off logic <Willi Ye> 4 months ago
f88cecc : input: tri-state-key: Add sysfs to change order of slider <Willi Ye> 4 months ago
6ba857e : input: synaptics: Log detected gesture <Willi Ye> 4 months ago
9f20e2e : input: synaptics: Return integer for key reverse <Willi Ye> 4 months ago
7df8913 : input: synaptics: Create proc file for each gesture <Willi Ye> 4 months ago
c28184a : input: synaptics: s3320: Rename input device <Willi Ye> 4 months ago
3f64a8e : input: Turn off hw buttons when display is off <Willi Ye> 4 months ago
ff732b9 : input: synaptics: Rename input device <Willi Ye> 4 months ago
8b7424e : tri-state-key: Act as a normal input device <Willi Ye> 4 months ago
af21f70 : input: Disable all buttons when turning on navbar <Willi Ye> 4 months ago
6bd9efe : qpnp-haptic: Add sysfs interface to control intensity <Willi Ye> 5 months ago
bfc59d1 : KEYS: Fix keyring ref leak in join_session_keyring() <Yevgeny Pats> 11 days ago
7da7365 : arm/arm64: irq: drop "IRQx no longer affine to CPUn" print to pr_debug() <Matt Wagantall> 3 months ago
06939e1 : wakeup: Add last wake up source logging for suspend abort reason. <Ruchi Kandoi> 10 months ago
773cac0 : fuse: Use BUG_ON to check pos validity in fuse_aio_write <Nikhilesh Reddy> 5 months ago
a1086e2 : fuse: Use iocb->ki_pos instead of pos for shortcircuit writes <Nikhilesh Reddy> 5 months ago
e4d2db6 : fs:fuse: Ensure update of fuse inode attributes in shortcircuit <Nikhilesh Reddy> 7 months ago
25131b4 : fuse: Add support for shortcircuited read/write for files <Nikhilesh Reddy> 9 months ago
46d2455 : fuse: fuse: add time_gran to INIT_OUT <Miklos Szeredi> 1 year, 9 months ago
5407fe0 : fuse: notify: don't move pages <Miklos Szeredi> 11 months ago
fa23535 : fuse: set stolen page uptodate <Miklos Szeredi> 11 months ago
ee7a9ef : soc: qcom: msm_perf: free allocated memory if error happens <Tapas Kumar Kundu> 7 months ago
6ce5c59 : cpuidle: Add need_resched() check <Patrick Daly> 4 months ago
33d5337 : cpufreq: interactive: Use sched_get_cpus_busy() to query busy time <Junjie Wu> 8 months ago
df34956 : cpufreq: interactive: Correctly reschedule timer for slack_only case <Junjie Wu> 6 months ago
b2af124 : cpufreq: interactive: Add cpuload trace events <Junjie Wu> 9 months ago
22137cc : cpufreq: interactive: Replace per-cpu timer with per-policy timer <Junjie Wu> 10 months ago
be52efb : cpufreq: interactive: Remove first_cpu field <Junjie Wu> 10 months ago
3a2cf2a : cpufreq: interactive: Do not reschedule timer if policy->max changes <Junjie Wu> 9 months ago
641df19 : cpufreq: interactive: Move to arch_initcall <Ethan Chen> 6 weeks ago
c7b4054 : sched: initialize frequency domain cpumask <Joonwoo Park> 3 months ago
5201e70 : sched: disable IRQs in update_min_max_capacity <Steve Muckle> 9 months ago
18011f5 : sched: fair: Return current CPU if search_cpu(s) is empty <Vikram Mulukutla> 5 months ago
658afb5 : sched: prevent task migration while governor queries CPUs' load <Joonwoo Park> 10 months ago
d11f0b7 : sched: report loads greater than 100% only during load alert notifications <Srivatsa Vaddagiri> 9 months ago
e0f73a0 : sched: fix bug in small task CPU selection <Pavankumar Kondeti> 6 months ago
43447eb : sched: look for least busy and fallback CPU only when it's needed <Joonwoo Park> 8 months ago
7459a9a : sched: iterate search CPUs starting from prev_cpu for optimization <Joonwoo Park> 8 months ago
6e21a64 : sched: Optimize the select_best_cpu() "for" loop <Syed Rameez Mustafa> 8 months ago
bba00cf : sched: Optimize select_best_cpu() to reduce execution time <Syed Rameez Mustafa> 8 months ago
de4e801 : sched: avoid CPUs with high irq activity for non-small tasks <Joonwoo Park> 1 year ago
d48431b : sched: Update max_capacity when an entire cluster is hotplugged <Syed Rameez Mustafa> 11 months ago
9e5ddf5 : sched: inline function scale_load_to_cpu() <Joonwoo Park> 8 months ago
2d3c1bc : Enable SECCOMP support <Ethan Chen> 6 weeks ago
230c6ce : arm64: add seccomp support <AKASHI Takahiro> 1 year, 2 months ago
 
**** github:ashwinr64/android_kernel_oneplus_onyx ****
e636b35 : dts: Fix standalone compiling <Willi Ye> 3 days ago
64cba04 : qseecom: Register the existing app if it is loaded by appsbl. <Zhen Kong> 9 months ago
9c5310c : msm8226_defconfig: Enable NFLOG target support <Ravinder Konka> 9 days ago
1b3a408 : qseecom: Change to work with appsbl qseecom <Zhen Kong> 11 months ago
5b1b778 : Revert "mmc: queue: use cached attributes of special requests" <Pradosh Das> 10 days ago
b539895 : Revert "mmc: queue: exclude asynchronous transfer for special request" <Pradosh Das> 10 days ago
acb0cec : msm: vidc: initialize the session list when device initialized <Balamurugan Alagarsamy> 2 weeks ago
0fe4ec3 : mmc: queue: use cached attributes of special requests <Asutosh Das> 8 weeks ago
e6ca25a : mmc: queue: exclude asynchronous transfer for special request <Seungwon Jeon> 3 years, 1 month ago
 
**** github:armani-dev/kernel_test ****
0459519 : armani: defconfig: Disable MSM_RTB <fefifofum> 2 days ago
 
**** vanir:platform_manifest ****
763a56a : Follow our on Webview <DHOMD> 28 hours ago
fb03c73 : Mission complete -- Revert "Unshallow" <DHOMD> 28 hours ago
b50f72b : Unshallow <DHOMD> 28 hours ago
44cb658 : NVM Zero sum game - Revert "Use a webkit ASOP built for Marshmellow" <DHOMD> 33 hours ago
5fd3bb1 : Use a webkit ASOP built for Marshmellow <DHOMD> 33 hours ago
ca5eeec : CUUURRRSSSEEEEEEE <nuclearmistake> 2 days ago
fd289e1 : I cannot overstate how frustrating this superficial renaming bullshit is. <nuclearmistake> 2 days ago
9e10e29 : ANOTHER rename-happy b-hole. 1 more rename and we're going back to CM or dropping oneplus2. #passiveaggression <nuclearmistake> 2 days ago
 
**** cm:CyanogenMod/android_packages_apps_Messaging ****
005a261 : Messaging: Port of quick message from MMS <emancebo> 1 year, 3 months ago
7f5fbb7 : Messaging: Fix for UnicodeStripping for multi-character replacement <Szymon Pusz> 3 days ago
 
**** cm:CyanogenMod/android_packages_apps_PhoneCommon ****
a809cc0 : Add last call fail cause 26 string. <Andalam Parthasarathi> 4 months ago
 
**** vanir:packages_apps_Settings ****
c5ff8df : Fingerprint: do not error out when stopping to listen <Alexander Martinz> 3 days ago
de00b25 : ProtectedApps: add up navigation and fix action bar icons <Alexander Martinz> 3 days ago
 
**** cm:CyanogenMod/android_packages_apps_Snap ****
7c3f01e : Improve maps app string <Michael Bestas> 32 hours ago
 
**** cm:CyanogenMod/android_packages_apps_Stk ****
f61ae60 : Launcher: Present STK app name if possible <Ricardo Cerqueira> 2 days ago
e2d12df : Update layout to Material <Ricardo Cerqueira> 2 weeks ago
 
**** cm:CyanogenMod/android_packages_apps_Trebuchet ****
7df0227 : Port Remote Folder from 12.1 to 13. <Tyson Miller> 3 months ago
 
**** vanir:system_core ****
0d7baec : fastboot: add Zuk to the list of known vendors <Khalid Zubair> 30 hours ago
 
**** vanir:vendor_lge ****
28d7b35 : g3: remove liboemcrypto <bryan2894> 2 days ago
 
**** vanir:vendor_oneplus ****
cef98ac : bacon: update blobs <Scott Mertz> 2 days ago
f912d85 : bacon: update blobs <Scott Mertz> 2 days ago
 
**** github:TheMuppets/proprietary_vendor_oppo ****
6ece491 : msm8974: update blobs <Scott Mertz> 2 days ago
9d6f992 : apq8064-common: Hex ks for logging compatibility <Tom Marshall> 3 days ago
 
