
**** vanir:bootable_recovery ****
17102a2 : ui: Also detect KEY_HOME <Michael Bestas> 2 days ago
 
**** vanir:bootable_recovery_TWRP ****
a5db712 : Improve input box text handling <Ethan Yonker> 2 weeks ago
20eb0bc : Detect and install custom themes as part of zip installs <Ethan Yonker> 8 days ago
6a89459 : gui: rewrite theme loading code <that> 2 weeks ago
d6f94ac : Allow restoring to read-only file system <James Christopher Adduono> 4 weeks ago
 
**** aosp:platform/cts ****
3e4e12c : Any charging device will stay awake during CTS <Aaron Holden> 4 weeks ago
34bb9fd : DO NOT MERGE: Increase AdoptableHostTest timeout. <Jeff Sharkey> 12 days ago
bb9317a : Temporarily disable com.android.cts.cpptools.RunAsHostTest#testRunAs <Grigory Dzhavadyan> 2 weeks ago
9ac7d3e : Fix issues in SensorBatchingTests <Peng Xu> 3 weeks ago
a6d2f6b : DO NOT MERGE ANYWHERE: Bumping CTS 6.0 to R5 <Daniel Xie> 3 days ago
 
**** cm:CyanogenMod/android_device_htc_hima-common ****
8855ad9 : hima: Always keep 4 small cores online <Ethan Chen> 4 weeks ago
36cda09 : hima-common: Update TCP buffer <David Hays> 20 hours ago
abbf874 : Remove the Ethernet configuration <Lorenzo Colitti> 1 year, 1 month ago
 
**** vanir:device_htc_msm8960-common ****
42ab0ea : Remove the Ethernet configuration <Lorenzo Colitti> 1 year, 1 month ago
 
**** cm:CyanogenMod/android_device_htc_msm8974-common ****
8c5c9da : fstab: Update OTG entry for M <Dan Pasanen> 8 days ago
2f09915 : Remove the Ethernet configuration <Lorenzo Colitti> 1 year, 1 month ago
 
**** cm:CyanogenMod/android_device_motorola_condor ****
3b554be : condor: drop unused proprietary blobs <Sultan Qasim Khan> 7 days ago
5e70efd : condor: drop qualcomm location stack <Sultan Qasim Khan> 7 days ago
 
**** cm:CyanogenMod/android_device_motorola_msm8610-common ****
8872841 : msm8610-common: drop qualcomm location stack <Sultan Qasim Khan> 7 days ago
 
**** vanir:device_motorola_omap4-common ****
bdd0c4a : init: configure wifi after pdsbackup has finished <Michael Gernoth> 4 days ago
3f0d8e9 : Automatic translation import <Michael Bestas> 3 days ago
 
**** cm:CyanogenMod/android_device_motorola_otus ****
989d8e8 : otus: drop unused blobs <Sultan Qasim Khan> 7 days ago
9e43d8a : otus: drop qualcomm location stack <Sultan Qasim Khan> 7 days ago
 
**** vanir:device_motorola_qcom-common ****
fece0f5 : Automatic translation import <Michael Bestas> 3 days ago
 
**** cm:CyanogenMod/android_device_motorola_victara ****
680caf8 : Automatic translation import <Michael Bestas> 3 days ago
 
**** github:AndroidNoob69/android_device_oneplus_onyx ****
1acbf2c : full_onyx.mk <Carlsen Teo> 2 days ago
8ee818e : onyx: Bring BT configuaration inline with bacon <Ashwin Ramesh> 4 days ago
15e5a43 : onyx: Update QMI/QCRIL blobs from ham <Ashwin Ramesh> 11 days ago
102c9d4 : onyx: Fix perms for synaptics sysfs path <Ashwin Ramesh> 13 days ago
aa4dde6 : onyx: Remove debugfs mounting <Steve Kondik> 2 weeks ago
cbd0b52 : onyx: Add keylayout for KEY_WAKEUP <Ashwin Ramesh> 13 days ago
027c50c : onyx: fstab: Cleanup for f2fs <Ashwin Ramesh> 2 weeks ago
32cd661 : onyx: Add path for low-latency-record <Dhruv Paranjape> 3 weeks ago
0db1350 : onyx: Don't ship unneeded chromatix blobs <Ashwin Ramesh> 3 weeks ago
ae50abf : onyx: Remove QC location stack <Ashwin Ramesh> 3 weeks ago
1979583 : onyx: Set TARGET_RIL_VARIANT <Ashwin Ramesh> 4 weeks ago
b63d81e : onyx: cleanup ramdisk <Ashwin Ramesh> 4 weeks ago
631d0c2 : onyx: bluetooth: Bring inline with CAF <Ashwin Ramesh> 4 weeks ago
 
**** vanir:device_oppo_common ****
33f5e35 : Automatic translation import <Michael Bestas> 3 days ago
 
**** vanir:device_qcom_common ****
41b58e4 : power: Encode optimization <Dilip Gudlur> 3 months ago
5436ef0 : power: Modify camera encode/preview hint <Dilip Gudlur> 5 months ago
032f125 : power: Enable camera preview hint in powerhal <Dilip Gudlur> 1 year, 1 month ago
1915eb6 : power: Add and update resources for encode powerHAL <Charles Bin> 6 months ago
c798dcf : power: Introduce 8996 specific handling <Dilip Gudlur> 9 months ago
cd39e2e : init: Add MSM-specific init extension library for msm8996 <dianlujitao> 5 days ago
 
**** vanir:device_samsung_qcom-common ****
092b370 : Automatic translation import <Michael Bestas> 3 days ago
 
**** cm:CyanogenMod/android_device_sony_nicki ****
f95cb19 : Revert "nicki: Disable HostNSOffload" <Ron Gokhale> 17 hours ago
139e064 : nicki: Disable HostNSOffload <RonGokhale> 25 hours ago
7fde774 : nicki: Audio updates <RonGokhale> 7 days ago
 
**** vanir:device_xiaomi_armani ****
55abda5 : Update from armani-dev <fefifofum> 20 hours ago
 
**** vanir:frameworks_base ****
015241c : Fix ownership for files/folders created by ExternalStorageProvider on ext4/f2fs <Jani Lusikka> 3 days ago
b2c1eb7 : SystemUI: remove deleted broadcast receiver <Roman Birg> 2 days ago
8e7d8fa : pm: Don't call into AppSuggestManager before service available. <Adnan Begovic> 2 days ago
92f5b2e : Don't block wake locks for required always-on system apps <Roman Birg> 13 days ago
23c6319 : Frameworks AppOps: Enable MODE_IGNORED for OP_WAKE_LOCK <Sam Mortimer> 2 years, 5 months ago
221a7ee : SystemUI: stop hiding hotspot & color inversion tiles <Roman Birg> 13 days ago
6b44999 : Automatic translation import <Michael Bestas> 3 days ago
 
**** vanir:frameworks_opt_telephony ****
8b4c5b0 : Fix LTE attach issue due to wrong initial attach profile. <Muhammed Siju> 4 months ago
7a2fa62 : telephony: Add oldril feature setPrefNwTypeOnUnsolConnected. <Adnan Begovic> 7 weeks ago
 
**** cm:CyanogenMod/android_hardware_qcom_audio ****
886c244 : hal: remove explicit direct pcm usecase <vivek mehta> 7 months ago
f6cd4f7 : hal: stop sound trigger buffering during close <Mingming Yin> 10 weeks ago
4fb2812 : hal: don't allow track offload if there's active sw effect <Weiyin Jiang> 5 weeks ago
bfe1cc3 : hal: Fix 44.1Khz playback when native support is not enabled <Amit Shekhar> 2 months ago
dc520bc : libaudiopolicymanager: DirectPCM: fix 44.1 clip playing noisy issue <vivek mehta> 4 months ago
b73a764 : audio: Extend platform parser to allow device name aliasing <Ethan Chen> 1 year, 7 months ago
64387ed : hal: Fix voice call recording <solk2> 1 year, 7 months ago
91c7d6b : hal: Fix digital USB headset combo device <Steve Kondik> 1 year, 7 months ago
be6fdfc : hal: Clean up compilation warnings <Steve Kondik> 1 year, 4 months ago
13ba1b4 : hal: Add support for audio amplifier HAL <Ethan Chen> 2 years, 10 months ago
381b7a0 : audio: Configure CM default feature set <Steve Kondik> 1 year, 4 months ago
b25084a : hal: Allow building hardware audio encoders <Arne Coucheron> 1 year, 2 months ago
f48de3d : audio: Use project pathmap <Ethan Chen> 3 months ago
1362fc7 : audio: Only allow non-legacy HAL <Ethan Chen> 3 months ago
b5b6d33 : hal: Update format table with AAC ADTS formats. <Ashish Jain> 4 months ago
102616d : HAL: Identify the track offload session <Sharad Sangle> 4 months ago
d7eaf2b : HAL: Identify Track offload session <Alexy Joseph> 5 months ago
8c21ad7 : Merge DAX2 changes <Gao Jie> 5 months ago
12467a1 : hal: Use AUDIO_TX_MONO_COPP topology for incall record usecases <Karthik Reddy Katta> 5 months ago
 
**** cm:CyanogenMod/android_hardware_qcom_display ****
7b9a3a1 : hwc/overlay: Validate cursor position in hwc_setPositionAsync <Baldev Sahu> 5 weeks ago
4c401f0 : hwc: Fix sanitize ROI func <Ramakant Singh> 8 weeks ago
6dab9c9 : hwc: Apply Default Mode on real framework start <Sravan Kumar D.V.N> 8 weeks ago
732b9ac : qdutils: Correct the hwc-driver mismatch <Ramakant Singh> 8 weeks ago
f1e2905 : hwc: remove local constant DISPLAY_ATTRIBUTES list <Ramakant Singh> 9 weeks ago
a74edfb : hwc: Remove references to display-frameworks <Ethan Chen> 3 months ago
c7cce05 : hwc: Fix compile errors after display-frameworks removal <Arne Coucheron> 3 months ago
b375570 : hwc: Support for QDCM Preference when PU enabled <Nitesh Gupta> 3 months ago
cc1ec84 : hwc: Set ioprio for vsync thread <Steve Kondik> 6 months ago
7516867 : Don't build lights module if vendor supplies it <Steve Kondik> 1 year, 5 months ago
730d245 : Revert "hqd: Use MSM_VIDC_TARGET_LIST for Venus color format" <Ethan Chen> 3 months ago
bc1215a : display: Use project pathmap <Ethan Chen> 1 year, 5 months ago
c324d73 : hwc: Set DefaultMode after bootup completion <Ramakant Singh> 4 months ago
8a6e7c9 : gralloc: Add a private flag for INTERNAL only <Arun Kumar K.R> 7 months ago
394c830 : hwc: Donot update dynamic-fps when device is not active <Ramakant Singh> 6 months ago
8f21571 : hwc: Do not wait for MDSS fence for layers with rotation <Dileep Kumar Reddi> 6 months ago
d2c5ca0 : hwc: Start with ROI set to destination <Arun Kumar K.R> 5 months ago
9ef4d8c : hwc: Set minfps as part of timeout_handler during idlefallback <Ramakant Singh> 6 months ago
0d616ba : Revert "hwc: Relax format change restrictions for certain targets" <Dileep Kumar Reddi> 6 months ago
213ead5 : Default flexible YUV format to NV21 <Tanmaya Godbole> 7 months ago
ed75fdb : hwc: Reset refresh-rate for few cases as part of timeout handler <Dileep Kumar Reddi> 6 months ago
56ed396 : gralloc: Add support for PRIV_FLAGS_DISP_CONSUMER <Surajit Podder> 9 months ago
a2d5295 : hwc: Support ActionSafe on targets with non-scaling RGB pipes. <Sandeep Panda> 7 months ago
248378d : gralloc: Use adreno_utils api for NV21 and NV12 alignment <Sushil Chauhan> 7 months ago
037d21d : hwc: Use basePipe for fullscreen and opaque layer <Pullakavi Srinivas> 7 months ago
77ec4ef : gralloc: Modify check for uncompressed RGB buffers <Naomi Luis> 7 months ago
449fbe0 : hwc: Use aligned width and height <Dileep Kumar Reddi> 7 months ago
02dbc50 : Revert "HWC: use aligned width and height for rearranging ROI" <Dileep Kumar Reddi> 7 months ago
cd7217a : hwc: Support ActionSafe on targets with non-scaling RGB pipes. <Sandeep Panda> 7 months ago
eed742d : overlay: add tertiary display definition in overlay <Vinu Deokaran> 7 months ago
a029479 : hwc: Validate display ID in hwc interface <Arun Kumar K.R> 7 months ago
09441c1 : gralloc: Add missing changes related to RAW16 <Raj Kamal> 8 months ago
7ea10c5 : hwc: Use basePipe for fullscreen and opaque layer <Pullakavi Srinivas> 7 months ago
c039f6e : hwc: Use aligned width and height <Dileep Kumar Reddi> 7 months ago
60cbe72 : Revert "HWC: use aligned width and height for rearranging ROI" <Dileep Kumar Reddi> 7 months ago
2e918bf : hwc: Avoid idlefallback during video playback <Raj Kamal> 7 months ago
fbe5a60 : HWC: use aligned width and height for rearranging ROI <Dileep Kumar Reddi> 7 months ago
597b313 : hwc: Featurize HWC_DISPLAY_SECURE <Raj Kamal> 7 months ago
eb4d7a6 : hwc: Use HWC_DISPLAY_NO_ATTRIBUTE as terminator. <Prabhanjan Kandula> 7 months ago
410ba7c : hwc : Normalize source crop before validating scaling limits. <Prabhanjan Kandula> 8 months ago
95fef31 : hwc: Relax format change restrictions for certain targets <Dileep Kumar Reddi> 8 months ago
42a1c98 : hwc: Changes for display-hal compilation with QTI_BSP enabled <Ramakant Singh> 8 months ago
c772eec : hwc: Do not use Borderfill pipe for composition in WFD <Dileep Kumar Reddi> 8 months ago
e5268fd : hwc/overlay: Pass handle w/h and crop w/h through fb_image field <Arun Kumar K.R> 8 months ago
5d39f02 : hwc: Log warning instead of mHDMIClient object not available <Dileep Kumar Reddi> 8 months ago
55b3489 : hwc: Ignore float-conversion for included headers <Naseer Ahmed> 8 months ago
82fe9c6 : hwc: Do not consider rotation for smart blit <Ramakant Singh> 8 months ago
dd689ff : hwc: Do not create idle invalidator for MDP3 targets <Dileep Kumar Reddi> 8 months ago
c58836b : hwc: Align ROI's width and height in both directions <Dileep Kumar Reddi> 8 months ago
19f2250 : hwc: Fix SF crash due to SIGSEGV error <Raj Kamal> 8 months ago
 
**** cm:CyanogenMod/android_hardware_qcom_display ****
17f2d38 : Don't build lights module if vendor supplies it <Steve Kondik> 1 year, 5 months ago
420cc3a : msm8996: remove unused qcom features <Scott Mertz> 3 months ago
5bdcfa4 : Additional pathmap & build fixes <Scott Mertz> 4 months ago
e80bb52 : display: Use project pathmap <Ethan Chen> 1 year, 5 months ago
e04e869 : Remove usage of MASTER_SIDE_CP_TARGET_LIST <Scott Mertz> 4 months ago
3fd7d00 : Revert "hqd: Use MSM_VIDC_TARGET_LIST for Venus color format" <Scott Mertz> 4 months ago
99aa8ca : sdm: Fix uninitialized HWLayers object <Saurabh Shah> 4 months ago
572b2bf : sdm: Do not copy surfaceDamage rects for SKIP layers <Sushil Chauhan> 4 months ago
074314d : gralloc: Add support for PRIV_FLAGS_DISP_CONSUMER <Surajit Podder> 9 months ago
8f8f6c7 : sdm : Add support for dynamic BW limit management <Prabhanjan Kandula> 6 months ago
83a945b : libqdutils: Refer to standard definitions for display types. <Dileep Marchya> 5 months ago
f29ff14 : sdm: Fix buffer overflow <Manoj Kumar AVM> 5 months ago
99ef378 : sdm: HWDevice: Set correct HWDisplayMode <Arun Kumar K.R> 5 months ago
ddca4e7 : sdm: Remove unused function in rect utility <Manoj Kumar AVM> 5 months ago
8d22bad : sdm: Fix memory leaks. <Dileep Marchya> 5 months ago
1c3f9a3 : hwc: Handle SBM operation set for all layers <Saurabh Shah> 5 months ago
b8067a4 : qdMetadata: Use uint32_t instead of bool <Saurabh Shah> 5 months ago
a0db84b : sdm: hdmi: Set the default grayscale value to RGB888 <Tatenda Chipeperekwa> 6 months ago
e94e78c : sdm: Add bandwidth and clock members <Sushil Chauhan> 8 months ago
959863b : sdm: Update HWPanelInfo during primary resolution switch <Sushil Chauhan> 5 months ago
b8ecfbf : display: Enable clang for all display modules <Naseer Ahmed> 5 months ago
63e8c95 : sdm: Source crop top needs adjustment for interlaced <Sushil Chauhan> 5 months ago
f1c8357 : sdm: Remove closing of fd during Sync operations <Manoj Kumar AVM> 5 months ago
44e2be1 : sdm: Do not process blit configuration for zero app layers. <Dileep Marchya> 5 months ago
61ef29b : sdm: Add support for single buffer layers <Saurabh Shah> 6 months ago
a816961 : sdm: Use FB resolution for virtual display <radhakrishna> 5 months ago
a0394ad : qdMetaData: Remove unused metadata fields. <Arun Kumar K.R> 5 months ago
50ff0bb : sdm: Panel name retrieval support <Dileep Marchya> 5 months ago
95f8368 : gralloc/metadata: Add support for single buffer mode <Saurabh Shah> 6 months ago
d7131e6 : sdm: Add support for UBWC in C2D <radhakrishna> 6 months ago
67c1f90 : sdm: Allow draw cycle in doze state. <Dileep Marchya> 5 months ago
5fb6d40 : sdm: Perform GPU target layer validation. <Manoj Kumar AVM> 5 months ago
226646c : sdm: Populate correct WB index for virtual <radhakrishna> 5 months ago
3edaf83 : sdm: Read rotator capabilities from driver <radhakrishna> 6 months ago
492ab99 : sdm: Fix ROI and Split info in SF dumpsys <Sushil Chauhan> 5 months ago
a9fb396 : sdm: Remove buffer format validation from hwc wrapper. <Ramkumar Radhakrishnan> 6 months ago
76750f2 : sdm: Add support for YCbCr420 Semiplanar format <Ramkumar Radhakrishnan> 6 months ago
bddb952 : gralloc: Use only metadata for color space <Saurabh Shah> 6 months ago
4a31ec4 : sdm: Make premultiplied as default blending <Saurabh Shah> 5 months ago
e1f01dd : sdm: Flush after first successful commit only. <Dileep Marchya> 6 months ago
1a7e1f1 : sdm: Add support for IGC. <Dileep Marchya> 6 months ago
9b99074 : sdm: Fix memory leaks. <Dileep Marchya> 6 months ago
ec8fe35 : sdm: Fix HDMI & virtual display concurrency. <Dileep Marchya> 6 months ago
d433464 : sdm: Add interface to consider rotator during scaling validation. <Ramkumar Radhakrishnan> 6 months ago
a5b764f : sdm: Add support for minimum encryption level settings for HDCP. <Dileep Marchya> 6 months ago
55fe304 : sdm: Add SPD information for HDMI <Arun Kumar K.R> 6 months ago
06078aa : sdm: Acquire lock during hwcomposer module open and close <Ramkumar Radhakrishnan> 6 months ago
d169be9 : sdm: properly close all the fence Fds <Ping Li> 6 months ago
040a3d0 : sdm: hwc: SetRefreshRate before validate IOCTL <Arun Kumar K.R> 6 months ago
6e43f57 : sdm: Handle/set dynamic fps appropriately <Arun Kumar K.R> 6 months ago
 
**** cm:CyanogenMod/android_hardware_qcom_fm ****
7f9e252 : Automatic translation import <Michael Bestas> 3 days ago
 
**** cm:CyanogenMod/android_hardware_qcom_media ****
ff3940f : mm-video-v4l2: Return correct level support for 8956 <Surajit Podder> 5 weeks ago
1fd6df0 : mm-video-v4l2: vidc: vdec: handle ftbs during reconfig and port disable <Abdulla Anam> 8 weeks ago
e9bacff : mm-video-v4l2: venc: check for null pointer <Maheshwar Ajja> 8 weeks ago
a699a13 : mm-video-v4l2: vdec: set 24 fps framerate for 4k clips <Deepak Kushwah> 2 months ago
bc9e191 : mm-video-v4l2: vidc: Fix race condition with msg thread fd close <Shalaj Jain> 4 months ago
a860362 : mm-video-v4l2: vidc: update thread names <Ashray Kulkarni> 9 months ago
8e66146 : mm-video-v4l2: Add support for prefer adaptive playback extension <Shalaj Jain> 8 months ago
41a5cfd : mm-video: Adjust stride value for planar format <Surajit Podder> 11 months ago
c40cf77 : mm-video: vidc: Reliably stop the message thread <Deepak Kushwah> 3 months ago
62f611d : Fix duplicated OMX.qcom.audio.decoder.aac entry <Keith Mok> 4 months ago
69d6d4b : media: Avoid collision with FFMPEG plugin <Steve Kondik> 3 months ago
610c356 : media: Use project pathmap <Ethan Chen> 3 months ago
dc1b1d4 : mm-video-v4l2: Unmap dropped output buffers <Surajit Podder> 4 months ago
78521c5 : Include kernel header dependency for libOmxVidcCommon <Divya Sharma> 4 months ago
f9c92f0 : mm-video-v4l2: vidc: venc: Fix hybrid HP layer count <Abdulla Anam> 5 months ago
a5dce41 : mm-video-v4l2: Enable get_param to check downscalar enablement <Surajit Podder> 5 months ago
e7743ae : mm-video-v4l2: venc: Add support to enhance hybrid Hier-p mode <Abdulla Anam> 5 months ago
75bc6a6 : mm-video-v4l2: vdec:  release buffer when qbuf to driver fails <Manikanta Kanamarlapudi> 5 months ago
cfeaf87 : mm-video-v4l2: Use client buffer header for FTB <Surajit Podder> 6 months ago
b6c736d : mm-video-v4l2: Disable intra refresh mode on msm8956/76 <Maheshwar Ajja> 6 months ago
a54c5d4 : mm-video-v4l2: vdec: fix fps issues in arbitrary mode <Ashray Kulkarni> 7 months ago
826ba8c : QCMetadata: add a new key for big buffers <Sidipotu Ashok> 6 months ago
ef3143a : QCMetadata: Add key for setBuffers API support <Manikanta Kanamarlapudi> 10 months ago
f178e8b : mm-video-v4l2: venc: support all I frame encoding usecase. <Abdulla Anam> 6 months ago
bcf4fa3 : libstagefrighthw: Add header guard to QComOMXMetadata.h and fix file perms <Deva Ramasubramanian> 6 months ago
e2d287f : mm-video-v4l2: vdec: streamoff while freeing first output buffer <Balamurugan Alagarsamy> 1 year, 3 months ago
f0fc3d0 : mm-video: Disable downscalar for non-display usecase <Surajit Podder> 9 months ago
0997c8a : mm-video: Enable HEVC software encoder OMX component. <Manikanta Sivapala> 6 months ago
8bb96de : mm-video_v4l2: pass crop nWidth and nHeight in reconfig event. <Abdulla Anam> 7 months ago
afb1469 : mm-video-v4l2: Fix downscalar issue <Surajit Podder> 7 months ago
269f6cd : mm-video-v4l2: Fix crash due to divide by zero <Surajit Podder> 6 months ago
c14558c : mm-video-v4l2: venc: initialize the member variables <Maheshwar Ajja> 7 months ago
99c2455 : mm-video-v4l2: vdec: Fix closing of file descriptor "0" <Deepak Kushwah> 7 months ago
b4d0e38 : mm-video-v4l2: venc: limit pixels value in input buffers. <Abdulla Anam> 7 months ago
1202ebd : mm-video_v4l2: pass crop nWidth and nHeight in reconfig event. <Abdulla Anam> 7 months ago
1fc82f0 : mm-video: Disable downscalar for non-display usecase <Surajit Podder> 9 months ago
6ecc67f : mm-core: update vpp related structures and enums. <Abdulla Anam> 7 months ago
56c0a51 : mm-video-v4l2: vidc: venc: fix CTS issues in vp8 encoder <Maheshwar Ajja> 7 months ago
1fe6770 : mm-core: update vpp related structures and enums. <Abdulla Anam> 7 months ago
a9c2410 : mm-video: Set correct color format to driver <Surajit Podder> 8 months ago
f2fa16b : mm-video-v4l2: vidc: venc: enable low latency mode <Maheshwar Ajja> 8 months ago
79da148 : mm-video-v4l2: null check before pointer dereference <Abdulla Anam> 7 months ago
a66ec1f : audio: Fix stale session opening of DSP audio decoder <Naresh Tanniru> 7 months ago
1171b44 : audio: Fix stale session opening of DSP audio decoder <Naresh Tanniru> 7 months ago
03f6533 : mm-video-v4l2: change variables used for reconfig height & width <Abdulla Anam> 8 months ago
6dc2004 : mm-video-v4l2: venc: Disable Bframes incase of UHD recording <Deepak Kushwah> 8 months ago
f493b73 : audio: Add support for new key kKeyByteMode <Manish Dewangan> 8 months ago
382b5b7 : mm-video-v4l2: video: add new extensions <Ashray Kulkarni> 11 months ago
b266f81 : mm-video-v4l2: venc: Add support for low latency mode <Maheshwar Ajja> 8 months ago
14c22a7 : mm-core: Add Skype extensions <Ashray Kulkarni> 11 months ago
 
**** cm:CyanogenMod/android_hardware_qcom_media ****
347b90c : libc2dcolorconvert: refer c2d header from display <Praveen Chavan> 1 year, 11 months ago
6316605 : vidc: Fix makefiles <Steve Kondik> 11 months ago
d84d430 : media: Avoid collision with FFMPEG plugin <Steve Kondik> 1 year, 11 months ago
8ba01d1 : media: Use project pathmap <Ethan Chen> 1 year, 1 month ago
be989ef : audio: Add entry for ALAC/APE software component <Preetam Singh Ranawat> 4 months ago
ab3e6cf : Include kernel header dependency for libOmxVidcCommon <Divya Sharma> 4 months ago
f5b8f20 : Include kernel header dependency for libOmxVidcCommon <Divya Sharma> 4 months ago
2266025 : mm-video-v4l2: vidc: Ensure async_message_thread always exits <Arun Menon> 4 months ago
b0d352b : media : Add Max CSD values for ALAC and APE <Preetam Singh Ranawat> 5 months ago
a04219f : mm-video-v4l2: vdec: skip enabling extn_user extradata for secure session <Srinu Gorle> 4 months ago
622d480 : mm-video-v4l2: vidc: Enhance VQZIP checks <Praneeth Paladugu> 7 months ago
2b5bd8a : mm-video-v4l2: vidc: venc: Fix input extradata issues <Praneeth Paladugu> 5 months ago
ce13944 : mm-video-v4l2: vidc: vdec: Add UBWC color format support <Srinu Gorle> 4 months ago
a725170 : mm-video: venc: Initialize m_graphicBufferSize <Deva Ramasubramanian> 4 months ago
8be933c : mm-video-v4l2: vidc: vdec: Add support for downscalar in component <Srinu Gorle> 11 months ago
c29ae31 : mm-video-v4l2: vidc: Fix race condition with msg thread fd close <Shalaj Jain> 4 months ago
6a50516 : mm-video-v4l2: vdec: Fix CTS issue with color coversion <Vinay Kalia> 4 months ago
ab08584 : mm-core: Add extensions for FRC <Vinay Kalia> 5 months ago
b12f245 : mm-video-v4l2: Handle async_message_thread error <Arun Menon> 5 months ago
9952fd8 : mm-core: Add secure component registry entry <Vikash Garodia> 5 months ago
8d855cc : mm-video: common: update OmxVidcCommon dependency list <Srinu Gorle> 5 months ago
3c3fe6c : mm-video-v4l2: vdec: Change preferred color format default order <Arun Menon> 5 months ago
c73daac : mm-video-v4l2: Add registry entry for openmax components. <Vikash Garodia> 5 months ago
bcb448c : mm-video: swvdec: Add SwVdec registry entries for 8937. <Manikanta Sivapala> 5 months ago
e592d0a : mm-video: swvdec: Add SwVdec OMX component. <Manikanta Sivapala> 5 months ago
41cf898 : mm-core: Update the correct instance index for storing VPP handle <Praneeth Paladugu> 5 months ago
c8827e2 : mm-video-v4l2: vidc: Allocate secure bitstream buffers from CMA <Shalaj Jain> 5 months ago
cf6d469 : mm-video: vidc: Fully drainbuffers from the driver if batch not complete <Deva Ramasubramanian> 5 months ago
093280d : mm-core: Unload the component library after the session is done <Praneeth Paladugu> 5 months ago
45267c8 : Remove msm8937 due to missing HY11 rule <Naveen Kumar> 5 months ago
fb36868 : mm-video: venc: Revert Venus native support for RGBA8888 <Deva Ramasubramanian> 5 months ago
1c7b346 : mm-video: swvenc: Add pure virtual functions. <Manikanta Sivapala> 5 months ago
0ec71b0 : mm-video: Add extensions to enable and configure ROI QP info <Vinay Kalia> 6 months ago
db88209 : audio: remove duplicate instances of aac decoder <Mingming Yin> 5 months ago
b04a903 : mm-video-v4l2: vdec: Fix a bug with C2D and DROPPED_FRAME <Vinay Kalia> 5 months ago
183f501 : mm-video-v4l2: vidc: Add null checks in async_message_process <Arun Menon> 5 months ago
fbdcaba : mm-video-v4l2: Add support for VP9 secure decoder <Shalaj Jain> 8 months ago
a935f80 : mm-video: swvenc: Add SwVenc registry entries for 8937. <Manikanta Sivapala> 5 months ago
f3f1e00 : QCMetadata: add a new key for big buffers <Sidipotu Ashok> 6 months ago
be1c0e3 : mm-video: vidc: Adjust performance level only after STREAMON <Deva Ramasubramanian> 5 months ago
6f6f5fb : mm-video-v4l2: vidc: venc: Fix hybrid HP layer count <Ashray Kulkarni> 5 months ago
144b092 : mm-video: venc: Get rid of PREPARE_BUF on input port <Vinay Kalia> 6 months ago
431e6b1 : mm-video-v4l2: vdec: fix fps issues in arbitrary mode <Ashray Kulkarni> 7 months ago
edd1b09 : mm-video-v4l2: vidc: vdec: Put decoder sessions in TURBO <Praneeth Paladugu> 8 months ago
07a4eca : libc2dcolorconvert: Fix height alignment issue with RGBA formats <Rajesh Sastrula> 6 months ago
c826460 : mm-video-v4l2: venc: Add support to enhance hybrid Hier-p mode <Ashray Kulkarni> 9 months ago
c08fc90 : mm-core: Add registry entry for titanium <Srinu Gorle> 6 months ago
94af4ea : mm-video: Add opaque color format support to MPEG-4 SwVenc. <Manikanta Sivapala> 6 months ago
f4e1426 : mm-video-v4l2: Do not send error to client once in loaded state <Shalaj Jain> 6 months ago
bf75c1c : mm-video-v4l2: vdec: Add range check before native_buffer usage <Arun Menon> 6 months ago
 
**** vanir:hardware_samsung ****
5608dcb : libril: Remove RIL_REQUEST_DIAL_EMERGENCY <Christopher N. Hesse> 3 days ago
d82d1d6 : ril: fix libril if we don't overwrite the header in our device tree <Andreas Blaesius> 2 days ago
c694ff0 : libril: Move vendor commands header <Christopher N. Hesse> 3 days ago
812f99c : Automatic translation import <Michael Bestas> 3 days ago
 
**** cm:CyanogenMod/android_hardware_samsung_slsi-cm_exynos ****
f6069d4 : libhdmi: Use the new abstract format/blending methods <Christopher N. Hesse> 15 hours ago
 
**** cmold:android_kernel_google_msm ****
f701b9b : msm: perf: Protect buffer overflow due to malicious user <Swetha Chikkaboraiah> 9 weeks ago
 
**** cmold:android_kernel_samsung_d2 ****
d031988 : pipe: Fix buffer offset after partially failed read <Ben Hutchings> 7 weeks ago
 
**** vanir:kernel_samsung_jf ****
66088d2 : sensors: global var: add S970 & S975 <Mattia D'Alleva> 2 months ago
 
**** cmold:android_kernel_sony_msm8x27 ****
40ae88e : prima: Logging level changes on wlan HOST <Ratheesh S P> 8 months ago
94d1b67 : nicki_defconfig: Update defconfig <RonGokhale> 29 hours ago
734078c : hwmon: epm_adc: Fix potential dereference <Siddartha Mohanadoss> 5 weeks ago
6b6c193 : video: msm: Fix NULL pointer dereferences and trivial issues <Binoy Jayan> 6 weeks ago
a57273e : pipe: Fix buffer offset after partially failed read <Ben Hutchings> 7 weeks ago
d3fff94 : BACKPORT: FROMLIST: mm: ASLR: use get_random_long() <dcashman> 5 weeks ago
89a9a95 : FROMLIST: drivers: char: random: add get_random_long() <dcashman> 5 weeks ago
a606bce : BACKPORT: signal: allow to send any siginfo to itself <Andrey Vagin> 3 years, 1 month ago
ad781d5 : net: tcp: fix rtable leak in tcp_is_local[6] <liping.zhang> 6 weeks ago
0201fe7 : selinux: nlmsgtab: add SOCK_DESTROY to the netlink mapping tables <Lorenzo Colitti> 8 weeks ago
d81e4b7 : net: diag: support v4mapped sockets in inet_diag_find_one_icsk() <Eric Dumazet> 2 months ago
3193538 : net: tcp: deal with listen sockets properly in tcp_abort. <Lorenzo Colitti> 3 months ago
91fa25c : net: diag: Support destroying TCP sockets. <Lorenzo Colitti> 4 months ago
a0d873b : net: diag: Support SOCK_DESTROY for inet sockets. <Lorenzo Colitti> 4 months ago
f909501 : net: diag: Add the ability to destroy a socket. <Lorenzo Colitti> 4 months ago
41e3011 : net: diag: split inet_diag_dump_one_icsk into two <Lorenzo Colitti> 4 months ago
a83e749 : ipv6: do not clear pinet6 field <Eric Dumazet> 2 years, 11 months ago
53cc185 : UPSTREAM: selinux: fix bug in conditional rules handling <Stephen Smalley> 4 months ago
40bbf97 : UPSTREAM: memcg: Only free spare array when readers are done <Martijn Coenen> 3 months ago
6e9d99e : BACKPORT: mm: /proc/pid/smaps:: show proportional swap share of the  mapping <Minchan Kim> 7 months ago
0511853 : FROMLIST: x86: mm: support ARCH_MMAP_RND_BITS. <dcashman> 3 months ago
468d4e7 : FROMLIST: arm: mm: support ARCH_MMAP_RND_BITS. <dcashman> 3 months ago
caaa73a : FROMLIST: mm: mmap: Add new /proc tunable for mmap_base ASLR. <dcashman> 3 months ago
 
**** vanir:platform_manifest ****
ce1e9fe : Use our own vendor/vanir webkit <DHOMD> 12 hours ago
d3efec0 : fix mako sync <nuclearmistake> 32 hours ago
bfc5996 : Track our own NexusPlayer kernel and device tree <nuclearmistake> 2 days ago
 
**** cm:CyanogenMod/android_packages_apps_AudioFX ****
f2e65d6 : Automatic translation import <Michael Bestas> 3 days ago
 
**** vanir:packages_apps_BasicSmsReceiver ****
dcf25e2 : Automatic translation import <Michael Bestas> 3 days ago
 
**** vanir:packages_apps_Bluetooth ****
d7199f6 : Automatic translation import <Michael Bestas> 3 days ago
 
**** cm:CyanogenMod/android_packages_apps_BluetoothExt ****
835ae50 : hiddTestApp: disable from launcher <Ankit Gupta> 8 days ago
8c812f6 : Automatic translation import <Michael Bestas> 3 days ago
 
**** cm:CyanogenMod/android_packages_apps_Browser ****
6cbb497 : Automatic translation import <Michael Bestas> 3 days ago
 
**** cm:CyanogenMod/android_packages_apps_Calendar ****
0f26215 : Automatic translation import <Michael Bestas> 3 days ago
 
**** vanir:packages_apps_Camera2 ****
09b03eb : Automatic translation import <Michael Bestas> 3 days ago
 
**** vanir:packages_apps_CellBroadcastReceiver ****
d08c6e7 : Automatic translation import <Michael Bestas> 3 days ago
 
**** vanir:packages_apps_CertInstaller ****
8963303 : Automatic translation import <Michael Bestas> 3 days ago
 
**** vanir:packages_apps_Contacts ****
1b9de1a : Automatic translation import <Michael Bestas> 3 days ago
 
**** vanir:packages_apps_ContactsCommon ****
0d14760 : Automatic translation import <Michael Bestas> 3 days ago
 
**** vanir:packages_apps_DeskClock ****
2920ea4 : Automatic translation import <Michael Bestas> 3 days ago
 
**** vanir:packages_apps_Dialer ****
fae4e43 : Automatic translation import <Michael Bestas> 3 days ago
 
**** vanir:packages_apps_Email ****
bab9090 : Automatic translation import <Michael Bestas> 3 days ago
 
**** vanir:packages_apps_ExactCalculator ****
0811be0 : Automatic translation import <Michael Bestas> 3 days ago
 
**** cm:CyanogenMod/android_packages_apps_Exchange ****
899a3a2 : Automatic translation import <Michael Bestas> 3 days ago
 
**** vanir:packages_apps_FMRadio ****
91b8bae : Automatic translation import <Michael Bestas> 3 days ago
 
**** vanir:packages_apps_Gallery2 ****
2bca058 : Automatic translation import <Michael Bestas> 3 days ago
 
**** cm:CyanogenMod/android_packages_apps_HTMLViewer ****
324672f : Automatic translation import <Michael Bestas> 3 days ago
 
**** vanir:packages_apps_InCallUI ****
97a8ab2 : Automatic translation import <Michael Bestas> 3 days ago
 
**** vanir:packages_apps_KeyChain ****
6c5a184 : Automatic translation import <Michael Bestas> 3 days ago
 
**** vanir:packages_apps_LockClock ****
475447a : Automatic translation import <Michael Bestas> 3 days ago
 
**** vanir:packages_apps_ManagedProvisioning ****
3af74ba : Automatic translation import <Michael Bestas> 3 days ago
 
**** cm:CyanogenMod/android_packages_apps_Messaging ****
0132f00 : Messaging: Fix file mode <cretin45> 2 days ago
503af9b : Automatic translation import <Michael Bestas> 3 days ago
a831659 : Messaging App is crashing when storage  memory is full <jaffersulaiman> 8 days ago
 
**** vanir:packages_apps_Nfc ****
474bd34 : Automatic translation import <Michael Bestas> 3 days ago
 
**** vanir:packages_apps_PackageInstaller ****
4dae9f3 : Automatic translation import <Michael Bestas> 3 days ago
 
**** vanir:packages_apps_PhoneCommon ****
8967f2f : Automatic translation import <Michael Bestas> 3 days ago
 
**** cm:CyanogenMod/android_packages_apps_Profiles ****
615f4c8 : Automatic translation import <Michael Bestas> 3 days ago
 
**** cm:CyanogenMod/android_packages_apps_SamsungServiceMode ****
132bf67 : Automatic translation import <Michael Bestas> 3 days ago
 
**** cm:CyanogenMod/android_packages_apps_Screencast ****
ff5ff1c : Automatic translation import <Michael Bestas> 3 days ago
 
**** vanir:packages_apps_Settings ****
bac4604 : Settings: Fix one-time vibration intensity restore <Gabriele M> 2 days ago
cfe7960 : Settings: reflect/inform user of disabled wakelock appop <Roman Birg> 13 days ago
e249604 : Automatic translation import <Michael Bestas> 3 days ago
 
**** cm:CyanogenMod/android_packages_apps_Snap ****
6058c38 : Fix histogram not being hidden after disabling it. <Danny Baumann> 3 days ago
6611f21 : Beautify and optimize histogram view. <Danny Baumann> 5 days ago
bf93e1b : Automatic translation import <Michael Bestas> 3 days ago
98a1a3c : Protect against multiple shutter callbacks per frame in longshot mode. <Danny Baumann> 5 days ago
d525fe3 : Re-enable processing of drawable state. <Danny Baumann> 5 days ago
 
**** vanir:packages_apps_soundrecorder ****
6042d6c : Automatic translation import <Michael Bestas> 3 days ago
 
**** vanir:packages_apps_Stk ****
bf57068 : Automatic translation import <Michael Bestas> 3 days ago
 
**** vanir:packages_apps_Tag ****
cc441c8 : Automatic translation import <Michael Bestas> 3 days ago
 
**** cm:CyanogenMod/android_packages_apps_Terminal ****
cf0ce29 : Automatic translation import <Michael Bestas> 3 days ago
 
**** vanir:packages_apps_ThemeChooser ****
007e5b1 : Automatic translation import <Michael Bestas> 3 days ago
 
**** cm:CyanogenMod/android_packages_apps_Trebuchet ****
fd94d2f : Automatic translation import <Michael Bestas> 3 days ago
 
**** vanir:packages_apps_TvSettings ****
b9dda27 : Automatic translation import <Michael Bestas> 3 days ago
 
**** vanir:packages_apps_UnifiedEmail ****
3ae2975 : Automatic translation import <Michael Bestas> 3 days ago
 
**** vanir:packages_inputmethods_LatinIME ****
2608af8 : Automatic translation import <Michael Bestas> 3 days ago
 
**** cm:CyanogenMod/android_packages_providers_BookmarkProvider ****
bffe7bd : Automatic translation import <Michael Bestas> 3 days ago
 
**** cm:CyanogenMod/android_packages_providers_CalendarProvider ****
1d0a091 : Automatic translation import <Michael Bestas> 3 days ago
 
**** cm:CyanogenMod/android_packages_providers_CallLogProvider ****
0cbcc78 : Automatic translation import <Michael Bestas> 3 days ago
 
**** vanir:packages_providers_ContactsProvider ****
8259514 : Automatic translation import <Michael Bestas> 3 days ago
 
**** vanir:packages_providers_DownloadProvider ****
ed04a8a : Automatic translation import <Michael Bestas> 3 days ago
 
**** vanir:packages_providers_MediaProvider ****
17f0028 : Automatic translation import <Michael Bestas> 3 days ago
 
**** vanir:packages_providers_TelephonyProvider ****
ea5a496 : Automatic translation import <Michael Bestas> 3 days ago
 
**** cm:CyanogenMod/android_packages_providers_ThemesProvider ****
e981c2b : Automatic translation import <Michael Bestas> 3 days ago
 
**** vanir:packages_providers_UserDictionaryProvider ****
274e2e5 : Automatic translation import <Michael Bestas> 3 days ago
 
**** vanir:packages_screensavers_Basic ****
d06b108 : Automatic translation import <Michael Bestas> 3 days ago
 
**** vanir:packages_screensavers_PhotoTable ****
8b474fb : Automatic translation import <Michael Bestas> 3 days ago
 
**** cm:CyanogenMod/android_packages_services_Mms ****
0bc7241 : Automatic translation import <Michael Bestas> 3 days ago
 
**** vanir:packages_services_Telecomm ****
51a5dd8 : Automatic translation import <Michael Bestas> 3 days ago
 
**** vanir:packages_services_Telephony ****
8716894 : Phone: Sprint MWI Quirk: Phantom message wait indicator workaround <Kasual> 13 days ago
bc16bb2 : Automatic translation import <Michael Bestas> 3 days ago
 
**** vanir:packages_wallpapers_Basic ****
1fab5d5 : Automatic translation import <Michael Bestas> 3 days ago
 
**** cm:CyanogenMod/android_packages_wallpapers_Galaxy4 ****
7da1e29 : Automatic translation import <Michael Bestas> 3 days ago
 
**** vanir:packages_wallpapers_LivePicker ****
489e1c1 : Automatic translation import <Michael Bestas> 3 days ago
 
**** vanir:packages_wallpapers_MagicSmoke ****
fd64cf9 : Automatic translation import <Michael Bestas> 3 days ago
 
**** vanir:packages_wallpapers_PhaseBeam ****
90de936 : Automatic translation import <Michael Bestas> 3 days ago
 
**** cm:CyanogenMod/android_packages_wallpapers_PhotoPhase ****
2bc3ccb : Automatic translation import <Michael Bestas> 3 days ago
 
**** cm:CyanogenMod/cm_platform_sdk ****
11334c9 : cmsdk: Add hidden interface for getService on AppSuggestManager. <Adnan Begovic> 2 days ago
3f42978 : Automatic translation import <Michael Bestas> 3 days ago
374a17e : Fix: "cmsdk: Mandate partner feature xml's for service implementation." <Michael Bestas> 2 days ago
 
**** commotio:commotio ****
167da55 : New webview + nonesense angler change <DHOMD> 12 hours ago
 
**** vanir:vendor_lge ****
51be0de : bullhead: Remove audio libs and stray binaries <Steve Kondik> 5 days ago
d267e36 : bullhead: MHC19J <Jake Whatley> 3 weeks ago
 
**** vanir:vendor_motorola ****
67411c0 : condor: drop unused blobs <Sultan Qasim Khan> 7 days ago
5a4cc69 : msm8610-common: drop qualcomm location stack <Sultan Qasim Khan> 7 days ago
861b29f : Recocile muppets <DHOMD> 2 days ago
324e735 : otus: drop unused firmware blobs <Sultan Qasim Khan> 7 days ago
 
**** github:TheMuppets/proprietary_vendor_oppo ****
df9560f : msm8939-common: remove prebuilt sensor HALs <Alexander Martinz> 7 days ago
 
**** vanir:vendor_vanir ****
870ac66 : One more swipe at fixing webview <DHOMD> 2 days ago
 
**** vanir:vendor_xiaomi ****
b9f263c : Merge https://github.com/armani-dev/proprietary_vendor_xiaomi into m6 <mr-tweaker> 18 hours ago
 
