
**** vanir:build ****
277d04b : Build hacks <DHOMD> 3 months ago
 
**** cm:LineageOS/android_device_htc_hiae-common ****
22d5175 : hiae: Fix parsing of signal strength responses <Christopher R. Palmer> 5 days ago
 
**** vanir:device_huawei_angler ****
98fa3eb : I need a quieter lawn mover or a louder phone <DHOMD> 23 minutes ago
c17c200 : angler: Add F2FS Support <dcd> 6 months ago
5a0b9f9 : Update IMS paths in init.angler <DHOMD> 2 weeks ago
 
**** cm:LineageOS/android_device_oppo_msm8974-common ****
acdfdf5 : Port from bacon: Add blob to decrypt full-disk encryption of /data. <J. Joe Feise> 5 weeks ago
 
**** vanir:frameworks_base ****
22f3751 : Likely break things to fix substratum builds <DHOMD> 88 minutes ago
f1dcc13 : OMS7-N: Persistence on boot through OverlayManagerServiceImpl [9/11] <Nicholas Chum> 6 months ago
4ea95b4 : OMS7-N: Integrate OverlayManagerService into framework [3/11] <Mårten Kongstad> 7 months ago
174432a : OMS7 compatible 'Ambient notification inversion' <George G> 6 weeks ago
dc9ea24 : Allow prevention of doze notification color inversion <Daniel Koman> 1 year, 8 months ago
c5d4154 : Notification dynamic colors bool compatible with OMS7 <George G> 6 weeks ago
2f82e25 : Notifications: Expose a bool to disable dynamic colors <Nicholas Chum> 4 months ago
10c53c9 : OMS7-N: Introduce the OverlayManagerService [2/11] <Mårten Kongstad> 1 year ago
5609d3b : OMS7-N: Support tagging resources as OK to overlay [1/11] <Mårten Kongstad> 1 year ago
2fd8d08 : OMS7-N: ApplicationsState: add filter for Substratum icon overlays [1/2] <Kuba Schenk> 4 weeks ago
23317ec : OMS7-N: ApplicationsState: add filter for Substratum overlays [1/2] <George G> 6 months ago
63adc0e : N-Extras: AudioService: Allow system effect sounds to be themed <Nicholas Chum> 5 months ago
f39d788 : N-Extras: Add dynamic theme fonts support <0xD34D> 6 months ago
9254538 : SystemUI: Use own drawables for QS expand icon <Ivan Iskandar> 3 weeks ago
7a13dc8 : Themes: Expose various QuickSettings text colors <Niklas Schnettler (Sh4dowSoul)> 3 months ago
67ea3fb : Allow custom alpha for notification shade bg color <Simao Gomes Viana> 5 weeks ago
3f6adb8 : SystemUI: Expose QS edit item decoration background color <Ivan Iskandar> 3 months ago
cb3f197 : Themes: Allow Navbar ripple color to be themed <Dave Kover> 9 months ago
a7079ea : Themes: Allow Permission Icons to be fully themed <Nicholas Chum> 1 year, 1 month ago
907b3e3 : Themes: Allow Immersive cling colors to be fully themed <Nicholas Chum> 1 year, 1 month ago
d48dd63 : Themes: Expose resolver hardcoded colors <Dave Kover> 3 weeks ago
6b3a901 : OMS7-N: Do not enforce code policy limiting overlay installation [10/11] <Nicholas Chum> 9 weeks ago
d7cd7ba : OMS7-N: Disable Zygote preloaded drawables [8/11] <Josh Guilfoyle> 6 years ago
1f63226 : OMS7-N: installd: add command 'rmidmap' [7/11] <Mårten Kongstad> 7 months ago
a4693b5 : OMS7-N: Fix memory leak during idmap creation [6/11] <Mårten Kongstad> 7 months ago
221376d : OMS7-N: idmap: suppress print for padded resources [5/11] <Mårten Kongstad> 10 months ago
45ba6e8 : OMS7-N: Set EXTRA_REPLACING correctly in ACTION_PACKAGE_ADDED [4/11] <Mårten Kongstad> 8 months ago
 
**** vanir:frameworks_native ****
8be0608 : OMS-N: installd: add command 'rmidmap' <Mårten Kongstad> 1 year ago
 
**** cm:LineageOS/android_hardware_qcom_fm ****
36179cb : Automatic translation import <pinky@build01> 4 days ago
 
**** cmold:android_kernel_lge_msm8996 ****
73562a2 : DT: update dsi-panel sw47407 commands <Matt Filetto> 24 hours ago
 
**** vanir:packages_apps_Bluetooth ****
cc7dc8b : Automatic translation import <pinky@build01> 4 days ago
 
**** cm:LineageOS/android_packages_apps_Browser ****
c55cc30 : Automatic translation import <pinky@build01> 4 days ago
 
**** vanir:packages_apps_CMParts ****
03013e1 : Automatic translation import <pinky@build01> 4 days ago
 
**** vanir:packages_apps_Calendar ****
907cecc : Automatic translation import <pinky@build01> 4 days ago
 
**** vanir:packages_apps_CellBroadcastReceiver ****
3b73375 : Automatic translation import <pinky@build01> 4 days ago
 
**** vanir:packages_apps_Contacts ****
9018f37 : Automatic translation import <pinky@build01> 4 days ago
 
**** vanir:packages_apps_DeskClock ****
b96872d : Automatic translation import <pinky@build01> 4 days ago
 
**** vanir:packages_apps_Dialer ****
370ea98 : Automatic translation import <pinky@build01> 4 days ago
 
**** vanir:packages_apps_Email ****
1519e87 : Automatic translation import <pinky@build01> 4 days ago
 
**** vanir:packages_apps_LockClock ****
c3d1475 : Automatic translation import <pinky@build01> 4 days ago
 
**** vanir:packages_apps_ManagedProvisioning ****
6a63118 : Automatic translation import <pinky@build01> 4 days ago
 
**** vanir:packages_apps_PhoneCommon ****
ce7ae46 : Automatic translation import <pinky@build01> 4 days ago
 
**** vanir:packages_apps_Settings ****
8ad6074 : Hide the "show/hide overlays" when no overlay installed <Ivan Iskandar> 2 weeks ago
0cd5916 : Exclude overlays from the app counter <Ivan Iskandar> 3 weeks ago
ea40b89 : OMS7-N: Apps: show/hide Substratum icon overlays [2/2] <Kuba Schenk> 4 weeks ago
b60f407 : Automatic translation import <pinky@build01> 4 days ago
6b6b9e8 : OMS7-N: Apps: show/hide Substratum overlays [2/2] <George G> 6 months ago
63634ad : Settings: Expose LinearColorBar default colors <SpiritCroc> 3 weeks ago
eb04bde : Settings: Expose storage icon colors <SpiritCroc> 3 weeks ago
dad0be1 : Settings: Expose gesture settings switchbar <daveyannihilation> 5 weeks ago
7d1ed0e : Settings: Expose storage summary text <George G> 1 year, 2 months ago
4bff13c : Settings: Expose condition card colors <daveyannihilation> 3 months ago
cbfb5d5 : Settings: Expose dashboard category and tile color <Ivan Iskandar> 3 months ago
 
**** cm:LineageOS/android_packages_apps_Snap ****
134c1d0 : Automatic translation import <pinky@build01> 4 days ago
 
**** vanir:packages_apps_ThemeChooser ****
06a79a2 : Remove icon from launcher <DHOMD> 1 year, 1 month ago
870d934 : Automatic translation import <blinky@build01> 6 days ago
266d61c : Automatic translation import <blinky@build01> 7 days ago
4d5fd9b : Automatic translation import <blinky@build01> 10 days ago
d6a19db : Automatic translation import <pinky@build01> 13 days ago
8917931 : Automatic translation import <clyde@build01> 3 weeks ago
cb15a34 : Automatic translation import <inky@build01> 4 weeks ago
076579d : Automatic translation import <inky@build01> 4 weeks ago
89a23e5 : ThemeChooser: Fix possible IllegalArgumentException <Michael W> 9 weeks ago
56b2153 : Automatic translation import <pinky@build01> 3 months ago
b266a27 : Automatic translation import <inky@build01> 4 months ago
80e6de7 : Automatic translation import <clyde@build01> 4 months ago
4075c50 : Automatic translation import <clyde@build01> 4 months ago
fa08a0a : Remove BootReceiver <Clark Scheff> 4 months ago
3f9abe2 : Capitalize app name <Abhisek Devkota> 10 months ago
78efee5 : String updates <NBruderman> 1 year, 9 months ago
2587e7f : Fix line wrapping for crowdin <Michael Bestas> 1 year, 9 months ago
f40ac25 : Move actions in theme card to overflow menu <Bharadwaj Narasimha> 4 months ago
7e4390f : ThemeChooser: set untranslatable <Joey Rizzoli> 4 months ago
550e88b : Fall cleaning <d34d> 4 months ago
bcd90a3 : Theme chooser for the people <Clark Scheff> 4 months ago
de36713 : ThemeFragment: Changing theme component resets per app themes <Bharadwaj Narasimha> 5 months ago
87b809e : Don't handle theme change config changes <d34d> 6 months ago
2ab2c56 : Check for system alert window permission <d34d> 6 months ago
746ea9f : Keep line numbers when obfuscating <d34d> 8 months ago
24b1fdb : Don't show apply fab if applying from 3rd party app <d34d> 7 months ago
a74e3fb : Avoid IAE when adding an already added client <d34d> 8 months ago
75bae06 : Check if theme is applying in onResume <d34d> 8 months ago
2e21c73 : Avoid using equals() on a possibly null action <d34d> 8 months ago
da8c19f : Fix applying themes from third party apps (ThemeStore) <d34d> 8 months ago
4563e39 : Avoid potential NPE in getThemeChangeRequestForComponents <d34d> 9 months ago
29d8159 : ThemeChooser: rename package to ModThemeChooser <Scott Mertz> 9 months ago
5a44ab8 : Use correct actions in broadcast receiver <d34d> 9 months ago
e61c5f8 : Don't obfuscate cyanogenmod.themes.* classes <d34d> 9 months ago
b0d064e : Add ModLock option in lock screen picker <d34d> 9 months ago
a8da1f0 : Add pick lock screen wallpaper action <d34d> 9 months ago
f69eb01 : ThemeChooser: Update for Theme api changes. <Adnan Begovic> 9 months ago
c5f2a62 : ThemeChooser: update translations <Roman Birg> 9 months ago
0e77fa6 : Themes: Refactor themes to CMSDK [1/3] <d34d> 10 months ago
cdc0bbd : Show FAB when an external image or None is selected <Luis Vidal> 10 months ago
9ba2bc9 : Reuse space view when available <d34d> 10 months ago
696489d : Show the apply icon when a theme component is changed <Luis Vidal> 10 months ago
c1a5a2d : Fix Lock Screen card scroll animation <Luis Vidal> 11 months ago
6a2a6f5 : Allow FittedTextView to control whether text should be expanded <Luis Vidal> 11 months ago
46c47f6 : Use Lato font on Animated Lock Screen thumbnail text <Luis Vidal> 11 months ago
bb32275 : Clear out previous theme component when changing themes <d34d> 11 months ago
b4d4e5b : Return SYSTEM_DEFAULT for applied theme when config is null <d34d> 11 months ago
94ee92a : Enable Live Lock screen if Animated lock screen is applied <Luis Vidal> 11 months ago
665db50 : Stop using ThemeUtils.getDefaultThemePackageName <d34d> 11 months ago
8884b35 : Restore the selected components in the chooser <Luis Vidal> 11 months ago
 
**** vanir:packages_apps_Trebuchet ****
e5ada2b : Automatic translation import <pinky@build01> 4 days ago
 
**** vanir:packages_apps_TvSettings ****
39e2c24 : Automatic translation import <pinky@build01> 4 days ago
 
**** vanir:packages_apps_UnifiedEmail ****
65154eb : Automatic translation import <pinky@build01> 4 days ago
 
**** cm:LineageOS/android_packages_providers_DataUsageProvider ****
64b6c15 : Automatic translation import <pinky@build01> 4 days ago
 
**** vanir:packages_providers_MediaProvider ****
a2caf2b : Automatic translation import <pinky@build01> 4 days ago
 
**** vanir:packages_services_Telecomm ****
62e76a3 : Automatic translation import <pinky@build01> 4 days ago
 
**** vanir:packages_services_Telephony ****
5162c0a : Automatic translation import <pinky@build01> 4 days ago
 
**** vanir:packages_wallpapers_LivePicker ****
1d41083 : Automatic translation import <pinky@build01> 4 days ago
 
**** vanir:system_sepolicy ****
74a17c4 : OMS-N: Add service 'overlay' to service_contexts <Mårten Kongstad> 1 year, 6 months ago
 
**** cm:LineageOS/cm_platform_sdk ****
d6f4389 : Automatic translation import <pinky@build01> 4 days ago
 
**** commotio:commotio ****
7f15961 : Fingerprinted <DHOMD> 4 hours ago
b6e9137 : Bump 124 + fix m8 + something in vs985 <DHOMD> 4 hours ago
 
**** vanir:vendor_lge ****
d26ad3e : d851/d852/d855/vs985: Regenerate makefiles <Hendrik Hagendorn> 13 hours ago
 
