
**** vanir:build ****
966664f : Build hacks <DHOMD> 3 months ago
4243fcc : core: finish using PRIVATE_RECOVERY_OUT rather than hard-coding "RECOVERY" <Dan Pasanen> 2 days ago
 
**** vanir:device_huawei_angler ****
d6dcbf8 : I need a quieter lawn mover or a louder phone <DHOMD> 3 days ago
5058e28 : Update IMS paths in init.angler <DHOMD> 3 weeks ago
e87e3ee : angler: Add F2FS Support <dcd> 6 months ago
 
**** cm:LineageOS/android_device_huawei_kiwi ****
f5c7b3b : Sim changes <DHOMD> 19 hours ago
2b2d34d : Revert "kiwi: Enable text relocations" <Michael W> 20 hours ago
f191acf : kiwi: ril: Switch to source built <Christopher R. Palmer> 2 days ago
ee68d2b : kiwi: Kang WV from bullhead <Christopher R. Palmer> 31 hours ago
 
**** vanir:device_moto_shamu ****
d9a6263 : shamu: Use phone-xhdpi-2048-dalvik-heap again. <Elektroschmock> 9 days ago
 
**** cm:LineageOS/android_device_motorola_athene ****
42d7eac : athene : add notification led support <rahulsnair> 29 hours ago
abde35f : cmactions: Commonize strings translations <Abhisek Devkota> 5 weeks ago
 
**** cm:LineageOS/android_device_oppo_msm8974-common ****
3a60354 : Port from bacon: Add blob to decrypt full-disk encryption of /data. <J. Joe Feise> 6 weeks ago
 
**** vanir:device_samsung_klte ****
48c17df : klte: Import gps.conf file into device tree <Kevin F. Haggerty> 4 days ago
2ad275c : klte: Remove GPS-related blobs from device-proprietary-files.txt <Kevin F. Haggerty> 4 days ago
 
**** vanir:device_samsung_klte-common ****
aa0d8bb : klte-common: Update sap.conf configutation <Kevin F. Haggerty> 4 days ago
4aacf9f : klte-common: Import GPS-related configutation files into device tree <Kevin F. Haggerty> 4 days ago
c02d46d : klte-common: Add GPS blobs to common-proprietary-files.txt <Kevin F. Haggerty> 4 days ago
 
**** cm:LineageOS/android_device_samsung_kltedv ****
25ac580 : kltedv: Import gps.conf file into device tree <Kevin F. Haggerty> 4 days ago
095f8b3 : kltedv: Remove GPS-related blobs from device-proprietary-files.txt <Kevin F. Haggerty> 4 days ago
 
**** cm:LineageOS/android_device_samsung_kltespr ****
528663a : kltespr: Import gps.conf file into device tree <Kevin F. Haggerty> 4 days ago
60e8a66 : kltespr: Remove GPS-related blobs from device-proprietary-files.txt <Kevin F. Haggerty> 4 days ago
 
**** vanir:device_samsung_kltevzw ****
8f3cb24 : kltevzw: Import gps.conf file into device tree <Kevin F. Haggerty> 4 days ago
ed6f947 : kltevzw: Remove GPS-related blobs from device-proprietary-files.txt <Kevin F. Haggerty> 4 days ago
 
**** vanir:device_samsung_kona-common ****
1c04e52 : kona : do not try to load dhd.ko <Simon Shields> 79 minutes ago
57a6258 : kona : rm powercontrol widget <Roberto Gibellini> 3 hours ago
3eabbdc : kona : our kernel does not support CLOCK_BOOTTIME_ALARM <Roberto Gibellini> 6 hours ago
 
**** vanir:frameworks_base ****
80dcf6c : Resource Runtime Overlay: Repair damages to Zygote runtime overlays <Nicholas Chum> 8 weeks ago
22f3751 : Likely break things to fix substratum builds <DHOMD> 3 days ago
f1dcc13 : OMS7-N: Persistence on boot through OverlayManagerServiceImpl [9/11] <Nicholas Chum> 7 months ago
4ea95b4 : OMS7-N: Integrate OverlayManagerService into framework [3/11] <Mårten Kongstad> 7 months ago
174432a : OMS7 compatible 'Ambient notification inversion' <George G> 7 weeks ago
dc9ea24 : Allow prevention of doze notification color inversion <Daniel Koman> 1 year, 9 months ago
c5d4154 : Notification dynamic colors bool compatible with OMS7 <George G> 7 weeks ago
2f82e25 : Notifications: Expose a bool to disable dynamic colors <Nicholas Chum> 4 months ago
10c53c9 : OMS7-N: Introduce the OverlayManagerService [2/11] <Mårten Kongstad> 1 year, 1 month ago
5609d3b : OMS7-N: Support tagging resources as OK to overlay [1/11] <Mårten Kongstad> 1 year, 1 month ago
2fd8d08 : OMS7-N: ApplicationsState: add filter for Substratum icon overlays [1/2] <Kuba Schenk> 4 weeks ago
23317ec : OMS7-N: ApplicationsState: add filter for Substratum overlays [1/2] <George G> 6 months ago
63adc0e : N-Extras: AudioService: Allow system effect sounds to be themed <Nicholas Chum> 6 months ago
f39d788 : N-Extras: Add dynamic theme fonts support <0xD34D> 6 months ago
9254538 : SystemUI: Use own drawables for QS expand icon <Ivan Iskandar> 4 weeks ago
7a13dc8 : Themes: Expose various QuickSettings text colors <Niklas Schnettler (Sh4dowSoul)> 3 months ago
67ea3fb : Allow custom alpha for notification shade bg color <Simao Gomes Viana> 5 weeks ago
3f6adb8 : SystemUI: Expose QS edit item decoration background color <Ivan Iskandar> 3 months ago
cb3f197 : Themes: Allow Navbar ripple color to be themed <Dave Kover> 9 months ago
a7079ea : Themes: Allow Permission Icons to be fully themed <Nicholas Chum> 1 year, 1 month ago
907b3e3 : Themes: Allow Immersive cling colors to be fully themed <Nicholas Chum> 1 year, 1 month ago
d48dd63 : Themes: Expose resolver hardcoded colors <Dave Kover> 3 weeks ago
6b3a901 : OMS7-N: Do not enforce code policy limiting overlay installation [10/11] <Nicholas Chum> 9 weeks ago
d7cd7ba : OMS7-N: Disable Zygote preloaded drawables [8/11] <Josh Guilfoyle> 6 years ago
1f63226 : OMS7-N: installd: add command 'rmidmap' [7/11] <Mårten Kongstad> 7 months ago
a4693b5 : OMS7-N: Fix memory leak during idmap creation [6/11] <Mårten Kongstad> 7 months ago
221376d : OMS7-N: idmap: suppress print for padded resources [5/11] <Mårten Kongstad> 10 months ago
45ba6e8 : OMS7-N: Set EXTRA_REPLACING correctly in ACTION_PACKAGE_ADDED [4/11] <Mårten Kongstad> 8 months ago
 
**** vanir:frameworks_native ****
8be0608 : OMS-N: installd: add command 'rmidmap' <Mårten Kongstad> 1 year, 1 month ago
 
**** vanir:hardware_qcom_camera ****
702f237 : camera: remove is-vendor-board-platform,QCOM check for kernel deps <Dan Pasanen> 2 days ago
 
**** cmold:android_kernel_htc_msm8996 ****
8143162 : cpufreq: cpu-boost: Only boost certain input events <Christopher R. Palmer> 5 days ago
ea14f9d : pme: defconfig: Disable components enabled when disabling modules <Christopher R. Palmer> 7 hours ago
ba76022 : pme: defconfig: Disable hs lite serial <Christopher R. Palmer> 8 hours ago
c5553c1 : pme: defconfig: Regenerate after disabling modules <Christopher R. Palmer> 8 hours ago
 
**** vanir:packages_apps_Contacts ****
e969e04 : Themes: Expose hardcoded layout and styles colors <beanstown106> 1 year, 1 month ago
 
**** vanir:packages_apps_ContactsCommon ****
8287180 : Themes: Expose hardcoded contact tile text colors <bgill55> 1 year, 11 months ago
 
**** vanir:packages_apps_Dialer ****
c473e37 : Themes: InCallUI dialpad digits color <George G> 7 weeks ago
91e510e : Themes: Separate background color from text color <Alex Cruz> 8 months ago
 
**** vanir:packages_apps_ExactCalculator ****
52de819 : Themes: Expose all elevations <Abdulwahab Isam> 3 months ago
5fb9c66 : Themes: Expose hard coded background in java <Bryan Owens> 1 year ago
 
**** vanir:packages_apps_PhoneCommon ****
45cd17c : Themes: Make dialpad seperator line theme-able <Thyrus11> 1 year, 10 months ago
 
**** vanir:packages_apps_Settings ****
8ad6074 : Hide the "show/hide overlays" when no overlay installed <Ivan Iskandar> 2 weeks ago
0cd5916 : Exclude overlays from the app counter <Ivan Iskandar> 3 weeks ago
ea40b89 : OMS7-N: Apps: show/hide Substratum icon overlays [2/2] <Kuba Schenk> 4 weeks ago
6b6b9e8 : OMS7-N: Apps: show/hide Substratum overlays [2/2] <George G> 6 months ago
63634ad : Settings: Expose LinearColorBar default colors <SpiritCroc> 3 weeks ago
eb04bde : Settings: Expose storage icon colors <SpiritCroc> 3 weeks ago
dad0be1 : Settings: Expose gesture settings switchbar <daveyannihilation> 5 weeks ago
7d1ed0e : Settings: Expose storage summary text <George G> 1 year, 2 months ago
4bff13c : Settings: Expose condition card colors <daveyannihilation> 3 months ago
cbfb5d5 : Settings: Expose dashboard category and tile color <Ivan Iskandar> 4 months ago
 
**** cm:LineageOS/android_packages_apps_Snap ****
2064b85 : Snap: make openLegacy an option <codeworkx> 9 days ago
1a7d451 : Snap: update caf icons <Joey Rizzoli> 3 weeks ago
d58b217 : Snap: prevent NPE when checking if controls are visible <Joey Rizzoli> 3 weeks ago
c2427aa : Always set JPEG quality. <Danny Baumann> 4 weeks ago
95b4bc9 : Initialize focus manager in onResume(). <Danny Baumann> 4 weeks ago
f29da12 : Modernize look of review controls. <Danny Baumann> 4 weeks ago
e600930 : Clean up module switcher. <Danny Baumann> 4 weeks ago
a62bda4 : Stop data loader on activity destroy. <Danny Baumann> 5 weeks ago
7bcdf0a : Improve RTL layout behaviour. <Danny Baumann> 5 weeks ago
2bf3a05 : Use transparent navigation bar. <Danny Baumann> 5 weeks ago
3acc722 : Use material versions of share/delete/edit icons. <Danny Baumann> 5 weeks ago
1e7ddd0 : Fix some photo UI layout issues. <Danny Baumann> 5 weeks ago
5586581 : Snap: Fix blatant UI string issues <Zhao Wei Liew> 6 weeks ago
e8e541a : snap: Panorama fixes <Steve Kondik> 6 weeks ago
272f70b : snap: Fix bottom bar layout <Steve Kondik> 6 weeks ago
83b2bea : Snap: Remove obsolete xxhdpi scene mode drawables <Zhao Wei Liew> 6 weeks ago
697d765 : Fix mismatched scene mode arrays. <Danny Baumann> 6 weeks ago
17ba73b : Snap: Make developer menu more accessible <Michael Bestas> 5 months ago
51b7561 : Revert "snap: Provide a way to remove Snap from the build" <Zhao Wei Liew> 6 weeks ago
5438ae1 : snap: Fix reset of camera controls <Steve Kondik> 6 weeks ago
8b61208 : CameraNext: Update focus behavior for panoramas <Jim Wilson> 1 year, 1 month ago
b7da154 : Make panorama able to go 270 degrees in landscape <Martin Brabham> 1 year, 2 months ago
d175476 : Grant read URI permission for playback of video capture <Alan Newberger> 8 months ago
06b5459 : CameraNext: stop updating the pano progress bar on pause <Scott Mertz> 8 months ago
379e3bd : CropActivity: notify MediaScanner on save complete <Khalid Zubair> 8 months ago
b3bff03 : Fix broken filenames for cropped images <Khalid Zubair> 8 months ago
fe77d16 : Show UI when pano stitch starts and remove cancel condition <Artem Shvadskiy> 7 months ago
99e47e6 : CameraNext: don't crash when pref is not boolean <Keith Mok> 7 months ago
60d4b81 : CameraNext: Fallback to do copy exif if exif not exist <Keith Mok> 7 months ago
00e8c21 : snap: Fix preview overlays <Steve Kondik> 6 weeks ago
aac246e : snap: Fix build <Steve Kondik> 6 weeks ago
76b587c : snap: Improve the histogram <Steve Kondik> 6 weeks ago
1041bf6 : Remove unused menu indicators code. <Danny Baumann> 12 months ago
40b496a : snap: Remove dividers from menu <Steve Kondik> 7 weeks ago
80b47c2 : snap: Improve transitions <Steve Kondik> 7 weeks ago
605a3aa : snap: Don't build tests unless requested <Steve Kondik> 7 weeks ago
4977a83 : snap: Check for null when setting up the focus callback <Steve Kondik> 7 weeks ago
e003727 : snap: Use new widgets for CaptureUI <Steve Kondik> 7 weeks ago
ee62781 : snap: Clean up Makefile <Steve Kondik> 7 weeks ago
915459d : SnapdragonCamera: Fix ANR during open camera <qimengp> 4 months ago
a0394c5 : SnapdragonCamera: Screen goes black when saving panoramic pictures <weijiew> 4 months ago
14dface : SnapdragonCamera: Pictures were rotated when the device is in flat position <weijiew> 4 months ago
d5211e7 : SnapdragonCamera: resolve front camera preview freeze issue <Jay Wang> 4 months ago
5e049a3 : SnapdragonCamera: ZSL for camera2 <Jack Yoo> 5 months ago
302dfef : snap: UI checkpoint #2 <Steve Kondik> 7 weeks ago
7f04007 : SnapdragonCamera: Fix launchMode to singleTask <mingwax> 3 months ago
9916e1e : snap: Hide overlays early when going to filmstrip <Steve Kondik> 7 weeks ago
b57349c : snap: Use reveal animation when switching modes <Steve Kondik> 7 weeks ago
f886863 : snap: Better capture animation <Steve Kondik> 7 weeks ago
4538ee8 : snap: UX improvements v1 <Steve Kondik> 7 weeks ago
 
**** vanir:system_sepolicy ****
74a17c4 : OMS-N: Add service 'overlay' to service_contexts <Mårten Kongstad> 1 year, 6 months ago
 
**** vanir:vendor_huawei ****
50f8aa1 : kiwi: Match tomato gps blobs <Michael W> 2 hours ago
bcdec8f : kiwi: Cleanup 64bit camera blobs <Michael W> 6 hours ago
8946f2e : kiwi: Kang libmmcamera_faceproc.so from huawei_msm8916-common <Michael W> 20 hours ago
7fcf9bc : kiwi: Switch to source built ril <Christopher R. Palmer> 2 days ago
546ef43 : kiwi: Kang WV from bullhead <Christopher R. Palmer> 31 hours ago
 
**** vanir:vendor_samsung ****
82ea4c1 : klteusc: Remove unreferenced blobs <Kevin F. Haggerty> 4 days ago
d4e56ef : kona : reconfigure keys layout <RGIB> 2 months ago
e3d2082 : kona : latest wifi drivers <RGIB> 3 months ago
d7dd74d : n51x0 : latest blobs for kona devices <RGIB> 6 months ago
d0301d7 : klte*: Consolidate GPS blobs for easier maintenance <Kevin F. Haggerty> 4 days ago
 
