
**** vanir:build ****
e86f1c4 : Build hacks <DHOMD> 6 weeks ago
 
**** vanir:device_asus_deb ****
1da8390 : deb: kang bullhead WV blobs <Simon Shields> 28 hours ago
 
**** vanir:device_asus_flo ****
0031c57 : flo: kang bullhead wv blobs <Simon Shields> 28 hours ago
 
**** vanir:device_htc_m7-common ****
ec510f5 : m7-common: Remove secure discard cflag and use board flag <David Hays> 9 weeks ago
 
**** cm:CyanogenMod/android_device_htc_msm8974-common ****
0327b28 : msm8974-common: Specify we have a cache partition <Luca Stefani> 4 weeks ago
 
**** vanir:device_lge_d800 ****
4d0f286 : d800: Remove enhanced NFC feature <Tyler Dunn> 34 hours ago
 
**** vanir:device_lge_d801 ****
5447e27 : d801: Remove enhanced NFC feature <Tyler Dunn> 34 hours ago
 
**** vanir:device_lge_d802 ****
f808625 : d802: Remove enhanced NFC feature <Tyler Dunn> 34 hours ago
 
**** vanir:device_lge_d803 ****
aebc655 : d803: Remove enhanced NFC feature <Tyler Dunn> 33 hours ago
 
**** cm:CyanogenMod/android_device_lge_d855 ****
a41f596 : d855: Remove enhanced NFC feature <Hendrik Hagendorn> 8 hours ago
b52e41a : d855: Add misc partition <Hendrik Hagendorn> 10 hours ago
 
**** vanir:device_lge_g2-common ****
69f2d0c : g2-common: Disable flush_merge for f2fs <Tyler Dunn> 32 hours ago
d64e5a8 : g2-common: Temporarily disable blur <Tyler Dunn> 34 hours ago
8b654c1 : g2-common: Properly tune interactive values <Tyler Dunn> 34 hours ago
 
**** vanir:device_lge_g3-common ****
7e68fd3 : g3: more sepolicy fixes... <Hendrik Hagendorn> 10 days ago
 
**** vanir:device_lge_hammerhead ****
b3eb45b : hammerhead: remove APN / SPN configurations <droidfivex> 4 days ago
dce1271 : Revert "Move hammerhead to clang by default." <droidfivex> 3 days ago
41b0436 : hammerhead: remove charger_res_images <droidfivex> 4 days ago
eb32a59 : Use GCC 4.8 for kernel <Chirayu Desai> 3 months ago
c15d57f : hammerhead: cmhw: Use cmsdk FileUtils <Mathieu Chaniat> 10 weeks ago
1878601 : Remove obsolete qcom header makefile include <Chirayu Desai> 3 months ago
b8c4494 : camera: Use project-path for HALs <Chirayu Desai> 3 months ago
6cd80a6 : camera: Use kernel headers <Chirayu Desai> 3 months ago
69cbe06 : bluetooth: Our kernel is missing CLOCK_BOOTTIME_ALARM (alarmtimer) <Chirayu Desai> 3 months ago
819c972 : The default wallpaper is now png <Chirayu Desai> 3 months ago
4504288 : Delete /mnt/sdcard symlink <Nick Kralevich> 7 months ago
4bc571f : Delete dhcpcd init entries, since dhcpcd is no more. <Lorenzo Colitti> 9 months ago
fc0265d : Revert "Restore PowerControl widget for existing devices." <droidfivex> 4 weeks ago
909ac23 : Camera: Use TARGET_NEEDS_PLATFORM_TEXT_RELOCATIONS <Tim Clark> 7 weeks ago
 
**** vanir:device_lge_ls980 ****
df1fa60 : ls980: Remove enhanced NFC feature <Tyler Dunn> 33 hours ago
 
**** cm:CyanogenMod/android_device_lge_ls990 ****
ca803c2 : ls990: Remove enhanced NFC feature <Kasual> 8 hours ago
1c7215b : ls990: add misc partition <Kasual> 8 hours ago
 
**** vanir:device_lge_vs980 ****
bffb0f6 : vs980: Remove enhanced NFC feature <Tyler Dunn> 33 hours ago
 
**** vanir:device_moto_shamu ****
26f8e9b : shamu: Use Snap camera app <dhacker29> 11 months ago
e22c594 : shamu: Delete duplicate overlay <Elektroschmock> 4 days ago
 
**** cm:CyanogenMod/android_device_motorola_condor ****
430ebd1 : Automatic translation import <clyde@build01> 28 hours ago
 
**** vanir:device_motorola_msm8226-common ****
dec6e55 : Automatic translation import <clyde@build01> 28 hours ago
bff1cb1 : msm8226-common: Generate graphics vendor Makefile if missing <Gabriele M> 32 hours ago
1b404b2 : msm8226-common: sepolicy: Replace unix_socket_connect with set_prop <Gabriele M> 31 hours ago
b7f7301 : msm8226-common: overlay: Disable carrier settings <Gabriele M> 2 days ago
 
**** vanir:device_motorola_msm8916-common ****
b83a4a1 : Automatic translation import <clyde@build01> 28 hours ago
6db44e0 : msm8916-common: sepolicy: Label metadata partition <Alberto97> 2 days ago
 
**** vanir:device_motorola_omap4-common ****
81bd0f8 : Automatic translation import <clyde@build01> 28 hours ago
 
**** cm:CyanogenMod/android_device_motorola_otus ****
f722a95 : Automatic translation import <clyde@build01> 28 hours ago
 
**** cm:CyanogenMod/android_device_oneplus_oneplus3 ****
7ceaa49 : Automatic translation import <clyde@build01> 28 hours ago
 
**** vanir:device_oppo_common ****
12bf00c : Automatic translation import <clyde@build01> 28 hours ago
 
**** vanir:device_qcom_common ****
680823c : qcom: extractors: Add msm8960 graphics list <Zhao Wei Liew> 3 weeks ago
 
**** vanir:device_samsung_jf-common ****
b736871 : jf: Use the common graphics blobs <Zhao Wei Liew> 26 hours ago
dad861b : Add 'misc' entry in fstab.qcom <padarshr> 6 months ago
 
**** vanir:device_samsung_klte-common ****
2aec4a1 : klte-common: Build consumerir <Paul Keith> 4 weeks ago
fd1a0e2 : Initial consumer IR HAL commit <Christopher N. Hesse> 8 months ago
59335cd : klte-common: switch to bullhead WV <Luca Stefani> 8 days ago
 
**** vanir:device_samsung_manta ****
ec9d506 : manta: proprietary-files: add fmas <Tetsuo Osaka> 10 days ago
44d6358 : manta: Update how we generate our blob lists <Steve Kondik> 4 months ago
1f23f41 : manta: Remove depreciated overlays <Tetsuo Osaka> 6 days ago
e3d1b60 : manta: remove duplicate package <Tetsuo Osaka> 6 days ago
6bdddda : manta: Remove persist.sys.usb.config override <Nick Kralevich> 1 year ago
7d4e901 : manta: remove double packages <David Viteri> 1 year, 1 month ago
24033f9 : manta: Dexopt is disabled by default <Tetsuo Osaka> 5 days ago
5b59ea7 : manta: Remove unnecessary recovery flags <Matt Mower> 10 months ago
e12205b : manta: NFC: Remove eSE-related config and files <Martijn Coenen> 3 years, 4 months ago
3cd54b4 : manta: Remove depreciated flag from cm.mk <Tetsuo Osaka> 5 days ago
592a600 : manta: Remove vendor include missed in smdk2250 removal <Tetsuo Osaka> 3 days ago
c6e4350 : manta: Remove enhanced NFC feature <Zhao Wei Liew> 4 days ago
9d6e60d : manta: Drop uneeded dex2oat flag <Tetsuo Osaka> 3 days ago
b318522 : manta: remove deprecated otg prop <Dan Pasanen> 1 year, 1 month ago
f55cafb : Revert "manta: Use multithread decode for boot animation." <Tetsuo Osaka> 6 days ago
1943869 : manta: build: Remove unnecessary CleanSpec.mk <Tetsuo Osaka> 6 days ago
75e850b : manta: fstab: finalize partitions and formatting <Tetsuo Osaka> 11 days ago
24c4e14 : manta: Remove prebuilt kernel <Tetsuo Osaka> 10 days ago
e55bbff : manta: Remove stock OTA files <Tetsuo Osaka> 10 days ago
bd192e7 : manta: Remove userdata images <Tetsuo Osaka> 10 days ago
 
**** vanir:device_samsung_qcom-common ****
12fa1b8 : Automatic translation import <clyde@build01> 28 hours ago
 
**** vanir:device_samsung_smdk4412-common ****
667536f : smdk4412: support mdnie display colour calibration via cmhw <Simon Shields> 7 days ago
 
**** vanir:device_samsung_smdk4412-qcom-common ****
b553455 : smdk4412-qcom : fix GET_CURRENT_CALLS crashes <RGIB> 2 days ago
 
**** vanir:frameworks_base ****
e3c40b3 : Restore Pyxis to fix build <DHOMD> 5 hours ago
816c22f : fix persistent process is killed and restart again and again <yuanhuihui> 2 months ago
299f344 : [ActivityManager] Reset killed flag at attachApplicationLocked <yuanhuihui> 9 weeks ago
da1007d1c : Fix window animation flash issue <Qiushi Han> 7 weeks ago
23b8d37 : Modify the case in adjustFocus when the mFocusedActivity is null <lei.peng> 6 weeks ago
5d49005 : IndexOutOfBoundsException observed in ProcessStats <pengzhicai> 8 weeks ago
00f0fd4 : Fix split-screen flash issue <Qiushi.Han> 6 weeks ago
92e4239 : Fix memory leak of Dnd tile <Yuta Yamada> 7 weeks ago
8c833c6 : Fix static analyzer warnings. <George Burgess IV> 6 weeks ago
f1ddd94 : Fix static-analyzer warning. <George Burgess IV> 6 weeks ago
94bb7d5 : Fix a static-analyzer warning. <George Burgess IV> 6 weeks ago
c29b7d3 : Avoid automatically mirroring Drawable of CustomTile <Yoshinori Hirano> 3 months ago
e93d8d7 : Avoid NPE around mReusedTask of ActivityStarter <Shigeki Yokomichi> 6 weeks ago
2321c5c : LEDs Brightness: Rewrite the slider control without TunerService <Adrian DC> 3 days ago
85ba1c6 : Fix issue that Overview key doesn't work at secondary user <dooyoung.hwang> 3 months ago
c01611b : Share one receiver for CurrentUserTracker <dooyoung.hwang> 11 days ago
ce0f23e : data: sounds: cleanup ogg <5x> 4 days ago
e5d75a0 : Make Power Notification Controls scrollable <Elektroschmock> 3 days ago
08317fe : fixed applyConfigurationToResourcesLocked WeakReference is null <liangweikang> 3 weeks ago
3002cbf : fix NullPointerException in RegisteredServicesCache <liulvping> 3 months ago
b8cb849 : Add null check before finish SystemUI Tuner's activity <Akira Oshimi> 8 weeks ago
14d2ccd : Fix String is empty issue <pengzhicai> 3 weeks ago
51fe9c4 : Tethering: check if configManager is null <Rebecca Silberstein> 7 weeks ago
2914ee3 : fix mistaken check of mScreenBrightnessDarkConfig <liulvping> 5 weeks ago
21d477c : Remove .mk lines that are just setting the default <Neil Fuller> 7 weeks ago
a878938 : Correctly handle when the user has no explicit time_12_24 setting <Neil Fuller> 7 days ago
27e079d : Zygote: Avoid string concatentation for systrace <Andreas Gampe> 3 weeks ago
9ce021e : lockscreen: Add option for showing unlock screen directly <eray orçunus> 1 year, 5 months ago
9a1fe29 : Fix idmap leak in zygote process <neo.chae> 3 weeks ago
0a7c189 : sounds: AllAudio: Avoid conflicting ringtone names <Zhao Wei Liew> 2 days ago
0466d9c : Brightness mirror - fix multi-touch issue <dooyoung.hwang> 6 days ago
 
**** vanir:frameworks_opt_telephony ****
14b6666 : Update carrier services on EVENT_NV_READY <Gabriele M> 6 weeks ago
 
**** cm:CyanogenMod/android_hardware_qcom_media ****
068d0fa : mm-video: vidc: Remove hardcoding of BufCountActual <Deva Ramasubramanian> 3 years, 4 months ago
b1a0180 : mm-video: venc: update color format in port-def <Praveen Chavan> 1 year, 11 months ago
97f071b : mm-video: venc: Use correct flag for buffer index selection <Leena Winterrowd> 2 years, 2 months ago
85bf3e0 : mm-video: venc: update allocation-size check for meta-buffer <Praveen Chavan> 1 year, 4 months ago
79b01cb : mm-video: venc: Correct a typo in variable name <Deepak Verma> 3 years, 1 month ago
4b826f7 : media: Use project pathmap <Ethan Chen> 2 years ago
3516553 : media: Add symlinks to msm8974 <Rashed Abdel-Tawab> 3 months ago
ae0bd7c : media: Use kernel headers <Chirayu Desai> 2 years ago
19f2743 : Revert "msm8974: remove from top level makefile" <Chirayu Desai> 3 months ago
 
**** cm:CyanogenMod/android_hardware_qcom_media ****
64a46c7 : mm-video-v4l2: vdec: Remove DivxDrm Decrypt support <Abdulla Anam> 1 year, 7 months ago
d63f305 : mm-video: Remove old video component <Shalaj Jain> 2 years, 4 months ago
 
**** vanir:hardware_samsung ****
fe32c93 : exynos4: hwc: GLES/gl.h is needed regardless of HWC_HWOVERLAY <Simon Shields> 2 days ago
1261d2b : Automatic translation import <clyde@build01> 28 hours ago
 
**** cmold:android_kernel_huawei_kiwi ****
91188ed : [readdir] constify ->actor <Al Viro> 3 years, 6 months ago
a81fcb7 : [readdir] introduce ->iterate(), ctx->pos, dir_emit() <Al Viro> 3 years, 6 months ago
403dbfd : [readdir] introduce iterate_dir() and dir_context <Al Viro> 3 years, 6 months ago
12f88b1 : kiwi: fs: Fix whitepsace formatting in namei.c <Christopher R. Palmer> 2 days ago
71d66e9 : kiwi: Remove left-over support for SDCARD_FS_CI_SEARCH <Christopher R. Palmer> 2 days ago
45c360b : UPSTREAM: binfmt_elf: add ELF_HWCAP2 to compat auxv entries <Ard Biesheuvel> 2 years, 9 months ago
11d4fd3 : AIO: properly check iovec sizes <Greg Kroah-Hartman> 9 months ago
3ba2d8b : vfs: change d_canonical_path to take two paths <Daniel Rosenberg> 7 months ago
f70318e : fuse: Add support for d_canonical_path <Daniel Rosenberg> 7 months ago
807dab2 : sdcardfs: remove unneeded __init and __exit <Daniel Rosenberg> 8 months ago
2af6b25 : sdcardfs: Remove unused code <Daniel Rosenberg> 8 months ago
5a76dda : sdcardfs: remove effectless config option <Daniel Rosenberg> 8 months ago
ff369fa : inotify: Fix erroneous update of bit count <Daniel Rosenberg> 8 months ago
e33b3b1 : sdcardfs: Add support for d_canonicalize <Daniel Rosenberg> 9 months ago
a4a2ee2 : vfs: add d_canonical_path for stacked filesystem support <Daniel Rosenberg> 9 months ago
fd49d2b : sdcardfs: Bring up to date with Android M permissions: <Daniel Rosenberg> 10 months ago
1b89b09 : sdcardfs: Changed type-cast in packagelist management <Daniel Campello> 1 year, 5 months ago
b3e5049 : sdcardfs: port to 3.10 <Daniel Campello> 1 year, 5 months ago
866d2f0 : Initial port of sdcardfs <Daniel Campello> 1 year, 5 months ago
4659f74 : kiwi: Remove huawei's sdcardfs <Christopher R. Palmer> 2 days ago
3d6fbc1 : sound: adsp_err: initial version of adsp error code header file <Patrick Lai> 1 year, 10 months ago
72a26fc : Including adsp error code header file <Gopal G Goberu> 1 year, 3 months ago
f302046 : ASoC: audio: add rate limit for prints to avoid excessive logging <Laxminath Kasam> 1 year, 5 months ago
c67e43a : ASoC: qdsp6v2: update offline status to clients after shutdown event <Laxminath Kasam> 12 months ago
414c469 : soc: qcom: bam_dmux: Add fast-shutdown flag <Arun Kumar Neelakantam> 1 year, 6 months ago
2b70c38 : fixup with formatting <Christopher R. Palmer> 2 days ago
9c3f944 : fixup with remove huawei code <Christopher R. Palmer> 2 days ago
55e311b : soc: qcom: common_log: Fix a memory leak in common_log driver <Prasad Sodagudi> 1 year, 6 months ago
4052a66 : drivers: ipc_router: Reset and free partial pkt during SSR <Arun Kumar Neelakantam> 1 year, 3 months ago
d91d031 : soc: qcom: memory_dump_v2: use kmemleak_not_leak for mem dump's app table <Lingutla Chandrasekhar> 1 year, 6 months ago
bfd92f5 : memshare: Place error check to prevent out of bound access <Katish Paran> 1 year, 4 months ago
1a3929d : memshare: Free the memory after XPU unlocking is done <Katish Paran> 1 year, 11 months ago
a8fa7a0 : memshare: Free the memory after XPU unlocking is done <Katish Paran> 1 year, 11 months ago
74a52f6 : memshare: Change the compatible property field for child node <Katish Paran> 2 years, 1 month ago
3ac6898 : soc: qcom: msm_perf: prevent cpumask bits to be NULL <Tapas Kumar Kundu> 1 year, 6 months ago
cbfa4f7 : soc: qcom: msm_perf: Optionally compile out hotplug tunables <Prachee Ramsinghani> 1 year, 8 months ago
bb98b35 : soc: pil-msa: Add module parameter to force crash system <Taniya Das> 1 year, 11 months ago
7d1edb9 : soc: pil-msa: Extend RMB registers logging on modem failures <Taniya Das> 1 year, 11 months ago
72a9bf4 : soc: qcom: pil-msa: Free mba region if metadata authentication fails <Rajkumar Raghupathy> 1 year, 7 months ago
26d7c0d : soc: qcom: pil-msa: Notify MBA about PIL loading failure <Rajkumar Raghupathy> 1 year, 8 months ago
8699279 : voice_svc : Fix crash in voice_svc driver during SSR <Karthik Reddy Katta> 1 year, 9 months ago
3e98029 : soc: qcom: ramdump: Use dma_remap/dma_unremap for ramdump read <Rajkumar Raghupathy> 1 year, 7 months ago
117bf7fc0 : qcom:rpm-smd: Add debug ftrace events <Achyuth Sai Vadrav> 1 year, 5 months ago
02dbefa : qcom: rpm-smd: Add NULL check for input data variable <Anil Kumar Mamidala> 1 year, 9 months ago
9476c03 : soc: qcom: smd: Fix SMD packet sync loss issue <Arun Kumar Neelakantam> 2 years ago
de868ac : soc: qcom: smd: reset current_packet in OPENING state <Arun Kumar Neelakantam> 1 year, 11 months ago
c12124c : soc: qcom: smd: add state check for re-open <Eric Holmberg> 2 years ago
c29d1bb : msm: socinfo: Add socinfo for wearable platforms <Venkatesh Yadav Abbarapu> 1 year, 2 months ago
658f62f : msm: socinfo: Add soc-id for 3G variant of msm8909 <Kaushal Kumar> 1 year, 10 months ago
aa0acf4 : ARM: dts: msm: Add support for MSM8909 chip variants <Kishan Kumar> 2 years ago
 
**** vanir:kernel_lge_msm8974 ****
9f202dc : f2fs: Sync to upstream <Jaegeuk Kim> 7 weeks ago
 
**** cmold:android_kernel_oneplus_onyx ****
e2efcf0 : sched: Fix race in idle_balance() <Steve Kondik> 11 months ago
4dd513a : msm_rmnet: Kill logspam <Steve Kondik> 7 months ago
92a930b : mm: remove gup_flags FOLL_WRITE games from __get_user_pages() <Linus Torvalds> 6 weeks ago
 
**** cmold:android_kernel_samsung_klte ****
e734212 : fix build <OzzysCmAcc> 3 days ago
9dd85e2 : Linux 3.4.73 <Greg Kroah-Hartman> 2 years, 11 months ago
742fb14 : blk-core: Fix memory corruption if blkcg_init_queue fails <Mikulas Patocka> 3 years, 1 month ago
1e41890 : dm: fix truncated status strings <Mikulas Patocka> 3 years, 9 months ago
bc8f2cf : elevator: acquire q->sysfs_lock in elevator_change() <Tomoki Sekiyama> 3 years, 1 month ago
fc8bed3 : iommu/vt-d: Fixed interaction of VFIO_IOMMU_MAP_DMA with IOMMU address limits <Julian Stecklina> 3 years, 1 month ago
297f094 : video: kyro: fix incorrect sizes when copying to userspace <Sasha Levin> 3 years ago
8f83df8 : nfsd: use "init_net" for portmapper <Stanislav Kinsbursky> 3 years, 11 months ago
f7aea6a : mmc: block: fix a bug of error handling in MMC driver <KOBAYASHI Yoshitake> 3 years, 5 months ago
5ec6cd9 : {pktgen, xfrm} Update IPv4 header total len and checksum after tranformation <fan.du> 3 years ago
f4639a5 : ipv6: fix possible seqlock deadlock in ip6_finish_output2 <Hannes Frederic Sowa> 3 years ago
cb22a38 : inet: fix possible seqlock deadlocks <Eric Dumazet> 3 years ago
5823150 : net: update consumers of MSG_MORE to recognize MSG_SENDPAGE_NOTLAST <Shawn Landden> 3 years ago
7614225 : af_packet: block BH in prb_shutdown_retire_blk_timer() <Veaceslav Falico> 3 years ago
12b4452 : packet: fix use after free race in send path when dev is released <Daniel Borkmann> 3 years ago
d338a4a : bridge: flush br's address entry in fdb when remove the bridge dev <Ding Tianhong> 3 years ago
0861cf8 : net: core: Always propagate flag changes to interfaces <Vlad Yasevich> 3 years ago
68982b5 : atm: idt77252: fix dev refcnt leak <Ying Xue> 3 years ago
bd1e90b : ipv6: fix leaking uninitialized port number of offender sockaddr <Hannes Frederic Sowa> 3 years ago
e38bf74 : net: clamp ->msg_namelen instead of returning an error <Dan Carpenter> 3 years ago
00437ab : inet: fix addr_len/msg->msg_namelen assignment in recv_error and rxpmtu functions <Hannes Frederic Sowa> 3 years ago
cfc6f94 : net: add BUG_ON if kernel advertises msg_namelen > sizeof(struct sockaddr_storage) <Hannes Frederic Sowa> 3 years ago
1a1959b : net: rework recvmsg handler msg_name and msg_namelen logic <Hannes Frederic Sowa> 3 years ago
7a9532d : inet: prevent leakage of uninitialized memory to user in recv syscalls <Hannes Frederic Sowa> 3 years ago
0c2851c : ipv4: fix possible seqlock deadlock <Eric Dumazet> 3 years ago
88e6e93 : connector: improved unaligned access error fix <Chris Metcalf> 3 years ago
55f8649 : isdnloop: use strlcpy() instead of strcpy() <Dan Carpenter> 3 years ago
8aa5477 : bonding: fix two race conditions in bond_store_updelay/downdelay <Nikolay Aleksandrov> 3 years ago
1f79d9e : 6lowpan: Uncompression of traffic class field was incorrect <Jukka Rissanen> 3 years ago
0c47616 : bonding: don't permit to use ARP monitoring in 802.3ad mode <Veaceslav Falico> 3 years ago
76514fd : random32: fix off-by-one in seeding requirement <Daniel Borkmann> 3 years ago
b9692e7 : ipv6: use rt6_get_dflt_router to get default router in rt6_route_rcv <Duan Jiong> 3 years ago
767309c : net: Fix "ip rule delete table 256" <Andreas Henriksson> 3 years ago
9895bfd : Linux 3.4.72 <Greg Kroah-Hartman> 3 years ago
bf59f25 : HID: apple: option to swap the 'Option' ("Alt") and 'Command' ("Flag") keys. <Nanno Langstraat> 3 years, 1 month ago
1dc8b35 : HID: roccat: fix Coverity CID 141438 <Stefan Achatz> 3 years, 1 month ago
679531c : media: lirc_zilog: Don't use dynamic static allocation <Mauro Carvalho Chehab> 3 years, 1 month ago
72458db : ftrace: Fix function graph with loading of modules <Steven Rostedt (Red Hat)> 3 years ago
e75ddc0 : KVM: Fix iommu map/unmap to handle memory slot moves <Alex Williamson> 3 years, 11 months ago
9ffcb1a9 : KVM: perform an invalid memslot step for gpa base change <Marcelo Tosatti> 4 years, 3 months ago
7dda407 : Input: i8042 - add PNP modaliases <Tom Gundersen> 3 years, 1 month ago
b2d3efb : tracing: Allow events to have NULL strings <Steven Rostedt (Red Hat)> 3 years ago
9967e50 : ALSA: hda/realtek - Set pcbeep amp for ALC668 <Kailang Yang> 3 years ago
fccab6d : cpuset: Fix memory allocator deadlock <Peter Zijlstra> 3 years ago
e0fa01e : powerpc/signals: Improved mark VSX not saved with small contexts fix <Michael Neuling> 3 years ago
e2f271d : md: fix calculation of stacking limits on level change. <NeilBrown> 3 years ago
5dda9e9 : radeon: workaround pinning failure on low ram gpu <Jerome Glisse> 3 years ago
df88b32 : drm/radeon/si: fix define for MC_SEQ_TRAIN_WAKEUP_CNTL <Alex Deucher> 3 years, 1 month ago
b233276 : drm/nouveau: when bailing out of a pushbuf ioctl, do not remove previous fence <Ben Skeggs> 3 years ago
e5ee73a : drm/i915: flush cursors harder <Daniel Vetter> 3 years, 1 month ago
 
**** cmold:android_kernel_sony_apq8064 ****
28dedfe : msm: camera: Restructure data handling to be more robust <Trilokesh Rangam> 5 weeks ago
6b9f835 : ANDROID: binder: Add strong ref checks <Arve Hjønnevåg> 4 months ago
7675490 : ion: disable system contig heap <Liam Mark> 6 weeks ago
327b6fa : HID: core: prevent out-of-bound readings <Benjamin Tissoires> 10 months ago
ade9e36 : BACKPORT: tty: Prevent ldisc drivers from re-using stale tty fields <Peter Hurley> 12 months ago
57efa24 : qcedev: Validate Source and Destination addresses <AnilKumar Chimata> 3 months ago
466dfd9 : BACKPORT: audit: fix a double fetch in audit_log_single_execve_arg() <Paul Moore> 10 weeks ago
46a40ae : perf: Fix race in swevent hash <Peter Zijlstra> 11 months ago
5171156 : ALSA: usb-audio: Fix double-free in error paths after snd_usb_add_audio_stream() call <Vladis Dronov> 8 months ago
91173b6 : ALSA: usb-audio: Minor code cleanup in create_fixed_stream_quirk() <Takashi Iwai> 8 months ago
4bc5020 : sg: Fix double-free when drives detach during SG_IO <Calvin Owens> 1 year, 1 month ago
c9bfeb9 : block: fix use-after-free in sys_ioprio_get() <Omar Sandoval> 5 months ago
6e86f02 : block: fix use-after-free in seq file <Vegard Nossum> 4 months ago
 
**** vanir:libcore ****
77335d6 : Modify j.t.DateFormat.set24HourTimePref() to take a Boolean <Neil Fuller> 7 days ago
 
**** vanir:packages_apps_Contacts ****
2448899 : De-holoize contact group activity. <Danny Baumann> 11 days ago
 
**** vanir:packages_apps_Settings ****
8bd4f79 : lockscreen: Forward port option to pass swipe-up-to-unlock <eray orçunus> 4 days ago
33cee22 : SimSettings: Disable entry for missing sim <Diogo Ferreira> 10 months ago
 
**** cm:CyanogenMod/android_packages_apps_Snap ****
a47fdba : snap: Remove duplicate LOCAL_PRIVILEGED_MODULE <Arne Coucheron> 3 days ago
 
**** vanir:packages_apps_Trebuchet ****
c39bccb : Disabling widget debug <Sunny Goyal> 1 year, 2 months ago
 
**** vanir:packages_inputmethods_LatinIME ****
cb3106f : LatinIME: Remove gesture preference if gesture lib is unavailable <Zhao Wei Liew> 4 days ago
 
**** vanir:vendor_asus ****
bef0d09 : flo, deb: import bullhead WV <Luca Stefani> 2 days ago
 
**** commotio:commotio ****
d2d5188 : Remove file manager <DHOMD> 26 minutes ago
0c4e0a7 : 120 <DHOMD> 29 minutes ago
efba3d8 : Add telephony stuff AND alpha bet <DHOMD> 30 minutes ago
6f3680d : Freeze themes <DHOMD> 49 minutes ago
c1ff332 : DataUsageProvider taints build when JACKing <DHOMD> 59 minutes ago
bb7d385 : Where ever I roam... <DHOMD> 61 minutes ago
72b1552 : Missed Backup whitelist <DHOMD> 75 minutes ago
13958eb : Further clean up <DHOMD> 77 minutes ago
a10f239 : Experimental <DHOMD> 2 hours ago
b4e9ea0 : Few moar tweaks <DHOMD> 2 hours ago
4fd1fb3 : Wild stabs in the dark.  Remake common <DHOMD> 2 hours ago
be209da : Shamu is Nexus too <DHOMD> 2 hours ago
b305cfd : Nexus Maker ... NFC? <DHOMD> 2 hours ago
b6aefcc : NFC is no longer enhnaced <DHOMD> 2 hours ago
 
**** vanir:vendor_samsung ****
2a74755 : jf: Update Widevine libraries <Zhao Wei Liew> 25 hours ago
f49ef06 : jf: Regenerate makefiles <Zhao Wei Liew> 26 hours ago
bd6cc3b : klte-common: import bullhead WV <Luca Stefani> 8 days ago
a3482f5 : klte-common: Nuke consumerir <Paul Keith> 3 days ago
45ce5b7 : manta: Regenerate using new generic extract <Tetsuo Osaka> 4 days ago
 
**** vanir:vendor_vanir ****
db33dc9 : Ensure there is telephony <DHOMD> 23 minutes ago
8809489 : manta and g2 NFC unenhance <nuclearmistake> 15 hours ago
9ef95aa : flo: not a phone <nuclearmistake> 2 days ago
694811d : how to even boolean? <nuclearmistake> 2 days ago
acd2d8d : Make nexus devices not build NFC enhanced, as CM did in cm.mk accross the board <nuclearmistake> 2 days ago
 
