
**** vanir:build ****
04c02eb : Build hacks <DHOMD> 5 weeks ago
 
**** vanir:device_asus_deb ****
db637bb : deb: selinux denials for audioserver <chrmhoffmann> 3 hours ago
d185fc8 : deb: move default network prop down from flo <Simon Shields> 10 hours ago
32602ff : deb: move mpdecision to main * see reason: https://github.com/CyanogenMod/android_device_oneplus_onyx/commit/8f63ddc37df31174c722d8e29fdd7363bf256d07 <chrmhoffmann> 23 hours ago
3bcb993 : deb: mpdecision group <chrmhoffmann> 23 hours ago
29d56bd : deb: enable multi-window <chrmhoffmann> 24 hours ago
f6720aa : deb: Delete dhcpcd init entries, since dhcpcd is no more <Lorenzo Colitti> 9 months ago
 
**** vanir:device_huawei_angler ****
59c98c5 : angler: Fix camera build warning about depending on kernel headers <Sam Mortimer> 18 hours ago
e0ef5cb : angler: Snap - disable use of camera hal1 api <Sam Mortimer> 28 hours ago
 
**** vanir:device_moto_shamu ****
fd8d39c : shamu: correct android version in build fingerprint and desc <razorloves> 13 hours ago
b01f6d1 : shamu: proprietary-files: Remove files not existent in NBD91P <Elektroschmock> 4 days ago
a3b6f25 : shamu: proprietary-files: Adapt to extrac-utils changes <Elektroschmock> 4 days ago
3ce873a : shamu: squash F2FS commits [5] <Elektroschmock> 4 days ago
06ff8e8 : shamu: squash of cm-feature and overlay related commits [4] <Elektroschmock> 6 days ago
4cea4f8 : shamu: squash of proprietary related changes [3] <Elektroschmock> 5 months ago
bb40a9f : shamu: squash of property related commits [2] <Elektroschmock> 4 days ago
fff0caa : shamu: squash of commits for cm bring-up [1] <Elektroschmock> 3 months ago
 
**** cm:CyanogenMod/android_device_oneplus_oneplus3 ****
463f335 : op3: fix fp location <Willi Ye> 2 days ago
 
**** cm:CyanogenMod/android_device_oppo_msm8974-common ****
6926731 : msm8974: remove startOffsetMs from media_profile <Divya Narayanan Poojary> 3 months ago
d1991a4 : msm8974: Addess SELinux denials <Michael Bestas> 10 days ago
d094b10 : msm8974-common: update widevine from bullhead <jrior001> 21 hours ago
de33cc0 : Revert "msm8974: Add shim for libwvm.so" <jrior001> 21 hours ago
 
**** vanir:device_samsung_jf-common ****
e46fe43 : jf: Add missing camera sepolicies <Paul Keith> 2 hours ago
0fffe83 : jf: sepolicy: Rewrite for N <Zhao Wei Liew> 9 weeks ago
 
**** vanir:frameworks_base ****
0f6728d : Base: fix the default icon for lockscreen shortcuts customisation <Arham Jamal> 10 months ago
4c1bc4b : SystemUI: Fix volume panel inconsistencies <Michael Bestas> 9 months ago
1ed703f : Include material ringtones and notification sounds <Zyg0te> 1 year, 10 months ago
a264b5a : Sounds: Cleanup duplicate ringtones/alarms <Matt Mower> 1 year, 11 months ago
14c4c04 : Revert "zygote: Allow device to append extra whitelisted paths" <Danny Baumann> 3 days ago
 
**** cm:CyanogenMod/android_hardware_qcom_media ****
1a4a797 : Update qcom-media project path guard <Sam Mortimer> 19 hours ago
 
**** vanir:kernel_moto_shamu ****
3849437 : mm: remove gup_flags FOLL_WRITE games from __get_user_pages() <Linus Torvalds> 5 weeks ago
79a0072 : Silence all the things <Elektroschmock> 9 weeks ago
37aac1c : net: wireless: bcmdhd: Silence some unnessecary noise <myfluxi> 1 year, 10 months ago
dc69e68 : arm: irq: Tone down kernel logging <myfluxi> 1 year, 4 months ago
1330ce0 : Input: atmel_mxt_ts_mmi silence logspam <Elektroschmock> 5 months ago
9af5b84 : Revert "msm: qpnp-power-on: Add power key event log." <Elektroschmock> 5 months ago
b6b2bd5 : msm: mdss: hbm: Enable when value not equal to 0 <Shane Synan> 3 months ago
794fcf8 : mdss_mdp_overlay: Change the syfs node from hbm to sre <dhacker29> 1 year ago
a96b611 : msm: vidc: Allow clients to specify/query the colorspace <Praveen Chavan> 1 year, 1 month ago
574411d : video: mdss: Color temperature interface using PCC <Steve Kondik> 1 year, 9 months ago
9b9536e : drv2605: vibe strength control <imoseyon> 1 year, 10 months ago
aa06cae : shamu: Update defconfig <Steve Kondik> 1 year, 2 months ago
2ecd47f : shamu: Regenerate full defconfig <Elektroschmock> 4 days ago
3b67a11 : block, bfq: add Early Queue Merge (EQM) to BFQ-v7r8 for 3.10.8+ <Mauro Andreolini> 1 year, 5 months ago
bc862c8 : block: introduce the BFQ-v7r8 I/O sched for 3.10.8+ <Paolo Valente> 3 years, 6 months ago
0650a09 : block: cgroups, kconfig, build bits for BFQ-v7r8-3.10.8+ <Arianna Avanzini> 2 years, 10 months ago
 
**** cmold:android_kernel_motorola_msm8226 ****
163a406 : ion: disable system contig heap <Liam Mark> 5 weeks ago
 
**** cmold:android_kernel_samsung_klte ****
2e1c102 : Linux 3.4.45 <Greg Kroah-Hartman> 3 years, 6 months ago
b81bb51 : x86/mm: account for PGDIR_SIZE alignment <Jerry Hoemann> 3 years, 7 months ago
cd2df7d : kernel/audit_tree.c: tree will leak memory when failure occurs in audit_trim_trees() <Chen Gang> 3 years, 7 months ago
4085b40 : tracing: Fix ftrace_dump() <Steven Rostedt (Red Hat)> 3 years, 8 months ago
1a8cbca : drm/radeon: fix handling of v6 power tables <Alex Deucher> 3 years, 7 months ago
7cd3873 : drm/radeon: add new richland pci ids <Alex Deucher> 3 years, 7 months ago
9a00d1d : drm/radeon: fix possible segfault when parsing pm tables <Alex Deucher> 3 years, 7 months ago
83e3225 : drm/radeon: fix endian bugs in atom_allocate_fb_scratch() <Alex Deucher> 3 years, 7 months ago
10331e1 : drm/radeon/evergreen+: don't enable HPD interrupts on eDP/LVDS <Alex Deucher> 3 years, 7 months ago
aa43f3e : drm/radeon: add some new SI PCI ids <Alex Deucher> 3 years, 7 months ago
bc96cce : drm/radeon: disable the crtcs in mc_stop (evergreen+) (v2) <Alex Deucher> 3 years, 7 months ago
a0913dc : drm/radeon: properly lock disp in mc_stop/resume for evergreen+ <Alex Deucher> 3 years, 7 months ago
8ebf09e : drm/radeon/dce6: add missing display reg for tiling setup <Alex Deucher> 3 years, 7 months ago
21477ed : drm/radeon: don't use get_engine_clock() on APUs <Alex Deucher> 3 years, 8 months ago
c217f1f : drm/i915: Fall back to bit banging mode for DVO transmitter detection <David Müller> 3 years, 7 months ago
0b52870 : drm/i915: Add no-lvds quirk for Fujitsu Esprimo Q900 <Christian Lamparter> 3 years, 7 months ago
88ad1b0 : cpufreq / Longhaul: Disable driver by default <Rafał Bilski> 3 years, 11 months ago
4885603 : r8169: fix 8168evl frame padding. <Stefan Bader> 3 years, 7 months ago
7fe43f8 : ext4: add check for inodes_count overflow in new resize ioctl <Theodore Ts'o> 3 years, 7 months ago
dd7ed61 : ipvs: ip_vs_sip_fill_param() BUG: bad check of return value <Hans Schillstrom> 3 years, 7 months ago
83abd1e : xhci: Don't warn on empty ring for suspended devices. <Sarah Sharp> 3 years, 8 months ago
0d9e7b4 : perf/x86/intel/lbr: Demand proper privileges for PERF_SAMPLE_BRANCH_KERNEL <Peter Zijlstra> 3 years, 6 months ago
bc28e00 : perf/x86/intel/lbr: Fix LBR filter <Peter Zijlstra> 3 years, 6 months ago
e2655a4 : net/eth/ibmveth: Fixup retrieval of MAC address <Benjamin Herrenschmidt> 3 years, 6 months ago
f60c806 : autofs - remove autofs dentry mount check <David Jeffery> 3 years, 6 months ago
0390a21 : powerpc: fix numa distance for form0 device tree <Vaidyanathan Srinivasan> 3 years, 8 months ago
5852e0d : powerpc: Emulate non privileged DSCR read and write <Anton Blanchard> 3 years, 7 months ago
5d0d22d : Linux 3.4.44 <Greg Kroah-Hartman> 3 years, 6 months ago
fcb6ac6 : mfd: adp5520: Restore mode bits on resume <Lars-Peter Clausen> 3 years, 9 months ago
2ef50f8 : mmc: atmel-mci: pio hang on block errors <Terry Barnaby> 3 years, 7 months ago
04350137 : mmc: core: Fix bit width test failing on old eMMC cards <Philip Rakity> 3 years, 7 months ago
b427d3b : x86: Eliminate irq_mis_count counted in arch_irq_stat <Li Fei> 3 years, 7 months ago
7e893d4 : KVM: X86 emulator: fix source operand decoding for 8bit mov[zs]x instructions <Gleb Natapov> 3 years, 7 months ago
16019dd : mmc: at91/avr32/atmel-mci: fix DMA-channel leak on module unload <Johan Hovold> 3 years, 8 months ago
ab464aa : ext4: fix Kconfig documentation for CONFIG_EXT4_DEBUG <Theodore Ts'o> 3 years, 7 months ago
fdc0b0c : ext4: fix online resizing for ext3-compat file systems <Theodore Ts'o> 3 years, 7 months ago
c171b5f : ixgbe: fix EICR write in ixgbe_msix_other <Jacob Keller> 3 years, 9 months ago
c4c6acb : ipc: sysv shared memory limited to 8TiB <Robin Holt> 3 years, 7 months ago
0d089a8 : nfsd: Decode and send 64bit time values <Bryan Schumaker> 3 years, 7 months ago
2aef2cd : nfsd4: don't close read-write opens too soon <J. Bruce Fields> 3 years, 8 months ago
af56998 : NFSv4: Handle NFS4ERR_DELAY and NFS4ERR_GRACE in nfs4_open_delegation_recall <Trond Myklebust> 3 years, 8 months ago
ebed1b8 : md: bad block list should default to disabled. <NeilBrown> 3 years, 7 months ago
731c522 : LOCKD: Ensure that nlmclnt_block resets block->b_status after a server reboot <Trond Myklebust> 3 years, 7 months ago
1f9de3d : fs/dcache.c: add cond_resched() to shrink_dcache_parent() <Greg Thelen> 3 years, 7 months ago
cf2cefb : clockevents: Set dummy handler on CPU_DEAD shutdown <Thomas Gleixner> 3 years, 7 months ago
cea4fe0 : cgroup: fix an off-by-one bug which may trigger BUG_ON() <Li Zefan> 3 years, 8 months ago
ad98811 : drivers/rtc/rtc-cmos.c: don't disable hpet emulation on suspend <Derek Basehore> 3 years, 7 months ago
c79447d : hrtimer: Add expiry time overflow check in hrtimer_interrupt <Prarit Bhargava> 3 years, 7 months ago
043d5f7 : hrtimer: Fix ktime_add_ns() overflow on 32bit architectures <David Engraf> 3 years, 8 months ago
f6c093d : ASoC: max98088: Fix logging of hardware revision. <Dylan Reid> 3 years, 7 months ago
 
**** cmold:android_kernel_sony_msm8x27 ****
cd4b33e : ANDROID: binder: Add strong ref checks <Arve Hjønnevåg> 4 months ago
f14d38f : ion: disable system contig heap <Liam Mark> 5 weeks ago
fe525f5 : HID: core: prevent out-of-bound readings <Benjamin Tissoires> 10 months ago
0816684 : BACKPORT: tty: Prevent ldisc drivers from re-using stale tty fields <Peter Hurley> 12 months ago
13230e1 : qcedev: Validate Source and Destination addresses <AnilKumar Chimata> 3 months ago
4a6e380 : BACKPORT: audit: fix a double fetch in audit_log_single_execve_arg() <Paul Moore> 9 weeks ago
 
**** vanir:platform_manifest ****
7320698 : Update commotio <DHOMD> 3 hours ago
 
**** vanir:packages_apps_Bluetooth ****
168ecad : bluetooth: Prevent null pointer crashes in A2DP initNative <Scott Warner> 13 hours ago
 
**** vanir:packages_apps_Contacts ****
45d4272 : Fix NPE when 'merge contacts' encounters unknown names. <Danny Baumann> 4 days ago
 
**** vanir:packages_apps_Dialer ****
30c87de : Clean up volume boost button logic. <Danny Baumann> 4 days ago
a2e2866 : InCallUI: Use proper sub IDs <Gabriele M> 33 hours ago
 
**** vanir:packages_apps_Email ****
e8856fe : Revert "Email: Supported Email search function" <Danny Baumann> 7 days ago
 
**** cm:CyanogenMod/android_packages_apps_Screencast ****
8a6711c : screencast: Fix the recording timer notification <Adrian DC> 2 days ago
 
**** vanir:packages_apps_Settings ****
5a0c426 : settings: Move Emergency broadcasts to Wireless & networks <Adrian DC> 3 days ago
 
**** vanir:packages_apps_Trebuchet ****
444e057 : [DO NOT MERGE] Address some spacing issues in all apps related to new support library <Adam Cohen> 7 months ago
a77e9b7 : Adding small padding between icons in AllApps. <Winson> 1 year, 2 months ago
b0111a5 : Compressing Launcher resources. <Winson> 1 year, 2 months ago
 
**** vanir:packages_apps_UnifiedEmail ****
39bd172 : Revert "UnifiedEmail: Supported Email search function" <Danny Baumann> 7 days ago
 
**** vanir:packages_services_Telecomm ****
b115d74 : Telecom: Ues proper sub IDs <Gabriele M> 33 hours ago
 
**** vanir:packages_services_Telephony ****
929b3e7 : Revert "Add support for DSDA" <Gabriele M> 3 days ago
 
**** vanir:system_core ****
dc67229 : init: Allow devices to opt-out of fsck'ing on power off <Christopher R. Palmer> 6 months ago
db04cb7 : healthd: allow custom charger images <Scott Mertz> 1 year, 8 months ago
 
**** commotio:commotio ****
2cc3dc3 : 71 119 <DHOMD> 2 weeks ago
da2a30f : Fingerprinted 2.0 <DHOMD> 3 hours ago
 
**** vanir:vendor_lge ****
c51fb87 : bullhead: update blobs from NRD91N factory image <razorloves> 8 days ago
638db7a : g4: remove unused ril blobs <codeworkx> 8 days ago
a0218aa : g4: update gps blobs from bullhead <codeworkx> 8 days ago
0b27012 : g4 : fix derp <Erwan> 8 days ago
39be35e : g4: revert v20g gps blobs <codeworkx> 8 days ago
f264e38 : g4: update wvm blobs <codeworkx> 10 days ago
f2f8561 : g4: fix derp <codeworkx> 11 days ago
770e0c1 : g4: remove shutdownlistener <codeworkx> 11 days ago
6a4fb9a : g4: switch to common GPU drivers <genesixx> 13 days ago
61365b4 : g4-common: update blobs from v20g <codeworkx> 12 days ago
233485f : d855: remove prebuilt ril <Hendrik Hagendorn> 2 weeks ago
a880e5e : g3: Cleanup and regenerate makefiles <Hendrik Hagendorn> 3 weeks ago
 
**** github:TheMuppets/proprietary_vendor_oppo ****
abcc6da : msm8974-common: Import bullhead WV <jrior001> 20 hours ago
 
**** vanir:vendor_vanir ****
825a9c5 : Fingerprinted <DHOMD> 3 hours ago
0b0df19 : apns: Remove loop and bpl mobile <Silesh K Nair> 31 hours ago
345f87f : apns: Add Reliance Jio apn's <Hriday Sharma> 4 days ago
 
