
**** cm:CyanogenMod/android_device_lge_ls990 ****
d5eb095 : ls990: update eri <Kasual> 33 hours ago
 
**** cm:CyanogenMod/android_device_motorola_lux ****
48a022b : lux: Drop RIL blobs hack <Alberto97> 4 days ago
 
**** vanir:device_motorola_msm8916-common ****
f021a5f : msm8916-common: Device tree update for 6.0.1 blobs <Alberto97> 3 months ago
 
**** vanir:device_motorola_omap4-common ****
114ab28 : audio/wrapper: use separate in_use-variables for each stream <Michael Gernoth> 28 hours ago
 
**** vanir:device_oneplus_bacon ****
a551322 : bacon: Add support for line-out device <Steve Kondik> 2 days ago
 
**** cm:CyanogenMod/android_device_oppo_find7-common ****
fd0e6c7 : Revert "find7-common: Fix speaker output" <Michael Bestas> 30 hours ago
a54c902 : find7-common: Add support for line-out device <Steve Kondik> 2 days ago
 
**** cm:CyanogenMod/android_device_samsung_d2-common ****
a5123c9 : Revert "Revert "audio_policy: add a2dp section"" <Matrix Zone> 4 weeks ago
 
**** cm:CyanogenMod/android_device_samsung_galaxys2-common ****
5ecdb14 : galaxys2-common: build an IsoRec-style recovery.img <Lanchon> 2 days ago
 
**** vanir:device_samsung_msm8960-common ****
7dbb0f8 : device: Remove debugfs mounting <Steve Kondik> 4 weeks ago
1302081 : sepolicy: more denials <Dave Daynard> 13 days ago
 
**** cm:CyanogenMod/android_hardware_qcom_audio ****
886c244 : hal: remove explicit direct pcm usecase <vivek mehta> 7 months ago
f6cd4f7 : hal: stop sound trigger buffering during close <Mingming Yin> 3 months ago
4fb2812 : hal: don't allow track offload if there's active sw effect <Weiyin Jiang> 7 weeks ago
bfe1cc3 : hal: Fix 44.1Khz playback when native support is not enabled <Amit Shekhar> 3 months ago
dc520bc : libaudiopolicymanager: DirectPCM: fix 44.1 clip playing noisy issue <vivek mehta> 5 months ago
b73a764 : audio: Extend platform parser to allow device name aliasing <Ethan Chen> 1 year, 7 months ago
64387ed : hal: Fix voice call recording <solk2> 1 year, 7 months ago
91c7d6b : hal: Fix digital USB headset combo device <Steve Kondik> 1 year, 7 months ago
be6fdfc : hal: Clean up compilation warnings <Steve Kondik> 1 year, 4 months ago
13ba1b4 : hal: Add support for audio amplifier HAL <Ethan Chen> 2 years, 11 months ago
381b7a0 : audio: Configure CM default feature set <Steve Kondik> 1 year, 4 months ago
b25084a : hal: Allow building hardware audio encoders <Arne Coucheron> 1 year, 2 months ago
f48de3d : audio: Use project pathmap <Ethan Chen> 4 months ago
1362fc7 : audio: Only allow non-legacy HAL <Ethan Chen> 4 months ago
b5b6d33 : hal: Update format table with AAC ADTS formats. <Ashish Jain> 5 months ago
102616d : HAL: Identify the track offload session <Sharad Sangle> 4 months ago
d7eaf2b : HAL: Identify Track offload session <Alexy Joseph> 5 months ago
8c21ad7 : Merge DAX2 changes <Gao Jie> 5 months ago
12467a1 : hal: Use AUDIO_TX_MONO_COPP topology for incall record usecases <Karthik Reddy Katta> 5 months ago
 
**** cm:CyanogenMod/android_hardware_qcom_audio ****
844647b : hal: Add support for AUDIO_DEVICE_OUT_LINE <Eric Laurent> 1 year, 8 months ago
 
**** cm:CyanogenMod/android_hardware_qcom_display ****
7b9a3a1 : hwc/overlay: Validate cursor position in hwc_setPositionAsync <Baldev Sahu> 7 weeks ago
4c401f0 : hwc: Fix sanitize ROI func <Ramakant Singh> 9 weeks ago
6dab9c9 : hwc: Apply Default Mode on real framework start <Sravan Kumar D.V.N> 10 weeks ago
732b9ac : qdutils: Correct the hwc-driver mismatch <Ramakant Singh> 10 weeks ago
f1e2905 : hwc: remove local constant DISPLAY_ATTRIBUTES list <Ramakant Singh> 2 months ago
a74edfb : hwc: Remove references to display-frameworks <Ethan Chen> 3 months ago
c7cce05 : hwc: Fix compile errors after display-frameworks removal <Arne Coucheron> 3 months ago
b375570 : hwc: Support for QDCM Preference when PU enabled <Nitesh Gupta> 4 months ago
cc1ec84 : hwc: Set ioprio for vsync thread <Steve Kondik> 7 months ago
7516867 : Don't build lights module if vendor supplies it <Steve Kondik> 1 year, 5 months ago
730d245 : Revert "hqd: Use MSM_VIDC_TARGET_LIST for Venus color format" <Ethan Chen> 4 months ago
bc1215a : display: Use project pathmap <Ethan Chen> 1 year, 5 months ago
c324d73 : hwc: Set DefaultMode after bootup completion <Ramakant Singh> 4 months ago
8a6e7c9 : gralloc: Add a private flag for INTERNAL only <Arun Kumar K.R> 7 months ago
394c830 : hwc: Donot update dynamic-fps when device is not active <Ramakant Singh> 6 months ago
8f21571 : hwc: Do not wait for MDSS fence for layers with rotation <Dileep Kumar Reddi> 6 months ago
d2c5ca0 : hwc: Start with ROI set to destination <Arun Kumar K.R> 6 months ago
9ef4d8c : hwc: Set minfps as part of timeout_handler during idlefallback <Ramakant Singh> 6 months ago
0d616ba : Revert "hwc: Relax format change restrictions for certain targets" <Dileep Kumar Reddi> 6 months ago
213ead5 : Default flexible YUV format to NV21 <Tanmaya Godbole> 8 months ago
ed75fdb : hwc: Reset refresh-rate for few cases as part of timeout handler <Dileep Kumar Reddi> 6 months ago
56ed396 : gralloc: Add support for PRIV_FLAGS_DISP_CONSUMER <Surajit Podder> 10 months ago
a2d5295 : hwc: Support ActionSafe on targets with non-scaling RGB pipes. <Sandeep Panda> 7 months ago
248378d : gralloc: Use adreno_utils api for NV21 and NV12 alignment <Sushil Chauhan> 8 months ago
037d21d : hwc: Use basePipe for fullscreen and opaque layer <Pullakavi Srinivas> 7 months ago
77ec4ef : gralloc: Modify check for uncompressed RGB buffers <Naomi Luis> 8 months ago
449fbe0 : hwc: Use aligned width and height <Dileep Kumar Reddi> 7 months ago
02dbc50 : Revert "HWC: use aligned width and height for rearranging ROI" <Dileep Kumar Reddi> 7 months ago
cd7217a : hwc: Support ActionSafe on targets with non-scaling RGB pipes. <Sandeep Panda> 7 months ago
eed742d : overlay: add tertiary display definition in overlay <Vinu Deokaran> 7 months ago
a029479 : hwc: Validate display ID in hwc interface <Arun Kumar K.R> 7 months ago
09441c1 : gralloc: Add missing changes related to RAW16 <Raj Kamal> 8 months ago
7ea10c5 : hwc: Use basePipe for fullscreen and opaque layer <Pullakavi Srinivas> 7 months ago
c039f6e : hwc: Use aligned width and height <Dileep Kumar Reddi> 7 months ago
60cbe72 : Revert "HWC: use aligned width and height for rearranging ROI" <Dileep Kumar Reddi> 7 months ago
2e918bf : hwc: Avoid idlefallback during video playback <Raj Kamal> 8 months ago
fbe5a60 : HWC: use aligned width and height for rearranging ROI <Dileep Kumar Reddi> 8 months ago
597b313 : hwc: Featurize HWC_DISPLAY_SECURE <Raj Kamal> 8 months ago
eb4d7a6 : hwc: Use HWC_DISPLAY_NO_ATTRIBUTE as terminator. <Prabhanjan Kandula> 8 months ago
410ba7c : hwc : Normalize source crop before validating scaling limits. <Prabhanjan Kandula> 8 months ago
95fef31 : hwc: Relax format change restrictions for certain targets <Dileep Kumar Reddi> 8 months ago
42a1c98 : hwc: Changes for display-hal compilation with QTI_BSP enabled <Ramakant Singh> 8 months ago
c772eec : hwc: Do not use Borderfill pipe for composition in WFD <Dileep Kumar Reddi> 8 months ago
e5268fd : hwc/overlay: Pass handle w/h and crop w/h through fb_image field <Arun Kumar K.R> 9 months ago
5d39f02 : hwc: Log warning instead of mHDMIClient object not available <Dileep Kumar Reddi> 8 months ago
55b3489 : hwc: Ignore float-conversion for included headers <Naseer Ahmed> 8 months ago
82fe9c6 : hwc: Do not consider rotation for smart blit <Ramakant Singh> 9 months ago
dd689ff : hwc: Do not create idle invalidator for MDP3 targets <Dileep Kumar Reddi> 8 months ago
c58836b : hwc: Align ROI's width and height in both directions <Dileep Kumar Reddi> 9 months ago
19f2250 : hwc: Fix SF crash due to SIGSEGV error <Raj Kamal> 9 months ago
 
**** cm:CyanogenMod/android_hardware_qcom_display ****
17f2d38 : Don't build lights module if vendor supplies it <Steve Kondik> 1 year, 5 months ago
420cc3a : msm8996: remove unused qcom features <Scott Mertz> 4 months ago
5bdcfa4 : Additional pathmap & build fixes <Scott Mertz> 4 months ago
e80bb52 : display: Use project pathmap <Ethan Chen> 1 year, 5 months ago
e04e869 : Remove usage of MASTER_SIDE_CP_TARGET_LIST <Scott Mertz> 4 months ago
3fd7d00 : Revert "hqd: Use MSM_VIDC_TARGET_LIST for Venus color format" <Scott Mertz> 4 months ago
99aa8ca : sdm: Fix uninitialized HWLayers object <Saurabh Shah> 4 months ago
572b2bf : sdm: Do not copy surfaceDamage rects for SKIP layers <Sushil Chauhan> 4 months ago
074314d : gralloc: Add support for PRIV_FLAGS_DISP_CONSUMER <Surajit Podder> 10 months ago
8f8f6c7 : sdm : Add support for dynamic BW limit management <Prabhanjan Kandula> 6 months ago
83a945b : libqdutils: Refer to standard definitions for display types. <Dileep Marchya> 5 months ago
f29ff14 : sdm: Fix buffer overflow <Manoj Kumar AVM> 5 months ago
99ef378 : sdm: HWDevice: Set correct HWDisplayMode <Arun Kumar K.R> 5 months ago
ddca4e7 : sdm: Remove unused function in rect utility <Manoj Kumar AVM> 5 months ago
8d22bad : sdm: Fix memory leaks. <Dileep Marchya> 5 months ago
1c3f9a3 : hwc: Handle SBM operation set for all layers <Saurabh Shah> 5 months ago
b8067a4 : qdMetadata: Use uint32_t instead of bool <Saurabh Shah> 5 months ago
a0db84b : sdm: hdmi: Set the default grayscale value to RGB888 <Tatenda Chipeperekwa> 6 months ago
e94e78c : sdm: Add bandwidth and clock members <Sushil Chauhan> 8 months ago
959863b : sdm: Update HWPanelInfo during primary resolution switch <Sushil Chauhan> 5 months ago
b8ecfbf : display: Enable clang for all display modules <Naseer Ahmed> 5 months ago
63e8c95 : sdm: Source crop top needs adjustment for interlaced <Sushil Chauhan> 5 months ago
f1c8357 : sdm: Remove closing of fd during Sync operations <Manoj Kumar AVM> 6 months ago
44e2be1 : sdm: Do not process blit configuration for zero app layers. <Dileep Marchya> 5 months ago
61ef29b : sdm: Add support for single buffer layers <Saurabh Shah> 6 months ago
a816961 : sdm: Use FB resolution for virtual display <radhakrishna> 6 months ago
a0394ad : qdMetaData: Remove unused metadata fields. <Arun Kumar K.R> 6 months ago
50ff0bb : sdm: Panel name retrieval support <Dileep Marchya> 6 months ago
95f8368 : gralloc/metadata: Add support for single buffer mode <Saurabh Shah> 6 months ago
d7131e6 : sdm: Add support for UBWC in C2D <radhakrishna> 6 months ago
67c1f90 : sdm: Allow draw cycle in doze state. <Dileep Marchya> 6 months ago
5fb6d40 : sdm: Perform GPU target layer validation. <Manoj Kumar AVM> 6 months ago
226646c : sdm: Populate correct WB index for virtual <radhakrishna> 6 months ago
3edaf83 : sdm: Read rotator capabilities from driver <radhakrishna> 7 months ago
492ab99 : sdm: Fix ROI and Split info in SF dumpsys <Sushil Chauhan> 6 months ago
a9fb396 : sdm: Remove buffer format validation from hwc wrapper. <Ramkumar Radhakrishnan> 6 months ago
76750f2 : sdm: Add support for YCbCr420 Semiplanar format <Ramkumar Radhakrishnan> 6 months ago
bddb952 : gralloc: Use only metadata for color space <Saurabh Shah> 6 months ago
4a31ec4 : sdm: Make premultiplied as default blending <Saurabh Shah> 6 months ago
e1f01dd : sdm: Flush after first successful commit only. <Dileep Marchya> 6 months ago
1a7e1f1 : sdm: Add support for IGC. <Dileep Marchya> 7 months ago
9b99074 : sdm: Fix memory leaks. <Dileep Marchya> 6 months ago
ec8fe35 : sdm: Fix HDMI & virtual display concurrency. <Dileep Marchya> 6 months ago
d433464 : sdm: Add interface to consider rotator during scaling validation. <Ramkumar Radhakrishnan> 6 months ago
a5b764f : sdm: Add support for minimum encryption level settings for HDCP. <Dileep Marchya> 6 months ago
55fe304 : sdm: Add SPD information for HDMI <Arun Kumar K.R> 6 months ago
06078aa : sdm: Acquire lock during hwcomposer module open and close <Ramkumar Radhakrishnan> 6 months ago
d169be9 : sdm: properly close all the fence Fds <Ping Li> 6 months ago
040a3d0 : sdm: hwc: SetRefreshRate before validate IOCTL <Arun Kumar K.R> 7 months ago
6e43f57 : sdm: Handle/set dynamic fps appropriately <Arun Kumar K.R> 7 months ago
 
**** cm:CyanogenMod/android_hardware_qcom_media ****
ff3940f : mm-video-v4l2: Return correct level support for 8956 <Surajit Podder> 7 weeks ago
1fd6df0 : mm-video-v4l2: vidc: vdec: handle ftbs during reconfig and port disable <Abdulla Anam> 9 weeks ago
e9bacff : mm-video-v4l2: venc: check for null pointer <Maheshwar Ajja> 10 weeks ago
a699a13 : mm-video-v4l2: vdec: set 24 fps framerate for 4k clips <Deepak Kushwah> 3 months ago
bc9e191 : mm-video-v4l2: vidc: Fix race condition with msg thread fd close <Shalaj Jain> 5 months ago
a860362 : mm-video-v4l2: vidc: update thread names <Ashray Kulkarni> 9 months ago
8e66146 : mm-video-v4l2: Add support for prefer adaptive playback extension <Shalaj Jain> 9 months ago
41a5cfd : mm-video: Adjust stride value for planar format <Surajit Podder> 11 months ago
c40cf77 : mm-video: vidc: Reliably stop the message thread <Deepak Kushwah> 4 months ago
62f611d : Fix duplicated OMX.qcom.audio.decoder.aac entry <Keith Mok> 4 months ago
69d6d4b : media: Avoid collision with FFMPEG plugin <Steve Kondik> 4 months ago
610c356 : media: Use project pathmap <Ethan Chen> 4 months ago
dc1b1d4 : mm-video-v4l2: Unmap dropped output buffers <Surajit Podder> 4 months ago
78521c5 : Include kernel header dependency for libOmxVidcCommon <Divya Sharma> 5 months ago
f9c92f0 : mm-video-v4l2: vidc: venc: Fix hybrid HP layer count <Abdulla Anam> 6 months ago
a5dce41 : mm-video-v4l2: Enable get_param to check downscalar enablement <Surajit Podder> 5 months ago
e7743ae : mm-video-v4l2: venc: Add support to enhance hybrid Hier-p mode <Abdulla Anam> 5 months ago
75bc6a6 : mm-video-v4l2: vdec:  release buffer when qbuf to driver fails <Manikanta Kanamarlapudi> 6 months ago
cfeaf87 : mm-video-v4l2: Use client buffer header for FTB <Surajit Podder> 6 months ago
b6c736d : mm-video-v4l2: Disable intra refresh mode on msm8956/76 <Maheshwar Ajja> 6 months ago
a54c5d4 : mm-video-v4l2: vdec: fix fps issues in arbitrary mode <Ashray Kulkarni> 7 months ago
826ba8c : QCMetadata: add a new key for big buffers <Sidipotu Ashok> 6 months ago
ef3143a : QCMetadata: Add key for setBuffers API support <Manikanta Kanamarlapudi> 10 months ago
f178e8b : mm-video-v4l2: venc: support all I frame encoding usecase. <Abdulla Anam> 6 months ago
bcf4fa3 : libstagefrighthw: Add header guard to QComOMXMetadata.h and fix file perms <Deva Ramasubramanian> 7 months ago
e2d287f : mm-video-v4l2: vdec: streamoff while freeing first output buffer <Balamurugan Alagarsamy> 1 year, 4 months ago
f0fc3d0 : mm-video: Disable downscalar for non-display usecase <Surajit Podder> 10 months ago
0997c8a : mm-video: Enable HEVC software encoder OMX component. <Manikanta Sivapala> 7 months ago
8bb96de : mm-video_v4l2: pass crop nWidth and nHeight in reconfig event. <Abdulla Anam> 7 months ago
afb1469 : mm-video-v4l2: Fix downscalar issue <Surajit Podder> 7 months ago
269f6cd : mm-video-v4l2: Fix crash due to divide by zero <Surajit Podder> 7 months ago
c14558c : mm-video-v4l2: venc: initialize the member variables <Maheshwar Ajja> 7 months ago
99c2455 : mm-video-v4l2: vdec: Fix closing of file descriptor "0" <Deepak Kushwah> 7 months ago
b4d0e38 : mm-video-v4l2: venc: limit pixels value in input buffers. <Abdulla Anam> 7 months ago
1202ebd : mm-video_v4l2: pass crop nWidth and nHeight in reconfig event. <Abdulla Anam> 7 months ago
1fc82f0 : mm-video: Disable downscalar for non-display usecase <Surajit Podder> 10 months ago
6ecc67f : mm-core: update vpp related structures and enums. <Abdulla Anam> 7 months ago
56c0a51 : mm-video-v4l2: vidc: venc: fix CTS issues in vp8 encoder <Maheshwar Ajja> 7 months ago
1fe6770 : mm-core: update vpp related structures and enums. <Abdulla Anam> 7 months ago
a9c2410 : mm-video: Set correct color format to driver <Surajit Podder> 9 months ago
f2fa16b : mm-video-v4l2: vidc: venc: enable low latency mode <Maheshwar Ajja> 8 months ago
79da148 : mm-video-v4l2: null check before pointer dereference <Abdulla Anam> 8 months ago
a66ec1f : audio: Fix stale session opening of DSP audio decoder <Naresh Tanniru> 8 months ago
1171b44 : audio: Fix stale session opening of DSP audio decoder <Naresh Tanniru> 8 months ago
03f6533 : mm-video-v4l2: change variables used for reconfig height & width <Abdulla Anam> 8 months ago
6dc2004 : mm-video-v4l2: venc: Disable Bframes incase of UHD recording <Deepak Kushwah> 8 months ago
f493b73 : audio: Add support for new key kKeyByteMode <Manish Dewangan> 8 months ago
382b5b7 : mm-video-v4l2: video: add new extensions <Ashray Kulkarni> 11 months ago
b266f81 : mm-video-v4l2: venc: Add support for low latency mode <Maheshwar Ajja> 8 months ago
14c22a7 : mm-core: Add Skype extensions <Ashray Kulkarni> 11 months ago
 
**** cm:CyanogenMod/android_hardware_qcom_media ****
347b90c : libc2dcolorconvert: refer c2d header from display <Praveen Chavan> 1 year, 11 months ago
6316605 : vidc: Fix makefiles <Steve Kondik> 12 months ago
d84d430 : media: Avoid collision with FFMPEG plugin <Steve Kondik> 1 year, 11 months ago
8ba01d1 : media: Use project pathmap <Ethan Chen> 1 year, 2 months ago
be989ef : audio: Add entry for ALAC/APE software component <Preetam Singh Ranawat> 5 months ago
ab3e6cf : Include kernel header dependency for libOmxVidcCommon <Divya Sharma> 5 months ago
f5b8f20 : Include kernel header dependency for libOmxVidcCommon <Divya Sharma> 5 months ago
2266025 : mm-video-v4l2: vidc: Ensure async_message_thread always exits <Arun Menon> 5 months ago
b0d352b : media : Add Max CSD values for ALAC and APE <Preetam Singh Ranawat> 5 months ago
a04219f : mm-video-v4l2: vdec: skip enabling extn_user extradata for secure session <Srinu Gorle> 5 months ago
622d480 : mm-video-v4l2: vidc: Enhance VQZIP checks <Praneeth Paladugu> 7 months ago
2b5bd8a : mm-video-v4l2: vidc: venc: Fix input extradata issues <Praneeth Paladugu> 5 months ago
ce13944 : mm-video-v4l2: vidc: vdec: Add UBWC color format support <Srinu Gorle> 5 months ago
a725170 : mm-video: venc: Initialize m_graphicBufferSize <Deva Ramasubramanian> 5 months ago
8be933c : mm-video-v4l2: vidc: vdec: Add support for downscalar in component <Srinu Gorle> 11 months ago
c29ae31 : mm-video-v4l2: vidc: Fix race condition with msg thread fd close <Shalaj Jain> 5 months ago
6a50516 : mm-video-v4l2: vdec: Fix CTS issue with color coversion <Vinay Kalia> 5 months ago
ab08584 : mm-core: Add extensions for FRC <Vinay Kalia> 5 months ago
b12f245 : mm-video-v4l2: Handle async_message_thread error <Arun Menon> 5 months ago
9952fd8 : mm-core: Add secure component registry entry <Vikash Garodia> 5 months ago
8d855cc : mm-video: common: update OmxVidcCommon dependency list <Srinu Gorle> 5 months ago
3c3fe6c : mm-video-v4l2: vdec: Change preferred color format default order <Arun Menon> 5 months ago
c73daac : mm-video-v4l2: Add registry entry for openmax components. <Vikash Garodia> 5 months ago
bcb448c : mm-video: swvdec: Add SwVdec registry entries for 8937. <Manikanta Sivapala> 6 months ago
e592d0a : mm-video: swvdec: Add SwVdec OMX component. <Manikanta Sivapala> 5 months ago
41cf898 : mm-core: Update the correct instance index for storing VPP handle <Praneeth Paladugu> 5 months ago
c8827e2 : mm-video-v4l2: vidc: Allocate secure bitstream buffers from CMA <Shalaj Jain> 5 months ago
cf6d469 : mm-video: vidc: Fully drainbuffers from the driver if batch not complete <Deva Ramasubramanian> 5 months ago
093280d : mm-core: Unload the component library after the session is done <Praneeth Paladugu> 5 months ago
45267c8 : Remove msm8937 due to missing HY11 rule <Naveen Kumar> 5 months ago
fb36868 : mm-video: venc: Revert Venus native support for RGBA8888 <Deva Ramasubramanian> 6 months ago
1c7b346 : mm-video: swvenc: Add pure virtual functions. <Manikanta Sivapala> 5 months ago
0ec71b0 : mm-video: Add extensions to enable and configure ROI QP info <Vinay Kalia> 6 months ago
db88209 : audio: remove duplicate instances of aac decoder <Mingming Yin> 6 months ago
b04a903 : mm-video-v4l2: vdec: Fix a bug with C2D and DROPPED_FRAME <Vinay Kalia> 6 months ago
183f501 : mm-video-v4l2: vidc: Add null checks in async_message_process <Arun Menon> 6 months ago
fbdcaba : mm-video-v4l2: Add support for VP9 secure decoder <Shalaj Jain> 8 months ago
a935f80 : mm-video: swvenc: Add SwVenc registry entries for 8937. <Manikanta Sivapala> 6 months ago
f3f1e00 : QCMetadata: add a new key for big buffers <Sidipotu Ashok> 6 months ago
be1c0e3 : mm-video: vidc: Adjust performance level only after STREAMON <Deva Ramasubramanian> 6 months ago
6f6f5fb : mm-video-v4l2: vidc: venc: Fix hybrid HP layer count <Ashray Kulkarni> 6 months ago
144b092 : mm-video: venc: Get rid of PREPARE_BUF on input port <Vinay Kalia> 6 months ago
431e6b1 : mm-video-v4l2: vdec: fix fps issues in arbitrary mode <Ashray Kulkarni> 7 months ago
edd1b09 : mm-video-v4l2: vidc: vdec: Put decoder sessions in TURBO <Praneeth Paladugu> 9 months ago
07a4eca : libc2dcolorconvert: Fix height alignment issue with RGBA formats <Rajesh Sastrula> 6 months ago
c826460 : mm-video-v4l2: venc: Add support to enhance hybrid Hier-p mode <Ashray Kulkarni> 9 months ago
c08fc90 : mm-core: Add registry entry for titanium <Srinu Gorle> 6 months ago
94af4ea : mm-video: Add opaque color format support to MPEG-4 SwVenc. <Manikanta Sivapala> 6 months ago
f4e1426 : mm-video-v4l2: Do not send error to client once in loaded state <Shalaj Jain> 6 months ago
bf75c1c : mm-video-v4l2: vdec: Add range check before native_buffer usage <Arun Menon> 6 months ago
 
**** cmold:android_kernel_motorola_msm8916 ****
e273ce3 : drv2605: sysfs interface for vibration intensity <Sultan Qasim Khan> 2 days ago
 
**** cmold:android_kernel_oneplus_msm8974 ****
a767412 : ASoC: wcd9xxx-mbhc: Avoid multiple insertion/removals for aux cable <Phani Kumar Uppalapati> 8 months ago
9b8ea79 : Asoc: wcd: mbhc: Report SW_LINEOUT_INSERT <Yandong Yang> 10 months ago
4b9ca0c : Asoc: wcd: mbhc: Report SW_JACK_PHYSICAL_INSERT <Yandong Yang> 10 months ago
3389604 : Linux 3.4.111 <Zefan Li> 3 weeks ago
6d470d7 : KVM: x86: move steal time initialization to vcpu entry time <Marcelo Tosatti> 6 months ago
24fa51b : dm btree remove: fix a bug when rebalancing nodes after removal <Joe Thornber> 6 months ago
f43d490 : usb: dwc3: Fix assignment of EP transfer resources <John Youn> 8 weeks ago
d359d1d : ALSA: usb-audio: Add a more accurate volume quirk for AudioQuest DragonFly <Anssi Hannula> 4 months ago
ba8a85e : ALSA: tlv: add DECLARE_TLV_DB_RANGE() <Clemens Ladisch> 4 years, 5 months ago
320f830 : ALSA: tlv: compute TLV_*_ITEM lengths automatically <Clemens Ladisch> 4 years, 5 months ago
0a165ad2 : x86/LDT: Print the real LDT base address <Jan Beulich> 4 months ago
7857899 : af_unix: Guard against other == sk in unix_dgram_sendmsg <Rainer Weikusat> 8 weeks ago
ca7d623 : net: fix warnings in 'make htmldocs' by moving macro definition out of field declaration <Hannes Frederic Sowa> 4 months ago
4057088 : kernel/watchdog.c: touch_nmi_watchdog should only touch local cpu not every one <Ben Zhang> 2 years ago
5317d9a : ipv6: prevent fib6_run_gc() contention <Michal KubeÄek> 2 years, 8 months ago
3146973 : SUNRPC: never enqueue a ->rq_cong request on ->sending <Neil Brown> 10 months ago
faf7b6b : atm: deal with setting entry before mkip was called <Sasha Levin> 7 months ago
9b3dd23 : netfilter: nf_conntrack: fix RCU race in nf_conntrack_find_get <Andrey Vagin> 2 years, 2 months ago
bea46f4 : ipv6: probe routes asynchronous in rt6_probe <Hannes Frederic Sowa> 2 years, 6 months ago
d865a11 : net: avoid to hang up on sending due to sysctl configuration overflow. <bingtian.ly@taobao.com> 3 years, 3 months ago
3cda8eb : Initialize msg/shm IPC objects before doing ipc_addid() <Linus Torvalds> 6 months ago
f074c26 : get rid of s_files and files_lock <Al Viro> 2 years, 6 months ago
8f452aa : KVM: svm: unconditionally intercept #DB <Paolo Bonzini> 5 months ago
e1b6c3c : KVM: x86: work around infinite loop in microcode when #AC is delivered <Eric Northup> 5 months ago
59c8392 : ipv6: addrconf: validate new MTU before applying it <Marcelo Leitner> 1 year, 2 months ago
9793b7b : KEYS: Fix crash when attempt to garbage collect an uninstantiated keyring <David Howells> 6 months ago
48ec02c : KEYS: Fix race between key destruction and finding a keyring by name <David Howells> 7 months ago
04d6387 : USB: whiteheat: fix potential null-deref at probe <Johan Hovold> 7 months ago
a1c3860 : ppp, slip: Validate VJ compression slot parameters completely <Ben Hutchings> 5 months ago
76e4831 : isdn_ppp: Add checks for allocation failure in isdn_ppp_open() <Ben Hutchings> 5 months ago
3546498 : virtio-net: drop NETIF_F_FRAGLIST <Jason Wang> 8 months ago
26aa430 : sg_start_req(): make sure that there's not too many elements in iovec <Al Viro> 1 year, 1 month ago
4ee85da : RDS: fix race condition when sending a message on unbound socket <Quentin Casasnovas> 5 months ago
473d720 : RDS: verify the underlying transport exists before creating a connection <Sasha Levin> 7 months ago
39f7979 : net: add validation for the socket syscall protocol argument <Hannes Frederic Sowa> 4 months ago
0cf0ae3 : pptp: verify sockaddr_len in pptp_bind() and pptp_connect() <WANG Cong> 4 months ago
ec54d5a : unix: avoid use-after-free in ep_remove_wait_queue <Rainer Weikusat> 5 months ago
44b2ffc : Revert "usb: dwc3: Reset the transfer resource index on SET_INTERFACE" <Zefan Li> 6 weeks ago
1f2a65a : sctp: donot reset the overall_error_count in SHUTDOWN_RECEIVE state <lucien> 8 months ago
0ddb79b : net: Fix RCU splat in af_key <David Ahern> 8 months ago
cc45692 : ipc,sem: fix use after free on IPC_RMID after a task using same semaphore set exits <Herton R. Krzesinski> 8 months ago
1d275d9 : EDAC, ppc4xx: Access mci->csrows array elements properly <Michael Walle> 9 months ago
334b3bb : libfc: Fix fc_fcp_cleanup_each_cmd() <Bart Van Assche> 10 months ago
0adcec6 : libiscsi: Fix host busy blocking during connection teardown <John Soni Jose> 10 months ago
f738306 : dm btree: add ref counting ops for the leaves of top level btrees <Joe Thornber> 8 months ago
bd1bdbe : localmodconfig: Use Kbuild files too <Richard Weinberger> 9 months ago
8a12aac : x86/ldt: Correct FPU emulation access to LDT <Juergen Gross> 8 months ago
fbe750b : x86/ldt: Correct LDT access in single stepping logic <Juergen Gross> 8 months ago
bcbcff7 : ocfs2: fix BUG in ocfs2_downconvert_thread_do_work() <Joseph Qi> 8 months ago
73619ea : MIPS: Make set_pte() SMP safe. <David Daney> 8 months ago
 
**** github:ashwinr64/android_kernel_oneplus_onyx ****
76fdf94 : drivers: power: bq27541: Switch to wakeup sources <Ashwin> 16 hours ago
1eab614 : defconfig: REGEN <Ashwin> 16 hours ago
3c86d87 : power: qpnp-charger: Convert to alarmtimers <Steve Kondik> 4 months ago
d35721c2 : msm: thermal: Remove alarm support in KTM <Ram Chandrasekar> 2 years, 4 months ago
ca446d0e : staging: android-alarm: Fix power off alarm <Keith Mok> 2 months ago
df4a0dd : Revert "alarmtimer: set power off alarm to be triggered on time" <Ricardo Cerqueira> 10 months ago
937032b : alarmtimer: set power off alarm to be triggered on time <Lijuan Gao> 1 year, 4 months ago
4788fb1 : alarmtimer: add verification for rtc dev in power_on_alarm_init <Mao Jinlong> 1 year, 1 month ago
fd76d3e : rtc: alarm: Change wake-up source <Mohit Aggarwal> 1 year, 3 months ago
94189c6 : drivers: lpm-levels: Provide API to set wake up time from suspend <Anji Jonnala> 1 year, 2 months ago
d63aeb0 : rtc: alarm: Fix data handling issue with alarm->type <Venkatesh Yadav Abbarapu> 1 year, 1 month ago
5636d38 : alarmtimer: Lock k_itimer during timer callback <Richard Larocque> 1 year, 7 months ago
67bcd7c : alarmtimer: Do not signal SIGEV_NONE timers <Richard Larocque> 1 year, 7 months ago
fdb15f7 : alarmtimer: Return relative times in timer_gettime <Richard Larocque> 1 year, 7 months ago
e86a7f9 : rtc: alarm: set power_on_alarm again when calling alarmtimer_resume <Mao Jinlong> 1 year, 8 months ago
1c0248b : alarmtimer: Fix bug where relative alarm timers were treated as absolute <John Stultz> 1 year, 9 months ago
2ec5e2b : rtc: alarm: init power_on_alarm_lock mutex in alarmtimer_rtc_timer_init <Kumar Gala> 2 years, 3 months ago
556372a : alarmtimer: return EINVAL instead of ENOTSUPP if rtcdev doesn't exist <KOSAKI Motohiro> 2 years, 6 months ago
f1aaca2 : alarmtimer: add rtc irq support for alarm <Xiaocheng Li> 2 years, 5 months ago
f1c5b5d : alarmtimer: Rename alarmtimer_remove to alarmtimer_dequeue <John Stultz> 3 years, 7 months ago
ba7db05 : alarm: init power_on_alarm in alarm_dev_init <Mao Jinlong> 1 year, 2 months ago
fc0c8f0 : switch timerfd_[sg]ettime(2) to fget_light() <Al Viro> 3 years, 7 months ago
061e22c : alarm : Fix the race conditions in alarm-dev.c <Mao Jinlong> 2 years ago
a815731 : qpnp-rtc: clear alarm register when rtc irq is disabled <Matthew Qin> 2 years, 4 months ago
1f36504 : rtc: alarm: Add power-on alarm feature <Matthew Qin> 2 years, 4 months ago
530f57a : staging: alarm-dev: information leak in alarm_compat_ioctl() <Dan Carpenter> 2 years, 10 months ago
044f71d : staging: alarm-dev: information leak in alarm_ioctl() <Dan Carpenter> 2 years, 10 months ago
3ba5cba : staging: alarm-dev: Implement compat_ioctl support <John Stultz> 3 years, 3 months ago
d695e39 : staging: alarm-dev: Refactor alarm-dev ioctl code in prep for compat_ioctl <John Stultz> 3 years, 3 months ago
632d302 : staging: alarm-dev: Drop pre Android 1.0 _OLD ioctls <John Stultz> 3 years, 3 months ago
1e056f5 : Staging: android: Alarm driver cleanups <Dae S. Kim> 3 years, 7 months ago
c499535 : staging: android: alarm: remove unnecessary goto statement <Devendra Naga> 3 years, 11 months ago
5c3bec8 : staging: Android: Fix NULL pointer related warning in alarm-dev.c file <Sachin Kamat> 3 years, 10 months ago
0ea3d77 : Staging: android: alarm: Rename pr_alarm to alarm_dbg <Joe Perches> 3 years, 11 months ago
595e90d : staging: android-alarm: Switch from wakelocks to wakeup sources <John Stultz> 4 years ago
278cad6 : (SQUASHED) Revert recent kernel-common changes <Alexander Martinz> 1 year ago
4077a55 : rtc: Remove old alarm driver and switch to new implementation <Steve Kondik> 1 year, 6 months ago
625facd : wcnss: Fix compilation issue w/ debug disabled <Steve Kondik> 6 months ago
33577e2 : arm: msm8974: fix build when not selecting KS8851 <Dan Pasanen> 1 year ago
a49c5df : mm: compaction: Fix compilation warning <Steve Kondik> 4 months ago
4d25632 : msm: mdss: Fix trace include path for out of tree builds <myfluxi> 1 year, 3 months ago
5f5965f : gitignore: ignore generated symbol file <Ethan Chen> 2 years, 2 months ago
2c8cc27 : NFC: Fix pointer type mismatch <Ethan Chen> 2 years, 2 months ago
9fa343c : msm: smd: fix in-tree compilation <Kumar Gala> 2 years, 8 months ago
902f2d0 : ASoC: msm: fix in-tree compilation for RTAC <Kumar Gala> 2 years, 8 months ago
c058159 : net: tcp: fix rtable leak in tcp_is_local[6] <liping.zhang> 8 weeks ago
4e97def : selinux: nlmsgtab: add SOCK_DESTROY to the netlink mapping tables <Lorenzo Colitti> 10 weeks ago
99ee451 : net: diag: support v4mapped sockets in inet_diag_find_one_icsk() <Eric Dumazet> 3 months ago
200dae7 : net: tcp: deal with listen sockets properly in tcp_abort. <Lorenzo Colitti> 4 months ago
44047b2 : net: diag: Support destroying TCP sockets. <Lorenzo Colitti> 4 months ago
 
**** cmold:android_kernel_oppo_msm8974 ****
a767412 : ASoC: wcd9xxx-mbhc: Avoid multiple insertion/removals for aux cable <Phani Kumar Uppalapati> 8 months ago
9b8ea79 : Asoc: wcd: mbhc: Report SW_LINEOUT_INSERT <Yandong Yang> 10 months ago
4b9ca0c : Asoc: wcd: mbhc: Report SW_JACK_PHYSICAL_INSERT <Yandong Yang> 10 months ago
 
**** cmold:android_kernel_samsung_d2 ****
58d1f62 : msm: gpu Fix sync object race condition <Edward Lee> 8 weeks ago
 
**** cmold:android_kernel_sony_msm8x27 ****
eaa6e39 : nicki_defconfig: Disable atmel touchscreen and pmic8xxx keypad <RonGokhale> 2 days ago
402d76a : msm: SSR: Remove useless warning <Stephen Boyd> 3 years, 4 months ago
cb3b51b : nicki_defconfig: Disable chimei pannel <RonGokhale> 2 days ago
75225a9 : video: msm: Use the new fence release logic for video panel  too <Steve Kondik> 2 years, 7 months ago
 
**** cm:CyanogenMod/android_packages_apps_AudioFX ****
846d5ed : audiofx: Add support for line-out path <Steve Kondik> 2 days ago
 
**** vanir:packages_apps_Bluetooth ****
afa0cdb : Fix a logical error in isAbsoluteVolumeSupported. <kexiao> 3 weeks ago
84a1077 : OPP: Add checks to initiate rfcomm connection in case sdp fails <Hemant Gupta> 3 months ago
a8b88a3 : Revert "Bluetooth-OPP: Start outbound transfer only after OPPService is up" <Sravan Kumar V> 10 weeks ago
8d71081 : Revert "Multiuser: Check if valid user before starting service" <Sravan Kumar V> 3 weeks ago
a4c1808 : Bluetooth-OPP: Use long instead of int <Sravan Kumar V> 6 weeks ago
06638f9 : SAP: Fix below issues during internal testing <Smriti Gupta> 9 weeks ago
b164a36 : Bluetooth-OPP: Use a volatile variable to denote interrupt status <zhenchao> 5 weeks ago
3e4ad7c : MAP: Fix ANR due wait on shutdown complete. <Ashwini Munigala> 9 weeks ago
5b6543d : MAP: Handle following in MAPS: <Ashwini Munigala> 10 weeks ago
 
**** vanir:packages_apps_Contacts ****
5201b4b : Add null object check <Stephen Bird> 2 days ago
7de12b0 : Add 'ims-common' build dependency <Stephen Bird> 2 days ago
da1af0b : Contacts: fixed ConcurrentModificationException <Erica Chang> 5 days ago
f17e2d0 : Fix: update ambiguous placeCall method <Raj Yengisetty> 6 days ago
82bc10e : Contacts Card: nudge subtitle adjustment <Erica Chang> 13 days ago
f2a6c4d : Contacts: show InCall plugin tab FAB in soft logged out state <Erica Chang> 13 days ago
b5073fd : Contacts: added stats settings check <Erica Chang> 4 weeks ago
53a12b4 : Contacts: metrics <Erica Chang> 4 weeks ago
b0b05c8 : Contacts : ViewPager RTL fix <Erica Chang> 3 weeks ago
6452c8e : [2/2]Contacts: handle soft logged out state <Erica Chang> 3 weeks ago
33306c4 : Contacts: fixed contacts filter exception <Erica Chang> 4 weeks ago
a32f6a3 : Contacts Card: fixed merged contacts with multiple plugin accounts <Erica Chang> 4 weeks ago
dbdb27d : Contacts Card: fix nudges <Erica Chang> 4 weeks ago
64e5ffe : Contacts: add plugin status change receiver <Erica Chang> 5 weeks ago
4bfb173 : Adapt to the API changes in contact blocking classes <Rohit Yengisetty> 4 weeks ago
00120c2 : (2/2) Contacts: fixed auth state handling and account handle <Erica Chang> 5 weeks ago
4f95d89 : Contacts Card: fixed plugin call log <Erica Chang> 6 weeks ago
e73c017 : Contacts: added fix for parcelable <Erica Chang> 6 weeks ago
42fed27 : Fix build breakage in QuickContactActivity <Raj Yengisetty> 5 weeks ago
a7f0f11 : Contacts: incall plugin implementation <Erica Chang> 3 months ago
 
**** vanir:packages_apps_ContactsCommon ****
0a27115 : Really change the ambient version <Stephen Bird> 2 days ago
9d3da7d : Change ambient version <Richard MacGregor> 2 days ago
fca7d21 : Automatic translation import <Michael Bestas> 5 days ago
90b9d42 : Automatic translation import <Michael Bestas> 2 weeks ago
3ac79f5 : Contacts : fix RTL ViewPager offset on configuration change <Erica Chang> 12 days ago
2f2dd2e : Add origin option to call methods. <Stephen Bird> 7 weeks ago
b725baf : LookupProviderImpl : add synchronization around ProviderInfo <Rohit Yengisetty> 4 weeks ago
d2c67d9 : Add BlockContactActivity <Rohit Yengisetty> 4 weeks ago
1d2d16a : Contacts: corrected login icon dimens <Erica Chang> 5 weeks ago
0bda716 : Refactor BlockContactHelper and BlockContactDialogFragment <Rohit Yengisetty> 6 weeks ago
70292ca : Switch to ambientsdk-internal <Raj Yengisetty> 5 weeks ago
f5e144d : Provide implementations for new LookupProvider APIs <Rohit Yengisetty> 5 weeks ago
1e182c5 : Add default avatar for spam callers <Rohit Yengisetty> 6 weeks ago
bc6fada : Tie blocking to blacklist and contact_info provider <Kamaljeet Maini> 8 weeks ago
8814936 : Fix incomplete text in call spinner <Stephen Bird> 8 weeks ago
8de1b6a : Add additional resources for use with LookupProvider <Rohit Yengisetty> 8 weeks ago
9a4f26b : Fix derp in labeling that breaks messaging <Stephen Bird> 9 weeks ago
916ed1b : (2/2) T9 cleanup <Stephen Bird> 9 weeks ago
77f642f : Extend LookupProvider APIs <Rohit Yengisetty> 9 weeks ago
0531541 : Setup mimetypes for regular search <Stephen Bird> 9 weeks ago
5f6e03a : Add setDrawable to assign a drawable directly <Stephen Bird> 9 weeks ago
9526034 : [1/2] Use provider string instead of user name <Richard MacGregor> 10 weeks ago
8055e09 : Explicity set extra number to null if one does not exist <Stephen Bird> 10 weeks ago
9a5876f : Add Spinner to edittext <Stephen Bird> 10 weeks ago
cdc7dd8 : Remove ambient related code <Stephen Bird> 2 months ago
d72d686 : T9 search <Stephen Bird> 3 months ago
f9b4a81 : Setup mime type data <Stephen Bird> 3 months ago
f80c6d3 : Fix mimetype lookup for incall plugins <Stephen Bird> 3 months ago
64356db : [2/3] Show incall plugin contacts in favorites <Richard MacGregor> 6 months ago
0fb9fa4 : Stability fixes. -Check that mIndexForSelection is >=0 in ViewPagerTabStrip -Contact Loader: parse for a JSONarray if num is -1 -Contacts: fixed TrueCaller mimetype contact card parsing -Contacts: fixed tab sliding offset upon onRestore <Erica Chang> 3 months ago
efac552 : Added plugin resources <Erica Chang> 3 months ago
58ba3f3 : LookupProviderImpl : add synchronization around ProviderInfo <Rohit Yengisetty> 4 weeks ago
8d3697c : Add RequestOrigin to LookupRequest <Rohit Yengisetty> 4 weeks ago
37bf36a : Extend LookupProvider api to add an unique identifer <Rohit Yengisetty> 4 weeks ago
d8f225d : Automatic translation import <Michael Bestas> 3 weeks ago
5f2c899 : Enable support for groups in External contacts accounts <pulser> 1 year, 8 months ago
701af64 : Import translations. DO NOT MERGE <Geoff Mendal> 5 months ago
347b660 : Import translations. DO NOT MERGE <Geoff Mendal> 5 months ago
 
**** vanir:packages_apps_Dialer ****
0a5abcd : Fix rebase errors <Stephen Bird> 2 days ago
795f46c : Port VoLTE support from DialerNext into AOSP Dialer <Kamaljeet Maini> 5 weeks ago
153585f : Add new method for getting hinttext <Richard MacGregor> 4 weeks ago
90ae36a : Call Log - fix issues with expanded call log options <Richard MacGregor> 6 days ago
c9aa85c : Only clear dialpad on success <Stephen Bird> 3 weeks ago
9c490ff : Check for phone permissions before gathering call history <Stephen Bird> 2 weeks ago
d1684bf : Metrics: Fix some bugs found by testing <Stephen Bird> 2 weeks ago
dc65a3c : Fix 'turn on phone permissions' hint <Richard MacGregor> 2 weeks ago
56d8996 : Remove FAB hiding and showing <Stephen Bird> 3 weeks ago
baf30ce : Update search drawable when dialpad is hidden <Stephen Bird> 3 weeks ago
61583e1 : Fix expanded call options for InCallApi provider <Richard MacGregor> 3 weeks ago
d8f7228 : Add Metrics for Dialer call origins and incall items <Stephen Bird> 8 weeks ago
aff8cf3 : Update roaming text <Stephen Bird> 3 weeks ago
2902377 : Add Wifi Call nudge <Stephen Bird> 5 weeks ago
7ae75d5 : Temporarily revert DeepLink <Richard MacGregor> 4 weeks ago
b338120 : Add RequestOrigin to ContactInfoHelper <Rohit Yengisetty> 4 weeks ago
86f1f7b : Add metrics for logging a successful LookupProvider response <Rohit Yengisetty> 4 weeks ago
6a89808 : Utilize status codes on LookupResponse <Rohit Yengisetty> 4 weeks ago
36df0be : Add BlockContactActivity to the manifest <Rohit Yengisetty> 4 weeks ago
3eb91f5 : Bring coachmark up to spec <Stephen Bird> 5 weeks ago
94ea6cc : Use CALL_ACTION instead of InCallAPI for emergency calls <Richard MacGregor> 4 weeks ago
58f0d08 : Construct encoded lookup uris for Lookup responses <Stephen Bird> 4 weeks ago
d9623d5 : Modify BlockContactPresenter <Rohit Yengisetty> 4 weeks ago
fae836f : [2/2] MultiSIM: Call using specified SIM <Richard MacGregor> 5 weeks ago
c0553ca : Refactor Blacklist and Contact Blocking <Rohit Yengisetty> 5 weeks ago
666fc39 : Wi-fi help text does not show first time when SIM is selected <Richard MacGregor> 4 weeks ago
93f9bb5 : Use BrandIcon instead of BadgeIcon <Richard MacGregor> 5 weeks ago
3d05339 : InCall plugin search shortcut text fix <Richard MacGregor> 5 weeks ago
625ad12 : Only show enabled CallMethods <Stephen Bird> 5 weeks ago
80cc555 : Move adapter updating into updateCallCreditInfo <Stephen Bird> 5 weeks ago
bcbe31f : Create new drawable before we scale <Stephen Bird> 5 weeks ago
86d7d78 : Fix crash where overflow does not exist <Stephen Bird> 6 weeks ago
dde67a8 : Fix coachmark rotation and text size <Stephen Bird> 5 weeks ago
cd91ec8 : Add null check to query string <Stephen Bird> 5 weeks ago
cf41dae : Add back missing icon in portrait mode <Stephen Bird> 5 weeks ago
8803300 : Fix text in call log to match specs <Stephen Bird> 5 weeks ago
848c314 : Show credit banner if supported in dialpad and search ui <Richard MacGregor> 5 weeks ago
ee66a85 : getCurrentCallMethod if it is currently null <Stephen Bird> 6 weeks ago
4326931 : Port coachmark to DialerNow <Stephen Bird> 7 weeks ago
c0b01af : Remove sign_in_credit_banner_text, this should live in PhoneCommon <Raj Yengisetty> 6 weeks ago
21ce88f : Fix CallMethodHelper change <Erica Chang> 6 weeks ago
4d9d892 : Use correct placeCall method <Richard MacGregor> 6 weeks ago
4dfef33 : Fix InCall plugin user lookup <Richard MacGregor> 7 weeks ago
1ac2c1d : Finally fix our search to behave as expected <Stephen Bird> 8 weeks ago
3ac55cf : Fix race with credit listener removal <Stephen Bird> 6 weeks ago
cd9060a : Fix NPE rotation issue <Richard MacGregor> 7 weeks ago
a0cae1a : [1/2] Use UICommon simple SnackBar <Richard MacGregor> 7 weeks ago
669a60e : Fix refreshing if data is already available <Stephen Bird> 7 weeks ago
69dfa2b : Properly size icon for provider quickaction <Stephen Bird> 7 weeks ago
83efea2 : Start using android support design from frameworks <Richard MacGregor> 7 weeks ago
 
**** vanir:packages_apps_ExactCalculator ****
a804631 : ExactCalculator: Remove override of Calculator package <Ethan Chen> 2 days ago
 
**** vanir:packages_apps_InCallUI ****
7ae53c9 : Port VoLTE support from InCallUINext to InCallUI <Kamaljeet Maini> 4 weeks ago
25cd7bf : Temporarily revert DeepLink <Richard MacGregor> 4 weeks ago
a5eb044 : Add RequestOrigin to ContactInfoCache <Rohit Yengisetty> 4 weeks ago
d57745b : Add additional content to call Notifications <Rohit Yengisetty> 4 weeks ago
ea294b5 : Ensure presence of a valid Call in LookupProvider callback <Rohit Yengisetty> 4 weeks ago
070ba75 : Implement ability to add incoming call to Blacklist within Glow ring <Rohit Yengisetty> 5 weeks ago
d4812c8 : Adjust end call fab relative to invite snackbar <Richard MacGregor> 7 weeks ago
c05de72 : Resolves a few issues related to call buttons:  The DeepLink slot will now update after sending a link to be handled. onResume() will now start a new query.  This gives the handling application an opportunity to trigger a "view" action instead of receiving the content as if it were new. <NathanielWaggoner> 8 weeks ago
61d7ca7 : Only get our enabled call methods <Stephen Bird> 8 weeks ago
9a7a617 : Add LookupProvider to ContactInfoCache <Rohit Yengisetty> 8 weeks ago
407efb4 : Resolves a NPE when the UI isn't available at the time of the callback ticket NOTES-16 <NathanielWaggoner> 8 weeks ago
fef1a35 : Tints the DeepLink icons loaded into the callbuttonfragment to keep the look and feel consistent <NathanielWaggoner> 8 weeks ago
4121225 : Fix incall button ordering <Richard MacGregor> 9 weeks ago
a72e4cb : DeepLink Refactors for CallButtonPresenter and CallButtonFragment <NathanielWaggoner> 9 weeks ago
ea458a1 : DeepLink integration phase 1 <NathanielWaggoner> 10 weeks ago
ff82047 : Use CallMethodHelper for plugin info <Richard MacGregor> 3 months ago
91d03c8 : InCallAPI Handover M-bringup <Richard MacGregor> 3 months ago
 
**** cm:CyanogenMod/android_packages_apps_Messaging ****
49f0c07 : Add 'ims-common' build dependency <Rohit Yengisetty> 2 days ago
 
**** vanir:packages_apps_PhoneCommon ****
cf732b7 : Move VoLTE changes to PhoneCommon <Kamaljeet Maini> 5 weeks ago
ade2cdf : Add new method for getting hinttext <Richard MacGregor> 4 weeks ago
5bbda91 : Use subscription check <Stephen Bird> 10 days ago
b36eab1 : Only clear dialpad on success <Stephen Bird> 3 weeks ago
7823a59 : InCall: add low credit warnings <Richard MacGregor> 3 weeks ago
18a593c : Fix equals and hashcode override <Richard MacGregor> 3 weeks ago
64949d3 : Remove resources instance saved in CallMethodInfo <Richard MacGregor> 3 weeks ago
89e5527 : [1/2]Contacts : handle soft logged out state <Erica Chang> 3 weeks ago
27e78ce : Prioritize credits over subscriptions. <Stephen Bird> 5 weeks ago
a7c8e41 : Contacts Card : fixed install nudge <Erica Chang> 4 weeks ago
f55b2d2 : Fix FC on devices without AmbientCore <Stephen Bird> 4 weeks ago
4a49180 : [1/2] MultiSIM: Call using specified SIM <Richard MacGregor> 5 weeks ago
f8e338e : Use BrandIcon instead of BadgeIcon <Richard MacGregor> 5 weeks ago
5176f88 : Add preference to track wifi call events <Stephen Bird> 5 weeks ago
df5cb68 : (1/2) Contacts: fixed auth state handling <Erica Chang> 5 weeks ago
ee5263f : Add comments for the expected drawable attributes <Richard MacGregor> 5 weeks ago
e32e50e : Add back badgeicon after refactor <Stephen Bird> 6 weeks ago
8d0e05b : Add sign_in_credit_banner_text <Raj Yengisetty> 6 weeks ago
fbada9d : (1/2) Contacts: refactor <Erica Chang> 9 weeks ago
86b7461 : InCall: check class of creditWarn value <Raj Yengisetty> 6 weeks ago
70b3f14 : Decouple getAllCallMethods from refreshing <Stephen Bird> 8 weeks ago
503b9dc : [1/2] fix spinner/hint issues <Richard MacGregor> 7 weeks ago
0cd7e34 : [2/2] update credit colors <Stephen Bird> 7 weeks ago
30dc785 : Fix crash with null mimetype <Stephen Bird> 8 weeks ago
a1aefab : InCall: move CreditBarHelper to src-ambient <Raj Yengisetty> 8 weeks ago
95562ec : Move Credits Bar to Helper class <Stephen Bird> 8 weeks ago
e920421 : Reintroduce dynamic refresh <Stephen Bird> 8 weeks ago
846ec78 : Helper methods for our t9 searches <Stephen Bird> 9 weeks ago
5531533 : Fix Subscription button text <Richard MacGregor> 9 weeks ago
5675262 : Remove everchanging items <Stephen Bird> 9 weeks ago
02d4b70 : Create easy method to just grab enabled plugins <Stephen Bird> 9 weeks ago
f0aa770 : Fix emergency call crash <Stephen Bird> 9 weeks ago
7c94eb8 : Use new subscription format <Stephen Bird> 10 weeks ago
ec3dbfa : Fix call method spinner width and selection area <Richard MacGregor> 10 weeks ago
96733b9 : Add Login intent for credits bar <Stephen Bird> 10 weeks ago
57e3b00 : setOverflowMenuButton custom button placement <Stephen Bird> 10 weeks ago
fc97e72 : InCall: Port Authentication and CallCredit Listeners <Raj Yengisetty> 2 months ago
7f660d9 : Various CallMethodInfo tweaks <Richard MacGregor> 2 months ago
969c8f4 : InCall: clean up logs and add ImageUtils <Raj Yengisetty> 2 months ago
22fef9c : CallMethodHelper/Info: Add icon and mimetype <Richard MacGregor> 3 months ago
3d48977 : Incorporate namespace changes for PluginStatus <Richard MacGregor> 3 months ago
a6049e6 : Bring CallMethod items here <Stephen Bird> 3 months ago
c5f5b11 : Bringup credits and other minor things <Stephen Bird> 3 months ago
77d3091 : Call Method Spinner Bringup <Stephen Bird> 3 months ago
 
**** vanir:packages_providers_ContactsProvider ****
b3bdb84 : Switch to ambientsdk <Stephen Bird> 2 days ago
132b7de : Contacts: automatic merge count metrics <Erica Chang> 4 weeks ago
e2b52e9 : Switch to ambientsdk-internal <Raj Yengisetty> 5 weeks ago
2cb7161 : Bump targetSdkVersion to 23 <Matt Garnes> 9 weeks ago
f29be69 : Get mimetype for strequestns <Stephen Bird> 3 months ago
d77430b : AmbientSDK: set new target SDK to 22 <Raj Yengisetty> 3 months ago
2de130b : Fix query if no username exists in path <Stephen Bird> 5 months ago
d6942db : ContactsProvider: Join raw_contacts and data on the proper ID <Stephen Bird> 5 months ago
22eeaf5 : (1/2) Call Lookup: Update call log handler to query usernames <Stephen Bird> 6 months ago
b25f375 : [1/3] Show incall plugin contacts in favorites <Richard MacGregor> 6 months ago
48f6d92 : Update addresBookIndexer when removing dupes <Richard MacGregor> 6 months ago
f987131 : New uri path for removing duplicate callable contacts <Richard MacGregor> 6 months ago
58956e1 : CallLog: change plugin to package <Stephen Bird> 7 months ago
3e6a328 : CallLog: initial adding of new plugin columns <Stephen Bird> 7 months ago
01c7baf : Query skype mime type when getting CALLABLE contacts <emancebo> 9 months ago
 
**** vanir:system_bt ****
d120465 : BT: ACL and l2c out if sync after connection collision <Gurpreet Ghai> 5 weeks ago
 
**** vanir:vendor_motorola ****
219c702 : msm8916-common: Update proprietary blobs <Alberto97> 4 days ago
 
**** vanir:vendor_vanir ****
65e7858 : Update ambientsdk version 1.5.2 <Raj Yengisetty> 2 days ago
 
