
**** vanir:bootable_recovery_TWRP ****
fcf3f24 : Fix adopted storage when andsec flag is present <Ethan Yonker> 2 days ago
 
**** github:Grarak/android_device_oneplus_oneplus2 ****
5165646 : Add p2 option in openLogicalChannel <Wileen Chiu> 3 months ago
6d10df4 : wifi: Update conf files * From Hydrogen M <Willi Ye> 8 hours ago
 
**** vanir:device_oppo_common ****
5d8a27f : keyhandler: use intent to launch camera <Roman Birg> 2 days ago
 
**** vanir:device_xiaomi_armani ****
ec65d47 : Cleanup from previous revert <mr-tweaker> 12 hours ago
cac4d5a : Revert Add <mr-tweaker> 13 hours ago
6b2f57b : Add keyhandler <fefifofum> 30 hours ago
f206d7e : CameraWrapper: How about doing our NULL checks before crashing? <Christopher R. Palmer> 10 days ago
368888d : overlay: Set minimum value for auto-brightness <fefifofum> 32 hours ago
 
**** cm:CyanogenMod/android_external_ffmpeg ****
b8fa3ff : avcodec/wavpackenc: print channel count in av_log call <James Almer> 5 weeks ago
0639289 : configure: bump copyright year to 2016 <James Almer> 7 weeks ago
e303ca3 : Update for 2.8.5 <Michael Niedermayer> 5 weeks ago
28f89bc : avformat/hls: Even stricter URL checks <Michael Niedermayer> 5 weeks ago
23b903a : avformat/hls: More strict url checks <Michael Niedermayer> 5 weeks ago
4676e20 : avcodec/pngenc: Fix mixed up linesizes <Michael Niedermayer> 5 weeks ago
0c5a71f : avcodec/pngenc: Replace memcpy by av_image_copy() <Michael Niedermayer> 5 weeks ago
07da255 : swscale/vscale: Check that 2 tap filters are bilinear before using bilinear code <Michael Niedermayer> 5 weeks ago
be9b893 : swscale: Move VScalerContext into vscale.c <Michael Niedermayer> 5 weeks ago
cdac68f : swscale/utils: Detect and skip unneeded sws_setColorspaceDetails() calls <Michael Niedermayer> 5 weeks ago
1fd9556 : swscale/yuv2rgb: Increase YUV2RGB table headroom <Michael Niedermayer> 5 weeks ago
c781a1e : swscale/yuv2rgb: Factor YUVRGB_TABLE_LUMA_HEADROOM out <Michael Niedermayer> 5 weeks ago
b7d54d6 : avformat/hls: forbid all protocols except http(s) & file <Maxim Andreev> 5 weeks ago
90c2256 : avformat/aviobuf: Fix end check in put_str16() <Michael Niedermayer> 5 weeks ago
f459afd : avformat/asfenc: Check pts <Michael Niedermayer> 5 weeks ago
d408261 : avcodec/mpeg4video: Check time_incr <Michael Niedermayer> 5 weeks ago
d7f7586 : avcodec/wavpackenc: Check the number of channels <Michael Niedermayer> 5 weeks ago
f05e0e7 : avcodec/wavpackenc: Headers are per channel <Michael Niedermayer> 5 weeks ago
e5567f2 : avcodec/aacdec_template: Check id_map <Michael Niedermayer> 6 weeks ago
b8382a1 : avcodec/dvdec: Fix "left shift of negative value -254" <Michael Niedermayer> 6 weeks ago
9cad208 : avcodec/g2meet: Check for ff_els_decode_bit() failure in epic_decode_run_length() <Michael Niedermayer> 6 weeks ago
34e06ce : avcodec/mjpegdec: Fix negative shift <Michael Niedermayer> 6 weeks ago
df4ee16 : avcodec/mss2: Check for repeat overflow <Michael Niedermayer> 6 weeks ago
cb4ba74 : avformat: Add integer fps from 31 to 60 to get_std_framerate() <Michael Niedermayer> 6 weeks ago
d79b6dd : avformat/ivfenc: fix division by zero <Michael Niedermayer> 6 weeks ago
3686155 : avcodec/mpegvideo_enc: Clip bits_per_raw_sample within valid range <Michael Niedermayer> 6 weeks ago
3fb97a0 : avfilter/vf_scale: set proper out frame color range <Thomas Mundt> 7 weeks ago
6457cd1 : avcodec/motion_est: Fix mv_penalty table size <Michael Niedermayer> 6 weeks ago
aee9aa9 : avcodec/h264_slice: Fix integer overflow in implicit weight computation <Michael Niedermayer> 6 weeks ago
14c63dc : swscale/utils: Use normal bilinear scaler if fast cannot be used due to tiny dimensions <Michael Niedermayer> 6 weeks ago
709abc7 : avcodec/put_bits: Always check buffer end before writing <Michael Niedermayer> 7 weeks ago
83c0df9 : mjpegdec: extend check for incompatible values of s->rgb and s->ls <Andreas Cadhalpun> 7 weeks ago
0a6324f : swscale/utils: Fix intermediate format for cascaded alpha downscaling <Michael Niedermayer> 8 weeks ago
2f65366 : avformat/mov: Update handbrake_version threshold for full mp3 parsing <Michael Niedermayer> 8 weeks ago
3e3aa25 : x86/float_dsp: zero extend offset from ff_scalarproduct_float_sse <James Almer> 6 weeks ago
6a1bf98 : avfilter/vf_zoompan: do not free frame we pushed to lavfi <Paul B Mahol> 7 weeks ago
c09118c : Add MODULE_LICENSE and NOTICE files <Ricardo Cerqueira> 8 weeks ago
79f407b : nuv: sanitize negative fps rate <Andreas Cadhalpun> 9 weeks ago
174ec7d : nutdec: reject negative value_len in read_sm_data <Andreas Cadhalpun> 9 weeks ago
778c8de : xwddec: prevent overflow of lsize * avctx->height <Andreas Cadhalpun> 9 weeks ago
38f8c809 : nutdec: only copy the header if it exists <Andreas Cadhalpun> 9 weeks ago
945ae04 : exr: fix out of bounds read in get_code <Andreas Cadhalpun> 10 weeks ago
6d7b4db : on2avc: limit number of bits to 30 in get_egolomb <Andreas Cadhalpun> 9 weeks ago
644179e : Update Changelog <Michael Niedermayer> 9 weeks ago
9be3441 : rawdec: only exempt BIT0 with need_copy from buffer sanity check <Andreas Cadhalpun> 9 weeks ago
63ecbb8 : mlvdec: check that index_entries exist <Andreas Cadhalpun> 9 weeks ago
bdc6ba4 : avcodec/mpeg4videodec: also for empty partitioned slices <Michael Niedermayer> 9 weeks ago
3a3be02 : avcodec/h264_refs: Fix long_idx check <Michael Niedermayer> 9 weeks ago
cabd9ae : avcodec/h264_mc_template: prefetch list1 only if it is used in the MB <Michael Niedermayer> 9 weeks ago
cfbf608 : avcodec/h264_slice: Simplify ref2frm indexing <Michael Niedermayer> 9 weeks ago
 
**** cm:CyanogenMod/android_external_libtar ****
9d133fd : libtar: Store gzFile in a global to avoid non-portable casting <Tom Marshall> 2 days ago
 
**** vanir:frameworks_base ****
c079202d : SystemUI: Make sure to dismiss after disabling ext kg focus. <Adnan Begovic> 7 hours ago
7676d07 : SysUI: Keep sensitive notifications redacted for swipe <d34d> 3 days ago
6dc6966 : services: Fix publishing of ime tile. <Adnan Begovic> 2 days ago
3bc505f : SystemUI: handle camera launch gesture from keyhadler <Roman Birg> 2 days ago
6050db8 : SystemUI: Dismiss external keyguard views on FP auth. <Adnan Begovic> 26 hours ago
0675f66 : SystemUI: Prevent search bar flicker between recents and launcher <cretin45> 31 hours ago
0d7fd34 : SysUI: Don't blur when showing a Live lock screen <d34d> 6 days ago
fa6bdbc : SystemUI: Prevent search bar flicker between recents and launcher <cretin45> 31 hours ago
eed63c8 : SystemUI : Allow icons to move to overflow if center clock <Danesh M> 4 weeks ago
 
**** cm:CyanogenMod/android_hardware_qcom_audio ****
b73a764 : audio: Extend platform parser to allow device name aliasing <Ethan Chen> 1 year, 5 months ago
64387ed : hal: Fix voice call recording <solk2> 1 year, 5 months ago
91c7d6b : hal: Fix digital USB headset combo device <Steve Kondik> 1 year, 6 months ago
be6fdfc : hal: Clean up compilation warnings <Steve Kondik> 1 year, 2 months ago
13ba1b4 : hal: Add support for audio amplifier HAL <Ethan Chen> 2 years, 9 months ago
381b7a0 : audio: Configure CM default feature set <Steve Kondik> 1 year, 2 months ago
b25084a : hal: Allow building hardware audio encoders <Arne Coucheron> 1 year, 1 month ago
f48de3d : audio: Use project pathmap <Ethan Chen> 8 weeks ago
1362fc7 : audio: Only allow non-legacy HAL <Ethan Chen> 8 weeks ago
b5b6d33 : hal: Update format table with AAC ADTS formats. <Ashish Jain> 3 months ago
102616d : HAL: Identify the track offload session <Sharad Sangle> 2 months ago
d7eaf2b : HAL: Identify Track offload session <Alexy Joseph> 3 months ago
8c21ad7 : Merge DAX2 changes <Gao Jie> 3 months ago
12467a1 : hal: Use AUDIO_TX_MONO_COPP topology for incall record usecases <Karthik Reddy Katta> 3 months ago
 
**** cm:CyanogenMod/android_hardware_qcom_display ****
a74edfb : hwc: Remove references to display-frameworks <Ethan Chen> 6 weeks ago
c7cce05 : hwc: Fix compile errors after display-frameworks removal <Arne Coucheron> 6 weeks ago
b375570 : hwc: Support for QDCM Preference when PU enabled <Nitesh Gupta> 8 weeks ago
cc1ec84 : hwc: Set ioprio for vsync thread <Steve Kondik> 5 months ago
7516867 : Don't build lights module if vendor supplies it <Steve Kondik> 1 year, 3 months ago
730d245 : Revert "hqd: Use MSM_VIDC_TARGET_LIST for Venus color format" <Ethan Chen> 8 weeks ago
bc1215a : display: Use project pathmap <Ethan Chen> 1 year, 3 months ago
c324d73 : hwc: Set DefaultMode after bootup completion <Ramakant Singh> 2 months ago
8a6e7c9 : gralloc: Add a private flag for INTERNAL only <Arun Kumar K.R> 6 months ago
394c830 : hwc: Donot update dynamic-fps when device is not active <Ramakant Singh> 4 months ago
8f21571 : hwc: Do not wait for MDSS fence for layers with rotation <Dileep Kumar Reddi> 4 months ago
d2c5ca0 : hwc: Start with ROI set to destination <Arun Kumar K.R> 4 months ago
9ef4d8c : hwc: Set minfps as part of timeout_handler during idlefallback <Ramakant Singh> 4 months ago
0d616ba : Revert "hwc: Relax format change restrictions for certain targets" <Dileep Kumar Reddi> 4 months ago
213ead5 : Default flexible YUV format to NV21 <Tanmaya Godbole> 6 months ago
ed75fdb : hwc: Reset refresh-rate for few cases as part of timeout handler <Dileep Kumar Reddi> 4 months ago
56ed396 : gralloc: Add support for PRIV_FLAGS_DISP_CONSUMER <Surajit Podder> 8 months ago
a2d5295 : hwc: Support ActionSafe on targets with non-scaling RGB pipes. <Sandeep Panda> 5 months ago
248378d : gralloc: Use adreno_utils api for NV21 and NV12 alignment <Sushil Chauhan> 6 months ago
037d21d : hwc: Use basePipe for fullscreen and opaque layer <Pullakavi Srinivas> 6 months ago
77ec4ef : gralloc: Modify check for uncompressed RGB buffers <Naomi Luis> 6 months ago
449fbe0 : hwc: Use aligned width and height <Dileep Kumar Reddi> 6 months ago
02dbc50 : Revert "HWC: use aligned width and height for rearranging ROI" <Dileep Kumar Reddi> 6 months ago
cd7217a : hwc: Support ActionSafe on targets with non-scaling RGB pipes. <Sandeep Panda> 5 months ago
eed742d : overlay: add tertiary display definition in overlay <Vinu Deokaran> 5 months ago
a029479 : hwc: Validate display ID in hwc interface <Arun Kumar K.R> 5 months ago
09441c1 : gralloc: Add missing changes related to RAW16 <Raj Kamal> 7 months ago
7ea10c5 : hwc: Use basePipe for fullscreen and opaque layer <Pullakavi Srinivas> 6 months ago
c039f6e : hwc: Use aligned width and height <Dileep Kumar Reddi> 6 months ago
60cbe72 : Revert "HWC: use aligned width and height for rearranging ROI" <Dileep Kumar Reddi> 6 months ago
2e918bf : hwc: Avoid idlefallback during video playback <Raj Kamal> 6 months ago
fbe5a60 : HWC: use aligned width and height for rearranging ROI <Dileep Kumar Reddi> 6 months ago
597b313 : hwc: Featurize HWC_DISPLAY_SECURE <Raj Kamal> 6 months ago
eb4d7a6 : hwc: Use HWC_DISPLAY_NO_ATTRIBUTE as terminator. <Prabhanjan Kandula> 6 months ago
410ba7c : hwc : Normalize source crop before validating scaling limits. <Prabhanjan Kandula> 6 months ago
95fef31 : hwc: Relax format change restrictions for certain targets <Dileep Kumar Reddi> 6 months ago
42a1c98 : hwc: Changes for display-hal compilation with QTI_BSP enabled <Ramakant Singh> 7 months ago
c772eec : hwc: Do not use Borderfill pipe for composition in WFD <Dileep Kumar Reddi> 6 months ago
e5268fd : hwc/overlay: Pass handle w/h and crop w/h through fb_image field <Arun Kumar K.R> 7 months ago
5d39f02 : hwc: Log warning instead of mHDMIClient object not available <Dileep Kumar Reddi> 6 months ago
55b3489 : hwc: Ignore float-conversion for included headers <Naseer Ahmed> 6 months ago
82fe9c6 : hwc: Do not consider rotation for smart blit <Ramakant Singh> 7 months ago
dd689ff : hwc: Do not create idle invalidator for MDP3 targets <Dileep Kumar Reddi> 7 months ago
c58836b : hwc: Align ROI's width and height in both directions <Dileep Kumar Reddi> 7 months ago
19f2250 : hwc: Fix SF crash due to SIGSEGV error <Raj Kamal> 7 months ago
598dc49 : hwc: use surfaceDamage to calculate the dirtyrect as per HWC 1.5 <Arun Kumar K.R> 7 months ago
26959dc : hwc: Fix SF crash due to SIGSEGV error <Raj Kamal> 7 months ago
5bdafcd : hwc: Do not consider invalid dirty rect for calculation <Ramakant Singh> 7 months ago
58f6540 : hwc: Align ROI when PingPong Split is enabled <Dileep Kumar Reddi> 7 months ago
ea846c8 : hwc: bringup HDMI on 8976 <Dileep Kumar Reddi> 7 months ago
 
**** cm:CyanogenMod/android_hardware_qcom_media ****
62f611d : Fix duplicated OMX.qcom.audio.decoder.aac entry <Keith Mok> 3 months ago
69d6d4b : media: Avoid collision with FFMPEG plugin <Steve Kondik> 8 weeks ago
610c356 : media: Use project pathmap <Ethan Chen> 8 weeks ago
dc1b1d4 : mm-video-v4l2: Unmap dropped output buffers <Surajit Podder> 2 months ago
78521c5 : Include kernel header dependency for libOmxVidcCommon <Divya Sharma> 3 months ago
f9c92f0 : mm-video-v4l2: vidc: venc: Fix hybrid HP layer count <Abdulla Anam> 4 months ago
a5dce41 : mm-video-v4l2: Enable get_param to check downscalar enablement <Surajit Podder> 4 months ago
e7743ae : mm-video-v4l2: venc: Add support to enhance hybrid Hier-p mode <Abdulla Anam> 4 months ago
75bc6a6 : mm-video-v4l2: vdec:  release buffer when qbuf to driver fails <Manikanta Kanamarlapudi> 4 months ago
cfeaf87 : mm-video-v4l2: Use client buffer header for FTB <Surajit Podder> 5 months ago
b6c736d : mm-video-v4l2: Disable intra refresh mode on msm8956/76 <Maheshwar Ajja> 4 months ago
a54c5d4 : mm-video-v4l2: vdec: fix fps issues in arbitrary mode <Ashray Kulkarni> 6 months ago
826ba8c : QCMetadata: add a new key for big buffers <Sidipotu Ashok> 5 months ago
ef3143a : QCMetadata: Add key for setBuffers API support <Manikanta Kanamarlapudi> 9 months ago
f178e8b : mm-video-v4l2: venc: support all I frame encoding usecase. <Abdulla Anam> 5 months ago
bcf4fa3 : libstagefrighthw: Add header guard to QComOMXMetadata.h and fix file perms <Deva Ramasubramanian> 5 months ago
e2d287f : mm-video-v4l2: vdec: streamoff while freeing first output buffer <Balamurugan Alagarsamy> 1 year, 2 months ago
f0fc3d0 : mm-video: Disable downscalar for non-display usecase <Surajit Podder> 8 months ago
0997c8a : mm-video: Enable HEVC software encoder OMX component. <Manikanta Sivapala> 5 months ago
8bb96de : mm-video_v4l2: pass crop nWidth and nHeight in reconfig event. <Abdulla Anam> 6 months ago
afb1469 : mm-video-v4l2: Fix downscalar issue <Surajit Podder> 5 months ago
269f6cd : mm-video-v4l2: Fix crash due to divide by zero <Surajit Podder> 5 months ago
c14558c : mm-video-v4l2: venc: initialize the member variables <Maheshwar Ajja> 5 months ago
99c2455 : mm-video-v4l2: vdec: Fix closing of file descriptor "0" <Deepak Kushwah> 5 months ago
b4d0e38 : mm-video-v4l2: venc: limit pixels value in input buffers. <Abdulla Anam> 5 months ago
1202ebd : mm-video_v4l2: pass crop nWidth and nHeight in reconfig event. <Abdulla Anam> 6 months ago
1fc82f0 : mm-video: Disable downscalar for non-display usecase <Surajit Podder> 8 months ago
6ecc67f : mm-core: update vpp related structures and enums. <Abdulla Anam> 6 months ago
56c0a51 : mm-video-v4l2: vidc: venc: fix CTS issues in vp8 encoder <Maheshwar Ajja> 6 months ago
1fe6770 : mm-core: update vpp related structures and enums. <Abdulla Anam> 6 months ago
a9c2410 : mm-video: Set correct color format to driver <Surajit Podder> 7 months ago
f2fa16b : mm-video-v4l2: vidc: venc: enable low latency mode <Maheshwar Ajja> 6 months ago
79da148 : mm-video-v4l2: null check before pointer dereference <Abdulla Anam> 6 months ago
a66ec1f : audio: Fix stale session opening of DSP audio decoder <Naresh Tanniru> 6 months ago
1171b44 : audio: Fix stale session opening of DSP audio decoder <Naresh Tanniru> 6 months ago
03f6533 : mm-video-v4l2: change variables used for reconfig height & width <Abdulla Anam> 6 months ago
6dc2004 : mm-video-v4l2: venc: Disable Bframes incase of UHD recording <Deepak Kushwah> 7 months ago
f493b73 : audio: Add support for new key kKeyByteMode <Manish Dewangan> 6 months ago
382b5b7 : mm-video-v4l2: video: add new extensions <Ashray Kulkarni> 9 months ago
b266f81 : mm-video-v4l2: venc: Add support for low latency mode <Maheshwar Ajja> 7 months ago
14c22a7 : mm-core: Add Skype extensions <Ashray Kulkarni> 9 months ago
f85c11c : mm-video-v4l2: Set IDR period for HEVC encoder <Surajit Podder> 7 months ago
16baeda : Revert "mm-video-v4l2: vidc: venc: Update color conversion decision" <Srinu Gorle> 7 months ago
fceb6d1 : mm-video-v4l2: video: Add support to enable Maxhierp layer <Deepak Kushwah> 7 months ago
6e3b671 : Revert "mm-video-v4l2: vidc: venc: Set V4L2_CID_MPEG_VIDC_SET_PERF_LEVEL control" <Deepak Kushwah> 7 months ago
970b439 : mm-video-v4l2: venc: close message pipes safely <Praveen Chavan> 10 months ago
5148806 : mm-video-v4l2: venc: report HW overload as insufficientResources <Praveen Chavan> 10 months ago
39fa84b : mm-video-v4l2: vdec: Handle empty EOS buffer <Praveen Chavan> 8 months ago
1e92b3c : mm-video-v4l2: venc: update allocation-size check for meta-buffer <Praveen Chavan> 7 months ago
b716acd : mm-video-v4l2: vidc: add support for setting operating-rate <Praveen Chavan> 10 months ago
 
**** vanir:hardware_ril ****
92ab634 : libril: correct include <Alexander Martinz> 27 hours ago
 
**** vanir:hardware_ril ****
4953504 : libril: correct include <Alexander Martinz> 27 hours ago
 
**** github:Grarak/android_kernel_oneplus_msm8994 ****
996fed6 : Re-enable qcacld-2.0 features * Accidentally disabled durgin last merge <Willi Ye> 7 hours ago
 
**** github:ashwinr64/android_kernel_oneplus_onyx ****
f1a51c3 : Revert "input: synaptics: Send generic power key for double tap" <Ashwin> 8 hours ago
58c32bd : Revert "onyx: Reset to oneplus camera stack until we get new BSP" <Ashwin> 11 hours ago
1178915 : trace: prevent NULL pointer dereference <Kishor PK> 3 weeks ago
6c0f34b : msm: camera: Add NULL check in msm_actuator <Xu Han> 4 months ago
f76a68c : msm: perf: Protect buffer overflow due to malicious user <Swetha Chikkaboraiah> 3 weeks ago
17f8de2 : msm8226_defconfig: Enable NFLOG target support <Ravinder Konka> 4 weeks ago
a0b8890 : Revert "mmc: queue: use cached attributes of special requests" <Pradosh Das> 4 weeks ago
95d90a5 : Revert "mmc: queue: exclude asynchronous transfer for special request" <Pradosh Das> 4 weeks ago
59155a7 : qseecom: Register the existing app if it is loaded by appsbl. <Zhen Kong> 9 months ago
56d6264 : qseecom: Change to work with appsbl qseecom <Zhen Kong> 12 months ago
 
**** vanir:platform_manifest ****
746b3e7 : Derp <nuclearmistake> 14 hours ago
ed1cbf8 : Track hardware/ril <nuclearmistake> 14 hours ago
 
**** vanir:packages_apps_LockClock ****
398ffe0 : LockClock: Disable event calendars dialog if no calendars <Khalid Zubair> 2 days ago
c5bb591 : LockClock: fix crash in calendar selection <Khalid Zubair> 2 days ago
 
**** vanir:packages_apps_Settings ****
fb1255b : Settings: regulatory: Wrap the layout in a ScrollView <Diogo Ferreira> 3 months ago
3ac48ea : RegulatoryDialog : Use String.split to avoid crash on empty args <Danesh M> 28 hours ago
 
**** vanir:packages_apps_soundrecorder ****
ebf0748 : SoundRecorder: sign with platform key <Scott Mertz> 31 hours ago
 
**** vanir:system_vold ****
73ed08e : Fix ioctl parameter <caozhiyuan> 4 months ago
 
**** cm:CyanogenMod/cm_platform_sdk ****
6ad5263 : cmsdk: add common action for launching camera from screen gesture <Roman Birg> 2 days ago
 
**** vanir:vendor_lge ****
48d56fe : g3: update speaker audio cal from D855_30b <bryan2894> 12 days ago
 
**** github:TheMuppets/proprietary_vendor_yu ****
cb84f82 : sambar: update blobs <Monkey> 27 hours ago
 
