
**** cm:CyanogenMod/android_device_htc_hiae-common ****
c1281e0 : hiae: Shuffle around pm-service, qmuxd startup order <Ethan Chen> 33 hours ago
57ae721 : hiae: Don't copy modem config <Ethan Chen> 2 days ago
e0ad4a8 : hiae: Use qcom_diag, not diag, as the group <Ethan Chen> 3 days ago
bb6a094 : hiae: Support QC qcril.db write by rild <Ethan Chen> 6 days ago
09a5eb7 : hiae: Use original path for keymaster firmware <Ethan Chen> 5 days ago
3824622 : hiae: Use /firmware/image to provide firmware <Ethan Chen> 5 days ago
276a23e : hiae: Mount carrier partition <Ethan Chen> 6 days ago
63ece28 : hiae: Set subsystem restart to related <Ethan Chen> 6 days ago
 
**** vanir:device_huawei_angler ****
40d0d92 : angler: flag app that is in playstore as presigned <razorloves> 33 hours ago
 
**** cm:CyanogenMod/android_device_huawei_kiwi ****
360aa97 : kiwi: Clean ramdisk <Michael W> 3 days ago
0f36e94 : kiwi: Switch to CM healthd <Michael W> 3 days ago
 
**** vanir:device_lge_bullhead ****
cea4c2f : bullhead: Stop building generic charger images <dcd> 9 days ago
1e4d2ed : bullhead: flag apps that are in playstore as presigned <razorloves> 34 hours ago
 
**** vanir:device_lge_g3-common ****
1f240a3 : g3: switch to CM charger images <bryan2894> 6 days ago
 
**** cm:CyanogenMod/android_device_lge_g4-common ****
a7fe117 : nfc: add NFA_PROPRIETARY_CFG for proper Mifare Classic support <Hamster Tian> 9 weeks ago
 
**** vanir:device_moto_shamu ****
b5b9b96 : shamu: Remove deprecated egl.cfg <khusika> 1 year, 1 month ago
367c10c : shamu: Use Snap camera app <dhacker29> 8 months ago
 
**** cm:CyanogenMod/android_device_motorola_condor ****
9fede9b : Automatic translation import <pinky@build01> 3 days ago
61305d7 : Automatic translation import <pinky@build01> 4 days ago
 
**** vanir:device_motorola_falcon ****
facee08 : falcon: init: Remove unused variable <Gabriele M> 3 days ago
 
**** vanir:device_motorola_msm8226-common ****
85799aa : Automatic translation import <pinky@build01> 3 days ago
77a745d : Automatic translation import <pinky@build01> 4 days ago
 
**** vanir:device_motorola_msm8916-common ****
cd965db : Automatic translation import <pinky@build01> 3 days ago
363f16d : Automatic translation import <pinky@build01> 4 days ago
 
**** vanir:device_motorola_omap4-common ****
c7dc19b : Automatic translation import <pinky@build01> 3 days ago
5330d55 : Automatic translation import <pinky@build01> 4 days ago
2ee702b : omap4-common: disable CM charger <Michael Gernoth> 4 days ago
 
**** cm:CyanogenMod/android_device_motorola_otus ****
783cd8c : Automatic translation import <pinky@build01> 3 days ago
b856ce2 : Automatic translation import <pinky@build01> 4 days ago
 
**** vanir:device_motorola_qcom-common ****
b151d95 : Automatic translation import <pinky@build01> 3 days ago
ea7e5fa : Automatic translation import <pinky@build01> 4 days ago
 
**** cm:CyanogenMod/android_device_motorola_victara ****
1b5acd7 : Automatic translation import <pinky@build01> 3 days ago
d729f3a : Automatic translation import <pinky@build01> 4 days ago
 
**** cm:CyanogenMod/android_device_oneplus_oneplus3 ****
e39607b : Automatic translation import <pinky@build01> 3 days ago
af03d83 : Automatic translation import <pinky@build01> 4 days ago
fe44165 : oneplus3: force HAL1 for certain apps <Anas Karbila> 2 weeks ago
e8cf893 : op3: Support Taobao fingerprint payment <zhouxin96> 6 days ago
 
**** vanir:device_oppo_common ****
2a5906e : Automatic translation import <pinky@build01> 3 days ago
921cf99 : Automatic translation import <pinky@build01> 4 days ago
 
**** cm:CyanogenMod/android_device_samsung_d2-common ****
9575e6d : d2: disable low_latency <Dan Pasanen> 2 days ago
 
**** vanir:device_samsung_jf-common ****
02496d5 : jf: Update GPS header <Zhao Wei Liew> 5 days ago
00a78e5 : jf: Fix EFS-related SELinux denials <Zhao Wei Liew> 10 days ago
d1f4f58 : jf: Raise auto-brightness upper limit <Zhao Wei Liew> 13 days ago
78083f5 : jf: Remove liblocationservice <Zhao Wei Liew> 5 days ago
0f2f59b : jf: Add sha1sums for pinned blobs <Zhao Wei Liew> 5 days ago
ceaedff : jf: Remove Samsung camera hardware cflag <srisurya95> 5 days ago
b6df931 : jf: Disable SRE for outdoor mode <Zhao Wei Liew> 5 days ago
 
**** vanir:device_samsung_jfltexx ****
a80eb1a : jfltexx: Update build fingerprint <Zhao Wei Liew> 4 days ago
 
**** vanir:device_samsung_klte-common ****
ec09a38 : klte-common: Fix HDR mode <Phillip Berndt> 2 days ago
 
**** vanir:device_samsung_qcom-common ****
b0b67ad : Automatic translation import <pinky@build01> 3 days ago
f3e1fb9 : Automatic translation import <pinky@build01> 4 days ago
 
**** cm:CyanogenMod/android_device_samsung_zero-common ****
fb90e0d : zero: Remove duplicate event from ueventd <WildfireDEV> 2 days ago
77eb52e : zero: Switch and update copyright notices to the CyanogenMod Project <WildfireDEV> 2 days ago
e7c49a8 : zero: Whitespace edits <WildfireDEV> 2 days ago
 
**** vanir:device_sony_fusion3-common ****
5493252 : fusion3: Remove WiFi module defines <Olivier Karasangabo> 3 months ago
 
**** vanir:frameworks_av ****
bdb54da : libstagefright: mtk: Use vendor extensions to check if we should fixup cropping <Diogo Ferreira> 26 hours ago
 
**** vanir:frameworks_base ****
71a4ae2 : Revert "Revert "I'll show you my pokey man if I can have a peek at you."" <nuclearmistake> 6 weeks ago
5587ea4 : Automatic translation import <pinky@build01> 3 days ago
138db49 : Automatic translation import <pinky@build01> 4 days ago
4be68cd : SystemUI: Don't pad when config_showScreenOnLockScreenHints is false <Matthias Yzusqui> 4 weeks ago
db7e389 : Themes: Give power dialogs own set of volume icons for themes <Bryan Owens> 13 days ago
 
**** vanir:hardware_libhardware ****
a83dd54 : Memory leak fix during sensor HAL initialization <Dhruva Krishnamurthy> 23 hours ago
 
**** cm:CyanogenMod/android_hardware_qcom_audio ****
bf8c1ab : audio: Fix complilation warnings under Clang <Steve Kondik> 9 weeks ago
a11ff3c : ssr: Fix building with OSS materials <Ricardo Cerqueira> 2 months ago
77bb1db : post proc : volume listener : fix effect release crash <Eric Laurent> 9 months ago
d796841 : hal: Add support to reload ACDB files <Karthik Reddy Katta> 5 months ago
e1b5f35 : make: Fixup cross-platform guards <Ricardo Cerqueira> 3 months ago
95d38b9 : hal : Fix banned API's and input validation errors <Preetam Singh Ranawat> 5 months ago
67ab751 : hal: return with error code to avoid tearing down existing recording <Zhou Song> 4 months ago
90f2a4c : hal: add support for msm8917 tmo, msm8917 sku5 and msm8940 sku6 <Meng Wang> 5 months ago
9898456 : audiopolicymanager: fix device selection in getNewOutputDevice <Satya Krishna Pindiproli> 5 months ago
21f9fa7 : hal: post_proc: Do not enable volume listener <Dhanalakshmi Siddani> 5 months ago
6540c07 : audiopolicy: check active direct output before adding DIRECT_PCM flag <Zhou Song> 5 months ago
354a07c : hal: Update to make code more reliable <Kuirong Wang> 7 months ago
5319430 : hal : Fix data initialization and input validation errors <Preetam Singh Ranawat> 6 months ago
d77d3b3 : policy_hal: add support for 32/48KHz support for voip <Shiv Maliyappanahalli> 7 months ago
e66aba2 : hal: add support for 32/48KHz for voip <Shiv Maliyappanahalli> 7 months ago
78b70c0 : hal: add support for fluence in voice recognition <Vidyakumar Athota> 1 year, 2 months ago
726c71d : Revert "hal: Fix SSR issue for compress offload playback" <Naresh Tanniru> 6 months ago
a969a9b : Remove internal code name of msmtitanium for msm8952. <Arusha Goyal> 6 months ago
fd7607b : hal: stop sound trigger buffering during close <Mingming Yin> 7 months ago
fdbcd9d : Remove internal code name of msmtitanium for msm8952. <Arusha Goyal> 6 months ago
60cd764 : audio: port sound trigger fixes <Mingming Yin> 7 months ago
0a79f2c : hal: reset backend configuration before speaker calibration <Vidyakumar Athota> 8 months ago
4ffc926 : hal: Add support to get speaker FTM parameters <Vidyakumar Athota> 7 months ago
3abfee2 : Revert "hal: Fix voice call routing issue on headset" <Karthik Reddy Katta> 6 months ago
b137994 : hal: Fix warnings in audio HAL and policy <Alexy Joseph> 7 months ago
31eefec : hal: correct offload tear down check due to sw effect <Weiyin Jiang> 6 months ago
869f201 : hal: force device switch only for headset and headphone <Xiaojun Sang> 6 months ago
46025ef : hal: update compress offload pcm device ID <Vidyakumar Athota> 9 months ago
58081b6 : audiopolicy: fix notification tone during call not stopped after call ended <Zhou Song> 6 months ago
fccb915 : audiopolicy: do not set FM volume during device connection/disconnection <Satya Krishna Pindiproli> 6 months ago
0d47176 : hal: Fix the device disable/enable sequence for capture usecases <Karthik Reddy Katta> 1 year ago
74a2eee : hal: support wsa combo for jacala <Naresh Tanniru> 7 months ago
cd327f8 : hal: don't allow track offload if there's active sw effect <Weiyin Jiang> 6 months ago
488ac37 : hal: spkr_prot: read temperature once during calibration <Vidyakumar Athota> 7 months ago
fdd505a : hal: limit AFE and ADM sample rate at 48 for speaker <Sidipotu Ashok> 7 months ago
bbce432 : hal: Ensure that stream is not started during Sub system restart. <Ashish Jain> 7 months ago
d211ef5 : policy_hal: handle incall sonification without checking output refCount <Weiyin Jiang> 7 months ago
4bd09d0 : hal: Add support to dynamically configure MI2S rx sample rate <Venkata Narendra Kumar Gutta> 7 months ago
f98e42f : hal: Remove return values from void functions <Leena Winterrowd> 7 months ago
ad8fff8 : hal: enhance the combo device detection logic during native playback <Sidipotu Ashok> 7 months ago
7f4817f : hal: Add support for FBSP in WSA analog mode <Venkata Narendra Kumar Gutta> 7 months ago
aee4fdd : hal: Fix potential memory leaks in HAL <Alexy Joseph> 7 months ago
4051676 : mm-audio: omx: Fix handling of flush error on session not found <Mingming Yin> 7 months ago
bb4cf0b : hal: fix no audio issue in voice call <Shiv Maliyappanahalli> 7 months ago
8d019b0 : hal: fix to enable aanc handset dynamically during voice call <Shiv Maliyappanahalli> 8 months ago
dda29e6 : hal: fix resource leak issues in platform.c <Mingming Yin> 9 months ago
34a303c : hal: Remove alac, ape from hardware decoder list <Naresh Tanniru> 7 months ago
d7a04cd : hal: Set sampling rate for stream_out <Leena Winterrowd> 8 months ago
125900e : hal: fix usecase selection in adev_open_output_stream <Satya Krishna Pindiproli> 7 months ago
eeb6b31 : hal: fm: add parameter to set mute options <Dhananjay Kumar> 7 months ago
 
**** cm:CyanogenMod/android_hardware_qcom_audio ****
dc4a1f6 : DO NOT MERGE Fix AudioEffect reply overflow <Andy Hung> 3 months ago
52af337 : hal: Garbage output in logcat <Keith Mok> 4 months ago
23187da : policy_hal: handle incall sonification without checking output refCount <Weiyin Jiang> 7 months ago
79f27c0 : hal: Fix WFD and voice call over USB concurrency <vivek mehta> 5 months ago
59da825 : hal: spk_prot: remove cond_wait for spkr_calib_cancel <Laxminath Kasam> 5 months ago
a0266fe : audio: update flags for selection of VoIP direct output <Karthik Reddy Katta> 9 months ago
e38d22a : hal: Fix glitch in audio playback during device switch <Weiyin Jiang> 5 months ago
237f1e8 : hal: spkr_prot: read temperature once during calibration <Vidyakumar Athota> 7 months ago
a74d752 : hal: correct offload tear down check due to sw effect <Weiyin Jiang> 6 months ago
886c244 : hal: remove explicit direct pcm usecase <vivek mehta> 12 months ago
f6cd4f7 : hal: stop sound trigger buffering during close <Mingming Yin> 7 months ago
4fb2812 : hal: don't allow track offload if there's active sw effect <Weiyin Jiang> 6 months ago
bfe1cc3 : hal: Fix 44.1Khz playback when native support is not enabled <Amit Shekhar> 7 months ago
dc520bc : libaudiopolicymanager: DirectPCM: fix 44.1 clip playing noisy issue <vivek mehta> 9 months ago
b73a764 : audio: Extend platform parser to allow device name aliasing <Ethan Chen> 2 years ago
64387ed : hal: Fix voice call recording <solk2> 2 years ago
91c7d6b : hal: Fix digital USB headset combo device <Steve Kondik> 2 years ago
be6fdfc : hal: Clean up compilation warnings <Steve Kondik> 1 year, 9 months ago
13ba1b4 : hal: Add support for audio amplifier HAL <Ethan Chen> 3 years, 3 months ago
381b7a0 : audio: Configure CM default feature set <Steve Kondik> 1 year, 9 months ago
b25084a : hal: Allow building hardware audio encoders <Arne Coucheron> 1 year, 7 months ago
f48de3d : audio: Use project pathmap <Ethan Chen> 8 months ago
1362fc7 : audio: Only allow non-legacy HAL <Ethan Chen> 8 months ago
b5b6d33 : hal: Update format table with AAC ADTS formats. <Ashish Jain> 10 months ago
102616d : HAL: Identify the track offload session <Sharad Sangle> 9 months ago
d7eaf2b : HAL: Identify Track offload session <Alexy Joseph> 10 months ago
8c21ad7 : Merge DAX2 changes <Gao Jie> 10 months ago
fc04fdc : hal: update in_call flag state based on mode information <Venkata Narendra Kumar Gutta> 11 months ago
12467a1 : hal: Use AUDIO_TX_MONO_COPP topology for incall record usecases <Karthik Reddy Katta> 10 months ago
 
**** cm:CyanogenMod/android_hardware_qcom_display ****
e435cea : Don't build lights module if vendor supplies it <Steve Kondik> 1 year, 10 months ago
9f98625 : make: Adjust to dynamic paths <Ricardo Cerqueira> 3 months ago
df7f309 : sdm: Add NULL check for allocated memory <Ramakant Singh> 5 months ago
5b880f0 : gralloc : Add singleton class for mdp capability <Ramakant Singh> 5 months ago
b8cb6de : sdm: Fix incorrect permission on hw_info.cpp <Naseer Ahmed> 5 months ago
805ea87 : libgralloc: Get appropriate width and height from metadata <Ramkumar Radhakrishnan> 5 months ago
57f0cc4 : sdm: Set the new panel width and height correctly <Ramakant Singh> 6 months ago
354bf79 : sdm: Disable partial update only if is enabled. <Dileep Marchya> 6 months ago
4570003 : sdm: Add parameter check for content list <Manoj Kumar AVM> 6 months ago
c5109e6 : sdm : Apply Default Mode on real framework start <Sravan Kumar D.V.N> 6 months ago
5e0a1dc : hwc: Initialize pipe type to kPipeTypeUnused <Pullakavi Srinivas> 6 months ago
c487a88 : sdm: Initialize blit class members <Anjaneya Prasad Musunuri> 6 months ago
3cb64d9 : sdm:  Adding mapping of MDP RGB565_UBWC  format to SDM format <Anjaneya Prasad Musunuri> 6 months ago
f4912df : sdm: Add support for 10 bit RGB/YUV formats. <Ramkumar Radhakrishnan> 6 months ago
db89d1f : libgralloc: Add support for 10 bit RGB/YUV formats. <Ramkumar Radhakrishnan> 6 months ago
813ec82 : sdm: Create rotator modules only if a config has required h/w <Saurabh Shah> 6 months ago
cdd3895 : sdm: Add support for V4L2 Rotator <Saurabh Shah> 10 months ago
48c0356 : sdm: Indicate if Rotator is separate H/W block <Sushil Chauhan> 6 months ago
9964fc0 : sdm: Read number of rects from per-pipe caps <Sushil Chauhan> 7 months ago
07f4d41 : sdm:  Adding mapping of MDP RGB565_UBWC  format to SDM format <Anjaneya Prasad Musunuri> 6 months ago
6f227cf : sdm: Set max_layers to 0 when HDMI is in S3D mode <Xu Yang> 7 months ago
53a9573 : sdm: color-manager: PA Dither implementation. <Siddharth Zaveri> 6 months ago
d9f58e0 : sdm: Fix layer blending parameter setting. <Ramkumar Radhakrishnan> 8 months ago
bf04660 : sdm: Fix default ROI initialization <Ramkumar Radhakrishnan> 6 months ago
a212934 : gralloc: Ignore IGC setting. <Dileep Marchya> 8 months ago
bb069a6 : sdm: Fix Wconversion errors <Naseer Ahmed> 7 months ago
95cf0f2 : sdm: color-manager: Add support for global dither. <Siddharth Zaveri> 6 months ago
36e000a : gralloc: Fix RAW10 stride <Ranjith Kagathi Ananda> 1 year, 2 months ago
0899057 : sdm: Initialize blit engine only if blit is supported. <Anjaneya Prasad Musunuri> 6 months ago
7b23121 : sdm: Fix out of bound access to HWC layers. <Dileep Marchya> 6 months ago
15ac3bd : Revert "sdm: Allocate layer stack objects individually." <Dileep Marchya> 6 months ago
eb97bc9 : sdm: Populate supported format table map from sysfs node <Ramkumar Radhakrishnan> 7 months ago
b2781cc : sdm: Typecast void pointer to mdp scale structure for QSEED2. <Ramkumar Radhakrishnan> 6 months ago
d4fa563 : sdm: Avoid flush for virtual display when no app layer is present. <Anjaneya Prasad Musunuri> 7 months ago
cb44d97 : libgralloc: disable UBWC for video encoder usecase <Manikanta Kanamarlapudi> 7 months ago
9c72d0d : sdm: Resolve mismatched deallocation of memory <Anjaneya Prasad Musunuri> 7 months ago
ee63e37 : sdm: Add output buffer resolution in dump <Manoj Kumar AVM> 7 months ago
2e2830c : sdm: Read per-pipe caps from MDP caps <Sushil Chauhan> 8 months ago
66b1fa5 : sdm: Allocate layer stack objects individually. <Dileep Marchya> 7 months ago
165ef42 : sdm: color-manager: Resolve uninitialized variable access. <Siddharth Zaveri> 7 months ago
7d0727d : sdm: Mark layer as updating if geometry has changed. <Dileep Marchya> 7 months ago
a55f866 : sdm: Fix out of bounds access <Saurabh Shah> 7 months ago
bd4aaf2 : libmemtrack: Update the parsing of flags field <Harshdeep Dhatt> 9 months ago
f77878d : sdm: Read max panel brightness level from file node. <Siddharth Zaveri> 7 months ago
930582e : sdm: Add an interface to store layer's input buffer id. <Ramkumar Radhakrishnan> 8 months ago
647e171 : hwc: Fix mutex deadlock in GetVsyncPeriod <Manoj Kumar AVM> 7 months ago
46ef281 : sdm: Add support for S3D video <Yang Xu> 9 months ago
cd0dace : sdm: Add CSC information in dump. <Dileep Marchya> 7 months ago
f8fa2a8 : sdm: Write auto refresh value only if changed <Saurabh Shah> 9 months ago
ae51451 : sdm: hwc: Use display_defs.h <Arun Kumar K.R> 8 months ago
 
**** cm:CyanogenMod/android_hardware_qcom_display ****
7b9a3a1 : hwc/overlay: Validate cursor position in hwc_setPositionAsync <Baldev Sahu> 6 months ago
4c401f0 : hwc: Fix sanitize ROI func <Ramakant Singh> 7 months ago
6dab9c9 : hwc: Apply Default Mode on real framework start <Sravan Kumar D.V.N> 7 months ago
732b9ac : qdutils: Correct the hwc-driver mismatch <Ramakant Singh> 7 months ago
f1e2905 : hwc: remove local constant DISPLAY_ATTRIBUTES list <Ramakant Singh> 7 months ago
a74edfb : hwc: Remove references to display-frameworks <Ethan Chen> 8 months ago
c7cce05 : hwc: Fix compile errors after display-frameworks removal <Arne Coucheron> 8 months ago
b375570 : hwc: Support for QDCM Preference when PU enabled <Nitesh Gupta> 8 months ago
cc1ec84 : hwc: Set ioprio for vsync thread <Steve Kondik> 12 months ago
7516867 : Don't build lights module if vendor supplies it <Steve Kondik> 1 year, 10 months ago
730d245 : Revert "hqd: Use MSM_VIDC_TARGET_LIST for Venus color format" <Ethan Chen> 8 months ago
bc1215a : display: Use project pathmap <Ethan Chen> 1 year, 10 months ago
c324d73 : hwc: Set DefaultMode after bootup completion <Ramakant Singh> 9 months ago
8a6e7c9 : gralloc: Add a private flag for INTERNAL only <Arun Kumar K.R> 12 months ago
394c830 : hwc: Donot update dynamic-fps when device is not active <Ramakant Singh> 11 months ago
8f21571 : hwc: Do not wait for MDSS fence for layers with rotation <Dileep Kumar Reddi> 11 months ago
d2c5ca0 : hwc: Start with ROI set to destination <Arun Kumar K.R> 11 months ago
9ef4d8c : hwc: Set minfps as part of timeout_handler during idlefallback <Ramakant Singh> 11 months ago
0d616ba : Revert "hwc: Relax format change restrictions for certain targets" <Dileep Kumar Reddi> 11 months ago
213ead5 : Default flexible YUV format to NV21 <Tanmaya Godbole> 1 year ago
ed75fdb : hwc: Reset refresh-rate for few cases as part of timeout handler <Dileep Kumar Reddi> 11 months ago
56ed396 : gralloc: Add support for PRIV_FLAGS_DISP_CONSUMER <Surajit Podder> 1 year, 2 months ago
a2d5295 : hwc: Support ActionSafe on targets with non-scaling RGB pipes. <Sandeep Panda> 12 months ago
248378d : gralloc: Use adreno_utils api for NV21 and NV12 alignment <Sushil Chauhan> 1 year ago
037d21d : hwc: Use basePipe for fullscreen and opaque layer <Pullakavi Srinivas> 12 months ago
77ec4ef : gralloc: Modify check for uncompressed RGB buffers <Naomi Luis> 1 year ago
449fbe0 : hwc: Use aligned width and height <Dileep Kumar Reddi> 12 months ago
02dbc50 : Revert "HWC: use aligned width and height for rearranging ROI" <Dileep Kumar Reddi> 12 months ago
cd7217a : hwc: Support ActionSafe on targets with non-scaling RGB pipes. <Sandeep Panda> 12 months ago
eed742d : overlay: add tertiary display definition in overlay <Vinu Deokaran> 12 months ago
a029479 : hwc: Validate display ID in hwc interface <Arun Kumar K.R> 12 months ago
09441c1 : gralloc: Add missing changes related to RAW16 <Raj Kamal> 1 year, 1 month ago
7ea10c5 : hwc: Use basePipe for fullscreen and opaque layer <Pullakavi Srinivas> 12 months ago
c039f6e : hwc: Use aligned width and height <Dileep Kumar Reddi> 12 months ago
60cbe72 : Revert "HWC: use aligned width and height for rearranging ROI" <Dileep Kumar Reddi> 12 months ago
2e918bf : hwc: Avoid idlefallback during video playback <Raj Kamal> 1 year ago
fbe5a60 : HWC: use aligned width and height for rearranging ROI <Dileep Kumar Reddi> 1 year ago
597b313 : hwc: Featurize HWC_DISPLAY_SECURE <Raj Kamal> 1 year ago
eb4d7a6 : hwc: Use HWC_DISPLAY_NO_ATTRIBUTE as terminator. <Prabhanjan Kandula> 1 year ago
410ba7c : hwc : Normalize source crop before validating scaling limits. <Prabhanjan Kandula> 1 year, 1 month ago
95fef31 : hwc: Relax format change restrictions for certain targets <Dileep Kumar Reddi> 1 year ago
42a1c98 : hwc: Changes for display-hal compilation with QTI_BSP enabled <Ramakant Singh> 1 year, 1 month ago
c772eec : hwc: Do not use Borderfill pipe for composition in WFD <Dileep Kumar Reddi> 1 year, 1 month ago
e5268fd : hwc/overlay: Pass handle w/h and crop w/h through fb_image field <Arun Kumar K.R> 1 year, 1 month ago
5d39f02 : hwc: Log warning instead of mHDMIClient object not available <Dileep Kumar Reddi> 1 year, 1 month ago
55b3489 : hwc: Ignore float-conversion for included headers <Naseer Ahmed> 1 year, 1 month ago
82fe9c6 : hwc: Do not consider rotation for smart blit <Ramakant Singh> 1 year, 1 month ago
dd689ff : hwc: Do not create idle invalidator for MDP3 targets <Dileep Kumar Reddi> 1 year, 1 month ago
c58836b : hwc: Align ROI's width and height in both directions <Dileep Kumar Reddi> 1 year, 1 month ago
19f2250 : hwc: Fix SF crash due to SIGSEGV error <Raj Kamal> 1 year, 1 month ago
 
**** cm:CyanogenMod/android_hardware_qcom_display ****
08b30db : hwc: Fix MDP comp array index access <Arun Kumar K.R> 12 months ago
17b8f5e : Fix duplicate copy file rules <Dan Willemsen> 6 months ago
602d41a : display: Do not use GNU old-style field designators <Arne Coucheron> 3 days ago
 
**** cm:CyanogenMod/android_hardware_qcom_display ****
c823234 : libmemtrack: Update the parsing of flags field <Harshdeep Dhatt> 4 months ago
5277cf2 : sdm: Handle spurious wakeup from pthread_cond_wait <Saurabh Shah> 4 months ago
1a7387c : hwc: Initialize pipe type to kPipeTypeUnused <Pullakavi Srinivas> 6 months ago
0400de2 : sdm: Fix HDMI connect failures while changing the mode <Ramkumar Radhakrishnan> 7 weeks ago
5a2c41d : Revert "sdm: Fix Dynamic frame rate issue" <Ramkumar Radhakrishnan> 7 weeks ago
ec5aa61 : hdmi: Reset S3D configuration on bootup <feifanz> 8 weeks ago
643a537 : sdm: Reconfigure display on SetRefreshRate <Manoj Kumar AVM> 9 weeks ago
e3a3353 : sdm: Fix Dynamic frame rate issue <Manoj Kumar AVM> 9 weeks ago
202ab44 : hdmi: Set correct initial S3D configuration <feifanz> 8 weeks ago
0bbc949 : sdm/hwc: Silence logspam <Steve Kondik> 8 weeks ago
37605f8 : sdm: Remain display framerate after dynamic resolution change <feifanz> 9 weeks ago
3b48227 : hdmi: Set correct S3D configuration on bootup <Manoj Kumar AVM> 9 weeks ago
8775a2b : sdm: Notify surfaceflinger to draw S3D framebuffer target <feifanz> 4 months ago
52da784 : sdm: Fix rotator input buffer fence initialization for S3D use case <Ramkumar Radhakrishnan> 9 weeks ago
9f840e1 : sdm: Fix dynamic refresh rate setting during S3D video playback. <Ramkumar Radhakrishnan> 9 weeks ago
30f3628 : sdm: Add binder support to force set HDMI framerate <feifanz> 4 months ago
2b9f200 : sdm: Limit composed layers for non primary displays <Krishna Srinivas> 3 months ago
68b10a4 : sdm: Add mode chose for dynamic framerate switch <feifanz> 3 months ago
5277365 : sdm: Power on HDMI panel when pluged in <feifanz> 3 months ago
3d5d4c1 : libmemtrack: Update the parsing of flags field <Harshdeep Dhatt> 4 months ago
0c39af5 : sdm:  Adding mapping of MDP RGB565_UBWC  format to SDM format <Anjaneya Prasad Musunuri> 6 months ago
5e6e766 : gralloc: Handle RAW_OPAQUE formats similar to blob <Naseer Ahmed> 4 months ago
2106b2a : sdm: Fix HDMI Primary and Virtual Display concurrency use case <Tatenda Chipeperekwa> 4 months ago
c5f91b1 : sdm: Set system property when HDMI is Primary <Tatenda Chipeperekwa> 4 months ago
371b9bc : sdm: Fix compilation error in hwc <Ramkumar Radhakrishnan> 4 months ago
a9f99ef : sdm: Typecast void pointer to mdp scale structure for QSEED2. <Ramkumar Radhakrishnan> 6 months ago
5e37cc9 : hwc: Initialize pipe type to kPipeTypeUnused <Pullakavi Srinivas> 6 months ago
49f32ce : sdm: Handle spurious wakeup from pthread_cond_wait <Saurabh Shah> 4 months ago
e588c17 : sdm : Apply Default Mode on real framework start <Sravan Kumar D.V.N> 6 months ago
4273f6c : sdm: Full ROI for 1 frame after resolution switch <Saurabh Shah> 4 months ago
09ed480 : sdm: Add support to report the pixel format of the display <Tatenda Chipeperekwa> 5 months ago
4d18fb9 : sdm: Disable partial update only if is enabled. <Dileep Marchya> 6 months ago
b60921b : sdm: Enable HDMI dynamic frame rate switch feature <feifanz> 5 months ago
2ca46a4 : qdMetadata: Add MetaData operation functions <feifanz> 5 months ago
d4f544e : sdm: HDMI as primary and headless display support <Tatenda Chipeperekwa> 5 months ago
3fc6dfa : sdm: Add independent hardware event thread for display events <Tatenda Chipeperekwa> 5 months ago
d180922 : sdm: Add sys wrappers for read, write, eventfd system calls <Tatenda Chipeperekwa> 5 months ago
57572d5 : qservice: Fixes for IQHDMIClient <Tatenda Chipeperekwa> 5 months ago
fcb06b6 : cec: Fix message parsing and enable wakeup feature <Tatenda Chipeperekwa> 5 months ago
d6591ae : sdm: Wrap DISPLAY_TERTIARY around QTI_BSP <Manoj Kumar AVM> 5 months ago
b7a0693 : sdm: Add parameter check for content list <Manoj Kumar AVM> 6 months ago
b5a157d : libmemtrack: Update parsing of kgsl mem file <Harshdeep Dhatt> 7 months ago
009ad60 : sdm: Set max_layers to 0 when HDMI is in S3D mode <Xu Yang> 7 months ago
bbeb6d6 : sdm: Initialize blit class members <Anjaneya Prasad Musunuri> 6 months ago
07d45cf : sdm: Fix out of bound access to HWC layers. <Dileep Marchya> 6 months ago
9b2cc73 : sdm: Fix default ROI initialization <Ramkumar Radhakrishnan> 6 months ago
cef3584 : sdm: color-manager: Add support for global dither. <Siddharth Zaveri> 6 months ago
19e6179 : sdm: Populate supported format table map from sysfs node <Ramkumar Radhakrishnan> 7 months ago
5fb5686 : sdm: Fix layer blending parameter setting. <Ramkumar Radhakrishnan> 8 months ago
631a683 : gralloc: Ignore IGC setting. <Dileep Marchya> 8 months ago
 
**** cm:CyanogenMod/android_hardware_qcom_media ****
a7b4886 : The libOmxSw encoders require prop headers :( <Ricardo Cerqueira> 4 weeks ago
4b1c56f : venc: Disable building vqzip into the encoder for OSS <Ricardo Cerqueira> 3 months ago
e9e9b32 : mm-core: change data type for version <Manikanta Kanamarlapudi> 3 months ago
07f11ee : make: Fix up platform inclusion <Ricardo Cerqueira> 3 months ago
e9f9ae8 : mm-video-v4l2: venc: Avoid processing ETBs/FTBs in invalid states <Praveen Chavan> 4 months ago
9eae7f2 : mm-video-v4l2: vdec: Avoid processing ETBs/FTBs in invalid states <Praveen Chavan> 4 months ago
3965563 : make: Adjust to dynamic paths <Ricardo Cerqueira> 3 months ago
b5a27bf : Avoid collision with the ffpmeg plugin <Ricardo Cerqueira> 3 months ago
d822edf : mm-video: Fix race condition in component. <Manikanta Sivapala> 4 months ago
cc6a5bb : mm-video: Handle ETB's with invalid length <Manikanta Sivapala> 5 months ago
d4c68ef : mm-video: Update function to flush cached ION output buffer. <Manikanta Sivapala> 5 months ago
6f4b96d : mm-video-v4l2: vidc: validate omx param/config data <Praveen Chavan> 5 months ago
70ecf07 : mm-video-v4l2: venc: add safety checks for freeing buffers <Praveen Chavan> 5 months ago
58cfe3e : mm-video-v4l2: vdec: add safety checks for freeing buffers <Praveen Chavan> 5 months ago
c9d33c1 : mm-video-v4l2: vdec: deprecate unused config OMX_IndexVendorVideoExtraData <Praveen Chavan> 5 months ago
162d7c2 : mm-video-v4l2: vidc: venc: KW fix to initialize v4l2 control. <Srinu Gorle> 5 months ago
ba4f857 : mm-video-v4l2: vdec: Malloc failure handling in memory prefetch <Rohit Kulkarni> 5 months ago
f05c40f : mm-video-v4l2: vdec: Add support for prefetching secure memory <Shalaj Jain> 7 months ago
1e09dcc : mm-video: swvdec: Flush cached ION output buffer. <Manikanta Sivapala> 5 months ago
5aa6868 : mm-video-v4l2: vidc: Do not queue output buffer if flush is in progress <Arun Menon> 9 months ago
451c330 : mm-video-v4l2: vidc: vdec: KW fix to initialize v4l2 control. <Abdulla Anam> 6 months ago
87af875 : Remove internal code name of msmtitanium for msm8953. <Arusha Goyal> 6 months ago
98c1933 : mm-video: swvdec: Enable "arbitrary bytes mode" via setparam. <Manikanta Sivapala> 6 months ago
6a113e8 : Remove internal code name of msmtitanium for msm8953. <Arusha Goyal> 6 months ago
66507f6 : mm-core: Add secure component registry entry <Vikash Garodia> 6 months ago
3c0c75c : mm-video-v4l2: vdec: Change preferred color format default order <Arun Menon> 10 months ago
47a3c9e : mm-core: Rename vpp component name in the registry. <Abdulla Anam> 7 months ago
f673dc5 : mm-video: swvdec: Fix bug in 'arbitrary bytes mode'. <Manikanta Sivapala> 6 months ago
658d7f6 : mm-video-v4l2: vdec: add support for vp8 secure decoder <Deepak Kushwah> 7 months ago
d5acdbb : mm-video-v4l2: vidc: update thread names <Vikash Garodia> 6 months ago
981d875 : mm-video: swvdec: Use C++ standard library queue classes. <Manikanta Sivapala> 7 months ago
4738e01 : mm-video: vidc: Communicate the right colorformat to the driver <Deva Ramasubramanian> 9 months ago
6480767 : mm-core: Add vp8 and vp9 secure decoders for titanium <Srinu Gorle> 7 months ago
3134ae4 : mm-video-v4l2: venc: revert add support for handling EOS buffer <Manikanta Kanamarlapudi> 7 months ago
3160904 : audio: Add entry for ALAC/APE software component <Preetam Singh Ranawat> 7 months ago
f09ef0f : mm-video: vidc: memset struct v4l2_format prior to S_FMT <Deva Ramasubramanian> 8 months ago
99a9dea : mm-video: swvdec: Fix FD leak. <Vikash Garodia> 7 months ago
21b0839 : Revert "mm-video-v4l2: vidc: Enhance VQZIP checks" <Manikanta Sivapala> 7 months ago
73109a9 : Revert "mm-video-v4l2: vidc: venc: Bug fixes for VZIP" <Manikanta Sivapala> 7 months ago
bf6b113 : mm-video-v4l2: venc: Add support for low latency mode <Srinu Gorle> 8 months ago
e3ab4f0 : mm-core: Fix compilation issue to erratic string constant <Amit Shekhar> 12 months ago
68a4b6c : mm-video: swvdec: Add 'arbitrary bytes mode' support. <Manikanta Kanamarlapudi> 7 months ago
89b5e96 : mm-video-v4l2: vidc: venc: Bug fixes for VZIP <Praneeth Paladugu> 9 months ago
d9b4206 : libc2dcolorconvert: check if platform support c2d <Alex Wong> 7 months ago
fd7f872 : mm-video-v4l2: vidc: Enhance VQZIP checks <Praneeth Paladugu> 1 year ago
ba30dca : mm-video: swvenc: update color format correctly <Manikanta Sivapala> 8 months ago
c950d91 : mm-video: swvdec: Fix bug in describe color format function. <Manikanta Sivapala> 7 months ago
cb9101d : mm-video-v4l2: venc: send flags to color converter <Maheshwar Ajja> 8 months ago
57a18a2 : mm-video: swvenc: Update color format correctly <Manikanta Sivapala> 8 months ago
66f5bdc : mm-video-v4l2: venc: Disable Bframes incase of UHD recording <Srinu Gorle> 9 months ago
 
**** cm:CyanogenMod/android_hardware_qcom_media ****
2182d03 : DO NOT MERGE mm-video-v4l2: venc: add checks before  accessing heap pointers <Praveen Chavan> 8 weeks ago
8db7a42 : DO NOT MERGE Fix wrong nAllocLen <Wonsik Kim> 8 weeks ago
d81a756 : mm-video-v4l2: vdec: Avoid processing ETBs/FTBs in invalid states <Praveen Chavan> 4 months ago
ddeb931 : mm-video-v4l2: venc: Avoid processing ETBs/FTBs in invalid states <Praveen Chavan> 4 months ago
1071714 : DO NOT MERGE mm-video-v4l2: vdec: deprecate unused config OMX_IndexVendorVideoExtraData <Praveen Chavan> 5 months ago
3dd7332 : DO NOT MERGE mm-video-v4l2: venc: add safety checks for freeing buffers <Praveen Chavan> 4 months ago
cbc1231 : DO NOT MERGE mm-video-v4l2: vidc: validate omx param/config data <Praveen Chavan> 4 months ago
bb2d97a : DO NOT MERGE mm-video-v4l2: vdec: add safety checks for freeing buffers <Praveen Chavan> 4 months ago
70ff94f : mm-video-v4l2: vdec: modify max supported level on msm8976 <Maheshwar Ajja> 5 months ago
9a1699d : mm-video-v4l2: Fix default session priority handling <Surajit Podder> 6 months ago
92b55f1 : mm-video-v4l2: vdec: Enhance video resolution check <Arun Menon> 7 months ago
bbcbc18 : mm-video-v4l2: vdec: Error out if set format ioctl fails <Abdulla Anam> 6 months ago
e184bed : mm-video-v4l2: vdec: Decrement semaphore count in error case. <vasantha> 7 months ago
ff3940f : mm-video-v4l2: Return correct level support for 8956 <Surajit Podder> 6 months ago
1fd6df0 : mm-video-v4l2: vidc: vdec: handle ftbs during reconfig and port disable <Abdulla Anam> 7 months ago
e9bacff : mm-video-v4l2: venc: check for null pointer <Maheshwar Ajja> 7 months ago
a699a13 : mm-video-v4l2: vdec: set 24 fps framerate for 4k clips <Deepak Kushwah> 8 months ago
bc9e191 : mm-video-v4l2: vidc: Fix race condition with msg thread fd close <Shalaj Jain> 10 months ago
a860362 : mm-video-v4l2: vidc: update thread names <Ashray Kulkarni> 1 year, 2 months ago
8e66146 : mm-video-v4l2: Add support for prefer adaptive playback extension <Shalaj Jain> 1 year, 1 month ago
41a5cfd : mm-video: Adjust stride value for planar format <Surajit Podder> 1 year, 4 months ago
c40cf77 : mm-video: vidc: Reliably stop the message thread <Deepak Kushwah> 8 months ago
62f611d : Fix duplicated OMX.qcom.audio.decoder.aac entry <Keith Mok> 9 months ago
69d6d4b : media: Avoid collision with FFMPEG plugin <Steve Kondik> 8 months ago
610c356 : media: Use project pathmap <Ethan Chen> 8 months ago
dc1b1d4 : mm-video-v4l2: Unmap dropped output buffers <Surajit Podder> 9 months ago
78521c5 : Include kernel header dependency for libOmxVidcCommon <Divya Sharma> 10 months ago
f9c92f0 : mm-video-v4l2: vidc: venc: Fix hybrid HP layer count <Abdulla Anam> 10 months ago
a5dce41 : mm-video-v4l2: Enable get_param to check downscalar enablement <Surajit Podder> 10 months ago
e7743ae : mm-video-v4l2: venc: Add support to enhance hybrid Hier-p mode <Abdulla Anam> 10 months ago
75bc6a6 : mm-video-v4l2: vdec:  release buffer when qbuf to driver fails <Manikanta Kanamarlapudi> 11 months ago
cfeaf87 : mm-video-v4l2: Use client buffer header for FTB <Surajit Podder> 11 months ago
b6c736d : mm-video-v4l2: Disable intra refresh mode on msm8956/76 <Maheshwar Ajja> 11 months ago
a54c5d4 : mm-video-v4l2: vdec: fix fps issues in arbitrary mode <Ashray Kulkarni> 12 months ago
826ba8c : QCMetadata: add a new key for big buffers <Sidipotu Ashok> 11 months ago
ef3143a : QCMetadata: Add key for setBuffers API support <Manikanta Kanamarlapudi> 1 year, 3 months ago
f178e8b : mm-video-v4l2: venc: support all I frame encoding usecase. <Abdulla Anam> 11 months ago
bcf4fa3 : libstagefrighthw: Add header guard to QComOMXMetadata.h and fix file perms <Deva Ramasubramanian> 12 months ago
e2d287f : mm-video-v4l2: vdec: streamoff while freeing first output buffer <Balamurugan Alagarsamy> 1 year, 8 months ago
f0fc3d0 : mm-video: Disable downscalar for non-display usecase <Surajit Podder> 1 year, 2 months ago
0997c8a : mm-video: Enable HEVC software encoder OMX component. <Manikanta Sivapala> 11 months ago
8bb96de : mm-video_v4l2: pass crop nWidth and nHeight in reconfig event. <Abdulla Anam> 12 months ago
afb1469 : mm-video-v4l2: Fix downscalar issue <Surajit Podder> 12 months ago
269f6cd : mm-video-v4l2: Fix crash due to divide by zero <Surajit Podder> 12 months ago
c14558c : mm-video-v4l2: venc: initialize the member variables <Maheshwar Ajja> 12 months ago
99c2455 : mm-video-v4l2: vdec: Fix closing of file descriptor "0" <Deepak Kushwah> 12 months ago
b4d0e38 : mm-video-v4l2: venc: limit pixels value in input buffers. <Abdulla Anam> 12 months ago
1202ebd : mm-video_v4l2: pass crop nWidth and nHeight in reconfig event. <Abdulla Anam> 12 months ago
1fc82f0 : mm-video: Disable downscalar for non-display usecase <Surajit Podder> 1 year, 2 months ago
6ecc67f : mm-core: update vpp related structures and enums. <Abdulla Anam> 12 months ago
 
**** cm:CyanogenMod/android_hardware_qcom_media ****
1cbab89 : DO NOT MERGE mm-video-v4l2: venc: add checks before  accessing heap pointers <Praveen Chavan> 8 weeks ago
de2960f : DO NOT MERGE Fix wrong nAllocLen <Wonsik Kim> 8 weeks ago
5029df7 : venc: Fix VQZip issue <Steve Kondik> 4 weeks ago
fe01ff3 : mm-video-v4l2: vidc: venc: Remove unspported Levels <Praneeth Paladugu> 3 months ago
9a2ff6f : mm-video-v4l2: Fix crash during decoder output dump <Surajit Podder> 6 weeks ago
dc02ee7 : mm-video-v4l2: Detect interlace format types correctly. <Kim Zhang> 3 months ago
341f7d6 : mm-core: Add De-interlace case for VPP <Kim Zhang> 9 weeks ago
e896660 : mm-core: Fix the nVersion type issue in QOMX_EXTNINDEX_VIDEO_VENC_SAR <Kim Zhang> 9 weeks ago
8c6e1b9 : mm-video-v4l2: vdec: refine refresh_rate handling <Qiwei Liu> 10 weeks ago
05beae8 : venc: Disable building vqzip into the encoder for OSS <Ricardo Cerqueira> 3 months ago
0444f03 : Revert "venc: use libOmxVenc as blob" <Chao Chen> 2 months ago
6c2bccf : mm-video-v4l2: Fix issue with DCVS in split mode <Surajit Podder> 3 months ago
d92e6d9 : mm-video-v4l2: venc: Avoid processing ETBs/FTBs in invalid states <Praveen Chavan> 4 months ago
726dddc : mm-video-v4l2: vdec: Avoid processing ETBs/FTBs in invalid states <Praveen Chavan> 4 months ago
6f4a4ba : mm-video-v4l2: vide: vdec: modify refresh rate calculation <Qiwei Liu> 4 months ago
352a82c : mm-video-v4l2: Handle decoder output crop extradata <Vikash Garodia> 3 months ago
219d27a : venc: use libOmxVenc as blob <Matt Wagantall> 6 months ago
6cafea7 : mm-video-v4l2: vidc: Enumerate supported HEVC decoder profiles <Rohit Kulkarni> 4 months ago
b597f7e : mm-video-v4l2: vidc: Update supported Level values <Praneeth Paladugu> 6 months ago
5ae7676 : mm-video-v4l2: vdec: Update the buffer size after g_fmt <Vikash Garodia> 3 months ago
5b2d521 : mm-core: Remove the size and version fields for some vpp structures <Kim Zhang> 4 months ago
85372cd : mm-video-v4l2: vidc: vdec: Change DPB mode to combined for VP9 <Praneeth Paladugu> 4 months ago
45e8530 : mm-video-v4l2: Pass stride and scanlines with reconfig event <Abdulla Anam> 4 months ago
accaaf8 : mm-video-v4l2: vdec: DPB mode to split for CPU access of buffers <Praneeth Paladugu> 5 months ago
4925114 : mm-video-v4l2: vdec: deprecate unused config OMX_IndexVendorVideoExtraData <Praveen Chavan> 5 months ago
d4f4cdf : mm-video-v4l2: venc: add safety checks for freeing buffers <Praveen Chavan> 5 months ago
a797942 : mm-video-v4l2: vidc: validate omx param/config data <Praveen Chavan> 5 months ago
8c6b30e : mm-video-v4l2: vdec: add safety checks for freeing buffers <Praveen Chavan> 5 months ago
8943d96 : mm-video-v4l2: vidc: vdec: Add support for Output crop extra data <Arun Menon> 6 months ago
d39458f : mm-video-v4l2: vidc: Restore pixel format on capture plane <Kim Zhang> 4 months ago
73699c1 : mm-video-v4l2: Pointer null check before deferencing it <Deepak Kushwah> 8 months ago
b107003 : mm-video-v4l2: vidc: validate omx param/config data <Praveen Chavan> 5 months ago
d77c4a9 : mm-video-v4l2: vdec: deprecate unused config OMX_IndexVendorVideoExtraData <Praveen Chavan> 5 months ago
4802a3d : mm-video-v4l2: vidc: vdec: Add Extra data size during update_portdef <Arun Menon> 5 months ago
20f4efa : mm-video-v4l2: vidc: venc: Fix VQZIP issues <Praneeth Paladugu> 5 months ago
ace6a48 : mm-video-v4l2: vdec: Call vidioc_g_fmt to get updated buffer size <Arun Menon> 5 months ago
538225b : mm-video-v4l2: vdec: Malloc failure handling in memory prefetch <Rohit Kulkarni> 5 months ago
2a3c3fc : mm-video-v4l2: vidc: venc: Fix rotation issue <Praneeth Paladugu> 5 months ago
c1c9a54 : mm-video-v4l2: vdec: Add support for prefetching secure memory <Shalaj Jain> 7 months ago
cdd8a4b : mm-video-v4l2: vdec: add safety checks for freeing buffers <Praveen Chavan> 5 months ago
bd10da8 : mm-video-v4l2: venc: add safety checks for freeing buffers <Praveen Chavan> 5 months ago
c59fcaa :  mm-video-v4l2: vidc: HEVC Main10 profile support <Rohit Kulkarni> 6 months ago
56dd269 : mm-video: vidc: Squashed changes for component <Praneeth Paladugu> 6 months ago
347b90c : libc2dcolorconvert: refer c2d header from display <Praveen Chavan> 2 years, 4 months ago
14a416b : mm-video-v4l2: vdec: Increase buffer count to support high fps <Arun Menon> 8 months ago
6316605 : vidc: Fix makefiles <Steve Kondik> 1 year, 4 months ago
416ba49 : mm-video-v4l2: vidc: vdec: skip enabling S3D extra data for secure session <Srinu Gorle> 1 year, 5 months ago
5f4d49f : mm-video-v4l2: vidc: vdec: Add support for S3D metadata <Ashray Kulkarni> 1 year, 7 months ago
a53124e : mm-core: Fix compilation issue to erratic string constant <Amit Shekhar> 12 months ago
a7f1dda : mm-video-v4l2: vidc: venc: Fix rotation issue for 180 degrees <Praneeth Paladugu> 10 months ago
 
**** vanir:hardware_samsung ****
48c7442 : Automatic translation import <pinky@build01> 3 days ago
b79c2f3 : Automatic translation import <pinky@build01> 4 days ago
 
**** cmold:android_kernel_htc_msm8960 ****
00314e3 : msm: HTC: Regenerate s4/m7/t6 defconfigs for f2fs changes <Matt Mower> 12 days ago
9f8ea59 : f2fs: Squashed update from f2fs-stable <Matt Mower> 12 days ago
 
**** cmold:android_kernel_huawei_kiwi ****
d5a0a5c : Adds bound check on reg_cfg_cmd->u.dmi_info.hi_tbl_offset. <Trishansh Bhardwaj> 3 days ago
4174e8a : video: mdss: Color temperature interface using PCC <Steve Kondik> 1 year, 6 months ago
d172df5 : qcom-cpufreq: Remove save/restore of scheduling policy <Junjie Wu> 1 year, 7 months ago
328a4ba : uid_cputime: Iterates over all the threads instead of processes. <Ruchi Kandoi> 1 year, 1 month ago
9d4870d : uid_cputime: fix cputime overflow <Jin Qian> 1 year, 2 months ago
663bd87 : uid_cputime: Avoids double accounting of process stime, utime and cpu_power in task exit. <Ruchi Kandoi> 1 year, 2 months ago
025827d : uid_cputime: Extends the cputime functionality to report power per uid <Ruchi Kandoi> 1 year, 5 months ago
9f575fe : kiwi: sched: Remove some small changes added by Huawei <Christopher R. Palmer> 4 weeks ago
b236b12 : sched: fix race conditions where HMP tunables change <Joonwoo Park> 1 year, 5 months ago
03b61d0 : sched: check HMP scheduler tunables validity <Joonwoo Park> 1 year, 5 months ago
c34183d : cpufreq: Correct the data reported in all_time_in_state <Nirmal Abraham> 11 months ago
64aed70 : sched: cpufreq: Adds a field cpu_power in the task_struct <Ruchi Kandoi> 1 year, 5 months ago
cd4671c : cpufreq_stats: Adds the fucntionality to load current values for each frequency for all the cores. <Ruchi Kandoi> 1 year, 5 months ago
666d256 : cpufreq: Avoid using global variable total_cpus <Ruchi Kandoi> 1 year, 10 months ago
76def0d : cpufreq: fix sleeping in atomic context when realloc freq_table for all_time_in_state <Minsung Kim> 2 years, 2 months ago
a2f6b7c : cpufreq: Persist cpufreq time in state data across hotplug <Ruchi Kandoi> 2 years, 6 months ago
5d2913b : Revert "cpufreq: Call cpufreq_update_policy() during cpufreq_stats_init()" <Junjie Wu> 2 years, 6 months ago
fdc6358 : cpufreq: Call cpufreq_update_policy() during cpufreq_stats_init() <Junjie Wu> 2 years, 8 months ago
3486c37 : sched: add preference for prev_cpu in HMP task placement <Steve Muckle> 1 year, 8 months ago
514c849 : sched: inline function scale_load_to_cpu() <Joonwoo Park> 1 year, 3 months ago
f38b80e : sched: optimize best_small_task_cpu() loop <Joonwoo Park> 1 year, 3 months ago
9044a19 : sched: optimize select_best_cpu() where !sched_enable_power_aware <Joonwoo Park> 1 year, 3 months ago
ecd92ce : sched: optimize select_best_cpu() with same power cost CPU mask <Joonwoo Park> 1 year, 3 months ago
9446f66 : sched: look for least busy and fallback CPU only when it's needed <Joonwoo Park> 1 year, 3 months ago
e2da3fc : sched: Optimize the select_best_cpu() "for" loop <Syed Rameez Mustafa> 1 year, 3 months ago
e60316b : sched: Optimize select_best_cpu() to reduce execution time <Syed Rameez Mustafa> 1 year, 3 months ago
91e95c7 : Revert "sched: add preference for prev_cpu in HMP task placement" <Pavankumar Kondeti> 1 year, 1 month ago
2881283 : sched: add preference for prev_cpu in HMP task placement <Steve Muckle> 1 year, 8 months ago
9906dc3 : Revert "sched: per-cpu mostly_idle threshold" <Hanumath Prasad> 1 year, 6 months ago
22dced4 : Revert "sched: Packing support until a frequency threshold" <Hanumath Prasad> 1 year, 6 months ago
aab414f7 : sched: Update cur_freq for offline CPUs in notifier callback <Syed Rameez Mustafa> 1 year, 8 months ago
 
**** cmold:android_kernel_oneplus_msm8996 ****
17c3f41 : Revert "input: synaptics: s3320: Remove wild msleeps from init" <Sultanxda> 6 days ago
e81219c : Revert "Revert "Revert "usb: dwc3: gadget: always enable IOC on bulk/interrupt transfers""" <dianlujitao> 4 days ago
ef72dff : Revert "usb: dwc3: fix for the isoc transfer EP_BUSY flag" <dianlujitao> 4 days ago
28cf000 : op3: Enable CONFIG_SECURITY_PERF_EVENTS_RESTRICT <Steve Kondik> 5 days ago
472521c : msm_defconfig: Enable config for b/29119870 <Dennis Cagle> 2 weeks ago
32e9e55 : USB: dwc3: msm: Kill tasklet before disabling irq in suspend <Vijayavardhan Vennapusa> 3 months ago
b836faf : FROMLIST: security,perf: Allow further restriction of perf_event_open <Jeff Vander Stoep> 3 months ago
4724cf1 : spi: spi_qsd: Don't restrict first transfer in FIFO mode <Girish Mahadevan> 5 weeks ago
 
**** vanir:kernel_samsung_jf ****
c632514 : seccomp: Replace BUG(!spin_is_locked()) with assert_spin_lock <Guenter Roeck> 2 years, 1 month ago
02f49fe : UPSTREAM: selinux: fix bug in conditional rules handling <Stephen Smalley> 9 months ago
3d58f0e : FROMLIST: drivers: char: random: add get_random_long() <dcashman> 6 months ago
6f30c82 : FROMLIST: mm: mmap: Add new /proc tunable for mmap_base ASLR. <dcashman> 8 months ago
4f3ce3c : BACKPORT: FROMLIST: mm: ASLR: use get_random_long() <dcashman> 6 months ago
396dd62 : FROMLIST: arm: mm: support ARCH_MMAP_RND_BITS. <dcashman> 8 months ago
2bfe5fc : jf: Enable CONFIG_SECCOMP <Robert Sesek> 1 year, 11 months ago
c41830f : selinux: nlmsgtab: add SOCK_DESTROY to the netlink mapping tables <Lorenzo Colitti> 7 months ago
8b68e94 : selinux: add SOCK_DIAG_BY_FAMILY to the list of netlink message types <Paul Moore> 2 years, 7 months ago
4e63130 : selinux: Android kernel compatibility with M userspace <Jeff Vander Stoep> 10 months ago
e20c81b : selinux: extended permissions for ioctls <Jeff Vander Stoep> 1 year, 2 months ago
cbee5b3 : security: add ioctl specific auditing to lsm_audit <Jeff Vander Stoep> 1 year, 2 months ago
c343add : selinux: remove unnecessary pointer reassignment <Jeff Vander Stoep> 1 year, 6 months ago
841d0ab : Revert "security: lsm_audit: add ioctl specific auditing" <Jeff Vander Stoep> 1 year, 1 month ago
2e0170f : Revert "SELinux: per-command whitelisting of ioctls" <Jeff Vander Stoep> 1 year, 1 month ago
a37cf19 : Revert "SELinux: use deletion-safe iterator to free list" <Jeff Vander Stoep> 1 year, 1 month ago
400ff44 : Revert "SELinux: ss: Fix policy write for ioctl operations" <Jeff Vander Stoep> 1 year, 1 month ago
0cd3a0c : net: diag: Add the ability to destroy a socket. <Lorenzo Colitti> 9 months ago
 
**** vanir:kernel_samsung_klte ****
d5355d6 : msm: camera: Fix memory read by adding bounds check <Trishansh Bhardwaj> 3 days ago
 
**** cmold:android_kernel_sony_apq8064 ****
e19e6b8 : fusion3: defconfig: make all modules built-in <airlessproject> 6 days ago
2139355 : Remove scsi_wait_scan module <James Bottomley> 4 years, 3 months ago
061d416 : radio-iris: Fix the issue with set calibration <Venkateshwarlu Domakonda> 1 year, 1 month ago
ae4214b : media: radio: Fix building and loading the IRIS transport <Ricardo Cerqueira> 1 year, 8 months ago
c96157f : radio: iris: Expose FM Radio commands and events to user-space <Venkateshwarlu Domakonda> 3 years, 5 months ago
2286e75 : net: ipc_router: Bind only a client port as control port <Karthikeyan Ramasubramanian> 6 months ago
b41e885 : msm: kgsl: Defer adding the mem entry to a process <Sunil Khatri> 3 months ago
06f5ce3 : ashmem: Validate ashmem memory with fops pointer <Sunil Khatri> 2 months ago
23a870f : netfilter: x_tables: make sure e->next_offset covers remaining blob size <Florian Westphal> 5 months ago
e937e28 : HID: hiddev: validate num_values for HIDIOCGUSAGES, HIDIOCSUSAGES commands <Scott Bauer> 10 weeks ago
eff3b75 : net: validate the range we feed to iov_iter_init() in sys_sendto/sys_recvfrom <Al Viro> 1 year, 5 months ago
11754c8 : mnt: Fail collect_mounts when applied to unmounted mounts <Eric W. Biederman> 1 year, 8 months ago
aea040d : KEYS: potential uninitialized variable <Dan Carpenter> 3 months ago
ff707c2 : msm: kgsl: Add missing checks for alloc size and sglen <Rajesh Kemisetti> 5 months ago
bf806d4 : USB: usbfs: fix potential infoleak in devio <Kangjie Lu> 4 months ago
 
**** cmold:android_kernel_sony_msm8x27 ****
2aec1ba : ASoC: msm: qdsp6: making flush call as synchronous <Jaiju Yesudasan> 13 days ago
0debc85 : ASoC: check for null function pointer for dummy device read/write <Yuan Lin> 2 weeks ago
bc6dfc5 : BACKPORT: Bluetooth: Fix potential NULL dereference in RFCOMM bind callback <Jaganath Kanakkassery> 1 year, 4 months ago
91a13e4 : UPSTREAM: net: Fix use after free in the recvmmsg exit path <Arnaldo Carvalho de Melo> 6 months ago
 
**** github:CyanogenMod/android_kernel_xiaomi_cancro ****
92303e4 : ASoC: msm: qdsp6v2: check param length for EAC3 format <Surendar karka> 3 days ago
8bd0b2b : Adds bound check on reg_cfg_cmd->u.dmi_info.hi_tbl_offset. <Trishansh Bhardwaj> 3 days ago
 
**** cm:CyanogenMod/android_packages_apps_AudioFX ****
71e5da3 : AudioFX: finish rename; persist process <Roman Birg> 2 days ago
10fc110 : Automatic translation import <pinky@build01> 4 days ago
70457e9 : AudioFXTests: rename module back to AudioFXTests <Jessica Wagantall> 5 days ago
 
**** vanir:packages_apps_BasicSmsReceiver ****
df317d5 : Automatic translation import <pinky@build01> 3 days ago
e15a30d : Automatic translation import <pinky@build01> 4 days ago
 
**** vanir:packages_apps_Bluetooth ****
20411f6 : Automatic translation import <pinky@build01> 3 days ago
fdc300e : Automatic translation import <pinky@build01> 4 days ago
 
**** cm:CyanogenMod/android_packages_apps_BluetoothExt ****
c54b92b : Automatic translation import <pinky@build01> 3 days ago
e702496 : Automatic translation import <pinky@build01> 4 days ago
 
**** cm:CyanogenMod/android_packages_apps_Browser ****
21cc56b : Automatic translation import <pinky@build01> 3 days ago
3d2bc39 : Automatic translation import <pinky@build01> 4 days ago
 
**** cm:CyanogenMod/android_packages_apps_Calendar ****
51c4964 : Automatic translation import <pinky@build01> 3 days ago
44b3c2f : Automatic translation import <pinky@build01> 4 days ago
 
**** vanir:packages_apps_Camera2 ****
d3be19c : Automatic translation import <pinky@build01> 3 days ago
7b8c75e : Automatic translation import <pinky@build01> 4 days ago
 
**** vanir:packages_apps_CellBroadcastReceiver ****
27ae3fd : Automatic translation import <pinky@build01> 3 days ago
de51ce8 : Automatic translation import <pinky@build01> 4 days ago
 
**** vanir:packages_apps_CertInstaller ****
c8f7e9b : Automatic translation import <pinky@build01> 3 days ago
50ee137 : Automatic translation import <pinky@build01> 4 days ago
 
**** vanir:packages_apps_Contacts ****
4185da3 : Automatic translation import <pinky@build01> 3 days ago
d91309f : Automatic translation import <pinky@build01> 4 days ago
 
**** vanir:packages_apps_ContactsCommon ****
ee58643 : Automatic translation import <pinky@build01> 3 days ago
1332358 : Automatic translation import <pinky@build01> 4 days ago
 
**** vanir:packages_apps_DeskClock ****
4574b50 : Automatic translation import <pinky@build01> 3 days ago
925d7af : Automatic translation import <pinky@build01> 4 days ago
 
**** vanir:packages_apps_Dialer ****
af82bdc : Automatic translation import <pinky@build01> 3 days ago
2ce1b1e : Automatic translation import <pinky@build01> 4 days ago
 
**** vanir:packages_apps_Email ****
644cde9 : Automatic translation import <pinky@build01> 3 days ago
5c4de0d : Automatic translation import <pinky@build01> 4 days ago
2ad31cb : Automatic translation import <Abhisek Devkota> 4 months ago
cb45162 : Automatic translation import <Abhisek Devkota> 4 months ago
 
**** vanir:packages_apps_ExactCalculator ****
eb4a240 : Automatic translation import <pinky@build01> 3 days ago
2b4bfc9 : Automatic translation import <pinky@build01> 4 days ago
 
**** cm:CyanogenMod/android_packages_apps_Exchange ****
6c8130b : Automatic translation import <pinky@build01> 3 days ago
4c8e66b : Automatic translation import <pinky@build01> 4 days ago
 
**** vanir:packages_apps_FMRadio ****
6cc3f18 : Automatic translation import <pinky@build01> 3 days ago
51c4e05 : Automatic translation import <pinky@build01> 4 days ago
 
**** vanir:packages_apps_Gallery2 ****
b6d3a52 : Automatic translation import <pinky@build01> 3 days ago
1a56a80 : Automatic translation import <pinky@build01> 4 days ago
 
**** cm:CyanogenMod/android_packages_apps_Gello ****
4b50363 : Automatic translation import <pinky@build01> 3 days ago
9329f34 : Automatic translation import <pinky@build01> 4 days ago
 
**** cm:CyanogenMod/android_packages_apps_HTMLViewer ****
7f53cdd : Automatic translation import <pinky@build01> 3 days ago
a7e20b7 : Automatic translation import <pinky@build01> 4 days ago
 
**** vanir:packages_apps_InCallUI ****
c443847 : Automatic translation import <pinky@build01> 3 days ago
989beca : Automatic translation import <pinky@build01> 4 days ago
 
**** vanir:packages_apps_KeyChain ****
6852242 : Automatic translation import <pinky@build01> 3 days ago
c953c76 : Automatic translation import <pinky@build01> 4 days ago
 
**** vanir:packages_apps_LockClock ****
cb8ef07 : Automatic translation import <pinky@build01> 3 days ago
7cef611 : Automatic translation import <pinky@build01> 4 days ago
 
**** vanir:packages_apps_ManagedProvisioning ****
09adf0a : Automatic translation import <pinky@build01> 3 days ago
f01d6b5 : Automatic translation import <pinky@build01> 4 days ago
 
**** vanir:packages_apps_Messaging ****
3279dd0 : Automatic translation import <pinky@build01> 3 days ago
a790c45 : Automatic translation import <pinky@build01> 4 days ago
 
**** vanir:packages_apps_Nfc ****
375f151 : Automatic translation import <pinky@build01> 3 days ago
2afaaca : Automatic translation import <pinky@build01> 4 days ago
 
**** vanir:packages_apps_PackageInstaller ****
e5abb1e : Automatic translation import <pinky@build01> 3 days ago
e46db06 : Automatic translation import <pinky@build01> 4 days ago
 
**** vanir:packages_apps_PhoneCommon ****
2f2b01c : Automatic translation import <pinky@build01> 3 days ago
a0e5c89 : Automatic translation import <pinky@build01> 4 days ago
 
**** cm:CyanogenMod/android_packages_apps_Profiles ****
8feee5f : Automatic translation import <pinky@build01> 3 days ago
48dbb61 : Automatic translation import <pinky@build01> 4 days ago
 
**** cm:CyanogenMod/android_packages_apps_Screencast ****
ae7bee3 : Automatic translation import <pinky@build01> 3 days ago
6ac3331 : Automatic translation import <pinky@build01> 4 days ago
 
**** vanir:packages_apps_Settings ****
2c8f0bd : Automatic translation import <pinky@build01> 3 days ago
4508d86 : Automatic translation import <pinky@build01> 4 days ago
 
**** cm:CyanogenMod/android_packages_apps_Snap ****
530f842 : Automatic translation import <pinky@build01> 3 days ago
2532dc8 : Automatic translation import <pinky@build01> 4 days ago
2cad43d : SnapdragonCamera: Adding PRIVILEGED true <Jack Yoo> 7 weeks ago
 
**** vanir:packages_apps_soundrecorder ****
1e32a30 : Automatic translation import <pinky@build01> 3 days ago
9ee4346 : Automatic translation import <pinky@build01> 4 days ago
 
**** vanir:packages_apps_Stk ****
9f2f446 : Automatic translation import <pinky@build01> 3 days ago
ddc35b3 : Automatic translation import <pinky@build01> 4 days ago
 
**** vanir:packages_apps_Tag ****
12547f3 : Automatic translation import <pinky@build01> 3 days ago
b60fc3f : Automatic translation import <pinky@build01> 4 days ago
 
**** cm:CyanogenMod/android_packages_apps_Terminal ****
8f1ce09 : Automatic translation import <pinky@build01> 3 days ago
0d73a9c : Automatic translation import <pinky@build01> 4 days ago
 
**** vanir:packages_apps_ThemeChooser ****
bcd90a3 : Theme chooser for the people <Clark Scheff> 3 days ago
de36713 : ThemeFragment: Changing theme component resets per app themes <Bharadwaj Narasimha> 5 weeks ago
87b809e : Don't handle theme change config changes <d34d> 8 weeks ago
2ab2c56 : Check for system alert window permission <d34d> 8 weeks ago
746ea9f : Keep line numbers when obfuscating <d34d> 4 months ago
24b1fdb : Don't show apply fab if applying from 3rd party app <d34d> 3 months ago
a74e3fb : Avoid IAE when adding an already added client <d34d> 4 months ago
75bae06 : Check if theme is applying in onResume <d34d> 4 months ago
2e21c73 : Avoid using equals() on a possibly null action <d34d> 4 months ago
da8c19f : Fix applying themes from third party apps (ThemeStore) <d34d> 4 months ago
4563e39 : Avoid potential NPE in getThemeChangeRequestForComponents <d34d> 5 months ago
29d8159 : ThemeChooser: rename package to ModThemeChooser <Scott Mertz> 5 months ago
5a44ab8 : Use correct actions in broadcast receiver <d34d> 5 months ago
e61c5f8 : Don't obfuscate cyanogenmod.themes.* classes <d34d> 5 months ago
b0d064e : Add ModLock option in lock screen picker <d34d> 5 months ago
a8da1f0 : Add pick lock screen wallpaper action <d34d> 5 months ago
f69eb01 : ThemeChooser: Update for Theme api changes. <Adnan Begovic> 5 months ago
c5f2a62 : ThemeChooser: update translations <Roman Birg> 5 months ago
0e77fa6 : Themes: Refactor themes to CMSDK [1/3] <d34d> 6 months ago
cdc0bbd : Show FAB when an external image or None is selected <Luis Vidal> 6 months ago
9ba2bc9 : Reuse space view when available <d34d> 6 months ago
696489d : Show the apply icon when a theme component is changed <Luis Vidal> 6 months ago
c1a5a2d : Fix Lock Screen card scroll animation <Luis Vidal> 7 months ago
6a2a6f5 : Allow FittedTextView to control whether text should be expanded <Luis Vidal> 7 months ago
46c47f6 : Use Lato font on Animated Lock Screen thumbnail text <Luis Vidal> 7 months ago
bb32275 : Clear out previous theme component when changing themes <d34d> 7 months ago
b4d4e5b : Return SYSTEM_DEFAULT for applied theme when config is null <d34d> 7 months ago
94ee92a : Enable Live Lock screen if Animated lock screen is applied <Luis Vidal> 7 months ago
665db50 : Stop using ThemeUtils.getDefaultThemePackageName <d34d> 7 months ago
8884b35 : Restore the selected components in the chooser <Luis Vidal> 7 months ago
4028c36 : Rebadge 'Live' in theme chooser to 'Animated' <Luis Vidal> 7 months ago
73b4624 : Add PICK_ANIMATED_LOCK_SCREEN action <Luis Vidal> 7 months ago
7e000ea : Don't show add icon when user selects None <Luis Vidal> 7 months ago
3ecb1a8 : Don't select a null component type <d34d> 7 months ago
f893331 : Fix to display Live Lock Screen preview <Luis Vidal> 8 months ago
e6bcddd : Disable live lock screen <Luis Vidal> 8 months ago
d530b3c : Register/Unregister observer on window visibility change <d34d> 8 months ago
094d1fb : Fix to highlight the title of currently applied LLS in the selector <Luis Vidal> 8 months ago
bf494df : Request READ_EXTERNAL_STORAGE permission <d34d> 8 months ago
ffd1eae : Show lock screen wallpapers & live lock screens in the same selector <Luis Vidal> 8 months ago
98a98fc : Use correct CmLockPatternUtils package <Steve Kondik> 9 months ago
eeba8cf : Live Lock screen selection <Luis Vidal> 9 months ago
a4cd1b3 : Request permissions to live lock screen <Luis Vidal> 9 months ago
80b8938 : Set live lock screen as keyguard when applied <d34d> 10 months ago
ad1f28c : Add live lock screen support for dogefood <d34d> 11 months ago
d23995b : Use CMSettings for DEV_FORCE_SHOW_NAVBAR <d34d> 10 months ago
91ed462 : Build for cm-13.0 <d34d> 10 months ago
4b847d1 : Revert "Add live lock screen support for dogefood" <d34d> 10 months ago
22b8c53 : Automatic translation import <Michael Bestas> 11 months ago
ffbf8bc : Automatic translation import <Michael Bestas> 11 months ago
 
**** vanir:packages_apps_Trebuchet ****
c10e2d2 : Automatic translation import <pinky@build01> 3 days ago
3d3f141 : Automatic translation import <pinky@build01> 4 days ago
 
**** vanir:packages_apps_TvSettings ****
0d4776f : Automatic translation import <pinky@build01> 3 days ago
cb3b668 : Automatic translation import <pinky@build01> 4 days ago
 
**** vanir:packages_apps_UnifiedEmail ****
11e56cb : Automatic translation import <pinky@build01> 3 days ago
6fbded8 : Automatic translation import <pinky@build01> 4 days ago
 
**** vanir:packages_apps_WallpaperPicker ****
1b1b2a8 : Automatic translation import <pinky@build01> 3 days ago
d6767cf : Automatic translation import <pinky@build01> 4 days ago
 
**** vanir:packages_inputmethods_LatinIME ****
abcf99b : Automatic translation import <pinky@build01> 3 days ago
ce214ac : Automatic translation import <pinky@build01> 4 days ago
ff8efcf : Revert "LatinIME: add shortcut functionality" Fix broken build from incomplete checkin for this change This reverts commit 877f8b481a6c6452a3894df14ec527c21d8e2d8c. <Janet Sun> 13 days ago
877f8b4 : LatinIME: add shortcut functionality <Dan Yu> 4 weeks ago
 
**** cm:CyanogenMod/android_packages_providers_BookmarkProvider ****
9be5364 : Automatic translation import <pinky@build01> 3 days ago
30eeaca : Automatic translation import <pinky@build01> 4 days ago
 
**** cm:CyanogenMod/android_packages_providers_CalendarProvider ****
f8d89e3 : Automatic translation import <pinky@build01> 3 days ago
bcba242 : Automatic translation import <pinky@build01> 4 days ago
 
**** cm:CyanogenMod/android_packages_providers_CallLogProvider ****
1a4649f : Automatic translation import <pinky@build01> 3 days ago
1c3bb9e : Automatic translation import <pinky@build01> 4 days ago
 
**** vanir:packages_providers_ContactsProvider ****
12cb7ea : Automatic translation import <pinky@build01> 3 days ago
8e38676 : Automatic translation import <pinky@build01> 4 days ago
 
**** cm:CyanogenMod/android_packages_providers_DataUsageProvider ****
031f131 : Automatic translation import <pinky@build01> 3 days ago
d36aaeb : Automatic translation import <pinky@build01> 4 days ago
 
**** vanir:packages_providers_DownloadProvider ****
a19e57a : Automatic translation import <pinky@build01> 3 days ago
b1b3fac : Automatic translation import <pinky@build01> 4 days ago
 
**** vanir:packages_providers_MediaProvider ****
26e94e7 : Automatic translation import <pinky@build01> 3 days ago
cc8ca5c : Automatic translation import <pinky@build01> 4 days ago
 
**** vanir:packages_providers_TelephonyProvider ****
99bc91f : Automatic translation import <pinky@build01> 3 days ago
d400921 : Automatic translation import <pinky@build01> 4 days ago
 
**** cm:CyanogenMod/android_packages_providers_ThemesProvider ****
c8ca3e6 : Automatic translation import <pinky@build01> 3 days ago
3ba3fba : Automatic translation import <pinky@build01> 4 days ago
 
**** vanir:packages_providers_UserDictionaryProvider ****
2d21c4f : Automatic translation import <pinky@build01> 3 days ago
11e5717 : Automatic translation import <pinky@build01> 4 days ago
 
**** cm:CyanogenMod/android_packages_providers_WeatherProvider ****
380e910 : Automatic translation import <pinky@build01> 3 days ago
50bbf4c : Automatic translation import <pinky@build01> 4 days ago
 
**** vanir:packages_screensavers_Basic ****
1462f1c : Automatic translation import <pinky@build01> 3 days ago
0265ab3 : Automatic translation import <pinky@build01> 4 days ago
 
**** vanir:packages_screensavers_PhotoTable ****
dd0908b : Automatic translation import <pinky@build01> 3 days ago
82f60a4 : Automatic translation import <pinky@build01> 4 days ago
 
**** cm:CyanogenMod/android_packages_services_CMAudioService ****
16b4c4d : Automatic translation import <pinky@build01> 3 days ago
b8132c4 : Automatic translation import <pinky@build01> 4 days ago
 
**** cm:CyanogenMod/android_packages_services_LiveLockScreenService ****
03e5e4d : Automatic translation import <pinky@build01> 3 days ago
76747d2 : Automatic translation import <pinky@build01> 4 days ago
 
**** vanir:packages_services_Telecomm ****
cf3c14c : Automatic translation import <pinky@build01> 3 days ago
8827bf7 : Automatic translation import <pinky@build01> 4 days ago
 
**** vanir:packages_services_Telephony ****
c70a50d : Automatic translation import <pinky@build01> 3 days ago
41754fe : Automatic translation import <pinky@build01> 4 days ago
 
**** cm:CyanogenMod/android_packages_services_ThemeManagerService ****
9279a70 : Automatic translation import <pinky@build01> 3 days ago
0eefc9e : Automatic translation import <pinky@build01> 4 days ago
 
**** cm:CyanogenMod/android_packages_services_WeatherService ****
70fb1ac : Automatic translation import <pinky@build01> 3 days ago
f4b2055 : Automatic translation import <pinky@build01> 4 days ago
 
**** vanir:packages_wallpapers_Basic ****
0f4308b : Automatic translation import <pinky@build01> 3 days ago
e71d031 : Automatic translation import <pinky@build01> 4 days ago
 
**** vanir:packages_wallpapers_LivePicker ****
c4e7ff7 : Automatic translation import <pinky@build01> 3 days ago
3db4206 : Automatic translation import <pinky@build01> 4 days ago
 
**** vanir:packages_wallpapers_MagicSmoke ****
383a015 : Automatic translation import <pinky@build01> 3 days ago
bc7002d : Automatic translation import <pinky@build01> 4 days ago
 
**** cm:CyanogenMod/android_packages_wallpapers_PhotoPhase ****
d9f98d6 : Automatic translation import <pinky@build01> 3 days ago
546a59f : Automatic translation import <pinky@build01> 4 days ago
 
**** vanir:system_core ****
c00328f : libutils: fix deadlock in elapsedRealtimeNano <Scott Mertz> 2 days ago
 
**** cm:CyanogenMod/cm_platform_sdk ****
70da0ef : Automatic translation import <pinky@build01> 3 days ago
86879d1 : Automatic translation import <pinky@build01> 4 days ago
 
**** vanir:vendor_htc ****
7b9cf4e : hiae: Use original keymaster firmware path <Ethan Chen> 4 days ago
 
**** vanir:vendor_huawei ****
88b640a : angler: flag app that is in playstore as presigned <razorloves> 33 hours ago
 
**** vanir:vendor_lge ****
faeb3bf : bullhead: flag apps that are in playstore as presigned <razorloves> 34 hours ago
b8d05fe : bullhead: flag dmservice apk as 32bit module <razorloves> 2 days ago
 
**** github:TheMuppets/proprietary_vendor_oppo ****
4187a06 : r7: Update proprietary files <Michael Bestas> 10 days ago
08da64c : r5: Update proprietary files <Michael Bestas> 10 days ago
82a7759 : r7plus: Update proprietary files <Michael Bestas> 10 days ago
 
