
**** cm:CyanogenMod/android_device_htc_hiae-common ****
d1b466c : hiae: Rework rmnet receive queue handling <Ethan Chen> 3 days ago
 
**** cm:CyanogenMod/android_device_htc_hima-common ****
b467a5e : hima: Rework rmnet receive queue handling <Ethan Chen> 3 days ago
 
**** vanir:device_motorola_falcon ****
e7c297e : falcon: build CMActions <fonz93> 11 days ago
 
**** vanir:device_motorola_msm8226-common ****
7e6bea9 : msm8226-common: CMActions: Hold a wakelock when the screen is on <Gabriele M> 5 weeks ago
963e53e : msm8226-common: Introduce CMActions <fonz93> 5 weeks ago
 
**** github:Grarak/android_device_oneplus_oneplus2 ****
76669bd : media: Include ffmpeg <Willi Ye> 29 hours ago
20ace3e : Build missing wifi hal <Willi Ye> 3 days ago
9fe51f6 : wifi: Config from OOS 3.0 Beta <Willi Ye> 3 days ago
194ece9 : Add TZ assertion <Willi Ye> 3 days ago
9830a49 : audio: Add i2s files <Willi Ye> 3 days ago
fbfa12e : Fix more denials <Willi Ye> 10 days ago
f6b6614 : oneplus2: Remove debugfs mounting <Steve Kondik> 3 weeks ago
cc0a187 : oneplus2: Completely remove QC location stack <Keith Mok> 4 weeks ago
24db7f4 : Revert "Announce our RAT capabilities." <Willi Ye> 12 days ago
0fe4240 : media: Remove flac decoder <Willi Ye> 12 days ago
ace80b8 : oneplus2: remove qcmediaplayer <Dan Pasanen> 2 weeks ago
60c35d5 : oneplus2: use best optimized routines for a53/a57 <codeworkx> 12 days ago
8e30d93 : Remove widevine blobs <Willi Ye> 12 days ago
f53a739 : Add keylayout for double tap <Willi Ye> 2 weeks ago
 
**** vanir:frameworks_base ****
4feb6b2 : fw: Respect new cmsdk sdk class directory. <Adnan Begovic> 29 hours ago
a3bc085 : Framework changes for resetting data usage statistics <Kamaljeet Maini> 6 weeks ago
39aa78b : NetworkManagement: Add ability to restrict app WiFi background data access <Kamaljeet Maini> 11 days ago
7f49f3b : SystemUI: ensure volume record exists before showing notification <Scott Mertz> 5 days ago
b446cbb : MountService: ensure VolumeRecord with UUID exists before modifying <Scott Mertz> 5 days ago
9a8df5b : Implement left swipe on lockscreen <Danesh M> 5 days ago
 
**** cm:CyanogenMod/android_hardware_qcom_audio ****
886c244 : hal: remove explicit direct pcm usecase <vivek mehta> 7 months ago
f6cd4f7 : hal: stop sound trigger buffering during close <Mingming Yin> 2 months ago
4fb2812 : hal: don't allow track offload if there's active sw effect <Weiyin Jiang> 6 weeks ago
bfe1cc3 : hal: Fix 44.1Khz playback when native support is not enabled <Amit Shekhar> 2 months ago
dc520bc : libaudiopolicymanager: DirectPCM: fix 44.1 clip playing noisy issue <vivek mehta> 4 months ago
b73a764 : audio: Extend platform parser to allow device name aliasing <Ethan Chen> 1 year, 7 months ago
64387ed : hal: Fix voice call recording <solk2> 1 year, 7 months ago
91c7d6b : hal: Fix digital USB headset combo device <Steve Kondik> 1 year, 7 months ago
be6fdfc : hal: Clean up compilation warnings <Steve Kondik> 1 year, 4 months ago
13ba1b4 : hal: Add support for audio amplifier HAL <Ethan Chen> 2 years, 10 months ago
381b7a0 : audio: Configure CM default feature set <Steve Kondik> 1 year, 4 months ago
b25084a : hal: Allow building hardware audio encoders <Arne Coucheron> 1 year, 2 months ago
f48de3d : audio: Use project pathmap <Ethan Chen> 3 months ago
1362fc7 : audio: Only allow non-legacy HAL <Ethan Chen> 3 months ago
b5b6d33 : hal: Update format table with AAC ADTS formats. <Ashish Jain> 5 months ago
102616d : HAL: Identify the track offload session <Sharad Sangle> 4 months ago
d7eaf2b : HAL: Identify Track offload session <Alexy Joseph> 5 months ago
8c21ad7 : Merge DAX2 changes <Gao Jie> 5 months ago
12467a1 : hal: Use AUDIO_TX_MONO_COPP topology for incall record usecases <Karthik Reddy Katta> 5 months ago
 
**** cm:CyanogenMod/android_hardware_qcom_display ****
7b9a3a1 : hwc/overlay: Validate cursor position in hwc_setPositionAsync <Baldev Sahu> 5 weeks ago
4c401f0 : hwc: Fix sanitize ROI func <Ramakant Singh> 8 weeks ago
6dab9c9 : hwc: Apply Default Mode on real framework start <Sravan Kumar D.V.N> 8 weeks ago
732b9ac : qdutils: Correct the hwc-driver mismatch <Ramakant Singh> 9 weeks ago
f1e2905 : hwc: remove local constant DISPLAY_ATTRIBUTES list <Ramakant Singh> 9 weeks ago
a74edfb : hwc: Remove references to display-frameworks <Ethan Chen> 3 months ago
c7cce05 : hwc: Fix compile errors after display-frameworks removal <Arne Coucheron> 3 months ago
b375570 : hwc: Support for QDCM Preference when PU enabled <Nitesh Gupta> 3 months ago
cc1ec84 : hwc: Set ioprio for vsync thread <Steve Kondik> 7 months ago
7516867 : Don't build lights module if vendor supplies it <Steve Kondik> 1 year, 5 months ago
730d245 : Revert "hqd: Use MSM_VIDC_TARGET_LIST for Venus color format" <Ethan Chen> 3 months ago
bc1215a : display: Use project pathmap <Ethan Chen> 1 year, 5 months ago
c324d73 : hwc: Set DefaultMode after bootup completion <Ramakant Singh> 4 months ago
8a6e7c9 : gralloc: Add a private flag for INTERNAL only <Arun Kumar K.R> 7 months ago
394c830 : hwc: Donot update dynamic-fps when device is not active <Ramakant Singh> 6 months ago
8f21571 : hwc: Do not wait for MDSS fence for layers with rotation <Dileep Kumar Reddi> 6 months ago
d2c5ca0 : hwc: Start with ROI set to destination <Arun Kumar K.R> 6 months ago
9ef4d8c : hwc: Set minfps as part of timeout_handler during idlefallback <Ramakant Singh> 6 months ago
0d616ba : Revert "hwc: Relax format change restrictions for certain targets" <Dileep Kumar Reddi> 6 months ago
213ead5 : Default flexible YUV format to NV21 <Tanmaya Godbole> 7 months ago
ed75fdb : hwc: Reset refresh-rate for few cases as part of timeout handler <Dileep Kumar Reddi> 6 months ago
56ed396 : gralloc: Add support for PRIV_FLAGS_DISP_CONSUMER <Surajit Podder> 9 months ago
a2d5295 : hwc: Support ActionSafe on targets with non-scaling RGB pipes. <Sandeep Panda> 7 months ago
248378d : gralloc: Use adreno_utils api for NV21 and NV12 alignment <Sushil Chauhan> 7 months ago
037d21d : hwc: Use basePipe for fullscreen and opaque layer <Pullakavi Srinivas> 7 months ago
77ec4ef : gralloc: Modify check for uncompressed RGB buffers <Naomi Luis> 7 months ago
449fbe0 : hwc: Use aligned width and height <Dileep Kumar Reddi> 7 months ago
02dbc50 : Revert "HWC: use aligned width and height for rearranging ROI" <Dileep Kumar Reddi> 7 months ago
cd7217a : hwc: Support ActionSafe on targets with non-scaling RGB pipes. <Sandeep Panda> 7 months ago
eed742d : overlay: add tertiary display definition in overlay <Vinu Deokaran> 7 months ago
a029479 : hwc: Validate display ID in hwc interface <Arun Kumar K.R> 7 months ago
09441c1 : gralloc: Add missing changes related to RAW16 <Raj Kamal> 8 months ago
7ea10c5 : hwc: Use basePipe for fullscreen and opaque layer <Pullakavi Srinivas> 7 months ago
c039f6e : hwc: Use aligned width and height <Dileep Kumar Reddi> 7 months ago
60cbe72 : Revert "HWC: use aligned width and height for rearranging ROI" <Dileep Kumar Reddi> 7 months ago
2e918bf : hwc: Avoid idlefallback during video playback <Raj Kamal> 7 months ago
fbe5a60 : HWC: use aligned width and height for rearranging ROI <Dileep Kumar Reddi> 7 months ago
597b313 : hwc: Featurize HWC_DISPLAY_SECURE <Raj Kamal> 7 months ago
eb4d7a6 : hwc: Use HWC_DISPLAY_NO_ATTRIBUTE as terminator. <Prabhanjan Kandula> 7 months ago
410ba7c : hwc : Normalize source crop before validating scaling limits. <Prabhanjan Kandula> 8 months ago
95fef31 : hwc: Relax format change restrictions for certain targets <Dileep Kumar Reddi> 8 months ago
42a1c98 : hwc: Changes for display-hal compilation with QTI_BSP enabled <Ramakant Singh> 8 months ago
c772eec : hwc: Do not use Borderfill pipe for composition in WFD <Dileep Kumar Reddi> 8 months ago
e5268fd : hwc/overlay: Pass handle w/h and crop w/h through fb_image field <Arun Kumar K.R> 8 months ago
5d39f02 : hwc: Log warning instead of mHDMIClient object not available <Dileep Kumar Reddi> 8 months ago
55b3489 : hwc: Ignore float-conversion for included headers <Naseer Ahmed> 8 months ago
82fe9c6 : hwc: Do not consider rotation for smart blit <Ramakant Singh> 8 months ago
dd689ff : hwc: Do not create idle invalidator for MDP3 targets <Dileep Kumar Reddi> 8 months ago
c58836b : hwc: Align ROI's width and height in both directions <Dileep Kumar Reddi> 8 months ago
19f2250 : hwc: Fix SF crash due to SIGSEGV error <Raj Kamal> 8 months ago
 
**** cm:CyanogenMod/android_hardware_qcom_display ****
17f2d38 : Don't build lights module if vendor supplies it <Steve Kondik> 1 year, 5 months ago
420cc3a : msm8996: remove unused qcom features <Scott Mertz> 3 months ago
5bdcfa4 : Additional pathmap & build fixes <Scott Mertz> 4 months ago
e80bb52 : display: Use project pathmap <Ethan Chen> 1 year, 5 months ago
e04e869 : Remove usage of MASTER_SIDE_CP_TARGET_LIST <Scott Mertz> 4 months ago
3fd7d00 : Revert "hqd: Use MSM_VIDC_TARGET_LIST for Venus color format" <Scott Mertz> 4 months ago
99aa8ca : sdm: Fix uninitialized HWLayers object <Saurabh Shah> 4 months ago
572b2bf : sdm: Do not copy surfaceDamage rects for SKIP layers <Sushil Chauhan> 4 months ago
074314d : gralloc: Add support for PRIV_FLAGS_DISP_CONSUMER <Surajit Podder> 9 months ago
8f8f6c7 : sdm : Add support for dynamic BW limit management <Prabhanjan Kandula> 6 months ago
83a945b : libqdutils: Refer to standard definitions for display types. <Dileep Marchya> 5 months ago
f29ff14 : sdm: Fix buffer overflow <Manoj Kumar AVM> 5 months ago
99ef378 : sdm: HWDevice: Set correct HWDisplayMode <Arun Kumar K.R> 5 months ago
ddca4e7 : sdm: Remove unused function in rect utility <Manoj Kumar AVM> 5 months ago
8d22bad : sdm: Fix memory leaks. <Dileep Marchya> 5 months ago
1c3f9a3 : hwc: Handle SBM operation set for all layers <Saurabh Shah> 5 months ago
b8067a4 : qdMetadata: Use uint32_t instead of bool <Saurabh Shah> 5 months ago
a0db84b : sdm: hdmi: Set the default grayscale value to RGB888 <Tatenda Chipeperekwa> 6 months ago
e94e78c : sdm: Add bandwidth and clock members <Sushil Chauhan> 8 months ago
959863b : sdm: Update HWPanelInfo during primary resolution switch <Sushil Chauhan> 5 months ago
b8ecfbf : display: Enable clang for all display modules <Naseer Ahmed> 5 months ago
63e8c95 : sdm: Source crop top needs adjustment for interlaced <Sushil Chauhan> 5 months ago
f1c8357 : sdm: Remove closing of fd during Sync operations <Manoj Kumar AVM> 5 months ago
44e2be1 : sdm: Do not process blit configuration for zero app layers. <Dileep Marchya> 5 months ago
61ef29b : sdm: Add support for single buffer layers <Saurabh Shah> 6 months ago
a816961 : sdm: Use FB resolution for virtual display <radhakrishna> 5 months ago
a0394ad : qdMetaData: Remove unused metadata fields. <Arun Kumar K.R> 5 months ago
50ff0bb : sdm: Panel name retrieval support <Dileep Marchya> 5 months ago
95f8368 : gralloc/metadata: Add support for single buffer mode <Saurabh Shah> 6 months ago
d7131e6 : sdm: Add support for UBWC in C2D <radhakrishna> 6 months ago
67c1f90 : sdm: Allow draw cycle in doze state. <Dileep Marchya> 5 months ago
5fb6d40 : sdm: Perform GPU target layer validation. <Manoj Kumar AVM> 6 months ago
226646c : sdm: Populate correct WB index for virtual <radhakrishna> 6 months ago
3edaf83 : sdm: Read rotator capabilities from driver <radhakrishna> 6 months ago
492ab99 : sdm: Fix ROI and Split info in SF dumpsys <Sushil Chauhan> 6 months ago
a9fb396 : sdm: Remove buffer format validation from hwc wrapper. <Ramkumar Radhakrishnan> 6 months ago
76750f2 : sdm: Add support for YCbCr420 Semiplanar format <Ramkumar Radhakrishnan> 6 months ago
bddb952 : gralloc: Use only metadata for color space <Saurabh Shah> 6 months ago
4a31ec4 : sdm: Make premultiplied as default blending <Saurabh Shah> 6 months ago
e1f01dd : sdm: Flush after first successful commit only. <Dileep Marchya> 6 months ago
1a7e1f1 : sdm: Add support for IGC. <Dileep Marchya> 6 months ago
9b99074 : sdm: Fix memory leaks. <Dileep Marchya> 6 months ago
ec8fe35 : sdm: Fix HDMI & virtual display concurrency. <Dileep Marchya> 6 months ago
d433464 : sdm: Add interface to consider rotator during scaling validation. <Ramkumar Radhakrishnan> 6 months ago
a5b764f : sdm: Add support for minimum encryption level settings for HDCP. <Dileep Marchya> 6 months ago
55fe304 : sdm: Add SPD information for HDMI <Arun Kumar K.R> 6 months ago
06078aa : sdm: Acquire lock during hwcomposer module open and close <Ramkumar Radhakrishnan> 6 months ago
d169be9 : sdm: properly close all the fence Fds <Ping Li> 6 months ago
040a3d0 : sdm: hwc: SetRefreshRate before validate IOCTL <Arun Kumar K.R> 6 months ago
6e43f57 : sdm: Handle/set dynamic fps appropriately <Arun Kumar K.R> 6 months ago
 
**** cm:CyanogenMod/android_hardware_qcom_media ****
ff3940f : mm-video-v4l2: Return correct level support for 8956 <Surajit Podder> 6 weeks ago
1fd6df0 : mm-video-v4l2: vidc: vdec: handle ftbs during reconfig and port disable <Abdulla Anam> 8 weeks ago
e9bacff : mm-video-v4l2: venc: check for null pointer <Maheshwar Ajja> 9 weeks ago
a699a13 : mm-video-v4l2: vdec: set 24 fps framerate for 4k clips <Deepak Kushwah> 3 months ago
bc9e191 : mm-video-v4l2: vidc: Fix race condition with msg thread fd close <Shalaj Jain> 5 months ago
a860362 : mm-video-v4l2: vidc: update thread names <Ashray Kulkarni> 9 months ago
8e66146 : mm-video-v4l2: Add support for prefer adaptive playback extension <Shalaj Jain> 9 months ago
41a5cfd : mm-video: Adjust stride value for planar format <Surajit Podder> 11 months ago
c40cf77 : mm-video: vidc: Reliably stop the message thread <Deepak Kushwah> 3 months ago
62f611d : Fix duplicated OMX.qcom.audio.decoder.aac entry <Keith Mok> 4 months ago
69d6d4b : media: Avoid collision with FFMPEG plugin <Steve Kondik> 3 months ago
610c356 : media: Use project pathmap <Ethan Chen> 3 months ago
dc1b1d4 : mm-video-v4l2: Unmap dropped output buffers <Surajit Podder> 4 months ago
78521c5 : Include kernel header dependency for libOmxVidcCommon <Divya Sharma> 5 months ago
f9c92f0 : mm-video-v4l2: vidc: venc: Fix hybrid HP layer count <Abdulla Anam> 5 months ago
a5dce41 : mm-video-v4l2: Enable get_param to check downscalar enablement <Surajit Podder> 5 months ago
e7743ae : mm-video-v4l2: venc: Add support to enhance hybrid Hier-p mode <Abdulla Anam> 5 months ago
75bc6a6 : mm-video-v4l2: vdec:  release buffer when qbuf to driver fails <Manikanta Kanamarlapudi> 6 months ago
cfeaf87 : mm-video-v4l2: Use client buffer header for FTB <Surajit Podder> 6 months ago
b6c736d : mm-video-v4l2: Disable intra refresh mode on msm8956/76 <Maheshwar Ajja> 6 months ago
a54c5d4 : mm-video-v4l2: vdec: fix fps issues in arbitrary mode <Ashray Kulkarni> 7 months ago
826ba8c : QCMetadata: add a new key for big buffers <Sidipotu Ashok> 6 months ago
ef3143a : QCMetadata: Add key for setBuffers API support <Manikanta Kanamarlapudi> 10 months ago
f178e8b : mm-video-v4l2: venc: support all I frame encoding usecase. <Abdulla Anam> 6 months ago
bcf4fa3 : libstagefrighthw: Add header guard to QComOMXMetadata.h and fix file perms <Deva Ramasubramanian> 7 months ago
e2d287f : mm-video-v4l2: vdec: streamoff while freeing first output buffer <Balamurugan Alagarsamy> 1 year, 4 months ago
f0fc3d0 : mm-video: Disable downscalar for non-display usecase <Surajit Podder> 9 months ago
0997c8a : mm-video: Enable HEVC software encoder OMX component. <Manikanta Sivapala> 6 months ago
8bb96de : mm-video_v4l2: pass crop nWidth and nHeight in reconfig event. <Abdulla Anam> 7 months ago
afb1469 : mm-video-v4l2: Fix downscalar issue <Surajit Podder> 7 months ago
269f6cd : mm-video-v4l2: Fix crash due to divide by zero <Surajit Podder> 6 months ago
c14558c : mm-video-v4l2: venc: initialize the member variables <Maheshwar Ajja> 7 months ago
99c2455 : mm-video-v4l2: vdec: Fix closing of file descriptor "0" <Deepak Kushwah> 7 months ago
b4d0e38 : mm-video-v4l2: venc: limit pixels value in input buffers. <Abdulla Anam> 7 months ago
1202ebd : mm-video_v4l2: pass crop nWidth and nHeight in reconfig event. <Abdulla Anam> 7 months ago
1fc82f0 : mm-video: Disable downscalar for non-display usecase <Surajit Podder> 9 months ago
6ecc67f : mm-core: update vpp related structures and enums. <Abdulla Anam> 7 months ago
56c0a51 : mm-video-v4l2: vidc: venc: fix CTS issues in vp8 encoder <Maheshwar Ajja> 7 months ago
1fe6770 : mm-core: update vpp related structures and enums. <Abdulla Anam> 7 months ago
a9c2410 : mm-video: Set correct color format to driver <Surajit Podder> 8 months ago
f2fa16b : mm-video-v4l2: vidc: venc: enable low latency mode <Maheshwar Ajja> 8 months ago
79da148 : mm-video-v4l2: null check before pointer dereference <Abdulla Anam> 7 months ago
a66ec1f : audio: Fix stale session opening of DSP audio decoder <Naresh Tanniru> 8 months ago
1171b44 : audio: Fix stale session opening of DSP audio decoder <Naresh Tanniru> 8 months ago
03f6533 : mm-video-v4l2: change variables used for reconfig height & width <Abdulla Anam> 8 months ago
6dc2004 : mm-video-v4l2: venc: Disable Bframes incase of UHD recording <Deepak Kushwah> 8 months ago
f493b73 : audio: Add support for new key kKeyByteMode <Manish Dewangan> 8 months ago
382b5b7 : mm-video-v4l2: video: add new extensions <Ashray Kulkarni> 11 months ago
b266f81 : mm-video-v4l2: venc: Add support for low latency mode <Maheshwar Ajja> 8 months ago
14c22a7 : mm-core: Add Skype extensions <Ashray Kulkarni> 11 months ago
 
**** cm:CyanogenMod/android_hardware_qcom_media ****
347b90c : libc2dcolorconvert: refer c2d header from display <Praveen Chavan> 1 year, 11 months ago
6316605 : vidc: Fix makefiles <Steve Kondik> 12 months ago
d84d430 : media: Avoid collision with FFMPEG plugin <Steve Kondik> 1 year, 11 months ago
8ba01d1 : media: Use project pathmap <Ethan Chen> 1 year, 1 month ago
be989ef : audio: Add entry for ALAC/APE software component <Preetam Singh Ranawat> 4 months ago
ab3e6cf : Include kernel header dependency for libOmxVidcCommon <Divya Sharma> 5 months ago
f5b8f20 : Include kernel header dependency for libOmxVidcCommon <Divya Sharma> 5 months ago
2266025 : mm-video-v4l2: vidc: Ensure async_message_thread always exits <Arun Menon> 4 months ago
b0d352b : media : Add Max CSD values for ALAC and APE <Preetam Singh Ranawat> 5 months ago
a04219f : mm-video-v4l2: vdec: skip enabling extn_user extradata for secure session <Srinu Gorle> 4 months ago
622d480 : mm-video-v4l2: vidc: Enhance VQZIP checks <Praneeth Paladugu> 7 months ago
2b5bd8a : mm-video-v4l2: vidc: venc: Fix input extradata issues <Praneeth Paladugu> 5 months ago
ce13944 : mm-video-v4l2: vidc: vdec: Add UBWC color format support <Srinu Gorle> 5 months ago
a725170 : mm-video: venc: Initialize m_graphicBufferSize <Deva Ramasubramanian> 5 months ago
8be933c : mm-video-v4l2: vidc: vdec: Add support for downscalar in component <Srinu Gorle> 11 months ago
c29ae31 : mm-video-v4l2: vidc: Fix race condition with msg thread fd close <Shalaj Jain> 5 months ago
6a50516 : mm-video-v4l2: vdec: Fix CTS issue with color coversion <Vinay Kalia> 5 months ago
ab08584 : mm-core: Add extensions for FRC <Vinay Kalia> 5 months ago
b12f245 : mm-video-v4l2: Handle async_message_thread error <Arun Menon> 5 months ago
9952fd8 : mm-core: Add secure component registry entry <Vikash Garodia> 5 months ago
8d855cc : mm-video: common: update OmxVidcCommon dependency list <Srinu Gorle> 5 months ago
3c3fe6c : mm-video-v4l2: vdec: Change preferred color format default order <Arun Menon> 5 months ago
c73daac : mm-video-v4l2: Add registry entry for openmax components. <Vikash Garodia> 5 months ago
bcb448c : mm-video: swvdec: Add SwVdec registry entries for 8937. <Manikanta Sivapala> 5 months ago
e592d0a : mm-video: swvdec: Add SwVdec OMX component. <Manikanta Sivapala> 5 months ago
41cf898 : mm-core: Update the correct instance index for storing VPP handle <Praneeth Paladugu> 5 months ago
c8827e2 : mm-video-v4l2: vidc: Allocate secure bitstream buffers from CMA <Shalaj Jain> 5 months ago
cf6d469 : mm-video: vidc: Fully drainbuffers from the driver if batch not complete <Deva Ramasubramanian> 5 months ago
093280d : mm-core: Unload the component library after the session is done <Praneeth Paladugu> 5 months ago
45267c8 : Remove msm8937 due to missing HY11 rule <Naveen Kumar> 5 months ago
fb36868 : mm-video: venc: Revert Venus native support for RGBA8888 <Deva Ramasubramanian> 5 months ago
1c7b346 : mm-video: swvenc: Add pure virtual functions. <Manikanta Sivapala> 5 months ago
0ec71b0 : mm-video: Add extensions to enable and configure ROI QP info <Vinay Kalia> 6 months ago
db88209 : audio: remove duplicate instances of aac decoder <Mingming Yin> 5 months ago
b04a903 : mm-video-v4l2: vdec: Fix a bug with C2D and DROPPED_FRAME <Vinay Kalia> 5 months ago
183f501 : mm-video-v4l2: vidc: Add null checks in async_message_process <Arun Menon> 6 months ago
fbdcaba : mm-video-v4l2: Add support for VP9 secure decoder <Shalaj Jain> 8 months ago
a935f80 : mm-video: swvenc: Add SwVenc registry entries for 8937. <Manikanta Sivapala> 5 months ago
f3f1e00 : QCMetadata: add a new key for big buffers <Sidipotu Ashok> 6 months ago
be1c0e3 : mm-video: vidc: Adjust performance level only after STREAMON <Deva Ramasubramanian> 5 months ago
6f6f5fb : mm-video-v4l2: vidc: venc: Fix hybrid HP layer count <Ashray Kulkarni> 5 months ago
144b092 : mm-video: venc: Get rid of PREPARE_BUF on input port <Vinay Kalia> 6 months ago
431e6b1 : mm-video-v4l2: vdec: fix fps issues in arbitrary mode <Ashray Kulkarni> 7 months ago
edd1b09 : mm-video-v4l2: vidc: vdec: Put decoder sessions in TURBO <Praneeth Paladugu> 8 months ago
07a4eca : libc2dcolorconvert: Fix height alignment issue with RGBA formats <Rajesh Sastrula> 6 months ago
c826460 : mm-video-v4l2: venc: Add support to enhance hybrid Hier-p mode <Ashray Kulkarni> 9 months ago
c08fc90 : mm-core: Add registry entry for titanium <Srinu Gorle> 6 months ago
94af4ea : mm-video: Add opaque color format support to MPEG-4 SwVenc. <Manikanta Sivapala> 6 months ago
f4e1426 : mm-video-v4l2: Do not send error to client once in loaded state <Shalaj Jain> 6 months ago
bf75c1c : mm-video-v4l2: vdec: Add range check before native_buffer usage <Arun Menon> 6 months ago
 
**** cmold:android_kernel_google_msm ****
e4bf393 : pipe: Fix buffer offset after partially failed read <Ben Hutchings> 7 weeks ago
59436de : gpu: ion: return error code when iommu map fails <Vinu Deokaran> 9 weeks ago
a881a45 : hwmon: epm_adc: Fix potential dereference <Siddartha Mohanadoss> 5 weeks ago
b28a165 : char: Fix NULL pointer dereferences <Binoy Jayan> 6 weeks ago
32edbee : msm: iommu: Fix NULL pointer dereference <Binoy Jayan> 6 weeks ago
69621fa : net: tcp: fix rtable leak in tcp_is_local[6] <liping.zhang> 6 weeks ago
 
**** cmold:android_kernel_lge_msm8992 ****
408e462 : pipe: Fix buffer offset after partially failed read <Ben Hutchings> 7 weeks ago
 
**** cmold:android_kernel_sony_apq8064 ****
df3fca3 : pipe: Fix buffer offset after partially failed read <Ben Hutchings> 7 weeks ago
 
**** cmold:android_kernel_sony_msm ****
b699536 : driver: qpnp-vibrator: implement sysfs interface for intensity <Giulio Cervera> 2 years, 6 months ago
8017f0e : 8974: Disable CPU_BOOST <Sam Mortimer> 8 days ago
547f95a : 8974: Sync CM defconfigs with AOSP <Chirayu Desai> 14 hours ago
560e796 : arm: config: Remove CONFIG_NF_CONNTRACK_SIP <Humberto Borba> 2 days ago
98b596c : qcom: rpm-smd: Remove rpm workqueue initialization <Achyuth Sai Vadrav> 4 months ago
838aa0b : defconfig: sync yukon configs with project <Alin Jerpelea> 3 days ago
9ebd782 : dts: fix shinano msm-id <Alin Jerpelea> 3 days ago
48b71c2 : yukon: group dts and fix names <Alin Jerpelea> 3 days ago
354d071 : rhine: group dts and fix names <Alin Jerpelea> 3 days ago
218e3e3 : Revert "defconfig: disable USB_XHCI_HCD" <olokos> 4 days ago
a9e3bd3 : dts: update qcom,msm-id <Alin Jerpelea> 4 days ago
cf0f6f9 : defconfig: enable  BUILD_ARM(64)_APPENDED_DTB_IMAGE <Alin Jerpelea> 4 days ago
aa46803 : rhine: dtb cleanup <Alin Jerpelea> 5 days ago
403c7d1 : arm64: fix dtb folder <Alin Jerpelea> 5 days ago
1be7495 : Revert "defconfig: disable USB_GADGET_DEBUG_FILES" <Alin Jerpelea> 5 days ago
e2e9497 : defconfig: disable ALLOC_BUFFERS_IN_4K_CHUNKS <Alin Jerpelea> 6 days ago
ec71e11 : defconfig: unify dual sim kernels <Alin Jerpelea> 6 days ago
82e963e : drivers: mdss: Use correct flag <Humberto Borba> 8 days ago
529ec81 : drivers: msm_serial_hs: Update driver from 32.1.F.0.x <Humberto Borba> 8 days ago
a0d67b4 : defconfig: remove CONFIG_EXT2_FS & CONFIG_EXT3_FS <Alin Jerpelea> 10 days ago
eab76d8 : defconfig: disable USB_BAM <Alin Jerpelea> 10 days ago
b0e10c8 : defonfig: fix bcmdhd chip version <Alin Jerpelea> 10 days ago
a883822 : defconfig: disable CONFIG_MSM_OCMEM_NONSECURE <Alin Jerpelea> 10 days ago
96fc274 : defconfig: disable MSM_MEMORY_DUMP & MSM_MEMORY_DUMP_V2 <Alin Jerpelea> 10 days ago
8bcc30f : defconfig: disable MSM_DDR_HEALTH <Alin Jerpelea> 10 days ago
f25e72d : defconfig: disable MSM_COMMON_LOG <Alin Jerpelea> 10 days ago
9ca70cb : defconfig: disable MSM_OCMEM_DEBUG <Alin Jerpelea> 10 days ago
6386a61 : defconfig: disable QCOM_NPA_DUMP <Alin Jerpelea> 10 days ago
9a405c4 : defconfig: disable MSM_TZ_LOG <Alin Jerpelea> 10 days ago
5be995f : defconfig: disable ECRYPT_FS <Alin Jerpelea> 10 days ago
e372a7a : defconfig: disable MSM_IOMMU_VBIF_CHECK <Alin Jerpelea> 10 days ago
420b12c : defconfig: disable MSM_IOMMU_TLBINVAL_ON_MAP <Alin Jerpelea> 10 days ago
403c6aa : defconfig: disable IOMMU_FORCE_4K_MAPPINGS <Alin Jerpelea> 10 days ago
8b8f154 : qseecom: Use correct flag for 64bits targets <Humberto Borba> 10 days ago
cd6a363 : drivers: misc: pn54x: Fix frame size for 32bits <Humberto Borba> 10 days ago
3097af6 : input: TS: cyttsp4: Silence useless debugging output <Angelo G. Del Regno> 10 days ago
068938b : Revert "defconfig: enable KERNEL_LZO" <Alin Jerpelea> 11 days ago
53ffd38 : arm64: Kitakami: Karin: Remove karin_windy. Use karin for both. <Angelo G. Del Regno> 11 days ago
fe0d3c9 : msm: mdss: allocate new cursor buf based on FB_CUR_SETIMAGE <Veera Sundaram Sankaran> 6 weeks ago
1523646 : msm: kgsl: Cast perfcounter query count to an unsigned int <Sunil Khatri> 10 months ago
90af03c : Revert "arm64: Introduce execute-only page access permissions" <Catalin Marinas> 6 weeks ago
f08561e : msm: ipa: Move q6 pipe reset to AFTER_SHUTDOWN <Ravinder Konka> 9 months ago
9f855d4 : ASoC: msm: qdsp6v2: Fix typecast error in memory unmap <Satish Babu Patakokila> 10 months ago
2f84b53 : msm: ipa: fix the mux_channel buffer overflow <Skylar Chang> 3 months ago
a3377bc4 : msm: ipa: Decrement ipa clock count <Skylar Chang> 9 weeks ago
5b28c5e : msm: ipa: request Modem to load uC after SSR if required <Sivan Reinstein> 6 months ago
d377d94 : msm: vidc: Define supported S3D extradata types <Ashray Kulkarni> 1 year, 2 months ago
8370aec : cpufreq: Correct the data reported in all_time_in_state <Srinivasarao P> 9 weeks ago
4e7690e : Revert "Revert "msm: camera: eeprom read to camera init"" <Rajesh Bondugula> 2 months ago
f4bb0f9 : ARM: dts: msm: Update EEPROM cell idx for 8992 and 8994 <Rajesh Bondugula> 10 weeks ago
 
**** vanir:packages_apps_Settings ****
bae2233 : Settings app Data Usage UI enhancements <Kamaljeet Maini> 4 days ago
 
**** vanir:packages_apps_soundrecorder ****
e8816a2 : SoundRecorder: record in background <jrizzoli> 5 weeks ago
 
**** cm:CyanogenMod/android_prebuilts_cmsdk ****
c8a3160 : Merge "API Text Updates for Settings DataUsageProvider" <Adnan Begovic> 30 hours ago
 
**** vanir:system_vold ****
1f36abf : vold: skip first disk change when converting MBR to GPT <Scott Mertz> 2 days ago
 
**** cm:CyanogenMod/cm_platform_sdk ****
6b879f3 : cmsdk: Introduce Fig, api level 6. <Adnan Begovic> 26 hours ago
877a023 : cmsdk: Add release notes for api level 5. <Adnan Begovic> 27 hours ago
ea7d712 : cmsdk: Add test coverage for parceling LiveLockScreenInfo <d34d> 3 days ago
3757686 : cmsdk: Add test coverage for LiveLockScreenInfo.Builder <d34d> 3 days ago
5f6c9f4 : cmsdk: Move sdk classes under new sdk directory. <Adnan Begovic> 30 hours ago
1ee5f20 : Added READ_DATAUSAGE and WRITE_DATAUSAGE permissions <gkipnis> 7 weeks ago
fcfc13e : Initial checkin for DataUsageContract <gkipnis> 7 weeks ago
891e998 : Added ACTION_DATA_USAGE Intent to directly invoke Settings->DataUsage <gkipnis> 7 weeks ago
0ab2886 : Revert "cmsdk: Fix cm system api stub generation." <Adnan Begovic> 31 hours ago
df4486f : cmsdk: Unhide the Concierge. <Adnan Begovic> 31 hours ago
d549053 : CmSdk : Swipe offsets and show lockscreen <Danesh M> 2 days ago
 
**** commotio:commotio ****
a4650c1 : Continue to remove legacy bits and reconile with new <DHOMD> 29 minutes ago
a1422d5 : Reconcile alot of taint sources <DHOMD> 65 minutes ago
 
**** vanir:vendor_htc ****
ffad6f6 : hima: Add IR HAL <David Hays> 2 days ago
 
**** vanir:vendor_oneplus ****
fee6263 : bacon: Update nfc firmware <Pat Erley> 9 days ago
7a2a035 : onyx: Update QMI/QCRIL blobs from ham <Ashwin Ramesh> 10 days ago
793e958 : oneplus2: Remove QC location stack <Willi Ye> 10 days ago
 
**** vanir:vendor_vanir ****
0116ac2 : Fix Ms. Merge <DHOMD> 2 hours ago
74f7a12 : cm: Actually have checkapi-cm match against prior release. <Adnan Begovic> 26 hours ago
04e934e : cm: Prepare for api level 6. <Adnan Begovic> 26 hours ago
 
