
**** vanir:build ****
67b4b24 : Hacks <DHOMD> 7 months ago
4daeff5 : Retry adding Commotio to VANIR_BUILD <DHOMD> 27 hours ago
5bb7ff3 : Revert "Add commotio to VANIR_BUILD stuffs" <DHOMD> 2 days ago
93fb04f : Add a /vendor based hack for 91 character build issue <DHOMD> 2 days ago
1c150b3 : Add commotio to VANIR_BUILD stuffs <DHOMD> 2 days ago
 
**** vanir:device_asus_deb ****
178d4fa : deb: Add F2FS support <Zhao Wei Liew> 3 days ago
 
**** cm:CyanogenMod/android_device_cyanogen_msm8916-common ****
79b0548 : msm8916: Call btnvtool using a service <Steve Kondik> 3 months ago
7f6d711 : msm8916: Grant read permission to FM radio device <Ethan Chen> 26 hours ago
 
**** cm:CyanogenMod/android_device_cyanogen_msm8939-common ****
e95018f : msm8939: Call btnvtool using a service <Steve Kondik> 3 months ago
9c226a3 : msm8939: Grant read permissions to FM radio device <Ethan Chen> 26 hours ago
 
**** cm:CyanogenMod/android_device_htc_hima-common ****
305cf86 : hima: Use mixed a53/a57 architecture <Ethan Chen> 32 hours ago
 
**** vanir:device_huawei_angler ****
051ee81 : angler: don't verify /vendor <Roman Birg> 11 hours ago
55ff298 : Revert "angler: Disable dm-verity on /system." <Roman Birg> 23 hours ago
 
**** cm:CyanogenMod/android_device_lge_d850 ****
e88ae85 : d850: update prop files list <bryan2894> 24 hours ago
 
**** cm:CyanogenMod/android_device_lge_d851 ****
1cf717a : d851: update prop files list <bryan2894> 24 hours ago
 
**** cm:CyanogenMod/android_device_lge_d852 ****
5d254cb : d852: update prop files list <bryan2894> 24 hours ago
 
**** vanir:device_lge_f400 ****
ee1de03 : f400: update prop files list <bryan2894> 24 hours ago
 
**** vanir:device_lge_g3-common ****
6ec3583 : g3: ril: fix manual network selection <codeworkx> 7 weeks ago
 
**** cm:CyanogenMod/android_device_lge_g4-common ****
a6ba1de : g4: use best optimized routines for a53/a57 <codeworkx> 33 hours ago
 
**** cm:CyanogenMod/android_device_lge_hammerhead ****
5dd31e6 : BLE advertisement support <Abhisek Devkota> 3 days ago
 
**** cm:CyanogenMod/android_device_lge_ls990 ****
fa46c25 : ls990: update prop files list <bryan2894> 24 hours ago
 
**** vanir:device_lge_vs985 ****
5381631 : vs985: update prop files list <bryan2894> 24 hours ago
 
**** cm:CyanogenMod/android_device_motorola_condor ****
09cf3f6 : condor: get rid of LD_PRELOADS <Sultan Qasim Khan> 21 hours ago
2ae1811 : condor: update fstab <Sultan Qasim Khan> 23 hours ago
 
**** vanir:device_motorola_falcon ****
5a761ee : falcon: Enable proximity check on wake <Gabriele M> 5 hours ago
 
**** vanir:device_motorola_msm8226-common ****
b68c326 : Revert "msm8226-common: Enable proximity check on wake" <LuK1337> 34 hours ago
 
**** cm:CyanogenMod/android_device_motorola_msm8610-common ****
9fe8125 : msm8610-common: commonize libmot_sensorlistener <Sultan Qasim Khan> 22 hours ago
86bf155 : doze: Use new mechanism to include tiles into settings dashboard. <Danny Baumann> 6 days ago
0b29e98 : msm8610-common : Remove deprecated flag <shubhmg> 32 hours ago
 
**** vanir:device_motorola_omap4-common ****
cffb253 : omap4-common: add ro.ril.force_eri_from_xml <Michael Gernoth> 17 hours ago
 
**** cm:CyanogenMod/android_device_motorola_otus ****
61a791f : otus: commonize libmot_sensorlistener <Sultan Qasim Khan> 22 hours ago
6bfaf52 : otus: remove discard android does this automatically <Dan Pasanen> 7 months ago
 
**** vanir:device_motorola_qcom-common ****
d2ab744 : doze: Use new mechanism to include tiles into settings dashboard. <Danny Baumann> 6 days ago
10b3c82 : doze: Remove gesture settings summary <nadlabak> 3 hours ago
ead0dd7 : Switch to jemalloc <nadlabak> 4 days ago
feb42da : powerhal: Enable boostpulse on interaction hints <Zhao Wei Liew> 11 days ago
c3626e1 : qcom-common: Nick d2's PowerHAL <Gabriele M> 6 weeks ago
 
**** cm:CyanogenMod/android_device_motorola_victara ****
02d5349 : cmactions: Use new mechanism to include tiles into settings dashboard. <Danny Baumann> 6 days ago
 
**** github:Grarak/android_device_oneplus_oneplus2 ****
7c03b01 : Update firmware list to OnePlus2Hydrogen_14_OTA_002_all_1603171237 <Willi Ye> 2 hours ago
8c47ef4 : oneplus2: Completely remove QC location stack <Keith Mok> 3 weeks ago
bd6ac68 : Update fingerprint <Willi Ye> 9 hours ago
9672a06 : Revert "Announce our RAT capabilities." <Willi Ye> 25 hours ago
7ca34f3 : media: Remove flac decoder <Willi Ye> 28 hours ago
2eaed1e : oneplus2: remove qcmediaplayer <Dan Pasanen> 5 days ago
c00b30e : oneplus2: use best optimized routines for a53/a57 <codeworkx> 33 hours ago
769ca99 : Add keylayout for double tap <Willi Ye> 4 days ago
c4a68c6 : Remove widevine blobs <Willi Ye> 30 hours ago
2adf013 : Fix building of keystore.msm8994.so <J. Joe Feise> 2 days ago
37d4015 : Device specific graphic for fingerprint enrollment <Willi Ye> 2 weeks ago
 
**** vanir:device_oppo_common ****
2c11dea : Use new mechanism to include tiles into settings dashboard. <Danny Baumann> 6 days ago
 
**** vanir:device_samsung_klte-common ****
b9580f6 : klte-common: set more offload features <OzzysCmAcc> 8 weeks ago
42b70c8 : klte-common: Fix for remove finger BUG <ljzyal> 3 days ago
4ce7995 : Revert "klte-common: Enable WBS for SCO and force samplerate to 8khz" <Patrick Lower> 7 days ago
 
**** vanir:device_samsung_msm8960-common ****
c52a357 : msm8960: clean up flags <Dave Daynard> 3 days ago
947364a : msm8960: even more stupid selinux denials on the camera <Dave Daynard> 3 days ago
 
**** vanir:device_samsung_qcom-common ****
89b32ec : doze: Use new mechanism to include tiles into settings dashboard. <Danny Baumann> 6 days ago
 
**** vanir:device_samsung_smdk4412-common ****
538b627 : Revert "smdk4412: drop AdvancedDisplay until it's re-merged" <Simon Shields> 30 hours ago
 
**** vanir:device_sony_fusion3-common ****
d501bc8 : fusion3: Spring cleaning <Olivier Karasangabo> 2 days ago
 
**** cm:CyanogenMod/android_device_sony_nicki ****
8bf4298 : nicki: allow updatemiscta to set a property <Georg Veichtlbauer> 8 months ago
 
**** cm:CyanogenMod/android_device_sony_pollux-common ****
92a2253 : pollux-common: Remove obsolete vold flag <Olivier Karasangabo> 2 days ago
 
**** vanir:device_sony_yuga ****
6afe4ea : yuga: Remove obsolete vold flag <Olivier Karasangabo> 2 days ago
 
**** vanir:frameworks_av ****
f97015a : Fix 64-bit comparison <Marco Nelissen> 33 hours ago
811391b : Revert "Fixed comparison on 64 bit system" <Keith Mok> 10 hours ago
 
**** vanir:frameworks_base ****
9df009b : SystemUI: Hide system/notification when config changes on kg. <Adnan Begovic> 6 hours ago
12ec9b0 : [1/4] Pass call extras to addcall <Stephen Bird> 4 weeks ago
c667aec : NetworkManagement : Add ability to restrict app data/wifi usage <Danesh M> 3 weeks ago
53ece46 : SystemUI: improve battery saver tile <Roman Birg> 4 days ago
9d47409 : Compile app theme in background <Andrzej Ressel> 3 weeks ago
5716ba3 : Accept underscore and tilde in web URLs. <Danny Baumann> 3 weeks ago
 
**** cm:CyanogenMod/android_hardware_qcom_audio ****
df326e3 : audio: msm8916: Squashed audio amp commits <Luca Stefani> 3 weeks ago
 
**** cm:CyanogenMod/android_hardware_qcom_audio ****
886c244 : hal: remove explicit direct pcm usecase <vivek mehta> 6 months ago
f6cd4f7 : hal: stop sound trigger buffering during close <Mingming Yin> 9 weeks ago
4fb2812 : hal: don't allow track offload if there's active sw effect <Weiyin Jiang> 4 weeks ago
bfe1cc3 : hal: Fix 44.1Khz playback when native support is not enabled <Amit Shekhar> 9 weeks ago
dc520bc : libaudiopolicymanager: DirectPCM: fix 44.1 clip playing noisy issue <vivek mehta> 4 months ago
b73a764 : audio: Extend platform parser to allow device name aliasing <Ethan Chen> 1 year, 7 months ago
64387ed : hal: Fix voice call recording <solk2> 1 year, 6 months ago
91c7d6b : hal: Fix digital USB headset combo device <Steve Kondik> 1 year, 7 months ago
be6fdfc : hal: Clean up compilation warnings <Steve Kondik> 1 year, 4 months ago
13ba1b4 : hal: Add support for audio amplifier HAL <Ethan Chen> 2 years, 10 months ago
381b7a0 : audio: Configure CM default feature set <Steve Kondik> 1 year, 3 months ago
b25084a : hal: Allow building hardware audio encoders <Arne Coucheron> 1 year, 2 months ago
f48de3d : audio: Use project pathmap <Ethan Chen> 3 months ago
1362fc7 : audio: Only allow non-legacy HAL <Ethan Chen> 3 months ago
b5b6d33 : hal: Update format table with AAC ADTS formats. <Ashish Jain> 4 months ago
102616d : HAL: Identify the track offload session <Sharad Sangle> 3 months ago
d7eaf2b : HAL: Identify Track offload session <Alexy Joseph> 4 months ago
8c21ad7 : Merge DAX2 changes <Gao Jie> 4 months ago
12467a1 : hal: Use AUDIO_TX_MONO_COPP topology for incall record usecases <Karthik Reddy Katta> 4 months ago
 
**** cm:CyanogenMod/android_hardware_qcom_display ****
7b9a3a1 : hwc/overlay: Validate cursor position in hwc_setPositionAsync <Baldev Sahu> 4 weeks ago
4c401f0 : hwc: Fix sanitize ROI func <Ramakant Singh> 7 weeks ago
6dab9c9 : hwc: Apply Default Mode on real framework start <Sravan Kumar D.V.N> 7 weeks ago
732b9ac : qdutils: Correct the hwc-driver mismatch <Ramakant Singh> 7 weeks ago
f1e2905 : hwc: remove local constant DISPLAY_ATTRIBUTES list <Ramakant Singh> 8 weeks ago
a74edfb : hwc: Remove references to display-frameworks <Ethan Chen> 2 months ago
c7cce05 : hwc: Fix compile errors after display-frameworks removal <Arne Coucheron> 2 months ago
b375570 : hwc: Support for QDCM Preference when PU enabled <Nitesh Gupta> 3 months ago
cc1ec84 : hwc: Set ioprio for vsync thread <Steve Kondik> 6 months ago
7516867 : Don't build lights module if vendor supplies it <Steve Kondik> 1 year, 4 months ago
730d245 : Revert "hqd: Use MSM_VIDC_TARGET_LIST for Venus color format" <Ethan Chen> 3 months ago
bc1215a : display: Use project pathmap <Ethan Chen> 1 year, 4 months ago
c324d73 : hwc: Set DefaultMode after bootup completion <Ramakant Singh> 4 months ago
8a6e7c9 : gralloc: Add a private flag for INTERNAL only <Arun Kumar K.R> 7 months ago
394c830 : hwc: Donot update dynamic-fps when device is not active <Ramakant Singh> 5 months ago
8f21571 : hwc: Do not wait for MDSS fence for layers with rotation <Dileep Kumar Reddi> 6 months ago
d2c5ca0 : hwc: Start with ROI set to destination <Arun Kumar K.R> 5 months ago
9ef4d8c : hwc: Set minfps as part of timeout_handler during idlefallback <Ramakant Singh> 6 months ago
0d616ba : Revert "hwc: Relax format change restrictions for certain targets" <Dileep Kumar Reddi> 5 months ago
213ead5 : Default flexible YUV format to NV21 <Tanmaya Godbole> 7 months ago
ed75fdb : hwc: Reset refresh-rate for few cases as part of timeout handler <Dileep Kumar Reddi> 6 months ago
56ed396 : gralloc: Add support for PRIV_FLAGS_DISP_CONSUMER <Surajit Podder> 9 months ago
a2d5295 : hwc: Support ActionSafe on targets with non-scaling RGB pipes. <Sandeep Panda> 6 months ago
248378d : gralloc: Use adreno_utils api for NV21 and NV12 alignment <Sushil Chauhan> 7 months ago
037d21d : hwc: Use basePipe for fullscreen and opaque layer <Pullakavi Srinivas> 7 months ago
77ec4ef : gralloc: Modify check for uncompressed RGB buffers <Naomi Luis> 7 months ago
449fbe0 : hwc: Use aligned width and height <Dileep Kumar Reddi> 7 months ago
02dbc50 : Revert "HWC: use aligned width and height for rearranging ROI" <Dileep Kumar Reddi> 7 months ago
cd7217a : hwc: Support ActionSafe on targets with non-scaling RGB pipes. <Sandeep Panda> 6 months ago
eed742d : overlay: add tertiary display definition in overlay <Vinu Deokaran> 6 months ago
a029479 : hwc: Validate display ID in hwc interface <Arun Kumar K.R> 7 months ago
09441c1 : gralloc: Add missing changes related to RAW16 <Raj Kamal> 8 months ago
7ea10c5 : hwc: Use basePipe for fullscreen and opaque layer <Pullakavi Srinivas> 7 months ago
c039f6e : hwc: Use aligned width and height <Dileep Kumar Reddi> 7 months ago
60cbe72 : Revert "HWC: use aligned width and height for rearranging ROI" <Dileep Kumar Reddi> 7 months ago
2e918bf : hwc: Avoid idlefallback during video playback <Raj Kamal> 7 months ago
fbe5a60 : HWC: use aligned width and height for rearranging ROI <Dileep Kumar Reddi> 7 months ago
597b313 : hwc: Featurize HWC_DISPLAY_SECURE <Raj Kamal> 7 months ago
eb4d7a6 : hwc: Use HWC_DISPLAY_NO_ATTRIBUTE as terminator. <Prabhanjan Kandula> 7 months ago
410ba7c : hwc : Normalize source crop before validating scaling limits. <Prabhanjan Kandula> 7 months ago
95fef31 : hwc: Relax format change restrictions for certain targets <Dileep Kumar Reddi> 7 months ago
42a1c98 : hwc: Changes for display-hal compilation with QTI_BSP enabled <Ramakant Singh> 8 months ago
c772eec : hwc: Do not use Borderfill pipe for composition in WFD <Dileep Kumar Reddi> 7 months ago
e5268fd : hwc/overlay: Pass handle w/h and crop w/h through fb_image field <Arun Kumar K.R> 8 months ago
5d39f02 : hwc: Log warning instead of mHDMIClient object not available <Dileep Kumar Reddi> 8 months ago
55b3489 : hwc: Ignore float-conversion for included headers <Naseer Ahmed> 8 months ago
82fe9c6 : hwc: Do not consider rotation for smart blit <Ramakant Singh> 8 months ago
dd689ff : hwc: Do not create idle invalidator for MDP3 targets <Dileep Kumar Reddi> 8 months ago
c58836b : hwc: Align ROI's width and height in both directions <Dileep Kumar Reddi> 8 months ago
19f2250 : hwc: Fix SF crash due to SIGSEGV error <Raj Kamal> 8 months ago
 
**** cm:CyanogenMod/android_hardware_qcom_display ****
17f2d38 : Don't build lights module if vendor supplies it <Steve Kondik> 1 year, 4 months ago
420cc3a : msm8996: remove unused qcom features <Scott Mertz> 3 months ago
5bdcfa4 : Additional pathmap & build fixes <Scott Mertz> 3 months ago
e80bb52 : display: Use project pathmap <Ethan Chen> 1 year, 4 months ago
e04e869 : Remove usage of MASTER_SIDE_CP_TARGET_LIST <Scott Mertz> 3 months ago
3fd7d00 : Revert "hqd: Use MSM_VIDC_TARGET_LIST for Venus color format" <Scott Mertz> 3 months ago
99aa8ca : sdm: Fix uninitialized HWLayers object <Saurabh Shah> 4 months ago
572b2bf : sdm: Do not copy surfaceDamage rects for SKIP layers <Sushil Chauhan> 4 months ago
074314d : gralloc: Add support for PRIV_FLAGS_DISP_CONSUMER <Surajit Podder> 9 months ago
8f8f6c7 : sdm : Add support for dynamic BW limit management <Prabhanjan Kandula> 6 months ago
83a945b : libqdutils: Refer to standard definitions for display types. <Dileep Marchya> 4 months ago
f29ff14 : sdm: Fix buffer overflow <Manoj Kumar AVM> 4 months ago
99ef378 : sdm: HWDevice: Set correct HWDisplayMode <Arun Kumar K.R> 5 months ago
ddca4e7 : sdm: Remove unused function in rect utility <Manoj Kumar AVM> 5 months ago
8d22bad : sdm: Fix memory leaks. <Dileep Marchya> 4 months ago
1c3f9a3 : hwc: Handle SBM operation set for all layers <Saurabh Shah> 4 months ago
b8067a4 : qdMetadata: Use uint32_t instead of bool <Saurabh Shah> 5 months ago
a0db84b : sdm: hdmi: Set the default grayscale value to RGB888 <Tatenda Chipeperekwa> 5 months ago
e94e78c : sdm: Add bandwidth and clock members <Sushil Chauhan> 8 months ago
959863b : sdm: Update HWPanelInfo during primary resolution switch <Sushil Chauhan> 5 months ago
b8ecfbf : display: Enable clang for all display modules <Naseer Ahmed> 5 months ago
63e8c95 : sdm: Source crop top needs adjustment for interlaced <Sushil Chauhan> 5 months ago
f1c8357 : sdm: Remove closing of fd during Sync operations <Manoj Kumar AVM> 5 months ago
44e2be1 : sdm: Do not process blit configuration for zero app layers. <Dileep Marchya> 5 months ago
61ef29b : sdm: Add support for single buffer layers <Saurabh Shah> 5 months ago
a816961 : sdm: Use FB resolution for virtual display <radhakrishna> 5 months ago
a0394ad : qdMetaData: Remove unused metadata fields. <Arun Kumar K.R> 5 months ago
50ff0bb : sdm: Panel name retrieval support <Dileep Marchya> 5 months ago
95f8368 : gralloc/metadata: Add support for single buffer mode <Saurabh Shah> 5 months ago
d7131e6 : sdm: Add support for UBWC in C2D <radhakrishna> 5 months ago
67c1f90 : sdm: Allow draw cycle in doze state. <Dileep Marchya> 5 months ago
5fb6d40 : sdm: Perform GPU target layer validation. <Manoj Kumar AVM> 5 months ago
226646c : sdm: Populate correct WB index for virtual <radhakrishna> 5 months ago
3edaf83 : sdm: Read rotator capabilities from driver <radhakrishna> 6 months ago
492ab99 : sdm: Fix ROI and Split info in SF dumpsys <Sushil Chauhan> 5 months ago
a9fb396 : sdm: Remove buffer format validation from hwc wrapper. <Ramkumar Radhakrishnan> 5 months ago
76750f2 : sdm: Add support for YCbCr420 Semiplanar format <Ramkumar Radhakrishnan> 5 months ago
bddb952 : gralloc: Use only metadata for color space <Saurabh Shah> 6 months ago
4a31ec4 : sdm: Make premultiplied as default blending <Saurabh Shah> 5 months ago
e1f01dd : sdm: Flush after first successful commit only. <Dileep Marchya> 5 months ago
1a7e1f1 : sdm: Add support for IGC. <Dileep Marchya> 6 months ago
9b99074 : sdm: Fix memory leaks. <Dileep Marchya> 5 months ago
ec8fe35 : sdm: Fix HDMI & virtual display concurrency. <Dileep Marchya> 5 months ago
d433464 : sdm: Add interface to consider rotator during scaling validation. <Ramkumar Radhakrishnan> 6 months ago
a5b764f : sdm: Add support for minimum encryption level settings for HDCP. <Dileep Marchya> 5 months ago
55fe304 : sdm: Add SPD information for HDMI <Arun Kumar K.R> 6 months ago
06078aa : sdm: Acquire lock during hwcomposer module open and close <Ramkumar Radhakrishnan> 6 months ago
d169be9 : sdm: properly close all the fence Fds <Ping Li> 6 months ago
040a3d0 : sdm: hwc: SetRefreshRate before validate IOCTL <Arun Kumar K.R> 6 months ago
6e43f57 : sdm: Handle/set dynamic fps appropriately <Arun Kumar K.R> 6 months ago
 
**** cm:CyanogenMod/android_hardware_qcom_fm ****
5bbc6f0 : Fix translations breakage <Abhisek Devkota> 3 days ago
 
**** cm:CyanogenMod/android_hardware_qcom_media ****
ff3940f : mm-video-v4l2: Return correct level support for 8956 <Surajit Podder> 4 weeks ago
1fd6df0 : mm-video-v4l2: vidc: vdec: handle ftbs during reconfig and port disable <Abdulla Anam> 7 weeks ago
e9bacff : mm-video-v4l2: venc: check for null pointer <Maheshwar Ajja> 7 weeks ago
a699a13 : mm-video-v4l2: vdec: set 24 fps framerate for 4k clips <Deepak Kushwah> 9 weeks ago
bc9e191 : mm-video-v4l2: vidc: Fix race condition with msg thread fd close <Shalaj Jain> 4 months ago
a860362 : mm-video-v4l2: vidc: update thread names <Ashray Kulkarni> 8 months ago
8e66146 : mm-video-v4l2: Add support for prefer adaptive playback extension <Shalaj Jain> 8 months ago
41a5cfd : mm-video: Adjust stride value for planar format <Surajit Podder> 10 months ago
c40cf77 : mm-video: vidc: Reliably stop the message thread <Deepak Kushwah> 3 months ago
62f611d : Fix duplicated OMX.qcom.audio.decoder.aac entry <Keith Mok> 4 months ago
69d6d4b : media: Avoid collision with FFMPEG plugin <Steve Kondik> 3 months ago
610c356 : media: Use project pathmap <Ethan Chen> 3 months ago
dc1b1d4 : mm-video-v4l2: Unmap dropped output buffers <Surajit Podder> 3 months ago
78521c5 : Include kernel header dependency for libOmxVidcCommon <Divya Sharma> 4 months ago
f9c92f0 : mm-video-v4l2: vidc: venc: Fix hybrid HP layer count <Abdulla Anam> 5 months ago
a5dce41 : mm-video-v4l2: Enable get_param to check downscalar enablement <Surajit Podder> 5 months ago
e7743ae : mm-video-v4l2: venc: Add support to enhance hybrid Hier-p mode <Abdulla Anam> 5 months ago
75bc6a6 : mm-video-v4l2: vdec:  release buffer when qbuf to driver fails <Manikanta Kanamarlapudi> 5 months ago
cfeaf87 : mm-video-v4l2: Use client buffer header for FTB <Surajit Podder> 6 months ago
b6c736d : mm-video-v4l2: Disable intra refresh mode on msm8956/76 <Maheshwar Ajja> 5 months ago
a54c5d4 : mm-video-v4l2: vdec: fix fps issues in arbitrary mode <Ashray Kulkarni> 7 months ago
826ba8c : QCMetadata: add a new key for big buffers <Sidipotu Ashok> 6 months ago
ef3143a : QCMetadata: Add key for setBuffers API support <Manikanta Kanamarlapudi> 10 months ago
f178e8b : mm-video-v4l2: venc: support all I frame encoding usecase. <Abdulla Anam> 6 months ago
bcf4fa3 : libstagefrighthw: Add header guard to QComOMXMetadata.h and fix file perms <Deva Ramasubramanian> 6 months ago
e2d287f : mm-video-v4l2: vdec: streamoff while freeing first output buffer <Balamurugan Alagarsamy> 1 year, 3 months ago
f0fc3d0 : mm-video: Disable downscalar for non-display usecase <Surajit Podder> 9 months ago
0997c8a : mm-video: Enable HEVC software encoder OMX component. <Manikanta Sivapala> 6 months ago
8bb96de : mm-video_v4l2: pass crop nWidth and nHeight in reconfig event. <Abdulla Anam> 7 months ago
afb1469 : mm-video-v4l2: Fix downscalar issue <Surajit Podder> 6 months ago
269f6cd : mm-video-v4l2: Fix crash due to divide by zero <Surajit Podder> 6 months ago
c14558c : mm-video-v4l2: venc: initialize the member variables <Maheshwar Ajja> 6 months ago
99c2455 : mm-video-v4l2: vdec: Fix closing of file descriptor "0" <Deepak Kushwah> 6 months ago
b4d0e38 : mm-video-v4l2: venc: limit pixels value in input buffers. <Abdulla Anam> 7 months ago
1202ebd : mm-video_v4l2: pass crop nWidth and nHeight in reconfig event. <Abdulla Anam> 7 months ago
1fc82f0 : mm-video: Disable downscalar for non-display usecase <Surajit Podder> 9 months ago
6ecc67f : mm-core: update vpp related structures and enums. <Abdulla Anam> 7 months ago
56c0a51 : mm-video-v4l2: vidc: venc: fix CTS issues in vp8 encoder <Maheshwar Ajja> 7 months ago
1fe6770 : mm-core: update vpp related structures and enums. <Abdulla Anam> 7 months ago
a9c2410 : mm-video: Set correct color format to driver <Surajit Podder> 8 months ago
f2fa16b : mm-video-v4l2: vidc: venc: enable low latency mode <Maheshwar Ajja> 7 months ago
79da148 : mm-video-v4l2: null check before pointer dereference <Abdulla Anam> 7 months ago
a66ec1f : audio: Fix stale session opening of DSP audio decoder <Naresh Tanniru> 7 months ago
1171b44 : audio: Fix stale session opening of DSP audio decoder <Naresh Tanniru> 7 months ago
03f6533 : mm-video-v4l2: change variables used for reconfig height & width <Abdulla Anam> 7 months ago
6dc2004 : mm-video-v4l2: venc: Disable Bframes incase of UHD recording <Deepak Kushwah> 8 months ago
f493b73 : audio: Add support for new key kKeyByteMode <Manish Dewangan> 7 months ago
382b5b7 : mm-video-v4l2: video: add new extensions <Ashray Kulkarni> 10 months ago
b266f81 : mm-video-v4l2: venc: Add support for low latency mode <Maheshwar Ajja> 8 months ago
14c22a7 : mm-core: Add Skype extensions <Ashray Kulkarni> 10 months ago
 
**** cm:CyanogenMod/android_hardware_qcom_media ****
f542f45 : mm-video-vidc: Handle ETB with EOS for NV12 ENCODEABLE format <Pushkaraj Patil> 25 hours ago
 
**** cm:CyanogenMod/android_hardware_qcom_media ****
347b90c : libc2dcolorconvert: refer c2d header from display <Praveen Chavan> 1 year, 10 months ago
6316605 : vidc: Fix makefiles <Steve Kondik> 11 months ago
d84d430 : media: Avoid collision with FFMPEG plugin <Steve Kondik> 1 year, 11 months ago
8ba01d1 : media: Use project pathmap <Ethan Chen> 1 year, 1 month ago
be989ef : audio: Add entry for ALAC/APE software component <Preetam Singh Ranawat> 4 months ago
ab3e6cf : Include kernel header dependency for libOmxVidcCommon <Divya Sharma> 4 months ago
f5b8f20 : Include kernel header dependency for libOmxVidcCommon <Divya Sharma> 4 months ago
2266025 : mm-video-v4l2: vidc: Ensure async_message_thread always exits <Arun Menon> 4 months ago
b0d352b : media : Add Max CSD values for ALAC and APE <Preetam Singh Ranawat> 5 months ago
a04219f : mm-video-v4l2: vdec: skip enabling extn_user extradata for secure session <Srinu Gorle> 4 months ago
622d480 : mm-video-v4l2: vidc: Enhance VQZIP checks <Praneeth Paladugu> 7 months ago
2b5bd8a : mm-video-v4l2: vidc: venc: Fix input extradata issues <Praneeth Paladugu> 4 months ago
ce13944 : mm-video-v4l2: vidc: vdec: Add UBWC color format support <Srinu Gorle> 4 months ago
a725170 : mm-video: venc: Initialize m_graphicBufferSize <Deva Ramasubramanian> 4 months ago
8be933c : mm-video-v4l2: vidc: vdec: Add support for downscalar in component <Srinu Gorle> 10 months ago
c29ae31 : mm-video-v4l2: vidc: Fix race condition with msg thread fd close <Shalaj Jain> 4 months ago
6a50516 : mm-video-v4l2: vdec: Fix CTS issue with color coversion <Vinay Kalia> 4 months ago
ab08584 : mm-core: Add extensions for FRC <Vinay Kalia> 4 months ago
b12f245 : mm-video-v4l2: Handle async_message_thread error <Arun Menon> 4 months ago
9952fd8 : mm-core: Add secure component registry entry <Vikash Garodia> 4 months ago
8d855cc : mm-video: common: update OmxVidcCommon dependency list <Srinu Gorle> 4 months ago
3c3fe6c : mm-video-v4l2: vdec: Change preferred color format default order <Arun Menon> 4 months ago
c73daac : mm-video-v4l2: Add registry entry for openmax components. <Vikash Garodia> 5 months ago
bcb448c : mm-video: swvdec: Add SwVdec registry entries for 8937. <Manikanta Sivapala> 5 months ago
e592d0a : mm-video: swvdec: Add SwVdec OMX component. <Manikanta Sivapala> 5 months ago
41cf898 : mm-core: Update the correct instance index for storing VPP handle <Praneeth Paladugu> 5 months ago
c8827e2 : mm-video-v4l2: vidc: Allocate secure bitstream buffers from CMA <Shalaj Jain> 5 months ago
cf6d469 : mm-video: vidc: Fully drainbuffers from the driver if batch not complete <Deva Ramasubramanian> 5 months ago
093280d : mm-core: Unload the component library after the session is done <Praneeth Paladugu> 5 months ago
45267c8 : Remove msm8937 due to missing HY11 rule <Naveen Kumar> 5 months ago
fb36868 : mm-video: venc: Revert Venus native support for RGBA8888 <Deva Ramasubramanian> 5 months ago
1c7b346 : mm-video: swvenc: Add pure virtual functions. <Manikanta Sivapala> 5 months ago
0ec71b0 : mm-video: Add extensions to enable and configure ROI QP info <Vinay Kalia> 6 months ago
db88209 : audio: remove duplicate instances of aac decoder <Mingming Yin> 5 months ago
b04a903 : mm-video-v4l2: vdec: Fix a bug with C2D and DROPPED_FRAME <Vinay Kalia> 5 months ago
183f501 : mm-video-v4l2: vidc: Add null checks in async_message_process <Arun Menon> 5 months ago
fbdcaba : mm-video-v4l2: Add support for VP9 secure decoder <Shalaj Jain> 8 months ago
a935f80 : mm-video: swvenc: Add SwVenc registry entries for 8937. <Manikanta Sivapala> 5 months ago
f3f1e00 : QCMetadata: add a new key for big buffers <Sidipotu Ashok> 6 months ago
be1c0e3 : mm-video: vidc: Adjust performance level only after STREAMON <Deva Ramasubramanian> 5 months ago
6f6f5fb : mm-video-v4l2: vidc: venc: Fix hybrid HP layer count <Ashray Kulkarni> 5 months ago
144b092 : mm-video: venc: Get rid of PREPARE_BUF on input port <Vinay Kalia> 5 months ago
431e6b1 : mm-video-v4l2: vdec: fix fps issues in arbitrary mode <Ashray Kulkarni> 7 months ago
edd1b09 : mm-video-v4l2: vidc: vdec: Put decoder sessions in TURBO <Praneeth Paladugu> 8 months ago
07a4eca : libc2dcolorconvert: Fix height alignment issue with RGBA formats <Rajesh Sastrula> 5 months ago
c826460 : mm-video-v4l2: venc: Add support to enhance hybrid Hier-p mode <Ashray Kulkarni> 9 months ago
c08fc90 : mm-core: Add registry entry for titanium <Srinu Gorle> 5 months ago
94af4ea : mm-video: Add opaque color format support to MPEG-4 SwVenc. <Manikanta Sivapala> 6 months ago
f4e1426 : mm-video-v4l2: Do not send error to client once in loaded state <Shalaj Jain> 6 months ago
bf75c1c : mm-video-v4l2: vdec: Add range check before native_buffer usage <Arun Menon> 6 months ago
 
**** vanir:hardware_samsung ****
cc48856 : exynos4: squash opensource libUMP <Javi Ferrer> 1 year, 4 months ago
9b5063f : exynos4: commonize AdvancedDisplay [1/3] <Simon Shields> 5 days ago
90ced08 : modemloader: Use hw.revision instead of ro.revision <Christopher N. Hesse> 7 days ago
 
**** cm:CyanogenMod/android_hardware_samsung_slsi-cm_exynos ****
550ee57 : libdisplay: Fix compilation for devices with OTF window support (2) <Christopher N. Hesse> 14 hours ago
9ac98da : libdisplay: Fix compilation for devices with OTF window support <Christopher N. Hesse> 15 hours ago
11dd77a : display/hwc: Initial support for Exynos7 decon display <Christopher N. Hesse> 5 weeks ago
 
**** cm:CyanogenMod/android_hardware_samsung_slsi-cm_exynos7420 ****
7defabe : libhwcmodule: Add constants and functions for framebuffer abstraction <Christopher N. Hesse> 4 weeks ago
 
**** github:AICP/kernel_asus_grouper ****
bc3f45b : UPSTREAM: include/linux/poison.h: fix LIST_POISON{1,2} offset <Vasily Kulikov> 7 months ago
81d90bd : uid_cputime: Check for the range while removing range of UIDs. <AndDiSa> 4 months ago
0cfc698 : staging: iio: use monotonic time since boot for event timestamps <Ziyan> 3 months ago
84ec3cb : add missing files <AndDiSa> 4 months ago
196efbe : grouper: add ZRAM <GtrCraft> 2 days ago
da95973 : Fix baseband_xmm_power wakelock <GtrCraft> 2 months ago
 
**** cmold:android_kernel_google_msm ****
b0df0b6 : pipe: iovec: Fix memory corruption when retrying atomic copy as non-atomic <Ben Hutchings> 9 months ago
 
**** cmold:android_kernel_htc_msm8952 ****
ea7e3a5 : include/linux/poison.h: fix LIST_POISON{1,2} offset <Vasily Kulikov> 7 months ago
939e1cb : pipe: iovec: Fix memory corruption when retrying atomic copy as non-atomic <Ben Hutchings> 9 months ago
 
**** cmold:android_kernel_htc_msm8960 ****
4954e93 : UPSTREAM: include/linux/poison.h: fix LIST_POISON{1,2} offset <Vasily Kulikov> 7 months ago
 
**** cmold:android_kernel_htc_msm8974 ****
b87314c : UPSTREAM: include/linux/poison.h: fix LIST_POISON{1,2} offset <Vasily Kulikov> 7 months ago
e6a7dd0 : pipe: iovec: Fix memory corruption when retrying atomic copy as non-atomic <Ben Hutchings> 9 months ago
 
**** cmold:android_kernel_htc_msm8994 ****
f26cf07 : include/linux/poison.h: fix LIST_POISON{1,2} offset <Vasily Kulikov> 7 months ago
 
**** cmold:android_kernel_lge_g3 ****
5f1167f : UPSTREAM: include/linux/poison.h: fix LIST_POISON{1,2} offset <Vasily Kulikov> 7 months ago
f56b470 : pipe: iovec: Fix memory corruption when retrying atomic copy as non-atomic <Ben Hutchings> 9 months ago
0ceb8e5 : lge touch core: use KEY_WAKEUP for tap 2 wake <codeworkx> 11 days ago
 
**** cmold:android_kernel_lge_hammerhead ****
9b167b4 : pipe: iovec: Fix memory corruption when retrying atomic copy as non-atomic <Ben Hutchings> 9 months ago
 
**** cmold:android_kernel_motorola_msm8610 ****
d66b590 : UPSTREAM: include/linux/poison.h: fix LIST_POISON{1,2} offset <Vasily Kulikov> 7 months ago
3389604 : Linux 3.4.111 <Zefan Li> 2 days ago
6d470d7 : KVM: x86: move steal time initialization to vcpu entry time <Marcelo Tosatti> 5 months ago
24fa51b : dm btree remove: fix a bug when rebalancing nodes after removal <Joe Thornber> 5 months ago
f43d490 : usb: dwc3: Fix assignment of EP transfer resources <John Youn> 5 weeks ago
d359d1d : ALSA: usb-audio: Add a more accurate volume quirk for AudioQuest DragonFly <Anssi Hannula> 3 months ago
ba8a85e : ALSA: tlv: add DECLARE_TLV_DB_RANGE() <Clemens Ladisch> 4 years, 4 months ago
320f830 : ALSA: tlv: compute TLV_*_ITEM lengths automatically <Clemens Ladisch> 4 years, 4 months ago
0a165ad2 : x86/LDT: Print the real LDT base address <Jan Beulich> 3 months ago
7857899 : af_unix: Guard against other == sk in unix_dgram_sendmsg <Rainer Weikusat> 6 weeks ago
ca7d623 : net: fix warnings in 'make htmldocs' by moving macro definition out of field declaration <Hannes Frederic Sowa> 3 months ago
4057088 : kernel/watchdog.c: touch_nmi_watchdog should only touch local cpu not every one <Ben Zhang> 2 years ago
5317d9a : ipv6: prevent fib6_run_gc() contention <Michal Kubeček> 2 years, 8 months ago
3146973 : SUNRPC: never enqueue a ->rq_cong request on ->sending <Neil Brown> 9 months ago
faf7b6b : atm: deal with setting entry before mkip was called <Sasha Levin> 6 months ago
9b3dd23 : netfilter: nf_conntrack: fix RCU race in nf_conntrack_find_get <Andrey Vagin> 2 years, 2 months ago
bea46f4 : ipv6: probe routes asynchronous in rt6_probe <Hannes Frederic Sowa> 2 years, 5 months ago
d865a11 : net: avoid to hang up on sending due to sysctl configuration overflow. <bingtian.ly@taobao.com> 3 years, 2 months ago
3cda8eb : Initialize msg/shm IPC objects before doing ipc_addid() <Linus Torvalds> 6 months ago
f074c26 : get rid of s_files and files_lock <Al Viro> 2 years, 6 months ago
8f452aa : KVM: svm: unconditionally intercept #DB <Paolo Bonzini> 4 months ago
e1b6c3c : KVM: x86: work around infinite loop in microcode when #AC is delivered <Eric Northup> 5 months ago
59c8392 : ipv6: addrconf: validate new MTU before applying it <Marcelo Leitner> 1 year, 1 month ago
9793b7b : KEYS: Fix crash when attempt to garbage collect an uninstantiated keyring <David Howells> 5 months ago
48ec02c : KEYS: Fix race between key destruction and finding a keyring by name <David Howells> 6 months ago
04d6387 : USB: whiteheat: fix potential null-deref at probe <Johan Hovold> 6 months ago
a1c3860 : ppp, slip: Validate VJ compression slot parameters completely <Ben Hutchings> 5 months ago
76e4831 : isdn_ppp: Add checks for allocation failure in isdn_ppp_open() <Ben Hutchings> 5 months ago
3546498 : virtio-net: drop NETIF_F_FRAGLIST <Jason Wang> 8 months ago
26aa430 : sg_start_req(): make sure that there's not too many elements in iovec <Al Viro> 1 year ago
4ee85da : RDS: fix race condition when sending a message on unbound socket <Quentin Casasnovas> 4 months ago
473d720 : RDS: verify the underlying transport exists before creating a connection <Sasha Levin> 7 months ago
39f7979 : net: add validation for the socket syscall protocol argument <Hannes Frederic Sowa> 3 months ago
0cf0ae3 : pptp: verify sockaddr_len in pptp_bind() and pptp_connect() <WANG Cong> 3 months ago
ec54d5a : unix: avoid use-after-free in ep_remove_wait_queue <Rainer Weikusat> 4 months ago
44b2ffc : Revert "usb: dwc3: Reset the transfer resource index on SET_INTERFACE" <Zefan Li> 3 weeks ago
1f2a65a : sctp: donot reset the overall_error_count in SHUTDOWN_RECEIVE state <lucien> 7 months ago
0ddb79b : net: Fix RCU splat in af_key <David Ahern> 7 months ago
cc45692 : ipc,sem: fix use after free on IPC_RMID after a task using same semaphore set exits <Herton R. Krzesinski> 7 months ago
1d275d9 : EDAC, ppc4xx: Access mci->csrows array elements properly <Michael Walle> 8 months ago
334b3bb : libfc: Fix fc_fcp_cleanup_each_cmd() <Bart Van Assche> 10 months ago
0adcec6 : libiscsi: Fix host busy blocking during connection teardown <John Soni Jose> 9 months ago
f738306 : dm btree: add ref counting ops for the leaves of top level btrees <Joe Thornber> 7 months ago
bd1bdbe : localmodconfig: Use Kbuild files too <Richard Weinberger> 8 months ago
8a12aac : x86/ldt: Correct FPU emulation access to LDT <Juergen Gross> 8 months ago
fbe750b : x86/ldt: Correct LDT access in single stepping logic <Juergen Gross> 8 months ago
bcbcff7 : ocfs2: fix BUG in ocfs2_downconvert_thread_do_work() <Joseph Qi> 8 months ago
73619ea : MIPS: Make set_pte() SMP safe. <David Daney> 8 months ago
40ba03f : perf: Fix fasync handling on inherited events <Peter Zijlstra> 10 months ago
d86129c : rds: fix an integer overflow test in rds_info_getsockopt() <Dan Carpenter> 8 months ago
 
**** github:Grarak/android_kernel_oneplus_msm8994 ****
1ea7903 : oneplus2: defconfig: enable hw crc32 support <Alexander Martinz> 13 days ago
7afd9e7 : crypto: arm64/crc32 - bring in line with generic CRC32 <Ard Biesheuvel> 11 months ago
21757cf : crypto: crc32 - Add ARM64 CRC32 hw accelerated module <Yazen Ghannam> 1 year, 4 months ago
0b8fe71 : include/linux/poison.h: fix LIST_POISON{1,2} offset <Vasily Kulikov> 7 months ago
1c8839b : tty: Fix unsafe ldisc reference via ioctl(TIOCGETD) <Peter Hurley> 2 months ago
1e7ad0c : KEYS: Fix race between read and revoke <David Howells> 3 months ago
2538043 : fuse: break infinite loop in fuse_fill_write_pages() <Roman Gushchin> 5 months ago
5aab744 : cpufreq: Correct the data reported in all_time_in_state <Srinivasarao P> 7 weeks ago
96f596e : input: synaptics: Send wakeup key for double tap <Willi Ye> 4 days ago
 
**** cmold:android_kernel_samsung_d2 ****
3389604 : Linux 3.4.111 <Zefan Li> 2 days ago
6d470d7 : KVM: x86: move steal time initialization to vcpu entry time <Marcelo Tosatti> 5 months ago
24fa51b : dm btree remove: fix a bug when rebalancing nodes after removal <Joe Thornber> 5 months ago
f43d490 : usb: dwc3: Fix assignment of EP transfer resources <John Youn> 5 weeks ago
d359d1d : ALSA: usb-audio: Add a more accurate volume quirk for AudioQuest DragonFly <Anssi Hannula> 3 months ago
ba8a85e : ALSA: tlv: add DECLARE_TLV_DB_RANGE() <Clemens Ladisch> 4 years, 4 months ago
320f830 : ALSA: tlv: compute TLV_*_ITEM lengths automatically <Clemens Ladisch> 4 years, 4 months ago
0a165ad2 : x86/LDT: Print the real LDT base address <Jan Beulich> 3 months ago
7857899 : af_unix: Guard against other == sk in unix_dgram_sendmsg <Rainer Weikusat> 6 weeks ago
ca7d623 : net: fix warnings in 'make htmldocs' by moving macro definition out of field declaration <Hannes Frederic Sowa> 3 months ago
4057088 : kernel/watchdog.c: touch_nmi_watchdog should only touch local cpu not every one <Ben Zhang> 2 years ago
5317d9a : ipv6: prevent fib6_run_gc() contention <Michal Kubeček> 2 years, 8 months ago
3146973 : SUNRPC: never enqueue a ->rq_cong request on ->sending <Neil Brown> 9 months ago
faf7b6b : atm: deal with setting entry before mkip was called <Sasha Levin> 6 months ago
9b3dd23 : netfilter: nf_conntrack: fix RCU race in nf_conntrack_find_get <Andrey Vagin> 2 years, 2 months ago
bea46f4 : ipv6: probe routes asynchronous in rt6_probe <Hannes Frederic Sowa> 2 years, 5 months ago
d865a11 : net: avoid to hang up on sending due to sysctl configuration overflow. <bingtian.ly@taobao.com> 3 years, 2 months ago
3cda8eb : Initialize msg/shm IPC objects before doing ipc_addid() <Linus Torvalds> 6 months ago
f074c26 : get rid of s_files and files_lock <Al Viro> 2 years, 6 months ago
8f452aa : KVM: svm: unconditionally intercept #DB <Paolo Bonzini> 4 months ago
e1b6c3c : KVM: x86: work around infinite loop in microcode when #AC is delivered <Eric Northup> 5 months ago
59c8392 : ipv6: addrconf: validate new MTU before applying it <Marcelo Leitner> 1 year, 1 month ago
9793b7b : KEYS: Fix crash when attempt to garbage collect an uninstantiated keyring <David Howells> 5 months ago
48ec02c : KEYS: Fix race between key destruction and finding a keyring by name <David Howells> 6 months ago
04d6387 : USB: whiteheat: fix potential null-deref at probe <Johan Hovold> 6 months ago
a1c3860 : ppp, slip: Validate VJ compression slot parameters completely <Ben Hutchings> 5 months ago
76e4831 : isdn_ppp: Add checks for allocation failure in isdn_ppp_open() <Ben Hutchings> 5 months ago
3546498 : virtio-net: drop NETIF_F_FRAGLIST <Jason Wang> 8 months ago
26aa430 : sg_start_req(): make sure that there's not too many elements in iovec <Al Viro> 1 year ago
4ee85da : RDS: fix race condition when sending a message on unbound socket <Quentin Casasnovas> 4 months ago
473d720 : RDS: verify the underlying transport exists before creating a connection <Sasha Levin> 7 months ago
39f7979 : net: add validation for the socket syscall protocol argument <Hannes Frederic Sowa> 3 months ago
0cf0ae3 : pptp: verify sockaddr_len in pptp_bind() and pptp_connect() <WANG Cong> 3 months ago
ec54d5a : unix: avoid use-after-free in ep_remove_wait_queue <Rainer Weikusat> 4 months ago
44b2ffc : Revert "usb: dwc3: Reset the transfer resource index on SET_INTERFACE" <Zefan Li> 3 weeks ago
1f2a65a : sctp: donot reset the overall_error_count in SHUTDOWN_RECEIVE state <lucien> 7 months ago
0ddb79b : net: Fix RCU splat in af_key <David Ahern> 7 months ago
cc45692 : ipc,sem: fix use after free on IPC_RMID after a task using same semaphore set exits <Herton R. Krzesinski> 7 months ago
1d275d9 : EDAC, ppc4xx: Access mci->csrows array elements properly <Michael Walle> 8 months ago
334b3bb : libfc: Fix fc_fcp_cleanup_each_cmd() <Bart Van Assche> 10 months ago
0adcec6 : libiscsi: Fix host busy blocking during connection teardown <John Soni Jose> 9 months ago
f738306 : dm btree: add ref counting ops for the leaves of top level btrees <Joe Thornber> 7 months ago
bd1bdbe : localmodconfig: Use Kbuild files too <Richard Weinberger> 8 months ago
8a12aac : x86/ldt: Correct FPU emulation access to LDT <Juergen Gross> 8 months ago
fbe750b : x86/ldt: Correct LDT access in single stepping logic <Juergen Gross> 8 months ago
bcbcff7 : ocfs2: fix BUG in ocfs2_downconvert_thread_do_work() <Joseph Qi> 8 months ago
73619ea : MIPS: Make set_pte() SMP safe. <David Daney> 8 months ago
40ba03f : perf: Fix fasync handling on inherited events <Peter Zijlstra> 10 months ago
d86129c : rds: fix an integer overflow test in rds_info_getsockopt() <Dan Carpenter> 8 months ago
24e5a85 : xhci: fix off by one error in TRB DMA address boundary check <Mathias Nyman> 8 months ago
 
**** vanir:kernel_samsung_jf ****
abf2de2 : UPSTREAM: include/linux/poison.h: fix LIST_POISON{1,2} offset <Vasily Kulikov> 7 months ago
f93c28b : pipe: iovec: Fix memory corruption when retrying atomic copy as non-atomic <Ben Hutchings> 9 months ago
 
**** vanir:kernel_samsung_klte ****
8a07f2a : fuse: break infinite loop in fuse_fill_write_pages() <Roman Gushchin> 5 months ago
7a07bc5 : net: ipv6: allow choosing optimistic addresses with use_optimistic <Erik Kline> 1 year, 4 months ago
6d2ca95 : net: ipv6: Add a sysctl to make optimistic addresses useful candidates <Erik Kline> 1 year, 5 months ago
6778518 : f2fs: fix include <OzzysCmAcc> 9 days ago
d64698c : f2fs: recovery missing dot dentries in root directory <Liu Xue> 4 weeks ago
eb34ecd : msm: vidc: skip fps round off when client sets 1 fps <Balamurugan Alagarsamy> 5 months ago
daddfdb : mm: vmscan: fix the page state calculation in too_many_isolated <Vinayak Menon> 1 year, 3 months ago
b55b092 : msm: perf: validate input argument of ev_constraints functions <Kishor PK> 5 weeks ago
ec012bc : crypto: msm: qcrypto: Remove duplicate definition of list_next_entry() <myfluxi> 10 months ago
67ebaa8 : list: introduce list_first_entry_or_null <Jiri Pirko> 2 years, 10 months ago
babbc35 : ANDROID: mmc: move to a SCHED_FIFO thread <Tim Murray> 9 weeks ago
6526fb0 : ANDROID: dm-crypt: run in a WQ_HIGHPRI workqueue <Tim Murray> 9 weeks ago
33bd597 : ipv6: addrconf: Fix recursive spin lock call <Subash Abhinov Kasiviswanathan> 7 weeks ago
430748c : msm: kgsl: Fix race condition in adreno_spin_idle() <Suman Tatiraju> 6 weeks ago
1d3a317 : mm/page_allo.c: restructure free-page stealing code and fix a bug <Srivatsa S. Bhat> 2 years, 6 months ago
b69de1c : KEYS: Fix race between read and revoke <David Howells> 3 months ago
3293481 : msm: null pointer dereferencing <Wish Wu> 10 weeks ago
c35d2f5 : net: wireless: bcmdhd: check packet length for event messages <Patrick Tjin> 3 months ago
e3e9d95 : net: wireless: bcmdhd: Add checks for stack buffer overflows <dataanddreams> 4 months ago
ccdacbf : bcmdhd: Add checks for stack buffer overflows <dataanddreams> 4 months ago
 
**** cmold:android_kernel_sony_apq8064 ****
e3ade19 : fusion3: Disable SysV IPC <Olivier Karasangabo> 2 days ago
fc4be42 : UPSTREAM: proc: actually make proc_fd_permission() thread-friendly <Oleg Nesterov> 5 months ago
a38efea : UPSTREAM: proc: make proc_fd_permission() thread-friendly <Oleg Nesterov> 2 years, 6 months ago
3644abc : pipe: iovec: Fix memory corruption when retrying atomic copy as non-atomic <Ben Hutchings> 9 months ago
b7bfd13 : net: ipc_router: fix leak of kernel memory to userspace <Arun Kumar Neelakantam> 8 weeks ago
91209ad : msm: perf: Protect buffer overflow due to malicious user <Swetha Chikkaboraiah> 8 weeks ago
2e565d0 : msm: null pointer dereferencing <Wish Wu> 10 weeks ago
1c4bb27 : include/linux/poison.h: fix LIST_POISON{1,2} offset <Vasily Kulikov> 2 months ago
a391c5e : tty: Fix unsafe ldisc reference via ioctl(TIOCGETD) <Peter Hurley> 2 months ago
1827f65 : KEYS: Fix race between read and revoke <David Howells> 3 months ago
66c2b6d : fuse: break infinite loop in fuse_fill_write_pages() <Roman Gushchin> 5 months ago
d5bc1c0 : mm: fix prctl_set_vma_anon_name <Colin Cross> 1 year, 8 months ago
b464086 : ext4: make orphan functions be no-op in no-journal mode <Anatol Pomozov> 3 years, 6 months ago
5dadc81 : net: add validation for the socket syscall protocol argument <Hannes Frederic Sowa> 3 months ago
bc7840e : bluetooth: Validate socket address length in sco_sock_bind(). <David S. Miller> 3 months ago
 
**** cmold:android_kernel_sony_msm8x27 ****
a6cf919 : nicki_defconfig: Remove qcache <RonGokhale> 18 hours ago
027afeb : msm: remove fmem support <Larry Bassel> 2 years, 9 months ago
1bcc8f4 : gpu: ion: Remove code for reusable heap <Laura Abbott> 3 years ago
 
**** vanir:packages_apps_Contacts ****
9791b63 : Fix NPE in Contact Card <Rohit Yengisetty> 31 hours ago
 
**** vanir:packages_apps_ContactsCommon ****
765b782 : LookupProviderImpl : add synchronization around ProviderInfo <Rohit Yengisetty> 6 days ago
a8419cc : Add RequestOrigin to LookupRequest <Rohit Yengisetty> 6 days ago
c5ab573 : Extend LookupProvider api to add an unique identifer <Rohit Yengisetty> 6 days ago
 
**** vanir:packages_apps_Dialer ****
4271c5b : update addCall to account for extra paramter <Ian Roy> 9 hours ago
fae80bf : Fix crash in call log. <Danny Baumann> 6 days ago
f35d670 : Delete failed CallRecording file <Arvind Mukund> 3 months ago
 
**** cm:CyanogenMod/android_packages_apps_Messaging ****
252ac72 : Change lookup request's origin to INCOMING_SMS <Rohit Yengisetty> 7 hours ago
fed2b36 : Fix menu item highlight color. <Danny Baumann> 6 days ago
 
**** vanir:packages_apps_Settings ****
9f4ec5e : Improve data usage strings <Michael Bestas> 25 hours ago
0d51215 : Settings: forward decrypt required on boot flag <Roman Birg> 27 hours ago
1cfc537 : Settings : Fix default privacy guard preference <Danesh M> 28 hours ago
6207c87 : Settings: Respect config_proximityCheckOnWakeEnabledByDefault <Gabriele M> 34 hours ago
a3549a2 : Settings : Add per app internet/data control <Danesh M> 2 weeks ago
f5dea70 : Settings: fix BT switch enabling discoverable mode <Roman Birg> 10 months ago
5ec1a5f : Move external input tile inclusion to device repo. <Danny Baumann> 6 days ago
ef612a6 : Settings: Update contributors cloud DB <Michael Bestas> 9 days ago
bd8d39c : Improve protected apps string <Michael Bestas> 10 days ago
 
**** cm:CyanogenMod/android_packages_apps_Trebuchet ****
27f915d : Fix metric reporting for remote folder <Artem Shvadskiy> 5 days ago
 
**** vanir:packages_apps_TvSettings ****
8d25283 : branding <nuclearmistake> 11 months ago
d6c9286 : About device: bring back vanir updater and our format <Dave Kessler> 1 year, 4 months ago
9253a15 : Fix modversion <nuclearmistake> 1 year, 4 months ago
 
**** cm:CyanogenMod/android_packages_providers_CallLogProvider ****
baef728 : [3/4] Account for extra bundle in tests <Stephen Bird> 4 weeks ago
 
**** vanir:packages_providers_ContactsProvider ****
e5d4dc7 : update addCall to account for extra paramter <Ian Roy> 9 hours ago
2e19826 : [4/4] Add column for storing origin in CallLog <Stephen Bird> 3 months ago
 
**** vanir:packages_services_Telecomm ****
934d29b : [2/4] Pass call extras to addcall <Stephen Bird> 4 weeks ago
 
**** vanir:packages_services_Telephony ****
81b5682 : PhoneToggler: fix setting sub for single sim <Roman Birg> 6 hours ago
 
**** vanir:system_netd ****
4128d74 : NetD : Allow passing in interface names for wifi/data app restriction <Danesh M> 2 weeks ago
 
**** cm:CyanogenMod/cm_platform_sdk ****
b05ce12 : Themes: Check theme api level in onBootPhase <d34d> 11 days ago
 
**** commotio:commotio ****
96dd8ba : Bump + 91 hack <DHOMD> 2 days ago
ffc0df3 : Fingerprinted <DHOMD> 2 days ago
 
**** vanir:vendor_motorola ****
b98c0e1 : msm8610-common: commonize libmot_sensorlistener <Sultan Qasim Khan> 21 hours ago
 
**** vanir:vendor_oneplus ****
6e22f6e : bacon: Regenerate proprietary libraries <Ethan Chen> 6 hours ago
b2c98cd : oneplus2: Remove widevine blobs and correct keystore name <Willi Ye> 29 hours ago
9389c58 : onyx: Update Blobs <Ashwin Ramesh> 9 days ago
1f61064 : oneplus2: Add fingerprint sensor <Willi Ye> 2 weeks ago
 
**** vanir:vendor_samsung ****
ebef69c : galaxys2 and smdk4412: open source libUMP <Simon Shields> 4 weeks ago
 
**** vanir:vendor_vanir ****
3fc7689 : Run matcher <nuclearmistake> 2 days ago
 
