
**** aosp:platform/cts ****
db17612 : DO NOT MERGE: disable tests that fail on some devices (Hammerhead) <tinazh> 8 days ago
 
**** cm:CyanogenMod/android_device_htc_msm8974-common ****
728edc6 : msm8974: use half-res boot ani <Dan Pasanen> 7 weeks ago
 
**** vanir:device_huawei_angler ****
a555426 : Revert "Use multithread decode for boot animation." <Sam Mortimer> 5 days ago
 
**** cm:CyanogenMod/android_device_huawei_kiwi ****
13dbc0e : Keyhandler: Add debugging <Michael W> 4 months ago
2993792 : kiwi: Disable WiFi IpReachabilityMonitor <Michael W> 5 days ago
919f684 : Kiwi: Fix USB tethering <Michael W> 6 days ago
 
**** vanir:device_lge_bullhead ****
d1d6f00 : Revert "Use multithread decode for boot animation." <razorloves> 24 hours ago
 
**** vanir:device_moto_shamu ****
d6e6bab : shamu: update build fingerprint & description to MOB31K <razorloves> 22 hours ago
ddc1f98 : shamu: overlay-cm: Fix coding of config_defaultNotificationColor <Elektroschmock> 4 weeks ago
 
**** github:motoG4-Development/device_motorola_athene ****
795b68b : fix a few derpy paths <ejjohnson1999> 4 days ago
71b3996 : we are not going to use zram <ejjohnson1999> 5 days ago
f021ea0 : athene: disable discard on userdata <ejjohnson1999> 5 days ago
45959ad : fix in call audio <ejjohnson1999> 5 days ago
e6c2e73 : derpage pointed out by @sileshn <ejjohnson1999> 5 days ago
3891560 : set TARGET_KEYMASTER_WAIT_FOR_QSEE := true <ejjohnson1999> 5 days ago
35b13d3 : boot animation us multithread decode <ejjohnson1999> 5 days ago
a20cde4 : add some missing audio stuff <ejjohnson1999> 2 weeks ago
cbd679a : Drop a cm_ defconfig prefix <ejjohnson1999> 5 days ago
bcb13c3 : fix system.prop path <ejjohnson1999> 5 days ago
3aacb95 : we dont use a common tree <ejjohnson1999> 5 days ago
 
**** vanir:device_motorola_omap4-common ****
1f92801 : omap4-common: also try mounting userdata as ext4 <Michael Gernoth> 5 days ago
 
**** cm:CyanogenMod/android_device_motorola_victara ****
a9dc4dd : cmactions: Hold a wakelock when the screen is on <Gabriele M> 7 days ago
22984ed : Revert "cmactions: set wakelock based on screen state" <Dan Pasanen> 8 days ago
d0e3212 : Revert "cmactions: Hold a wakelock when the screen is on" <Dan Pasanen> 8 days ago
 
**** github:dysoct/android_device_oneplus_onyx ****
894d3d0 : update dependencies <dysoct> 6 days ago
 
**** cm:CyanogenMod/android_device_oppo_msm8974-common ****
2375751 : Revert "Use multithread decode for boot animation." <Michael Bestas> 6 days ago
 
**** vanir:device_qcom_common ****
f2dc529 : power: msm8937: Fix build warnings <Zhao Wei Liew> 3 days ago
 
**** vanir:device_qcom_sepolicy ****
3d5eb2a : msm8937: boot block device needs context, too <Ricardo Cerqueira> 34 hours ago
f297dd3 : msm8937: Add context to recovery block device <Ricardo Cerqueira> 4 days ago
 
**** vanir:device_samsung_jf-common ****
c569567 : jf: Remove unused graphics libraries <Zhao Wei Liew> 11 days ago
94155c5 : Revert "jf: Use multithread decode for boot animation" <Zhao Wei Liew> 6 days ago
 
**** vanir:frameworks_av ****
1c6e16c : Allow to use baseline profile for AVC recording <Andreas Blaesius> 17 hours ago
2e39b85 : libstagefright: wfd: don't use intra macroblock refresh mode on omap4 <Ziyan> 1 year, 7 months ago
 
**** vanir:frameworks_base ****
d84227c : Fix zen priority mode vibration logic. <Danny Baumann> 7 days ago
1722432 : SystemUI: Fix possible NPE <Michael W> 12 days ago
ce521ee : services: battery: Don't blink with an hvdcp charger <Diogo Ferreira> 4 days ago
2d6cf0c : bootanimation: enable multithread decode by default <Dan Pasanen> 8 days ago
3217d8c : Use material icons in printer selection activity. <Danny Baumann> 10 days ago
 
**** cm:CyanogenMod/android_hardware_qcom_audio ****
11a2544 : hal: Allow building hardware audio encoders <Arne Coucheron> 1 year, 9 months ago
689a72c : hal: Haxed header <Steve Kondik> 3 months ago
4d2257f : hal: Fix the input device is disabled when VOICE and VOIP are active <kunleiz> 8 months ago
20a97cb : hal: Fix device selection at start of the voice call <Shiv Maliyappanahalli> 1 year ago
a8a6e1f : audio: hal: Ensure correct configuration of ADM during HIFI playback. <Ashish Jain> 6 weeks ago
a879bb4 : hal: allow VOIP standby to enable correct device for subsequent usecases <Zhou Song> 4 months ago
b673740 : DO NOT MERGE Fix AudioEffect reply overflow <Andy Hung> 6 months ago
dffee2a : policy_hal: Move global effects to correct output <Ashish Jain> 5 months ago
a21aa49 : hal: Support custom mixer_paths file names <Ricardo Cerqueira> 7 weeks ago
543e8fa : msm8937: policy_hal: Don't fill in offload information for unsupported streams <Diogo Ferreira> 8 weeks ago
f0dd612 : msm8937: acdb: Make acdb reloading optional <Diogo Ferreira> 9 weeks ago
bf8c1ab : audio: Fix complilation warnings under Clang <Steve Kondik> 4 months ago
a11ff3c : ssr: Fix building with OSS materials <Ricardo Cerqueira> 5 months ago
77bb1db : post proc : volume listener : fix effect release crash <Eric Laurent> 11 months ago
d796841 : hal: Add support to reload ACDB files <Karthik Reddy Katta> 7 months ago
e1b5f35 : make: Fixup cross-platform guards <Ricardo Cerqueira> 6 months ago
95d38b9 : hal : Fix banned API's and input validation errors <Preetam Singh Ranawat> 7 months ago
67ab751 : hal: return with error code to avoid tearing down existing recording <Zhou Song> 7 months ago
90f2a4c : hal: add support for msm8917 tmo, msm8917 sku5 and msm8940 sku6 <Meng Wang> 7 months ago
9898456 : audiopolicymanager: fix device selection in getNewOutputDevice <Satya Krishna Pindiproli> 7 months ago
21f9fa7 : hal: post_proc: Do not enable volume listener <Dhanalakshmi Siddani> 7 months ago
6540c07 : audiopolicy: check active direct output before adding DIRECT_PCM flag <Zhou Song> 8 months ago
354a07c : hal: Update to make code more reliable <Kuirong Wang> 9 months ago
5319430 : hal : Fix data initialization and input validation errors <Preetam Singh Ranawat> 8 months ago
d77d3b3 : policy_hal: add support for 32/48KHz support for voip <Shiv Maliyappanahalli> 9 months ago
e66aba2 : hal: add support for 32/48KHz for voip <Shiv Maliyappanahalli> 10 months ago
78b70c0 : hal: add support for fluence in voice recognition <Vidyakumar Athota> 1 year, 4 months ago
726c71d : Revert "hal: Fix SSR issue for compress offload playback" <Naresh Tanniru> 9 months ago
a969a9b : Remove internal code name of msmtitanium for msm8952. <Arusha Goyal> 8 months ago
fd7607b : hal: stop sound trigger buffering during close <Mingming Yin> 10 months ago
fdbcd9d : Remove internal code name of msmtitanium for msm8952. <Arusha Goyal> 8 months ago
60cd764 : audio: port sound trigger fixes <Mingming Yin> 9 months ago
0a79f2c : hal: reset backend configuration before speaker calibration <Vidyakumar Athota> 10 months ago
4ffc926 : hal: Add support to get speaker FTM parameters <Vidyakumar Athota> 9 months ago
3abfee2 : Revert "hal: Fix voice call routing issue on headset" <Karthik Reddy Katta> 9 months ago
b137994 : hal: Fix warnings in audio HAL and policy <Alexy Joseph> 9 months ago
31eefec : hal: correct offload tear down check due to sw effect <Weiyin Jiang> 8 months ago
869f201 : hal: force device switch only for headset and headphone <Xiaojun Sang> 9 months ago
46025ef : hal: update compress offload pcm device ID <Vidyakumar Athota> 11 months ago
58081b6 : audiopolicy: fix notification tone during call not stopped after call ended <Zhou Song> 9 months ago
fccb915 : audiopolicy: do not set FM volume during device connection/disconnection <Satya Krishna Pindiproli> 9 months ago
0d47176 : hal: Fix the device disable/enable sequence for capture usecases <Karthik Reddy Katta> 1 year, 3 months ago
74a2eee : hal: support wsa combo for jacala <Naresh Tanniru> 9 months ago
cd327f8 : hal: don't allow track offload if there's active sw effect <Weiyin Jiang> 9 months ago
488ac37 : hal: spkr_prot: read temperature once during calibration <Vidyakumar Athota> 9 months ago
fdd505a : hal: limit AFE and ADM sample rate at 48 for speaker <Sidipotu Ashok> 9 months ago
bbce432 : hal: Ensure that stream is not started during Sub system restart. <Ashish Jain> 9 months ago
d211ef5 : policy_hal: handle incall sonification without checking output refCount <Weiyin Jiang> 9 months ago
4bd09d0 : hal: Add support to dynamically configure MI2S rx sample rate <Venkata Narendra Kumar Gutta> 10 months ago
f98e42f : hal: Remove return values from void functions <Leena Winterrowd> 10 months ago
 
**** cm:CyanogenMod/android_hardware_qcom_audio ****
dc4a1f6 : DO NOT MERGE Fix AudioEffect reply overflow <Andy Hung> 5 months ago
52af337 : hal: Garbage output in logcat <Keith Mok> 6 months ago
23187da : policy_hal: handle incall sonification without checking output refCount <Weiyin Jiang> 9 months ago
79f27c0 : hal: Fix WFD and voice call over USB concurrency <vivek mehta> 7 months ago
59da825 : hal: spk_prot: remove cond_wait for spkr_calib_cancel <Laxminath Kasam> 7 months ago
a0266fe : audio: update flags for selection of VoIP direct output <Karthik Reddy Katta> 12 months ago
e38d22a : hal: Fix glitch in audio playback during device switch <Weiyin Jiang> 8 months ago
237f1e8 : hal: spkr_prot: read temperature once during calibration <Vidyakumar Athota> 9 months ago
a74d752 : hal: correct offload tear down check due to sw effect <Weiyin Jiang> 8 months ago
886c244 : hal: remove explicit direct pcm usecase <vivek mehta> 1 year, 2 months ago
f6cd4f7 : hal: stop sound trigger buffering during close <Mingming Yin> 10 months ago
4fb2812 : hal: don't allow track offload if there's active sw effect <Weiyin Jiang> 9 months ago
bfe1cc3 : hal: Fix 44.1Khz playback when native support is not enabled <Amit Shekhar> 10 months ago
dc520bc : libaudiopolicymanager: DirectPCM: fix 44.1 clip playing noisy issue <vivek mehta> 12 months ago
b73a764 : audio: Extend platform parser to allow device name aliasing <Ethan Chen> 2 years, 2 months ago
64387ed : hal: Fix voice call recording <solk2> 2 years, 2 months ago
91c7d6b : hal: Fix digital USB headset combo device <Steve Kondik> 2 years, 2 months ago
be6fdfc : hal: Clean up compilation warnings <Steve Kondik> 1 year, 11 months ago
13ba1b4 : hal: Add support for audio amplifier HAL <Ethan Chen> 3 years, 6 months ago
381b7a0 : audio: Configure CM default feature set <Steve Kondik> 1 year, 11 months ago
b25084a : hal: Allow building hardware audio encoders <Arne Coucheron> 1 year, 9 months ago
f48de3d : audio: Use project pathmap <Ethan Chen> 11 months ago
1362fc7 : audio: Only allow non-legacy HAL <Ethan Chen> 11 months ago
b5b6d33 : hal: Update format table with AAC ADTS formats. <Ashish Jain> 12 months ago
102616d : HAL: Identify the track offload session <Sharad Sangle> 11 months ago
d7eaf2b : HAL: Identify Track offload session <Alexy Joseph> 12 months ago
8c21ad7 : Merge DAX2 changes <Gao Jie> 12 months ago
fc04fdc : hal: update in_call flag state based on mode information <Venkata Narendra Kumar Gutta> 1 year, 1 month ago
12467a1 : hal: Use AUDIO_TX_MONO_COPP topology for incall record usecases <Karthik Reddy Katta> 12 months ago
 
**** cm:CyanogenMod/android_hardware_qcom_display ****
e435cea : Don't build lights module if vendor supplies it <Steve Kondik> 2 years ago
9f98625 : make: Adjust to dynamic paths <Ricardo Cerqueira> 6 months ago
df7f309 : sdm: Add NULL check for allocated memory <Ramakant Singh> 7 months ago
5b880f0 : gralloc : Add singleton class for mdp capability <Ramakant Singh> 7 months ago
b8cb6de : sdm: Fix incorrect permission on hw_info.cpp <Naseer Ahmed> 8 months ago
805ea87 : libgralloc: Get appropriate width and height from metadata <Ramkumar Radhakrishnan> 8 months ago
57f0cc4 : sdm: Set the new panel width and height correctly <Ramakant Singh> 8 months ago
354bf79 : sdm: Disable partial update only if is enabled. <Dileep Marchya> 8 months ago
4570003 : sdm: Add parameter check for content list <Manoj Kumar AVM> 9 months ago
c5109e6 : sdm : Apply Default Mode on real framework start <Sravan Kumar D.V.N> 8 months ago
5e0a1dc : hwc: Initialize pipe type to kPipeTypeUnused <Pullakavi Srinivas> 8 months ago
c487a88 : sdm: Initialize blit class members <Anjaneya Prasad Musunuri> 8 months ago
3cb64d9 : sdm:  Adding mapping of MDP RGB565_UBWC  format to SDM format <Anjaneya Prasad Musunuri> 8 months ago
f4912df : sdm: Add support for 10 bit RGB/YUV formats. <Ramkumar Radhakrishnan> 8 months ago
db89d1f : libgralloc: Add support for 10 bit RGB/YUV formats. <Ramkumar Radhakrishnan> 8 months ago
813ec82 : sdm: Create rotator modules only if a config has required h/w <Saurabh Shah> 9 months ago
cdd3895 : sdm: Add support for V4L2 Rotator <Saurabh Shah> 12 months ago
48c0356 : sdm: Indicate if Rotator is separate H/W block <Sushil Chauhan> 9 months ago
9964fc0 : sdm: Read number of rects from per-pipe caps <Sushil Chauhan> 9 months ago
07f4d41 : sdm:  Adding mapping of MDP RGB565_UBWC  format to SDM format <Anjaneya Prasad Musunuri> 8 months ago
6f227cf : sdm: Set max_layers to 0 when HDMI is in S3D mode <Xu Yang> 10 months ago
53a9573 : sdm: color-manager: PA Dither implementation. <Siddharth Zaveri> 8 months ago
d9f58e0 : sdm: Fix layer blending parameter setting. <Ramkumar Radhakrishnan> 10 months ago
bf04660 : sdm: Fix default ROI initialization <Ramkumar Radhakrishnan> 8 months ago
a212934 : gralloc: Ignore IGC setting. <Dileep Marchya> 10 months ago
bb069a6 : sdm: Fix Wconversion errors <Naseer Ahmed> 9 months ago
95cf0f2 : sdm: color-manager: Add support for global dither. <Siddharth Zaveri> 9 months ago
36e000a : gralloc: Fix RAW10 stride <Ranjith Kagathi Ananda> 1 year, 5 months ago
0899057 : sdm: Initialize blit engine only if blit is supported. <Anjaneya Prasad Musunuri> 8 months ago
7b23121 : sdm: Fix out of bound access to HWC layers. <Dileep Marchya> 8 months ago
15ac3bd : Revert "sdm: Allocate layer stack objects individually." <Dileep Marchya> 8 months ago
eb97bc9 : sdm: Populate supported format table map from sysfs node <Ramkumar Radhakrishnan> 10 months ago
b2781cc : sdm: Typecast void pointer to mdp scale structure for QSEED2. <Ramkumar Radhakrishnan> 9 months ago
d4fa563 : sdm: Avoid flush for virtual display when no app layer is present. <Anjaneya Prasad Musunuri> 9 months ago
cb44d97 : libgralloc: disable UBWC for video encoder usecase <Manikanta Kanamarlapudi> 9 months ago
9c72d0d : sdm: Resolve mismatched deallocation of memory <Anjaneya Prasad Musunuri> 9 months ago
ee63e37 : sdm: Add output buffer resolution in dump <Manoj Kumar AVM> 10 months ago
2e2830c : sdm: Read per-pipe caps from MDP caps <Sushil Chauhan> 10 months ago
66b1fa5 : sdm: Allocate layer stack objects individually. <Dileep Marchya> 10 months ago
165ef42 : sdm: color-manager: Resolve uninitialized variable access. <Siddharth Zaveri> 9 months ago
7d0727d : sdm: Mark layer as updating if geometry has changed. <Dileep Marchya> 10 months ago
a55f866 : sdm: Fix out of bounds access <Saurabh Shah> 9 months ago
bd4aaf2 : libmemtrack: Update the parsing of flags field <Harshdeep Dhatt> 11 months ago
f77878d : sdm: Read max panel brightness level from file node. <Siddharth Zaveri> 10 months ago
930582e : sdm: Add an interface to store layer's input buffer id. <Ramkumar Radhakrishnan> 10 months ago
647e171 : hwc: Fix mutex deadlock in GetVsyncPeriod <Manoj Kumar AVM> 10 months ago
46ef281 : sdm: Add support for S3D video <Yang Xu> 11 months ago
cd0dace : sdm: Add CSC information in dump. <Dileep Marchya> 10 months ago
f8fa2a8 : sdm: Write auto refresh value only if changed <Saurabh Shah> 11 months ago
ae51451 : sdm: hwc: Use display_defs.h <Arun Kumar K.R> 11 months ago
 
**** cm:CyanogenMod/android_hardware_qcom_display ****
7b9a3a1 : hwc/overlay: Validate cursor position in hwc_setPositionAsync <Baldev Sahu> 9 months ago
4c401f0 : hwc: Fix sanitize ROI func <Ramakant Singh> 9 months ago
6dab9c9 : hwc: Apply Default Mode on real framework start <Sravan Kumar D.V.N> 9 months ago
732b9ac : qdutils: Correct the hwc-driver mismatch <Ramakant Singh> 9 months ago
f1e2905 : hwc: remove local constant DISPLAY_ATTRIBUTES list <Ramakant Singh> 10 months ago
a74edfb : hwc: Remove references to display-frameworks <Ethan Chen> 10 months ago
c7cce05 : hwc: Fix compile errors after display-frameworks removal <Arne Coucheron> 10 months ago
b375570 : hwc: Support for QDCM Preference when PU enabled <Nitesh Gupta> 11 months ago
cc1ec84 : hwc: Set ioprio for vsync thread <Steve Kondik> 1 year, 2 months ago
7516867 : Don't build lights module if vendor supplies it <Steve Kondik> 2 years ago
730d245 : Revert "hqd: Use MSM_VIDC_TARGET_LIST for Venus color format" <Ethan Chen> 11 months ago
bc1215a : display: Use project pathmap <Ethan Chen> 2 years ago
c324d73 : hwc: Set DefaultMode after bootup completion <Ramakant Singh> 11 months ago
8a6e7c9 : gralloc: Add a private flag for INTERNAL only <Arun Kumar K.R> 1 year, 2 months ago
394c830 : hwc: Donot update dynamic-fps when device is not active <Ramakant Singh> 1 year, 1 month ago
8f21571 : hwc: Do not wait for MDSS fence for layers with rotation <Dileep Kumar Reddi> 1 year, 1 month ago
d2c5ca0 : hwc: Start with ROI set to destination <Arun Kumar K.R> 1 year, 1 month ago
9ef4d8c : hwc: Set minfps as part of timeout_handler during idlefallback <Ramakant Singh> 1 year, 1 month ago
0d616ba : Revert "hwc: Relax format change restrictions for certain targets" <Dileep Kumar Reddi> 1 year, 1 month ago
213ead5 : Default flexible YUV format to NV21 <Tanmaya Godbole> 1 year, 2 months ago
ed75fdb : hwc: Reset refresh-rate for few cases as part of timeout handler <Dileep Kumar Reddi> 1 year, 1 month ago
56ed396 : gralloc: Add support for PRIV_FLAGS_DISP_CONSUMER <Surajit Podder> 1 year, 5 months ago
a2d5295 : hwc: Support ActionSafe on targets with non-scaling RGB pipes. <Sandeep Panda> 1 year, 2 months ago
248378d : gralloc: Use adreno_utils api for NV21 and NV12 alignment <Sushil Chauhan> 1 year, 2 months ago
037d21d : hwc: Use basePipe for fullscreen and opaque layer <Pullakavi Srinivas> 1 year, 2 months ago
77ec4ef : gralloc: Modify check for uncompressed RGB buffers <Naomi Luis> 1 year, 2 months ago
449fbe0 : hwc: Use aligned width and height <Dileep Kumar Reddi> 1 year, 2 months ago
02dbc50 : Revert "HWC: use aligned width and height for rearranging ROI" <Dileep Kumar Reddi> 1 year, 2 months ago
cd7217a : hwc: Support ActionSafe on targets with non-scaling RGB pipes. <Sandeep Panda> 1 year, 2 months ago
eed742d : overlay: add tertiary display definition in overlay <Vinu Deokaran> 1 year, 2 months ago
a029479 : hwc: Validate display ID in hwc interface <Arun Kumar K.R> 1 year, 2 months ago
09441c1 : gralloc: Add missing changes related to RAW16 <Raj Kamal> 1 year, 3 months ago
7ea10c5 : hwc: Use basePipe for fullscreen and opaque layer <Pullakavi Srinivas> 1 year, 2 months ago
c039f6e : hwc: Use aligned width and height <Dileep Kumar Reddi> 1 year, 2 months ago
60cbe72 : Revert "HWC: use aligned width and height for rearranging ROI" <Dileep Kumar Reddi> 1 year, 2 months ago
2e918bf : hwc: Avoid idlefallback during video playback <Raj Kamal> 1 year, 2 months ago
fbe5a60 : HWC: use aligned width and height for rearranging ROI <Dileep Kumar Reddi> 1 year, 2 months ago
597b313 : hwc: Featurize HWC_DISPLAY_SECURE <Raj Kamal> 1 year, 2 months ago
eb4d7a6 : hwc: Use HWC_DISPLAY_NO_ATTRIBUTE as terminator. <Prabhanjan Kandula> 1 year, 2 months ago
410ba7c : hwc : Normalize source crop before validating scaling limits. <Prabhanjan Kandula> 1 year, 3 months ago
95fef31 : hwc: Relax format change restrictions for certain targets <Dileep Kumar Reddi> 1 year, 3 months ago
42a1c98 : hwc: Changes for display-hal compilation with QTI_BSP enabled <Ramakant Singh> 1 year, 3 months ago
c772eec : hwc: Do not use Borderfill pipe for composition in WFD <Dileep Kumar Reddi> 1 year, 3 months ago
e5268fd : hwc/overlay: Pass handle w/h and crop w/h through fb_image field <Arun Kumar K.R> 1 year, 4 months ago
5d39f02 : hwc: Log warning instead of mHDMIClient object not available <Dileep Kumar Reddi> 1 year, 3 months ago
55b3489 : hwc: Ignore float-conversion for included headers <Naseer Ahmed> 1 year, 3 months ago
82fe9c6 : hwc: Do not consider rotation for smart blit <Ramakant Singh> 1 year, 3 months ago
dd689ff : hwc: Do not create idle invalidator for MDP3 targets <Dileep Kumar Reddi> 1 year, 3 months ago
c58836b : hwc: Align ROI's width and height in both directions <Dileep Kumar Reddi> 1 year, 3 months ago
19f2250 : hwc: Fix SF crash due to SIGSEGV error <Raj Kamal> 1 year, 3 months ago
 
**** cm:CyanogenMod/android_hardware_qcom_display ****
c823234 : libmemtrack: Update the parsing of flags field <Harshdeep Dhatt> 7 months ago
5277cf2 : sdm: Handle spurious wakeup from pthread_cond_wait <Saurabh Shah> 6 months ago
1a7387c : hwc: Initialize pipe type to kPipeTypeUnused <Pullakavi Srinivas> 8 months ago
0400de2 : sdm: Fix HDMI connect failures while changing the mode <Ramkumar Radhakrishnan> 4 months ago
5a2c41d : Revert "sdm: Fix Dynamic frame rate issue" <Ramkumar Radhakrishnan> 4 months ago
ec5aa61 : hdmi: Reset S3D configuration on bootup <feifanz> 4 months ago
643a537 : sdm: Reconfigure display on SetRefreshRate <Manoj Kumar AVM> 4 months ago
e3a3353 : sdm: Fix Dynamic frame rate issue <Manoj Kumar AVM> 4 months ago
202ab44 : hdmi: Set correct initial S3D configuration <feifanz> 4 months ago
0bbc949 : sdm/hwc: Silence logspam <Steve Kondik> 4 months ago
37605f8 : sdm: Remain display framerate after dynamic resolution change <feifanz> 4 months ago
3b48227 : hdmi: Set correct S3D configuration on bootup <Manoj Kumar AVM> 4 months ago
8775a2b : sdm: Notify surfaceflinger to draw S3D framebuffer target <feifanz> 7 months ago
52da784 : sdm: Fix rotator input buffer fence initialization for S3D use case <Ramkumar Radhakrishnan> 4 months ago
9f840e1 : sdm: Fix dynamic refresh rate setting during S3D video playback. <Ramkumar Radhakrishnan> 4 months ago
30f3628 : sdm: Add binder support to force set HDMI framerate <feifanz> 6 months ago
2b9f200 : sdm: Limit composed layers for non primary displays <Krishna Srinivas> 5 months ago
68b10a4 : sdm: Add mode chose for dynamic framerate switch <feifanz> 5 months ago
5277365 : sdm: Power on HDMI panel when pluged in <feifanz> 5 months ago
3d5d4c1 : libmemtrack: Update the parsing of flags field <Harshdeep Dhatt> 7 months ago
0c39af5 : sdm:  Adding mapping of MDP RGB565_UBWC  format to SDM format <Anjaneya Prasad Musunuri> 8 months ago
5e6e766 : gralloc: Handle RAW_OPAQUE formats similar to blob <Naseer Ahmed> 6 months ago
2106b2a : sdm: Fix HDMI Primary and Virtual Display concurrency use case <Tatenda Chipeperekwa> 6 months ago
c5f91b1 : sdm: Set system property when HDMI is Primary <Tatenda Chipeperekwa> 7 months ago
371b9bc : sdm: Fix compilation error in hwc <Ramkumar Radhakrishnan> 6 months ago
a9f99ef : sdm: Typecast void pointer to mdp scale structure for QSEED2. <Ramkumar Radhakrishnan> 9 months ago
5e37cc9 : hwc: Initialize pipe type to kPipeTypeUnused <Pullakavi Srinivas> 8 months ago
49f32ce : sdm: Handle spurious wakeup from pthread_cond_wait <Saurabh Shah> 6 months ago
e588c17 : sdm : Apply Default Mode on real framework start <Sravan Kumar D.V.N> 8 months ago
4273f6c : sdm: Full ROI for 1 frame after resolution switch <Saurabh Shah> 7 months ago
09ed480 : sdm: Add support to report the pixel format of the display <Tatenda Chipeperekwa> 7 months ago
4d18fb9 : sdm: Disable partial update only if is enabled. <Dileep Marchya> 8 months ago
b60921b : sdm: Enable HDMI dynamic frame rate switch feature <feifanz> 8 months ago
2ca46a4 : qdMetadata: Add MetaData operation functions <feifanz> 8 months ago
d4f544e : sdm: HDMI as primary and headless display support <Tatenda Chipeperekwa> 7 months ago
3fc6dfa : sdm: Add independent hardware event thread for display events <Tatenda Chipeperekwa> 7 months ago
d180922 : sdm: Add sys wrappers for read, write, eventfd system calls <Tatenda Chipeperekwa> 7 months ago
57572d5 : qservice: Fixes for IQHDMIClient <Tatenda Chipeperekwa> 7 months ago
fcb06b6 : cec: Fix message parsing and enable wakeup feature <Tatenda Chipeperekwa> 7 months ago
d6591ae : sdm: Wrap DISPLAY_TERTIARY around QTI_BSP <Manoj Kumar AVM> 8 months ago
b7a0693 : sdm: Add parameter check for content list <Manoj Kumar AVM> 9 months ago
b5a157d : libmemtrack: Update parsing of kgsl mem file <Harshdeep Dhatt> 9 months ago
009ad60 : sdm: Set max_layers to 0 when HDMI is in S3D mode <Xu Yang> 10 months ago
bbeb6d6 : sdm: Initialize blit class members <Anjaneya Prasad Musunuri> 8 months ago
07d45cf : sdm: Fix out of bound access to HWC layers. <Dileep Marchya> 8 months ago
9b2cc73 : sdm: Fix default ROI initialization <Ramkumar Radhakrishnan> 8 months ago
cef3584 : sdm: color-manager: Add support for global dither. <Siddharth Zaveri> 9 months ago
19e6179 : sdm: Populate supported format table map from sysfs node <Ramkumar Radhakrishnan> 10 months ago
5fb5686 : sdm: Fix layer blending parameter setting. <Ramkumar Radhakrishnan> 10 months ago
631a683 : gralloc: Ignore IGC setting. <Dileep Marchya> 10 months ago
 
**** cm:CyanogenMod/android_hardware_qcom_media ****
a7b4886 : The libOmxSw encoders require prop headers :( <Ricardo Cerqueira> 3 months ago
4b1c56f : venc: Disable building vqzip into the encoder for OSS <Ricardo Cerqueira> 5 months ago
e9e9b32 : mm-core: change data type for version <Manikanta Kanamarlapudi> 5 months ago
07f11ee : make: Fix up platform inclusion <Ricardo Cerqueira> 5 months ago
e9f9ae8 : mm-video-v4l2: venc: Avoid processing ETBs/FTBs in invalid states <Praveen Chavan> 7 months ago
9eae7f2 : mm-video-v4l2: vdec: Avoid processing ETBs/FTBs in invalid states <Praveen Chavan> 7 months ago
3965563 : make: Adjust to dynamic paths <Ricardo Cerqueira> 6 months ago
b5a27bf : Avoid collision with the ffpmeg plugin <Ricardo Cerqueira> 6 months ago
d822edf : mm-video: Fix race condition in component. <Manikanta Sivapala> 7 months ago
cc6a5bb : mm-video: Handle ETB's with invalid length <Manikanta Sivapala> 7 months ago
d4c68ef : mm-video: Update function to flush cached ION output buffer. <Manikanta Sivapala> 7 months ago
6f4b96d : mm-video-v4l2: vidc: validate omx param/config data <Praveen Chavan> 7 months ago
70ecf07 : mm-video-v4l2: venc: add safety checks for freeing buffers <Praveen Chavan> 8 months ago
58cfe3e : mm-video-v4l2: vdec: add safety checks for freeing buffers <Praveen Chavan> 8 months ago
c9d33c1 : mm-video-v4l2: vdec: deprecate unused config OMX_IndexVendorVideoExtraData <Praveen Chavan> 8 months ago
162d7c2 : mm-video-v4l2: vidc: venc: KW fix to initialize v4l2 control. <Srinu Gorle> 7 months ago
ba4f857 : mm-video-v4l2: vdec: Malloc failure handling in memory prefetch <Rohit Kulkarni> 8 months ago
f05c40f : mm-video-v4l2: vdec: Add support for prefetching secure memory <Shalaj Jain> 10 months ago
1e09dcc : mm-video: swvdec: Flush cached ION output buffer. <Manikanta Sivapala> 8 months ago
5aa6868 : mm-video-v4l2: vidc: Do not queue output buffer if flush is in progress <Arun Menon> 11 months ago
451c330 : mm-video-v4l2: vidc: vdec: KW fix to initialize v4l2 control. <Abdulla Anam> 8 months ago
87af875 : Remove internal code name of msmtitanium for msm8953. <Arusha Goyal> 8 months ago
98c1933 : mm-video: swvdec: Enable "arbitrary bytes mode" via setparam. <Manikanta Sivapala> 8 months ago
6a113e8 : Remove internal code name of msmtitanium for msm8953. <Arusha Goyal> 8 months ago
66507f6 : mm-core: Add secure component registry entry <Vikash Garodia> 8 months ago
3c0c75c : mm-video-v4l2: vdec: Change preferred color format default order <Arun Menon> 12 months ago
47a3c9e : mm-core: Rename vpp component name in the registry. <Abdulla Anam> 9 months ago
f673dc5 : mm-video: swvdec: Fix bug in 'arbitrary bytes mode'. <Manikanta Sivapala> 9 months ago
658d7f6 : mm-video-v4l2: vdec: add support for vp8 secure decoder <Deepak Kushwah> 9 months ago
d5acdbb : mm-video-v4l2: vidc: update thread names <Vikash Garodia> 9 months ago
981d875 : mm-video: swvdec: Use C++ standard library queue classes. <Manikanta Sivapala> 9 months ago
4738e01 : mm-video: vidc: Communicate the right colorformat to the driver <Deva Ramasubramanian> 11 months ago
6480767 : mm-core: Add vp8 and vp9 secure decoders for titanium <Srinu Gorle> 9 months ago
3134ae4 : mm-video-v4l2: venc: revert add support for handling EOS buffer <Manikanta Kanamarlapudi> 9 months ago
3160904 : audio: Add entry for ALAC/APE software component <Preetam Singh Ranawat> 9 months ago
f09ef0f : mm-video: vidc: memset struct v4l2_format prior to S_FMT <Deva Ramasubramanian> 10 months ago
99a9dea : mm-video: swvdec: Fix FD leak. <Vikash Garodia> 9 months ago
21b0839 : Revert "mm-video-v4l2: vidc: Enhance VQZIP checks" <Manikanta Sivapala> 9 months ago
73109a9 : Revert "mm-video-v4l2: vidc: venc: Bug fixes for VZIP" <Manikanta Sivapala> 9 months ago
bf6b113 : mm-video-v4l2: venc: Add support for low latency mode <Srinu Gorle> 11 months ago
e3ab4f0 : mm-core: Fix compilation issue to erratic string constant <Amit Shekhar> 1 year, 2 months ago
68a4b6c : mm-video: swvdec: Add 'arbitrary bytes mode' support. <Manikanta Kanamarlapudi> 9 months ago
89b5e96 : mm-video-v4l2: vidc: venc: Bug fixes for VZIP <Praneeth Paladugu> 11 months ago
d9b4206 : libc2dcolorconvert: check if platform support c2d <Alex Wong> 10 months ago
fd7f872 : mm-video-v4l2: vidc: Enhance VQZIP checks <Praneeth Paladugu> 1 year, 2 months ago
ba30dca : mm-video: swvenc: update color format correctly <Manikanta Sivapala> 10 months ago
c950d91 : mm-video: swvdec: Fix bug in describe color format function. <Manikanta Sivapala> 10 months ago
cb9101d : mm-video-v4l2: venc: send flags to color converter <Maheshwar Ajja> 10 months ago
57a18a2 : mm-video: swvenc: Update color format correctly <Manikanta Sivapala> 10 months ago
66f5bdc : mm-video-v4l2: venc: Disable Bframes incase of UHD recording <Srinu Gorle> 12 months ago
 
**** cm:CyanogenMod/android_hardware_qcom_media ****
2182d03 : DO NOT MERGE mm-video-v4l2: venc: add checks before  accessing heap pointers <Praveen Chavan> 4 months ago
8db7a42 : DO NOT MERGE Fix wrong nAllocLen <Wonsik Kim> 4 months ago
d81a756 : mm-video-v4l2: vdec: Avoid processing ETBs/FTBs in invalid states <Praveen Chavan> 7 months ago
ddeb931 : mm-video-v4l2: venc: Avoid processing ETBs/FTBs in invalid states <Praveen Chavan> 7 months ago
1071714 : DO NOT MERGE mm-video-v4l2: vdec: deprecate unused config OMX_IndexVendorVideoExtraData <Praveen Chavan> 7 months ago
3dd7332 : DO NOT MERGE mm-video-v4l2: venc: add safety checks for freeing buffers <Praveen Chavan> 6 months ago
cbc1231 : DO NOT MERGE mm-video-v4l2: vidc: validate omx param/config data <Praveen Chavan> 6 months ago
bb2d97a : DO NOT MERGE mm-video-v4l2: vdec: add safety checks for freeing buffers <Praveen Chavan> 6 months ago
70ff94f : mm-video-v4l2: vdec: modify max supported level on msm8976 <Maheshwar Ajja> 8 months ago
9a1699d : mm-video-v4l2: Fix default session priority handling <Surajit Podder> 8 months ago
92b55f1 : mm-video-v4l2: vdec: Enhance video resolution check <Arun Menon> 9 months ago
bbcbc18 : mm-video-v4l2: vdec: Error out if set format ioctl fails <Abdulla Anam> 9 months ago
e184bed : mm-video-v4l2: vdec: Decrement semaphore count in error case. <vasantha> 9 months ago
ff3940f : mm-video-v4l2: Return correct level support for 8956 <Surajit Podder> 9 months ago
1fd6df0 : mm-video-v4l2: vidc: vdec: handle ftbs during reconfig and port disable <Abdulla Anam> 9 months ago
e9bacff : mm-video-v4l2: venc: check for null pointer <Maheshwar Ajja> 9 months ago
a699a13 : mm-video-v4l2: vdec: set 24 fps framerate for 4k clips <Deepak Kushwah> 10 months ago
bc9e191 : mm-video-v4l2: vidc: Fix race condition with msg thread fd close <Shalaj Jain> 12 months ago
a860362 : mm-video-v4l2: vidc: update thread names <Ashray Kulkarni> 1 year, 4 months ago
8e66146 : mm-video-v4l2: Add support for prefer adaptive playback extension <Shalaj Jain> 1 year, 4 months ago
41a5cfd : mm-video: Adjust stride value for planar format <Surajit Podder> 1 year, 6 months ago
c40cf77 : mm-video: vidc: Reliably stop the message thread <Deepak Kushwah> 11 months ago
62f611d : Fix duplicated OMX.qcom.audio.decoder.aac entry <Keith Mok> 11 months ago
69d6d4b : media: Avoid collision with FFMPEG plugin <Steve Kondik> 11 months ago
610c356 : media: Use project pathmap <Ethan Chen> 11 months ago
dc1b1d4 : mm-video-v4l2: Unmap dropped output buffers <Surajit Podder> 11 months ago
78521c5 : Include kernel header dependency for libOmxVidcCommon <Divya Sharma> 12 months ago
f9c92f0 : mm-video-v4l2: vidc: venc: Fix hybrid HP layer count <Abdulla Anam> 1 year, 1 month ago
a5dce41 : mm-video-v4l2: Enable get_param to check downscalar enablement <Surajit Podder> 1 year ago
e7743ae : mm-video-v4l2: venc: Add support to enhance hybrid Hier-p mode <Abdulla Anam> 1 year ago
75bc6a6 : mm-video-v4l2: vdec:  release buffer when qbuf to driver fails <Manikanta Kanamarlapudi> 1 year, 1 month ago
cfeaf87 : mm-video-v4l2: Use client buffer header for FTB <Surajit Podder> 1 year, 1 month ago
b6c736d : mm-video-v4l2: Disable intra refresh mode on msm8956/76 <Maheshwar Ajja> 1 year, 1 month ago
a54c5d4 : mm-video-v4l2: vdec: fix fps issues in arbitrary mode <Ashray Kulkarni> 1 year, 2 months ago
826ba8c : QCMetadata: add a new key for big buffers <Sidipotu Ashok> 1 year, 1 month ago
ef3143a : QCMetadata: Add key for setBuffers API support <Manikanta Kanamarlapudi> 1 year, 5 months ago
f178e8b : mm-video-v4l2: venc: support all I frame encoding usecase. <Abdulla Anam> 1 year, 1 month ago
bcf4fa3 : libstagefrighthw: Add header guard to QComOMXMetadata.h and fix file perms <Deva Ramasubramanian> 1 year, 2 months ago
e2d287f : mm-video-v4l2: vdec: streamoff while freeing first output buffer <Balamurugan Alagarsamy> 1 year, 11 months ago
f0fc3d0 : mm-video: Disable downscalar for non-display usecase <Surajit Podder> 1 year, 5 months ago
0997c8a : mm-video: Enable HEVC software encoder OMX component. <Manikanta Sivapala> 1 year, 2 months ago
8bb96de : mm-video_v4l2: pass crop nWidth and nHeight in reconfig event. <Abdulla Anam> 1 year, 2 months ago
afb1469 : mm-video-v4l2: Fix downscalar issue <Surajit Podder> 1 year, 2 months ago
269f6cd : mm-video-v4l2: Fix crash due to divide by zero <Surajit Podder> 1 year, 2 months ago
c14558c : mm-video-v4l2: venc: initialize the member variables <Maheshwar Ajja> 1 year, 2 months ago
99c2455 : mm-video-v4l2: vdec: Fix closing of file descriptor "0" <Deepak Kushwah> 1 year, 2 months ago
b4d0e38 : mm-video-v4l2: venc: limit pixels value in input buffers. <Abdulla Anam> 1 year, 2 months ago
1202ebd : mm-video_v4l2: pass crop nWidth and nHeight in reconfig event. <Abdulla Anam> 1 year, 2 months ago
1fc82f0 : mm-video: Disable downscalar for non-display usecase <Surajit Podder> 1 year, 5 months ago
6ecc67f : mm-core: update vpp related structures and enums. <Abdulla Anam> 1 year, 2 months ago
 
**** cm:CyanogenMod/android_hardware_qcom_media ****
1cbab89 : DO NOT MERGE mm-video-v4l2: venc: add checks before  accessing heap pointers <Praveen Chavan> 4 months ago
de2960f : DO NOT MERGE Fix wrong nAllocLen <Wonsik Kim> 4 months ago
5029df7 : venc: Fix VQZip issue <Steve Kondik> 3 months ago
fe01ff3 : mm-video-v4l2: vidc: venc: Remove unspported Levels <Praneeth Paladugu> 6 months ago
9a2ff6f : mm-video-v4l2: Fix crash during decoder output dump <Surajit Podder> 4 months ago
dc02ee7 : mm-video-v4l2: Detect interlace format types correctly. <Kim Zhang> 5 months ago
341f7d6 : mm-core: Add De-interlace case for VPP <Kim Zhang> 4 months ago
e896660 : mm-core: Fix the nVersion type issue in QOMX_EXTNINDEX_VIDEO_VENC_SAR <Kim Zhang> 4 months ago
8c6e1b9 : mm-video-v4l2: vdec: refine refresh_rate handling <Qiwei Liu> 5 months ago
05beae8 : venc: Disable building vqzip into the encoder for OSS <Ricardo Cerqueira> 5 months ago
0444f03 : Revert "venc: use libOmxVenc as blob" <Chao Chen> 5 months ago
6c2bccf : mm-video-v4l2: Fix issue with DCVS in split mode <Surajit Podder> 5 months ago
d92e6d9 : mm-video-v4l2: venc: Avoid processing ETBs/FTBs in invalid states <Praveen Chavan> 7 months ago
726dddc : mm-video-v4l2: vdec: Avoid processing ETBs/FTBs in invalid states <Praveen Chavan> 7 months ago
6f4a4ba : mm-video-v4l2: vide: vdec: modify refresh rate calculation <Qiwei Liu> 6 months ago
352a82c : mm-video-v4l2: Handle decoder output crop extradata <Vikash Garodia> 5 months ago
219d27a : venc: use libOmxVenc as blob <Matt Wagantall> 8 months ago
6cafea7 : mm-video-v4l2: vidc: Enumerate supported HEVC decoder profiles <Rohit Kulkarni> 6 months ago
b597f7e : mm-video-v4l2: vidc: Update supported Level values <Praneeth Paladugu> 9 months ago
5ae7676 : mm-video-v4l2: vdec: Update the buffer size after g_fmt <Vikash Garodia> 6 months ago
5b2d521 : mm-core: Remove the size and version fields for some vpp structures <Kim Zhang> 6 months ago
85372cd : mm-video-v4l2: vidc: vdec: Change DPB mode to combined for VP9 <Praneeth Paladugu> 6 months ago
45e8530 : mm-video-v4l2: Pass stride and scanlines with reconfig event <Abdulla Anam> 6 months ago
accaaf8 : mm-video-v4l2: vdec: DPB mode to split for CPU access of buffers <Praneeth Paladugu> 7 months ago
4925114 : mm-video-v4l2: vdec: deprecate unused config OMX_IndexVendorVideoExtraData <Praveen Chavan> 7 months ago
d4f4cdf : mm-video-v4l2: venc: add safety checks for freeing buffers <Praveen Chavan> 7 months ago
a797942 : mm-video-v4l2: vidc: validate omx param/config data <Praveen Chavan> 7 months ago
8c6b30e : mm-video-v4l2: vdec: add safety checks for freeing buffers <Praveen Chavan> 7 months ago
8943d96 : mm-video-v4l2: vidc: vdec: Add support for Output crop extra data <Arun Menon> 8 months ago
d39458f : mm-video-v4l2: vidc: Restore pixel format on capture plane <Kim Zhang> 7 months ago
73699c1 : mm-video-v4l2: Pointer null check before deferencing it <Deepak Kushwah> 10 months ago
b107003 : mm-video-v4l2: vidc: validate omx param/config data <Praveen Chavan> 7 months ago
d77c4a9 : mm-video-v4l2: vdec: deprecate unused config OMX_IndexVendorVideoExtraData <Praveen Chavan> 8 months ago
4802a3d : mm-video-v4l2: vidc: vdec: Add Extra data size during update_portdef <Arun Menon> 7 months ago
20f4efa : mm-video-v4l2: vidc: venc: Fix VQZIP issues <Praneeth Paladugu> 7 months ago
ace6a48 : mm-video-v4l2: vdec: Call vidioc_g_fmt to get updated buffer size <Arun Menon> 8 months ago
538225b : mm-video-v4l2: vdec: Malloc failure handling in memory prefetch <Rohit Kulkarni> 8 months ago
2a3c3fc : mm-video-v4l2: vidc: venc: Fix rotation issue <Praneeth Paladugu> 8 months ago
c1c9a54 : mm-video-v4l2: vdec: Add support for prefetching secure memory <Shalaj Jain> 10 months ago
cdd8a4b : mm-video-v4l2: vdec: add safety checks for freeing buffers <Praveen Chavan> 8 months ago
bd10da8 : mm-video-v4l2: venc: add safety checks for freeing buffers <Praveen Chavan> 8 months ago
c59fcaa :  mm-video-v4l2: vidc: HEVC Main10 profile support <Rohit Kulkarni> 8 months ago
56dd269 : mm-video: vidc: Squashed changes for component <Praneeth Paladugu> 8 months ago
347b90c : libc2dcolorconvert: refer c2d header from display <Praveen Chavan> 2 years, 6 months ago
14a416b : mm-video-v4l2: vdec: Increase buffer count to support high fps <Arun Menon> 10 months ago
6316605 : vidc: Fix makefiles <Steve Kondik> 1 year, 7 months ago
416ba49 : mm-video-v4l2: vidc: vdec: skip enabling S3D extra data for secure session <Srinu Gorle> 1 year, 7 months ago
5f4d49f : mm-video-v4l2: vidc: vdec: Add support for S3D metadata <Ashray Kulkarni> 1 year, 9 months ago
a53124e : mm-core: Fix compilation issue to erratic string constant <Amit Shekhar> 1 year, 2 months ago
a7f1dda : mm-video-v4l2: vidc: venc: Fix rotation issue for 180 degrees <Praneeth Paladugu> 12 months ago
 
**** cmold:android_kernel_htc_msm8974 ****
9af2432 : Fix incorrect conflict resolution in "vfs: Add setns support for the mount namespace" <Daniel Rosenberg> 1 year, 4 months ago
323bb42 : proc: fix build broken by proc inode per namespace patch <Jin Qian> 1 year, 4 months ago
b0b10b6 : ALSA: usb-audio: Fix double-free in error paths after snd_usb_add_audio_stream() call <Vladis Dronov> 7 months ago
ce4830d : BACKPORT: audit: fix a double fetch in audit_log_single_execve_arg() <Paul Moore> 8 weeks ago
22cf90a : BACKPORT: tty: Prevent ldisc drivers from re-using stale tty fields <Peter Hurley> 12 months ago
a600bbe : msm: crypto: Fix integer over flow check in qcrypto driver <Zhen Kong> 3 months ago
449abaa : ALSA: usb-audio: Minor code cleanup in create_fixed_stream_quirk() <Takashi Iwai> 8 months ago
b1921ac : block: fix use-after-free in seq file <Vegard Nossum> 3 months ago
2334e5e : block: fix use-after-free in sys_ioprio_get() <Omar Sandoval> 4 months ago
ea86c1b : sg: Fix double-free when drives detach during SG_IO <Calvin Owens> 1 year ago
8753ac6 : perf: Fix race in swevent hash <Peter Zijlstra> 11 months ago
c7f1742 : HID: core: prevent out-of-bound readings <Benjamin Tissoires> 10 months ago
 
**** cmold:android_kernel_huawei_kiwi ****
614edb2 : msm: mdss: Add support to select max MDP bandwidth <Jayant Shekhar> 4 days ago
 
**** cmold:android_kernel_lge_g3 ****
f7e6ea8 : Fix incorrect conflict resolution in "vfs: Add setns support for the mount namespace" <Daniel Rosenberg> 1 year, 4 months ago
d5529a4 : proc: fix build broken by proc inode per namespace patch <Jin Qian> 1 year, 4 months ago
9149891 : ALSA: usb-audio: Fix double-free in error paths after snd_usb_add_audio_stream() call <Vladis Dronov> 7 months ago
6976e7b : BACKPORT: audit: fix a double fetch in audit_log_single_execve_arg() <Paul Moore> 8 weeks ago
39ee2f7 : BACKPORT: tty: Prevent ldisc drivers from re-using stale tty fields <Peter Hurley> 12 months ago
2efac0a : msm: crypto: Fix integer over flow check in qcrypto driver <Zhen Kong> 3 months ago
f4ce447 : ALSA: usb-audio: Minor code cleanup in create_fixed_stream_quirk() <Takashi Iwai> 8 months ago
966e005 : block: fix use-after-free in seq file <Vegard Nossum> 3 months ago
680d3c5 : block: fix use-after-free in sys_ioprio_get() <Omar Sandoval> 4 months ago
63dad9e : sg: Fix double-free when drives detach during SG_IO <Calvin Owens> 1 year ago
479e383 : perf: Fix race in swevent hash <Peter Zijlstra> 11 months ago
ad5dae9 : HID: core: prevent out-of-bound readings <Benjamin Tissoires> 10 months ago
db9fe64 : input: document gamepad API and add extra keycodes <David Herrmann> 3 years, 5 months ago
 
**** cmold:lge-kernel-mako ****
b914c05 : msm: camera: restructure data handling to be more robust <Vasko Kalanoski> 1 year, 9 months ago
1e9d1d0 : msm: camera: sensor: Fix use after free condition <VijayaKumar T M> 4 months ago
9fe1028 : Bluetooth: Fix potential NULL dereference in RFCOMM bind callback <Jaganath Kanakkassery> 1 year, 6 months ago
 
**** vanir:kernel_lge_msm8974 ****
fe753ac : Fix incorrect conflict resolution in "vfs: Add setns support for the mount namespace" <Daniel Rosenberg> 1 year, 4 months ago
0fc5e3a : proc: fix build broken by proc inode per namespace patch <Jin Qian> 1 year, 4 months ago
c11ef29 : HID: core: prevent out-of-bound readings <Benjamin Tissoires> 10 months ago
131e968 : ALSA: usb-audio: Fix double-free in error paths after snd_usb_add_audio_stream() call <Vladis Dronov> 7 months ago
fcd1bc1 : BACKPORT: audit: fix a double fetch in audit_log_single_execve_arg() <Paul Moore> 8 weeks ago
1256202 : BACKPORT: tty: Prevent ldisc drivers from re-using stale tty fields <Peter Hurley> 12 months ago
76f92e2 : msm: crypto: Fix integer over flow check in qcrypto driver <Zhen Kong> 3 months ago
b98f4a1 : ALSA: usb-audio: Minor code cleanup in create_fixed_stream_quirk() <Takashi Iwai> 8 months ago
16188b7 : block: fix use-after-free in seq file <Vegard Nossum> 3 months ago
e0023b5 : block: fix use-after-free in sys_ioprio_get() <Omar Sandoval> 4 months ago
afa3341 : sg: Fix double-free when drives detach during SG_IO <Calvin Owens> 1 year ago
c02f2d6 : perf: Fix race in swevent hash <Peter Zijlstra> 11 months ago
91851d6 : lowmemorykiller: Account for unevictable pages <Tim Murray> 10 weeks ago
53e0149 : af_unix: speedup /proc/net/unix <Eric Dumazet> 4 years, 5 months ago
6b8e2e3 : UPSTREAM: af_unix: Guard against other == sk in unix_dgram_sendmsg <Rainer Weikusat> 9 months ago
f8d6ac3 : UPSTREAM: unix: avoid use-after-free in ep_remove_wait_queue <Rainer Weikusat> 12 months ago
303434d : input: synaptics: allocate heap memory for buffer <Min Chong> 3 months ago
a39344a : input: synaptics: Apply temp buffers for additional drivers <Biswajit Paul> 4 months ago
60a8d44 : lib/int_sqrt.c: optimize square root algorithm <Davidlohr Bueso> 3 years, 6 months ago
 
**** cmold:android_kernel_motorola_msm8916 ****
7483aaa : KEYS: Fix short sprintf buffer in /proc/keys show function <David Howells> 9 weeks ago
675a8808 : misc: qcom: qdsp6v2: initialize config_32 <Laxminath Kasam> 2 months ago
4013cfa : misc: qcom: qdsp6v2: initialize wma_config_32 <Siena Richard> 3 months ago
cd0c76b : soc: qcom: smp2p: Fix kernel address leak <Karthikeyan Ramasubramanian> 3 months ago
4f57a9e : msm: kgsl: Change %p to %pK in debug messages <Divya Ponnusamy> 3 months ago
26c5ebb : msm: vidc: use %pK instead of %p which respects kptr_restrict sysctl <Sanjay Singh> 3 months ago
326b312 : msm: camera: Restructure data handling to be more robust <Samyukta Mogily> 9 weeks ago
8e972b1 : msm: sensor: Avoid potential stack overflow <VijayaKumar T M> 9 weeks ago
25844b2 : qcedev: Validate Source and Destination addresses <AnilKumar Chimata> 2 months ago
c0d5533 : BACKPORT: audit: fix a double fetch in audit_log_single_execve_arg() <Paul Moore> 8 weeks ago
5da4784 : perf: Fix race in swevent hash <Peter Zijlstra> 11 months ago
40625e1 : sg: Fix double-free when drives detach during SG_IO <Calvin Owens> 1 year ago
34202e6 : msm: crypto: Fix integer over flow check in qcrypto driver <Zhen Kong> 3 months ago
93a5b96 : msm: mdss: Generalize per pipe bw limit implementation <Jayant Shekhar> 1 year, 2 months ago
14195b2 : msm: mdss: specify HFlip and VFlip per pipe BW limit <Anusha Koduru> 1 year, 4 months ago
fbae364 : ARM: dts: msm: Enable max bandwidth limit in msm8939 MDSS <raghavendra ambadas> 1 year, 1 month ago
ee52e00 : msm: mdss: Correct max threshold bandwidth selection logic <Jayant Shekhar> 1 year, 3 months ago
6fd3e73 : msm: mdss: Fix potential NULL pointer dereference issues <Jayant Shekhar> 1 year, 6 months ago
067ac26 : msm: mdss: Add debugfs support to change MDP max bandwidth <Jayant Shekhar> 1 year, 6 months ago
3b28eb2 : msm: mdss: Add support to select max MDP bandwidth <Jayant Shekhar> 1 year, 6 months ago
c0ed222 : msm: sps: Register SPS IRQ with IRQF_NO_SUSPEND flag <myfluxi> 1 year, 3 months ago
 
**** cmold:android_kernel_oneplus_msm8996 ****
51f2e29 : dwc3: Revert upstream changes <Steve Kondik> 6 weeks ago
a6846cf : Linux 3.18.44 <Sasha Levin> 2 weeks ago
c003797 : xhci: fix usb2 resume timing and races. <Mathias Nyman> 11 months ago
bb2f5ed : x86/cpu: Fix SMAP check in PVOPS environments <Andrew Cooper> 1 year, 5 months ago
e45a502 : mm: remove gup_flags FOLL_WRITE games from __get_user_pages() <Linus Torvalds> 4 weeks ago
3cab355 : Linux 3.18.43 <Sasha Levin> 4 weeks ago
02ce1fd : openrisc: fix the fix of copy_from_user() <Guenter Roeck> 7 weeks ago
fb808fa : ARM: orion: convert the irq_reg_{readl,writel} calls to the new API <Gregory CLEMENT> 2 years ago
db9b2a3 : avr32: fix 'undefined reference to `___copy_from_user' <Guenter Roeck> 8 weeks ago
54e7def : hexagon: Fix build failures in linux-next <Guenter Roeck> 1 year, 11 months ago
f6e672a : block: Do a full clone when splitting discard bios <Martin K. Petersen> 1 year, 4 months ago
31714bc : btrfs: ensure that file descriptor used with subvol ioctls is a dir <Jeff Mahoney> 7 weeks ago
400f32a : fix fault_in_multipages_...() on architectures with no-op access_ok() <Al Viro> 7 weeks ago
1108f70 : ocfs2: fix start offset to ocfs2_zero_range_for_truncate() <Ashish Samant> 7 weeks ago
8a781b2 : fanotify: fix list corruption in fanotify_get_response() <Jan Kara> 7 weeks ago
05eb9c0 : fsnotify: add a way to stop queueing events on group shutdown <Jan Kara> 7 weeks ago
8a66ed3 : autofs: use dentry flags to block walks during expire <Ian Kent> 7 weeks ago
14386af : autofs races <Al Viro> 5 months ago
de32bc4 : ocfs2/dlm: fix race between convert and migration <Joseph Qi> 7 weeks ago
0b5f2bd : can: flexcan: fix resume function <Fabio Estevam> 3 months ago
8694542 : USB: change bInterval default to 10 ms <Alan Stern> 8 weeks ago
e58d9a8 : fix minor infoleak in get_user_ex() <Al Viro> 8 weeks ago
0772cba : avr32: fix copy_from_user() <Al Viro> 9 weeks ago
c352b42 : microblaze: fix __get_user() <Al Viro> 9 weeks ago
d31b0dc : microblaze: fix copy_from_user() <Al Viro> 9 weeks ago
ba08781 : m32r: fix __get_user() <Al Viro> 9 weeks ago
f27aa24 : blackfin: fix copy_from_user() <Al Viro> 9 weeks ago
9050993 : sparc32: fix copy_from_user() <Al Viro> 3 months ago
8bd2ef7 : sh: fix copy_from_user() <Al Viro> 3 months ago
94000fc : sh64: failing __get_user() should zero <Al Viro> 3 months ago
c1c77a5 : score: fix copy_from_user() and friends <Al Viro> 3 months ago
68f1e32 : score: fix __get_user/get_user <Al Viro> 3 months ago
0cdee92 : s390: get_user() should zero on failure <Al Viro> 3 months ago
1b228fa : ppc32: fix copy_from_user() <Al Viro> 3 months ago
6c69632 : parisc: fix copy_from_user() <Al Viro> 3 months ago
499e590 : openrisc: fix copy_from_user() <Al Viro> 3 months ago
8260a51 : mn10300: copy_from_user() should zero on access_ok() failure... <Al Viro> 3 months ago
f17364d : mn10300: failing __get_user() and get_user() should zero <Al Viro> 3 months ago
c99e37c : mips: copy_from_user() must zero the destination on access_ok() failure <Al Viro> 3 months ago
09baa6b : ARC: uaccess: get_user to zero out dest in cause of fault <Vineet Gupta> 3 months ago
9a34b2a : metag: copy_from_user() should zero the destination on access_ok() failure <Al Viro> 3 months ago
ddc84f7 : ia64: copy_from_user() should zero the destination on access_ok() failure <Al Viro> 3 months ago
591ca38 : hexagon: fix strncpy_from_user() error return <Al Viro> 3 months ago
a4bc577 : frv: fix clear_user() <Al Viro> 3 months ago
f13847d : asm-generic: make get_user() clear the destination on errors <Al Viro> 3 months ago
a0ed243 : asm-generic: {get,put}_user ptr argument evaluate only 1 time <Yoshinori Sato> 1 year, 4 months ago
93e5a11 : nl80211: validate number of probe response CSA counters <Johannes Berg> 8 weeks ago
bc6285a : MIPS: Add a missing ".set pop" in an early commit <Huacai Chen> 9 weeks ago
790e65f : genirq: Provide irq_gc_{lock_irqsave,unlock_irqrestore}() helpers <Boris Brezillon> 8 weeks ago
b5937a5 : genirq: Generic chip: Change irq_reg_{readl,writel} arguments <Kevin Cernekee> 2 years ago
 
**** cmold:android_kernel_samsung_d2 ****
27f58c4 : ALSA: usb-audio: Fix double-free in error paths after snd_usb_add_audio_stream() call <Vladis Dronov> 7 months ago
d02f557 : BACKPORT: audit: fix a double fetch in audit_log_single_execve_arg() <Paul Moore> 8 weeks ago
d72629a : BACKPORT: tty: Prevent ldisc drivers from re-using stale tty fields <Peter Hurley> 12 months ago
76fc82d : ALSA: usb-audio: Minor code cleanup in create_fixed_stream_quirk() <Takashi Iwai> 8 months ago
cf58883 : block: fix use-after-free in seq file <Vegard Nossum> 3 months ago
12ba5ca : block: fix use-after-free in sys_ioprio_get() <Omar Sandoval> 4 months ago
5bdabbd : sg: Fix double-free when drives detach during SG_IO <Calvin Owens> 1 year ago
7c1ef20 : perf: Fix race in swevent hash <Peter Zijlstra> 11 months ago
22b767b : HID: core: prevent out-of-bound readings <Benjamin Tissoires> 10 months ago
 
**** vanir:kernel_samsung_jf ****
08e9b9b : Fix incorrect conflict resolution in "vfs: Add setns support for the mount namespace" <Daniel Rosenberg> 1 year, 4 months ago
40b9c2d : proc: fix build broken by proc inode per namespace patch <Jin Qian> 1 year, 4 months ago
4acdbe3 : ALSA: usb-audio: Fix double-free in error paths after snd_usb_add_audio_stream() call <Vladis Dronov> 7 months ago
b8b890b : BACKPORT: audit: fix a double fetch in audit_log_single_execve_arg() <Paul Moore> 8 weeks ago
344316d : BACKPORT: tty: Prevent ldisc drivers from re-using stale tty fields <Peter Hurley> 12 months ago
dc5eaf5 : ALSA: usb-audio: Minor code cleanup in create_fixed_stream_quirk() <Takashi Iwai> 8 months ago
6bac53c : block: fix use-after-free in seq file <Vegard Nossum> 3 months ago
25a0364 : block: fix use-after-free in sys_ioprio_get() <Omar Sandoval> 4 months ago
5e2096a : sg: Fix double-free when drives detach during SG_IO <Calvin Owens> 1 year ago
00d9d52 : perf: Fix race in swevent hash <Peter Zijlstra> 11 months ago
aeb0390 : HID: core: prevent out-of-bound readings <Benjamin Tissoires> 10 months ago
 
**** vanir:kernel_samsung_klte ****
990cd7f : msm: crypto: Fix integer over flow check in qcrypto driver <Zhen Kong> 3 months ago
c81f596 : qcedev: Validate Source and Destination addresses <AnilKumar Chimata> 2 months ago
ca83ccd : ALSA: usb-audio: Fix double-free in error paths after snd_usb_add_audio_stream() call <Vladis Dronov> 7 months ago
02ebce5 : ALSA: usb-audio: Minor code cleanup in create_fixed_stream_quirk() <Takashi Iwai> 8 months ago
c82388f1 : perf: Fix race in swevent hash <Peter Zijlstra> 11 months ago
ed6c000 : audit: fix a double fetch in audit_log_single_execve_arg() <Paul Moore> 4 months ago
d61f1c8 : sg: Fix double-free when drives detach during SG_IO <Calvin Owens> 1 year ago
eceb5de : block: fix use-after-free in sys_ioprio_get() <Omar Sandoval> 4 months ago
dfadad6 : block: fix use-after-free in seq file <Vegard Nossum> 3 months ago
88f4d55 : Revert "Bluetooth: SMP: Fix setting unknown auth_req bits" <OzzysCmAcc> 8 days ago
1b5e61b : Linux 3.4.17 <Greg Kroah-Hartman> 4 years ago
40def98 : drm/i915: no lvds quirk for Zotac ZDBOX SD ID12/ID13 <Sjoerd Simons> 4 years, 5 months ago
3dc6a04 : x86, mm: Use memblock memory loop instead of e820_RAM <Yinghai Lu> 4 years, 1 month ago
3da2c9a : staging: comedi: amplc_pc236: fix invalid register access during detach <Ian Abbott> 4 years, 1 month ago
35da35c : x86: efi: Turn off efi_enabled after setup on mixed fw/kernel <Olof Johansson> 4 years, 1 month ago
671ff60 : efi: Defer freeing boot services memory until after ACPI init <Josh Triplett> 4 years, 1 month ago
9c5fc25 : x86, mm: Undo incorrect revert in arch/x86/mm/init.c <Yinghai Lu> 4 years ago
4a2a7e7 : x86, mm: Find_early_table_space based on ranges that are actually being mapped <Jacob Shin> 4 years, 1 month ago
ff2e4d9 : Revert "ath9k_hw: Updated AR9003 tx gain table for 5GHz" <Felix Fietkau> 4 years, 1 month ago
e8317e4 : cpufreq / powernow-k8: Remove usage of smp_processor_id() in preemptible code <Andreas Herrmann> 4 years, 1 month ago
bf83458 : bcma: fix unregistration of cores <Piotr Haber> 4 years, 1 month ago
27486f8 : dmaengine: imx-dma: fix missing unlock on error in imxdma_xfer_desc() <Wei Yongjun> 4 years, 1 month ago
54efd09 : dmaengine: sirf: fix a typo in moving running dma_desc to active queue <Barry Song> 4 years, 1 month ago
4d9671b : dmaengine: sirf: fix a typo in dma_prep_interleaved <Barry Song> 4 years, 1 month ago
bf883d3 : freezer: exec should clear PF_NOFREEZE along with PF_KTHREAD <Oleg Nesterov> 4 years ago
738991a : Bluetooth: SMP: Fix setting unknown auth_req bits <Johan Hedberg> 4 years, 1 month ago
7965c27 : mac80211: check if key has TKIP type before updating IV <Stanislaw Gruszka> 4 years, 1 month ago
5e2b1c3 : ARM: at91: at91sam9g10: fix SOC type detection <Ivan Shugov> 4 years, 1 month ago
09eb144 : ARM: at91/i2c: change id to let i2c-gpio work <Bo Shen> 4 years, 1 month ago
8a71ec5 : ARM: at91/tc: fix typo in the DT document <Josh Wu> 4 years, 2 months ago
c47a2c7 : ARM: SAMSUNG: Add naming of s3c64xx-spi devices <Heiko Stuebner> 4 years, 1 month ago
a130df4 : vhost: fix mergeable bufs on BE hosts <Michael S. Tsirkin> 4 years, 1 month ago
c7d7368 : USB: mos7840: remove invalid disconnect handling <Johan Hovold> 4 years ago
9a115d1 : USB: mos7840: remove NULL-urb submission <Johan Hovold> 4 years ago
93acee9 : USB: mos7840: fix port-device leak in error path <Johan Hovold> 4 years, 1 month ago
1fc2b25 : USB: mos7840: fix urb leak at release <Johan Hovold> 4 years, 1 month ago
1bad7e2 : USB: sierra: fix memory leak in probe error path <Johan Hovold> 4 years, 1 month ago
1c452ac : USB: sierra: fix memory leak in attach error path <Johan Hovold> 4 years, 1 month ago
2d0a9e7 : USB: serial: Fix memory leak in sierra_release() <Lennart Sorensen> 4 years, 1 month ago
8be06c0 : USB: opticon: fix memory leak in error path <Johan Hovold> 4 years, 1 month ago
f6cd7d0 : USB: opticon: fix DMA from stack <Johan Hovold> 4 years, 1 month ago
3a40b7d : USB: whiteheat: fix memory leak in error path <Johan Hovold> 4 years, 1 month ago
bb96061 : usb hub: send clear_tt_buffer_complete events when canceling TT clear work <Octavian Purdila> 4 years, 1 month ago
884b6c1 : usb-storage: add unusual_devs entry for Casio EX-N1 digital camera <Michael Shigorin> 4 years, 1 month ago
fed1471 : ehci: Add yet-another Lucid nohandoff pci quirk <Anisse Astier> 4 years, 1 month ago
d69adaf : ehci: fix Lucid nohandoff pci quirk to be more generic with BIOS versions <Anisse Astier> 4 years, 1 month ago
35a3b9e : Drivers: hv: Cleanup error handling in vmbus_open() <K. Y. Srinivasan> 4 years, 1 month ago
403743a : Staging: android: binder: Allow using highmem for binder buffers <Arve Hjnnevg> 4 years, 1 month ago
a3bffe1 : sysfs: sysfs_pathname/sysfs_add_one: Use strlcat() instead of strcat() <Geert Uytterhoeven> 4 years, 1 month ago
92997af : xhci: Fix potential NULL ptr deref in command cancellation. <Sarah Sharp> 4 years, 1 month ago
 
**** cmold:android_kernel_sony_msm8x27 ****
fd5fc6f : ion: use %pk instead of %p which respects kptr_restrict sysctl <Srinivasarao P> 4 weeks ago
927c8f2 : wlan: Remove the support for setwpaie ioctl <SaidiReddy Yenuga> 6 months ago
fe01461 : ANDROID: binder: Clear binder and cookie when setting handle in flat binder struct <Arve Hjnnevg> 3 months ago
ad20a6c : msm: kgsl: Change %p to %pK in debug messages <Sudeep Yedalapure> 2 months ago
0621cc5 : spmi: prevent showing the address of spmidev <Abhijeet Dharmapurikar> 5 months ago
f9eddfb : af_unix: speedup /proc/net/unix <Eric Dumazet> 4 years, 5 months ago
9fa8320 : ALSA: seq: Fix race at timer setup and close <Takashi Iwai> 10 months ago
 
**** github:armani-dev/android_kernel_xiaomi_armani ****
5c6cab8 : mm, gup: close FOLL MAP_PRIVATE race <Michal Hocko> 3 weeks ago
c990ed4 : fix infoleak in rtnetlink <kangjie> 6 months ago
bc4caba : Replace %p with %pK to prevent leaking kernel address <Mohamad Ayyash> 6 months ago
116891a : ALSA: control: Fix replacing user controls <Lars-Peter Clausen> 2 years, 5 months ago
819ac77 : fs: ext4: disable support for fallocate FALLOC_FL_PUNCH_HOLE <Nick Desaulniers> 4 months ago
ca83a10 : binder: prevent kptr leak by using %pK format specifier <Nick Desaulniers> 3 months ago
93d3122 : tcp: fix use after free in tcp_xmit_retransmit_queue() <Eric Dumazet> 3 months ago
35501af : net: Fix use after free in the recvmmsg exit path <Arnaldo Carvalho de Melo> 8 months ago
7de58ee : Disable "maybe-uninitialized" warning globally <Linus Torvalds> 3 months ago
35f99d8 : USB: dwc3: debugfs: Add boundary check in dwc3_store_ep_num() <Vijayavardhan Vennapusa> 6 months ago
f82b09e : ASoC: msm: audio-effects: misc fixes in h/w accelerated effect <Weiyin Jiang> 7 months ago
2981ee8 : msm: perf: Do not allocate new hw_event if event is duplicate. <Veena Sambasivan> 6 months ago
c0f9038 : perf: duplicate deletion of perf event <Srinivasarao P> 8 months ago
 
**** cm:CyanogenMod/android_packages_apps_AudioFX ****
b1c9efb : AudioFX: Fix possible NPE <Michael W> 3 weeks ago
57e73c4 : AudioFX: Fix possible RuntimeException <Michael W> 3 weeks ago
 
**** cm:CyanogenMod/android_packages_apps_Snap ****
537e522 : Snap: Fix possible NPE <Michael W> 3 weeks ago
beec60c : Snap: Fix possible RuntimeException (due to NPE) <Michael W> 3 weeks ago
832a6b0 : Fix off-by-one error in sub menu selection highlight. <Danny Baumann> 7 days ago
 
**** vanir:packages_apps_ThemeChooser ****
89a23e5 : ThemeChooser: Fix possible IllegalArgumentException <Michael W> 12 days ago
 
**** vanir:vendor_samsung ****
d944686 : jf: Remove unused graphics libraries <Zhao Wei Liew> 11 days ago
 
**** vanir:vendor_vanir ****
68fc77a : extract_utils: Add option to define the certificate for jars <Elektroschmock> 5 weeks ago
 
