
**** vanir:bootable_recovery ****
85c910a : Mount pstore filesystem while in recovery <Vojtech Bocek> 1 year, 2 months ago
7d4457c : Fix integer overflows in recovery procedure. <Yabin Cui> 2 months ago
 
**** vanir:bootable_recovery_TWRP ****
c62332b : Improve greek translation <Alex Kalles> 12 days ago
f09a4fb : Languages: Add font for Japanese <AndroPlus> 2 weeks ago
a9a4b50 : Languages: Update Japanese translation <AndroPlus> 2 weeks ago
80bd165 : Restore TW_SCREEN_BLANK_ON_BOOT functionality. <¨Paul> 3 days ago
9f1f2f7 : Fix decrypt of odd number length PIN on hardware crypto <Ethan Yonker> 8 days ago
5da1302 : Partition: Fix parsing of several twrp fstab flags <Gordon Freeman> 3 weeks ago
b146a62 : Update spanish translation <magdeoz> 2 months ago
 
**** aosp:platform/cts ****
35e0605 : DO NOT MERGE MediaServerCrashTest: skip checkIfMediaServerDiedForDrm when dm to fl conversion is not supported. <Wei Jia> 7 weeks ago
 
**** cm:CyanogenMod/android_device_cyanogen_msm8916-common ****
3518ffc : msm8916: Defer the enablement of low power modes <Maulik Shah> 10 months ago
5157f64 : Revert "msm8916-common: Disable dex2oat watchdog" <Zhao Wei Liew> 7 days ago
25b8c02 : msm8916: Remove core control system props <Zhao Wei Liew> 7 days ago
1555593 : msm8916: Use set_prop() macro for property sets <Zhao Wei Liew> 7 days ago
 
**** cm:CyanogenMod/android_device_cyanogen_msm8939-common ****
957e971 : msm8939: Remove vm_bms from init <Michael Bestas> 28 hours ago
b72c050 : msm8939: Enable bluetooth HFP 1.7 AG support <Sumit Bajpai> 1 year, 4 months ago
12f604b : msm8939: Enable dex2oat watchdog <Zhao Wei Liew> 7 days ago
53fc211 : msm8939: Use set_prop() macro for property sets <Zhao Wei Liew> 7 days ago
 
**** cm:CyanogenMod/android_device_google_sprout-common ****
e6d453c : sprout-common: media: include ffmpeg codecs <Varun Chitre> 3 days ago
 
**** vanir:device_htc_m8 ****
e6086bd : init: Update build fingerprint and description for m8 vzw and spr <Bruno Martins> 13 hours ago
 
**** vanir:device_htc_s4-common ****
cfcfff2 : s4-common: avoid logwrapper calls <Nick Kralevich> 2 years, 6 months ago
6c1db7c : camera: How about doing our NULL checks before crashing? <Christopher R. Palmer> 3 months ago
07f2b00 : sensors: Properly shim VectorImpl <Christopher R. Palmer> 3 months ago
bca5021 : libshims: introduce libshim_sensors <Dan Pasanen> 5 months ago
1916399 : s4-common: Remove debugfs mounting <Steve Kondik> 7 weeks ago
c7def16 : s4-common: ueventd: typos <José Adolfo Galdámez> 4 months ago
4434618 : s4-common: Rename wifi module <Matt Mower> 12 days ago
 
**** cm:CyanogenMod/android_device_htc_ville ****
32797ce : ville: Remove duplicate FM dependency <Ethan Chen> 2 days ago
 
**** vanir:device_huawei_angler ****
e1e94f3 : angler: disable unneeded init services <Roman Birg> 4 days ago
 
**** cm:CyanogenMod/android_device_lge_d851 ****
fffb855 : d851: update fingerprint and description from 30D <Jose Adolfo Galdamez> 2 days ago
 
**** vanir:device_lge_g2-common ****
297e0d4 : g2: Remove cruft <Tyler Dunn> 4 days ago
7e41553 : g2-common: overlay: FB: Remove redundant auto brightness values <Zdrowy Gosciu> 5 days ago
 
**** vanir:device_lge_hammerhead ****
90de73f : LiveDisplay: Fixit <Abhisek Devkota> 2 days ago
 
**** vanir:device_motorola_msm8226-common ****
e676f3a : Automatic translation import <Michael Bestas> 29 hours ago
 
**** vanir:device_motorola_msm8916-common ****
48aeb24 : Automatic translation import <Michael Bestas> 29 hours ago
 
**** vanir:device_motorola_qcom-common ****
4e6a07a : qcom-common: enable dex-preopt on all builds <Michael Gernoth> 7 days ago
 
**** cm:CyanogenMod/android_device_motorola_victara ****
8cfb607 : Automatic translation import <Michael Bestas> 29 hours ago
 
**** vanir:device_oneplus_bacon ****
d9b424b : bacon: Don't end up on ULL for media playback <Steve Kondik> 4 days ago
 
**** github:Grarak/android_device_oneplus_oneplus2 ****
4ebb90d : audio: Disable tunnel encode and three mic <Willi Ye> 2 days ago
fde61b4 : audio: Enable missing features <Willi Ye> 4 days ago
 
**** vanir:device_oppo_common ****
ab0f443 : Automatic translation import <Michael Bestas> 29 hours ago
 
**** vanir:device_samsung_kona-common ****
838cfb8 : kona : enable spen detection <RGIB> 2 days ago
 
**** cm:CyanogenMod/android_device_samsung_noblelte-common ****
d78d3ed : noblelte: Update graphics board flags <Christopher N. Hesse> 12 days ago
 
**** cm:CyanogenMod/android_device_sony_nicki ****
63a8c99 : nicki: don't create boot.elf link <RonGokhale> 31 hours ago
ea2083b : nicki: Remove option to disable NC <RonGokhale> 4 days ago
 
**** vanir:frameworks_av ****
3f9eb32 : audiopolicy: Add AudioSessionInfo API <Steve Kondik> 7 days ago
244deea : audiopolicy: Revert all session callback patches. <Steve Kondik> 7 days ago
 
**** vanir:frameworks_base ****
6a9b61b : Revert "Keyguard: switch to cm-specific device provisioned flag" <nuclearmistake> 3 hours ago
a86c8a9 : SysUI: Animate notificaiton panel back into view <d34d> 4 days ago
cbd2e76 : Keyguard: Register for the correct CMSW completed Uri <d34d> 26 hours ago
dc4f444 : Automatic translation import <Michael Bestas> 29 hours ago
999b3c2 : SystemUI: Handle null keys on settings reload. <Adnan Begovic> 2 days ago
39312b1 : media: Remove effect session callbacks from the framework <Steve Kondik> 7 days ago
766d3bb : SysUI: Don't call removeAllViews on AdapterView <d34d> 3 days ago
8dd6c30 : Add Weather Content Provider [5/5] <Luis Vidal> 5 weeks ago
 
**** vanir:frameworks_native ****
3ce4ffc : surfaceflinger: Add support for Exynos BGRA mixer <Christopher N. Hesse> 5 days ago
 
**** cm:CyanogenMod/android_hardware_qcom_audio ****
886c244 : hal: remove explicit direct pcm usecase <vivek mehta> 8 months ago
f6cd4f7 : hal: stop sound trigger buffering during close <Mingming Yin> 3 months ago
4fb2812 : hal: don't allow track offload if there's active sw effect <Weiyin Jiang> 10 weeks ago
bfe1cc3 : hal: Fix 44.1Khz playback when native support is not enabled <Amit Shekhar> 3 months ago
dc520bc : libaudiopolicymanager: DirectPCM: fix 44.1 clip playing noisy issue <vivek mehta> 5 months ago
b73a764 : audio: Extend platform parser to allow device name aliasing <Ethan Chen> 1 year, 8 months ago
64387ed : hal: Fix voice call recording <solk2> 1 year, 8 months ago
91c7d6b : hal: Fix digital USB headset combo device <Steve Kondik> 1 year, 8 months ago
be6fdfc : hal: Clean up compilation warnings <Steve Kondik> 1 year, 5 months ago
13ba1b4 : hal: Add support for audio amplifier HAL <Ethan Chen> 2 years, 11 months ago
381b7a0 : audio: Configure CM default feature set <Steve Kondik> 1 year, 5 months ago
b25084a : hal: Allow building hardware audio encoders <Arne Coucheron> 1 year, 3 months ago
f48de3d : audio: Use project pathmap <Ethan Chen> 4 months ago
1362fc7 : audio: Only allow non-legacy HAL <Ethan Chen> 4 months ago
b5b6d33 : hal: Update format table with AAC ADTS formats. <Ashish Jain> 5 months ago
102616d : HAL: Identify the track offload session <Sharad Sangle> 5 months ago
d7eaf2b : HAL: Identify Track offload session <Alexy Joseph> 6 months ago
8c21ad7 : Merge DAX2 changes <Gao Jie> 6 months ago
12467a1 : hal: Use AUDIO_TX_MONO_COPP topology for incall record usecases <Karthik Reddy Katta> 6 months ago
 
**** cm:CyanogenMod/android_hardware_qcom_audio ****
211004f : hal: Fix warnings in audio HAL and policy <Alexy Joseph> 3 months ago
a5ccf06 : hal: Add performance lock for playback usecase <Sudheer Papothi> 8 months ago
034efca : hal: Add support for LINE out device <Ravi Kumar Alamanda> 7 months ago
a88dde5 : policy_hal: handle incall sonification without checking output refCount <Weiyin Jiang> 2 months ago
d25d853 : hal: Validate active input before accessing source <Leena Winterrowd> 4 months ago
 
**** cm:CyanogenMod/android_hardware_qcom_display ****
7b9a3a1 : hwc/overlay: Validate cursor position in hwc_setPositionAsync <Baldev Sahu> 9 weeks ago
4c401f0 : hwc: Fix sanitize ROI func <Ramakant Singh> 3 months ago
6dab9c9 : hwc: Apply Default Mode on real framework start <Sravan Kumar D.V.N> 3 months ago
732b9ac : qdutils: Correct the hwc-driver mismatch <Ramakant Singh> 3 months ago
f1e2905 : hwc: remove local constant DISPLAY_ATTRIBUTES list <Ramakant Singh> 3 months ago
a74edfb : hwc: Remove references to display-frameworks <Ethan Chen> 4 months ago
c7cce05 : hwc: Fix compile errors after display-frameworks removal <Arne Coucheron> 4 months ago
b375570 : hwc: Support for QDCM Preference when PU enabled <Nitesh Gupta> 4 months ago
cc1ec84 : hwc: Set ioprio for vsync thread <Steve Kondik> 7 months ago
7516867 : Don't build lights module if vendor supplies it <Steve Kondik> 1 year, 6 months ago
730d245 : Revert "hqd: Use MSM_VIDC_TARGET_LIST for Venus color format" <Ethan Chen> 4 months ago
bc1215a : display: Use project pathmap <Ethan Chen> 1 year, 6 months ago
c324d73 : hwc: Set DefaultMode after bootup completion <Ramakant Singh> 5 months ago
8a6e7c9 : gralloc: Add a private flag for INTERNAL only <Arun Kumar K.R> 8 months ago
394c830 : hwc: Donot update dynamic-fps when device is not active <Ramakant Singh> 7 months ago
8f21571 : hwc: Do not wait for MDSS fence for layers with rotation <Dileep Kumar Reddi> 7 months ago
d2c5ca0 : hwc: Start with ROI set to destination <Arun Kumar K.R> 6 months ago
9ef4d8c : hwc: Set minfps as part of timeout_handler during idlefallback <Ramakant Singh> 7 months ago
0d616ba : Revert "hwc: Relax format change restrictions for certain targets" <Dileep Kumar Reddi> 7 months ago
213ead5 : Default flexible YUV format to NV21 <Tanmaya Godbole> 8 months ago
ed75fdb : hwc: Reset refresh-rate for few cases as part of timeout handler <Dileep Kumar Reddi> 7 months ago
56ed396 : gralloc: Add support for PRIV_FLAGS_DISP_CONSUMER <Surajit Podder> 10 months ago
a2d5295 : hwc: Support ActionSafe on targets with non-scaling RGB pipes. <Sandeep Panda> 8 months ago
248378d : gralloc: Use adreno_utils api for NV21 and NV12 alignment <Sushil Chauhan> 8 months ago
037d21d : hwc: Use basePipe for fullscreen and opaque layer <Pullakavi Srinivas> 8 months ago
77ec4ef : gralloc: Modify check for uncompressed RGB buffers <Naomi Luis> 8 months ago
449fbe0 : hwc: Use aligned width and height <Dileep Kumar Reddi> 8 months ago
02dbc50 : Revert "HWC: use aligned width and height for rearranging ROI" <Dileep Kumar Reddi> 8 months ago
cd7217a : hwc: Support ActionSafe on targets with non-scaling RGB pipes. <Sandeep Panda> 8 months ago
eed742d : overlay: add tertiary display definition in overlay <Vinu Deokaran> 8 months ago
a029479 : hwc: Validate display ID in hwc interface <Arun Kumar K.R> 8 months ago
09441c1 : gralloc: Add missing changes related to RAW16 <Raj Kamal> 9 months ago
7ea10c5 : hwc: Use basePipe for fullscreen and opaque layer <Pullakavi Srinivas> 8 months ago
c039f6e : hwc: Use aligned width and height <Dileep Kumar Reddi> 8 months ago
60cbe72 : Revert "HWC: use aligned width and height for rearranging ROI" <Dileep Kumar Reddi> 8 months ago
2e918bf : hwc: Avoid idlefallback during video playback <Raj Kamal> 8 months ago
fbe5a60 : HWC: use aligned width and height for rearranging ROI <Dileep Kumar Reddi> 8 months ago
597b313 : hwc: Featurize HWC_DISPLAY_SECURE <Raj Kamal> 8 months ago
eb4d7a6 : hwc: Use HWC_DISPLAY_NO_ATTRIBUTE as terminator. <Prabhanjan Kandula> 8 months ago
410ba7c : hwc : Normalize source crop before validating scaling limits. <Prabhanjan Kandula> 9 months ago
95fef31 : hwc: Relax format change restrictions for certain targets <Dileep Kumar Reddi> 9 months ago
42a1c98 : hwc: Changes for display-hal compilation with QTI_BSP enabled <Ramakant Singh> 9 months ago
c772eec : hwc: Do not use Borderfill pipe for composition in WFD <Dileep Kumar Reddi> 9 months ago
e5268fd : hwc/overlay: Pass handle w/h and crop w/h through fb_image field <Arun Kumar K.R> 9 months ago
5d39f02 : hwc: Log warning instead of mHDMIClient object not available <Dileep Kumar Reddi> 9 months ago
55b3489 : hwc: Ignore float-conversion for included headers <Naseer Ahmed> 9 months ago
82fe9c6 : hwc: Do not consider rotation for smart blit <Ramakant Singh> 9 months ago
dd689ff : hwc: Do not create idle invalidator for MDP3 targets <Dileep Kumar Reddi> 9 months ago
c58836b : hwc: Align ROI's width and height in both directions <Dileep Kumar Reddi> 9 months ago
19f2250 : hwc: Fix SF crash due to SIGSEGV error <Raj Kamal> 9 months ago
 
**** cm:CyanogenMod/android_hardware_qcom_display ****
17f2d38 : Don't build lights module if vendor supplies it <Steve Kondik> 1 year, 6 months ago
420cc3a : msm8996: remove unused qcom features <Scott Mertz> 4 months ago
5bdcfa4 : Additional pathmap & build fixes <Scott Mertz> 5 months ago
e80bb52 : display: Use project pathmap <Ethan Chen> 1 year, 6 months ago
e04e869 : Remove usage of MASTER_SIDE_CP_TARGET_LIST <Scott Mertz> 5 months ago
3fd7d00 : Revert "hqd: Use MSM_VIDC_TARGET_LIST for Venus color format" <Scott Mertz> 5 months ago
99aa8ca : sdm: Fix uninitialized HWLayers object <Saurabh Shah> 5 months ago
572b2bf : sdm: Do not copy surfaceDamage rects for SKIP layers <Sushil Chauhan> 5 months ago
074314d : gralloc: Add support for PRIV_FLAGS_DISP_CONSUMER <Surajit Podder> 10 months ago
8f8f6c7 : sdm : Add support for dynamic BW limit management <Prabhanjan Kandula> 7 months ago
83a945b : libqdutils: Refer to standard definitions for display types. <Dileep Marchya> 6 months ago
f29ff14 : sdm: Fix buffer overflow <Manoj Kumar AVM> 6 months ago
99ef378 : sdm: HWDevice: Set correct HWDisplayMode <Arun Kumar K.R> 6 months ago
ddca4e7 : sdm: Remove unused function in rect utility <Manoj Kumar AVM> 6 months ago
8d22bad : sdm: Fix memory leaks. <Dileep Marchya> 6 months ago
1c3f9a3 : hwc: Handle SBM operation set for all layers <Saurabh Shah> 6 months ago
b8067a4 : qdMetadata: Use uint32_t instead of bool <Saurabh Shah> 6 months ago
a0db84b : sdm: hdmi: Set the default grayscale value to RGB888 <Tatenda Chipeperekwa> 7 months ago
e94e78c : sdm: Add bandwidth and clock members <Sushil Chauhan> 9 months ago
959863b : sdm: Update HWPanelInfo during primary resolution switch <Sushil Chauhan> 6 months ago
b8ecfbf : display: Enable clang for all display modules <Naseer Ahmed> 6 months ago
63e8c95 : sdm: Source crop top needs adjustment for interlaced <Sushil Chauhan> 6 months ago
f1c8357 : sdm: Remove closing of fd during Sync operations <Manoj Kumar AVM> 6 months ago
44e2be1 : sdm: Do not process blit configuration for zero app layers. <Dileep Marchya> 6 months ago
61ef29b : sdm: Add support for single buffer layers <Saurabh Shah> 7 months ago
a816961 : sdm: Use FB resolution for virtual display <radhakrishna> 6 months ago
a0394ad : qdMetaData: Remove unused metadata fields. <Arun Kumar K.R> 6 months ago
50ff0bb : sdm: Panel name retrieval support <Dileep Marchya> 6 months ago
95f8368 : gralloc/metadata: Add support for single buffer mode <Saurabh Shah> 7 months ago
d7131e6 : sdm: Add support for UBWC in C2D <radhakrishna> 7 months ago
67c1f90 : sdm: Allow draw cycle in doze state. <Dileep Marchya> 6 months ago
5fb6d40 : sdm: Perform GPU target layer validation. <Manoj Kumar AVM> 6 months ago
226646c : sdm: Populate correct WB index for virtual <radhakrishna> 6 months ago
3edaf83 : sdm: Read rotator capabilities from driver <radhakrishna> 7 months ago
492ab99 : sdm: Fix ROI and Split info in SF dumpsys <Sushil Chauhan> 6 months ago
a9fb396 : sdm: Remove buffer format validation from hwc wrapper. <Ramkumar Radhakrishnan> 7 months ago
76750f2 : sdm: Add support for YCbCr420 Semiplanar format <Ramkumar Radhakrishnan> 7 months ago
bddb952 : gralloc: Use only metadata for color space <Saurabh Shah> 7 months ago
4a31ec4 : sdm: Make premultiplied as default blending <Saurabh Shah> 6 months ago
e1f01dd : sdm: Flush after first successful commit only. <Dileep Marchya> 7 months ago
1a7e1f1 : sdm: Add support for IGC. <Dileep Marchya> 7 months ago
9b99074 : sdm: Fix memory leaks. <Dileep Marchya> 7 months ago
ec8fe35 : sdm: Fix HDMI & virtual display concurrency. <Dileep Marchya> 7 months ago
d433464 : sdm: Add interface to consider rotator during scaling validation. <Ramkumar Radhakrishnan> 7 months ago
a5b764f : sdm: Add support for minimum encryption level settings for HDCP. <Dileep Marchya> 7 months ago
55fe304 : sdm: Add SPD information for HDMI <Arun Kumar K.R> 7 months ago
06078aa : sdm: Acquire lock during hwcomposer module open and close <Ramkumar Radhakrishnan> 7 months ago
d169be9 : sdm: properly close all the fence Fds <Ping Li> 7 months ago
040a3d0 : sdm: hwc: SetRefreshRate before validate IOCTL <Arun Kumar K.R> 7 months ago
6e43f57 : sdm: Handle/set dynamic fps appropriately <Arun Kumar K.R> 7 months ago
 
**** cm:CyanogenMod/android_hardware_qcom_media ****
ff3940f : mm-video-v4l2: Return correct level support for 8956 <Surajit Podder> 10 weeks ago
1fd6df0 : mm-video-v4l2: vidc: vdec: handle ftbs during reconfig and port disable <Abdulla Anam> 3 months ago
e9bacff : mm-video-v4l2: venc: check for null pointer <Maheshwar Ajja> 3 months ago
a699a13 : mm-video-v4l2: vdec: set 24 fps framerate for 4k clips <Deepak Kushwah> 3 months ago
bc9e191 : mm-video-v4l2: vidc: Fix race condition with msg thread fd close <Shalaj Jain> 5 months ago
a860362 : mm-video-v4l2: vidc: update thread names <Ashray Kulkarni> 10 months ago
8e66146 : mm-video-v4l2: Add support for prefer adaptive playback extension <Shalaj Jain> 9 months ago
41a5cfd : mm-video: Adjust stride value for planar format <Surajit Podder> 12 months ago
c40cf77 : mm-video: vidc: Reliably stop the message thread <Deepak Kushwah> 4 months ago
62f611d : Fix duplicated OMX.qcom.audio.decoder.aac entry <Keith Mok> 5 months ago
69d6d4b : media: Avoid collision with FFMPEG plugin <Steve Kondik> 4 months ago
610c356 : media: Use project pathmap <Ethan Chen> 4 months ago
dc1b1d4 : mm-video-v4l2: Unmap dropped output buffers <Surajit Podder> 5 months ago
78521c5 : Include kernel header dependency for libOmxVidcCommon <Divya Sharma> 5 months ago
f9c92f0 : mm-video-v4l2: vidc: venc: Fix hybrid HP layer count <Abdulla Anam> 6 months ago
a5dce41 : mm-video-v4l2: Enable get_param to check downscalar enablement <Surajit Podder> 6 months ago
e7743ae : mm-video-v4l2: venc: Add support to enhance hybrid Hier-p mode <Abdulla Anam> 6 months ago
75bc6a6 : mm-video-v4l2: vdec:  release buffer when qbuf to driver fails <Manikanta Kanamarlapudi> 6 months ago
cfeaf87 : mm-video-v4l2: Use client buffer header for FTB <Surajit Podder> 7 months ago
b6c736d : mm-video-v4l2: Disable intra refresh mode on msm8956/76 <Maheshwar Ajja> 7 months ago
a54c5d4 : mm-video-v4l2: vdec: fix fps issues in arbitrary mode <Ashray Kulkarni> 8 months ago
826ba8c : QCMetadata: add a new key for big buffers <Sidipotu Ashok> 7 months ago
ef3143a : QCMetadata: Add key for setBuffers API support <Manikanta Kanamarlapudi> 11 months ago
f178e8b : mm-video-v4l2: venc: support all I frame encoding usecase. <Abdulla Anam> 7 months ago
bcf4fa3 : libstagefrighthw: Add header guard to QComOMXMetadata.h and fix file perms <Deva Ramasubramanian> 7 months ago
e2d287f : mm-video-v4l2: vdec: streamoff while freeing first output buffer <Balamurugan Alagarsamy> 1 year, 4 months ago
f0fc3d0 : mm-video: Disable downscalar for non-display usecase <Surajit Podder> 10 months ago
0997c8a : mm-video: Enable HEVC software encoder OMX component. <Manikanta Sivapala> 7 months ago
8bb96de : mm-video_v4l2: pass crop nWidth and nHeight in reconfig event. <Abdulla Anam> 8 months ago
afb1469 : mm-video-v4l2: Fix downscalar issue <Surajit Podder> 8 months ago
269f6cd : mm-video-v4l2: Fix crash due to divide by zero <Surajit Podder> 7 months ago
c14558c : mm-video-v4l2: venc: initialize the member variables <Maheshwar Ajja> 8 months ago
99c2455 : mm-video-v4l2: vdec: Fix closing of file descriptor "0" <Deepak Kushwah> 8 months ago
b4d0e38 : mm-video-v4l2: venc: limit pixels value in input buffers. <Abdulla Anam> 8 months ago
1202ebd : mm-video_v4l2: pass crop nWidth and nHeight in reconfig event. <Abdulla Anam> 8 months ago
1fc82f0 : mm-video: Disable downscalar for non-display usecase <Surajit Podder> 10 months ago
6ecc67f : mm-core: update vpp related structures and enums. <Abdulla Anam> 8 months ago
56c0a51 : mm-video-v4l2: vidc: venc: fix CTS issues in vp8 encoder <Maheshwar Ajja> 8 months ago
1fe6770 : mm-core: update vpp related structures and enums. <Abdulla Anam> 8 months ago
a9c2410 : mm-video: Set correct color format to driver <Surajit Podder> 9 months ago
f2fa16b : mm-video-v4l2: vidc: venc: enable low latency mode <Maheshwar Ajja> 9 months ago
79da148 : mm-video-v4l2: null check before pointer dereference <Abdulla Anam> 8 months ago
a66ec1f : audio: Fix stale session opening of DSP audio decoder <Naresh Tanniru> 8 months ago
1171b44 : audio: Fix stale session opening of DSP audio decoder <Naresh Tanniru> 8 months ago
03f6533 : mm-video-v4l2: change variables used for reconfig height & width <Abdulla Anam> 9 months ago
6dc2004 : mm-video-v4l2: venc: Disable Bframes incase of UHD recording <Deepak Kushwah> 9 months ago
f493b73 : audio: Add support for new key kKeyByteMode <Manish Dewangan> 9 months ago
382b5b7 : mm-video-v4l2: video: add new extensions <Ashray Kulkarni> 12 months ago
b266f81 : mm-video-v4l2: venc: Add support for low latency mode <Maheshwar Ajja> 9 months ago
14c22a7 : mm-core: Add Skype extensions <Ashray Kulkarni> 12 months ago
 
**** cm:CyanogenMod/android_hardware_qcom_media ****
347b90c : libc2dcolorconvert: refer c2d header from display <Praveen Chavan> 2 years ago
6316605 : vidc: Fix makefiles <Steve Kondik> 1 year ago
d84d430 : media: Avoid collision with FFMPEG plugin <Steve Kondik> 2 years ago
8ba01d1 : media: Use project pathmap <Ethan Chen> 1 year, 2 months ago
be989ef : audio: Add entry for ALAC/APE software component <Preetam Singh Ranawat> 5 months ago
ab3e6cf : Include kernel header dependency for libOmxVidcCommon <Divya Sharma> 5 months ago
f5b8f20 : Include kernel header dependency for libOmxVidcCommon <Divya Sharma> 5 months ago
2266025 : mm-video-v4l2: vidc: Ensure async_message_thread always exits <Arun Menon> 5 months ago
b0d352b : media : Add Max CSD values for ALAC and APE <Preetam Singh Ranawat> 6 months ago
a04219f : mm-video-v4l2: vdec: skip enabling extn_user extradata for secure session <Srinu Gorle> 5 months ago
622d480 : mm-video-v4l2: vidc: Enhance VQZIP checks <Praneeth Paladugu> 8 months ago
2b5bd8a : mm-video-v4l2: vidc: venc: Fix input extradata issues <Praneeth Paladugu> 6 months ago
ce13944 : mm-video-v4l2: vidc: vdec: Add UBWC color format support <Srinu Gorle> 5 months ago
a725170 : mm-video: venc: Initialize m_graphicBufferSize <Deva Ramasubramanian> 5 months ago
8be933c : mm-video-v4l2: vidc: vdec: Add support for downscalar in component <Srinu Gorle> 12 months ago
c29ae31 : mm-video-v4l2: vidc: Fix race condition with msg thread fd close <Shalaj Jain> 5 months ago
6a50516 : mm-video-v4l2: vdec: Fix CTS issue with color coversion <Vinay Kalia> 5 months ago
ab08584 : mm-core: Add extensions for FRC <Vinay Kalia> 6 months ago
b12f245 : mm-video-v4l2: Handle async_message_thread error <Arun Menon> 6 months ago
9952fd8 : mm-core: Add secure component registry entry <Vikash Garodia> 6 months ago
8d855cc : mm-video: common: update OmxVidcCommon dependency list <Srinu Gorle> 6 months ago
3c3fe6c : mm-video-v4l2: vdec: Change preferred color format default order <Arun Menon> 6 months ago
c73daac : mm-video-v4l2: Add registry entry for openmax components. <Vikash Garodia> 6 months ago
bcb448c : mm-video: swvdec: Add SwVdec registry entries for 8937. <Manikanta Sivapala> 6 months ago
e592d0a : mm-video: swvdec: Add SwVdec OMX component. <Manikanta Sivapala> 6 months ago
41cf898 : mm-core: Update the correct instance index for storing VPP handle <Praneeth Paladugu> 6 months ago
c8827e2 : mm-video-v4l2: vidc: Allocate secure bitstream buffers from CMA <Shalaj Jain> 6 months ago
cf6d469 : mm-video: vidc: Fully drainbuffers from the driver if batch not complete <Deva Ramasubramanian> 6 months ago
093280d : mm-core: Unload the component library after the session is done <Praneeth Paladugu> 6 months ago
45267c8 : Remove msm8937 due to missing HY11 rule <Naveen Kumar> 6 months ago
fb36868 : mm-video: venc: Revert Venus native support for RGBA8888 <Deva Ramasubramanian> 6 months ago
1c7b346 : mm-video: swvenc: Add pure virtual functions. <Manikanta Sivapala> 6 months ago
0ec71b0 : mm-video: Add extensions to enable and configure ROI QP info <Vinay Kalia> 7 months ago
db88209 : audio: remove duplicate instances of aac decoder <Mingming Yin> 6 months ago
b04a903 : mm-video-v4l2: vdec: Fix a bug with C2D and DROPPED_FRAME <Vinay Kalia> 6 months ago
183f501 : mm-video-v4l2: vidc: Add null checks in async_message_process <Arun Menon> 6 months ago
fbdcaba : mm-video-v4l2: Add support for VP9 secure decoder <Shalaj Jain> 9 months ago
a935f80 : mm-video: swvenc: Add SwVenc registry entries for 8937. <Manikanta Sivapala> 6 months ago
f3f1e00 : QCMetadata: add a new key for big buffers <Sidipotu Ashok> 7 months ago
be1c0e3 : mm-video: vidc: Adjust performance level only after STREAMON <Deva Ramasubramanian> 6 months ago
6f6f5fb : mm-video-v4l2: vidc: venc: Fix hybrid HP layer count <Ashray Kulkarni> 6 months ago
144b092 : mm-video: venc: Get rid of PREPARE_BUF on input port <Vinay Kalia> 7 months ago
431e6b1 : mm-video-v4l2: vdec: fix fps issues in arbitrary mode <Ashray Kulkarni> 8 months ago
edd1b09 : mm-video-v4l2: vidc: vdec: Put decoder sessions in TURBO <Praneeth Paladugu> 9 months ago
07a4eca : libc2dcolorconvert: Fix height alignment issue with RGBA formats <Rajesh Sastrula> 7 months ago
c826460 : mm-video-v4l2: venc: Add support to enhance hybrid Hier-p mode <Ashray Kulkarni> 10 months ago
c08fc90 : mm-core: Add registry entry for titanium <Srinu Gorle> 7 months ago
94af4ea : mm-video: Add opaque color format support to MPEG-4 SwVenc. <Manikanta Sivapala> 7 months ago
f4e1426 : mm-video-v4l2: Do not send error to client once in loaded state <Shalaj Jain> 7 months ago
bf75c1c : mm-video-v4l2: vdec: Add range check before native_buffer usage <Arun Menon> 7 months ago
 
**** cmold:android_kernel_htc_msm8960 ****
a0961ff : ville: disable HTC_HEADSET_ONE_WIRE <Dimitri Unrau> 17 hours ago
767502b : arch: arm: HTC: Update defconfigs <Matt Mower> 2 weeks ago
e4142a2 : staging: prima: setup wcnss before prima loads <Flemmard> 2 years, 4 months ago
5eb7bff : staging: prima: Get MAC address from WCNSS platform device <Steve Kondik> 1 year, 8 months ago
cd633ec : staging: prima: Update paths and config names <Matt Mower> 2 weeks ago
a16bc2b : staging: prima: Replace prima with prima_jb3.2 <Matt Mower> 2 weeks ago
 
**** cmold:android_kernel_htc_msm8974 ****
3b0c28d : include: rmnet_data: Define the MAPv4 data format <Subash Abhinov Kasiviswanathan> 8 months ago
b5601c9 : net: rmnet_data: Add header files for rmnet_data <Muhammed Siju> 10 months ago
6f4a688 : a5: Updates from M kernel <Willi Ye> 5 weeks ago
84e1c0c : msm: perf: Protect buffer overflow due to malicious user <Swetha Chikkaboraiah> 3 months ago
 
**** cmold:android_kernel_lge_msm8992 ****
555371e : msm: perf: Protect buffer overflow due to malicious user <Swetha Chikkaboraiah> 3 months ago
 
**** cmold:android_kernel_motorola_msm8226 ****
6f175f2 : defconfig: Enable memory resource controller swap extension <Matthias Yzusqui> 8 days ago
 
**** cmold:android_kernel_motorola_msm8610 ****
127d0ea : otus: condor: Set CONFIG_HZ to 300 <Steve Kondik> 13 days ago
a8d899b : ARM: dts: msm8x10: Switch to msec idle-timeout <Ashwin> 31 hours ago
f7e51ae : msm: kgsl: Fix direct references to HZ <Ajay Dudani> 5 months ago
 
**** cmold:android_kernel_motorola_msm8916 ****
2fdedd0 : msm: kgsl: Fix direct references to HZ <Ajay Dudani> 5 months ago
4a2fff8 : arm: configs: set CONFIG_HZ to 300 <Patrick Tjin> 2 months ago
1c3d6f5 : mmc: move to a SCHED_FIFO thread <Tim Murray> 3 months ago
 
**** cmold:android_kernel_oneplus_msm8974 ****
ac620e9 : arm: mach-msm: pil-msa: Set the strongly-ordered attribute on DMA allocations <Vikram Mulukutla> 1 year, 9 months ago
 
**** github:Grarak/android_kernel_oneplus_msm8994 ****
edd0b55 : ASoC: msm: qdsp6v2: Handle additional codec specific metadata <Alexy Joseph> 8 months ago
 
**** cmold:android_kernel_oppo_msm8974 ****
ac620e9 : arm: mach-msm: pil-msa: Set the strongly-ordered attribute on DMA allocations <Vikram Mulukutla> 1 year, 9 months ago
9a2d77c : lowmemorykiller: Get back to sane state after cleanup <Liam Mark> 3 years, 7 months ago
b34478c : ASoC: wcd9320: Change headphone CnP settings <Sudheer Papothi> 1 year, 7 months ago
725a248 : ASoC: msm: qdsp6v2: add integer overflow check <Aravind Kumar> 1 year, 8 months ago
 
**** cmold:android_kernel_samsung_d2 ****
343a5fb : Linux 3.4.112 <Zefan Li> 3 days ago
97e0c90 : x86/iopl/64: Properly context-switch IOPL on Xen PV <Andy Lutomirski> 6 weeks ago
0765dbc : splice: sendfile() at once fails for big files <Christophe Leroy> 12 months ago
b381fbc : pipe: Fix buffer offset after partially failed read <Ben Hutchings> 3 months ago
e08cc94 : usb: Use the USB_SS_MULT() macro to decode burst multiplier for log message <Ben Hutchings> 5 months ago
9237baa : raid1: include bio_end_io_list in nr_queued to prevent freeze_array hang <Nate Dailey> 9 weeks ago
4b7e6b7 : mvsas: Fix NULL pointer dereference in mvs_slot_task_free <Dāvis Mosāns> 8 months ago
ede7386 : dm btree: fix leak of bufio-backed block in btree_split_beneath error path <Mike Snitzer> 6 months ago
e2c8a2c : mm: make sendfile(2) killable <Jan Kara> 6 months ago
b1d64b0 : drm/nouveau/gem: return only valid domain when there's only one <Ilia Mirkin> 6 months ago
f9a3e62 : iommu/amd: Don't clear DTE flags when modifying it <Joerg Roedel> 6 months ago
b5fb46e : ASoC: wm8904: Correct number of EQ registers <Charles Keepax> 6 months ago
394d806 : crypto: api - Only abort operations on fatal signal <Herbert Xu> 6 months ago
4333b97 : xhci: Add spurious wakeup quirk for LynxPoint-LP controllers <Laura Abbott> 7 months ago
720083a : xhci: handle no ping response error properly <Mathias Nyman> 7 months ago
d425239 : iommu/vt-d: fix range computation when making room for large pages <Christian Zander> 11 months ago
2147886 : crypto: ahash - ensure statesize is non-zero <Russell King> 7 months ago
efb0494 : xen-blkfront: check for null drvdata in blkback_changed (XenbusStateClosing) <Cathy Avery> 7 months ago
de7f6bf : ALSA: synth: Fix conflicting OSS device registration on AWE32 <Takashi Iwai> 7 months ago
3f258c6 : drivers/tty: require read access for controlling terminal <Jann Horn> 7 months ago
3a0b4c1 : tty: fix stall caused by missing memory barrier in drivers/tty/n_tty.c <Kosuke Tatsukawa> 7 months ago
d6706f0 : usb: Add device quirk for Logitech PTZ cameras <Vincent Palatin> 7 months ago
1831613 : USB: Add reset-resume quirk for two Plantronics usb headphones. <Yao-Wen Mao> 8 months ago
b81cc21 : clocksource: Fix abs() usage w/ 64bit values <John Stultz> 8 months ago
e9c2359 : mm: hugetlbfs: skip shared VMAs when unmapping private pages to satisfy a fault <Mel Gorman> 7 months ago
a03288d : genirq: Fix race in register_irq_proc() <Ben Hutchings> 7 months ago
12bdf05 : x86/process: Add proper bound checks in 64bit get_wchan() <Thomas Gleixner> 7 months ago
127cf7c : UBI: return ENOSPC if no enough space available <shengyong> 7 months ago
15acb36 : UBI: Validate data_size <Richard Weinberger> 7 months ago
9ed559d : x86/xen: Do not clip xen_e820_map to xen_e820_map_entries when sanitizing map <Malcolm Crossley> 7 months ago
d311156 : m68k: Define asmlinkage_protect <Andreas Schwab> 7 months ago
edb236d : ath9k: declare required extra tx headroom <Felix Fietkau> 7 months ago
f5499bf : ocfs2/dlm: fix deadlock when dispatch assert master <Joseph Qi> 7 months ago
6fa2028 : cifs: use server timestamp for ntlmv2 authentication <Peter Seiderer> 8 months ago
276a6c9 : xhci: change xhci 1.0 only restrictions to support xhci 1.1 <Mathias Nyman> 7 months ago
fa8600f : usb: xhci: Clear XHCI_STATE_DYING on start <Roger Quadros> 7 months ago
63a2bdd : xhci: give command abortion one more chance before killing xhci <Mathias Nyman> 7 months ago
40dba0f : usb: Use the USB_SS_MULT() macro to get the burst multiplier. <Mathias Nyman> 7 months ago
7d148ce : KVM: x86: trap AMD MSRs for the TSeg base and mask <Paolo Bonzini> 7 months ago
42bffe1 : regmap: debugfs: Don't bother actually printing when calculating max length <Mark Brown> 7 months ago
f4524d7 : regmap: debugfs: Ensure we don't underflow when printing access masks <Mark Brown> 7 months ago
413e734 : btrfs: skip waiting on ordered range for special files <Jeff Mahoney> 8 months ago
557b53d : spi: Fix documentation of spi_alloc_master() <Guenter Roeck> 8 months ago
47d7e7e : spi: spi-pxa2xx: Check status register to determine if SSSR_TINT is disabled <Tan, Jui Nee> 8 months ago
2f5b9f2 : drm: crtc: integer overflow in drm_property_create_blob() <Dan Carpenter> 6 months ago
6126604 : md/raid1: don't clear bitmap bit when bad-block-list write fails. <NeilBrown> 6 months ago
f6b1d7c : md/raid1: ensure device failure recorded before write request returns. <NeilBrown> 9 months ago
0570dab : md/raid10: don't clear bitmap bit when bad-block-list write fails. <NeilBrown> 6 months ago
43bf02b : md/raid10: ensure device failure recorded before write request returns. <NeilBrown> 9 months ago
894f53c : powerpc/rtas: Validate rtas.entry before calling enter_rtas() <Vasant Hegde> 7 months ago
 
**** vanir:kernel_samsung_jf ****
1203fc9 : msm: perf: Protect buffer overflow due to malicious user <Swetha Chikkaboraiah> 3 months ago
 
**** vanir:kernel_samsung_klte ****
9ddad3c : ARM: dts: msm8x74: Switch to msec idle-timeout <OzzysCmAcc> 4 days ago
8b4ad6e : sched_clock: Backport high-resolution support <Stephen Boyd> 2 years, 3 months ago
11355c6 : clocksource: Extract max nsec calculation into separate function <Stephen Boyd> 2 years, 9 months ago
a31f03c : msm: kgsl: Fix direct references to HZ <Ajay Dudani> 5 months ago
 
**** cmold:android_kernel_samsung_mondrianwifi ****
e5a84a0 : msm: perf: Protect buffer overflow due to malicious user <Swetha Chikkaboraiah> 3 months ago
61ea292 : pipe: Fix buffer offset after partially failed read <Ben Hutchings> 3 months ago
1da38cf : UPSTREAM: include/linux/poison.h: fix LIST_POISON{1,2} offset <Vasily Kulikov> 8 months ago
7159811 : pipe: iovec: Fix memory corruption when retrying atomic copy as non-atomic <Ben Hutchings> 11 months ago
4dba2be : tty: Fix unsafe ldisc reference via ioctl(TIOCGETD) <Peter Hurley> 4 months ago
0011846 : fuse: break infinite loop in fuse_fill_write_pages() <Roman Gushchin> 7 months ago
ececd44 : ext4: make orphan functions be no-op in no-journal mode <Anatol Pomozov> 3 years, 7 months ago
a8f5f8b : bluetooth: Validate socket address length in sco_sock_bind(). <David S. Miller> 5 months ago
d9ff76f : net: add validation for the socket syscall protocol argument <Hannes Frederic Sowa> 5 months ago
35b34e4 : KEYS: Fix crash when attempt to garbage collect an uninstantiated keyring <David Howells> 7 months ago
be5bb63 : KEYS: Fix race between key destruction and finding a keyring by name <David Howells> 7 months ago
c57c6cd : KEYS: Add invalidation support <David Howells> 4 years ago
d72e6bc : KEYS: Permit in-place link replacement in keyring list <David Howells> 4 years ago
578292b : KEYS: Perform RCU synchronisation on keys prior to key destruction <David Howells> 4 years ago
 
**** cmold:android_kernel_sony_msm8x27 ****
615d677 : nicki_defconfig: Remove BusPM module <RonGokhale> 20 hours ago
3bb937e : Fix build for GCC 4.7 <Devin Kim> 3 years, 3 months ago
1a5ef53 : arm: kernel: Drop warning about return_address not using unwind tables <Uwe Kleine-König> 1 year, 7 months ago
31f20f5 : persistent_ram: Fix buffer size clamping during writes <Anton Vorontsov> 4 years ago
f0dc58c : msm: mpdecision: update dcvs algo params at initialization <Steve Muckle> 3 years, 5 months ago
c47b483 : platform: msm: msm_bus: remove buspm support <Dhruv Kumar Chawda> 2 weeks ago
9026088 : ipv6: clean up anycast when an interface is destroyed <Sabrina Dubroca> 1 year, 8 months ago
a48a67f : ipv4, fib: pass LOOPBACK_IFINDEX instead of 0 to flowi4_iif <Cong Wang> 2 years ago
2934933 : net: ipv6: Add sysctl entry to disable MTU updates from RA <Harout Hedeshian> 1 year, 3 months ago
5a60f65 : msm: clock: Fix potential NULL pointer dereference <Jaiju Yesudasan> 5 weeks ago
4eb0472 : qseecom: Add a status field to the listener resp structure <Mona Hossain> 3 years, 3 months ago
df9e141 : binder: NULL pointer reference <Paresh Nakhe> 2 years, 1 month ago
b5b4e09 : (CR) msm_fb: display: reduce turn-on display time. <Limei Wang> 3 years, 5 months ago
d92aae4 : Revert "video: msm: Use the new fence release logic for video panel" <RonGokhale> 5 days ago
d5713f4 : ALSA: control: Add sanity checks for user ctl id name string <Takashi Iwai> 1 year, 2 months ago
bd9aa71 : ALSA: pcm: Don't leave PREPARED state after draining <Takashi Iwai> 1 year, 4 months ago
64ecf12 : ALSA: pcm: fix fifo_size frame calculation <Clemens Ladisch> 1 year, 7 months ago
5a1b298 : ALSA: Add SNDRV_PCM_STATE_PAUSED case in wait_for_avail function <JongHo Kim> 2 years, 4 months ago
07c4581 : ASoC: msm: Validate pcm buffer size <Kuirong Wang> 1 year, 1 month ago
0a0c515 : ASoC: msm: Add flexible playback periods <Arne Coucheron> 1 year, 3 months ago
9e9aad0 : ASoC: msm: Reduce min buffer size for low latency <Mekala Natarajan> 3 years, 1 month ago
98ea629 : asoc: msm: Add flexible period count to pcm record driver <Krishnankutty Kolathappilly> 3 years, 1 month ago
1993d4d : ASoC: msm: Flexible period size for pcm playback <Mekala Natarajan> 3 years, 1 month ago
1e956bd : Revert "ASoC: msm: Decrease the playback period size of PCM driver" <Mekala Natarajan> 3 years, 1 month ago
9b739fe : Revert "asoc: msm: Add flexible period count to pcm record driver" <Mekala Natarajan> 3 years, 1 month ago
 
**** github:armani-dev/android_kernel_xiaomi_armani ****
1a9334e : video: mdss: Color temperature interface using PCC <Steve Kondik> 1 year, 3 months ago
b4a2ce7 : Revert "video: mdp4: Color temperature interface using PCC" <fefifofum> 12 hours ago
585696a : arm: mach-msm: pil-msa: Set the strongly-ordered attribute on DMA allocations <Vikram Mulukutla> 1 year, 9 months ago
 
**** vanir:libcore ****
3a5c4a7 : XML Pull Parser optimizations <Kevin Hart> 3 months ago
 
**** vanir:platform_manifest ****
aa78190 : Revert "Revert "[1/2] Gello ships!"" <nuclearmistake> 77 minutes ago
f1fab71 : Revert "[1/2] Gello ships!" <nuclearmistake> 2 hours ago
43d6ef6 : [1/2] Gello ships! <jrizzoli> 8 hours ago
60a677b : Relocate weather provider samples to CMSDK samples folder <Luis Vidal> 3 days ago
 
**** cm:CyanogenMod/android_packages_apps_AudioFX ****
ed3094d : Automatic translation import <Michael Bestas> 29 hours ago
2e67e76 : audiofx: Use CMAudioService for session callbacks <Steve Kondik> 7 days ago
 
**** vanir:packages_apps_CarrierConfig ****
cb559ac : Add MVNO configs for Lycamobile ES and Truphone ES <Ricardo Cerqueira> 3 days ago
 
**** vanir:packages_apps_Contacts ****
b89eaa1 : Automatic translation import <Michael Bestas> 29 hours ago
ff1025e : [2/2] Contacts : fixed InCall plugin PendingIntent after refactor <Erica Chang> 3 days ago
a8593b0 : [2/4] Update contacts for CallMethodHelper refactor <Stephen Bird> 3 weeks ago
 
**** vanir:packages_apps_ContactsCommon ****
849685b : Fix height calculation of ContactListItemView <Richard MacGregor> 9 hours ago
510605f : Automatic translation import <Michael Bestas> 29 hours ago
14ae197 : Add new method to LookupHandlerThread for calling new API interfaces <Martin Brabham> 9 weeks ago
 
**** vanir:packages_apps_Dialer ****
9d76b66 : Automatic translation import <Michael Bestas> 29 hours ago
7efc03f : [4/4] Update dialer for CallMethodHelper refactor <Stephen Bird> 7 weeks ago
38fec3b : Add InCall providers call logs into the statistics pages <Stephen Bird> 2 days ago
f6713d2 : WifiNudge: Use PreciseCallState to only show on outgoing calls <Stephen Bird> 3 days ago
bf43c1f : Hide coachmark if dialpad opens with text pre-filled <Stephen Bird> 4 weeks ago
e790722 : Fix nudge counts <Stephen Bird> 4 days ago
 
**** vanir:packages_apps_InCallUI ****
b98970a : Automatic translation import <Michael Bestas> 29 hours ago
2ba9c5c : [3/4] Update incall for callmethodhelper refactor <Stephen Bird> 3 weeks ago
536b9f5 : CallButtons: Prevent FRP bypass via the video calling option <Stephen Bird> 7 days ago
 
**** vanir:packages_apps_LockClock ****
c8e4f26 : Automatic translation import <Michael Bestas> 29 hours ago
9493fe7 : Fix weather source string translatability <Michael Bestas> 2 days ago
c56159a : Refactor cLock to use the new Weather API <Luis Vidal> 4 weeks ago
 
**** cm:CyanogenMod/android_packages_apps_Messaging ****
d845463 : Showing Normalized number instead of denormalize number <jaffersulaiman> 12 days ago
97241df : Automatic translation import <Michael Bestas> 29 hours ago
01868a1 : Fixed the cutoff timestamp for MMS deletion by limit. <tnmy-cyngn> 5 days ago
 
**** vanir:packages_apps_PhoneCommon ****
35f20a7 : Correctly mark data broadcast as done. <Danny Baumann> 15 hours ago
0bf5c30 : Automatic translation import <Michael Bestas> 29 hours ago
f21fbc1 : DataSubscription: Broadcast if we have no plugins <Stephen Bird> 27 hours ago
0c8f3a2 : Hide VoLTE label by default to prevent it from showing in emergency dialer <Kamaljeet Maini> 3 days ago
4798621 : [1/2] Contacts : fix InCall plugin related PendingIntent <Erica Chang> 3 days ago
dea0bdd : MimeTypes: Use the right ones <Stephen Bird> 32 hours ago
2c63819 : Fix NPE if getCreditResult is null <Richard MacGregor> 33 hours ago
ecc708d : [1/4] Refactor CallMethodHelper <Stephen Bird> 4 weeks ago
33beb0a : Check if Volte is enabled in ImsManager to determine Volte support <Kamaljeet Maini> 4 days ago
e8398ca : Fix call method spinner text cutoff <Richard MacGregor> 3 days ago
 
**** cm:CyanogenMod/android_packages_apps_Screencast ****
c470796 : Automatic translation import <Michael Bestas> 29 hours ago
 
**** vanir:packages_apps_Settings ****
6f12b36 : Settings: refresh ui on foce stop/diable <Roman Birg> 4 days ago
72a5122 : Settings: Ensure user has to wait 30 before retrying pattern <cretin45> 30 hours ago
73a08ee : Automatic translation import <Michael Bestas> 29 hours ago
0814793 : Settings: restore proper live display color profile <Roman Birg> 3 days ago
b2c27cd : Simplify and improve dream, LLS and weather provider layouts. <Danny Baumann> 3 weeks ago
2bbd3dd : Setting : Don't show search for activities not within same shared user id <Danesh M> 4 days ago
e77cc0a : settings: Remove LiveDisplay preferences if not available <Steve Kondik> 4 days ago
 
**** cm:CyanogenMod/android_packages_apps_Snap ****
cd544e6 : Automatic translation import <Michael Bestas> 29 hours ago
3790102 : Improve RTL layout behaviour. <Danny Baumann> 11 days ago
 
**** vanir:packages_apps_soundrecorder ****
05da035 : Automatic translation import <Michael Bestas> 29 hours ago
 
**** vanir:packages_apps_ThemeChooser ****
a245d3b : Automatic translation import <Michael Bestas> 29 hours ago
74d7544 : ThemeChooser: don't try to set bg color when displaying from font filter <jrizzoli> 7 days ago
 
**** cm:CyanogenMod/android_packages_apps_Trebuchet ****
d20f779 : Revert "Trebuchet: send metrics directly when possible" <Roman Birg> 2 hours ago
097b950 : Trebuchet: send metrics directly when possible <Roman Birg> 7 days ago
4ed3669 : Trebuchet: Don't create shadow on 0 width/height icon <cretin45> 30 hours ago
0c86fc1 : Trebuchet : Update default workspace for dialer <Richard MacGregor> 11 days ago
 
**** cm:CyanogenMod/android_packages_providers_WeatherProvider ****
0153b37 : Automatic translation import <Michael Bestas> 29 hours ago
 
**** cm:CyanogenMod/android_packages_services_LiveLockScreenService ****
9ddcdb4 : Automatic translation import <Michael Bestas> 29 hours ago
 
**** vanir:packages_services_Telephony ****
ab2393c : Automatic translation import <Michael Bestas> 29 hours ago
 
**** vanir:system_bt ****
0ffc2ce : BT-HFP: Add HFP 1.7 features only if supported by peer <Jean-Bernard Damiano> 2 days ago
3a1764b : Add Renault MediaNav to HFP 1.7 blacklist <jmozmoz> 4 days ago
 
**** vanir:system_core ****
acd1856 : fastboot: Add Nextbit's USB vendor id <Steve Kondik> 3 days ago
 
**** vanir:system_vold ****
57f9939 : vold: Fix cryptfs changepw parsing <Tom Marshall> 3 months ago
 
**** cm:CyanogenMod/cm_platform_sdk ****
76ff069 : Automatic translation import <Michael Bestas> 29 hours ago
bf3c0cf : cmsdk: Add CMAudioManager <Steve Kondik> 7 days ago
153bd22 : livedisplay: Fix another transition issue <Steve Kondik> 3 days ago
4595cfd : livedisplay: Add some unit tests <Steve Kondik> 4 days ago
35315d3 : cmsdk: Fix crash when getting LiveDisplay config <Steve Kondik> 4 days ago
c68b38a : livedisplay: Connect display modes to CMHW <Ethan Chen> 4 days ago
 
**** cm:CyanogenMod/android_packages_apps_WundergroundWeatherProvider ****
8d55a6f : WundergroundCM: fix typo <Kasual> 2 days ago
fab852e : WundergroundCM: Fix partlycloudy weather code response. <Adnan Begovic> 2 days ago
e426363 : WundergroundCM: Update README. <Adnan Begovic> 2 days ago
6a059b1 : Set app name as untranslatable <Michael Bestas> 2 days ago
f495569 : WundergroundCM: Add uses-feature for play store targeting. <Adnan Begovic> 3 days ago
 
**** vanir:vendor_htc ****
d9ee4c5 : s4-common: Update widevine from razor-mra58k <Dan Pasanen> 6 months ago
 
**** github:TheMuppets/proprietary_vendor_oppo ****
b87e0ee : F1f: Include some missing camera blobs. <Brinly Taylor> 3 days ago
73e994a : f1f: Fix the blobs for real <Michael Bestas> 4 days ago
 
**** vanir:vendor_samsung ****
672ecfa : trle varients: init commit for samsung qualcom galaxy note 4 trlte mm compatibity blobs <ZION959> 5 days ago
 
**** vanir:vendor_vanir ****
ce9f3f3 : APN: Fix Saunalahti APN regression introduced by CYNGNOS-436 <Anssi Hannula> 9 hours ago
85360f4 : APN: update Batelco and Zain APNs for Bahrain <Kasual> 7 days ago
250e9c6 : cm: Add CMAudioService the platform <Steve Kondik> 7 days ago
b6d1b1d : Remove cyngn dialer <Richard MacGregor> 10 days ago
 
