
**** vanir:bionic ****
4e64650 : Move tzdata scripts from bionic to external/icu <Neil Fuller> 11 months ago
 
**** cm:CyanogenMod/android_device_htc_hima-common ****
a0bfe0c : recovery: don't print current partition version <Dan Pasanen> 33 hours ago
a3fc339 : dotcase: set process and userid to com.android.systemui <Dan Pasanen> 5 days ago
 
**** vanir:device_htc_m7-common ****
aada7d4 : m7-common: Remove sys.perf.profiles from init <Matt Mower> 7 days ago
 
**** vanir:device_htc_m8 ****
974b883 : m8: de-commonize gps blobs/configs <Dan Pasanen> 2 days ago
e0d4b6a : m8: Update extract files <Bruno Martins> 3 days ago
 
**** cm:CyanogenMod/android_device_htc_m8-common ****
5cc454c : m8: remove gps.conf hack <Dan Pasanen> 2 days ago
a8e578c : m8: remove EasyAccessService <Dan Pasanen> 2 weeks ago
4b1cd60 : m8-common: Update how blob lists are generated <Bruno Martins> 4 days ago
 
**** cm:CyanogenMod/android_device_htc_m8dug ****
80d5f38 : m8d: track our own gps configs <Dan Pasanen> 2 days ago
2fded9d : m8d: Update extract files <Bruno Martins> 3 days ago
 
**** cm:CyanogenMod/android_device_htc_msm8974-common ****
701d1cf : msm8974: move gps configs down to device trees <Dan Pasanen> 2 days ago
5eadb64 : msm8974: add gesture handler for htc gestures <Dan Pasanen> 2 weeks ago
 
**** vanir:device_htc_s4-common ****
47bc02d : s4-common: Remove sys.perf.profiles from init <Matt Mower> 7 days ago
 
**** vanir:device_lge_bullhead ****
df8d342 : bullhead: update proprietary-blobs.txt <razorloves> 12 days ago
93e2fa8 : Revert "bullhead: increase speaker volume to normal level" <dcd> 5 days ago
 
**** vanir:device_lge_vs980 ****
452ae38 : vs980: add rild.libargs prop back <Dan Pasanen> 23 hours ago
ad2f89f : vs980: remove deprecated Phone overlay options <Dan Pasanen> 24 hours ago
 
**** vanir:device_moto_shamu ****
65c50ad : shamu: Update fingerprint to MOB30O <Elektroschmock> 13 days ago
 
**** vanir:device_motorola_omap4-common ****
1c990cf : Revert "motoOmap4RIL: get rid of dataAllowed-hack" <Michael Gernoth> 3 days ago
 
**** vanir:device_qcom_common ****
5113c19 : power: 8996: Fix only sending the first pair out of every perf profile <Ricardo Cerqueira> 4 days ago
 
**** vanir:device_samsung_jf-common ****
514c574 : Launch QMUXD process as root user to enable it to obtain required <Ravinder Konka> 2 years, 2 months ago
c6fc19f : init.qcom.rc: Enable rmt_storage always start. <Nikhilesh Reddy> 1 year, 6 months ago
1722971 : jf: Add mimeTypes to wma versions <Divya Narayanan Poojary> 10 months ago
 
**** vanir:device_samsung_klte-common ****
d4b75cd : klte-common: Clean up misc cmhw-related items <Kevin F. Haggerty> 15 hours ago
 
**** vanir:external_icu ****
3212c40 : icu: Fix Kurdish Arabic locale detection <Michael Bestas> 1 year, 4 months ago
f4bb19e : icu: Add Asturian ICU files <Marco Brohet> 2 years, 5 months ago
63fe352 : Add a documentation file for tools <Neil Fuller> 11 months ago
9be3323 : Extract ICU .dat / .jar file generation code <Neil Fuller> 11 months ago
8113823 : Move tzdata scripts from bionic to external/icu <Neil Fuller> 11 months ago
 
**** vanir:frameworks_av ****
a5ec354 : audiopolicy: Constrain session events to music streams <Steve Kondik> 27 hours ago
 
**** vanir:frameworks_base ****
a3e83da : Lockscreen Charging Current Switch 1/2 <ejjohnson1999> 5 hours ago
445be8c : AudioDucking : Check session playback state <Danesh M> 4 weeks ago
6fd5a73 : Automatic translation import <pinky@build01> 2 days ago
5251eb8 : Automatic translation import <pinky@build01> 3 days ago
10b2a79 : Keyguard: show charging current in mAh on lockscreen <Jean-Pierre Rasquin> 3 months ago
3e8fcc6 : Speed up notification panel pulldown animation when called externally <ezio84> 4 months ago
50ffd02 : Do not scan a file which cannot be read <Bartosz Bialek> 1 year, 9 months ago
de7ee4c : Fix random crash in libhwui <Keith Mok> 6 days ago
13e0f25 : Revert "I'll show you my pokey man if I can have a peek at you." <nuclearmistake> 3 days ago
 
**** vanir:frameworks_opt_telephony ****
4b479de : DctController: fix mismerge with getTopPriorityRequestPhoneId() <Roman Birg> 6 days ago
 
**** cm:CyanogenMod/android_hardware_cyanogen ****
61477df : cmhw: Catch 'em all in UniqueDeviceId <Steve Kondik> 2 days ago
 
**** cm:CyanogenMod/android_hardware_qcom_audio ****
a11ff3c : ssr: Fix building with OSS materials <Ricardo Cerqueira> 4 weeks ago
77bb1db : post proc : volume listener : fix effect release crash <Eric Laurent> 8 months ago
d796841 : hal: Add support to reload ACDB files <Karthik Reddy Katta> 3 months ago
e1b5f35 : make: Fixup cross-platform guards <Ricardo Cerqueira> 8 weeks ago
95d38b9 : hal : Fix banned API's and input validation errors <Preetam Singh Ranawat> 3 months ago
67ab751 : hal: return with error code to avoid tearing down existing recording <Zhou Song> 3 months ago
90f2a4c : hal: add support for msm8917 tmo, msm8917 sku5 and msm8940 sku6 <Meng Wang> 3 months ago
9898456 : audiopolicymanager: fix device selection in getNewOutputDevice <Satya Krishna Pindiproli> 4 months ago
21f9fa7 : hal: post_proc: Do not enable volume listener <Dhanalakshmi Siddani> 4 months ago
6540c07 : audiopolicy: check active direct output before adding DIRECT_PCM flag <Zhou Song> 4 months ago
354a07c : hal: Update to make code more reliable <Kuirong Wang> 5 months ago
5319430 : hal : Fix data initialization and input validation errors <Preetam Singh Ranawat> 4 months ago
d77d3b3 : policy_hal: add support for 32/48KHz support for voip <Shiv Maliyappanahalli> 6 months ago
e66aba2 : hal: add support for 32/48KHz for voip <Shiv Maliyappanahalli> 6 months ago
78b70c0 : hal: add support for fluence in voice recognition <Vidyakumar Athota> 1 year, 1 month ago
726c71d : Revert "hal: Fix SSR issue for compress offload playback" <Naresh Tanniru> 5 months ago
a969a9b : Remove internal code name of msmtitanium for msm8952. <Arusha Goyal> 4 months ago
fd7607b : hal: stop sound trigger buffering during close <Mingming Yin> 6 months ago
fdbcd9d : Remove internal code name of msmtitanium for msm8952. <Arusha Goyal> 4 months ago
60cd764 : audio: port sound trigger fixes <Mingming Yin> 5 months ago
0a79f2c : hal: reset backend configuration before speaker calibration <Vidyakumar Athota> 7 months ago
4ffc926 : hal: Add support to get speaker FTM parameters <Vidyakumar Athota> 5 months ago
3abfee2 : Revert "hal: Fix voice call routing issue on headset" <Karthik Reddy Katta> 5 months ago
b137994 : hal: Fix warnings in audio HAL and policy <Alexy Joseph> 6 months ago
31eefec : hal: correct offload tear down check due to sw effect <Weiyin Jiang> 5 months ago
869f201 : hal: force device switch only for headset and headphone <Xiaojun Sang> 5 months ago
46025ef : hal: update compress offload pcm device ID <Vidyakumar Athota> 7 months ago
58081b6 : audiopolicy: fix notification tone during call not stopped after call ended <Zhou Song> 5 months ago
fccb915 : audiopolicy: do not set FM volume during device connection/disconnection <Satya Krishna Pindiproli> 5 months ago
0d47176 : hal: Fix the device disable/enable sequence for capture usecases <Karthik Reddy Katta> 11 months ago
74a2eee : hal: support wsa combo for jacala <Naresh Tanniru> 5 months ago
cd327f8 : hal: don't allow track offload if there's active sw effect <Weiyin Jiang> 5 months ago
488ac37 : hal: spkr_prot: read temperature once during calibration <Vidyakumar Athota> 5 months ago
fdd505a : hal: limit AFE and ADM sample rate at 48 for speaker <Sidipotu Ashok> 5 months ago
bbce432 : hal: Ensure that stream is not started during Sub system restart. <Ashish Jain> 5 months ago
d211ef5 : policy_hal: handle incall sonification without checking output refCount <Weiyin Jiang> 5 months ago
4bd09d0 : hal: Add support to dynamically configure MI2S rx sample rate <Venkata Narendra Kumar Gutta> 6 months ago
f98e42f : hal: Remove return values from void functions <Leena Winterrowd> 6 months ago
ad8fff8 : hal: enhance the combo device detection logic during native playback <Sidipotu Ashok> 6 months ago
7f4817f : hal: Add support for FBSP in WSA analog mode <Venkata Narendra Kumar Gutta> 6 months ago
aee4fdd : hal: Fix potential memory leaks in HAL <Alexy Joseph> 6 months ago
4051676 : mm-audio: omx: Fix handling of flush error on session not found <Mingming Yin> 5 months ago
bb4cf0b : hal: fix no audio issue in voice call <Shiv Maliyappanahalli> 6 months ago
8d019b0 : hal: fix to enable aanc handset dynamically during voice call <Shiv Maliyappanahalli> 6 months ago
dda29e6 : hal: fix resource leak issues in platform.c <Mingming Yin> 8 months ago
34a303c : hal: Remove alac, ape from hardware decoder list <Naresh Tanniru> 6 months ago
d7a04cd : hal: Set sampling rate for stream_out <Leena Winterrowd> 6 months ago
125900e : hal: fix usecase selection in adev_open_output_stream <Satya Krishna Pindiproli> 6 months ago
eeb6b31 : hal: fm: add parameter to set mute options <Dhananjay Kumar> 6 months ago
2dd77c2 : policy_hal: fix for FM playback without active music stream <Mingming Yin> 7 months ago
 
**** cm:CyanogenMod/android_hardware_qcom_audio ****
dc4a1f6 : DO NOT MERGE Fix AudioEffect reply overflow <Andy Hung> 6 weeks ago
52af337 : hal: Garbage output in logcat <Keith Mok> 2 months ago
23187da : policy_hal: handle incall sonification without checking output refCount <Weiyin Jiang> 5 months ago
79f27c0 : hal: Fix WFD and voice call over USB concurrency <vivek mehta> 3 months ago
59da825 : hal: spk_prot: remove cond_wait for spkr_calib_cancel <Laxminath Kasam> 4 months ago
a0266fe : audio: update flags for selection of VoIP direct output <Karthik Reddy Katta> 8 months ago
e38d22a : hal: Fix glitch in audio playback during device switch <Weiyin Jiang> 4 months ago
237f1e8 : hal: spkr_prot: read temperature once during calibration <Vidyakumar Athota> 5 months ago
a74d752 : hal: correct offload tear down check due to sw effect <Weiyin Jiang> 5 months ago
886c244 : hal: remove explicit direct pcm usecase <vivek mehta> 10 months ago
f6cd4f7 : hal: stop sound trigger buffering during close <Mingming Yin> 6 months ago
4fb2812 : hal: don't allow track offload if there's active sw effect <Weiyin Jiang> 5 months ago
bfe1cc3 : hal: Fix 44.1Khz playback when native support is not enabled <Amit Shekhar> 6 months ago
dc520bc : libaudiopolicymanager: DirectPCM: fix 44.1 clip playing noisy issue <vivek mehta> 8 months ago
b73a764 : audio: Extend platform parser to allow device name aliasing <Ethan Chen> 1 year, 10 months ago
64387ed : hal: Fix voice call recording <solk2> 1 year, 10 months ago
91c7d6b : hal: Fix digital USB headset combo device <Steve Kondik> 1 year, 11 months ago
be6fdfc : hal: Clean up compilation warnings <Steve Kondik> 1 year, 7 months ago
13ba1b4 : hal: Add support for audio amplifier HAL <Ethan Chen> 3 years, 2 months ago
381b7a0 : audio: Configure CM default feature set <Steve Kondik> 1 year, 7 months ago
b25084a : hal: Allow building hardware audio encoders <Arne Coucheron> 1 year, 6 months ago
f48de3d : audio: Use project pathmap <Ethan Chen> 7 months ago
1362fc7 : audio: Only allow non-legacy HAL <Ethan Chen> 7 months ago
b5b6d33 : hal: Update format table with AAC ADTS formats. <Ashish Jain> 8 months ago
102616d : HAL: Identify the track offload session <Sharad Sangle> 7 months ago
d7eaf2b : HAL: Identify Track offload session <Alexy Joseph> 8 months ago
8c21ad7 : Merge DAX2 changes <Gao Jie> 8 months ago
fc04fdc : hal: update in_call flag state based on mode information <Venkata Narendra Kumar Gutta> 9 months ago
12467a1 : hal: Use AUDIO_TX_MONO_COPP topology for incall record usecases <Karthik Reddy Katta> 8 months ago
 
**** cm:CyanogenMod/android_hardware_qcom_display ****
e435cea : Don't build lights module if vendor supplies it <Steve Kondik> 1 year, 8 months ago
9f98625 : make: Adjust to dynamic paths <Ricardo Cerqueira> 8 weeks ago
df7f309 : sdm: Add NULL check for allocated memory <Ramakant Singh> 3 months ago
5b880f0 : gralloc : Add singleton class for mdp capability <Ramakant Singh> 4 months ago
b8cb6de : sdm: Fix incorrect permission on hw_info.cpp <Naseer Ahmed> 4 months ago
805ea87 : libgralloc: Get appropriate width and height from metadata <Ramkumar Radhakrishnan> 4 months ago
57f0cc4 : sdm: Set the new panel width and height correctly <Ramakant Singh> 4 months ago
354bf79 : sdm: Disable partial update only if is enabled. <Dileep Marchya> 4 months ago
4570003 : sdm: Add parameter check for content list <Manoj Kumar AVM> 5 months ago
c5109e6 : sdm : Apply Default Mode on real framework start <Sravan Kumar D.V.N> 4 months ago
5e0a1dc : hwc: Initialize pipe type to kPipeTypeUnused <Pullakavi Srinivas> 4 months ago
c487a88 : sdm: Initialize blit class members <Anjaneya Prasad Musunuri> 4 months ago
3cb64d9 : sdm:  Adding mapping of MDP RGB565_UBWC  format to SDM format <Anjaneya Prasad Musunuri> 4 months ago
f4912df : sdm: Add support for 10 bit RGB/YUV formats. <Ramkumar Radhakrishnan> 4 months ago
db89d1f : libgralloc: Add support for 10 bit RGB/YUV formats. <Ramkumar Radhakrishnan> 4 months ago
813ec82 : sdm: Create rotator modules only if a config has required h/w <Saurabh Shah> 5 months ago
cdd3895 : sdm: Add support for V4L2 Rotator <Saurabh Shah> 8 months ago
48c0356 : sdm: Indicate if Rotator is separate H/W block <Sushil Chauhan> 5 months ago
9964fc0 : sdm: Read number of rects from per-pipe caps <Sushil Chauhan> 5 months ago
07f4d41 : sdm:  Adding mapping of MDP RGB565_UBWC  format to SDM format <Anjaneya Prasad Musunuri> 4 months ago
6f227cf : sdm: Set max_layers to 0 when HDMI is in S3D mode <Xu Yang> 6 months ago
53a9573 : sdm: color-manager: PA Dither implementation. <Siddharth Zaveri> 4 months ago
d9f58e0 : sdm: Fix layer blending parameter setting. <Ramkumar Radhakrishnan> 6 months ago
bf04660 : sdm: Fix default ROI initialization <Ramkumar Radhakrishnan> 5 months ago
a212934 : gralloc: Ignore IGC setting. <Dileep Marchya> 7 months ago
bb069a6 : sdm: Fix Wconversion errors <Naseer Ahmed> 6 months ago
95cf0f2 : sdm: color-manager: Add support for global dither. <Siddharth Zaveri> 5 months ago
36e000a : gralloc: Fix RAW10 stride <Ranjith Kagathi Ananda> 1 year, 1 month ago
0899057 : sdm: Initialize blit engine only if blit is supported. <Anjaneya Prasad Musunuri> 5 months ago
7b23121 : sdm: Fix out of bound access to HWC layers. <Dileep Marchya> 5 months ago
15ac3bd : Revert "sdm: Allocate layer stack objects individually." <Dileep Marchya> 5 months ago
eb97bc9 : sdm: Populate supported format table map from sysfs node <Ramkumar Radhakrishnan> 6 months ago
b2781cc : sdm: Typecast void pointer to mdp scale structure for QSEED2. <Ramkumar Radhakrishnan> 5 months ago
d4fa563 : sdm: Avoid flush for virtual display when no app layer is present. <Anjaneya Prasad Musunuri> 5 months ago
cb44d97 : libgralloc: disable UBWC for video encoder usecase <Manikanta Kanamarlapudi> 6 months ago
9c72d0d : sdm: Resolve mismatched deallocation of memory <Anjaneya Prasad Musunuri> 6 months ago
ee63e37 : sdm: Add output buffer resolution in dump <Manoj Kumar AVM> 6 months ago
2e2830c : sdm: Read per-pipe caps from MDP caps <Sushil Chauhan> 6 months ago
66b1fa5 : sdm: Allocate layer stack objects individually. <Dileep Marchya> 6 months ago
165ef42 : sdm: color-manager: Resolve uninitialized variable access. <Siddharth Zaveri> 6 months ago
7d0727d : sdm: Mark layer as updating if geometry has changed. <Dileep Marchya> 6 months ago
a55f866 : sdm: Fix out of bounds access <Saurabh Shah> 6 months ago
bd4aaf2 : libmemtrack: Update the parsing of flags field <Harshdeep Dhatt> 7 months ago
f77878d : sdm: Read max panel brightness level from file node. <Siddharth Zaveri> 6 months ago
930582e : sdm: Add an interface to store layer's input buffer id. <Ramkumar Radhakrishnan> 7 months ago
647e171 : hwc: Fix mutex deadlock in GetVsyncPeriod <Manoj Kumar AVM> 6 months ago
46ef281 : sdm: Add support for S3D video <Yang Xu> 8 months ago
cd0dace : sdm: Add CSC information in dump. <Dileep Marchya> 6 months ago
f8fa2a8 : sdm: Write auto refresh value only if changed <Saurabh Shah> 7 months ago
ae51451 : sdm: hwc: Use display_defs.h <Arun Kumar K.R> 7 months ago
 
**** cm:CyanogenMod/android_hardware_qcom_display ****
7b9a3a1 : hwc/overlay: Validate cursor position in hwc_setPositionAsync <Baldev Sahu> 5 months ago
4c401f0 : hwc: Fix sanitize ROI func <Ramakant Singh> 6 months ago
6dab9c9 : hwc: Apply Default Mode on real framework start <Sravan Kumar D.V.N> 6 months ago
732b9ac : qdutils: Correct the hwc-driver mismatch <Ramakant Singh> 6 months ago
f1e2905 : hwc: remove local constant DISPLAY_ATTRIBUTES list <Ramakant Singh> 6 months ago
a74edfb : hwc: Remove references to display-frameworks <Ethan Chen> 6 months ago
c7cce05 : hwc: Fix compile errors after display-frameworks removal <Arne Coucheron> 6 months ago
b375570 : hwc: Support for QDCM Preference when PU enabled <Nitesh Gupta> 7 months ago
cc1ec84 : hwc: Set ioprio for vsync thread <Steve Kondik> 10 months ago
7516867 : Don't build lights module if vendor supplies it <Steve Kondik> 1 year, 8 months ago
730d245 : Revert "hqd: Use MSM_VIDC_TARGET_LIST for Venus color format" <Ethan Chen> 7 months ago
bc1215a : display: Use project pathmap <Ethan Chen> 1 year, 8 months ago
c324d73 : hwc: Set DefaultMode after bootup completion <Ramakant Singh> 8 months ago
8a6e7c9 : gralloc: Add a private flag for INTERNAL only <Arun Kumar K.R> 11 months ago
394c830 : hwc: Donot update dynamic-fps when device is not active <Ramakant Singh> 9 months ago
8f21571 : hwc: Do not wait for MDSS fence for layers with rotation <Dileep Kumar Reddi> 10 months ago
d2c5ca0 : hwc: Start with ROI set to destination <Arun Kumar K.R> 9 months ago
9ef4d8c : hwc: Set minfps as part of timeout_handler during idlefallback <Ramakant Singh> 10 months ago
0d616ba : Revert "hwc: Relax format change restrictions for certain targets" <Dileep Kumar Reddi> 9 months ago
213ead5 : Default flexible YUV format to NV21 <Tanmaya Godbole> 11 months ago
ed75fdb : hwc: Reset refresh-rate for few cases as part of timeout handler <Dileep Kumar Reddi> 10 months ago
56ed396 : gralloc: Add support for PRIV_FLAGS_DISP_CONSUMER <Surajit Podder> 1 year, 1 month ago
a2d5295 : hwc: Support ActionSafe on targets with non-scaling RGB pipes. <Sandeep Panda> 10 months ago
248378d : gralloc: Use adreno_utils api for NV21 and NV12 alignment <Sushil Chauhan> 11 months ago
037d21d : hwc: Use basePipe for fullscreen and opaque layer <Pullakavi Srinivas> 11 months ago
77ec4ef : gralloc: Modify check for uncompressed RGB buffers <Naomi Luis> 11 months ago
449fbe0 : hwc: Use aligned width and height <Dileep Kumar Reddi> 11 months ago
02dbc50 : Revert "HWC: use aligned width and height for rearranging ROI" <Dileep Kumar Reddi> 11 months ago
cd7217a : hwc: Support ActionSafe on targets with non-scaling RGB pipes. <Sandeep Panda> 10 months ago
eed742d : overlay: add tertiary display definition in overlay <Vinu Deokaran> 10 months ago
a029479 : hwc: Validate display ID in hwc interface <Arun Kumar K.R> 10 months ago
09441c1 : gralloc: Add missing changes related to RAW16 <Raj Kamal> 12 months ago
7ea10c5 : hwc: Use basePipe for fullscreen and opaque layer <Pullakavi Srinivas> 11 months ago
c039f6e : hwc: Use aligned width and height <Dileep Kumar Reddi> 11 months ago
60cbe72 : Revert "HWC: use aligned width and height for rearranging ROI" <Dileep Kumar Reddi> 11 months ago
2e918bf : hwc: Avoid idlefallback during video playback <Raj Kamal> 11 months ago
fbe5a60 : HWC: use aligned width and height for rearranging ROI <Dileep Kumar Reddi> 11 months ago
597b313 : hwc: Featurize HWC_DISPLAY_SECURE <Raj Kamal> 11 months ago
eb4d7a6 : hwc: Use HWC_DISPLAY_NO_ATTRIBUTE as terminator. <Prabhanjan Kandula> 11 months ago
410ba7c : hwc : Normalize source crop before validating scaling limits. <Prabhanjan Kandula> 11 months ago
95fef31 : hwc: Relax format change restrictions for certain targets <Dileep Kumar Reddi> 11 months ago
42a1c98 : hwc: Changes for display-hal compilation with QTI_BSP enabled <Ramakant Singh> 12 months ago
c772eec : hwc: Do not use Borderfill pipe for composition in WFD <Dileep Kumar Reddi> 11 months ago
e5268fd : hwc/overlay: Pass handle w/h and crop w/h through fb_image field <Arun Kumar K.R> 12 months ago
5d39f02 : hwc: Log warning instead of mHDMIClient object not available <Dileep Kumar Reddi> 11 months ago
55b3489 : hwc: Ignore float-conversion for included headers <Naseer Ahmed> 11 months ago
82fe9c6 : hwc: Do not consider rotation for smart blit <Ramakant Singh> 12 months ago
dd689ff : hwc: Do not create idle invalidator for MDP3 targets <Dileep Kumar Reddi> 12 months ago
c58836b : hwc: Align ROI's width and height in both directions <Dileep Kumar Reddi> 12 months ago
19f2250 : hwc: Fix SF crash due to SIGSEGV error <Raj Kamal> 12 months ago
 
**** cm:CyanogenMod/android_hardware_qcom_display ****
0bbc949 : sdm/hwc: Silence logspam <Steve Kondik> 2 weeks ago
371b9bc : sdm: Fix compilation error in hwc <Ramkumar Radhakrishnan> 10 weeks ago
a9f99ef : sdm: Typecast void pointer to mdp scale structure for QSEED2. <Ramkumar Radhakrishnan> 5 months ago
e588c17 : sdm : Apply Default Mode on real framework start <Sravan Kumar D.V.N> 4 months ago
4273f6c : sdm: Full ROI for 1 frame after resolution switch <Saurabh Shah> 3 months ago
09ed480 : sdm: Add support to report the pixel format of the display <Tatenda Chipeperekwa> 3 months ago
4d18fb9 : sdm: Disable partial update only if is enabled. <Dileep Marchya> 4 months ago
b60921b : sdm: Enable HDMI dynamic frame rate switch feature <feifanz> 4 months ago
2ca46a4 : qdMetadata: Add MetaData operation functions <feifanz> 4 months ago
d4f544e : sdm: HDMI as primary and headless display support <Tatenda Chipeperekwa> 3 months ago
3fc6dfa : sdm: Add independent hardware event thread for display events <Tatenda Chipeperekwa> 4 months ago
d180922 : sdm: Add sys wrappers for read, write, eventfd system calls <Tatenda Chipeperekwa> 4 months ago
57572d5 : qservice: Fixes for IQHDMIClient <Tatenda Chipeperekwa> 4 months ago
fcb06b6 : cec: Fix message parsing and enable wakeup feature <Tatenda Chipeperekwa> 4 months ago
d6591ae : sdm: Wrap DISPLAY_TERTIARY around QTI_BSP <Manoj Kumar AVM> 4 months ago
b7a0693 : sdm: Add parameter check for content list <Manoj Kumar AVM> 5 months ago
b5a157d : libmemtrack: Update parsing of kgsl mem file <Harshdeep Dhatt> 6 months ago
009ad60 : sdm: Set max_layers to 0 when HDMI is in S3D mode <Xu Yang> 6 months ago
bbeb6d6 : sdm: Initialize blit class members <Anjaneya Prasad Musunuri> 4 months ago
07d45cf : sdm: Fix out of bound access to HWC layers. <Dileep Marchya> 5 months ago
9b2cc73 : sdm: Fix default ROI initialization <Ramkumar Radhakrishnan> 5 months ago
cef3584 : sdm: color-manager: Add support for global dither. <Siddharth Zaveri> 5 months ago
19e6179 : sdm: Populate supported format table map from sysfs node <Ramkumar Radhakrishnan> 6 months ago
5fb5686 : sdm: Fix layer blending parameter setting. <Ramkumar Radhakrishnan> 6 months ago
631a683 : gralloc: Ignore IGC setting. <Dileep Marchya> 7 months ago
b92a3d3 : sdm: Initialize blit engine only if blit is supported. <Anjaneya Prasad Musunuri> 5 months ago
fa54538 : Revert "sdm: Allocate layer stack objects individually." <Dileep Marchya> 5 months ago
cc12857 : gralloc: Fix RAW10 stride <Ranjith Kagathi Ananda> 1 year, 1 month ago
d4fa563 : sdm: Avoid flush for virtual display when no app layer is present. <Anjaneya Prasad Musunuri> 5 months ago
cb44d97 : libgralloc: disable UBWC for video encoder usecase <Manikanta Kanamarlapudi> 6 months ago
9c72d0d : sdm: Resolve mismatched deallocation of memory <Anjaneya Prasad Musunuri> 6 months ago
ee63e37 : sdm: Add output buffer resolution in dump <Manoj Kumar AVM> 6 months ago
2e2830c : sdm: Read per-pipe caps from MDP caps <Sushil Chauhan> 6 months ago
66b1fa5 : sdm: Allocate layer stack objects individually. <Dileep Marchya> 6 months ago
165ef42 : sdm: color-manager: Resolve uninitialized variable access. <Siddharth Zaveri> 6 months ago
7d0727d : sdm: Mark layer as updating if geometry has changed. <Dileep Marchya> 6 months ago
a55f866 : sdm: Fix out of bounds access <Saurabh Shah> 6 months ago
bd4aaf2 : libmemtrack: Update the parsing of flags field <Harshdeep Dhatt> 7 months ago
f77878d : sdm: Read max panel brightness level from file node. <Siddharth Zaveri> 6 months ago
930582e : sdm: Add an interface to store layer's input buffer id. <Ramkumar Radhakrishnan> 7 months ago
17f2d38 : Don't build lights module if vendor supplies it <Steve Kondik> 1 year, 8 months ago
647e171 : hwc: Fix mutex deadlock in GetVsyncPeriod <Manoj Kumar AVM> 6 months ago
46ef281 : sdm: Add support for S3D video <Yang Xu> 8 months ago
cd0dace : sdm: Add CSC information in dump. <Dileep Marchya> 6 months ago
f8fa2a8 : sdm: Write auto refresh value only if changed <Saurabh Shah> 7 months ago
ae51451 : sdm: hwc: Use display_defs.h <Arun Kumar K.R> 7 months ago
989b007 : gralloc: Default camera buffers to full range <Naseer Ahmed> 7 months ago
918435f : sdm: color-manager: Detect first frame of UI to apply color-mode. <Siddharth Zaveri> 6 months ago
703dff8 : sdm: Drop draw cycles with zero application layers. <Dileep Marchya> 6 months ago
7646621 : gralloc: Fix the result of SET_SINGLE_BUFFER_MODE operation <Sushil Chauhan> 7 months ago
 
**** cm:CyanogenMod/android_hardware_qcom_media ****
4b1c56f : venc: Disable building vqzip into the encoder for OSS <Ricardo Cerqueira> 5 weeks ago
e9e9b32 : mm-core: change data type for version <Manikanta Kanamarlapudi> 5 weeks ago
07f11ee : make: Fix up platform inclusion <Ricardo Cerqueira> 6 weeks ago
e9f9ae8 : mm-video-v4l2: venc: Avoid processing ETBs/FTBs in invalid states <Praveen Chavan> 3 months ago
9eae7f2 : mm-video-v4l2: vdec: Avoid processing ETBs/FTBs in invalid states <Praveen Chavan> 3 months ago
3965563 : make: Adjust to dynamic paths <Ricardo Cerqueira> 8 weeks ago
b5a27bf : Avoid collision with the ffpmeg plugin <Ricardo Cerqueira> 9 weeks ago
d822edf : mm-video: Fix race condition in component. <Manikanta Sivapala> 3 months ago
cc6a5bb : mm-video: Handle ETB's with invalid length <Manikanta Sivapala> 3 months ago
d4c68ef : mm-video: Update function to flush cached ION output buffer. <Manikanta Sivapala> 3 months ago
6f4b96d : mm-video-v4l2: vidc: validate omx param/config data <Praveen Chavan> 4 months ago
70ecf07 : mm-video-v4l2: venc: add safety checks for freeing buffers <Praveen Chavan> 4 months ago
58cfe3e : mm-video-v4l2: vdec: add safety checks for freeing buffers <Praveen Chavan> 4 months ago
c9d33c1 : mm-video-v4l2: vdec: deprecate unused config OMX_IndexVendorVideoExtraData <Praveen Chavan> 4 months ago
162d7c2 : mm-video-v4l2: vidc: venc: KW fix to initialize v4l2 control. <Srinu Gorle> 3 months ago
ba4f857 : mm-video-v4l2: vdec: Malloc failure handling in memory prefetch <Rohit Kulkarni> 4 months ago
f05c40f : mm-video-v4l2: vdec: Add support for prefetching secure memory <Shalaj Jain> 6 months ago
1e09dcc : mm-video: swvdec: Flush cached ION output buffer. <Manikanta Sivapala> 4 months ago
5aa6868 : mm-video-v4l2: vidc: Do not queue output buffer if flush is in progress <Arun Menon> 7 months ago
451c330 : mm-video-v4l2: vidc: vdec: KW fix to initialize v4l2 control. <Abdulla Anam> 4 months ago
87af875 : Remove internal code name of msmtitanium for msm8953. <Arusha Goyal> 4 months ago
98c1933 : mm-video: swvdec: Enable "arbitrary bytes mode" via setparam. <Manikanta Sivapala> 4 months ago
6a113e8 : Remove internal code name of msmtitanium for msm8953. <Arusha Goyal> 4 months ago
66507f6 : mm-core: Add secure component registry entry <Vikash Garodia> 5 months ago
3c0c75c : mm-video-v4l2: vdec: Change preferred color format default order <Arun Menon> 8 months ago
47a3c9e : mm-core: Rename vpp component name in the registry. <Abdulla Anam> 6 months ago
f673dc5 : mm-video: swvdec: Fix bug in 'arbitrary bytes mode'. <Manikanta Sivapala> 5 months ago
658d7f6 : mm-video-v4l2: vdec: add support for vp8 secure decoder <Deepak Kushwah> 5 months ago
d5acdbb : mm-video-v4l2: vidc: update thread names <Vikash Garodia> 5 months ago
981d875 : mm-video: swvdec: Use C++ standard library queue classes. <Manikanta Sivapala> 5 months ago
4738e01 : mm-video: vidc: Communicate the right colorformat to the driver <Deva Ramasubramanian> 7 months ago
6480767 : mm-core: Add vp8 and vp9 secure decoders for titanium <Srinu Gorle> 5 months ago
3134ae4 : mm-video-v4l2: venc: revert add support for handling EOS buffer <Manikanta Kanamarlapudi> 6 months ago
3160904 : audio: Add entry for ALAC/APE software component <Preetam Singh Ranawat> 6 months ago
f09ef0f : mm-video: vidc: memset struct v4l2_format prior to S_FMT <Deva Ramasubramanian> 6 months ago
99a9dea : mm-video: swvdec: Fix FD leak. <Vikash Garodia> 6 months ago
21b0839 : Revert "mm-video-v4l2: vidc: Enhance VQZIP checks" <Manikanta Sivapala> 6 months ago
73109a9 : Revert "mm-video-v4l2: vidc: venc: Bug fixes for VZIP" <Manikanta Sivapala> 6 months ago
bf6b113 : mm-video-v4l2: venc: Add support for low latency mode <Srinu Gorle> 7 months ago
e3ab4f0 : mm-core: Fix compilation issue to erratic string constant <Amit Shekhar> 10 months ago
68a4b6c : mm-video: swvdec: Add 'arbitrary bytes mode' support. <Manikanta Kanamarlapudi> 6 months ago
89b5e96 : mm-video-v4l2: vidc: venc: Bug fixes for VZIP <Praneeth Paladugu> 7 months ago
d9b4206 : libc2dcolorconvert: check if platform support c2d <Alex Wong> 6 months ago
fd7f872 : mm-video-v4l2: vidc: Enhance VQZIP checks <Praneeth Paladugu> 11 months ago
ba30dca : mm-video: swvenc: update color format correctly <Manikanta Sivapala> 6 months ago
c950d91 : mm-video: swvdec: Fix bug in describe color format function. <Manikanta Sivapala> 6 months ago
cb9101d : mm-video-v4l2: venc: send flags to color converter <Maheshwar Ajja> 6 months ago
57a18a2 : mm-video: swvenc: Update color format correctly <Manikanta Sivapala> 6 months ago
66f5bdc : mm-video-v4l2: venc: Disable Bframes incase of UHD recording <Srinu Gorle> 8 months ago
b8eaaec : mm-video: swvdec: Fix static analysis issues. <Manikanta Sivapala> 6 months ago
 
**** cm:CyanogenMod/android_hardware_qcom_media ****
d81a756 : mm-video-v4l2: vdec: Avoid processing ETBs/FTBs in invalid states <Praveen Chavan> 3 months ago
ddeb931 : mm-video-v4l2: venc: Avoid processing ETBs/FTBs in invalid states <Praveen Chavan> 3 months ago
1071714 : DO NOT MERGE mm-video-v4l2: vdec: deprecate unused config OMX_IndexVendorVideoExtraData <Praveen Chavan> 3 months ago
3dd7332 : DO NOT MERGE mm-video-v4l2: venc: add safety checks for freeing buffers <Praveen Chavan> 3 months ago
cbc1231 : DO NOT MERGE mm-video-v4l2: vidc: validate omx param/config data <Praveen Chavan> 3 months ago
bb2d97a : DO NOT MERGE mm-video-v4l2: vdec: add safety checks for freeing buffers <Praveen Chavan> 3 months ago
70ff94f : mm-video-v4l2: vdec: modify max supported level on msm8976 <Maheshwar Ajja> 4 months ago
9a1699d : mm-video-v4l2: Fix default session priority handling <Surajit Podder> 4 months ago
92b55f1 : mm-video-v4l2: vdec: Enhance video resolution check <Arun Menon> 5 months ago
bbcbc18 : mm-video-v4l2: vdec: Error out if set format ioctl fails <Abdulla Anam> 5 months ago
e184bed : mm-video-v4l2: vdec: Decrement semaphore count in error case. <vasantha> 5 months ago
ff3940f : mm-video-v4l2: Return correct level support for 8956 <Surajit Podder> 5 months ago
1fd6df0 : mm-video-v4l2: vidc: vdec: handle ftbs during reconfig and port disable <Abdulla Anam> 6 months ago
e9bacff : mm-video-v4l2: venc: check for null pointer <Maheshwar Ajja> 6 months ago
a699a13 : mm-video-v4l2: vdec: set 24 fps framerate for 4k clips <Deepak Kushwah> 6 months ago
bc9e191 : mm-video-v4l2: vidc: Fix race condition with msg thread fd close <Shalaj Jain> 8 months ago
a860362 : mm-video-v4l2: vidc: update thread names <Ashray Kulkarni> 1 year ago
8e66146 : mm-video-v4l2: Add support for prefer adaptive playback extension <Shalaj Jain> 12 months ago
41a5cfd : mm-video: Adjust stride value for planar format <Surajit Podder> 1 year, 2 months ago
c40cf77 : mm-video: vidc: Reliably stop the message thread <Deepak Kushwah> 7 months ago
62f611d : Fix duplicated OMX.qcom.audio.decoder.aac entry <Keith Mok> 8 months ago
69d6d4b : media: Avoid collision with FFMPEG plugin <Steve Kondik> 7 months ago
610c356 : media: Use project pathmap <Ethan Chen> 7 months ago
dc1b1d4 : mm-video-v4l2: Unmap dropped output buffers <Surajit Podder> 7 months ago
78521c5 : Include kernel header dependency for libOmxVidcCommon <Divya Sharma> 8 months ago
f9c92f0 : mm-video-v4l2: vidc: venc: Fix hybrid HP layer count <Abdulla Anam> 9 months ago
a5dce41 : mm-video-v4l2: Enable get_param to check downscalar enablement <Surajit Podder> 9 months ago
e7743ae : mm-video-v4l2: venc: Add support to enhance hybrid Hier-p mode <Abdulla Anam> 9 months ago
75bc6a6 : mm-video-v4l2: vdec:  release buffer when qbuf to driver fails <Manikanta Kanamarlapudi> 9 months ago
cfeaf87 : mm-video-v4l2: Use client buffer header for FTB <Surajit Podder> 10 months ago
b6c736d : mm-video-v4l2: Disable intra refresh mode on msm8956/76 <Maheshwar Ajja> 9 months ago
a54c5d4 : mm-video-v4l2: vdec: fix fps issues in arbitrary mode <Ashray Kulkarni> 11 months ago
826ba8c : QCMetadata: add a new key for big buffers <Sidipotu Ashok> 10 months ago
ef3143a : QCMetadata: Add key for setBuffers API support <Manikanta Kanamarlapudi> 1 year, 1 month ago
f178e8b : mm-video-v4l2: venc: support all I frame encoding usecase. <Abdulla Anam> 10 months ago
bcf4fa3 : libstagefrighthw: Add header guard to QComOMXMetadata.h and fix file perms <Deva Ramasubramanian> 10 months ago
e2d287f : mm-video-v4l2: vdec: streamoff while freeing first output buffer <Balamurugan Alagarsamy> 1 year, 7 months ago
f0fc3d0 : mm-video: Disable downscalar for non-display usecase <Surajit Podder> 1 year, 1 month ago
0997c8a : mm-video: Enable HEVC software encoder OMX component. <Manikanta Sivapala> 10 months ago
8bb96de : mm-video_v4l2: pass crop nWidth and nHeight in reconfig event. <Abdulla Anam> 11 months ago
afb1469 : mm-video-v4l2: Fix downscalar issue <Surajit Podder> 10 months ago
269f6cd : mm-video-v4l2: Fix crash due to divide by zero <Surajit Podder> 10 months ago
c14558c : mm-video-v4l2: venc: initialize the member variables <Maheshwar Ajja> 10 months ago
99c2455 : mm-video-v4l2: vdec: Fix closing of file descriptor "0" <Deepak Kushwah> 10 months ago
b4d0e38 : mm-video-v4l2: venc: limit pixels value in input buffers. <Abdulla Anam> 10 months ago
1202ebd : mm-video_v4l2: pass crop nWidth and nHeight in reconfig event. <Abdulla Anam> 11 months ago
1fc82f0 : mm-video: Disable downscalar for non-display usecase <Surajit Podder> 1 year, 1 month ago
6ecc67f : mm-core: update vpp related structures and enums. <Abdulla Anam> 11 months ago
56c0a51 : mm-video-v4l2: vidc: venc: fix CTS issues in vp8 encoder <Maheshwar Ajja> 11 months ago
1fe6770 : mm-core: update vpp related structures and enums. <Abdulla Anam> 11 months ago
 
**** cm:CyanogenMod/android_hardware_qcom_media ****
05beae8 : venc: Disable building vqzip into the encoder for OSS <Ricardo Cerqueira> 5 weeks ago
0444f03 : Revert "venc: use libOmxVenc as blob" <Chao Chen> 4 weeks ago
d92e6d9 : mm-video-v4l2: venc: Avoid processing ETBs/FTBs in invalid states <Praveen Chavan> 3 months ago
726dddc : mm-video-v4l2: vdec: Avoid processing ETBs/FTBs in invalid states <Praveen Chavan> 3 months ago
219d27a : venc: use libOmxVenc as blob <Matt Wagantall> 5 months ago
5ae7676 : mm-video-v4l2: vdec: Update the buffer size after g_fmt <Vikash Garodia> 9 weeks ago
85372cd : mm-video-v4l2: vidc: vdec: Change DPB mode to combined for VP9 <Praneeth Paladugu> 3 months ago
45e8530 : mm-video-v4l2: Pass stride and scanlines with reconfig event <Abdulla Anam> 3 months ago
accaaf8 : mm-video-v4l2: vdec: DPB mode to split for CPU access of buffers <Praneeth Paladugu> 4 months ago
4925114 : mm-video-v4l2: vdec: deprecate unused config OMX_IndexVendorVideoExtraData <Praveen Chavan> 3 months ago
d4f4cdf : mm-video-v4l2: venc: add safety checks for freeing buffers <Praveen Chavan> 3 months ago
a797942 : mm-video-v4l2: vidc: validate omx param/config data <Praveen Chavan> 3 months ago
8c6b30e : mm-video-v4l2: vdec: add safety checks for freeing buffers <Praveen Chavan> 3 months ago
8943d96 : mm-video-v4l2: vidc: vdec: Add support for Output crop extra data <Arun Menon> 4 months ago
d39458f : mm-video-v4l2: vidc: Restore pixel format on capture plane <Kim Zhang> 3 months ago
73699c1 : mm-video-v4l2: Pointer null check before deferencing it <Deepak Kushwah> 7 months ago
b107003 : mm-video-v4l2: vidc: validate omx param/config data <Praveen Chavan> 4 months ago
d77c4a9 : mm-video-v4l2: vdec: deprecate unused config OMX_IndexVendorVideoExtraData <Praveen Chavan> 4 months ago
4802a3d : mm-video-v4l2: vidc: vdec: Add Extra data size during update_portdef <Arun Menon> 3 months ago
20f4efa : mm-video-v4l2: vidc: venc: Fix VQZIP issues <Praneeth Paladugu> 4 months ago
ace6a48 : mm-video-v4l2: vdec: Call vidioc_g_fmt to get updated buffer size <Arun Menon> 4 months ago
538225b : mm-video-v4l2: vdec: Malloc failure handling in memory prefetch <Rohit Kulkarni> 4 months ago
2a3c3fc : mm-video-v4l2: vidc: venc: Fix rotation issue <Praneeth Paladugu> 4 months ago
c1c9a54 : mm-video-v4l2: vdec: Add support for prefetching secure memory <Shalaj Jain> 6 months ago
cdd8a4b : mm-video-v4l2: vdec: add safety checks for freeing buffers <Praveen Chavan> 4 months ago
bd10da8 : mm-video-v4l2: venc: add safety checks for freeing buffers <Praveen Chavan> 4 months ago
c59fcaa :  mm-video-v4l2: vidc: HEVC Main10 profile support <Rohit Kulkarni> 4 months ago
56dd269 : mm-video: vidc: Squashed changes for component <Praneeth Paladugu> 4 months ago
347b90c : libc2dcolorconvert: refer c2d header from display <Praveen Chavan> 2 years, 2 months ago
14a416b : mm-video-v4l2: vdec: Increase buffer count to support high fps <Arun Menon> 6 months ago
6316605 : vidc: Fix makefiles <Steve Kondik> 1 year, 3 months ago
416ba49 : mm-video-v4l2: vidc: vdec: skip enabling S3D extra data for secure session <Srinu Gorle> 1 year, 3 months ago
5f4d49f : mm-video-v4l2: vidc: vdec: Add support for S3D metadata <Ashray Kulkarni> 1 year, 6 months ago
a53124e : mm-core: Fix compilation issue to erratic string constant <Amit Shekhar> 10 months ago
a7f1dda : mm-video-v4l2: vidc: venc: Fix rotation issue for 180 degrees <Praneeth Paladugu> 8 months ago
48fa270 : mm-video-v4l2: vidc: venc: Fix profile and level setting issue <Praneeth Paladugu> 6 months ago
18cb781 : mm-video-v4l2: vidc: venc: Add support for low latency mode <Ashray Kulkarni> 9 months ago
db7937a : mm-video: vidc: memset struct v4l2_format prior to S_FMT <Deva Ramasubramanian> 6 months ago
8895985 : mm-video-v4l2: vidc: vdec: Add property to disable UBWC for OPB <Arun Menon> 7 months ago
755ec08 : mm-video-v4l2: vidc: Do not queue output buffer if flush is in progress <Arun Menon> 7 months ago
3ac8410 : mm-video: vidc: Reliably stop the message thread <Praveen Chavan> 7 months ago
7e3007c : mm-video: vidc: Communicate the right colorformat to the driver <Deva Ramasubramanian> 7 months ago
d84d430 : media: Avoid collision with FFMPEG plugin <Steve Kondik> 2 years, 2 months ago
c11ffc6 : mm-video-v4l2: vdec: fix picture type decode mode return status <Srinu Gorle> 7 months ago
0a5ff49 : mm-video-v4l2: vidc: venc: Fix 601 to 709 color conversion issue <Arun Menon> 8 months ago
295515f : mm-video-v4l2: vidc: venc: Bug fixes for VZIP <Praneeth Paladugu> 7 months ago
8ba01d1 : media: Use project pathmap <Ethan Chen> 1 year, 5 months ago
685fc85 : mm-video-v4l2: venc: Initialize all members of encExtradata class <Vinay Kalia> 7 months ago
be989ef : audio: Add entry for ALAC/APE software component <Preetam Singh Ranawat> 8 months ago
ab3e6cf : Include kernel header dependency for libOmxVidcCommon <Divya Sharma> 8 months ago
 
**** vanir:hardware_ril ****
24443ad : ril: Fix kw banned functions <Naina Nalluri> 3 months ago
bc30017 : libril: Fix KW issues <Naina Nalluri> 5 months ago
8d51a54 : ril: SAP_DISCONNECT response length will be zero <Taiyab Haque> 6 months ago
 
**** cm:CyanogenMod/android_hardware_ti_wlan ****
0d6fc9d : wl12xx_sdio: Use pdata power callback if defined (needed before probe) <D. Andrei Măceș> 5 weeks ago
2a8637c : wl12xx: Ignore auto-generated net/wireless/regdb.c <D. Andrei Măceș> 5 months ago
 
**** cmold:android_kernel_htc_msm8960 ****
2bf1389 : mmc: Support HTC high capacity erase flag <Matt Mower> 3 weeks ago
cb01ec1 : msm_fb: hdmi: Add frame rate to panel info <Matt Mower> 24 hours ago
a02aca1 : ASoC: msm: Add flexible playback periods <Arne Coucheron> 1 year, 6 months ago
9013e47 : netfilter: x_tables: make sure e->next_offset covers remaining blob size <Florian Westphal> 4 months ago
 
**** cmold:android_kernel_htc_msm8974 ****
6d01a1f : CwMcuSensor: kill our tap2wake node <Dan Pasanen> 5 days ago
 
**** cmold:android_kernel_lge_hammerhead ****
b36abc8 : Soc: msm: qdsp6v2: don't check ionflag and bufsz in msm_audio_ion_import <flar2> 7 days ago
 
**** cmold:android_kernel_motorola_msm8916 ****
b2c3e28 : mfd: wcd9xxx-slimslave: Change slim driver to use %pK <Surendar karka> 4 weeks ago
54bd7c9 : ASoC: msm: qdsp6v2: Change audio drivers to use %pK <Viraja Kommaraju> 6 weeks ago
79ddccf : Bluetooth : Replace %p with %pK <Dibyendu Roy> 4 months ago
a0fc18a : netfilter: x_tables: make sure e->next_offset covers remaining blob size <Florian Westphal> 4 months ago
2678ace : netfilter: x_tables: validate e->target_offset early <Florian Westphal> 4 months ago
032a357 : ASN.1: Fix actions on CHOICE elements with IMPLICIT tags <David Howells> 12 months ago
ddea978 : lib/asn1_decoder.c: kernel-doc warning fix <Fabian Frederick> 2 years, 2 months ago
5d438492 : android-recommended.cfg: enable fstack-protector-strong <Jeff Vander Stoep> 5 weeks ago
113d495 : ipv6: tcp: add rcu locking in tcp_v6_send_synack() <Eric Dumazet> 6 months ago
908081b : ipv6: Don't reduce hop limit for an interface <D.S. Ljungmark> 8 days ago
a5ddd1e : ipv4: try to cache dst_entries which would cause a redirect <Hannes Frederic Sowa> 8 days ago
02be698 : ASN.1: Fix non-match detection failure on data overrun <David Howells> 8 days ago
a5cc078 : cdc_ncm: do not call usbnet_link_change from cdc_ncm_bind <Bjørn Mork> 11 days ago
 
**** vanir:kernel_samsung_jf ****
b4730c0 : ASoC: msm: Add support for flexible period size and count <Honghao Liu> 1 year ago
284c7e4 : Revert "ASoC: msm: Flexible period size for pcm playback" <Zhao Wei Liew> 3 days ago
41df015 : ASoC: msm: Validate pcm buffer size <Kuirong Wang> 1 year, 4 months ago
 
**** vanir:kernel_samsung_klte ****
456b3ba : drivers: motor: reveal default/min/max/thresh values in sysfs <Kevin F. Haggerty> 4 days ago
 
**** cmold:android_kernel_sony_msm8x27 ****
6692c56 : UPSTREAM: netfilter: x_tables: validate e->target_offset early <Florian Westphal> 4 months ago
d11e30a : UPSTREAM: unix: avoid use-after-free in ep_remove_wait_queue <Rainer Weikusat> 8 months ago
b14d037 : UPSTREAM: ALSA: control: Fix replacing user controls <Lars-Peter Clausen> 2 years, 1 month ago
 
**** github:CyanogenMod/android_kernel_xiaomi_cancro ****
7b0a024 : netfilter: x_tables: make sure e->next_offset covers remaining blob size <Florian Westphal> 6 days ago
290d599 : mnt: Fail collect_mounts when applied to unmounted mounts <Eric W. Biederman> 1 year, 6 months ago
 
**** vanir:packages_apps_InCallUI ****
be7092d : Automatic translation import <pinky@build01> 2 days ago
30d72ed : Automatic translation import <pinky@build01> 3 days ago
 
**** vanir:packages_apps_Messaging ****
e3e5b99 : Messaging: fix cursor not close explicitly <Keith Mok> 4 days ago
 
**** cm:CyanogenMod/android_packages_apps_Profiles ****
dea368a : Automatic translation import <pinky@build01> 2 days ago
a8d02f7 : Automatic translation import <pinky@build01> 3 days ago
 
**** vanir:packages_apps_Settings ****
9654240 : Lockscreen Charging Current Switch 2/2 <ejjohnson1999> 5 hours ago
99948df : Automatic translation import <pinky@build01> 2 days ago
26eb4ed : add meminfo and cpuinfo to about phone <ejjohnson1999> 6 days ago
cf0a7b7 : Settings: Allow sorting Applications by size <Roman Royer> 3 months ago
3f8fc27 : Automatic translation import <pinky@build01> 3 days ago
 
**** cm:CyanogenMod/android_packages_apps_Snap ****
13d7301 : Automatic translation import <blinky@build01> 9 hours ago
e89e22e : Automatic translation import <pinky@build01> 3 days ago
6849076 : Snap: Fix incorrect default ISO values parameter <Zhao Wei Liew> 2 days ago
bd63e9d : Snap: Always allow 100% JPEG quality to be set <Zhao Wei Liew> 3 days ago
 
**** cm:CyanogenMod/android_packages_providers_DataUsageProvider ****
61bb801 : Automatic translation import <pinky@build01> 3 days ago
 
**** vanir:packages_providers_TelephonyProvider ****
d62a920 : Automatic translation import <pinky@build01> 3 days ago
 
**** vanir:packages_services_Telephony ****
afe6a19 : Telephony: reset persisted user nw mode on network factory reset <Roman Birg> 13 days ago
b3ae7ba : Telephony: reset persisted user nw mode on network factory reset <Roman Birg> 13 days ago
348453c : Automatic translation import <pinky@build01> 2 days ago
 
**** cm:CyanogenMod/android_packages_wallpapers_PhotoPhase ****
c0df0e1 : Automatic translation import <pinky@build01> 3 days ago
 
**** vanir:system_bt ****
ab5b13b : bta: check if sdp db buffer exists before free <Scott Mertz> 29 hours ago
eb94d68 : bt: fix stuttering audio <Cal Archer> 2 days ago
 
**** cm:CyanogenMod/cm_platform_sdk ****
25d7081 : cmsdk: Correct the useSegmentedBatteryLed details <Adrian DC> 10 days ago
 
**** commotio:commotio ****
7064332 : FIngerprints <DHOMD> 5 hours ago
 
**** vanir:vendor_htc ****
eb729a3 : m8-common: de-commonize gps <Dan Pasanen> 2 days ago
00717fe : m8: remove EasyAccessService <Dan Pasanen> 2 weeks ago
8782217 : Revert "m8d: Switch back to GPe blobs" <Bruno Martins> 29 hours ago
8a5db24 : m8-common: Update makefiles <Bruno Martins> 29 hours ago
 
**** vanir:vendor_motorola ****
bd0e06e : shamu: Nexus 6 (Mobile) binaries for Android 6.0.1 (MOB30O) <Elektroschmock> 13 days ago
 
**** github:TheMuppets/proprietary_vendor_oppo ****
5753b4a : msm8939: Fix proprietary files installation <Michael Bestas> 2 days ago
1945054 : msm8939: Commonize & update GPS blobs <Michael Bestas> 9 days ago
e8f60b6 : msm8939: Commonize & update blobs <Michael Bestas> 9 days ago
 
**** vanir:vendor_vanir ****
007fb44 : cm: extract_utils: Implement oat2dex <Luca Stefani> 2 days ago
c9286da : Revert "APN: Add Straight Talk Verizon APN" <nuclearmistake> 15 hours ago
c6c2b4a : APN: Add Inland Cellular APNs <Kevin F. Haggerty> 5 days ago
5d7416f : cm: Add generic tools for extract-files / setup-makefiles scripts <Steve Kondik> 4 days ago
af79db8 : Add sepolicy rules for btsync to write its debug log <nuclearmistake> 5 days ago
 
