
**** cm:CyanogenMod/android_device_htc_hiae-common ****
c493d92 : hiae: Force encrypt <Ethan Chen> 8 days ago
 
**** cm:CyanogenMod/android_device_htc_m8-common ****
4be60d9 : m8-common: Update bloblist <Bruno Martins> 10 days ago
 
**** vanir:device_moto_shamu ****
875c859 : shamu: Cleanup device.mk <Elektroschmock> 8 days ago
 
**** cm:CyanogenMod/android_device_motorola_lux ****
360067b : lux: Move PowerHAL to the common tree <Alberto97> 3 days ago
 
**** vanir:device_motorola_msm8916-common ****
0506543 : msm8916-common: Move here Moto 8939 specific PowerHAL <Alberto97> 3 days ago
749d249 : msm8916-common: Implement Custom PowerHAL for osprey and surnia <Gabriele M> 3 days ago
 
**** github:Grarak/android_device_oneplus_oneplus2 ****
ae0bcb0 : Automatic translation import <blinky@build01> 12 days ago
422b9a2 : Remove duplicate i2c-6 permission <J. Joe Feise> 3 weeks ago
49ab595 : Automatic translation import <inky@build01> 4 weeks ago
6db937c : oneplus2: Sanitize audio/video props <Christopher N. Hesse> 4 weeks ago
d35efbe : oneplus2: Remove broken audio features <Christopher N. Hesse> 6 weeks ago
3b32146 : Automatic translation import <inky@build01> 4 weeks ago
aea2a84 : Automatic translation import <clyde@build01> 4 weeks ago
3d44734 : Automatic translation import <blinky@build01> 4 weeks ago
742679e : Automatic translation import <blinky@build01> 5 weeks ago
19bcec6 : Automatic translation import <blinky@build01> 5 weeks ago
69135bb : Automatic translation import <blinky@build01> 6 weeks ago
5081e7a : Automatic translation import <pinky@build01> 6 weeks ago
c2cf875 : oneplus2: Stop building libinit_msm <Christopher N. Hesse> 6 weeks ago
868bec3 : Automatic translation import <clyde@build01> 6 weeks ago
5a7b038 : Automatic translation import <pinky@build01> 7 weeks ago
0fb022f : Automatic translation import <blinky@build01> 7 weeks ago
d8446c0 : Configure fingerprint sensor location <d34d> 8 weeks ago
cb658ad : Revert "Revert "oneplus2: Enable telephony extension"" <Altaf-Mahdi> 9 weeks ago
 
**** cm:CyanogenMod/android_device_oneplus_oneplus3 ****
105b54a : op3: Moving LiveDisplay native API to OSS <Steve Kondik> 3 days ago
 
**** cm:CyanogenMod/android_device_samsung_d2-common ****
73a24ff : d2: Shift to new audio HAL <Arne Coucheron> 3 months ago
 
**** vanir:device_samsung_jf-common ****
bd780df : jf: init: Raise SDCC idle timeout value to 10 seconds <Sravan Kumar Ambapuram> 4 years, 1 month ago
9c6f636 : jf: Repurpose menu key as an app switcher key <Zhao Wei Liew> 2 days ago
 
**** vanir:device_samsung_msm8960-common ****
74f6795 : msm8960: Update audio flags for the new HAL <Paul Keith> 4 weeks ago
 
**** cm:CyanogenMod/android_device_samsung_zero-common ****
b9f2b8a : zero-common: Use generic extract scripts <Brandon McAnsh> 24 hours ago
 
**** cm:CyanogenMod/android_device_samsung_zerofltexx ****
de63ec5 : zerofltexx: Update to generic extract scripts <Brandon McAnsh> 24 hours ago
 
**** vanir:device_sony_fusion3-common ****
f61c003 : fusion3: Remove charger_res_images inclusion <Chippa-a> 9 months ago
18f1cab : fusion3-common: init: Use a more conventional ramdisk layout <Alexander Diewald> 2 weeks ago
 
**** cm:CyanogenMod/android_device_sony_nicki ****
c7312b4 : nicki: undrep <RonGokhale> 2 days ago
b35f9dd : nicki: Use CM libhealthd <RonGokhale> 2 days ago
 
**** vanir:frameworks_base ****
c2f1770 : Prevent invocation of startNavigating() when GPS is off <Harikrishnan Hariharan> 10 weeks ago
 
**** vanir:frameworks_opt_telephony ****
26de237 : Skip unknown tags instead of aborting when parsing UICC TLV data <Thomas Wendt> 1 year, 6 months ago
70a1429 : Implement UICC TLV Data decoding. <Shantur Rathore> 1 year, 9 months ago
 
**** cm:CyanogenMod/android_hardware_cyanogen ****
74128e2 : livedisplay: Moving native API to OSS <Steve Kondik> 3 days ago
 
**** cm:CyanogenMod/android_hardware_qcom_audio ****
bf8c1ab : audio: Fix complilation warnings under Clang <Steve Kondik> 8 weeks ago
a11ff3c : ssr: Fix building with OSS materials <Ricardo Cerqueira> 10 weeks ago
77bb1db : post proc : volume listener : fix effect release crash <Eric Laurent> 9 months ago
d796841 : hal: Add support to reload ACDB files <Karthik Reddy Katta> 5 months ago
e1b5f35 : make: Fixup cross-platform guards <Ricardo Cerqueira> 3 months ago
95d38b9 : hal : Fix banned API's and input validation errors <Preetam Singh Ranawat> 4 months ago
67ab751 : hal: return with error code to avoid tearing down existing recording <Zhou Song> 4 months ago
90f2a4c : hal: add support for msm8917 tmo, msm8917 sku5 and msm8940 sku6 <Meng Wang> 5 months ago
9898456 : audiopolicymanager: fix device selection in getNewOutputDevice <Satya Krishna Pindiproli> 5 months ago
21f9fa7 : hal: post_proc: Do not enable volume listener <Dhanalakshmi Siddani> 5 months ago
6540c07 : audiopolicy: check active direct output before adding DIRECT_PCM flag <Zhou Song> 5 months ago
354a07c : hal: Update to make code more reliable <Kuirong Wang> 6 months ago
5319430 : hal : Fix data initialization and input validation errors <Preetam Singh Ranawat> 5 months ago
d77d3b3 : policy_hal: add support for 32/48KHz support for voip <Shiv Maliyappanahalli> 7 months ago
e66aba2 : hal: add support for 32/48KHz for voip <Shiv Maliyappanahalli> 7 months ago
78b70c0 : hal: add support for fluence in voice recognition <Vidyakumar Athota> 1 year, 2 months ago
726c71d : Revert "hal: Fix SSR issue for compress offload playback" <Naresh Tanniru> 6 months ago
a969a9b : Remove internal code name of msmtitanium for msm8952. <Arusha Goyal> 6 months ago
fd7607b : hal: stop sound trigger buffering during close <Mingming Yin> 7 months ago
fdbcd9d : Remove internal code name of msmtitanium for msm8952. <Arusha Goyal> 6 months ago
60cd764 : audio: port sound trigger fixes <Mingming Yin> 7 months ago
0a79f2c : hal: reset backend configuration before speaker calibration <Vidyakumar Athota> 8 months ago
4ffc926 : hal: Add support to get speaker FTM parameters <Vidyakumar Athota> 7 months ago
3abfee2 : Revert "hal: Fix voice call routing issue on headset" <Karthik Reddy Katta> 6 months ago
b137994 : hal: Fix warnings in audio HAL and policy <Alexy Joseph> 7 months ago
31eefec : hal: correct offload tear down check due to sw effect <Weiyin Jiang> 6 months ago
869f201 : hal: force device switch only for headset and headphone <Xiaojun Sang> 6 months ago
46025ef : hal: update compress offload pcm device ID <Vidyakumar Athota> 9 months ago
58081b6 : audiopolicy: fix notification tone during call not stopped after call ended <Zhou Song> 6 months ago
fccb915 : audiopolicy: do not set FM volume during device connection/disconnection <Satya Krishna Pindiproli> 6 months ago
0d47176 : hal: Fix the device disable/enable sequence for capture usecases <Karthik Reddy Katta> 1 year ago
74a2eee : hal: support wsa combo for jacala <Naresh Tanniru> 7 months ago
cd327f8 : hal: don't allow track offload if there's active sw effect <Weiyin Jiang> 6 months ago
488ac37 : hal: spkr_prot: read temperature once during calibration <Vidyakumar Athota> 7 months ago
fdd505a : hal: limit AFE and ADM sample rate at 48 for speaker <Sidipotu Ashok> 7 months ago
bbce432 : hal: Ensure that stream is not started during Sub system restart. <Ashish Jain> 6 months ago
d211ef5 : policy_hal: handle incall sonification without checking output refCount <Weiyin Jiang> 6 months ago
4bd09d0 : hal: Add support to dynamically configure MI2S rx sample rate <Venkata Narendra Kumar Gutta> 7 months ago
f98e42f : hal: Remove return values from void functions <Leena Winterrowd> 7 months ago
ad8fff8 : hal: enhance the combo device detection logic during native playback <Sidipotu Ashok> 7 months ago
7f4817f : hal: Add support for FBSP in WSA analog mode <Venkata Narendra Kumar Gutta> 7 months ago
aee4fdd : hal: Fix potential memory leaks in HAL <Alexy Joseph> 7 months ago
4051676 : mm-audio: omx: Fix handling of flush error on session not found <Mingming Yin> 7 months ago
bb4cf0b : hal: fix no audio issue in voice call <Shiv Maliyappanahalli> 7 months ago
8d019b0 : hal: fix to enable aanc handset dynamically during voice call <Shiv Maliyappanahalli> 7 months ago
dda29e6 : hal: fix resource leak issues in platform.c <Mingming Yin> 9 months ago
34a303c : hal: Remove alac, ape from hardware decoder list <Naresh Tanniru> 7 months ago
d7a04cd : hal: Set sampling rate for stream_out <Leena Winterrowd> 8 months ago
125900e : hal: fix usecase selection in adev_open_output_stream <Satya Krishna Pindiproli> 7 months ago
eeb6b31 : hal: fm: add parameter to set mute options <Dhananjay Kumar> 7 months ago
 
**** cm:CyanogenMod/android_hardware_qcom_audio ****
dc4a1f6 : DO NOT MERGE Fix AudioEffect reply overflow <Andy Hung> 3 months ago
52af337 : hal: Garbage output in logcat <Keith Mok> 4 months ago
23187da : policy_hal: handle incall sonification without checking output refCount <Weiyin Jiang> 6 months ago
79f27c0 : hal: Fix WFD and voice call over USB concurrency <vivek mehta> 5 months ago
59da825 : hal: spk_prot: remove cond_wait for spkr_calib_cancel <Laxminath Kasam> 5 months ago
a0266fe : audio: update flags for selection of VoIP direct output <Karthik Reddy Katta> 9 months ago
e38d22a : hal: Fix glitch in audio playback during device switch <Weiyin Jiang> 5 months ago
237f1e8 : hal: spkr_prot: read temperature once during calibration <Vidyakumar Athota> 7 months ago
a74d752 : hal: correct offload tear down check due to sw effect <Weiyin Jiang> 6 months ago
886c244 : hal: remove explicit direct pcm usecase <vivek mehta> 12 months ago
f6cd4f7 : hal: stop sound trigger buffering during close <Mingming Yin> 7 months ago
4fb2812 : hal: don't allow track offload if there's active sw effect <Weiyin Jiang> 6 months ago
bfe1cc3 : hal: Fix 44.1Khz playback when native support is not enabled <Amit Shekhar> 7 months ago
dc520bc : libaudiopolicymanager: DirectPCM: fix 44.1 clip playing noisy issue <vivek mehta> 9 months ago
b73a764 : audio: Extend platform parser to allow device name aliasing <Ethan Chen> 2 years ago
64387ed : hal: Fix voice call recording <solk2> 2 years ago
91c7d6b : hal: Fix digital USB headset combo device <Steve Kondik> 2 years ago
be6fdfc : hal: Clean up compilation warnings <Steve Kondik> 1 year, 9 months ago
13ba1b4 : hal: Add support for audio amplifier HAL <Ethan Chen> 3 years, 3 months ago
381b7a0 : audio: Configure CM default feature set <Steve Kondik> 1 year, 9 months ago
b25084a : hal: Allow building hardware audio encoders <Arne Coucheron> 1 year, 7 months ago
f48de3d : audio: Use project pathmap <Ethan Chen> 8 months ago
1362fc7 : audio: Only allow non-legacy HAL <Ethan Chen> 8 months ago
b5b6d33 : hal: Update format table with AAC ADTS formats. <Ashish Jain> 9 months ago
102616d : HAL: Identify the track offload session <Sharad Sangle> 9 months ago
d7eaf2b : HAL: Identify Track offload session <Alexy Joseph> 9 months ago
8c21ad7 : Merge DAX2 changes <Gao Jie> 10 months ago
fc04fdc : hal: update in_call flag state based on mode information <Venkata Narendra Kumar Gutta> 10 months ago
12467a1 : hal: Use AUDIO_TX_MONO_COPP topology for incall record usecases <Karthik Reddy Katta> 10 months ago
 
**** cm:CyanogenMod/android_hardware_qcom_display ****
e435cea : Don't build lights module if vendor supplies it <Steve Kondik> 1 year, 10 months ago
9f98625 : make: Adjust to dynamic paths <Ricardo Cerqueira> 3 months ago
df7f309 : sdm: Add NULL check for allocated memory <Ramakant Singh> 4 months ago
5b880f0 : gralloc : Add singleton class for mdp capability <Ramakant Singh> 5 months ago
b8cb6de : sdm: Fix incorrect permission on hw_info.cpp <Naseer Ahmed> 5 months ago
805ea87 : libgralloc: Get appropriate width and height from metadata <Ramkumar Radhakrishnan> 5 months ago
57f0cc4 : sdm: Set the new panel width and height correctly <Ramakant Singh> 5 months ago
354bf79 : sdm: Disable partial update only if is enabled. <Dileep Marchya> 5 months ago
4570003 : sdm: Add parameter check for content list <Manoj Kumar AVM> 6 months ago
c5109e6 : sdm : Apply Default Mode on real framework start <Sravan Kumar D.V.N> 6 months ago
5e0a1dc : hwc: Initialize pipe type to kPipeTypeUnused <Pullakavi Srinivas> 5 months ago
c487a88 : sdm: Initialize blit class members <Anjaneya Prasad Musunuri> 6 months ago
3cb64d9 : sdm:  Adding mapping of MDP RGB565_UBWC  format to SDM format <Anjaneya Prasad Musunuri> 5 months ago
f4912df : sdm: Add support for 10 bit RGB/YUV formats. <Ramkumar Radhakrishnan> 6 months ago
db89d1f : libgralloc: Add support for 10 bit RGB/YUV formats. <Ramkumar Radhakrishnan> 6 months ago
813ec82 : sdm: Create rotator modules only if a config has required h/w <Saurabh Shah> 6 months ago
cdd3895 : sdm: Add support for V4L2 Rotator <Saurabh Shah> 10 months ago
48c0356 : sdm: Indicate if Rotator is separate H/W block <Sushil Chauhan> 6 months ago
9964fc0 : sdm: Read number of rects from per-pipe caps <Sushil Chauhan> 7 months ago
07f4d41 : sdm:  Adding mapping of MDP RGB565_UBWC  format to SDM format <Anjaneya Prasad Musunuri> 5 months ago
6f227cf : sdm: Set max_layers to 0 when HDMI is in S3D mode <Xu Yang> 7 months ago
53a9573 : sdm: color-manager: PA Dither implementation. <Siddharth Zaveri> 5 months ago
d9f58e0 : sdm: Fix layer blending parameter setting. <Ramkumar Radhakrishnan> 8 months ago
bf04660 : sdm: Fix default ROI initialization <Ramkumar Radhakrishnan> 6 months ago
a212934 : gralloc: Ignore IGC setting. <Dileep Marchya> 8 months ago
bb069a6 : sdm: Fix Wconversion errors <Naseer Ahmed> 7 months ago
95cf0f2 : sdm: color-manager: Add support for global dither. <Siddharth Zaveri> 6 months ago
36e000a : gralloc: Fix RAW10 stride <Ranjith Kagathi Ananda> 1 year, 2 months ago
0899057 : sdm: Initialize blit engine only if blit is supported. <Anjaneya Prasad Musunuri> 6 months ago
7b23121 : sdm: Fix out of bound access to HWC layers. <Dileep Marchya> 6 months ago
15ac3bd : Revert "sdm: Allocate layer stack objects individually." <Dileep Marchya> 6 months ago
eb97bc9 : sdm: Populate supported format table map from sysfs node <Ramkumar Radhakrishnan> 7 months ago
b2781cc : sdm: Typecast void pointer to mdp scale structure for QSEED2. <Ramkumar Radhakrishnan> 6 months ago
d4fa563 : sdm: Avoid flush for virtual display when no app layer is present. <Anjaneya Prasad Musunuri> 7 months ago
cb44d97 : libgralloc: disable UBWC for video encoder usecase <Manikanta Kanamarlapudi> 7 months ago
9c72d0d : sdm: Resolve mismatched deallocation of memory <Anjaneya Prasad Musunuri> 7 months ago
ee63e37 : sdm: Add output buffer resolution in dump <Manoj Kumar AVM> 7 months ago
2e2830c : sdm: Read per-pipe caps from MDP caps <Sushil Chauhan> 7 months ago
66b1fa5 : sdm: Allocate layer stack objects individually. <Dileep Marchya> 7 months ago
165ef42 : sdm: color-manager: Resolve uninitialized variable access. <Siddharth Zaveri> 7 months ago
7d0727d : sdm: Mark layer as updating if geometry has changed. <Dileep Marchya> 7 months ago
a55f866 : sdm: Fix out of bounds access <Saurabh Shah> 7 months ago
bd4aaf2 : libmemtrack: Update the parsing of flags field <Harshdeep Dhatt> 8 months ago
f77878d : sdm: Read max panel brightness level from file node. <Siddharth Zaveri> 7 months ago
930582e : sdm: Add an interface to store layer's input buffer id. <Ramkumar Radhakrishnan> 8 months ago
647e171 : hwc: Fix mutex deadlock in GetVsyncPeriod <Manoj Kumar AVM> 7 months ago
46ef281 : sdm: Add support for S3D video <Yang Xu> 9 months ago
cd0dace : sdm: Add CSC information in dump. <Dileep Marchya> 7 months ago
f8fa2a8 : sdm: Write auto refresh value only if changed <Saurabh Shah> 9 months ago
ae51451 : sdm: hwc: Use display_defs.h <Arun Kumar K.R> 8 months ago
 
**** cm:CyanogenMod/android_hardware_qcom_display ****
7b9a3a1 : hwc/overlay: Validate cursor position in hwc_setPositionAsync <Baldev Sahu> 6 months ago
4c401f0 : hwc: Fix sanitize ROI func <Ramakant Singh> 7 months ago
6dab9c9 : hwc: Apply Default Mode on real framework start <Sravan Kumar D.V.N> 7 months ago
732b9ac : qdutils: Correct the hwc-driver mismatch <Ramakant Singh> 7 months ago
f1e2905 : hwc: remove local constant DISPLAY_ATTRIBUTES list <Ramakant Singh> 7 months ago
a74edfb : hwc: Remove references to display-frameworks <Ethan Chen> 8 months ago
c7cce05 : hwc: Fix compile errors after display-frameworks removal <Arne Coucheron> 8 months ago
b375570 : hwc: Support for QDCM Preference when PU enabled <Nitesh Gupta> 8 months ago
cc1ec84 : hwc: Set ioprio for vsync thread <Steve Kondik> 11 months ago
7516867 : Don't build lights module if vendor supplies it <Steve Kondik> 1 year, 10 months ago
730d245 : Revert "hqd: Use MSM_VIDC_TARGET_LIST for Venus color format" <Ethan Chen> 8 months ago
bc1215a : display: Use project pathmap <Ethan Chen> 1 year, 10 months ago
c324d73 : hwc: Set DefaultMode after bootup completion <Ramakant Singh> 9 months ago
8a6e7c9 : gralloc: Add a private flag for INTERNAL only <Arun Kumar K.R> 12 months ago
394c830 : hwc: Donot update dynamic-fps when device is not active <Ramakant Singh> 11 months ago
8f21571 : hwc: Do not wait for MDSS fence for layers with rotation <Dileep Kumar Reddi> 11 months ago
d2c5ca0 : hwc: Start with ROI set to destination <Arun Kumar K.R> 10 months ago
9ef4d8c : hwc: Set minfps as part of timeout_handler during idlefallback <Ramakant Singh> 11 months ago
0d616ba : Revert "hwc: Relax format change restrictions for certain targets" <Dileep Kumar Reddi> 11 months ago
213ead5 : Default flexible YUV format to NV21 <Tanmaya Godbole> 1 year ago
ed75fdb : hwc: Reset refresh-rate for few cases as part of timeout handler <Dileep Kumar Reddi> 11 months ago
56ed396 : gralloc: Add support for PRIV_FLAGS_DISP_CONSUMER <Surajit Podder> 1 year, 2 months ago
a2d5295 : hwc: Support ActionSafe on targets with non-scaling RGB pipes. <Sandeep Panda> 12 months ago
248378d : gralloc: Use adreno_utils api for NV21 and NV12 alignment <Sushil Chauhan> 12 months ago
037d21d : hwc: Use basePipe for fullscreen and opaque layer <Pullakavi Srinivas> 12 months ago
77ec4ef : gralloc: Modify check for uncompressed RGB buffers <Naomi Luis> 12 months ago
449fbe0 : hwc: Use aligned width and height <Dileep Kumar Reddi> 12 months ago
02dbc50 : Revert "HWC: use aligned width and height for rearranging ROI" <Dileep Kumar Reddi> 12 months ago
cd7217a : hwc: Support ActionSafe on targets with non-scaling RGB pipes. <Sandeep Panda> 12 months ago
eed742d : overlay: add tertiary display definition in overlay <Vinu Deokaran> 12 months ago
a029479 : hwc: Validate display ID in hwc interface <Arun Kumar K.R> 12 months ago
09441c1 : gralloc: Add missing changes related to RAW16 <Raj Kamal> 1 year, 1 month ago
7ea10c5 : hwc: Use basePipe for fullscreen and opaque layer <Pullakavi Srinivas> 12 months ago
c039f6e : hwc: Use aligned width and height <Dileep Kumar Reddi> 12 months ago
60cbe72 : Revert "HWC: use aligned width and height for rearranging ROI" <Dileep Kumar Reddi> 12 months ago
2e918bf : hwc: Avoid idlefallback during video playback <Raj Kamal> 1 year ago
fbe5a60 : HWC: use aligned width and height for rearranging ROI <Dileep Kumar Reddi> 1 year ago
597b313 : hwc: Featurize HWC_DISPLAY_SECURE <Raj Kamal> 1 year ago
eb4d7a6 : hwc: Use HWC_DISPLAY_NO_ATTRIBUTE as terminator. <Prabhanjan Kandula> 1 year ago
410ba7c : hwc : Normalize source crop before validating scaling limits. <Prabhanjan Kandula> 1 year ago
95fef31 : hwc: Relax format change restrictions for certain targets <Dileep Kumar Reddi> 1 year ago
42a1c98 : hwc: Changes for display-hal compilation with QTI_BSP enabled <Ramakant Singh> 1 year, 1 month ago
c772eec : hwc: Do not use Borderfill pipe for composition in WFD <Dileep Kumar Reddi> 1 year ago
e5268fd : hwc/overlay: Pass handle w/h and crop w/h through fb_image field <Arun Kumar K.R> 1 year, 1 month ago
5d39f02 : hwc: Log warning instead of mHDMIClient object not available <Dileep Kumar Reddi> 1 year, 1 month ago
55b3489 : hwc: Ignore float-conversion for included headers <Naseer Ahmed> 1 year, 1 month ago
82fe9c6 : hwc: Do not consider rotation for smart blit <Ramakant Singh> 1 year, 1 month ago
dd689ff : hwc: Do not create idle invalidator for MDP3 targets <Dileep Kumar Reddi> 1 year, 1 month ago
c58836b : hwc: Align ROI's width and height in both directions <Dileep Kumar Reddi> 1 year, 1 month ago
19f2250 : hwc: Fix SF crash due to SIGSEGV error <Raj Kamal> 1 year, 1 month ago
 
**** cm:CyanogenMod/android_hardware_qcom_display ****
c823234 : libmemtrack: Update the parsing of flags field <Harshdeep Dhatt> 4 months ago
5277cf2 : sdm: Handle spurious wakeup from pthread_cond_wait <Saurabh Shah> 4 months ago
1a7387c : hwc: Initialize pipe type to kPipeTypeUnused <Pullakavi Srinivas> 5 months ago
0400de2 : sdm: Fix HDMI connect failures while changing the mode <Ramkumar Radhakrishnan> 6 weeks ago
5a2c41d : Revert "sdm: Fix Dynamic frame rate issue" <Ramkumar Radhakrishnan> 6 weeks ago
ec5aa61 : hdmi: Reset S3D configuration on bootup <feifanz> 7 weeks ago
643a537 : sdm: Reconfigure display on SetRefreshRate <Manoj Kumar AVM> 8 weeks ago
e3a3353 : sdm: Fix Dynamic frame rate issue <Manoj Kumar AVM> 8 weeks ago
202ab44 : hdmi: Set correct initial S3D configuration <feifanz> 7 weeks ago
0bbc949 : sdm/hwc: Silence logspam <Steve Kondik> 8 weeks ago
37605f8 : sdm: Remain display framerate after dynamic resolution change <feifanz> 8 weeks ago
3b48227 : hdmi: Set correct S3D configuration on bootup <Manoj Kumar AVM> 8 weeks ago
8775a2b : sdm: Notify surfaceflinger to draw S3D framebuffer target <feifanz> 4 months ago
52da784 : sdm: Fix rotator input buffer fence initialization for S3D use case <Ramkumar Radhakrishnan> 8 weeks ago
9f840e1 : sdm: Fix dynamic refresh rate setting during S3D video playback. <Ramkumar Radhakrishnan> 8 weeks ago
30f3628 : sdm: Add binder support to force set HDMI framerate <feifanz> 3 months ago
2b9f200 : sdm: Limit composed layers for non primary displays <Krishna Srinivas> 3 months ago
68b10a4 : sdm: Add mode chose for dynamic framerate switch <feifanz> 3 months ago
5277365 : sdm: Power on HDMI panel when pluged in <feifanz> 3 months ago
3d5d4c1 : libmemtrack: Update the parsing of flags field <Harshdeep Dhatt> 4 months ago
0c39af5 : sdm:  Adding mapping of MDP RGB565_UBWC  format to SDM format <Anjaneya Prasad Musunuri> 5 months ago
5e6e766 : gralloc: Handle RAW_OPAQUE formats similar to blob <Naseer Ahmed> 4 months ago
2106b2a : sdm: Fix HDMI Primary and Virtual Display concurrency use case <Tatenda Chipeperekwa> 4 months ago
c5f91b1 : sdm: Set system property when HDMI is Primary <Tatenda Chipeperekwa> 4 months ago
371b9bc : sdm: Fix compilation error in hwc <Ramkumar Radhakrishnan> 3 months ago
a9f99ef : sdm: Typecast void pointer to mdp scale structure for QSEED2. <Ramkumar Radhakrishnan> 6 months ago
5e37cc9 : hwc: Initialize pipe type to kPipeTypeUnused <Pullakavi Srinivas> 5 months ago
49f32ce : sdm: Handle spurious wakeup from pthread_cond_wait <Saurabh Shah> 4 months ago
e588c17 : sdm : Apply Default Mode on real framework start <Sravan Kumar D.V.N> 6 months ago
4273f6c : sdm: Full ROI for 1 frame after resolution switch <Saurabh Shah> 4 months ago
09ed480 : sdm: Add support to report the pixel format of the display <Tatenda Chipeperekwa> 4 months ago
4d18fb9 : sdm: Disable partial update only if is enabled. <Dileep Marchya> 5 months ago
b60921b : sdm: Enable HDMI dynamic frame rate switch feature <feifanz> 5 months ago
2ca46a4 : qdMetadata: Add MetaData operation functions <feifanz> 5 months ago
d4f544e : sdm: HDMI as primary and headless display support <Tatenda Chipeperekwa> 4 months ago
3fc6dfa : sdm: Add independent hardware event thread for display events <Tatenda Chipeperekwa> 5 months ago
d180922 : sdm: Add sys wrappers for read, write, eventfd system calls <Tatenda Chipeperekwa> 5 months ago
57572d5 : qservice: Fixes for IQHDMIClient <Tatenda Chipeperekwa> 5 months ago
fcb06b6 : cec: Fix message parsing and enable wakeup feature <Tatenda Chipeperekwa> 5 months ago
d6591ae : sdm: Wrap DISPLAY_TERTIARY around QTI_BSP <Manoj Kumar AVM> 5 months ago
b7a0693 : sdm: Add parameter check for content list <Manoj Kumar AVM> 6 months ago
b5a157d : libmemtrack: Update parsing of kgsl mem file <Harshdeep Dhatt> 7 months ago
009ad60 : sdm: Set max_layers to 0 when HDMI is in S3D mode <Xu Yang> 7 months ago
bbeb6d6 : sdm: Initialize blit class members <Anjaneya Prasad Musunuri> 6 months ago
07d45cf : sdm: Fix out of bound access to HWC layers. <Dileep Marchya> 6 months ago
9b2cc73 : sdm: Fix default ROI initialization <Ramkumar Radhakrishnan> 6 months ago
cef3584 : sdm: color-manager: Add support for global dither. <Siddharth Zaveri> 6 months ago
19e6179 : sdm: Populate supported format table map from sysfs node <Ramkumar Radhakrishnan> 7 months ago
5fb5686 : sdm: Fix layer blending parameter setting. <Ramkumar Radhakrishnan> 8 months ago
631a683 : gralloc: Ignore IGC setting. <Dileep Marchya> 8 months ago
 
**** cm:CyanogenMod/android_hardware_qcom_media ****
a7b4886 : The libOmxSw encoders require prop headers :( <Ricardo Cerqueira> 3 weeks ago
4b1c56f : venc: Disable building vqzip into the encoder for OSS <Ricardo Cerqueira> 10 weeks ago
e9e9b32 : mm-core: change data type for version <Manikanta Kanamarlapudi> 2 months ago
07f11ee : make: Fix up platform inclusion <Ricardo Cerqueira> 3 months ago
e9f9ae8 : mm-video-v4l2: venc: Avoid processing ETBs/FTBs in invalid states <Praveen Chavan> 4 months ago
9eae7f2 : mm-video-v4l2: vdec: Avoid processing ETBs/FTBs in invalid states <Praveen Chavan> 4 months ago
3965563 : make: Adjust to dynamic paths <Ricardo Cerqueira> 3 months ago
b5a27bf : Avoid collision with the ffpmeg plugin <Ricardo Cerqueira> 3 months ago
d822edf : mm-video: Fix race condition in component. <Manikanta Sivapala> 4 months ago
cc6a5bb : mm-video: Handle ETB's with invalid length <Manikanta Sivapala> 4 months ago
d4c68ef : mm-video: Update function to flush cached ION output buffer. <Manikanta Sivapala> 4 months ago
6f4b96d : mm-video-v4l2: vidc: validate omx param/config data <Praveen Chavan> 5 months ago
70ecf07 : mm-video-v4l2: venc: add safety checks for freeing buffers <Praveen Chavan> 5 months ago
58cfe3e : mm-video-v4l2: vdec: add safety checks for freeing buffers <Praveen Chavan> 5 months ago
c9d33c1 : mm-video-v4l2: vdec: deprecate unused config OMX_IndexVendorVideoExtraData <Praveen Chavan> 5 months ago
162d7c2 : mm-video-v4l2: vidc: venc: KW fix to initialize v4l2 control. <Srinu Gorle> 4 months ago
ba4f857 : mm-video-v4l2: vdec: Malloc failure handling in memory prefetch <Rohit Kulkarni> 5 months ago
f05c40f : mm-video-v4l2: vdec: Add support for prefetching secure memory <Shalaj Jain> 7 months ago
1e09dcc : mm-video: swvdec: Flush cached ION output buffer. <Manikanta Sivapala> 5 months ago
5aa6868 : mm-video-v4l2: vidc: Do not queue output buffer if flush is in progress <Arun Menon> 9 months ago
451c330 : mm-video-v4l2: vidc: vdec: KW fix to initialize v4l2 control. <Abdulla Anam> 6 months ago
87af875 : Remove internal code name of msmtitanium for msm8953. <Arusha Goyal> 6 months ago
98c1933 : mm-video: swvdec: Enable "arbitrary bytes mode" via setparam. <Manikanta Sivapala> 6 months ago
6a113e8 : Remove internal code name of msmtitanium for msm8953. <Arusha Goyal> 6 months ago
66507f6 : mm-core: Add secure component registry entry <Vikash Garodia> 6 months ago
3c0c75c : mm-video-v4l2: vdec: Change preferred color format default order <Arun Menon> 10 months ago
47a3c9e : mm-core: Rename vpp component name in the registry. <Abdulla Anam> 7 months ago
f673dc5 : mm-video: swvdec: Fix bug in 'arbitrary bytes mode'. <Manikanta Sivapala> 6 months ago
658d7f6 : mm-video-v4l2: vdec: add support for vp8 secure decoder <Deepak Kushwah> 7 months ago
d5acdbb : mm-video-v4l2: vidc: update thread names <Vikash Garodia> 6 months ago
981d875 : mm-video: swvdec: Use C++ standard library queue classes. <Manikanta Sivapala> 6 months ago
4738e01 : mm-video: vidc: Communicate the right colorformat to the driver <Deva Ramasubramanian> 9 months ago
6480767 : mm-core: Add vp8 and vp9 secure decoders for titanium <Srinu Gorle> 7 months ago
3134ae4 : mm-video-v4l2: venc: revert add support for handling EOS buffer <Manikanta Kanamarlapudi> 7 months ago
3160904 : audio: Add entry for ALAC/APE software component <Preetam Singh Ranawat> 7 months ago
f09ef0f : mm-video: vidc: memset struct v4l2_format prior to S_FMT <Deva Ramasubramanian> 8 months ago
99a9dea : mm-video: swvdec: Fix FD leak. <Vikash Garodia> 7 months ago
21b0839 : Revert "mm-video-v4l2: vidc: Enhance VQZIP checks" <Manikanta Sivapala> 7 months ago
73109a9 : Revert "mm-video-v4l2: vidc: venc: Bug fixes for VZIP" <Manikanta Sivapala> 7 months ago
bf6b113 : mm-video-v4l2: venc: Add support for low latency mode <Srinu Gorle> 8 months ago
e3ab4f0 : mm-core: Fix compilation issue to erratic string constant <Amit Shekhar> 12 months ago
68a4b6c : mm-video: swvdec: Add 'arbitrary bytes mode' support. <Manikanta Kanamarlapudi> 7 months ago
89b5e96 : mm-video-v4l2: vidc: venc: Bug fixes for VZIP <Praneeth Paladugu> 9 months ago
d9b4206 : libc2dcolorconvert: check if platform support c2d <Alex Wong> 7 months ago
fd7f872 : mm-video-v4l2: vidc: Enhance VQZIP checks <Praneeth Paladugu> 12 months ago
ba30dca : mm-video: swvenc: update color format correctly <Manikanta Sivapala> 7 months ago
c950d91 : mm-video: swvdec: Fix bug in describe color format function. <Manikanta Sivapala> 7 months ago
cb9101d : mm-video-v4l2: venc: send flags to color converter <Maheshwar Ajja> 8 months ago
57a18a2 : mm-video: swvenc: Update color format correctly <Manikanta Sivapala> 8 months ago
66f5bdc : mm-video-v4l2: venc: Disable Bframes incase of UHD recording <Srinu Gorle> 9 months ago
 
**** cm:CyanogenMod/android_hardware_qcom_media ****
2182d03 : DO NOT MERGE mm-video-v4l2: venc: add checks before  accessing heap pointers <Praveen Chavan> 7 weeks ago
8db7a42 : DO NOT MERGE Fix wrong nAllocLen <Wonsik Kim> 7 weeks ago
d81a756 : mm-video-v4l2: vdec: Avoid processing ETBs/FTBs in invalid states <Praveen Chavan> 4 months ago
ddeb931 : mm-video-v4l2: venc: Avoid processing ETBs/FTBs in invalid states <Praveen Chavan> 4 months ago
1071714 : DO NOT MERGE mm-video-v4l2: vdec: deprecate unused config OMX_IndexVendorVideoExtraData <Praveen Chavan> 5 months ago
3dd7332 : DO NOT MERGE mm-video-v4l2: venc: add safety checks for freeing buffers <Praveen Chavan> 4 months ago
cbc1231 : DO NOT MERGE mm-video-v4l2: vidc: validate omx param/config data <Praveen Chavan> 4 months ago
bb2d97a : DO NOT MERGE mm-video-v4l2: vdec: add safety checks for freeing buffers <Praveen Chavan> 4 months ago
70ff94f : mm-video-v4l2: vdec: modify max supported level on msm8976 <Maheshwar Ajja> 5 months ago
9a1699d : mm-video-v4l2: Fix default session priority handling <Surajit Podder> 5 months ago
92b55f1 : mm-video-v4l2: vdec: Enhance video resolution check <Arun Menon> 6 months ago
bbcbc18 : mm-video-v4l2: vdec: Error out if set format ioctl fails <Abdulla Anam> 6 months ago
e184bed : mm-video-v4l2: vdec: Decrement semaphore count in error case. <vasantha> 6 months ago
ff3940f : mm-video-v4l2: Return correct level support for 8956 <Surajit Podder> 6 months ago
1fd6df0 : mm-video-v4l2: vidc: vdec: handle ftbs during reconfig and port disable <Abdulla Anam> 7 months ago
e9bacff : mm-video-v4l2: venc: check for null pointer <Maheshwar Ajja> 7 months ago
a699a13 : mm-video-v4l2: vdec: set 24 fps framerate for 4k clips <Deepak Kushwah> 7 months ago
bc9e191 : mm-video-v4l2: vidc: Fix race condition with msg thread fd close <Shalaj Jain> 9 months ago
a860362 : mm-video-v4l2: vidc: update thread names <Ashray Kulkarni> 1 year, 1 month ago
8e66146 : mm-video-v4l2: Add support for prefer adaptive playback extension <Shalaj Jain> 1 year, 1 month ago
41a5cfd : mm-video: Adjust stride value for planar format <Surajit Podder> 1 year, 3 months ago
c40cf77 : mm-video: vidc: Reliably stop the message thread <Deepak Kushwah> 8 months ago
62f611d : Fix duplicated OMX.qcom.audio.decoder.aac entry <Keith Mok> 9 months ago
69d6d4b : media: Avoid collision with FFMPEG plugin <Steve Kondik> 8 months ago
610c356 : media: Use project pathmap <Ethan Chen> 8 months ago
dc1b1d4 : mm-video-v4l2: Unmap dropped output buffers <Surajit Podder> 9 months ago
78521c5 : Include kernel header dependency for libOmxVidcCommon <Divya Sharma> 9 months ago
f9c92f0 : mm-video-v4l2: vidc: venc: Fix hybrid HP layer count <Abdulla Anam> 10 months ago
a5dce41 : mm-video-v4l2: Enable get_param to check downscalar enablement <Surajit Podder> 10 months ago
e7743ae : mm-video-v4l2: venc: Add support to enhance hybrid Hier-p mode <Abdulla Anam> 10 months ago
75bc6a6 : mm-video-v4l2: vdec:  release buffer when qbuf to driver fails <Manikanta Kanamarlapudi> 10 months ago
cfeaf87 : mm-video-v4l2: Use client buffer header for FTB <Surajit Podder> 11 months ago
b6c736d : mm-video-v4l2: Disable intra refresh mode on msm8956/76 <Maheshwar Ajja> 11 months ago
a54c5d4 : mm-video-v4l2: vdec: fix fps issues in arbitrary mode <Ashray Kulkarni> 12 months ago
826ba8c : QCMetadata: add a new key for big buffers <Sidipotu Ashok> 11 months ago
ef3143a : QCMetadata: Add key for setBuffers API support <Manikanta Kanamarlapudi> 1 year, 3 months ago
f178e8b : mm-video-v4l2: venc: support all I frame encoding usecase. <Abdulla Anam> 11 months ago
bcf4fa3 : libstagefrighthw: Add header guard to QComOMXMetadata.h and fix file perms <Deva Ramasubramanian> 11 months ago
e2d287f : mm-video-v4l2: vdec: streamoff while freeing first output buffer <Balamurugan Alagarsamy> 1 year, 8 months ago
f0fc3d0 : mm-video: Disable downscalar for non-display usecase <Surajit Podder> 1 year, 2 months ago
0997c8a : mm-video: Enable HEVC software encoder OMX component. <Manikanta Sivapala> 11 months ago
8bb96de : mm-video_v4l2: pass crop nWidth and nHeight in reconfig event. <Abdulla Anam> 12 months ago
afb1469 : mm-video-v4l2: Fix downscalar issue <Surajit Podder> 12 months ago
269f6cd : mm-video-v4l2: Fix crash due to divide by zero <Surajit Podder> 11 months ago
c14558c : mm-video-v4l2: venc: initialize the member variables <Maheshwar Ajja> 11 months ago
99c2455 : mm-video-v4l2: vdec: Fix closing of file descriptor "0" <Deepak Kushwah> 12 months ago
b4d0e38 : mm-video-v4l2: venc: limit pixels value in input buffers. <Abdulla Anam> 12 months ago
1202ebd : mm-video_v4l2: pass crop nWidth and nHeight in reconfig event. <Abdulla Anam> 12 months ago
1fc82f0 : mm-video: Disable downscalar for non-display usecase <Surajit Podder> 1 year, 2 months ago
6ecc67f : mm-core: update vpp related structures and enums. <Abdulla Anam> 12 months ago
 
**** cm:CyanogenMod/android_hardware_qcom_media ****
1cbab89 : DO NOT MERGE mm-video-v4l2: venc: add checks before  accessing heap pointers <Praveen Chavan> 7 weeks ago
de2960f : DO NOT MERGE Fix wrong nAllocLen <Wonsik Kim> 7 weeks ago
5029df7 : venc: Fix VQZip issue <Steve Kondik> 4 weeks ago
fe01ff3 : mm-video-v4l2: vidc: venc: Remove unspported Levels <Praneeth Paladugu> 3 months ago
9a2ff6f : mm-video-v4l2: Fix crash during decoder output dump <Surajit Podder> 6 weeks ago
dc02ee7 : mm-video-v4l2: Detect interlace format types correctly. <Kim Zhang> 3 months ago
341f7d6 : mm-core: Add De-interlace case for VPP <Kim Zhang> 8 weeks ago
e896660 : mm-core: Fix the nVersion type issue in QOMX_EXTNINDEX_VIDEO_VENC_SAR <Kim Zhang> 8 weeks ago
8c6e1b9 : mm-video-v4l2: vdec: refine refresh_rate handling <Qiwei Liu> 9 weeks ago
05beae8 : venc: Disable building vqzip into the encoder for OSS <Ricardo Cerqueira> 10 weeks ago
0444f03 : Revert "venc: use libOmxVenc as blob" <Chao Chen> 9 weeks ago
6c2bccf : mm-video-v4l2: Fix issue with DCVS in split mode <Surajit Podder> 2 months ago
d92e6d9 : mm-video-v4l2: venc: Avoid processing ETBs/FTBs in invalid states <Praveen Chavan> 4 months ago
726dddc : mm-video-v4l2: vdec: Avoid processing ETBs/FTBs in invalid states <Praveen Chavan> 4 months ago
6f4a4ba : mm-video-v4l2: vide: vdec: modify refresh rate calculation <Qiwei Liu> 4 months ago
352a82c : mm-video-v4l2: Handle decoder output crop extradata <Vikash Garodia> 3 months ago
219d27a : venc: use libOmxVenc as blob <Matt Wagantall> 6 months ago
6cafea7 : mm-video-v4l2: vidc: Enumerate supported HEVC decoder profiles <Rohit Kulkarni> 4 months ago
b597f7e : mm-video-v4l2: vidc: Update supported Level values <Praneeth Paladugu> 6 months ago
5ae7676 : mm-video-v4l2: vdec: Update the buffer size after g_fmt <Vikash Garodia> 3 months ago
5b2d521 : mm-core: Remove the size and version fields for some vpp structures <Kim Zhang> 4 months ago
85372cd : mm-video-v4l2: vidc: vdec: Change DPB mode to combined for VP9 <Praneeth Paladugu> 4 months ago
45e8530 : mm-video-v4l2: Pass stride and scanlines with reconfig event <Abdulla Anam> 4 months ago
accaaf8 : mm-video-v4l2: vdec: DPB mode to split for CPU access of buffers <Praneeth Paladugu> 5 months ago
4925114 : mm-video-v4l2: vdec: deprecate unused config OMX_IndexVendorVideoExtraData <Praveen Chavan> 5 months ago
d4f4cdf : mm-video-v4l2: venc: add safety checks for freeing buffers <Praveen Chavan> 5 months ago
a797942 : mm-video-v4l2: vidc: validate omx param/config data <Praveen Chavan> 5 months ago
8c6b30e : mm-video-v4l2: vdec: add safety checks for freeing buffers <Praveen Chavan> 5 months ago
8943d96 : mm-video-v4l2: vidc: vdec: Add support for Output crop extra data <Arun Menon> 5 months ago
d39458f : mm-video-v4l2: vidc: Restore pixel format on capture plane <Kim Zhang> 4 months ago
73699c1 : mm-video-v4l2: Pointer null check before deferencing it <Deepak Kushwah> 8 months ago
b107003 : mm-video-v4l2: vidc: validate omx param/config data <Praveen Chavan> 5 months ago
d77c4a9 : mm-video-v4l2: vdec: deprecate unused config OMX_IndexVendorVideoExtraData <Praveen Chavan> 5 months ago
4802a3d : mm-video-v4l2: vidc: vdec: Add Extra data size during update_portdef <Arun Menon> 5 months ago
20f4efa : mm-video-v4l2: vidc: venc: Fix VQZIP issues <Praneeth Paladugu> 5 months ago
ace6a48 : mm-video-v4l2: vdec: Call vidioc_g_fmt to get updated buffer size <Arun Menon> 5 months ago
538225b : mm-video-v4l2: vdec: Malloc failure handling in memory prefetch <Rohit Kulkarni> 5 months ago
2a3c3fc : mm-video-v4l2: vidc: venc: Fix rotation issue <Praneeth Paladugu> 5 months ago
c1c9a54 : mm-video-v4l2: vdec: Add support for prefetching secure memory <Shalaj Jain> 7 months ago
cdd8a4b : mm-video-v4l2: vdec: add safety checks for freeing buffers <Praveen Chavan> 5 months ago
bd10da8 : mm-video-v4l2: venc: add safety checks for freeing buffers <Praveen Chavan> 5 months ago
c59fcaa :  mm-video-v4l2: vidc: HEVC Main10 profile support <Rohit Kulkarni> 6 months ago
56dd269 : mm-video: vidc: Squashed changes for component <Praneeth Paladugu> 6 months ago
347b90c : libc2dcolorconvert: refer c2d header from display <Praveen Chavan> 2 years, 3 months ago
14a416b : mm-video-v4l2: vdec: Increase buffer count to support high fps <Arun Menon> 8 months ago
6316605 : vidc: Fix makefiles <Steve Kondik> 1 year, 4 months ago
416ba49 : mm-video-v4l2: vidc: vdec: skip enabling S3D extra data for secure session <Srinu Gorle> 1 year, 4 months ago
5f4d49f : mm-video-v4l2: vidc: vdec: Add support for S3D metadata <Ashray Kulkarni> 1 year, 7 months ago
a53124e : mm-core: Fix compilation issue to erratic string constant <Amit Shekhar> 12 months ago
a7f1dda : mm-video-v4l2: vidc: venc: Fix rotation issue for 180 degrees <Praneeth Paladugu> 9 months ago
 
**** cmold:android_kernel_lge_msm8992 ****
26f32ac : Revert "apply lg v20i kernel" <Erwan Leboucher> 2 days ago
 
**** cmold:android_kernel_motorola_msm8916 ****
6a59493 : osprey: surnia: Disable cpu_boost <desaishivam26> 3 days ago
f74797f : af_unix: Guard against other == sk in unix_dgram_sendmsg <Rainer Weikusat> 7 months ago
55ea7c8 : mm: adjust page migration heuristic <Tim Murray> 6 months ago
46ba46d : ASoC: check for null function pointer for dummy device read/write <Yuan Lin> 8 days ago
 
**** cmold:android_kernel_oneplus_msm8996 ****
d106f1e : Revert "Revert "usb: dwc3: gadget: always enable IOC on bulk/interrupt transfers"" <dianlujitao> 2 days ago
d45da77 : Linux 3.18.40 <Sasha Levin> 3 days ago
8f03e30 : perf/x86: Fix undefined shift on 32-bit kernels <Andrey Ryabinin> 4 months ago
3e287c2 : nfsd: check permissions when setting ACLs <Ben Hutchings> 9 weeks ago
6abbd53 : posix_acl: Add set_posix_acl <Andreas Gruenbacher> 9 weeks ago
4f143eb : powerpc/pseries: Fix PCI config address for DDW <Gavin Shan> 3 months ago
79babf8 : powerpc/iommu: Remove the dependency on EEH struct in DDW mechanism <Guilherme G. Piccoli> 5 months ago
8bc7ada : block: fix use-after-free in seq file <Vegard Nossum> 4 weeks ago
ddc1102 : metag: Fix __cmpxchg_u32 asm constraint for CMP <James Hogan> 3 weeks ago
71f1b13 : ALSA: hda: add AMD Bonaire AZ PCI ID with proper driver caps <Maruthi Srinivas Bayyavarapu> 3 weeks ago
7dd9082 : sysv, ipc: fix security-layer leaking <Fabian Frederick> 3 weeks ago
b4f191a : mm/hugetlb: avoid soft lockup in set_max_huge_pages() <Jia He> 3 weeks ago
7154bbe : dm flakey: error READ bios during the down_interval <Mike Snitzer> 4 weeks ago
8a7e369 : ftrace/recordmcount: Work around for addition of metag magic but not relocations <Laura Abbott> 7 weeks ago
0335e86 : balloon: check the number of available pages in leak balloon <Konstantin Neumoin> 7 weeks ago
40ca045 : x86/syscalls/64: Add compat_sys_keyctl for 32-bit userspace <Sasha Levin> 11 days ago
0ff4673 : ALSA: hda/realtek: Enable HP amp and mute LED on HP Folio 9480m [v3] <Keith Packard> 1 year, 1 month ago
b8463d7 : drm/nouveau/fbcon: fix font width not divisible by 8 <Mikulas Patocka> 4 weeks ago
bd0e924 : ubi: Make volume resize power cut aware <Richard Weinberger> 9 weeks ago
cdf2533 : ubi: Fix race condition between ubi device creation and udev <Iosif Harutyunov> 5 weeks ago
6d1b8d7 : fuse: fix wrong assignment of ->flags in fuse_send_init() <Wei Fang> 5 weeks ago
a8f8b0f : fuse: fuse_flush must check mapping->flags for errors <Maxim Patlasov> 5 weeks ago
689c2a8 : fuse: fsync() did not return IO errors <Alexey Kuznetsov> 5 weeks ago
77c6ffd : ARC: mm: don't loose PTE_SPECIAL in pte_modify() <Vineet Gupta> 4 weeks ago
2d6adad : drm/radeon: fix firmware info version checks <Alex Deucher> 4 weeks ago
be17cd2 : KEYS: 64-bit MIPS needs to use compat_sys_keyctl for 32-bit userspace <David Howells> 4 weeks ago
8c0c7bb : KVM: PPC: Book3S HV: Save/restore TM state in H_CEDE <Paul Mackerras> 9 weeks ago
15b4c06 : KVM: PPC: Book3S HV: Pull out TM state save/restore into separate procedures <Paul Mackerras> 9 weeks ago
1eaac17 : CIFS: Fix a possible invalid memory access in smb2_query_symlink() <Pavel Shilovsky> 5 weeks ago
a10e07c : fs/cifs: make share unaccessible at root level mountable <Aurelien Aptel> 3 months ago
2bad255 : Input: i8042 - break load dependency between atkbd/psmouse and i8042 <Dmitry Torokhov> 4 weeks ago
5a7dd70 : Documentation/module-signing.txt: Note need for version info if reusing a key <Ben Hutchings> 4 months ago
1d30775 : module: Invalidate signatures on force-loaded modules <Ben Hutchings> 4 months ago
29d011a : net/irda: fix NULL pointer dereference on memory allocation failure <Vegard Nossum> 5 weeks ago
5c0a3ca7 : fs/dcache.c: avoid soft-lockup in dput() <Wei Fang> 7 weeks ago
ead2cea : dcache: let the dentry count go down to zero without taking d_lock <Linus Torvalds> 1 year, 8 months ago
cf4f30b : nfs: don't create zero-length requests <Benjamin Coddington> 5 weeks ago
f9fef43 : gpio: intel-mid: Remove potentially harmful code <Andy Shevchenko> 7 weeks ago
7b37bc2 : iscsi-target: Fix panic when adding second TCP connection to iSCSI session <Feng Li> 6 weeks ago
3f4976f : audit: fix a double fetch in audit_log_single_execve_arg() <Paul Moore> 5 weeks ago
a59a2f6 : Fix broken audit tests for exec arg len <Linus Torvalds> 1 year, 2 months ago
c786cc5 : audit: Fix check of return value of strnlen_user() <Jan Kara> 1 year, 3 months ago
eeeec28 : cifs: fix crash due to race in hmac(md5) handling <Rabin Vincent> 5 weeks ago
cb0a006 : target: Fix race between iscsi-target connection shutdown + ABORT_TASK <Nicholas Bellinger> 3 months ago
b4a8ca6 : target: Fix missing complete during ABORT_TASK + CMD_T_FABRIC_STOP <Nicholas Bellinger> 3 months ago
bdcbb05 : mtd: nand: fix bug writing 1 byte less than page size <Hector Palacios> 6 weeks ago
8317c7f : arm64: debug: unmask PSTATE.D earlier <Will Deacon> 5 weeks ago
57eed93 : crypto: scatterwalk - Fix test in scatterwalk_done <Herbert Xu> 6 weeks ago
6da4728 : Bluetooth: Fix l2cap_sock_setsockopt() with optname BT_RCVMTU <Amadeusz Sławiński> 6 weeks ago
b94d5a7 : USB: serial: option: add support for Telit LE910 PID 0x1206 <Daniele Palmas> 3 months ago
 
**** vanir:kernel_samsung_klte ****
193cedb : ASoC: msm: qdsp6v2: check param length for EAC3 format <Surendar karka> 8 weeks ago
 
**** cm:CyanogenMod/android_packages_apps_AudioFX ****
6d435a4 : Fix strings. <Danny Baumann> 12 hours ago
ee3a578 : AudioFX: disable debug logging <Roman Birg> 12 hours ago
0429bca : AudioFX: remove legacy metrics provider <Roman Birg> 12 hours ago
e95b026 : Revert "Revert "AudioFX: rename module back to AudioFX"" <Roman Birg> 13 hours ago
c7dc272 : Revert "AudioFX: rename module back to AudioFX" <Roman Birg> 2 days ago
f520900 : AudioFX: rename module back to AudioFX <Roman Birg> 2 days ago
415792d : AudioFX: rename package to org.cyanogenmod.audiofx <Roman Birg> 10 days ago
b01d792 : ModioFX: split backend implementations <Roman Birg> 13 days ago
c5812df : AudioFX: don't backup app data <Roman Birg> 2 weeks ago
baaba84 : AudioFX: iniitalize services with current device <Roman Birg> 2 months ago
27bf875 : AudioFX: fix first boot listener regression <Roman Birg> 3 months ago
4e51612 : Revert "AudioFX: create audio output change listener after it's dependencies" <Roman Birg> 3 months ago
35513df : modiofx: Reintroduce deferred release for MaxxAudio <Steve Kondik> 3 months ago
7f5ef58 : Automatic translation import <Michael Bestas> 4 months ago
5cec772 : Automatic translation import <Michael Bestas> 5 months ago
0a305be : AudioFX: fix qs tile updating <Roman Birg> 3 months ago
f5ebb43 : AudioFX: create audio output change listener after it's dependencies <Scott Mertz> 3 months ago
7df1be0 : AudioFX: Disable Ok button if rename text is empty <Keith Mok> 3 months ago
ffb1515 : AudioFX: finish swipe animation if hitting off during it <Roman Birg> 3 months ago
2a5d138 : AudioFX: fix output listener regression <Roman Birg> 4 months ago
cf9de81 : modiofx: Add a default preset for headphones on Android effects <Steve Kondik> 4 months ago
e5570ef : audiofx: Fix the QS tile <Steve Kondik> 4 months ago
a3a728c : audiofx: Update for CMAudioService changes <Steve Kondik> 4 months ago
32b6b9b : modiofx: Stop being clever with Android effects <Steve Kondik> 4 months ago
06520d1 : modiofx: Fix various issues with Android FX <Steve Kondik> 4 months ago
f9384d7 : modiofx: Bump prefs version <Steve Kondik> 4 months ago
58f99de : audiofx: Don't auto-attach if a recording is active <Steve Kondik> 4 months ago
ad3dc3a : AudioFX: don't assume stream type <Roman Birg> 5 months ago
7f127de : modiofx: Unmodifiable list is unmodifiable <Steve Kondik> 5 months ago
beb8f88 : audiofx: Add support for line out devices <Steve Kondik> 5 months ago
93f8890 : audiofx: Misc fixes <Steve Kondik> 5 months ago
ef31a6d : audiofx: Update for new session callback mechanism <Steve Kondik> 5 months ago
5f4e0f4 : audiofx: rename package to ModioFX <Scott Mertz> 5 months ago
573a3a6 : audiofx: Refactor the service <Steve Kondik> 5 months ago
1871d53 : audiofx: Remove deferred session release code <Steve Kondik> 5 months ago
e03d61a : audiofx: Simplify threads usage <Steve Kondik> 5 months ago
1a08125 : audiofx: Re-add product name to preference name <Steve Kondik> 5 months ago
68517e3 : audiofx: Always update the UI for device switches <Steve Kondik> 5 months ago
5999c3d : AudioFX: better maxx effect handling and creation <Roman Birg> 5 months ago
672ccc8 : audiofx: A big pile of fixes. <Steve Kondik> 5 months ago
70f9b01 : audiofx: Fix a lot of state management issues <Steve Kondik> 5 months ago
6aa40a7 : Sync translations from AudioFX-resources <Roman Birg> 5 months ago
6bffa1e : AudioFX: only query for BT A2DP devices <Roman Birg> 5 months ago
69bbfc9 : AudioFX: catch effect crashes <Roman Birg> 6 months ago
9321ea8 : AudioFX: lower eq hold thresh down to 100ms <Roman Birg> 6 months ago
2417f2f : AudioFX: junit4 tests <Roman Birg> 6 months ago
0f06e3e : AudioFX: make eq bars require a little long press time <Roman Birg> 6 months ago
fc7cdbe : AudioFX: fix not setting up proper defaults on fresh boot <Roman Birg> 6 months ago
a1f3bb1 : AudioFX: make effect handler MORE favorable <Roman Birg> 6 months ago
85bb242 : audiofx: Only attach to STREAM_MUSIC in callback mode <Steve Kondik> 6 months ago
 
**** commotio:commotio ****
9569c71 : Fix kiwi <DHOMD> 3 minutes ago
 
**** vanir:vendor_htc ****
0466d9b : m8-common: Update blobs <Bruno Martins> 10 days ago
5128a65 : m8-common: Add blur blob <Steve Kondik> 3 weeks ago
 
**** vanir:vendor_lge ****
841a7b5 : Revert "g4 update blobs from v20g" <DHOMD> 25 hours ago
 
**** vanir:vendor_motorola ****
87f099f : msm8226-common thea titan peregrine falcon: Regenerate makefiles <Matthias Yzusqui> 3 weeks ago
 
**** github:TheMuppets/proprietary_vendor_oneplus ****
7aba043 : op3: Remove libjni_livedisplay <Steve Kondik> 17 hours ago
 
**** vanir:vendor_vanir ****
abf5a64 : Make developer dexopt logo dark red <nuclearmistake> 8 hours ago
 
