
**** vanir:bootable_recovery_TWRP ****
eadfd2e : Fix storage selection with adopted storage <Ethan Yonker> 5 days ago
506fc80 : minuitwrp: fix and hopefully speed up fbdev screen flipping <that> 2 weeks ago
2948b6f : twrp: Add support for TW_SECONDARY_BRIGHTNESS_PATH <AdrianDC> 2 weeks ago
07926a3 : Fix OEM compile <Ethan Yonker> 5 days ago
 
**** vanir:build ****
6cfb3bb : Hacks <DHOMD> 6 months ago
c34b558 : releasetool: add OSIP partitions specifics <Artefvck 07> 3 weeks ago
01da997 : envsetup: cmgerrit: fix for zsh <Khalid Zubair> 2 weeks ago
695992c : envsetup: add function to detect shell <Khalid Zubair> 2 weeks ago
ebddb95 : kernel: Don't use override config in kernel(x)config <Michael Bestas> 7 weeks ago
d12e3a1 : build: add build module from root <Artefvck 07> 4 weeks ago
bfedecc : build: e2fsck missing from emulator <msfkonsole> 4 weeks ago
 
**** cm:CyanogenMod/android_device_cyanogen_msm8916-common ****
867808f : msm8916: Set missing scheduler parameters <Zhao Wei Liew> 5 weeks ago
ff63502 : msm8916: Don't push background services to higher adj. <Ramswaroop Ghanshyam Somani> 4 days ago
 
**** cm:CyanogenMod/android_device_cyanogen_msm8939-common ****
05c3eab : msm8939: Don't push background services to higher adj <Ramswaroop Ghanshyam Somani> 4 days ago
 
**** cm:CyanogenMod/android_device_htc_msm8974-common ****
1fb906b : msm8974: Fix call recording <Bruno Martins> 7 days ago
 
**** vanir:device_huawei_angler ****
77a9682 : angler: fix NFC selinux denial <Roman Birg> 8 days ago
 
**** vanir:device_lge_g3-common ****
c827b4f : g3: revise system properties <Hendrik Hagendorn> 11 days ago
f13a285 : g3: Fix qcom bluetooth mac <Hendrik Hagendorn> 6 days ago
 
**** cm:CyanogenMod/android_device_lge_mako ****
5bda711 : mako: Cleanup device.mk <Elektroschmock> 6 days ago
 
**** vanir:device_moto_shamu ****
e8f2343 : shamu: fix nfc selinux denial <Roman Birg> 4 days ago
 
**** vanir:device_motorola_omap4-common ****
aabe8e0 : Automatic translation import <Michael Bestas> 2 days ago
 
**** cm:CyanogenMod/android_device_motorola_osprey ****
cc40615 : cmhw: add isSelfManaged to SunlightEnhancement <Dan Pasanen> 3 months ago
3413bcb : osprey: Update SELinux policy for M <Alberto97> 4 months ago
 
**** vanir:device_motorola_qcom-common ****
539ef69 : Automatic translation import <Michael Bestas> 2 days ago
 
**** cm:CyanogenMod/android_device_motorola_victara ****
53fbdb7 : Automatic translation import <Michael Bestas> 2 days ago
 
**** github:Grarak/android_device_oneplus_oneplus2 ****
e9a278f : cmhw: Add swap buttons <Willi Ye> 9 days ago
d7b5a7a : Revert "Disable permissive mode" <Willi Ye> 10 days ago
b051fbc : Update fingerprint <Willi Ye> 32 hours ago
4260ccf : rootdir: Update keyCode paths <Willi Ye> 34 hours ago
d363df1 : liblight: add button backlight support <Steve Kondik> 7 days ago
3a0619a : oneplus2: LED brightness LibLights control <AdrianDC> 6 months ago
b045ea4 : oneplus2: Don't use QC location stack <Ethan Chen> 8 days ago
b7512f5 : ril: Add pdp data call reject throttle error code <Andalam Parthasarathi> 9 weeks ago
36bc42a : wifi: Update conf files <Willi Ye> 5 days ago
c0fe22e : ril: Add p2 option in openLogicalChannel <Wileen Chiu> 3 months ago
 
**** vanir:device_oppo_common ****
30f91f6 : Automatic translation import <Michael Bestas> 2 days ago
 
**** cm:CyanogenMod/android_device_oppo_find7 ****
6bdc1d7 : find7: inherit framework properties first <Roman Birg> 4 days ago
 
**** cm:CyanogenMod/android_device_oppo_find7-common ****
563c240 : Revert "find7-common: Add USB charging mode" <Michael Bestas> 2 days ago
f3fce09 : camera: Remove unsupported features <Michael Bestas> 8 days ago
 
**** cm:CyanogenMod/android_device_oppo_find7s ****
6549945 : find7s: inherit framework properties first <Roman Birg> 4 days ago
 
**** cm:CyanogenMod/android_device_oppo_msm8974-common ****
54a1cfb : msm8974: Don't use QC location stack <Ethan Chen> 8 days ago
c19e394 : msm8974: acdb: add DevicePair for handset mic + stereo headphones <Matt Wagantall> 8 days ago
 
**** vanir:device_qcom_common ****
83fd4f1 : power-8992: Fix build error and warnings <Zhao Wei Liew> 3 days ago
e41d02c : init: Add msm8952-specific init extension library <Abhishek Arpure> 11 months ago
0703400 : power-8992: Add launch boost profile <Zhao Wei Liew> 10 days ago
 
**** vanir:device_qcom_sepolicy ****
4a71601 : healthd : allow healthd to read RTC/alarm devices <Chao Chen> 6 days ago
 
**** github:Team-Agni/android_device_samsung_galaxys2-common ****
6800782 : Automatic translation import <Michael Bestas> 2 days ago
 
**** vanir:device_samsung_klte-common ****
13b92f5 : klte-common: Enable WBS for SCO and force samplerate to 8khz <Patrick Lower> 5 days ago
 
**** vanir:device_samsung_qcom-common ****
5ef0d41 : Automatic translation import <Michael Bestas> 2 days ago
 
**** vanir:device_samsung_smdk4412-common ****
e836d0e : Revert "Fix Netflix and YouTube." <Damian Górski> 31 hours ago
e8cd6c8 : smdk4412: update proprietary-files.txt <Simon Shields> 4 days ago
 
**** cm:CyanogenMod/android_device_sony_amami ****
3772b22 : Add sensor configuration <Chirayu Desai> 12 days ago
38a466f : proprietary-files: Move sensor-specific camera blobs to device <Chirayu Desai> 12 days ago
d6d2ae5 : Switch to AOSP proprietary files <Chirayu Desai> 2 weeks ago
 
**** cm:CyanogenMod/android_device_sony_common ****
26fbf60 : Add support for multiple proprietary file lists <Chirayu Desai> 3 weeks ago
 
**** cm:CyanogenMod/android_device_sony_honami ****
275c3c9 : Add sensor configuration <Chirayu Desai> 12 days ago
858e285 : proprietary-files: Move sensor-specific camera blobs to device <Chirayu Desai> 12 days ago
f5183b4 : Switch to AOSP proprietary files <Chirayu Desai> 2 weeks ago
 
**** cm:CyanogenMod/android_device_sony_msm8974-common ****
f6bce69 : cm.deps: fix typo causing invalid JSON <Arnav Gupta> 3 days ago
9c3d32f : Add media profiles <Chirayu Desai> 5 days ago
4db6d7c : Use the shiny new camera app, Snap <Chirayu Desai> 12 days ago
ea9c159 : Add sensors settings file and properties <Chirayu Desai> 12 days ago
20b6e29 : Drop stlport <Chirayu Desai> 12 days ago
80207e9 : Build libxml2 <Chirayu Desai> 12 days ago
39efb33 : Switch to timekeep <Chirayu Desai> 2 weeks ago
2340fc7 : sepolicy: Updates for AOSP blobs <Chirayu Desai> 2 weeks ago
9982104 : Build and use Sony camera HAL <Chirayu Desai> 2 weeks ago
b816e62 : proprietary-files: Move sensor-specific camera blobs to device <Chirayu Desai> 12 days ago
2435839 : Switch to AOSP proprietary files <Chirayu Desai> 2 weeks ago
 
**** cm:CyanogenMod/android_device_sony_nicki ****
d503fdc : nicki: Fix build <RonGokhale> 2 days ago
 
**** cm:CyanogenMod/android_device_sony_rhine-common ****
be723fc : update init script <Giulio Cervera> 3 days ago
031c0f6 : NFC: add pn544 HAL <Alin Jerpelea> 6 months ago
779b402 : Add services and features for AOSP camera stack <Chirayu Desai> 12 days ago
3f1f58c : sepolicy: fix tad and wifi denials <Arnav Gupta> 13 days ago
0a68bfb : Move tad_static to vendor/sony <Chirayu Desai> 2 weeks ago
e906e52 : Switch to timekeep <Chirayu Desai> 2 weeks ago
1e8accc : init: Updates for AOSP blobs <Chirayu Desai> 2 weeks ago
c731359 : Move WCNSS firmware and configuration to vendor <Chirayu Desai> 2 weeks ago
00281ae : Switch to AOSP proprietary files <Chirayu Desai> 2 weeks ago
 
**** cm:CyanogenMod/android_device_sony_shinano-common ****
bff501e : update init script <Giulio Cervera> 3 days ago
42a3865 : sepolicy: mlog_qmi has been moved to vendor/bin by AOSP <Chirayu Desai> 12 days ago
5a01733 : Add services and features for AOSP camera stack <Chirayu Desai> 12 days ago
b0be2ad : Move tad_static to vendor/sony <Chirayu Desai> 2 weeks ago
b2a2e26 : Switch to timekeep <Chirayu Desai> 2 weeks ago
35e487f : init: Updates for AOSP blobs <Chirayu Desai> 2 weeks ago
c11667b : Switch to AOSP proprietary files <Chirayu Desai> 2 weeks ago
 
**** cm:CyanogenMod/android_device_sony_sirius ****
805b0b2 : Add sensor configuration <Chirayu Desai> 12 days ago
c98b3df : proprietary-files: Move sensor-specific camera blobs to device <Chirayu Desai> 12 days ago
a4fb7ae : Switch to AOSP proprietary files <Chirayu Desai> 2 weeks ago
 
**** cm:CyanogenMod/android_device_sony_togari ****
b5d94f7 : Add sensor configuration <Chirayu Desai> 12 days ago
3dff0e7 : proprietary-files: Move sensor-specific camera blobs to device <Chirayu Desai> 12 days ago
39c070d : Switch to AOSP proprietary files <Chirayu Desai> 2 weeks ago
 
**** cm:CyanogenMod/android_external_boringssl ****
e6a7906 : boringssl: Fix compilation <Ethan Chen> 3 days ago
e7d1294 : Add |EVP_des_ecb| from OpenSSL at fd682e4c. <Matt Braithwaite> 6 months ago
 
**** cm:CyanogenMod/android_external_dhcpcd ****
f6c4d2c : Don't fork and exec ls when the shell can stat files. <Elliott Hughes> 6 months ago
 
**** cm:CyanogenMod/android_external_ffmpeg ****
bc38d9f : ffmpeg: Update configs and makefiles for FFMPEG 3.0 <Steve Kondik> 8 days ago
35a79f6 : Add MODULE_LICENSE and NOTICE files <Ricardo Cerqueira> 9 weeks ago
c5379ca : ffmpeg: Enable the vectorizer <Steve Kondik> 3 months ago
f61f21b : ffmpeg: Don't use Clang's integrated assembler <Steve Kondik> 4 months ago
e51641e : ffmpeg: Don't build with Clang for now <Steve Kondik> 4 months ago
b638e62 : ffmpeg: Install binaries to /vendor <Steve Kondik> 4 months ago
272a1af : avutil: Fix a warning when building with clang <Steve Kondik> 4 months ago
1f0d502 : ffmpeg: Update configurations for FFMPEG 2.8 <Steve Kondik> 4 months ago
87dbab9 : Update gen-android-configs for new GCC versions <Steve Kondik> 4 months ago
57d683d : ffmpeg: Set cpu arch for silvermont config <dhacker29> 8 months ago
938ba50 : ffmpeg: Readd missing X86 fixups <Steve Kondik> 8 months ago
8b97ca4 : ffmpeg: Regenerate configurations for FFMPEG 2.7 <Steve Kondik> 9 months ago
189bc1a : ffmpeg: Add script to regenerate the configs <Steve Kondik> 9 months ago
5d46b56 : ffmpeg: Update Android build configuration <Steve Kondik> 10 months ago
62c636e : x86: Use yasm from prebuilts and don't depend on host install <dhacker29> 11 months ago
0fcc73f : Add configuration for silvermont CPU based on Atom. <Howard M. Harte> 1 year, 1 month ago
ec3768a : Clean up some build-time warnings <Ricardo Cerqueira> 1 year, 1 month ago
94d023d : Get ffmpeg building for emulatorx86 <Chris Sarbora> 1 year, 1 month ago
1b8415d : ffmpeg: Fix variable collisions <Steve Kondik> 1 year, 2 months ago
41f8009 : build: Use ARM mode for arm32 builds <Ricardo Cerqueira> 1 year, 2 months ago
66efaec : Fixup armv8-a building, and make multiarch builds work <Ricardo Cerqueira> 1 year, 2 months ago
2c8b081 : avutil: Use _SC_NPROCESSORS_CONF <Steve Kondik> 1 year, 2 months ago
22d65d7 : Update Android build for FFMPEG 2.5 <Steve Kondik> 1 year, 2 months ago
ba49959 : Android porting for ffmpeg 2.1 release <Chih-Wei Huang> 2 years, 4 months ago
0aa2fbd : vc2enc: fix use of uninitialized variables in the rate control system <Rostislav Pehlivanov> 9 days ago
c40983a : fate/source-check.sh: Use "git show" instead of git --version to test for git <Michael Niedermayer> 9 days ago
bd0497b : avcodec/cfhd: Temporary disable frame threading until related bugs have been fixed <Michael Niedermayer> 9 days ago
4d95207 : x86: use the new helper macros where useful <James Almer> 2 weeks ago
1e8a75f : x86: add some more helper macros to check for slow cpuflags <James Almer> 2 weeks ago
380980e : Changelog: add entries for the SMPTE VC-2 decoder and encoder <Rostislav Pehlivanov> 9 days ago
1fd8eb4 : Basic updates for 3.0 <Michael Niedermayer> 9 days ago
bb9f7bf : Changelog/APIChanges Put 3.0 release marker <Michael Niedermayer> 9 days ago
b401854 : avformat/img2enc: remove unused variable <Michael Niedermayer> 9 days ago
0eb4092 : avutil/imgutils: remove special case for aligning the palette <Michael Niedermayer> 10 days ago
8352f5c : doc/protocols: document protocol_whitelist <Michael Niedermayer> 13 days ago
e5655a3 : avcodec/h264_cabac: Check decode_cabac_mb_mvd() for failure <Michael Niedermayer> 4 weeks ago
dcb6d5b : avformat/genh: Mark coef_splitted as av_unused <Michael Niedermayer> 4 months ago
ae51f9b : avutil/parseutils: remove 2112 date from fate test <Marton Balint> 10 days ago
bcc2235 : x86/vc1dsp: Port vc1_*_hor_16b_shift2 to NASM format <Timothy Gu> 10 days ago
ebf648d : checkasm/vf_blend: Decrease iteration count <Timothy Gu> 9 days ago
a953a29 : checkasm: Add vf_blend tests <Timothy Gu> 2 weeks ago
8c56a4a : vf_blend: Move C dsp function mapping to separate function <Timothy Gu> 2 weeks ago
8395b6e : libavcodec/dnxhd_parser: add parser and probe support raw 444 and dnxhr formats <Mark Reid> 10 days ago
b8bc6b1 : compat/os2threads: split long lines <KO Myung-Hun> 10 days ago
6bf5e7d : compat/os2threads: support the return value of joined thread <KO Myung-Hun> 10 days ago
22a4046 : compat/os2threads: Improve pthread_cond_xxx() functions <KO Myung-Hun> 10 days ago
b65ea6a : avfilter/vf_tinterlace: fix image alignment <Michael Niedermayer> 10 days ago
a678d66 : vf_blend: Use integers for divide mode <Timothy Gu> 10 days ago
4b75010 : lavf/spdifenc: Support MLP encapsulation. <David Monro> 9 days ago
4574323 : vf_blend: Reduce number of arguments for kernel function <Timothy Gu> 10 days ago
 
**** vanir:external_jpeg ****
ca613a2 : Add arm64 downsampler acceleration <Keith Mok> 2 weeks ago
516cd86 : upgrade 64bits arm neon optimization <Keith Mok> 2 weeks ago
 
**** vanir:frameworks_base ****
2c6a658 : SystemUI: Listen for phone state change <chengzhi.hou> 3 months ago
e30cc7e : Inflate custom notifications with the app's theme. <Danny Baumann> 3 weeks ago
5d6f0bb : Listen phone state change <chengzhi.hou> 3 months ago
78f9faa : WifiTracker : Don't queue up duplicate messages for updating access points <Danesh M> 27 hours ago
4254562 : HotSpot: Store # of connected clients in receiver <d34d> 34 hours ago
e5423f8 : NetworkPolicyManager: Null check list of packages belonging to UID <Ethan Chen> 31 hours ago
a735ab8 : SystemUI: Show lockscreen wallpaper if no album art is available <lion0738> 7 weeks ago
28585cd : QS: Show # of clients connected to hotspot <d34d> 4 days ago
fadfc45 : Automatic translation import <Michael Bestas> 2 days ago
d66352d : Camera: Force HAL1 for predefined package list. <Sai Kumar Sanagavarapu> 6 months ago
9122ac2 : Fix for reboot on connecting to TV through HDMI. <Sashidhar Ganiga> 5 weeks ago
aed2d0c : BT: Allow user processes to bind to HeadsetService in guest login <Satish Kodishala> 7 weeks ago
80e2d82 : audio: register for device shutdown notification <Preetam Singh Ranawat> 6 months ago
2e6dc78 : Pattern: Correct the web URL to remove the starting Chinese <kaiyiz> 1 year ago
d6dfd31 : Performance: Postpone service restart during app launch. <Suyog Sarda> 5 months ago
c8f834c : bootanimation: Use CLOCK_MONTONIC for pthread <Keith Mok> 4 days ago
6929ea6 : base: Fix proximity check on power key <Christopher R. Palmer> 4 days ago
fe5e72d : close file in PersistentDataBlockService jni <Lianwei Wang> 6 weeks ago
87a2f45 : aapt: Hide "No comment for public symbol" warnings <Michael Bestas> 4 weeks ago
862c4e2 : Show SIM card settings in MSIM devices <Luis Vidal> 6 days ago
f42b8b2 : SystemUI: fix screentimeout tile icon disappearing <Roman Birg> 4 days ago
7690389 : runtime: Handle prebundles on BOARD_NEEDS_VENDORIMAGE_SYMLINK. <Adnan Begovic> 5 days ago
1c64aab : runtime: Handle prebundles on BOARD_NEEDS_VENDORIMAGE_SYMLINK. <Adnan Begovic> 5 days ago
 
**** vanir:frameworks_native ****
b0cda68 : binder: MemoryHeapIon: Fix size_t vs integer formatting mismatch <Christopher N. Hesse> 4 days ago
 
**** cm:CyanogenMod/android_hardware_qcom_audio ****
b73a764 : audio: Extend platform parser to allow device name aliasing <Ethan Chen> 1 year, 6 months ago
64387ed : hal: Fix voice call recording <solk2> 1 year, 6 months ago
91c7d6b : hal: Fix digital USB headset combo device <Steve Kondik> 1 year, 6 months ago
be6fdfc : hal: Clean up compilation warnings <Steve Kondik> 1 year, 3 months ago
13ba1b4 : hal: Add support for audio amplifier HAL <Ethan Chen> 2 years, 9 months ago
381b7a0 : audio: Configure CM default feature set <Steve Kondik> 1 year, 3 months ago
b25084a : hal: Allow building hardware audio encoders <Arne Coucheron> 1 year, 1 month ago
f48de3d : audio: Use project pathmap <Ethan Chen> 9 weeks ago
1362fc7 : audio: Only allow non-legacy HAL <Ethan Chen> 9 weeks ago
b5b6d33 : hal: Update format table with AAC ADTS formats. <Ashish Jain> 3 months ago
102616d : HAL: Identify the track offload session <Sharad Sangle> 3 months ago
d7eaf2b : HAL: Identify Track offload session <Alexy Joseph> 3 months ago
8c21ad7 : Merge DAX2 changes <Gao Jie> 3 months ago
12467a1 : hal: Use AUDIO_TX_MONO_COPP topology for incall record usecases <Karthik Reddy Katta> 3 months ago
 
**** cm:CyanogenMod/android_hardware_qcom_display ****
a74edfb : hwc: Remove references to display-frameworks <Ethan Chen> 6 weeks ago
c7cce05 : hwc: Fix compile errors after display-frameworks removal <Arne Coucheron> 7 weeks ago
b375570 : hwc: Support for QDCM Preference when PU enabled <Nitesh Gupta> 9 weeks ago
cc1ec84 : hwc: Set ioprio for vsync thread <Steve Kondik> 5 months ago
7516867 : Don't build lights module if vendor supplies it <Steve Kondik> 1 year, 3 months ago
730d245 : Revert "hqd: Use MSM_VIDC_TARGET_LIST for Venus color format" <Ethan Chen> 9 weeks ago
bc1215a : display: Use project pathmap <Ethan Chen> 1 year, 4 months ago
c324d73 : hwc: Set DefaultMode after bootup completion <Ramakant Singh> 3 months ago
8a6e7c9 : gralloc: Add a private flag for INTERNAL only <Arun Kumar K.R> 6 months ago
394c830 : hwc: Donot update dynamic-fps when device is not active <Ramakant Singh> 4 months ago
8f21571 : hwc: Do not wait for MDSS fence for layers with rotation <Dileep Kumar Reddi> 5 months ago
d2c5ca0 : hwc: Start with ROI set to destination <Arun Kumar K.R> 4 months ago
9ef4d8c : hwc: Set minfps as part of timeout_handler during idlefallback <Ramakant Singh> 5 months ago
0d616ba : Revert "hwc: Relax format change restrictions for certain targets" <Dileep Kumar Reddi> 4 months ago
213ead5 : Default flexible YUV format to NV21 <Tanmaya Godbole> 6 months ago
ed75fdb : hwc: Reset refresh-rate for few cases as part of timeout handler <Dileep Kumar Reddi> 5 months ago
56ed396 : gralloc: Add support for PRIV_FLAGS_DISP_CONSUMER <Surajit Podder> 8 months ago
a2d5295 : hwc: Support ActionSafe on targets with non-scaling RGB pipes. <Sandeep Panda> 6 months ago
248378d : gralloc: Use adreno_utils api for NV21 and NV12 alignment <Sushil Chauhan> 6 months ago
037d21d : hwc: Use basePipe for fullscreen and opaque layer <Pullakavi Srinivas> 6 months ago
77ec4ef : gralloc: Modify check for uncompressed RGB buffers <Naomi Luis> 6 months ago
449fbe0 : hwc: Use aligned width and height <Dileep Kumar Reddi> 6 months ago
02dbc50 : Revert "HWC: use aligned width and height for rearranging ROI" <Dileep Kumar Reddi> 6 months ago
cd7217a : hwc: Support ActionSafe on targets with non-scaling RGB pipes. <Sandeep Panda> 6 months ago
eed742d : overlay: add tertiary display definition in overlay <Vinu Deokaran> 6 months ago
a029479 : hwc: Validate display ID in hwc interface <Arun Kumar K.R> 6 months ago
09441c1 : gralloc: Add missing changes related to RAW16 <Raj Kamal> 7 months ago
7ea10c5 : hwc: Use basePipe for fullscreen and opaque layer <Pullakavi Srinivas> 6 months ago
c039f6e : hwc: Use aligned width and height <Dileep Kumar Reddi> 6 months ago
60cbe72 : Revert "HWC: use aligned width and height for rearranging ROI" <Dileep Kumar Reddi> 6 months ago
2e918bf : hwc: Avoid idlefallback during video playback <Raj Kamal> 6 months ago
fbe5a60 : HWC: use aligned width and height for rearranging ROI <Dileep Kumar Reddi> 6 months ago
597b313 : hwc: Featurize HWC_DISPLAY_SECURE <Raj Kamal> 6 months ago
eb4d7a6 : hwc: Use HWC_DISPLAY_NO_ATTRIBUTE as terminator. <Prabhanjan Kandula> 6 months ago
410ba7c : hwc : Normalize source crop before validating scaling limits. <Prabhanjan Kandula> 6 months ago
95fef31 : hwc: Relax format change restrictions for certain targets <Dileep Kumar Reddi> 6 months ago
42a1c98 : hwc: Changes for display-hal compilation with QTI_BSP enabled <Ramakant Singh> 7 months ago
c772eec : hwc: Do not use Borderfill pipe for composition in WFD <Dileep Kumar Reddi> 7 months ago
e5268fd : hwc/overlay: Pass handle w/h and crop w/h through fb_image field <Arun Kumar K.R> 7 months ago
5d39f02 : hwc: Log warning instead of mHDMIClient object not available <Dileep Kumar Reddi> 7 months ago
55b3489 : hwc: Ignore float-conversion for included headers <Naseer Ahmed> 7 months ago
82fe9c6 : hwc: Do not consider rotation for smart blit <Ramakant Singh> 7 months ago
dd689ff : hwc: Do not create idle invalidator for MDP3 targets <Dileep Kumar Reddi> 7 months ago
c58836b : hwc: Align ROI's width and height in both directions <Dileep Kumar Reddi> 7 months ago
19f2250 : hwc: Fix SF crash due to SIGSEGV error <Raj Kamal> 7 months ago
598dc49 : hwc: use surfaceDamage to calculate the dirtyrect as per HWC 1.5 <Arun Kumar K.R> 7 months ago
26959dc : hwc: Fix SF crash due to SIGSEGV error <Raj Kamal> 7 months ago
5bdafcd : hwc: Do not consider invalid dirty rect for calculation <Ramakant Singh> 7 months ago
58f6540 : hwc: Align ROI when PingPong Split is enabled <Dileep Kumar Reddi> 7 months ago
ea846c8 : hwc: bringup HDMI on 8976 <Dileep Kumar Reddi> 7 months ago
 
**** cm:CyanogenMod/android_hardware_qcom_fm ****
92871d4 : FMRecorder : Save to a private temporary file while recording <Danesh M> 1 year, 3 months ago
10f12bc : Fm : Update India bands <Danesh M> 1 year, 3 months ago
db904f4 : Automatic translation import <Michael Bestas> 13 days ago
505678b : Automatic translation import <Michael Bestas> 3 weeks ago
d1e021c : Automatic translation import <Michael Bestas> 6 weeks ago
691981c : Automatic translation import <Michael Bestas> 7 weeks ago
d4fac5f : Automatic translation import <Michael Bestas> 9 weeks ago
526d909 : Automatic translation import <Michael Bestas> 10 weeks ago
d0c1142 : Automatic translation import <Michael Bestas> 3 months ago
5af5a12 : FMRadio : Fix headphone icon <Ed Falk> 5 months ago
77e07b7 : FMRadio : Fix settings UI bugs <Ed Falk> 5 months ago
a006984 : Fix camel case <Michael Bestas> 5 months ago
893a0d7 : Fix compile <Abhisek Devkota> 5 months ago
2259d4d : FMRadio : Localization of band types <Ed Falk> 5 months ago
6265c14 : Automatic translation import <Michael Bestas> 5 months ago
5fa1a69 : Automatic translation import <Michael Bestas> 5 months ago
282af6b : FMRadio : improved band selection <Ed Falk> 5 months ago
ad34b71 : FMRadio : cleaned up band selection code <Ed Falk> 6 months ago
67a026b : Automatic translation import <Michael Bestas> 6 months ago
bcf0e3b : FMRadio : Select band based on country <Ed Falk> 6 months ago
d4d8237 : Automatic translation import <Michael Bestas> 6 months ago
d66f3a7 : Automatic translation import <Tom Powell> 6 months ago
a3161fd : FMRadio : Keep track of scanned frequencies in service <Danesh M> 6 months ago
4149330 : Automatic translation import <Michael Bestas> 6 months ago
3a71df1 : FMRadio : Ensure scan state is kept in sync <Danesh M> 6 months ago
0f42b8e : Automatic translation import <Michael Bestas> 7 months ago
ee5cf3a : Automatic translation import <Michael Bestas> 7 months ago
24a21c0 : FM: The collect channel disappear when quit FM <lijun.xie> 7 months ago
0031ad5 : Automatic translation import <Michael Bestas> 8 months ago
ea1f7ff : Automatic translation import <Michael Bestas> 8 months ago
7917505 : Fix status text to reflect when FM is enabled. <Martin Brabham> 8 months ago
57e98f0 : Automatic translation import <Michael Bestas> 8 months ago
5ab904c : Automatic translation import <Michael Bestas> 9 months ago
0a446a8 : FM: fix mRadioTextScroller usage in transmitter activity <Hamster Tian> 9 months ago
31d6260 : Automatic translation import <Michael Bestas> 9 months ago
19b868f : Automatic translation import <Michael Bestas> 9 months ago
6085325 : Automatic translation import <Michael Bestas> 9 months ago
5d39c2e : FM: respect hw.fm.internal_antenna <Dhruv Paranjape> 10 months ago
fa75ffe : Automatic translation import <Michael Bestas> 9 months ago
d991d7b : FMRadio : Launch station list automatically after scan <Danesh M> 10 months ago
3a9393e : Automatic translation import <Michael Bestas> 10 months ago
d559652 : Automatic translation import <Michael Bestas> 10 months ago
dde1c56 : Automatic translation import <Michael Bestas> 10 months ago
273065f : Automatic translation import <Michael Bestas> 11 months ago
48d5b35 : FM: reenable radio text visibility after station info updated <Edward Wang> 11 months ago
c41b123 : FM: Store tag num/value in sequence <Edward Wang> 11 months ago
ae7d8f7 : FM: always use overlay default country <Edward Wang> 11 months ago
755c888 : FM: retune last frequency when resume after call <Edward Wang> 11 months ago
e891e05 : FM2: one more missing materialization change <linuxx> 11 months ago
d6e574c : FM2: missing materialization changes <linuxxxxx> 11 months ago
 
**** cm:CyanogenMod/android_hardware_qcom_media ****
62f611d : Fix duplicated OMX.qcom.audio.decoder.aac entry <Keith Mok> 3 months ago
69d6d4b : media: Avoid collision with FFMPEG plugin <Steve Kondik> 9 weeks ago
610c356 : media: Use project pathmap <Ethan Chen> 9 weeks ago
dc1b1d4 : mm-video-v4l2: Unmap dropped output buffers <Surajit Podder> 3 months ago
78521c5 : Include kernel header dependency for libOmxVidcCommon <Divya Sharma> 3 months ago
f9c92f0 : mm-video-v4l2: vidc: venc: Fix hybrid HP layer count <Abdulla Anam> 4 months ago
a5dce41 : mm-video-v4l2: Enable get_param to check downscalar enablement <Surajit Podder> 4 months ago
e7743ae : mm-video-v4l2: venc: Add support to enhance hybrid Hier-p mode <Abdulla Anam> 4 months ago
75bc6a6 : mm-video-v4l2: vdec:  release buffer when qbuf to driver fails <Manikanta Kanamarlapudi> 4 months ago
cfeaf87 : mm-video-v4l2: Use client buffer header for FTB <Surajit Podder> 5 months ago
b6c736d : mm-video-v4l2: Disable intra refresh mode on msm8956/76 <Maheshwar Ajja> 4 months ago
a54c5d4 : mm-video-v4l2: vdec: fix fps issues in arbitrary mode <Ashray Kulkarni> 6 months ago
826ba8c : QCMetadata: add a new key for big buffers <Sidipotu Ashok> 5 months ago
ef3143a : QCMetadata: Add key for setBuffers API support <Manikanta Kanamarlapudi> 9 months ago
f178e8b : mm-video-v4l2: venc: support all I frame encoding usecase. <Abdulla Anam> 5 months ago
bcf4fa3 : libstagefrighthw: Add header guard to QComOMXMetadata.h and fix file perms <Deva Ramasubramanian> 5 months ago
e2d287f : mm-video-v4l2: vdec: streamoff while freeing first output buffer <Balamurugan Alagarsamy> 1 year, 2 months ago
f0fc3d0 : mm-video: Disable downscalar for non-display usecase <Surajit Podder> 8 months ago
0997c8a : mm-video: Enable HEVC software encoder OMX component. <Manikanta Sivapala> 5 months ago
8bb96de : mm-video_v4l2: pass crop nWidth and nHeight in reconfig event. <Abdulla Anam> 6 months ago
afb1469 : mm-video-v4l2: Fix downscalar issue <Surajit Podder> 5 months ago
269f6cd : mm-video-v4l2: Fix crash due to divide by zero <Surajit Podder> 5 months ago
c14558c : mm-video-v4l2: venc: initialize the member variables <Maheshwar Ajja> 5 months ago
99c2455 : mm-video-v4l2: vdec: Fix closing of file descriptor "0" <Deepak Kushwah> 5 months ago
b4d0e38 : mm-video-v4l2: venc: limit pixels value in input buffers. <Abdulla Anam> 6 months ago
1202ebd : mm-video_v4l2: pass crop nWidth and nHeight in reconfig event. <Abdulla Anam> 6 months ago
1fc82f0 : mm-video: Disable downscalar for non-display usecase <Surajit Podder> 8 months ago
6ecc67f : mm-core: update vpp related structures and enums. <Abdulla Anam> 6 months ago
56c0a51 : mm-video-v4l2: vidc: venc: fix CTS issues in vp8 encoder <Maheshwar Ajja> 6 months ago
1fe6770 : mm-core: update vpp related structures and enums. <Abdulla Anam> 6 months ago
a9c2410 : mm-video: Set correct color format to driver <Surajit Podder> 7 months ago
f2fa16b : mm-video-v4l2: vidc: venc: enable low latency mode <Maheshwar Ajja> 6 months ago
79da148 : mm-video-v4l2: null check before pointer dereference <Abdulla Anam> 6 months ago
a66ec1f : audio: Fix stale session opening of DSP audio decoder <Naresh Tanniru> 6 months ago
1171b44 : audio: Fix stale session opening of DSP audio decoder <Naresh Tanniru> 6 months ago
03f6533 : mm-video-v4l2: change variables used for reconfig height & width <Abdulla Anam> 6 months ago
6dc2004 : mm-video-v4l2: venc: Disable Bframes incase of UHD recording <Deepak Kushwah> 7 months ago
f493b73 : audio: Add support for new key kKeyByteMode <Manish Dewangan> 7 months ago
382b5b7 : mm-video-v4l2: video: add new extensions <Ashray Kulkarni> 10 months ago
b266f81 : mm-video-v4l2: venc: Add support for low latency mode <Maheshwar Ajja> 7 months ago
14c22a7 : mm-core: Add Skype extensions <Ashray Kulkarni> 10 months ago
f85c11c : mm-video-v4l2: Set IDR period for HEVC encoder <Surajit Podder> 7 months ago
16baeda : Revert "mm-video-v4l2: vidc: venc: Update color conversion decision" <Srinu Gorle> 7 months ago
fceb6d1 : mm-video-v4l2: video: Add support to enable Maxhierp layer <Deepak Kushwah> 7 months ago
6e3b671 : Revert "mm-video-v4l2: vidc: venc: Set V4L2_CID_MPEG_VIDC_SET_PERF_LEVEL control" <Deepak Kushwah> 7 months ago
970b439 : mm-video-v4l2: venc: close message pipes safely <Praveen Chavan> 10 months ago
5148806 : mm-video-v4l2: venc: report HW overload as insufficientResources <Praveen Chavan> 10 months ago
39fa84b : mm-video-v4l2: vdec: Handle empty EOS buffer <Praveen Chavan> 8 months ago
1e92b3c : mm-video-v4l2: venc: update allocation-size check for meta-buffer <Praveen Chavan> 7 months ago
b716acd : mm-video-v4l2: vidc: add support for setting operating-rate <Praveen Chavan> 10 months ago
 
**** vanir:hardware_ril ****
06af52d : libril: correct include <Alexander Martinz> 6 days ago
 
**** vanir:hardware_ril ****
ed04ee9 : libril: correct include <Alexander Martinz> 6 days ago
 
**** cmold:android_kernel_htc_msm8960 ****
3edd622 : Linux 3.4.110 <Zefan Li> 4 months ago
0e93547 : Failing to send a CLOSE if file is opened WRONLY and server reboots on a 4.x mount <Olga Kornievskaia> 5 months ago
4a69710b : vfs: Test for and handle paths that are unreachable from their mnt_root <Eric W. Biederman> 6 months ago
652b4f2 : dcache: Handle escaped paths in prepend_path <Eric W. Biederman> 6 months ago
7a40332 : IB/qib: Change lkey table allocation to support more MRs <Mike Marciniszyn> 5 months ago
e1ae22a : jbd2: avoid infinite loop when destroying aborted journal <Jan Kara> 7 months ago
15488de : usb: dwc3: Reset the transfer resource index on SET_INTERFACE <John Youn> 14 years ago
0ca709a : ARM: Fix incorrect backport of 0b59d8806a31 <Zefan Li> 5 months ago
700af4c : crypto: s390/ghash: Fix incorrect backport of a1cae34e23b1 <Zefan Li> 5 months ago
12fb133 : drm/radeon: partially revert "fix VM_CONTEXT*_PAGE_TABLE_END_ADDR handling" <Christian König> 9 months ago
bdb2116 : Revert "drm/radeon: Use drm_calloc_ab for CS relocs" <Zefan Li> 5 months ago
a0b1372 : Revert "drm/i915: Don't skip request retirement if the active list is empty" <Jani Nikula> 8 months ago
22b1c30 : 9p: forgetting to cancel request on interrupted zero-copy RPC <Al Viro> 8 months ago
8d6a97c : KVM: x86: properly restore LVT0 <Radim Krčmář> 8 months ago
08c7304 : KVM: x86: make vapics_in_nmi_mode atomic <Radim Krčmář> 8 months ago
d4ee09b : ACPICA: Tables: Fix an issue that FACS initialization is performed twice <Lv Zheng> 8 months ago
61b8a50 : fuse: initialize fc->release before calling it <Miklos Szeredi> 8 months ago
8458a84 : crush: fix a bug in tree bucket decode <Ilya Dryomov> 8 months ago
d6a9245 : agp/intel: Fix typo in needs_ilk_vtd_wa() <Chris Wilson> 8 months ago
2d0186e : __bitmap_parselist: fix bug in empty string handling <Chris Metcalf> 8 months ago
c207c49 : tracing/filter: Do not allow infix to exceed end of string <Steven Rostedt (Red Hat)> 8 months ago
7ebabd7 : tracing/filter: Do not WARN on operand count going below zero <Steven Rostedt (Red Hat)> 8 months ago
800e58a : dell-laptop: Fix allocating & freeing SMI buffer page <Pali Rohár> 8 months ago
019db11 : mm: kmemleak: allow safe memory scanning during kmemleak disabling <Catalin Marinas> 8 months ago
176a2ea : stmmac: troubleshoot unexpected bits in des0 & des1 <Alexey Brodkin> 8 months ago
e2b3a18 : bridge: multicast: restore router configuration on port link down/up <Satish Ashok> 8 months ago
dd7ad96 : watchdog: omap: assert the counter being stopped before reprogramming <Uwe Kleine-König> 10 months ago
2ba0674 : ext4: don't retry file block mapping on bigalloc fs with non-extent file <Darrick J. Wong> 8 months ago
52686b9 : packet: avoid out of bounds read in round robin fanout <Willem de Bruijn> 8 months ago
2fb9a78 : packet: read num_members once in packet_rcv_fanout() <Eric Dumazet> 8 months ago
b80954b : ext4: call sync_blockdev() before invalidate_bdev() in put_super() <Theodore Ts'o> 8 months ago
9beee8b : bridge: fix br_stp_set_bridge_priority race conditions <Nikolay Aleksandrov> 8 months ago
aef2b53 : nfs: increase size of EXCHANGE_ID name string buffer <Jeff Layton> 9 months ago
c4b0cf5 : mmc: card: Fixup request missing in mmc_blk_issue_rw_rq <Ding Wang> 9 months ago
5e77bfb : ideapad: fix software rfkill setting <Arnd Bergmann> 9 months ago
2fe77cb : jbd2: fix ocfs2 corrupt when updating journal superblock fails <Joseph Qi> 8 months ago
2cd6557 : regmap: Fix regmap_bulk_read in BE mode <Arun Chandran> 8 months ago
ddae448 : jbd2: use GFP_NOFS in jbd2_cleanup_journal_tail() <Dmitry Monakhov> 8 months ago
493d6a2 : sctp: fix ASCONF list handling <Marcelo Ricardo Leitner> 9 months ago
c33fd06 : Disable write buffering on Toshiba ToPIC95 <Ryan Underwood> 1 year, 1 month ago
0c0fd01 : ext4: fix race between truncate and __ext4_journalled_writepage() <Theodore Ts'o> 9 months ago
ae6b0bc : ASoC: wm8960: the enum of "DAC Polarity" should be wm8960_enum[1] <Zidan Wang> 9 months ago
fbd2f7f : dmaengine: mv_xor: bug fix for racing condition in descriptors cleanup <Lior Amsalem> 9 months ago
61473c5 : x86/PCI: Use host bridge _CRS info on Foxconn K8M890-8237A <Bjorn Helgaas> 9 months ago
0e782ba : regulator: core: fix constraints output buffer <Stefan Wahren> 9 months ago
675350c : ath9k: fix DMA stop sequence for AR9003+ <Felix Fietkau> 9 months ago
f3f4500 : ath3k: add support of 13d3:3474 AR3012 device <Dmitry Tunin> 9 months ago
7de7008 : ipr: Increase default adapter init stage change timeout <Brian King> 10 months ago
a8bed8c : SUNRPC: Fix a memory leak in the backchannel code <Trond Myklebust> 9 months ago
3c868f4 : NFS: Fix size of NFSACL SETACL operations <Chuck Lever> 9 months ago
 
**** github:wyldstallyns/nighthawk_kernel_bullhead ****
2447850 : update defconfig <varchild> 31 hours ago
0ccef2a1 : kexec: Fix memory reserving for hardboot <jollaman999> 5 days ago
30d0db0 : kexec: Remove debug code <jollaman999> 11 days ago
18126c4 : Kexec-hardboot: fix kimage_head for post reboot list, tweak logging <Zhuowei Zhang> 7 weeks ago
939ac85 : Attempt at porting kexec-hardboot for arm64; not working at all <Zhuowei Zhang> 7 weeks ago
0e8e613 : debugging: Bypass purgatory <Geoff Levand> 9 weeks ago
2826e58 : of/fdt: export fdt blob as /sys/firmware/fdt <Ard Biesheuvel> 1 year, 3 months ago
f363d0b : Add kexec support for aarch64 <Aaron Kling> 9 months ago
00248cc : ksm: check and skip page, if it is already scanned <Pradeep Sawlani> 2 years ago
fa231ea : sound_control: more cleanup and fixes <flar2> 2 weeks ago
f5ad90f : lib/sort: Add 64 bit swap function <Daniel Wagner> 8 months ago
8232434 : ARM: 8167/1: extend the reserved memory for initrd to be page aligned <Yalin Wang> 1 year, 5 months ago
 
**** cmold:android_kernel_motorola_msm8226 ****
479cf48 : nl80211: Correct the usage of command NL80211_CMD_VENDOR <Sunil Dutt> 1 year, 9 months ago
 
**** cmold:android_kernel_motorola_msm8610 ****
57f4668 : Fix build on GCC5 <Sultan Qasim Khan> 2 days ago
 
**** cmold:android_kernel_oneplus_msm8974 ****
d0fb3c3 : cpufreq: Fix cores not restoring saved frequencies after replugging <Alex Naidis> 9 months ago
675fd24 : bacon: Cleanup & fixes <eray orçunus> 11 days ago
e294b8f : bacon: Disable spi_7 <eray orçunus> 11 days ago
1178915 : trace: prevent NULL pointer dereference <Kishor PK> 4 weeks ago
6c0f34b : msm: camera: Add NULL check in msm_actuator <Xu Han> 4 months ago
f76a68c : msm: perf: Protect buffer overflow due to malicious user <Swetha Chikkaboraiah> 4 weeks ago
64cba04 : qseecom: Register the existing app if it is loaded by appsbl. <Zhen Kong> 9 months ago
9c5310c : msm8226_defconfig: Enable NFLOG target support <Ravinder Konka> 5 weeks ago
17f8de2 : msm8226_defconfig: Enable NFLOG target support <Ravinder Konka> 5 weeks ago
1b3a408 : qseecom: Change to work with appsbl qseecom <Zhen Kong> 12 months ago
5b1b778 : Revert "mmc: queue: use cached attributes of special requests" <Pradosh Das> 5 weeks ago
b539895 : Revert "mmc: queue: exclude asynchronous transfer for special request" <Pradosh Das> 5 weeks ago
a0b8890 : Revert "mmc: queue: use cached attributes of special requests" <Pradosh Das> 5 weeks ago
95d90a5 : Revert "mmc: queue: exclude asynchronous transfer for special request" <Pradosh Das> 5 weeks ago
acb0cec : msm: vidc: initialize the session list when device initialized <Balamurugan Alagarsamy> 6 weeks ago
59155a7 : qseecom: Register the existing app if it is loaded by appsbl. <Zhen Kong> 9 months ago
0fe4ec3 : mmc: queue: use cached attributes of special requests <Asutosh Das> 3 months ago
e6ca25a : mmc: queue: exclude asynchronous transfer for special request <Seungwon Jeon> 3 years, 2 months ago
56d6264 : qseecom: Change to work with appsbl qseecom <Zhen Kong> 12 months ago
 
**** github:Grarak/android_kernel_oneplus_msm8994 ****
c971c6f : input: tri-state-key: Move keyCodes to procfs <Willi Ye> 34 hours ago
f82521a : Re-enable qcacld-2.0 features <Willi Ye> 5 days ago
 
**** cmold:android_kernel_oppo_msm8974 ****
544f2c4 : Revert "usb: gadget: Enable HID function for charging mode" <Michael Bestas> 34 hours ago
494674f : Revert "USB: ANDROID: Implement dynamic pm_qos voting based on USB activity" <Steve Kondik> 7 days ago
e122f55 : ASoC: msm: qdsp6v2: Move asm list init before apr registration <Ben Romberger> 2 months ago
6dfa3e4 : ASoC: msm: qdsp6v2: Correctly free ASM no wait queue <Ben Romberger> 5 weeks ago
242a46c : perf: Fix corruption of sibling list with hotplug <Mark Rutland> 1 year, 4 months ago
2fa8438 : msm: perf: Protect buffer overflow due to malicious user <Swetha Chikkaboraiah> 4 weeks ago
1178915 : trace: prevent NULL pointer dereference <Kishor PK> 4 weeks ago
6c0f34b : msm: camera: Add NULL check in msm_actuator <Xu Han> 4 months ago
f76a68c : msm: perf: Protect buffer overflow due to malicious user <Swetha Chikkaboraiah> 4 weeks ago
64cba04 : qseecom: Register the existing app if it is loaded by appsbl. <Zhen Kong> 9 months ago
9c5310c : msm8226_defconfig: Enable NFLOG target support <Ravinder Konka> 5 weeks ago
17f8de2 : msm8226_defconfig: Enable NFLOG target support <Ravinder Konka> 5 weeks ago
1b3a408 : qseecom: Change to work with appsbl qseecom <Zhen Kong> 12 months ago
5b1b778 : Revert "mmc: queue: use cached attributes of special requests" <Pradosh Das> 5 weeks ago
b539895 : Revert "mmc: queue: exclude asynchronous transfer for special request" <Pradosh Das> 5 weeks ago
a0b8890 : Revert "mmc: queue: use cached attributes of special requests" <Pradosh Das> 5 weeks ago
95d90a5 : Revert "mmc: queue: exclude asynchronous transfer for special request" <Pradosh Das> 5 weeks ago
acb0cec : msm: vidc: initialize the session list when device initialized <Balamurugan Alagarsamy> 6 weeks ago
59155a7 : qseecom: Register the existing app if it is loaded by appsbl. <Zhen Kong> 9 months ago
0fe4ec3 : mmc: queue: use cached attributes of special requests <Asutosh Das> 3 months ago
e6ca25a : mmc: queue: exclude asynchronous transfer for special request <Seungwon Jeon> 3 years, 2 months ago
56d6264 : qseecom: Change to work with appsbl qseecom <Zhen Kong> 12 months ago
 
**** vanir:kernel_oppo_n1 ****
0427422 : msm: vidc: Add support for Picture Order Count Type <Shiju Mathew> 3 months ago
 
**** vanir:kernel_samsung_smdk4412 ****
e394ee1 : tcp_cubic: do not set epoch_start in the future <Eric Dumazet> 5 months ago
d93d320 : tcp_cubic: better follow cubic curve after idle period <Eric Dumazet> 6 months ago
2758f78 : ipv4: try to cache dst_entries which would cause a redirect <Hannes Frederic Sowa> 1 year, 1 month ago
ed25a76 : udp: fix behavior of wrong checksums <Harry Lin> 8 months ago
b63cdef : net: llc: use correct size for sysctl timeout entries <Sasha Levin> 1 year, 1 month ago
8836fbd : netfilter: conntrack: disable generic tracking for known protocols <Florian Westphal> 1 year, 5 months ago
23deeef : netfilter: nf_conntrack: reserve two bytes for nf_ct_ext->len <Andrey Vagin> 1 year, 11 months ago
83bdc41 : ipv6: Don't reduce hop limit for an interface <D.S. Ljungmark> 11 months ago
999260c : netfilter: nf_conntrack_dccp: fix skb_header_pointer API usages <Daniel Borkmann> 2 years, 2 months ago
b167e9c : bluetooth: Validate socket address length in sco_sock_bind(). <David S. Miller> 2 months ago
014ae2e : net: add validation for the socket syscall protocol argument <Hannes Frederic Sowa> 2 months ago
ce2ac90 : net: fix iterating over hashtable in tcp_nuke_addr() <Dmitry Torokhov> 8 months ago
0b79d9e : ipv6: addrconf: validate new MTU before applying it <Marcelo Leitner> 1 year ago
bd2b6cd : timekeeping: fix 32-bit overflow in get_monotonic_boottime <Colin Cross> 2 years ago
 
**** github:armani-dev/kernel_test ****
d5a05a7 : armani: defconfig: Use LZ4 and regen <onano> 4 weeks ago
8d52029 : zram: switch to lz4 as default commpressor <jrior001> 12 months ago
d277ae1 : zram: fix incorrect stat with failed_reads <Chao Yu> 1 year, 6 months ago
131dbf4 : zram: replace global tb_lock with fine grain lock <Weijie Yang> 12 months ago
f15d1a6 : zram: use size_t instead of u16 <Minchan Kim> 1 year, 7 months ago
b97ac4a : zram: remove unused SECTOR_SIZE define <Sergey Senozhatsky> 1 year, 7 months ago
82a9f13 : zram: rename struct `table' to `zram_table_entry' <Sergey Senozhatsky> 1 year, 7 months ago
baed465 : zram: avoid lockdep splat by revalidate_disk <Minchan Kim> 1 year, 7 months ago
41cfc17 : zram: revalidate disk after capacity change <Minchan Kim> 1 year, 8 months ago
014dbb6 : zram: correct offset usage in zram_bio_discard <Weijie Yang> 1 year, 9 months ago
6869674 : zram: support REQ_DISCARD <Joonsoo Kim> 1 year, 11 months ago
beeea7a : zram: use scnprintf() in attrs show() methods <Sergey Senozhatsky> 1 year, 11 months ago
6645e37 : zram: propagate error to user <Minchan Kim> 1 year, 11 months ago
4a7f3c0 : zram: return error-valued pointer from zcomp_create() <Sergey Senozhatsky> 1 year, 11 months ago
c23b03a : zram: move comp allocation out of init_lock <Sergey Senozhatsky> 1 year, 11 months ago
bff1e4e : zram: add lz4 algorithm backend <Sergey Senozhatsky> 1 year, 11 months ago
385887f : zram: make compression algorithm selection possible <Sergey Senozhatsky> 1 year, 11 months ago
8064ba9 : zram: add set_max_streams knob <Sergey Senozhatsky> 1 year, 11 months ago
fcec382f : zram: add multi stream functionality <Sergey Senozhatsky> 1 year, 11 months ago
86be71b : zram: document failed_reads, failed_writes stats <Sergey Senozhatsky> 1 year, 11 months ago
67c721f : zram: factor out single stream compression <Sergey Senozhatsky> 1 year, 11 months ago
2f0f24e : zram: use zcomp compressing backends <Sergey Senozhatsky> 1 year, 11 months ago
0c77b3a : zram: introduce compressing backend abstraction <Sergey Senozhatsky> 1 year, 11 months ago
5b9206f3 : zram: delete zram_init_device() <Sergey Senozhatsky> 1 year, 11 months ago
deb3cc8 : zram: move zram size warning to documentation <Sergey Senozhatsky> 1 year, 11 months ago
b6249cd : zram: drop not used table `count' member <Sergey Senozhatsky> 1 year, 11 months ago
fde7910 : zram: report failed read and write stats <Sergey Senozhatsky> 1 year, 11 months ago
f730584 : zram: remove zram stats code duplication <Sergey Senozhatsky> 1 year, 11 months ago
74c1fc6 : zram: use atomic64_t for all zram stats <Sergey Senozhatsky> 1 year, 11 months ago
a357684 : zram: remove good and bad compress stats <Sergey Senozhatsky> 1 year, 11 months ago
79059d7 : zram: do not pass rw argument to __zram_make_request() <Sergey Senozhatsky> 1 year, 11 months ago
c4a62f8 : zram: drop `init_done' struct zram member <Sergey Senozhatsky> 1 year, 11 months ago
bed86c7 : zram: avoid null access when fail to alloc meta <Minchan Kim> 2 years ago
e51ae82 : zram: remove zram->lock in read path and change it with mutex <Minchan Kim> 2 years, 1 month ago
1968561 : zram: remove workqueue for freeing removed pending slot <Minchan Kim> 2 years, 1 month ago
b321a5e : zram: introduce zram->tb_lock <Minchan Kim> 2 years, 1 month ago
0b9d7ed : zram: use atomic operation for stat <Minchan Kim> 2 years, 1 month ago
ed01b59 : zram: remove unnecessary free <Minchan Kim> 2 years, 1 month ago
e823b79 : zram: delay pending free request in read path <Minchan Kim> 2 years, 1 month ago
0505187 : zram: fix race between reset and flushing pending work <Minchan Kim> 2 years, 1 month ago
5efc783 : zram: add copyright <Minchan Kim> 2 years, 1 month ago
6f72724 : zram: promote zram from staging <Minchan Kim> 2 years, 1 month ago
7b5e73c : Revert "zram: Add LZ4 support" <onano> 4 weeks ago
0bb0d61 : zsmalloc: add copyright <Minchan Kim> 2 years, 1 month ago
8cd84ff : zsmalloc: move it under mm <Minchan Kim> 2 years, 1 month ago
6043cf1 : lib/clz_ctz.c: add prototype declarations in lib/clz_ctz.c <Rashika Kheria> 1 year, 11 months ago
5311a7d : lib: add weak clz/ctz functions <Chanho Min> 2 years, 8 months ago
4a6b550 : Squashfs: add LZ4 compression support <Phillip Lougher> 1 year, 3 months ago
2f60937 : lib/decompress.c: consistency of compress formats for kernel image <Haesung Kim> 1 year, 2 months ago
61bf535 : lib/decompress.c: fix initconst <Andi Kleen> 2 years, 10 months ago
 
**** vanir:platform_manifest ****
6b7de34 : Always something with manifest <DHOMD> 2 hours ago
acbe5ee : V10 by Tmo <DHOMD> 3 hours ago
982a787 : Kill Kill Kill <DHOMD> 3 hours ago
1acd3f3 : Track our own fork of stagefright-plugins <nuclearmistake> 29 hours ago
 
**** cm:CyanogenMod/android_packages_apps_AudioFX ****
b3278c1 : Automatic translation import <Michael Bestas> 2 days ago
 
**** cm:CyanogenMod/android_packages_apps_Bluetooth ****
4146cd3 : Automatic translation import <Michael Bestas> 2 days ago
 
**** cm:CyanogenMod/android_packages_apps_BluetoothExt ****
78b36b1 : Automatic translation import <Michael Bestas> 2 days ago
 
**** cm:CyanogenMod/android_packages_apps_Browser ****
4266993 : Automatic translation import <Michael Bestas> 2 days ago
 
**** cm:CyanogenMod/android_packages_apps_Calendar ****
8e72284 : Automatic translation import <Michael Bestas> 2 days ago
 
**** cm:CyanogenMod/android_packages_apps_Camera2 ****
c64d7cb : Automatic translation import <Michael Bestas> 2 days ago
 
**** cm:CyanogenMod/android_packages_apps_Contacts ****
1b8519a : Automatic translation import <Michael Bestas> 2 days ago
 
**** cm:CyanogenMod/android_packages_apps_ContactsCommon ****
b35ec75 : Automatic translation import <Michael Bestas> 2 days ago
 
**** cm:CyanogenMod/android_packages_apps_DeskClock ****
a1de334 : DeskClock : Don't set POWER_OFF_ALARM_MODE unecessarily <Danesh M> 8 hours ago
aa1c1fd : Automatic translation import <Michael Bestas> 2 days ago
 
**** cm:CyanogenMod/android_packages_apps_Dialer ****
b2381ef : Automatic translation import <Michael Bestas> 2 days ago
 
**** vanir:packages_apps_Email ****
7ffe95d : Automatic translation import <Michael Bestas> 2 days ago
 
**** cm:CyanogenMod/android_packages_apps_Gallery2 ****
0e30c3a : Automatic translation import <Michael Bestas> 2 days ago
 
**** cm:CyanogenMod/android_packages_apps_InCallUI ****
d560be6 : Automatic translation import <Michael Bestas> 2 days ago
4946460 : Update call record overflow menu item when updating record state. <Danny Baumann> 9 days ago
 
**** vanir:packages_apps_LockClock ****
30b30e6 : Automatic translation import <Michael Bestas> 2 days ago
753f27d : LockClock: Enable all calendars during first time setup <Khalid Zubair> 7 days ago
1f1a0aa : Don't warn about webkit <niks255> 5 weeks ago
 
**** cm:CyanogenMod/android_packages_apps_Messaging ****
5d32a6e : Fix image and text binding issues in People & Options screen <Rohit Yengisetty> 8 hours ago
cdee383 : Fix image re-binding issues for contacts obtained via a LookupProvider <Rohit Yengisetty> 9 hours ago
299e655 : MessageQueue: Process pending messages per subscription <Diogo Ferreira> 3 weeks ago
b606545 : Add new colors and icon. <Dave Kover> 29 hours ago
3919901 : Automatic translation import <Michael Bestas> 2 days ago
1261667 : Messaging: Fix missing variable for local compilation <AdrianDC> 3 weeks ago
 
**** cm:CyanogenMod/android_packages_apps_Nfc ****
51ac86b : nfc: Make unknown protocol logs useful <Pat Erley> 13 days ago
 
**** cm:CyanogenMod/android_packages_apps_Profiles ****
9d7bfc3 : Automatic translation import <Michael Bestas> 2 days ago
 
**** cm:CyanogenMod/android_packages_apps_Screencast ****
2fc265b : Automatic translation import <Michael Bestas> 2 days ago
 
**** vanir:packages_apps_Settings ****
8fd9afd : Revert "Customize regulatory info." <Danesh M> 6 days ago
0fdfdea : Automatic translation import <Michael Bestas> 2 days ago
 
**** cm:CyanogenMod/android_packages_apps_Snap ****
1d95734 : Automatic translation import <Michael Bestas> 2 days ago
0b3e472 : Snap: fix camera hang on LGE G4 when flash got used <codeworkx> 3 days ago
11f6404 : Snap: Remove video snapshot size when not supported <Michael Bestas> 8 days ago
5095288 : Snap: Remove auto HDR option when not supported <Michael Bestas> 3 days ago
2a95659 : camera: Keep touch focus intact during back-to-back ZSL shots <Steve Kondik> 2 years, 3 months ago
 
**** vanir:packages_apps_soundrecorder ****
ae80482 : Automatic translation import <Michael Bestas> 2 days ago
3f8c315 : SoundRecorder: use sane bit operations <Scott Mertz> 6 days ago
493a907 : SoundRecorder: fix menu behavior on devices with hardware menu button <Scott Mertz> 6 days ago
 
**** cm:CyanogenMod/android_packages_apps_Terminal ****
d029cb4 : Automatic translation import <Michael Bestas> 2 days ago
 
**** vanir:packages_apps_ThemeChooser ****
6a06140 : Automatic translation import <Michael Bestas> 2 days ago
ac66e05 : ThemeChooser: update preview packages names <jrizzoli> 4 weeks ago
 
**** cm:CyanogenMod/android_packages_apps_Trebuchet ****
3e6ed3e : Trebuchet: Featured Apps uses themed composed icons and responds to theme changes <Tyson Miller> 7 days ago
b4ff2a9 : Automatic translation import <Michael Bestas> 2 days ago
 
**** cm:CyanogenMod/android_packages_apps_TvSettings ****
4e2059c : Automatic translation import <Michael Bestas> 2 days ago
 
**** vanir:packages_apps_UnifiedEmail ****
94099d2 : Automatic translation import <Michael Bestas> 2 days ago
 
**** vanir:packages_inputmethods_LatinIME ****
8c1cd30 : Don't interrupt active gesture input by modifier key presses. <Danny Baumann> 4 weeks ago
 
**** cm:CyanogenMod/android_packages_providers_DownloadProvider ****
c9f3201 : Automatic translation import <Michael Bestas> 2 days ago
 
**** cm:CyanogenMod/android_packages_providers_ThemesProvider ****
a163818 : Automatic translation import <Michael Bestas> 2 days ago
 
**** cm:CyanogenMod/android_packages_services_Telecomm ****
c35dc89 : Automatic translation import <Michael Bestas> 2 days ago
 
**** vanir:packages_services_Telephony ****
0b3b6e9 : Automatic translation import <Michael Bestas> 2 days ago
 
**** cm:CyanogenMod/android_packages_wallpapers_PhotoPhase ****
c7c0742 : Automatic translation import <Michael Bestas> 2 days ago
 
**** vanir:system_bt ****
5db0f54 : l2cap: ifdef checks for BLE_INCLUDED <Shantur Rathore> 2 days ago
 
**** vanir:system_core ****
1724115 : fastboot: add 'fastboot update -a' argument <Khalid Zubair> 5 days ago
515ea00 : fs_mgr: BLKGETSIZE causes memory corruption <Keith Mok> 7 days ago
6fe2b6e : Software-accelerated Pixel Flinger <Chih-Wei Huang> 7 months ago
4248ea7 : healthd: Reduce permissions needed for alarm tracking <Ethan Chen> 6 days ago
eaac34d : healthd: Reboot to Android when off mode charger timer expires <Chao Chen> 6 days ago
4ca66c4 : healthd: Separate power off alarm implementation into MSM specific HAL <Chao Chen> 6 days ago
d2583c8 : healthd: Support alarm in power off charging mode <Matthew Qin> 1 year, 4 months ago
 
**** cm:CyanogenMod/cm_platform_sdk ****
61afdc1 : PerformanceManager : Ensure we clear calling identity <Danesh M> 7 days ago
9c902f8 : cmsdk: Update binder transaction tests for new interfaces. <Adnan Begovic> 29 hours ago
6c1aa2f : Automatic translation import <Michael Bestas> 2 days ago
60a4ebc : cmsdk: insert dnd & edit tiles for 12.1 -> 13.0 upgrade <Roman Birg> 12 days ago
ccce292 : cmsdk: Add sanity checks in ColorUtils <Steve Kondik> 4 days ago
 
**** commotio:commotio ****
fbc2ee2 : Remove hlte + Dlx + bump <DHOMD> 3 hours ago
 
**** vanir:vendor_htc ****
bef2fb1 : Kill Dlx <DHOMD> 3 hours ago
 
**** vanir:vendor_lge ****
157c16e : h901: fix filenames <codeworkx> 6 days ago
2416a51 : v10-common: move to h901 <Jake Whatley> 8 days ago
dd9a95c : update widewine and adreno with g4 mm <genesixx> 12 days ago
1241e6c : add v10 v10c blob <genesixx> 13 days ago
 
**** vanir:vendor_samsung ****
e00f5ea : Kill hlte + n51X0 <DHOMD> 3 hours ago
 
**** vanir:vendor_sony ****
18cbd17 : Muppets reconcile from merge taint to nth degree <DHOMD> 4 days ago
859802b : 8974: Move sensor-specific camera blobs to device <Chirayu Desai> 12 days ago
5fba3c8 : 8974: Switch to AOSP proprietary files <Chirayu Desai> 3 weeks ago
217be1d : 8974: Move sensor-specific camera blobs to device <Chirayu Desai> 12 days ago
04ecb8b : 8974: Switch to AOSP proprietary files <Chirayu Desai> 3 weeks ago
 
**** vanir:vendor_vanir ****
b298e64 : Tmo's V10 <DHOMD> 2 hours ago
9b23e06 : Kill Kill Kill <DHOMD> 3 hours ago
9a6d8eb : cm: sepolicy: allow kernel to read storage <FrozenCow> 6 weeks ago
5ef1ba1 : init: add permissions for max_freq_hysteresis node <Dave Daynard> 6 weeks ago
7e1ec1e : apns: Net10 310410: Fix port <Matt Mower> 3 weeks ago
 
