
**** vanir:build ****
d4bb9ff : Hacks <DHOMD> 8 months ago
624ba2e : repopick: support specifying a range of commits to pick <Dan Pasanen> 1 year, 8 months ago
692ca94 : Revert "Added DataUsageProvider to the build" <Luca Stefani> 5 days ago
 
**** vanir:device_asus_flo ****
b241751 : Re-add support for USB and other tether options <Abhisek Devkota> 4 days ago
 
**** cm:CyanogenMod/android_device_cyanogen_msm8916-common ****
af1819b : msm8916: Remove duplicate color correction node permission <Ethan Chen> 3 days ago
 
**** cm:CyanogenMod/android_device_htc_evita ****
5e01185 : evita: Clean up makefile inheritance/ordering <Ethan Chen> 10 days ago
569360d : evita: Remove extra AAPT_CONFIG <Ethan Chen> 10 days ago
2d9ac50 : evita: Update FM radio packages <Ethan Chen> 10 days ago
0fba5be : evita: Organize boardconfig <Ethan Chen> 10 days ago
8560b94 : evita: Remove deprecated vold flags <Ethan Chen> 10 days ago
7ad148b : evita: Clean up Android.mk <Ethan Chen> 10 days ago
9da499b : evita: Remove HTC sound config <Ethan Chen> 10 days ago
8f27488 : evita: Remove AndroidBoard.mk, AndroidProducts.mk <Ethan Chen> 10 days ago
f93a1a0 : evita: Remove deprecated UMS prop <Matt Mower> 5 days ago
3751fa9 : evita: Remove wpa_supplicant symlinks <Matt Mower> 5 days ago
164d646 : evita: Delay storage symlink creation <Matt Mower> 2 weeks ago
d43279d : evita: Remove duplicate FM dependency <Ethan Chen> 3 weeks ago
999bd34 : evita: remove persist.sys.usb.config override <Nick Kralevich> 5 months ago
 
**** cm:CyanogenMod/android_device_htc_jewel ****
f6751f1 : jewel: Clean up makefile inheritance/ordering <Matt Mower> 5 days ago
f961785 : jewel: Remove extra AAPT_CONFIG <Ethan Chen> 10 days ago
d08ddaf : jewel: Update FM radio packages <Ethan Chen> 10 days ago
f5233f7 : jewel: Organize boardconfig <Ethan Chen> 10 days ago
c8fa4e4 : jewel: Remove deprecated vold flags <Ethan Chen> 10 days ago
27be72d : jewel: Clean up Android.mk <Ethan Chen> 10 days ago
10efdc2 : jewel: Remove deprecated USB OTG property <Matt Mower> 5 days ago
04594ed : jewel: Remove HTC sound config <Ethan Chen> 10 days ago
9271335 : jewel: Remove AndroidBoard.mk, AndroidProducts.mk <Ethan Chen> 10 days ago
87b57cc : jewel: Remove duplicate FM dependency <Ethan Chen> 3 weeks ago
76b3b55 : jewel: remove persist.sys.usb.config override <Nick Kralevich> 5 months ago
5e01e54 : remove video editor from media_profiles.xml <Chong Zhang> 7 months ago
05e43f5 : jewel: Updated external storage configuration <Jeff Sharkey> 4 weeks ago
 
**** vanir:device_htc_m8 ****
87ee2f4 : m8: Convert to standalone init library <Bruno Martins> 6 days ago
 
**** cm:CyanogenMod/android_device_htc_m8-common ****
7586c84 : m8-common: Require M-gen bootloader <Bruno Martins> 4 days ago
b6ae49e : Revert "m8-common: Force NV12 and NV21 pixel alignment" <Bruno Martins> 2 days ago
 
**** cm:CyanogenMod/android_device_htc_m8dug ****
103ce38 : m8d: Convert to standalone init library <Bruno Martins> 6 days ago
bbd6161 : init: m8dwg (ct): Update build fingerprint <Bruno Martins> 5 days ago
 
**** cm:CyanogenMod/android_device_htc_msm8974-common ****
f1e9fa9 : msm8974: add audio related property overrides <Naresh Tanniru> 8 months ago
178d3fb : msm8974-common: Use wcnss_service to initialize wifi <Ethan Chen> 1 year, 11 months ago
d883b23 : msm8974-common: Update WLAN configuration <Bruno Martins> 6 days ago
 
**** vanir:device_huawei_angler ****
a692d0c : angler: facelock properties <beanstown106> 6 months ago
443f130 : angler: add missing drm prop <beanstown106> 5 months ago
 
**** cm:CyanogenMod/android_device_lge_d855 ****
3fd56c6 : Revert "d855: add assertions on stock 5.0 or higher" <Hendrik Hagendorn> 5 days ago
 
**** vanir:device_lge_g2-common ****
5c5bb80 : g2: Clean up TCP buffer settings <Steve Kondik> 5 months ago
c179a26 : g2-common: overlay: Correct CM SDK path <Zdrowy Gosciu> 3 days ago
b081e6b : g2-common: init: Define SSR levels <Jonathan Beaudoin> 12 days ago
c5f5ad3 : g2: add audio related property overrides <Naresh Tanniru> 8 months ago
ddf63e5 : g2-common: Correct dalvik heap config <Zdrowy Gosciu> 3 days ago
 
**** vanir:device_lge_g3-common ****
206ac61 : g3: add audio related property overrides <Naresh Tanniru> 8 months ago
b49ba17 : nfc: update libnfc-nxp <Dan Pasanen> 9 days ago
 
**** vanir:device_lge_hammerhead ****
5261409 : Revert "hammerhead: Update overlay for PerformanceManager" <Abhisek Devkota> 4 days ago
 
**** vanir:device_moto_shamu ****
a96b683 : Revert "shamu: Add usb charging mode" <David Hacker> 5 days ago
 
**** cm:CyanogenMod/android_device_motorola_condor ****
e27abd0 : condor: Switch to standalone libinit <Ashwin> 5 days ago
 
**** cm:CyanogenMod/android_device_motorola_lux ****
7d0e0db : lux: Switch to standalone libinit <Michael Bestas> 7 days ago
 
**** vanir:device_motorola_msm8226-common ****
0430721 : Revert "msm8226-common: Force NV12 and NV21 pixel alignment" <Luca Stefani> 2 days ago
984402c : msm8226-common: Snap: Enable noise reduction by default <Gabriele M> 4 days ago
228167b : msm8226-common: camera: Update parameters <Gabriele M> 4 months ago
19e9f74 : msm8226-common: CMActions: Use Preference Fragments <Gabriele M> 6 weeks ago
ac47ef9 : Automatic translation import <Abhisek Devkota> 5 days ago
 
**** cm:CyanogenMod/android_device_motorola_msm8610-common ****
c2b203b : Revert "msm8610-common: Force NV12 and NV21 pixel alignment" <Ashwin Ramesh> 35 hours ago
6dcc401 : msm8610-common: Remove TARGET_INIT_VENDOR_LIB <Alberto97> 6 days ago
 
**** vanir:device_motorola_msm8916-common ****
385720d : msm8916-common: Remove TARGET_INIT_VENDOR_LIB <Alberto97> 6 days ago
3b2940b : Automatic translation import <Abhisek Devkota> 5 days ago
1b7cb27 : Automatic translation import <Michael Bestas> 5 days ago
 
**** vanir:device_motorola_omap4-common ****
8f440f4 : omap4-common: fix reboot to recovery (again) <Michael Gernoth> 3 days ago
 
**** cm:CyanogenMod/android_device_motorola_otus ****
1d65f47 : Automatic translation import <Abhisek Devkota> 2 days ago
d85d4d6 : otus: init: Fix Typo <Ashwin Ramesh> 5 days ago
0721bc4 : otus: Switch to standalone libinit <Ashwin> 5 days ago
b33e12d : Automatic translation import <Abhisek Devkota> 5 days ago
 
**** cm:CyanogenMod/android_device_motorola_victara ****
9f61b42 : victara: add audio related property overrides <Naresh Tanniru> 8 months ago
c815763 : victara: correct dalvik heap config <Zdrowy Gosciu> 3 days ago
d17f578 : victara: remove TARGET_LIBINIT_DEFINES_FILE <Dan Pasanen> 6 days ago
ab850ec : victara: set fluencetype to fluence <Dan Pasanen> 8 days ago
 
**** github:AndroidNoob69/android_device_oneplus_onyx ****
56bfac3 : full_onyx.mk <Carlsen Teo> 50 minutes ago
b34c788 : onyx: Update notification LED settings in overlay <Sultanxda> 8 days ago
7726d50 : onyx: Kang hci_qcomm_init from bacon <Ashwin Ramesh> 22 hours ago
3be2653 : onyx: Don't use dmic-ef config on voicerec usecase <Ashwin Ramesh> 33 hours ago
e0b247a : onyx: Remove QCOM_BT_USE_BTNV <Sultanxda> 2 days ago
9a58a8d : onyx: Switch to libwcnss_qmi blob <Ashwin Ramesh> 34 hours ago
546b06a : Revert "onyx: Bring back bdAddrLoader" <Ashwin Ramesh> 34 hours ago
b108c1a : onyx: Update LED sysfs node permissions for liblights update <Sultanxda> 3 days ago
98e1bc9 : onyx: liblights: Use 21 ramp steps <Sultanxda> 3 days ago
f320a36 : onyx: liblights: Calculate brightness ramp automatically on init <Sultanxda> 3 days ago
bdb90e6 : onyx: liblights: Import lights-qpnp from hardware/cyanogen <Sultanxda> 3 days ago
63a78e4 : onyx: init: Log once the props are set <Ashwin Ramesh> 4 days ago
d3ef964 : onyx: Switch to standalone libinit <Ashwin Ramesh> 5 days ago
19aaa62 : onyx: set BOARD_VENDOR_QCOM_LOC_PDK_FEATURE_SET <Scott Mertz> 11 days ago
fed1d2e : make LocSharedLock::mRef ops atomic <Kevin Tang> 3 months ago
210d393 : onyx: doze: Add a service to mimic OOS Ambient Display <Ashwin Ramesh> 10 days ago
fbfe04d : onyx: Update Audio Configuration <Ashwin Ramesh> 2 weeks ago
0ada4a8 : onyx: Update Audio Flags <Ashwin Ramesh> 3 weeks ago
80a01e7 : onyx: Bring back bdAddrLoader <Ashwin Ramesh> 6 days ago
7db5e04 : onyx: Use OnePlus' default MAC prefix <Ashwin Ramesh> 11 days ago
e090f4a : onyx: Add a README <Ashwin Ramesh> 3 weeks ago
db3b5a6 : onyx: OMX: Don't compile deprecated libs <Ashwin Ramesh> 3 weeks ago
e20bc7d : onyx: Offer a more viable Brightness setting <Ashwin Ramesh> 3 weeks ago
6bb5885 : onyx: Ship gello <Ashwin Ramesh> 6 days ago
 
**** vanir:device_oppo_common ****
5ca7324 : Automatic translation import <Abhisek Devkota> 5 days ago
 
**** cm:CyanogenMod/android_device_samsung_galaxys2-common ****
fb4b3cc : galaxys2-common: Address SELinux denials <Caio Schnepper> 2 days ago
255e5dd : galaxys2-common: Update proprietary file list <Caio Schnepper> 6 months ago
 
**** vanir:device_samsung_klte-common ****
f4da350 : klte-common: address some denials <OzzysCmAcc> 2 days ago
bb7d32a : klte-common: add audio related override <OzzysCmAcc> 2 days ago
2c4ad6c : Revert "klte-common: set TARGET_USE_COMPAT_GRALLOC_ALIGN" <OzzysCmAcc> 2 days ago
672f8c7 : klte-common: set TARGET_USE_COMPAT_GRALLOC_ALIGN <OzzysCmAcc> 4 days ago
 
**** cm:CyanogenMod/android_device_samsung_kltedv ****
efd43ac : kltedv: define radio access family <Christer Bjor> 7 months ago
2a875d6 : kltedv: Stop using custom mkbootimg <Ethan Chen> 6 months ago
f9556c8 : kltedv: define cache partition size <Matt Filetto> 6 months ago
 
**** cm:CyanogenMod/android_device_samsung_kltespr ****
f569579 : kltespr: CarrierConfig-ify apn settings <Kevin F. Haggerty> 2 days ago
0e9b25d : kltespr: Enable CDMA options <Ethan Chen> 6 months ago
a4b2204 : kltespr: define cache partition size <Matt Filetto> 6 months ago
 
**** vanir:device_samsung_kltevzw ****
f9bfa5d : kltevzw: Define cache partition size <Kevin F. Haggerty> 3 days ago
25ec02c : kltevzw: CarrierConfig-ify things <Kevin F. Haggerty> 3 days ago
dd82170 : kltevzw: Enable world phone and CDMA options <Ethan Chen> 6 months ago
 
**** vanir:device_samsung_smdk4412-common ****
d508a5a : smdk4412-common: update extract-files/proprietary-files <Simon Shields> 3 days ago
 
**** cm:CyanogenMod/android_device_sony_taoshan ****
bb43af3 : taoshan: Spring cleaning <Olivier Karasangabo> 8 weeks ago
 
**** vanir:device_xiaomi_cancro ****
d8dd084 : cancro: rootdir: underp start_sensors function <Joey Rizzoli> 16 hours ago
7d7a658 : Permissive all the way! <mr-tweaker> 11 hours ago
a03a461 : Remove cm.mk <mr-tweaker> 11 hours ago
b1078ae : Merge remote-tracking branch 'cm/cm-13.0' into HEAD <mr-tweaker> 2 days ago
95b677b : cancro: update blobs list <jrizzoli> 2 days ago
e4fc67a : cancro: deprecate kitkat base <jrizzoli> 3 days ago
a16d125 : cancro: add audio related property overrides <Naresh Tanniru> 3 days ago
83606ad : cancro: audio: sync configs with miui <jrizzoli> 8 days ago
80cf9d3 : cancro: rootdir: sync with miui <jrizzoli> 8 days ago
41f9303 : cancro: composed makefiles <jrizzoli> 2 weeks ago
 
**** cm:CyanogenMod/android_external_libnfc-nxp ****
6b8b533 : Stop "LLC length mis-match" log spam <Vladislav Koldobskiy> 1 year, 11 months ago
 
**** vanir:external_skia ****
2673286 : skia: qc-perf: link against libqc-opt for msm8916 <Ethan Chen> 3 days ago
 
**** vanir:external_stagefright-plugins ****
20a14f3 : stagefright-plugins: Fix crash with invalid FLAC file <Steve Kondik> 6 days ago
 
**** vanir:frameworks_av ****
8436846 : Revert "nuplayer: Fix audio EOS notifiy on AudioSink not ready" <Keith Mok> 3 days ago
5c76693 : FFMPEGSoftCodec: Initialize the OMX param struct before using it <Ricardo Cerqueira> 4 days ago
 
**** vanir:frameworks_base ****
20cb552 : Automatic translation import <Abhisek Devkota> 2 days ago
58ae12f : MediaScanner: Add support for default ringtones per sim <Danesh M> 1 year, 6 months ago
2d7713a : Fix incorrect behavior for statusbar and quicksettings panel <Yinlin Cai> 6 months ago
50734c2 : ActivityManager: fix perf boost NPE <Roman Birg> 2 days ago
448c4a5 : QS: fix performance profile tile observer <Scott Mertz> 2 days ago
4ccaf0a : SystemUI : Fix multi-user for keyguard <Danesh M> 2 days ago
1530ec9 : SystemUI: Set circle battery path as untranslatable <Michael Bestas> 2 days ago
ba3acb5 : Update volume slider only if ringer mode changed <Luis Vidal> 4 days ago
c30e3aa : SystemUITests: fix compile error <Khalid Zubair> 2 days ago
971ea68 : CMSettings : Move force_show_navbar to global <Danesh M> 2 days ago
c3de534 : Lockscreen : Disable left edge after showing keyguard <Danesh M> 3 days ago
59cd599 : Keyguard: Allow swiping up when trust managed <d34d> 3 days ago
f7caedc : SpamFilter : Hide option if notification cannot be filtered <Danesh M> 2 days ago
32b90fc : Acquire wakelock until dream service acknowledges dream state change <Scott Mertz> 6 days ago
c8bbaca : Lockscreen : Only animate targets if launched via swipe <Danesh M> 6 days ago
2e0fcdf : Ensure camera is launched if doing screen off gesture <Danesh M> 6 days ago
d9ff407 : Keyguard : Ensure we expand onIconClicked <Danesh M> 7 days ago
684be31 : WindowManagerService : Ensure we update both size/position <Danesh M> 9 days ago
5e5aaf9 : bootanimation: fix check for system bootanimation <Marcos Marado> 4 days ago
af23a18 : Revert "LLS: Fix logic in isKeyguardInteractiveAndShowing" <Clark Scheff> 4 days ago
25550fb : pm: Don't throw if invalid package setting or classname. <Adnan Begovic> 4 days ago
801a234 : Add hotword AudioService null check <Matt Garnes> 5 days ago
256268f : LLS: Fix logic in isKeyguardInteractiveAndShowing <d34d> 4 days ago
db5cf5d : SysUI: Use VectorDrawable's for rendering battery <d34d> 3 weeks ago
548a36f : SystemUI: fix blank qs tile issues <Roman Birg> 4 days ago
b991d94 : only use proximity checks on wakeup keys <Roman Birg> 3 weeks ago
caea16f : SystemUI: fix potential NPE with Queue <Roman Birg> 5 days ago
d77a60f : am: Don't protect apps that atttempt to grant uri perms. <Adnan Begovic> 5 days ago
2d7b916 : Automatic translation import <Abhisek Devkota> 5 days ago
 
**** vanir:frameworks_native ****
bd41ea3 : SurfaceFlinger : Ensure position changes are drawn with correct buffer size <Danesh M> 10 days ago
 
**** vanir:hardware_invensense ****
85c5a9a : invensense: Use sensor HAL only if device specific HAL is not present <sundarajan srinivasan> 3 days ago
 
**** cm:CyanogenMod/android_hardware_qcom_audio ****
52af337 : hal: Garbage output in logcat <Keith Mok> 5 days ago
886c244 : hal: remove explicit direct pcm usecase <vivek mehta> 8 months ago
f6cd4f7 : hal: stop sound trigger buffering during close <Mingming Yin> 4 months ago
4fb2812 : hal: don't allow track offload if there's active sw effect <Weiyin Jiang> 3 months ago
bfe1cc3 : hal: Fix 44.1Khz playback when native support is not enabled <Amit Shekhar> 4 months ago
dc520bc : libaudiopolicymanager: DirectPCM: fix 44.1 clip playing noisy issue <vivek mehta> 6 months ago
b73a764 : audio: Extend platform parser to allow device name aliasing <Ethan Chen> 1 year, 8 months ago
64387ed : hal: Fix voice call recording <solk2> 1 year, 8 months ago
91c7d6b : hal: Fix digital USB headset combo device <Steve Kondik> 1 year, 8 months ago
be6fdfc : hal: Clean up compilation warnings <Steve Kondik> 1 year, 5 months ago
13ba1b4 : hal: Add support for audio amplifier HAL <Ethan Chen> 3 years ago
381b7a0 : audio: Configure CM default feature set <Steve Kondik> 1 year, 5 months ago
b25084a : hal: Allow building hardware audio encoders <Arne Coucheron> 1 year, 4 months ago
f48de3d : audio: Use project pathmap <Ethan Chen> 5 months ago
1362fc7 : audio: Only allow non-legacy HAL <Ethan Chen> 5 months ago
b5b6d33 : hal: Update format table with AAC ADTS formats. <Ashish Jain> 6 months ago
102616d : HAL: Identify the track offload session <Sharad Sangle> 5 months ago
d7eaf2b : HAL: Identify Track offload session <Alexy Joseph> 6 months ago
8c21ad7 : Merge DAX2 changes <Gao Jie> 6 months ago
12467a1 : hal: Use AUDIO_TX_MONO_COPP topology for incall record usecases <Karthik Reddy Katta> 6 months ago
 
**** cm:CyanogenMod/android_hardware_qcom_audio ****
fd42377 : hal: Clean up from merge <Ethan Chen> 4 days ago
1b545a9 : hal: Remove obsolete FM_ENABLED flag <Arne Coucheron> 3 weeks ago
d3a91d3 : hal: Add support for AUDIO_DEVICE_OUT_LINE <Eric Laurent> 1 year, 10 months ago
a9f9ab1 : voice_extn: remove redundant check of mode when stop voice use case <Zhou Song> 5 months ago
69c5cfc : audiopolicy: enable deep buffer output by default for music streams <Preetam Singh Ranawat> 9 months ago
9c096fd : audiopolicy: use deep buffer output by default for music streams <Sharad Sangle> 10 months ago
d0940b8 : mm-audio: omx: Fix OMX encoders timestamp <Ben Romberger> 10 months ago
2631c84 : hal: fix resource leak issues in platform.c <Mingming Yin> 6 months ago
e6292f1 : audio HAL: do not stop capture on overrun <Eric Laurent> 10 months ago
52a8a8b : audio HAL: fix thread starvation <Eric Laurent> 11 months ago
09948fc : hal: Validate active input before accessing source <Leena Winterrowd> 4 months ago
51f015b : hal: fm: add parameter to set mute options <Dhananjay Kumar> 4 months ago
9146016 : policy_hal: fix for FM playback without active music stream <Mingming Yin> 4 months ago
73ebe4c : policy_hal: fix for volume burst during FM device switch <Mingming Yin> 4 months ago
fb2fb50 : policy: Delay FM volume update to start of FM playback <Haynes Mathew George> 5 months ago
f751a0c : policy: Avoid unnecessary set_parameter calls <Haynes Mathew George> 5 months ago
96e68bb : hal: audio_extn: fix pop noise when FM is interrupted by voice call <Dhananjay Kumar> 8 months ago
273b347 : audio: update flags for selection of VoIP direct output <Karthik Reddy Katta> 6 months ago
bf3385b : hal: add support to use low latency as primary output <Mingming Yin> 1 year, 2 months ago
ae5b04e : hal: Sync name_to_index table with pcm_device_table <Arne Coucheron> 2 months ago
872303b : hal: Comment out FM recording usecase <Arne Coucheron> 2 months ago
d4c2493 : hal: Fix voice call recording on msm8960 <Arne Coucheron> 1 year, 3 months ago
00ddedb : hal: Adjust DEEP_BUFFER_OUTPUT_PERIOD_COUNT to match legacy kernel <Arne Coucheron> 1 year, 4 months ago
12539a6 : hal: Reduce some logspam <Arne Coucheron> 1 year, 4 months ago
161fcbd : hal: Update and cleanup makefiles <Arne Coucheron> 3 months ago
ee5cce3 : hal: Use old API for setting voice volume and mute states <Arne Coucheron> 1 year, 4 months ago
f3e2a15 : hal: Disable building multiple hw variants for msm8960 <Arne Coucheron> 5 weeks ago
379317b : hal: Minor adjustments for msm8960 platform <Arne Coucheron> 1 year, 3 months ago
bdd1994 : hal: Copy msm8974 platform to msm8960 <Arne Coucheron> 3 months ago
ed8c216 : hal: Squashed set of updates and fixes from 8974 branch <Arne Coucheron> 3 months ago
6135278 : hal: header file fix for audio_hw <Mingming Yin> 10 months ago
259bb61 : audio: Fix compilation errors <Divya Sharma> 1 year, 1 month ago
0714198 : audio: fix member initialization <Haynes Mathew George> 1 year, 3 months ago
e515bd7 : hal: fix the input device selection for headphones <Narsinga Rao Chella> 1 year, 7 months ago
022a0f3 : hal: fix miscellaneous errors <Preetam Singh Ranawat> 1 year, 8 months ago
dd384a1 : hal: fix unused param warnings <Ravi Kumar Alamanda> 1 year, 8 months ago
61f6266 : hal: fix incompatible APIs <Ravi Kumar Alamanda> 1 year, 8 months ago
01418bf : hal: avoid usage of extern functions and tables <Ravi Kumar Alamanda> 1 year, 9 months ago
a9bb962 : hal: miscellaneous fixes <Haynes Mathew George> 1 year, 11 months ago
277042c : hal: Remove unnecessary check in make file <Mingming Yin> 1 year, 11 months ago
527073e : hal: Import LA.BF.1.1.3_rb1.13 <Arne Coucheron> 3 months ago
 
**** cm:CyanogenMod/android_hardware_qcom_display ****
7b9a3a1 : hwc/overlay: Validate cursor position in hwc_setPositionAsync <Baldev Sahu> 3 months ago
4c401f0 : hwc: Fix sanitize ROI func <Ramakant Singh> 3 months ago
6dab9c9 : hwc: Apply Default Mode on real framework start <Sravan Kumar D.V.N> 3 months ago
732b9ac : qdutils: Correct the hwc-driver mismatch <Ramakant Singh> 3 months ago
f1e2905 : hwc: remove local constant DISPLAY_ATTRIBUTES list <Ramakant Singh> 4 months ago
a74edfb : hwc: Remove references to display-frameworks <Ethan Chen> 4 months ago
c7cce05 : hwc: Fix compile errors after display-frameworks removal <Arne Coucheron> 4 months ago
b375570 : hwc: Support for QDCM Preference when PU enabled <Nitesh Gupta> 5 months ago
cc1ec84 : hwc: Set ioprio for vsync thread <Steve Kondik> 8 months ago
7516867 : Don't build lights module if vendor supplies it <Steve Kondik> 1 year, 6 months ago
730d245 : Revert "hqd: Use MSM_VIDC_TARGET_LIST for Venus color format" <Ethan Chen> 5 months ago
bc1215a : display: Use project pathmap <Ethan Chen> 1 year, 6 months ago
c324d73 : hwc: Set DefaultMode after bootup completion <Ramakant Singh> 5 months ago
8a6e7c9 : gralloc: Add a private flag for INTERNAL only <Arun Kumar K.R> 9 months ago
394c830 : hwc: Donot update dynamic-fps when device is not active <Ramakant Singh> 7 months ago
8f21571 : hwc: Do not wait for MDSS fence for layers with rotation <Dileep Kumar Reddi> 7 months ago
d2c5ca0 : hwc: Start with ROI set to destination <Arun Kumar K.R> 7 months ago
9ef4d8c : hwc: Set minfps as part of timeout_handler during idlefallback <Ramakant Singh> 7 months ago
0d616ba : Revert "hwc: Relax format change restrictions for certain targets" <Dileep Kumar Reddi> 7 months ago
213ead5 : Default flexible YUV format to NV21 <Tanmaya Godbole> 9 months ago
ed75fdb : hwc: Reset refresh-rate for few cases as part of timeout handler <Dileep Kumar Reddi> 7 months ago
56ed396 : gralloc: Add support for PRIV_FLAGS_DISP_CONSUMER <Surajit Podder> 11 months ago
a2d5295 : hwc: Support ActionSafe on targets with non-scaling RGB pipes. <Sandeep Panda> 8 months ago
248378d : gralloc: Use adreno_utils api for NV21 and NV12 alignment <Sushil Chauhan> 9 months ago
037d21d : hwc: Use basePipe for fullscreen and opaque layer <Pullakavi Srinivas> 8 months ago
77ec4ef : gralloc: Modify check for uncompressed RGB buffers <Naomi Luis> 9 months ago
449fbe0 : hwc: Use aligned width and height <Dileep Kumar Reddi> 8 months ago
02dbc50 : Revert "HWC: use aligned width and height for rearranging ROI" <Dileep Kumar Reddi> 8 months ago
cd7217a : hwc: Support ActionSafe on targets with non-scaling RGB pipes. <Sandeep Panda> 8 months ago
eed742d : overlay: add tertiary display definition in overlay <Vinu Deokaran> 8 months ago
a029479 : hwc: Validate display ID in hwc interface <Arun Kumar K.R> 8 months ago
09441c1 : gralloc: Add missing changes related to RAW16 <Raj Kamal> 10 months ago
7ea10c5 : hwc: Use basePipe for fullscreen and opaque layer <Pullakavi Srinivas> 8 months ago
c039f6e : hwc: Use aligned width and height <Dileep Kumar Reddi> 8 months ago
60cbe72 : Revert "HWC: use aligned width and height for rearranging ROI" <Dileep Kumar Reddi> 8 months ago
2e918bf : hwc: Avoid idlefallback during video playback <Raj Kamal> 9 months ago
fbe5a60 : HWC: use aligned width and height for rearranging ROI <Dileep Kumar Reddi> 9 months ago
597b313 : hwc: Featurize HWC_DISPLAY_SECURE <Raj Kamal> 9 months ago
eb4d7a6 : hwc: Use HWC_DISPLAY_NO_ATTRIBUTE as terminator. <Prabhanjan Kandula> 9 months ago
410ba7c : hwc : Normalize source crop before validating scaling limits. <Prabhanjan Kandula> 9 months ago
95fef31 : hwc: Relax format change restrictions for certain targets <Dileep Kumar Reddi> 9 months ago
42a1c98 : hwc: Changes for display-hal compilation with QTI_BSP enabled <Ramakant Singh> 10 months ago
c772eec : hwc: Do not use Borderfill pipe for composition in WFD <Dileep Kumar Reddi> 9 months ago
e5268fd : hwc/overlay: Pass handle w/h and crop w/h through fb_image field <Arun Kumar K.R> 10 months ago
5d39f02 : hwc: Log warning instead of mHDMIClient object not available <Dileep Kumar Reddi> 9 months ago
55b3489 : hwc: Ignore float-conversion for included headers <Naseer Ahmed> 9 months ago
82fe9c6 : hwc: Do not consider rotation for smart blit <Ramakant Singh> 10 months ago
dd689ff : hwc: Do not create idle invalidator for MDP3 targets <Dileep Kumar Reddi> 9 months ago
c58836b : hwc: Align ROI's width and height in both directions <Dileep Kumar Reddi> 10 months ago
19f2250 : hwc: Fix SF crash due to SIGSEGV error <Raj Kamal> 10 months ago
 
**** cm:CyanogenMod/android_hardware_qcom_display ****
91790fc : Revert "gralloc: fall back to old pixel alignment on old blobs" <Ethan Chen> 2 days ago
c26ee91 : Revert "gralloc: allow forcing old pixel alignment" <OzzysCmAcc> 3 days ago
be4d5ed : Revert "gralloc: Use adreno_utils api for NV21 and NV12 alignment" <Baldev Sahu> 10 weeks ago
9765c98 : hwc: Filter out interlace format from edid string <Baldev Kumar Sahu> 4 months ago
 
**** cm:CyanogenMod/android_hardware_qcom_display ****
17f2d38 : Don't build lights module if vendor supplies it <Steve Kondik> 1 year, 6 months ago
420cc3a : msm8996: remove unused qcom features <Scott Mertz> 5 months ago
5bdcfa4 : Additional pathmap & build fixes <Scott Mertz> 5 months ago
e80bb52 : display: Use project pathmap <Ethan Chen> 1 year, 6 months ago
e04e869 : Remove usage of MASTER_SIDE_CP_TARGET_LIST <Scott Mertz> 5 months ago
3fd7d00 : Revert "hqd: Use MSM_VIDC_TARGET_LIST for Venus color format" <Scott Mertz> 5 months ago
99aa8ca : sdm: Fix uninitialized HWLayers object <Saurabh Shah> 6 months ago
572b2bf : sdm: Do not copy surfaceDamage rects for SKIP layers <Sushil Chauhan> 6 months ago
074314d : gralloc: Add support for PRIV_FLAGS_DISP_CONSUMER <Surajit Podder> 11 months ago
8f8f6c7 : sdm : Add support for dynamic BW limit management <Prabhanjan Kandula> 7 months ago
83a945b : libqdutils: Refer to standard definitions for display types. <Dileep Marchya> 6 months ago
f29ff14 : sdm: Fix buffer overflow <Manoj Kumar AVM> 6 months ago
99ef378 : sdm: HWDevice: Set correct HWDisplayMode <Arun Kumar K.R> 6 months ago
ddca4e7 : sdm: Remove unused function in rect utility <Manoj Kumar AVM> 6 months ago
8d22bad : sdm: Fix memory leaks. <Dileep Marchya> 6 months ago
1c3f9a3 : hwc: Handle SBM operation set for all layers <Saurabh Shah> 6 months ago
b8067a4 : qdMetadata: Use uint32_t instead of bool <Saurabh Shah> 6 months ago
a0db84b : sdm: hdmi: Set the default grayscale value to RGB888 <Tatenda Chipeperekwa> 7 months ago
e94e78c : sdm: Add bandwidth and clock members <Sushil Chauhan> 9 months ago
959863b : sdm: Update HWPanelInfo during primary resolution switch <Sushil Chauhan> 6 months ago
b8ecfbf : display: Enable clang for all display modules <Naseer Ahmed> 7 months ago
63e8c95 : sdm: Source crop top needs adjustment for interlaced <Sushil Chauhan> 7 months ago
f1c8357 : sdm: Remove closing of fd during Sync operations <Manoj Kumar AVM> 7 months ago
44e2be1 : sdm: Do not process blit configuration for zero app layers. <Dileep Marchya> 7 months ago
61ef29b : sdm: Add support for single buffer layers <Saurabh Shah> 7 months ago
a816961 : sdm: Use FB resolution for virtual display <radhakrishna> 7 months ago
a0394ad : qdMetaData: Remove unused metadata fields. <Arun Kumar K.R> 7 months ago
50ff0bb : sdm: Panel name retrieval support <Dileep Marchya> 7 months ago
95f8368 : gralloc/metadata: Add support for single buffer mode <Saurabh Shah> 7 months ago
d7131e6 : sdm: Add support for UBWC in C2D <radhakrishna> 7 months ago
67c1f90 : sdm: Allow draw cycle in doze state. <Dileep Marchya> 7 months ago
5fb6d40 : sdm: Perform GPU target layer validation. <Manoj Kumar AVM> 7 months ago
226646c : sdm: Populate correct WB index for virtual <radhakrishna> 7 months ago
3edaf83 : sdm: Read rotator capabilities from driver <radhakrishna> 8 months ago
492ab99 : sdm: Fix ROI and Split info in SF dumpsys <Sushil Chauhan> 7 months ago
a9fb396 : sdm: Remove buffer format validation from hwc wrapper. <Ramkumar Radhakrishnan> 7 months ago
76750f2 : sdm: Add support for YCbCr420 Semiplanar format <Ramkumar Radhakrishnan> 7 months ago
bddb952 : gralloc: Use only metadata for color space <Saurabh Shah> 8 months ago
4a31ec4 : sdm: Make premultiplied as default blending <Saurabh Shah> 7 months ago
e1f01dd : sdm: Flush after first successful commit only. <Dileep Marchya> 7 months ago
1a7e1f1 : sdm: Add support for IGC. <Dileep Marchya> 8 months ago
9b99074 : sdm: Fix memory leaks. <Dileep Marchya> 7 months ago
ec8fe35 : sdm: Fix HDMI & virtual display concurrency. <Dileep Marchya> 7 months ago
d433464 : sdm: Add interface to consider rotator during scaling validation. <Ramkumar Radhakrishnan> 8 months ago
a5b764f : sdm: Add support for minimum encryption level settings for HDCP. <Dileep Marchya> 7 months ago
55fe304 : sdm: Add SPD information for HDMI <Arun Kumar K.R> 7 months ago
06078aa : sdm: Acquire lock during hwcomposer module open and close <Ramkumar Radhakrishnan> 7 months ago
d169be9 : sdm: properly close all the fence Fds <Ping Li> 8 months ago
040a3d0 : sdm: hwc: SetRefreshRate before validate IOCTL <Arun Kumar K.R> 8 months ago
6e43f57 : sdm: Handle/set dynamic fps appropriately <Arun Kumar K.R> 8 months ago
 
**** cm:CyanogenMod/android_hardware_qcom_media ****
ff3940f : mm-video-v4l2: Return correct level support for 8956 <Surajit Podder> 3 months ago
1fd6df0 : mm-video-v4l2: vidc: vdec: handle ftbs during reconfig and port disable <Abdulla Anam> 3 months ago
e9bacff : mm-video-v4l2: venc: check for null pointer <Maheshwar Ajja> 3 months ago
a699a13 : mm-video-v4l2: vdec: set 24 fps framerate for 4k clips <Deepak Kushwah> 4 months ago
bc9e191 : mm-video-v4l2: vidc: Fix race condition with msg thread fd close <Shalaj Jain> 6 months ago
a860362 : mm-video-v4l2: vidc: update thread names <Ashray Kulkarni> 10 months ago
8e66146 : mm-video-v4l2: Add support for prefer adaptive playback extension <Shalaj Jain> 10 months ago
41a5cfd : mm-video: Adjust stride value for planar format <Surajit Podder> 1 year ago
c40cf77 : mm-video: vidc: Reliably stop the message thread <Deepak Kushwah> 5 months ago
62f611d : Fix duplicated OMX.qcom.audio.decoder.aac entry <Keith Mok> 5 months ago
69d6d4b : media: Avoid collision with FFMPEG plugin <Steve Kondik> 5 months ago
610c356 : media: Use project pathmap <Ethan Chen> 5 months ago
dc1b1d4 : mm-video-v4l2: Unmap dropped output buffers <Surajit Podder> 5 months ago
78521c5 : Include kernel header dependency for libOmxVidcCommon <Divya Sharma> 6 months ago
f9c92f0 : mm-video-v4l2: vidc: venc: Fix hybrid HP layer count <Abdulla Anam> 7 months ago
a5dce41 : mm-video-v4l2: Enable get_param to check downscalar enablement <Surajit Podder> 6 months ago
e7743ae : mm-video-v4l2: venc: Add support to enhance hybrid Hier-p mode <Abdulla Anam> 7 months ago
75bc6a6 : mm-video-v4l2: vdec:  release buffer when qbuf to driver fails <Manikanta Kanamarlapudi> 7 months ago
cfeaf87 : mm-video-v4l2: Use client buffer header for FTB <Surajit Podder> 8 months ago
b6c736d : mm-video-v4l2: Disable intra refresh mode on msm8956/76 <Maheshwar Ajja> 7 months ago
a54c5d4 : mm-video-v4l2: vdec: fix fps issues in arbitrary mode <Ashray Kulkarni> 9 months ago
826ba8c : QCMetadata: add a new key for big buffers <Sidipotu Ashok> 7 months ago
ef3143a : QCMetadata: Add key for setBuffers API support <Manikanta Kanamarlapudi> 11 months ago
f178e8b : mm-video-v4l2: venc: support all I frame encoding usecase. <Abdulla Anam> 7 months ago
bcf4fa3 : libstagefrighthw: Add header guard to QComOMXMetadata.h and fix file perms <Deva Ramasubramanian> 8 months ago
e2d287f : mm-video-v4l2: vdec: streamoff while freeing first output buffer <Balamurugan Alagarsamy> 1 year, 5 months ago
f0fc3d0 : mm-video: Disable downscalar for non-display usecase <Surajit Podder> 11 months ago
0997c8a : mm-video: Enable HEVC software encoder OMX component. <Manikanta Sivapala> 8 months ago
8bb96de : mm-video_v4l2: pass crop nWidth and nHeight in reconfig event. <Abdulla Anam> 9 months ago
afb1469 : mm-video-v4l2: Fix downscalar issue <Surajit Podder> 8 months ago
269f6cd : mm-video-v4l2: Fix crash due to divide by zero <Surajit Podder> 8 months ago
c14558c : mm-video-v4l2: venc: initialize the member variables <Maheshwar Ajja> 8 months ago
99c2455 : mm-video-v4l2: vdec: Fix closing of file descriptor "0" <Deepak Kushwah> 8 months ago
b4d0e38 : mm-video-v4l2: venc: limit pixels value in input buffers. <Abdulla Anam> 8 months ago
1202ebd : mm-video_v4l2: pass crop nWidth and nHeight in reconfig event. <Abdulla Anam> 9 months ago
1fc82f0 : mm-video: Disable downscalar for non-display usecase <Surajit Podder> 11 months ago
6ecc67f : mm-core: update vpp related structures and enums. <Abdulla Anam> 9 months ago
56c0a51 : mm-video-v4l2: vidc: venc: fix CTS issues in vp8 encoder <Maheshwar Ajja> 8 months ago
1fe6770 : mm-core: update vpp related structures and enums. <Abdulla Anam> 9 months ago
a9c2410 : mm-video: Set correct color format to driver <Surajit Podder> 10 months ago
f2fa16b : mm-video-v4l2: vidc: venc: enable low latency mode <Maheshwar Ajja> 9 months ago
79da148 : mm-video-v4l2: null check before pointer dereference <Abdulla Anam> 9 months ago
a66ec1f : audio: Fix stale session opening of DSP audio decoder <Naresh Tanniru> 9 months ago
1171b44 : audio: Fix stale session opening of DSP audio decoder <Naresh Tanniru> 9 months ago
03f6533 : mm-video-v4l2: change variables used for reconfig height & width <Abdulla Anam> 9 months ago
6dc2004 : mm-video-v4l2: venc: Disable Bframes incase of UHD recording <Deepak Kushwah> 9 months ago
f493b73 : audio: Add support for new key kKeyByteMode <Manish Dewangan> 9 months ago
382b5b7 : mm-video-v4l2: video: add new extensions <Ashray Kulkarni> 1 year ago
b266f81 : mm-video-v4l2: venc: Add support for low latency mode <Maheshwar Ajja> 10 months ago
14c22a7 : mm-core: Add Skype extensions <Ashray Kulkarni> 1 year ago
 
**** cm:CyanogenMod/android_hardware_qcom_media ****
4925114 : mm-video-v4l2: vdec: deprecate unused config OMX_IndexVendorVideoExtraData <Praveen Chavan> 5 weeks ago
d4f4cdf : mm-video-v4l2: venc: add safety checks for freeing buffers <Praveen Chavan> 5 weeks ago
a797942 : mm-video-v4l2: vidc: validate omx param/config data <Praveen Chavan> 5 weeks ago
8c6b30e : mm-video-v4l2: vdec: add safety checks for freeing buffers <Praveen Chavan> 5 weeks ago
347b90c : libc2dcolorconvert: refer c2d header from display <Praveen Chavan> 2 years ago
6316605 : vidc: Fix makefiles <Steve Kondik> 1 year, 1 month ago
d84d430 : media: Avoid collision with FFMPEG plugin <Steve Kondik> 2 years ago
8ba01d1 : media: Use project pathmap <Ethan Chen> 1 year, 3 months ago
be989ef : audio: Add entry for ALAC/APE software component <Preetam Singh Ranawat> 6 months ago
ab3e6cf : Include kernel header dependency for libOmxVidcCommon <Divya Sharma> 6 months ago
f5b8f20 : Include kernel header dependency for libOmxVidcCommon <Divya Sharma> 6 months ago
2266025 : mm-video-v4l2: vidc: Ensure async_message_thread always exits <Arun Menon> 6 months ago
b0d352b : media : Add Max CSD values for ALAC and APE <Preetam Singh Ranawat> 7 months ago
a04219f : mm-video-v4l2: vdec: skip enabling extn_user extradata for secure session <Srinu Gorle> 6 months ago
622d480 : mm-video-v4l2: vidc: Enhance VQZIP checks <Praneeth Paladugu> 9 months ago
2b5bd8a : mm-video-v4l2: vidc: venc: Fix input extradata issues <Praneeth Paladugu> 6 months ago
ce13944 : mm-video-v4l2: vidc: vdec: Add UBWC color format support <Srinu Gorle> 6 months ago
a725170 : mm-video: venc: Initialize m_graphicBufferSize <Deva Ramasubramanian> 6 months ago
8be933c : mm-video-v4l2: vidc: vdec: Add support for downscalar in component <Srinu Gorle> 12 months ago
c29ae31 : mm-video-v4l2: vidc: Fix race condition with msg thread fd close <Shalaj Jain> 6 months ago
6a50516 : mm-video-v4l2: vdec: Fix CTS issue with color coversion <Vinay Kalia> 6 months ago
ab08584 : mm-core: Add extensions for FRC <Vinay Kalia> 6 months ago
b12f245 : mm-video-v4l2: Handle async_message_thread error <Arun Menon> 6 months ago
9952fd8 : mm-core: Add secure component registry entry <Vikash Garodia> 6 months ago
8d855cc : mm-video: common: update OmxVidcCommon dependency list <Srinu Gorle> 6 months ago
3c3fe6c : mm-video-v4l2: vdec: Change preferred color format default order <Arun Menon> 6 months ago
c73daac : mm-video-v4l2: Add registry entry for openmax components. <Vikash Garodia> 6 months ago
bcb448c : mm-video: swvdec: Add SwVdec registry entries for 8937. <Manikanta Sivapala> 7 months ago
e592d0a : mm-video: swvdec: Add SwVdec OMX component. <Manikanta Sivapala> 6 months ago
41cf898 : mm-core: Update the correct instance index for storing VPP handle <Praneeth Paladugu> 6 months ago
c8827e2 : mm-video-v4l2: vidc: Allocate secure bitstream buffers from CMA <Shalaj Jain> 6 months ago
cf6d469 : mm-video: vidc: Fully drainbuffers from the driver if batch not complete <Deva Ramasubramanian> 6 months ago
093280d : mm-core: Unload the component library after the session is done <Praneeth Paladugu> 6 months ago
45267c8 : Remove msm8937 due to missing HY11 rule <Naveen Kumar> 6 months ago
fb36868 : mm-video: venc: Revert Venus native support for RGBA8888 <Deva Ramasubramanian> 7 months ago
1c7b346 : mm-video: swvenc: Add pure virtual functions. <Manikanta Sivapala> 7 months ago
0ec71b0 : mm-video: Add extensions to enable and configure ROI QP info <Vinay Kalia> 8 months ago
db88209 : audio: remove duplicate instances of aac decoder <Mingming Yin> 7 months ago
b04a903 : mm-video-v4l2: vdec: Fix a bug with C2D and DROPPED_FRAME <Vinay Kalia> 7 months ago
183f501 : mm-video-v4l2: vidc: Add null checks in async_message_process <Arun Menon> 7 months ago
fbdcaba : mm-video-v4l2: Add support for VP9 secure decoder <Shalaj Jain> 10 months ago
a935f80 : mm-video: swvenc: Add SwVenc registry entries for 8937. <Manikanta Sivapala> 7 months ago
f3f1e00 : QCMetadata: add a new key for big buffers <Sidipotu Ashok> 7 months ago
be1c0e3 : mm-video: vidc: Adjust performance level only after STREAMON <Deva Ramasubramanian> 7 months ago
6f6f5fb : mm-video-v4l2: vidc: venc: Fix hybrid HP layer count <Ashray Kulkarni> 7 months ago
144b092 : mm-video: venc: Get rid of PREPARE_BUF on input port <Vinay Kalia> 7 months ago
431e6b1 : mm-video-v4l2: vdec: fix fps issues in arbitrary mode <Ashray Kulkarni> 9 months ago
edd1b09 : mm-video-v4l2: vidc: vdec: Put decoder sessions in TURBO <Praneeth Paladugu> 10 months ago
07a4eca : libc2dcolorconvert: Fix height alignment issue with RGBA formats <Rajesh Sastrula> 7 months ago
c826460 : mm-video-v4l2: venc: Add support to enhance hybrid Hier-p mode <Ashray Kulkarni> 10 months ago
 
**** cmold:android_kernel_cyanogen_msm8916 ****
68687ae : tomato: Enable backlight LED trigger <Michael Bestas> 7 days ago
bddfbf4 : netfilter: x_tables: fix unconditional helper <Florian Westphal> 8 weeks ago
ff06d06 : ipv4: Don't do expensive useless work during inetdev destroy. <David S. Miller> 9 weeks ago
71ace22 : USB: cdc-acm: more sanity checking <Oliver Neukum> 9 weeks ago
76f3ea1 : usbnet: cleanup after bind() in probe() <Oliver Neukum> 2 months ago
daa4f07 : ALSA: hrtimer: Fix stall by hrtimer_cancel() <Takashi Iwai> 4 months ago
80cfd44 : pipe: limit the per-user amount of pages allocated in pipes <Willy Tarreau> 4 months ago
aa681a3 : ALSA: timer: Harden slave timer list handling <Takashi Iwai> 4 months ago
058d7d2 : ALSA: timer: Fix race among timer ioctls <Takashi Iwai> 4 months ago
e8530d4 : ALSA: timer: Fix double unlink of active_list <Takashi Iwai> 4 months ago
e5d2e39 : ALSA: usb-audio: avoid freeing umidi object twice <Andrey Konovalov> 3 months ago
802c5b0 : pipe: Fix buffer offset after partially failed read <Ben Hutchings> 3 months ago
5baf8e5 : net: add length argument to skb_copy_and_csum_datagram_iovec <Sabrina Dubroca> 7 months ago
ed542a3 : video: mdss: livedisplay: Fix livedisplay MODE_RGB functionality <Ethan Chen> 9 days ago
46b3250 : input: gt9xx_yl: Remove earlysuspend references <Zhao Wei Liew> 13 days ago
1100200 : msm: camera: Merge tomato camera changes <Scott Mertz> 1 year, 7 months ago
69f8ae7 : input: touchscreen: gsl1688e: Send KEY_WAKEUP for double-tap event <Keith Mok> 9 weeks ago
210fd8c : spmi: qpnp-int: prevent a race condition in mask/unmask of interrupts <Abhijeet Dharmapurikar> 4 months ago
c93b41c : video: mdss: Improve the LiveDisplay driver <Steve Kondik> 5 months ago
fafb795 : crackling: Remove unused 32bit defconfig <Michael Bestas> 2 weeks ago
2d87fc6 : input: gt9xx_yl: Send KEY_WAKEUP for double-tap event <Keith Mok> 9 weeks ago
98f7097 : rendang: Minimise defconfig <Zhao Wei Liew> 2 weeks ago
d176225 : jalebi/rendang: Enable NEON crypto configs <Zhao Wei Liew> 2 weeks ago
16bb5f3 : input: sensors: Add Coolpad hall sensor <Ethan Chen> 7 months ago
61e85be : input: sensors: Add Yulong MPU6880 driver <Ethan Chen> 7 months ago
05d4300 : tomato: Add defconfig <Ethan Chen> 7 months ago
bf92dec : ASoC: msm: Add Yulong CP8675 support <Ethan Chen> 7 months ago
039e597 : msm: mdss: Add support for Yulong DSI status check <Ethan Chen> 7 months ago
c8be02d : msm: mdss: Add support for Yulong TPS65132 regulator <Ethan Chen> 1 year, 6 months ago
bc308ef : msm: mdss: Fix panel for the cp8675_I02 variant <Chirayu Desai> 11 months ago
d3143a1 : alarmtimer: Add Yulong poweroff alarm implementation <Ethan Chen> 1 year, 6 months ago
b9ae878 : regulator: onsemi-6335d: Add yulong changes <Ethan Chen> 1 year, 4 months ago
f4b8881 : regulator: tps65132-yl: Import Yulong TPS65132 regulator <Scott Mertz> 1 year, 6 months ago
ddacdde : input: sensors: Add Yulong PA12200001 light sensor <Ethan Chen> 7 months ago
6ef796b : power: Import Yulong power drivers <Ethan Chen> 1 year, 6 months ago
12b96ae : hwmon: qpnp-adc: Add support for Yulong NTC 12K battery <Ethan Chen> 1 year, 6 months ago
ee4aa45 : input: gt9xx_yl: Import Yulong Goodix GT9XX driver <Ethan Chen> 7 months ago
735e152 : input: yulong: Import Yulong touchscreen driver <Ethan Chen> 7 months ago
9da5eba : sensors: yl_sensparams: Add Yulong parameters driver <Ethan Chen> 7 months ago
6cf17f0d : mmc: yulong: Add Yulong MMC parameter driver support <Ethan Chen> 7 months ago
447b2b1 : ARM: dts: cp8675: Import cp8675 tomato board files <Ethan Chen> 7 months ago
c25cb46 : yulong: Import Yulong platform code <Ethan Chen> 7 months ago
fc59c72 : msm: mdss: Remove stray YULONG CE reference <Zhao Wei Liew> 3 weeks ago
d7d5ac0 : ASoC: msm: qdsp6v2: DAP: Fix buffer overflow <Ashish Jain> 4 weeks ago
c9dd9d1 : msm: mdss: fix possible out-of-bounds and overflow issue in mdp debugfs <Veera Sundaram Sankaran> 9 weeks ago
c805912 : nohz: fix idle and iowait stats discrepancy <Swetha Chikkaboraiah> 2 months ago
87ae2d3 : usb: f_serial: Check for SMD data length in GSER_IOCTL <Manu Gautam> 6 weeks ago
e781ca0 : misc: Fix Kconfig warnings <Steve Kondik> 1 year, 7 months ago
64646b0 : usb: gadget: mass_storage: added sysfs entry for cdrom to LUNs <FrozenCow> 2 years, 10 months ago
01de2d9 : ASoC: msm: qdsp6v2: DAP: Fix unprotected userspace access <Patrick Daly> 12 months ago
 
**** cmold:android_kernel_google_msm ****
4b66a32 : ipv4: Don't do expensive useless work during inetdev destroy. <David S. Miller> 9 weeks ago
42f0988 : netfilter: x_tables: fix unconditional helper <Florian Westphal> 8 weeks ago
cb1b494 : USB: cdc-acm: more sanity checking <Oliver Neukum> 9 weeks ago
f69410b : usbnet: cleanup after bind() in probe() <Oliver Neukum> 2 months ago
1683ab8 : msm: display: Validate MDP, MDDI and HDMI reg offset bugfix <Yuan Lin> 7 weeks ago
02f6246 : msm_fb: display: Enable display debugging through mdp debugfs <Naseer Ahmed> 9 weeks ago
0cd7924 : msm: display: Validate MDP, MDDI and HDMI debug reg offset <Naseer Ahmed> 9 weeks ago
972c638 : pipe: iovec: Fix OOB read in pipe_read() <Jeff Vander Stoep> 8 weeks ago
243408c : qcacld 2.0: Address buffer overflow due to invalid length <Mahesh A Saptasagar> 8 weeks ago
34953f9 : qcacld 2.0: Validate WPA and RSN IE for valid length <Mahesh A Saptasagar> 8 weeks ago
973503f : wlan:Check priviledge permission <Mukul Sharma> 8 weeks ago
aaf7476 : wlan:Check priviledge permission <Mukul Sharma> 8 weeks ago
ede034f : wlan:Check priviledge permission <Mukul Sharma> 8 weeks ago
4a75c96 : wlan:Check priviledge permission <Hanumantha Reddy Pothula> 8 weeks ago
86fd66a : wlan:Check priviledge permission <Mukul Sharma> 8 weeks ago
518fd80 : wlan:Check priviledge permission <Mukul Sharma> 8 weeks ago
fbb8f12 : wlan:Check priviledge permission <Mukul Sharma> 8 weeks ago
fd13b59 : wlan:Check priviledge permission before processing <Mukul Sharma> 8 weeks ago
e9dcd5a : wlan:Check priviledge permission before processing <Mukul Sharma> 8 weeks ago
1fac733 : wlan:Check priviledge permission before processing <Mukul Sharma> 8 weeks ago
2ab7501 : Revert "Keep history after reset to 094b859" <Patrick Tjin> 8 weeks ago
eca06b4 : pipe: iovec: Fix memory corruption when retrying atomic copy as non-atomic <Ben Hutchings> 11 months ago
6b5cc17 : msm: perf: validate input argument of ev_constraints functions <Naveen Ramaraj> 3 months ago
094b859 : msm: null pointer dereferencing <Wish Wu> 4 months ago
2ff841f : BACKPORT: pagemap: do not leak physical addresses to non-privileged userspace <Kirill A. Shutemov> 4 months ago
d965aca : include/linux/poison.h: fix LIST_POISON{1,2} offset <Vasily Kulikov> 4 months ago
 
**** cmold:android_kernel_htc_msm8974 ****
e8f648c : arch: arm: Update defconfigs <Bruno Martins> 6 days ago
377f528 : prima: Merge latest QC prima wireless driver <Bruno Martins> 7 days ago
0045003 : [PATCH] netlink: add signed types <Jiri Pirko> 1 year, 11 months ago
08bcc94 : netfilter: x_tables: Fix compilation error <Bruno Martins> 4 days ago
431d29d : netfilter: x_tables: check for size overflow <Florian Westphal> 10 weeks ago
18598e1 : ALSA: timer: Fix leak in events via snd_timer_user_tinterrupt <Kangjie Lu> 12 days ago
ca55896 : ALSA: timer: Fix leak in events via snd_timer_user_ccallback <Kangjie Lu> 12 days ago
906df00 : ALSA: timer: Fix leak in SNDRV_TIMER_IOCTL_PARAMS <Kangjie Lu> 12 days ago
983cb66 : cfg80211: clarify BSS probe response vs. beacon data <Johannes Berg> 1 year, 7 months ago
6b511b8 : nl80211: add scan width to bss and scan request structs <Simon Wunderlich> 1 year, 7 months ago
63f2d72 : nl80211: Add back comments <Bruno Martins> 6 days ago
9307974 : mac80211: implement HS2.0 gratuitous ARP/unsolicited NA dropping <Johannes Berg> 2 years, 3 months ago
52be20f : cfg80211: Add back comments <Bruno Martins> 6 days ago
3c8e8e6 : msm: wlan: update db.txt <Bruno Martins> 5 days ago
a51b357 : nl80211: Correct the usage of command NL80211_CMD_VENDOR <Sunil Dutt> 2 years ago
7330ce3 : cfg80211: ignore supported rates for nonexistant bands on scan <Felix Fietkau> 2 years, 6 months ago
ea032ab : nl80211: fix error path in nl80211_get_key() <Johannes Berg> 2 years, 7 months ago
f04a9a8 : nl80211: nl80211hdr_put() doesn't return an ERR_PTR <Dan Carpenter> 2 years, 9 months ago
8ca265f : nl80211: Fix backport of struct wiphy_vendor_command <Jeff Johnson> 1 year, 5 months ago
3a9b42d0 : wcnss: Expose dump stack functionality <Padma, Santhosh Kumar> 6 months ago
7d8543c : wcnss: add proper macro value check to avoid unnecessary delay <Anand N Sunkad> 1 year, 4 months ago
9ccf8b2 : wcnss: Add iris chip id for MSM8909 target <Hardik Kantilal Patel> 1 year, 1 month ago
e892b48 : wcnss: Ensure wcnss clocks are present before register dump <Siddharth Bhal> 1 year, 1 month ago
b3de599 : wcnss: Add API to send IRIS name <Anand N Sunkad> 1 year, 1 month ago
7ceb5a0 : wcnss: Add wrapper functions for work queue functionalities <Anand N Sunkad> 1 year, 2 months ago
33dc8ec : wcnss: handle CBC complete event from firmware <Siddharth Bhal> 1 year, 7 months ago
e93ab6c : wcnss: Avoid writing zero to PMU config register <Hardik Kantilal Patel> 1 year, 3 months ago
760bb13 : wcnss: reset IRIS before reading IRIS revision register <Anand N Sunkad> 1 year, 5 months ago
5994db9 : wcnss: configure IRIS clock to 19.2Mhz <Anand N Sunkad> 1 year, 7 months ago
fc00743 : wcnss: avoid removing pm_qos request when already removed <Siddharth Bhal> 1 year, 5 months ago
f946210 : wcnss: voltage regulator change for iris-vddpa for Pronto <Anand N Sunkad> 1 year, 8 months ago
 
**** github:wyldstallyns/nighthawk_kernel_bullhead ****
de1b124 : Test (#10) <varchild> 3 days ago
 
**** cmold:android_kernel_lge_g3 ****
6d3f4fb : netfilter: x_tables: Fix compilation error <Bruno Martins> 4 days ago
c6a7657 : netfilter: x_tables: check for size overflow <Florian Westphal> 10 weeks ago
304cf51 : ALSA: timer: Fix leak in events via snd_timer_user_tinterrupt <Kangjie Lu> 12 days ago
2772e60 : ALSA: timer: Fix leak in events via snd_timer_user_ccallback <Kangjie Lu> 12 days ago
5fb5328 : ALSA: timer: Fix leak in SNDRV_TIMER_IOCTL_PARAMS <Kangjie Lu> 12 days ago
 
**** vanir:kernel_lge_msm8974 ****
807dc1f : netfilter: x_tables: Fix compilation error <Bruno Martins> 4 days ago
91e0b9a : netfilter: x_tables: check for size overflow <Florian Westphal> 10 weeks ago
975be53 : ALSA: timer: Fix leak in events via snd_timer_user_tinterrupt <Kangjie Lu> 12 days ago
01b8aa9 : ALSA: timer: Fix leak in events via snd_timer_user_ccallback <Kangjie Lu> 12 days ago
20e7a84 : ALSA: timer: Fix leak in SNDRV_TIMER_IOCTL_PARAMS <Kangjie Lu> 12 days ago
 
**** cmold:android_kernel_lge_msm8992 ****
388f293 : ALSA: timer: Fix leak in events via snd_timer_user_tinterrupt <Kangjie Lu> 12 days ago
3cf9142 : ALSA: timer: Fix leak in events via snd_timer_user_ccallback <Kangjie Lu> 12 days ago
eb42941 : ALSA: timer: Fix leak in SNDRV_TIMER_IOCTL_PARAMS <Kangjie Lu> 12 days ago
 
**** cmold:android_kernel_motorola_msm8226 ****
691e5d0 : netfilter: x_tables: check for size overflow <Florian Westphal> 10 weeks ago
7ee8437 : ALSA: timer: Fix leak in events via snd_timer_user_tinterrupt <Kangjie Lu> 12 days ago
d6d6d53 : ALSA: timer: Fix leak in events via snd_timer_user_ccallback <Kangjie Lu> 12 days ago
996cc0e : ALSA: timer: Fix leak in SNDRV_TIMER_IOCTL_PARAMS <Kangjie Lu> 12 days ago
 
**** cmold:android_kernel_motorola_msm8916 ****
621295a : ALSA: timer: Fix leak in events via snd_timer_user_tinterrupt <Kangjie Lu> 12 days ago
8aad1f3 : ALSA: timer: Fix leak in events via snd_timer_user_ccallback <Kangjie Lu> 12 days ago
d4b1e82 : ALSA: timer: Fix leak in SNDRV_TIMER_IOCTL_PARAMS <Kangjie Lu> 12 days ago
40c19b6 : firmware_class: Fix firmware_loading_timeout usage of jiffies <AdrianDC> 8 days ago
 
**** cmold:android_kernel_oneplus_msm8974 ****
1056f7e : mm: vmscan: re-use IS_ENABLED macro for ZCACHE <RonGokhale> 6 days ago
 
**** github:ashwinr64/android_kernel_oneplus_onyx ****
7623e8c : leds: leds-qpnp: Remove OEM modifications to RGB LED <Sultanxda> 8 days ago
8abf0e05 : ARM: dts: 15055: Fix multi-color breathing LED & LEDs error on init <Sultanxda> 8 days ago
 
**** cmold:android_kernel_oppo_msm8974 ****
1056f7e : mm: vmscan: re-use IS_ENABLED macro for ZCACHE <RonGokhale> 6 days ago
38cf4f0 : firmware_class: Fix firmware_loading_timeout usage of jiffies <AdrianDC> 8 days ago
3f694d8 : msm: kgsl: Fix idle timer sysfs after removing references to HZ <fluxi> 10 days ago
90f1e4d : video: mdss: livedisplay: Fix livedisplay MODE_RGB functionality <Ethan Chen> 9 days ago
 
**** cmold:android_kernel_samsung_d2 ****
a29d221 : netfilter: x_tables: Fix compilation error <Bruno Martins> 4 days ago
e0c9748 : netfilter: x_tables: check for size overflow <Florian Westphal> 10 weeks ago
45e4d0b : ALSA: timer: Fix leak in events via snd_timer_user_tinterrupt <Kangjie Lu> 12 days ago
7eab28d : ALSA: timer: Fix leak in events via snd_timer_user_ccallback <Kangjie Lu> 12 days ago
77bf67d : ALSA: timer: Fix leak in SNDRV_TIMER_IOCTL_PARAMS <Kangjie Lu> 12 days ago
 
**** vanir:kernel_samsung_jf ****
788de89 : Bluetooth: Remove unused hci_le_ltk_reply() <Syam Sidhardhan> 4 years, 1 month ago
8b3d807 : netfilter: x_tables: Fix compilation error <Bruno Martins> 4 days ago
2ec831b : netfilter: x_tables: check for size overflow <Florian Westphal> 10 weeks ago
a3bc695 : ALSA: timer: Fix leak in events via snd_timer_user_tinterrupt <Kangjie Lu> 12 days ago
0b31fbe : ALSA: timer: Fix leak in events via snd_timer_user_ccallback <Kangjie Lu> 12 days ago
a32a94c : ALSA: timer: Fix leak in SNDRV_TIMER_IOCTL_PARAMS <Kangjie Lu> 12 days ago
 
**** vanir:kernel_samsung_klte ****
90ad72c : netfilter: x_tables: check for size overflow <Florian Westphal> 10 weeks ago
55c3e20 : ALSA: timer: Fix leak in events via snd_timer_user_tinterrupt <Kangjie Lu> 12 days ago
4d09bdf : ALSA: timer: Fix leak in events via snd_timer_user_ccallback <Kangjie Lu> 12 days ago
55da988 : ALSA: timer: Fix leak in SNDRV_TIMER_IOCTL_PARAMS <Kangjie Lu> 12 days ago
289e97b : firmware_class: Fix firmware_loading_timeout usage of jiffies <AdrianDC> 8 days ago
e5b634c : msm: kgsl: Fix idle timer sysfs after removing references to HZ <fluxi> 10 days ago
c7de757 : Fix CONFIG_HZ dependency in wifi driver. <andip71> 3 weeks ago
3187196 : f2fs: mutex can't be used by down_write_nest_lock() <Yang Shi> 3 months ago
dcdac6a : f2fs: recovery missing dot dentries in root directory <Liu Xue> 3 months ago
 
**** vanir:kernel_samsung_smdk4412 ****
5103686 : cypress: Port BLN for smdk4210 <Arnab Chaudhuri> 12 days ago
 
**** cmold:android_kernel_sony_apq8064 ****
27fe56f : prima: Logging level changes on wlan HOST <Ratheesh S P> 9 months ago
 
**** cmold:android_kernel_sony_msm8x27 ****
6b49d3c : cpufreq: Check current frequency in device driver <Junjie Wu> 11 months ago
32564f8 : msm: cpuidle: use format string in snprintf <Murali Nalajala> 2 years, 7 months ago
8e8b989 : msm: mpm-of: set wakeup interrupt as NO_SUSPEND <Mahesh Sivasubramanian> 2 years, 2 months ago
9d9e9f8 : msm: mpm-of: Fix NULL pointer and buffer overflow errors <Mahesh Sivasubramanian> 2 years, 10 months ago
98180be : qcom: mpm-of: fix bug in finding the pending interrupts <Murali Nalajala> 2 years, 2 months ago
f462ed1 : msm: mpm-of: Fix buffer overflow errors. <Mahesh Sivasubramanian> 3 years, 1 month ago
3e2d0dc : selinux: Fix Kernel panic due to NULL pointer dereference <Satya Durga Srinivasu Prabhala> 2 years, 8 months ago
55bd99b : timer: Prevent overflow in apply_slack <Jiri Bohac> 2 years, 1 month ago
b047143 : trace: power: Adding trace events for cpufreq <Rohit Gupta> 2 years, 9 months ago
2072c02 : mm: zcache: fix locking sequence <Shiraz Hashim> 2 months ago
7056ca4 : lowmemorykiller: trace kill events. <Martijn Coenen> 12 months ago
 
**** vanir:platform_manifest ****
862d5c9 : Lettuce needs special cases <DHOMD> 2 days ago
bd9c346 : Fix lettuce? <DHOMD> 2 days ago
33c0db1 : Follow our own lettuce <DHOMD> 2 days ago
7ad4cb2 : braar <DHOMD> 2 days ago
1beaee0 : Lettuce pls <DHOMD> 2 days ago
89d00ac : Added DataUsageProvider to the build <Gary Kipnis> 10 days ago
 
**** cm:CyanogenMod/android_packages_apps_AudioFX ****
1f493c4 : Automatic translation import <Abhisek Devkota> 5 days ago
 
**** vanir:packages_apps_Bluetooth ****
38516fd : Automatic translation import <Michael Bestas> 5 days ago
 
**** cm:CyanogenMod/android_packages_apps_Calendar ****
32409dd : Automatic translation import <Abhisek Devkota> 2 days ago
 
**** vanir:packages_apps_Contacts ****
6e5e658 : Automatic translation import <Abhisek Devkota> 24 hours ago
ef6fa49 : Automatic translation import <Abhisek Devkota> 2 days ago
af31083 : Use JobService for periodic InCallMetrics reporting <Erica Chang> 4 days ago
f1e17cb : Contacts : prompt run time READ_SMS permission for M <Erica Chang> 9 days ago
d90403f : Contacts InCall metrics test <Erica Chang> 4 weeks ago
a721e70 : Automatic translation import <Abhisek Devkota> 5 days ago
9f6a237 : Automatic translation import <Michael Bestas> 5 days ago
 
**** vanir:packages_apps_ContactsCommon ****
c0b01a3 : Add additional synchronization around caller-info Provider state <Rohit Yengisetty> 5 days ago
b2d69a0 : Automatic translation import <Michael Bestas> 5 days ago
 
**** vanir:packages_apps_DeskClock ****
d03b7ff : DeskClock: Use accelerometer instead of orientation sensor <Keith Mok> 5 days ago
9ab924f : DeskClock: Initialize boolean state with start button visibilty <cretin45> 3 days ago
 
**** vanir:packages_apps_Dialer ****
b3d9925 : Automatic translation import <Abhisek Devkota> 2 days ago
11118df : Add additional permissions needed to utilize BlacklistUtils <Rohit Yengisetty> 2 days ago
d2095b5 : [2/2] Credit text and action should be limited to single line <Richard MacGregor> 4 days ago
6eceee2 : InCallApi plugin strings not updated on locale change <Richard MacGregor> 2 days ago
79a94cb : Metrics fixes and switching to job sched <Stephen Bird> 4 days ago
c64a3f4 : NPE: make sure search fragment is visible <Stephen Bird> 2 days ago
98e0b00 : Fix SuperNotCalledException <Rohit Yengisetty> 2 days ago
388f636 : Fix NPE within CallLogFragment <Rohit Yengisetty> 4 days ago
b441ca6 : Make sure search fragment is visible and attached <Stephen Bird> 3 days ago
6251ca1 : NPE: Providers might not have a singlecolorbrandicon <Stephen Bird> 4 days ago
906b8d8 : NPE: mBadgeIcon is sometimes null <Stephen Bird> 4 days ago
5a701ac : [1/2] Roaming Notification: restrict to provider selected values <Stephen Bird> 4 days ago
fa0036e : Move hint text to main search fragment <Stephen Bird> 10 days ago
7fafe8d : Settings: Remove Maxlines for summaries <Stephen Bird> 5 days ago
87fa91e : NPE: make sure that the brand icon isnt null <Stephen Bird> 5 days ago
8c5b299 : Automatic translation import <Abhisek Devkota> 5 days ago
511af0c : Automatic translation import <Michael Bestas> 5 days ago
 
**** vanir:packages_apps_FMRadio ****
83c79c0 : tracks: Check track states before transitioning states <Diogo Ferreira> 5 days ago
8534069 : improve audio startup performace <Andr Rivotti Casimiro> 10 months ago
 
**** vanir:packages_apps_Gallery2 ****
9cfb25e : Automatic translation import <Abhisek Devkota> 24 hours ago
 
**** cm:CyanogenMod/android_packages_apps_Gello ****
9a28000 : Automatic translation import <Abhisek Devkota> 2 days ago
7c7766b : Automatic translation import <Abhisek Devkota> 5 days ago
 
**** vanir:packages_apps_InCallUI ****
733c29e : Automatic translation import <Abhisek Devkota> 2 days ago
3210555 : Fixed crash in InCallActivity. <Luis Mejia> 6 days ago
77f56a5 : Best fix for the case where ModButtonPresenter UI wasn't updating properly in onResume cases. <NathanielWaggoner> 5 days ago
71aba70 : Mod buttons only enabled when incall <Richard MacGregor> 2 days ago
8404300 : Don't query incall plugin invite intent until its actually needed <Richard MacGregor> 6 days ago
747e2e1 : Fix NPE on a null response from caller-info-lookup <Rohit Yengisetty> 5 days ago
9d93c75 : Fix glitches in the rendering of contact-info Provider's logo <Rohit Yengisetty> 5 days ago
fc285dd : Automatic translation import <Abhisek Devkota> 5 days ago
d57f9f9 : Revert "Fix for issue where the ModButtonUI was not properly updating after taking a note." <Nathaniel Waggoner> 5 days ago
686bc7d : Fix for issue where the ModButtonUI was not properly updating after taking a note. <NathanielWaggoner> 5 days ago
280e302 : Automatic translation import <Michael Bestas> 5 days ago
 
**** vanir:packages_apps_LockClock ****
38c62bb : Automatic translation import <Abhisek Devkota> 5 days ago
 
**** cm:CyanogenMod/android_packages_apps_Messaging ****
ffec127 : Automatic translation import <Abhisek Devkota> 24 hours ago
4ac5e9a : Automatic translation import <Abhisek Devkota> 2 days ago
0dabdec : Save messages to SIM feature <tnmy-cyngn> 7 days ago
 
**** vanir:packages_apps_PhoneCommon ****
281a48f : AmbientDataSubscription: don't post results for unknown plugins <Raj Yengisetty> 9 days ago
ff03279 : [1/2] Credit text and action should be limited to single line <Richard MacGregor> 4 days ago
bdd80a2 : [2/2] Preferences for provider roaming call counts <Stephen Bird> 4 days ago
b1dd2fb : Automatic translation import <Abhisek Devkota> 5 days ago
ced2a74 : Automatic translation import <Michael Bestas> 5 days ago
 
**** cm:CyanogenMod/android_packages_apps_Screencast ****
481ce58 : Automatic translation import <Abhisek Devkota> 2 days ago
 
**** vanir:packages_apps_Settings ****
a44bfb5 : Settings: Move vibrator value restore to onActivityStop <luca020400> 5 days ago
aca99cc : Automatic translation import <Abhisek Devkota> 24 hours ago
203e6d5 : Automatic translation import <Abhisek Devkota> 2 days ago
e05c0dc : Use correct icon for sim card <Arvin Quilao> 13 days ago
056e52c : Cleanup cm_arrays <Michael Bestas> 2 days ago
fe6c6f3 : Profiles: Disable notification item if ringtone & notification volumes are linked <Luis Vidal> 4 days ago
c15b406 : Settings : Filter livelockscreen, button for secondary users <Danesh M> 4 days ago
d135b55 : Disable cellular networks settings menu if airplane mode is enabled <Luis Vidal> 9 days ago
d48d84a : Add config to hide/show weather menu <Luis Vidal> 5 days ago
5ec7c34 : Automatic translation import <Abhisek Devkota> 5 days ago
 
**** cm:CyanogenMod/android_packages_apps_Snap ****
a549c38 : Automatic translation import <Abhisek Devkota> 2 days ago
1705a87 : Snap: Extend user menu, disable dev menu <codeworkx> 2 weeks ago
90d46ce : Automatic translation import <Abhisek Devkota> 5 days ago
 
**** vanir:packages_apps_soundrecorder ****
8c2fa9f : Automatic translation import <Abhisek Devkota> 2 days ago
cafca7c : Automatic translation import <Abhisek Devkota> 5 days ago
58ef5f1 : Automatic translation import <Michael Bestas> 5 days ago
 
**** vanir:packages_apps_ThemeChooser ****
bab1603 : Automatic translation import <Abhisek Devkota> 2 days ago
 
**** cm:CyanogenMod/android_packages_apps_Trebuchet ****
c9fcf9a : Trebuchet: Rebind QSB in finishBindingItems <cretin45> 23 hours ago
e93e2ee : Automatic translation import <Abhisek Devkota> 2 days ago
921eb83 : Check for null provider info when removing widget <Skrilax_CZ> 4 days ago
fe7faac : Trebuchet: Make workspace layout configurable by prebundled mcc <cretin45> 4 days ago
a5eada8 : Automatic translation import <Abhisek Devkota> 5 days ago
1b2acd7 : Put apps with uncomputable section names in special bucket <Artem Shvadskiy> 5 days ago
 
**** vanir:packages_apps_TvSettings ****
f5a9271 : Automatic translation import <Michael Bestas> 5 days ago
 
**** vanir:packages_providers_DownloadProvider ****
5b7119c : Automatic translation import <Michael Bestas> 5 days ago
 
**** cm:CyanogenMod/android_packages_providers_WeatherProvider ****
9a2bbea : Automatic translation import <Abhisek Devkota> 5 days ago
 
**** vanir:packages_screensavers_PhotoTable ****
70acd0c : Automatic translation import <Michael Bestas> 5 days ago
 
**** cm:CyanogenMod/android_packages_services_LiveLockScreenService ****
e672873 : Automatic translation import <Abhisek Devkota> 2 days ago
 
**** vanir:packages_services_Telecomm ****
50e008d : Automatic translation import <Abhisek Devkota> 5 days ago
ba7b2d0 : Automatic translation import <Michael Bestas> 5 days ago
 
**** vanir:packages_services_Telephony ****
60af7ef : Automatic translation import <Abhisek Devkota> 2 days ago
9782a2c : Automatic translation import <Abhisek Devkota> 5 days ago
 
**** cm:CyanogenMod/cm_platform_sdk ****
5cb275d : Automatic translation import <Abhisek Devkota> 24 hours ago
638da93 : Automatic translation import <Abhisek Devkota> 2 days ago
6866528 : CMSettings : Move force_show_navbar to global <Danesh M> 4 days ago
6113701 : PerformanceManagerService: drop requests if system is not yet ready <Scott Mertz> 3 days ago
256a735 : CMSettings: don't trample user metrics setting on upgrade <Roman Birg> 9 days ago
8c8601b : LLS: Fix NPE when backing service dies <d34d> 5 days ago
5340c0e : Automatic translation import <Abhisek Devkota> 5 days ago
 
**** commotio:commotio ****
c194cc5 : Bump + fingerprints <DHOMD> 3 days ago
 
**** vanir:vendor_oneplus ****
81054ae : onyx: Update blobs <Ashwin Ramesh> 19 hours ago
 
**** github:TheMuppets/proprietary_vendor_oppo ****
7069df5 : r5/r7: Hex libcalmodule_memsic.so for compatibility with new sensor HAL <Michael Bestas> 4 days ago
4361196 : r7plus: Clean up unused blobs. <Danny Baumann> 3 days ago
4a96bef : r5: Initial blob import <Danny Baumann> 13 days ago
1de8afb : r7: Remove unused camera blobs <Michael Bestas> 4 days ago
49107b7 : r7: Remove unused sensor calibration blobs <Michael Bestas> 4 days ago
 
**** vanir:vendor_samsung ****
6437aa4 : klteusc: Add missing RIL library <Kevin F. Haggerty> 2 days ago
ce53f97 : galaxys2-common: Update widevine blobs <Caio Schnepper> 3 days ago
 
**** vanir:vendor_vanir ****
bbd4811 : cm: Extend policy for IOP <Steve Kondik> 2 days ago
d7ac53f : Add Device:Tomato <infinityAER> 35 hours ago
5a8eb34 : Tweak lettuce.mk <DHOMD> 2 days ago
9598ac2 : Add DHO_VENDOR <infinityAER> 2 days ago
b653f4d : Create vanir_lettuce.mk <infinityAER> 3 days ago
0767ab9 : Fix jewel makefile <nuclearmistake> 3 days ago
5d65e3a : Run fingerprint updater <nuclearmistake> 3 days ago
5463a19 : Fix evita makefile <nuclearmistake> 3 days ago
e831959 : cm: Build DataUsageProvider <luca020400> 5 days ago
 
**** github:TheMuppets/proprietary_vendor_yu ****
e3bc77a : tomato: Regenerate proprietary libraries <Ethan Chen> 11 days ago
837bce8 : jalebi: Remove libqct_resampler <Ethan Chen> 13 days ago
ea7f0b3 : lettuce: Remove libqct_resampler <Ethan Chen> 13 days ago
f37a99f : lettuce: Use LOCAL_PRIVILEGED_MODULE for qcrilmsgtunnel <TheStrix> 8 weeks ago
eaf724d : lettuce: Update proprietary files <Ethan Chen> 8 weeks ago
a3b6ca1 : jalebi: Update proprietary libraries <Ethan Chen> 9 weeks ago
c201435 : sambar: remove qcom location stack <Scott Mertz> 2 months ago
75eff5e : sambar: update blobs <Monkey> 3 months ago
 
