
**** vanir:bootable_recovery_TWRP ****
64ffe73 : Unix file endings and remove execute permission <Matt Mower> 3 weeks ago
b9d8f62 : minuitwrp: retry opening fb0 if it failed <that> 7 days ago
98ebdaf : Fix verifier_test build <Ethan Yonker> 5 days ago
a60c786 : Remove busybox modprobe to fix slow performance for some devices <Ethan Yonker> 4 days ago
 
**** vanir:build ****
148219e : Hacks <DHOMD> 6 months ago
521aa1e : envesetup: mmm/mmma: fix for zsh <Khalid Zubair> 3 weeks ago
 
**** aosp:platform/cts ****
0d1e320 : DO NOT MERGE ANYWHERE: BUMP CTS to 6.0R4 <Daniel Xie> 3 hours ago
c05e90e : Add tests for the existence of the OS Patch String, and to detect obsolete versions. <Dave Weinstein> 12 days ago
 
**** cm:CyanogenMod/android_device_cyanogen_msm8916-common ****
dd69ef2 : msm8916: Don't declare USB host support for all devices <Ricardo Cerqueira> 9 hours ago
 
**** vanir:device_htc_flounder ****
358deb0 : Set proper hardware keys <AndroidUser00110001> 26 hours ago
 
**** vanir:device_huawei_angler ****
d38003e : Attempt to boost headphone output <DHOMD> 4 days ago
 
**** vanir:device_lge_bullhead ****
f8d075a : Bullhead: Enable Wifi Display <smoki3> 3 days ago
d2264a5 : Bullhead: Enable Snap Camera <smoki3> 3 days ago
 
**** vanir:device_lge_g3-common ****
153755e : g3: audio: update mixer_paths_bcm <bryan2894> 30 hours ago
 
**** cm:CyanogenMod/android_device_motorola_victara ****
0e96cc1 : camera: fix warnings <Dan Pasanen> 5 days ago
ec482b0 : camera: force zsl on for hdr mode <Nikita> 5 days ago
 
**** github:Grarak/android_device_oneplus_oneplus2 ****
08d0d14 : cmhw: Add swap buttons <Willi Ye> 2 weeks ago
9cda5ec : Remove keymaste symlinks <Willi Ye> 12 hours ago
b1f6c4b : sepolicy: Cleanup <Willi Ye> 13 hours ago
827d46a : oneplus2: Remove USB charging mode <Michael Bestas> 5 days ago
 
**** github:AndroidNoob69/android_device_oneplus_onyx ****
4813645 : full_onyx.mk <carlsberg07@hotmail.com> 12 hours ago
5c8c9af : Revert "ril: Move RIL_register_socket to ril_ex.h" <Ashwin Ramesh> 25 hours ago
ebb6263 : onyx: cleanup ramdisk <Ashwin Ramesh> 26 hours ago
7502179 : onyx: bluetooth: Bring inline with CAF <Ashwin Ramesh> 26 hours ago
c0803f2 : onyx: LED brightness LibLights control <AdrianDC> 6 months ago
1b1c773 : cmhw: Add swap buttons <Willi Ye> 2 weeks ago
55d96c5 : rootdir: Fix devfreq path <Willi Ye> 2 days ago
229d323 : cmhw: Fix up VibratorHW <Willi Ye> 2 days ago
3d6d37f : ril: Move RIL_register_socket to ril_ex.h <Willi Ye> 2 days ago
23fd57d : onyx: Add header for rild compilation <Ethan Chen> 8 weeks ago
54657c3 : onyx: Skip libril compilation <Ethan Chen> 8 weeks ago
4ed51f0 : Enable f2fs for cache partition. <Dhruv Paranjape> 2 days ago
41fb8e8 : More sepolicy <Willi Ye> 2 days ago
1a0e35d : rootdir: Update keyCode paths <Willi Ye> 2 days ago
46aac67 : Ship keymaster firmware <Willi Ye> 2 days ago
d8deb75 : rootdir: Add needed services <Willi Ye> 3 days ago
b1a6c5d : onyx: Use wcnss-qmi interface to set the MAC address <Ethan Chen> 1 year, 9 months ago
7c3b3a1 : overlay: Set default button brightness to 0 <Willi Ye> 3 days ago
282f664 : rootdir: Don't write to otg switch <Willi Ye> 3 days ago
359e2df : rootdir: dirty temp hack to fix torch not being registered on boot <Altaf-Mahdi> 5 weeks ago
cde7a61 : onyx: camera: Shim the camera hal to get it loading <Christopher R. Palmer> 3 months ago
dce938c : camera: Missing CameraParameters <Willi Ye> 3 days ago
66ef4a1 : overlay: Values from stock <Willi Ye> 3 days ago
23c9d7d : onyx: Remove USB charging mode <Michael Bestas> 5 days ago
c8010c2 : gps: Kang from bacon <Willi Ye> 3 days ago
b5bcf8a : Clean up device tree <Willi Ye> 3 days ago
dc035ad : onyx: Bring back doze powersave <Ashwin Ramesh> 2 days ago
c257866 : onyx: Add keylayout for DT2W <Ashwin Ramesh> 4 days ago
129233c : onyx: Fix video recording in Snap <Ashwin Ramesh> 9 days ago
d7bcbb3 : onyx: Kill qcom extended location services temporarily <Ashwin Ramesh> 10 days ago
dc8d238 : onyx: cm.mk: Do some branding <Ashwin Ramesh> 10 days ago
0818ead : onyx: FM: Pull in CAF changes for M <Ashwin Ramesh> 10 days ago
279059a : onyx: overlay: Few updates to doze overlays <Ashwin Ramesh> 13 days ago
6bf0290 : onyx: correct keylayout <Alexander Pohl> 5 weeks ago
2e04289 : onyx: Reverse Keys on boot <Arvind Mukund> 3 weeks ago
9074236 : onyx: Build msm8x74 specific PowerHAL <Ashwin Ramesh> 4 weeks ago
 
**** cm:CyanogenMod/android_device_samsung_noblelte-common ****
783f6d8 : noblelte: Remove unused Exynos flags <Christopher N. Hesse> 10 hours ago
3025256 : noblelte: Fix BT UART port <Christopher N. Hesse> 10 hours ago
d471d1b : noblelte: Define NFC screen off power state <Christopher N. Hesse> 11 hours ago
 
**** cm:CyanogenMod/android_device_samsung_zero-common ****
2b57e8a : zero: Fix NFC after update to MM blobs/configs <Brandon McAnsh> 22 hours ago
 
**** cm:CyanogenMod/android_device_samsung_zerofltexx ****
a628da6 : zerofltexx: Add a barrier to prevent bleeding into other devices <DHOMD> 6 hours ago
 
**** vanir:device_sony_fusion3-common ****
71d0000 : seoplicy: update to build on M <Arnav Gupta> 3 weeks ago
 
**** cm:CyanogenMod/android_device_sony_sirius ****
dfd4f07 : sirius: re-add BCM43xx firmware, accidentally removed <Fábio Silva> 31 hours ago
 
**** vanir:external_wpa_supplicant_8 ****
302da8b : EAP-pwd server: Fix last fragment length validation <Jouni Malinen> 4 months ago
1177459 : EAP-pwd peer: Fix last fragment length validation <Jouni Malinen> 4 months ago
e977995 : P2P: Filter control chars in group client device name similarly to peer <Hu Wang> 4 months ago
e8a0905 : FST: Improve parsing of Multiband IEs <Dedy Lansky> 3 months ago
cb7ecf9 : FST: Make FST peer connection check more permissive in hostapd <Anton Nayshtut> 4 months ago
87704cf : FST: Fix STA MB IEs creation <Anton Nayshtut> 7 months ago
9e78bad : hostapd: Process MAC ACLs on a station association event (SME in driver) <Anton Nayshtut> 4 months ago
bea2a16 : EAP-pwd peer: Fix error path for unexpected Confirm message <Jouni Malinen> 4 months ago
0ca1c06 : EAP-pwd server: Fix last fragment length validation <Jouni Malinen> 4 months ago
d8ae7df : EAP-pwd peer: Fix last fragment length validation <Jouni Malinen> 4 months ago
0114b30 : WPS: Reconnect for a failed data connection when STA_AUTOCONNECT is 0 <Sunil Dutt> 4 months ago
439233f : WNM: Ignore Key Data in WNM Sleep Mode Response frame if no PMF in use <Jouni Malinen> 4 months ago
c05ef85 : EAP-pwd peer: Fix error path for unexpected Confirm message <Jouni Malinen> 4 months ago
e4854ef : EAP-pwd server: Fix last fragment length validation <Jouni Malinen> 4 months ago
1ded6ef : EAP-pwd peer: Fix last fragment length validation <Jouni Malinen> 4 months ago
1be2527 : WNM: Ignore WNM-Sleep Mode Response if WNM-Sleep Mode has not been used <Jouni Malinen> 4 months ago
 
**** vanir:frameworks_base ****
160cdc8 : telephony: Hack GSM and LTE signal strength <Sultanxda> 5 months ago
620a025 : Make CaptivePortalLoginActivity compatible with setupwizard. <Ramswaroop Ghanshyam Somani> 10 days ago
01a2685 : SystemUI: fix zen mode panel warning not showing <Roman Birg> 4 days ago
983893d : HotSpot: Store # of connected clients in receiver <d34d> 7 days ago
 
**** cm:CyanogenMod/android_hardware_qcom_audio ****
b73a764 : audio: Extend platform parser to allow device name aliasing <Ethan Chen> 1 year, 6 months ago
64387ed : hal: Fix voice call recording <solk2> 1 year, 6 months ago
91c7d6b : hal: Fix digital USB headset combo device <Steve Kondik> 1 year, 6 months ago
be6fdfc : hal: Clean up compilation warnings <Steve Kondik> 1 year, 3 months ago
13ba1b4 : hal: Add support for audio amplifier HAL <Ethan Chen> 2 years, 9 months ago
381b7a0 : audio: Configure CM default feature set <Steve Kondik> 1 year, 3 months ago
b25084a : hal: Allow building hardware audio encoders <Arne Coucheron> 1 year, 1 month ago
f48de3d : audio: Use project pathmap <Ethan Chen> 10 weeks ago
1362fc7 : audio: Only allow non-legacy HAL <Ethan Chen> 10 weeks ago
b5b6d33 : hal: Update format table with AAC ADTS formats. <Ashish Jain> 3 months ago
102616d : HAL: Identify the track offload session <Sharad Sangle> 3 months ago
d7eaf2b : HAL: Identify Track offload session <Alexy Joseph> 4 months ago
8c21ad7 : Merge DAX2 changes <Gao Jie> 4 months ago
12467a1 : hal: Use AUDIO_TX_MONO_COPP topology for incall record usecases <Karthik Reddy Katta> 4 months ago
 
**** cm:CyanogenMod/android_hardware_qcom_audio ****
692a5cc : hal: Fix potential memory leaks in HAL <Alexy Joseph> 3 weeks ago
 
**** cm:CyanogenMod/android_hardware_qcom_display ****
a74edfb : hwc: Remove references to display-frameworks <Ethan Chen> 7 weeks ago
c7cce05 : hwc: Fix compile errors after display-frameworks removal <Arne Coucheron> 7 weeks ago
b375570 : hwc: Support for QDCM Preference when PU enabled <Nitesh Gupta> 2 months ago
cc1ec84 : hwc: Set ioprio for vsync thread <Steve Kondik> 5 months ago
7516867 : Don't build lights module if vendor supplies it <Steve Kondik> 1 year, 4 months ago
730d245 : Revert "hqd: Use MSM_VIDC_TARGET_LIST for Venus color format" <Ethan Chen> 10 weeks ago
bc1215a : display: Use project pathmap <Ethan Chen> 1 year, 4 months ago
c324d73 : hwc: Set DefaultMode after bootup completion <Ramakant Singh> 3 months ago
8a6e7c9 : gralloc: Add a private flag for INTERNAL only <Arun Kumar K.R> 6 months ago
394c830 : hwc: Donot update dynamic-fps when device is not active <Ramakant Singh> 5 months ago
8f21571 : hwc: Do not wait for MDSS fence for layers with rotation <Dileep Kumar Reddi> 5 months ago
d2c5ca0 : hwc: Start with ROI set to destination <Arun Kumar K.R> 4 months ago
9ef4d8c : hwc: Set minfps as part of timeout_handler during idlefallback <Ramakant Singh> 5 months ago
0d616ba : Revert "hwc: Relax format change restrictions for certain targets" <Dileep Kumar Reddi> 5 months ago
213ead5 : Default flexible YUV format to NV21 <Tanmaya Godbole> 6 months ago
ed75fdb : hwc: Reset refresh-rate for few cases as part of timeout handler <Dileep Kumar Reddi> 5 months ago
56ed396 : gralloc: Add support for PRIV_FLAGS_DISP_CONSUMER <Surajit Podder> 8 months ago
a2d5295 : hwc: Support ActionSafe on targets with non-scaling RGB pipes. <Sandeep Panda> 6 months ago
248378d : gralloc: Use adreno_utils api for NV21 and NV12 alignment <Sushil Chauhan> 6 months ago
037d21d : hwc: Use basePipe for fullscreen and opaque layer <Pullakavi Srinivas> 6 months ago
77ec4ef : gralloc: Modify check for uncompressed RGB buffers <Naomi Luis> 6 months ago
449fbe0 : hwc: Use aligned width and height <Dileep Kumar Reddi> 6 months ago
02dbc50 : Revert "HWC: use aligned width and height for rearranging ROI" <Dileep Kumar Reddi> 6 months ago
cd7217a : hwc: Support ActionSafe on targets with non-scaling RGB pipes. <Sandeep Panda> 6 months ago
eed742d : overlay: add tertiary display definition in overlay <Vinu Deokaran> 6 months ago
a029479 : hwc: Validate display ID in hwc interface <Arun Kumar K.R> 6 months ago
09441c1 : gralloc: Add missing changes related to RAW16 <Raj Kamal> 7 months ago
7ea10c5 : hwc: Use basePipe for fullscreen and opaque layer <Pullakavi Srinivas> 6 months ago
c039f6e : hwc: Use aligned width and height <Dileep Kumar Reddi> 6 months ago
60cbe72 : Revert "HWC: use aligned width and height for rearranging ROI" <Dileep Kumar Reddi> 6 months ago
2e918bf : hwc: Avoid idlefallback during video playback <Raj Kamal> 6 months ago
fbe5a60 : HWC: use aligned width and height for rearranging ROI <Dileep Kumar Reddi> 6 months ago
597b313 : hwc: Featurize HWC_DISPLAY_SECURE <Raj Kamal> 6 months ago
eb4d7a6 : hwc: Use HWC_DISPLAY_NO_ATTRIBUTE as terminator. <Prabhanjan Kandula> 6 months ago
410ba7c : hwc : Normalize source crop before validating scaling limits. <Prabhanjan Kandula> 7 months ago
95fef31 : hwc: Relax format change restrictions for certain targets <Dileep Kumar Reddi> 7 months ago
42a1c98 : hwc: Changes for display-hal compilation with QTI_BSP enabled <Ramakant Singh> 7 months ago
c772eec : hwc: Do not use Borderfill pipe for composition in WFD <Dileep Kumar Reddi> 7 months ago
e5268fd : hwc/overlay: Pass handle w/h and crop w/h through fb_image field <Arun Kumar K.R> 7 months ago
5d39f02 : hwc: Log warning instead of mHDMIClient object not available <Dileep Kumar Reddi> 7 months ago
55b3489 : hwc: Ignore float-conversion for included headers <Naseer Ahmed> 7 months ago
82fe9c6 : hwc: Do not consider rotation for smart blit <Ramakant Singh> 7 months ago
dd689ff : hwc: Do not create idle invalidator for MDP3 targets <Dileep Kumar Reddi> 7 months ago
c58836b : hwc: Align ROI's width and height in both directions <Dileep Kumar Reddi> 7 months ago
19f2250 : hwc: Fix SF crash due to SIGSEGV error <Raj Kamal> 7 months ago
598dc49 : hwc: use surfaceDamage to calculate the dirtyrect as per HWC 1.5 <Arun Kumar K.R> 7 months ago
26959dc : hwc: Fix SF crash due to SIGSEGV error <Raj Kamal> 7 months ago
5bdafcd : hwc: Do not consider invalid dirty rect for calculation <Ramakant Singh> 8 months ago
58f6540 : hwc: Align ROI when PingPong Split is enabled <Dileep Kumar Reddi> 7 months ago
ea846c8 : hwc: bringup HDMI on 8976 <Dileep Kumar Reddi> 7 months ago
 
**** cm:CyanogenMod/android_hardware_qcom_display ****
25957da : hwc: hdmi: Add support for S3D video <Yang Xu> 7 weeks ago
 
**** cm:CyanogenMod/android_hardware_qcom_display ****
86b1a30 : initial commit: symlink Sony HAL to msm8994 <Adam Farden> 8 weeks ago
 
**** cm:CyanogenMod/android_hardware_qcom_media ****
62f611d : Fix duplicated OMX.qcom.audio.decoder.aac entry <Keith Mok> 3 months ago
69d6d4b : media: Avoid collision with FFMPEG plugin <Steve Kondik> 10 weeks ago
610c356 : media: Use project pathmap <Ethan Chen> 10 weeks ago
dc1b1d4 : mm-video-v4l2: Unmap dropped output buffers <Surajit Podder> 3 months ago
78521c5 : Include kernel header dependency for libOmxVidcCommon <Divya Sharma> 3 months ago
f9c92f0 : mm-video-v4l2: vidc: venc: Fix hybrid HP layer count <Abdulla Anam> 4 months ago
a5dce41 : mm-video-v4l2: Enable get_param to check downscalar enablement <Surajit Podder> 4 months ago
e7743ae : mm-video-v4l2: venc: Add support to enhance hybrid Hier-p mode <Abdulla Anam> 4 months ago
75bc6a6 : mm-video-v4l2: vdec:  release buffer when qbuf to driver fails <Manikanta Kanamarlapudi> 4 months ago
cfeaf87 : mm-video-v4l2: Use client buffer header for FTB <Surajit Podder> 5 months ago
b6c736d : mm-video-v4l2: Disable intra refresh mode on msm8956/76 <Maheshwar Ajja> 5 months ago
a54c5d4 : mm-video-v4l2: vdec: fix fps issues in arbitrary mode <Ashray Kulkarni> 6 months ago
826ba8c : QCMetadata: add a new key for big buffers <Sidipotu Ashok> 5 months ago
ef3143a : QCMetadata: Add key for setBuffers API support <Manikanta Kanamarlapudi> 9 months ago
f178e8b : mm-video-v4l2: venc: support all I frame encoding usecase. <Abdulla Anam> 5 months ago
bcf4fa3 : libstagefrighthw: Add header guard to QComOMXMetadata.h and fix file perms <Deva Ramasubramanian> 5 months ago
e2d287f : mm-video-v4l2: vdec: streamoff while freeing first output buffer <Balamurugan Alagarsamy> 1 year, 2 months ago
f0fc3d0 : mm-video: Disable downscalar for non-display usecase <Surajit Podder> 8 months ago
0997c8a : mm-video: Enable HEVC software encoder OMX component. <Manikanta Sivapala> 5 months ago
8bb96de : mm-video_v4l2: pass crop nWidth and nHeight in reconfig event. <Abdulla Anam> 6 months ago
afb1469 : mm-video-v4l2: Fix downscalar issue <Surajit Podder> 6 months ago
269f6cd : mm-video-v4l2: Fix crash due to divide by zero <Surajit Podder> 5 months ago
c14558c : mm-video-v4l2: venc: initialize the member variables <Maheshwar Ajja> 6 months ago
99c2455 : mm-video-v4l2: vdec: Fix closing of file descriptor "0" <Deepak Kushwah> 6 months ago
b4d0e38 : mm-video-v4l2: venc: limit pixels value in input buffers. <Abdulla Anam> 6 months ago
1202ebd : mm-video_v4l2: pass crop nWidth and nHeight in reconfig event. <Abdulla Anam> 6 months ago
1fc82f0 : mm-video: Disable downscalar for non-display usecase <Surajit Podder> 8 months ago
6ecc67f : mm-core: update vpp related structures and enums. <Abdulla Anam> 6 months ago
56c0a51 : mm-video-v4l2: vidc: venc: fix CTS issues in vp8 encoder <Maheshwar Ajja> 6 months ago
1fe6770 : mm-core: update vpp related structures and enums. <Abdulla Anam> 6 months ago
a9c2410 : mm-video: Set correct color format to driver <Surajit Podder> 7 months ago
f2fa16b : mm-video-v4l2: vidc: venc: enable low latency mode <Maheshwar Ajja> 7 months ago
79da148 : mm-video-v4l2: null check before pointer dereference <Abdulla Anam> 6 months ago
a66ec1f : audio: Fix stale session opening of DSP audio decoder <Naresh Tanniru> 6 months ago
1171b44 : audio: Fix stale session opening of DSP audio decoder <Naresh Tanniru> 6 months ago
03f6533 : mm-video-v4l2: change variables used for reconfig height & width <Abdulla Anam> 7 months ago
6dc2004 : mm-video-v4l2: venc: Disable Bframes incase of UHD recording <Deepak Kushwah> 7 months ago
f493b73 : audio: Add support for new key kKeyByteMode <Manish Dewangan> 7 months ago
382b5b7 : mm-video-v4l2: video: add new extensions <Ashray Kulkarni> 10 months ago
b266f81 : mm-video-v4l2: venc: Add support for low latency mode <Maheshwar Ajja> 7 months ago
14c22a7 : mm-core: Add Skype extensions <Ashray Kulkarni> 10 months ago
f85c11c : mm-video-v4l2: Set IDR period for HEVC encoder <Surajit Podder> 7 months ago
16baeda : Revert "mm-video-v4l2: vidc: venc: Update color conversion decision" <Srinu Gorle> 7 months ago
fceb6d1 : mm-video-v4l2: video: Add support to enable Maxhierp layer <Deepak Kushwah> 7 months ago
6e3b671 : Revert "mm-video-v4l2: vidc: venc: Set V4L2_CID_MPEG_VIDC_SET_PERF_LEVEL control" <Deepak Kushwah> 7 months ago
970b439 : mm-video-v4l2: venc: close message pipes safely <Praveen Chavan> 10 months ago
5148806 : mm-video-v4l2: venc: report HW overload as insufficientResources <Praveen Chavan> 10 months ago
39fa84b : mm-video-v4l2: vdec: Handle empty EOS buffer <Praveen Chavan> 9 months ago
1e92b3c : mm-video-v4l2: venc: update allocation-size check for meta-buffer <Praveen Chavan> 8 months ago
b716acd : mm-video-v4l2: vidc: add support for setting operating-rate <Praveen Chavan> 10 months ago
 
**** cm:CyanogenMod/android_hardware_qcom_media ****
49aecee : mm-video-v4l2: vidc: vdec: skip enabling S3D extra data for secure session <Srinu Gorle> 11 months ago
54bfdc2 : mm-video-v4l2: vidc: vdec: Add support for S3D metadata <Ashray Kulkarni> 1 year, 1 month ago
 
**** cm:CyanogenMod/android_hardware_qcom_media ****
1cd00d0 : initial commit: symlink Sony HAL to msm8994 <Adam Farden> 8 weeks ago
 
**** vanir:hardware_samsung ****
6eec819 : Fix memory leaks and use of uninitialized pointers. <Pavel Zhamaitsiak> 7 months ago
 
**** cmold:android_kernel_lge_g3 ****
beb41d4 : g3: revert low power mode for HPH bias currents <Hendrik Hagendorn> 2 days ago
 
**** github:ashwinr64/android_kernel_oneplus_onyx ****
8e8e38f5 : onyx: defconfig: Noop to boot <Ashwin Ramesh> 26 hours ago
2ae1bf0 : driver: qpnp-vibrator: implement sysfs interface for intensity <Giulio Cervera> 2 days ago
8d7eefb : Revert "qpnp-vibrator: Allow change of vibrator intensity from userspace" <Willi Ye> 2 days ago
c368e45 : input: tri-state-key: Update for M <Willi Ye> 2 days ago
22ecec9 : Disable modules <Willi Ye> 3 days ago
ec36256 : usb: Remove otg switch <Willi Ye> 3 days ago
 
**** vanir:platform_manifest ****
897cd4a : Sorry Sony your camera is poison to other builds <DHOMD> 17 minutes ago
965b4af : Make Sony 87.28% less dysfunctional <DHOMD> 2 hours ago
 
**** cm:CyanogenMod/android_packages_apps_Messaging ****
80c9a59 : Messaging:Swipe right to delete conversation <chengzhi.hou> 6 days ago
 
**** vanir:packages_apps_Settings ****
fb52740 : Expose values for themes. <Dave Kover> 7 months ago
5d79a9e : Settings: Meet BYOD check intent filter expectations. <Adnan Begovic> 5 days ago
 
**** cm:CyanogenMod/android_packages_apps_Snap ****
9993625 : Snap: update icon <jrizzoli> 3 weeks ago
a301c53 : Snap: Fix incorrect preview layout surface size in landscape mode <Nikita> 7 days ago
 
**** cm:CyanogenMod/android_packages_apps_Trebuchet ****
1cd4587 : Trebuchet: Handle random crash during theme change / user switch <cretin45> 5 hours ago
c5454ec : Trebuchet: Scale icons in portrait if using condensed grid <cretin45> 8 hours ago
 
**** cm:CyanogenMod/android_packages_providers_ContactsProvider ****
4417d18 : Don't suspend aggregation for new contacts <Gabriele M> 31 hours ago
 
**** vanir:vendor_samsung ****
45669ea : zero: Add GPS blobs back <Brandon McAnsh> 33 hours ago
3b8dbfb : zero: Use LL mali until gralloc is updated to match kernel <Brandon McAnsh> 34 hours ago
58ca872 : zero: Add missing Broadcom firmware <Brandon McAnsh> 2 days ago
d68f635 : zero: Update blobs from MMB29K.G920FXXU3ZPA1 <Brandon McAnsh> 2 days ago
9d4f0f8 : noblelte-common: Add missing Broadcom firmware <Christopher N. Hesse> 2 days ago
ab85693 : noblelte-common: Update blobs from MRA58K <Christopher N. Hesse> 3 days ago
 
**** vanir:vendor_sony ****
10a17cd : shinano: re-add BCM43xx firmware, accidentally removed <Fábio Silva> 31 hours ago
 
