
**** vanir:art ****
16f8ce7 : ART: Recognize cortex-a53.a57 for ARM features <Andreas Gampe> 7 weeks ago
 
**** vanir:build ****
2967b7c : Hacks <DHOMD> 5 months ago
470b95c : build: Always run checkapi when building system image <Tom Marshall> 7 weeks ago
c0c16ba : Set mcpu targets based on cpu variant. <Christopher Ferris> 5 months ago
 
**** cm:CyanogenMod/android_device_htc_msm8974-common ****
27cbb33 : msm8974-common: Reorganize and remove unnecessary recovery flags <Matt Mower> 5 days ago
 
**** vanir:device_huawei_angler ****
884d6f0 : Clean up a duplicate value in the policy config <Steve Kondik> 12 days ago
 
**** cm:CyanogenMod/android_device_lge_d855 ****
ea0ffe9 : d855: enable FM radio (1/2) <Yaroslav Dronskii> 2 days ago
 
**** vanir:device_lge_g3-common ****
27cc42b : audio_policy: Don't use low latency primary <Ethan Chen> 2 days ago
c42648a : g3: enable FM radio (2/2) <Yaroslav Dronskii> 2 days ago
0e60e0c : Revert "g3: Temporarily disable hw avc decoder" <Dan Pasanen> 2 days ago
 
**** cm:CyanogenMod/android_device_motorola_victara ****
55d5857 : audio_policy: Don't use low latency primary <Ethan Chen> 2 days ago
 
**** github:Seraph08/android_device_oneplus_oneplus2 ****
9adf263 : Update BoardConfig.mk <David Vandenburgh> 14 hours ago
18a0aa0 : Update defaults.xml <David Vandenburgh> 14 hours ago
b90aeaa : Delete TapToWake.java <David Vandenburgh> 14 hours ago
 
**** vanir:device_samsung_msm8960-common ****
2afbc98 : sepolicy: turns out bluetooth needs to be able to open cid.info as well <Dan Pasanen> 17 hours ago
 
**** vanir:device_xiaomi_armani ****
1959a50 : Revert "Add flags for old modem" <fefifofum> 20 hours ago
5b5ea9f : Revert "armani: Remove un-needed boringssl-compat hack" <fefifofum> 20 hours ago
708f652 : Update audio_policy.conf <fefifofum> 20 hours ago
1205048 : Update liblight <fefifofum> 20 hours ago
d37b7c4 : Enable multi-stream zram suppport <onano> 10 days ago
 
**** vanir:frameworks_base ****
0358395 : SystemUI: visually disable EditTile in lock screen <Roman Birg> 22 hours ago
8923274 : add missing @hide <Roman Birg> 17 hours ago
8d4de13 : add routing for explicit call transfer <Roman Birg> 3 weeks ago
11d3a2d : Battery: Show battery fully charged notification <d34d> 2 days ago
 
**** cm:CyanogenMod/android_hardware_qcom_audio ****
b73a764 : audio: Extend platform parser to allow device name aliasing <Ethan Chen> 1 year, 5 months ago
64387ed : hal: Fix voice call recording <solk2> 1 year, 5 months ago
91c7d6b : hal: Fix digital USB headset combo device <Steve Kondik> 1 year, 5 months ago
be6fdfc : hal: Clean up compilation warnings <Steve Kondik> 1 year, 2 months ago
13ba1b4 : hal: Add support for audio amplifier HAL <Ethan Chen> 2 years, 8 months ago
381b7a0 : audio: Configure CM default feature set <Steve Kondik> 1 year, 2 months ago
b25084a : hal: Allow building hardware audio encoders <Arne Coucheron> 1 year ago
f48de3d : audio: Use project pathmap <Ethan Chen> 6 weeks ago
1362fc7 : audio: Only allow non-legacy HAL <Ethan Chen> 6 weeks ago
b5b6d33 : hal: Update format table with AAC ADTS formats. <Ashish Jain> 3 months ago
102616d : HAL: Identify the track offload session <Sharad Sangle> 8 weeks ago
d7eaf2b : HAL: Identify Track offload session <Alexy Joseph> 3 months ago
8c21ad7 : Merge DAX2 changes <Gao Jie> 3 months ago
12467a1 : hal: Use AUDIO_TX_MONO_COPP topology for incall record usecases <Karthik Reddy Katta> 3 months ago
 
**** cm:CyanogenMod/android_hardware_qcom_audio ****
d6128f9 : hal: notify amplifier of parameter changes <Scott Mertz> 5 months ago
7ca6cb9 : hal: only open the amplifier once <Dan Pasanen> 6 months ago
566dbbd : hal: enable amplifier earlier <Dan Pasanen> 6 months ago
be921a6 : hal: Notify amplifier of device enable/disable <Ethan Chen> 7 months ago
28c1931 : hal: Convert libaudioamp to audio_amplifier HAL <Ethan Chen> 8 months ago
d5a65d9 : audio: add amplifier stream start/standby operations <Scott Mertz> 8 months ago
23d551f : hal: Support the audio amplifier hook <Daniel Hillenbrand> 2 years, 8 months ago
 
**** cm:CyanogenMod/android_hardware_qcom_display ****
159c98d : msm8226: fix typo from "hwc: Validate display ID in hwc interfaces" <Adam Farden> 4 hours ago
 
**** cm:CyanogenMod/android_hardware_qcom_display ****
a74edfb : hwc: Remove references to display-frameworks <Ethan Chen> 4 weeks ago
c7cce05 : hwc: Fix compile errors after display-frameworks removal <Arne Coucheron> 4 weeks ago
b375570 : hwc: Support for QDCM Preference when PU enabled <Nitesh Gupta> 6 weeks ago
cc1ec84 : hwc: Set ioprio for vsync thread <Steve Kondik> 5 months ago
7516867 : Don't build lights module if vendor supplies it <Steve Kondik> 1 year, 3 months ago
730d245 : Revert "hqd: Use MSM_VIDC_TARGET_LIST for Venus color format" <Ethan Chen> 6 weeks ago
bc1215a : display: Use project pathmap <Ethan Chen> 1 year, 3 months ago
c324d73 : hwc: Set DefaultMode after bootup completion <Ramakant Singh> 8 weeks ago
8a6e7c9 : gralloc: Add a private flag for INTERNAL only <Arun Kumar K.R> 5 months ago
394c830 : hwc: Donot update dynamic-fps when device is not active <Ramakant Singh> 4 months ago
8f21571 : hwc: Do not wait for MDSS fence for layers with rotation <Dileep Kumar Reddi> 4 months ago
d2c5ca0 : hwc: Start with ROI set to destination <Arun Kumar K.R> 4 months ago
9ef4d8c : hwc: Set minfps as part of timeout_handler during idlefallback <Ramakant Singh> 4 months ago
0d616ba : Revert "hwc: Relax format change restrictions for certain targets" <Dileep Kumar Reddi> 4 months ago
213ead5 : Default flexible YUV format to NV21 <Tanmaya Godbole> 5 months ago
ed75fdb : hwc: Reset refresh-rate for few cases as part of timeout handler <Dileep Kumar Reddi> 4 months ago
56ed396 : gralloc: Add support for PRIV_FLAGS_DISP_CONSUMER <Surajit Podder> 8 months ago
a2d5295 : hwc: Support ActionSafe on targets with non-scaling RGB pipes. <Sandeep Panda> 5 months ago
248378d : gralloc: Use adreno_utils api for NV21 and NV12 alignment <Sushil Chauhan> 5 months ago
037d21d : hwc: Use basePipe for fullscreen and opaque layer <Pullakavi Srinivas> 5 months ago
77ec4ef : gralloc: Modify check for uncompressed RGB buffers <Naomi Luis> 5 months ago
449fbe0 : hwc: Use aligned width and height <Dileep Kumar Reddi> 5 months ago
02dbc50 : Revert "HWC: use aligned width and height for rearranging ROI" <Dileep Kumar Reddi> 5 months ago
cd7217a : hwc: Support ActionSafe on targets with non-scaling RGB pipes. <Sandeep Panda> 5 months ago
eed742d : overlay: add tertiary display definition in overlay <Vinu Deokaran> 5 months ago
a029479 : hwc: Validate display ID in hwc interface <Arun Kumar K.R> 5 months ago
09441c1 : gralloc: Add missing changes related to RAW16 <Raj Kamal> 6 months ago
7ea10c5 : hwc: Use basePipe for fullscreen and opaque layer <Pullakavi Srinivas> 5 months ago
c039f6e : hwc: Use aligned width and height <Dileep Kumar Reddi> 5 months ago
60cbe72 : Revert "HWC: use aligned width and height for rearranging ROI" <Dileep Kumar Reddi> 5 months ago
2e918bf : hwc: Avoid idlefallback during video playback <Raj Kamal> 5 months ago
fbe5a60 : HWC: use aligned width and height for rearranging ROI <Dileep Kumar Reddi> 5 months ago
597b313 : hwc: Featurize HWC_DISPLAY_SECURE <Raj Kamal> 5 months ago
eb4d7a6 : hwc: Use HWC_DISPLAY_NO_ATTRIBUTE as terminator. <Prabhanjan Kandula> 5 months ago
410ba7c : hwc : Normalize source crop before validating scaling limits. <Prabhanjan Kandula> 6 months ago
95fef31 : hwc: Relax format change restrictions for certain targets <Dileep Kumar Reddi> 6 months ago
42a1c98 : hwc: Changes for display-hal compilation with QTI_BSP enabled <Ramakant Singh> 6 months ago
c772eec : hwc: Do not use Borderfill pipe for composition in WFD <Dileep Kumar Reddi> 6 months ago
e5268fd : hwc/overlay: Pass handle w/h and crop w/h through fb_image field <Arun Kumar K.R> 7 months ago
5d39f02 : hwc: Log warning instead of mHDMIClient object not available <Dileep Kumar Reddi> 6 months ago
55b3489 : hwc: Ignore float-conversion for included headers <Naseer Ahmed> 6 months ago
82fe9c6 : hwc: Do not consider rotation for smart blit <Ramakant Singh> 6 months ago
dd689ff : hwc: Do not create idle invalidator for MDP3 targets <Dileep Kumar Reddi> 6 months ago
c58836b : hwc: Align ROI's width and height in both directions <Dileep Kumar Reddi> 6 months ago
19f2250 : hwc: Fix SF crash due to SIGSEGV error <Raj Kamal> 6 months ago
598dc49 : hwc: use surfaceDamage to calculate the dirtyrect as per HWC 1.5 <Arun Kumar K.R> 6 months ago
26959dc : hwc: Fix SF crash due to SIGSEGV error <Raj Kamal> 6 months ago
5bdafcd : hwc: Do not consider invalid dirty rect for calculation <Ramakant Singh> 7 months ago
58f6540 : hwc: Align ROI when PingPong Split is enabled <Dileep Kumar Reddi> 7 months ago
ea846c8 : hwc: bringup HDMI on 8976 <Dileep Kumar Reddi> 7 months ago
 
**** cm:CyanogenMod/android_hardware_qcom_media ****
62f611d : Fix duplicated OMX.qcom.audio.decoder.aac entry <Keith Mok> 9 weeks ago
69d6d4b : media: Avoid collision with FFMPEG plugin <Steve Kondik> 6 weeks ago
610c356 : media: Use project pathmap <Ethan Chen> 6 weeks ago
dc1b1d4 : mm-video-v4l2: Unmap dropped output buffers <Surajit Podder> 8 weeks ago
78521c5 : Include kernel header dependency for libOmxVidcCommon <Divya Sharma> 3 months ago
f9c92f0 : mm-video-v4l2: vidc: venc: Fix hybrid HP layer count <Abdulla Anam> 4 months ago
a5dce41 : mm-video-v4l2: Enable get_param to check downscalar enablement <Surajit Podder> 3 months ago
e7743ae : mm-video-v4l2: venc: Add support to enhance hybrid Hier-p mode <Abdulla Anam> 3 months ago
75bc6a6 : mm-video-v4l2: vdec:  release buffer when qbuf to driver fails <Manikanta Kanamarlapudi> 4 months ago
cfeaf87 : mm-video-v4l2: Use client buffer header for FTB <Surajit Podder> 4 months ago
b6c736d : mm-video-v4l2: Disable intra refresh mode on msm8956/76 <Maheshwar Ajja> 4 months ago
a54c5d4 : mm-video-v4l2: vdec: fix fps issues in arbitrary mode <Ashray Kulkarni> 5 months ago
826ba8c : QCMetadata: add a new key for big buffers <Sidipotu Ashok> 4 months ago
ef3143a : QCMetadata: Add key for setBuffers API support <Manikanta Kanamarlapudi> 8 months ago
f178e8b : mm-video-v4l2: venc: support all I frame encoding usecase. <Abdulla Anam> 4 months ago
bcf4fa3 : libstagefrighthw: Add header guard to QComOMXMetadata.h and fix file perms <Deva Ramasubramanian> 5 months ago
e2d287f : mm-video-v4l2: vdec: streamoff while freeing first output buffer <Balamurugan Alagarsamy> 1 year, 2 months ago
f0fc3d0 : mm-video: Disable downscalar for non-display usecase <Surajit Podder> 8 months ago
0997c8a : mm-video: Enable HEVC software encoder OMX component. <Manikanta Sivapala> 4 months ago
8bb96de : mm-video_v4l2: pass crop nWidth and nHeight in reconfig event. <Abdulla Anam> 5 months ago
afb1469 : mm-video-v4l2: Fix downscalar issue <Surajit Podder> 5 months ago
269f6cd : mm-video-v4l2: Fix crash due to divide by zero <Surajit Podder> 5 months ago
c14558c : mm-video-v4l2: venc: initialize the member variables <Maheshwar Ajja> 5 months ago
99c2455 : mm-video-v4l2: vdec: Fix closing of file descriptor "0" <Deepak Kushwah> 5 months ago
b4d0e38 : mm-video-v4l2: venc: limit pixels value in input buffers. <Abdulla Anam> 5 months ago
1202ebd : mm-video_v4l2: pass crop nWidth and nHeight in reconfig event. <Abdulla Anam> 5 months ago
1fc82f0 : mm-video: Disable downscalar for non-display usecase <Surajit Podder> 8 months ago
6ecc67f : mm-core: update vpp related structures and enums. <Abdulla Anam> 5 months ago
56c0a51 : mm-video-v4l2: vidc: venc: fix CTS issues in vp8 encoder <Maheshwar Ajja> 5 months ago
1fe6770 : mm-core: update vpp related structures and enums. <Abdulla Anam> 5 months ago
a9c2410 : mm-video: Set correct color format to driver <Surajit Podder> 6 months ago
f2fa16b : mm-video-v4l2: vidc: venc: enable low latency mode <Maheshwar Ajja> 6 months ago
79da148 : mm-video-v4l2: null check before pointer dereference <Abdulla Anam> 5 months ago
a66ec1f : audio: Fix stale session opening of DSP audio decoder <Naresh Tanniru> 6 months ago
1171b44 : audio: Fix stale session opening of DSP audio decoder <Naresh Tanniru> 6 months ago
03f6533 : mm-video-v4l2: change variables used for reconfig height & width <Abdulla Anam> 6 months ago
6dc2004 : mm-video-v4l2: venc: Disable Bframes incase of UHD recording <Deepak Kushwah> 6 months ago
f493b73 : audio: Add support for new key kKeyByteMode <Manish Dewangan> 6 months ago
382b5b7 : mm-video-v4l2: video: add new extensions <Ashray Kulkarni> 9 months ago
b266f81 : mm-video-v4l2: venc: Add support for low latency mode <Maheshwar Ajja> 6 months ago
14c22a7 : mm-core: Add Skype extensions <Ashray Kulkarni> 9 months ago
f85c11c : mm-video-v4l2: Set IDR period for HEVC encoder <Surajit Podder> 6 months ago
16baeda : Revert "mm-video-v4l2: vidc: venc: Update color conversion decision" <Srinu Gorle> 6 months ago
fceb6d1 : mm-video-v4l2: video: Add support to enable Maxhierp layer <Deepak Kushwah> 6 months ago
6e3b671 : Revert "mm-video-v4l2: vidc: venc: Set V4L2_CID_MPEG_VIDC_SET_PERF_LEVEL control" <Deepak Kushwah> 6 months ago
970b439 : mm-video-v4l2: venc: close message pipes safely <Praveen Chavan> 9 months ago
5148806 : mm-video-v4l2: venc: report HW overload as insufficientResources <Praveen Chavan> 9 months ago
39fa84b : mm-video-v4l2: vdec: Handle empty EOS buffer <Praveen Chavan> 8 months ago
1e92b3c : mm-video-v4l2: venc: update allocation-size check for meta-buffer <Praveen Chavan> 7 months ago
b716acd : mm-video-v4l2: vidc: add support for setting operating-rate <Praveen Chavan> 9 months ago
 
**** cmold:android_kernel_lge_g3 ****
072c2b8 : ASoC: msm: qdsp6v2: add support for any number of ASM buffers <Banajit Goswami> 1 year, 1 month ago
6fe1f69 : vidc: unherp the derp <Dan Pasanen> 2 days ago
a6e1f76 : Fix for FM reinitialisation <Yaroslav Dronskii> 6 days ago
112b608 : media: radio: Fix loading the IRIS transport when not a module <mikereidis> 11 months ago
 
**** cm:CyanogenMod/android_packages_apps_Trebuchet ****
5f34528 : Trebuchet: Don't animate folder closed when pressing menu key <cretin45> 20 hours ago
15d3632 : Trebuchet: Fix background flicker when opening all apps <cretin45> 21 hours ago
 
**** vanir:packages_apps_UnifiedEmail ****
9326dcd : Revert "Remove mail signatures from notification text." <nuclearmistake> 7 hours ago
 
**** cm:CyanogenMod/android_packages_services_Telecomm ****
e71e08d : Telecomm: update tests with IConnectionService API change <Scott Mertz> 3 hours ago
0e98a58 : Telecom: add transfer call interface <Roman Birg> 3 weeks ago
 
**** vanir:packages_services_Telephony ****
fbfb65e : Call preferences: Echo cancellation toggle <Ricardo Cerqueira> 27 hours ago
cdab421 : Telephony: hook up call transfer <Roman Birg> 3 weeks ago
 
**** cm:CyanogenMod/android_prebuilts_cmsdk ****
4634337 : prebuilts/cmsdk: Update for latest minor stable release. <Adnan Begovic> 20 hours ago
 
**** cm:CyanogenMod/cm_platform_sdk ****
a6ce9b8 : cmsdk: Annotate a few zenmode tests as flaky. <Adnan Begovic> 19 hours ago
 
**** vanir:vendor_lge ****
a271274 : g3: update headset audio cal from D85530b <Dan Pasanen> 2 days ago
 
**** vanir:vendor_vanir ****
a71425a : Restore angler model <nuclearmistake> 7 hours ago
66f04f7 : cm: Add live lockscreen feature <Michael Bestas> 5 days ago
 
**** vanir:vendor_xiaomi ****
8a3fa64 : Merge https://github.com/armani-dev/proprietary_vendor_xiaomi into m6 <mr-tweaker> 12 hours ago
 
