
**** aosp:platform/cts ****
3374a18 : DO NOT MERGE:Updated the test to use Build.VERSION.SECURITY_PATCH Updated the test for August 2016 <Dave Weinstein> 3 months ago
 
**** cm:CyanogenMod/android_device_htc_himawl ****
8719288 : himawl: Remove Mms package overlay <David Hays> 3 days ago
 
**** cm:CyanogenMod/android_device_huawei_kiwi ****
3bae7ec : kiwi: ril: Prioritize wcdma signal strength over gsm signal strength <Christopher R. Palmer> 7 days ago
 
**** vanir:device_lge_bullhead ****
52b7f4d : bullhead: update build fingerprint & description to MTC20K <razorloves> 3 days ago
 
**** vanir:device_lge_hammerhead ****
5ec8b80 : hammerhead: update build fingerprint & description to MOB31E <razorloves> 3 days ago
 
**** vanir:device_moto_shamu ****
59a37b2 : shamu: update build fingerprint & description to MOB31E <razorloves> 3 days ago
 
**** vanir:device_motorola_omap4-common ****
3e9a6ad : libutils/Unicode.cpp: Correct length computation and add checks for utf16->utf8 <Sergio Giro> 3 months ago
 
**** cm:CyanogenMod/android_device_samsung_d2-common ****
0e3e021 : Fix Greece SPN <leskal> 35 hours ago
 
**** vanir:device_samsung_jf-common ****
a883358 : jf: Support Samsung extended AGPS <David Ferguson> 3 years, 1 month ago
90f6729 : Revert "Revert "jf: ril: remove lollipop hack"" <Zhao Wei Liew> 8 days ago
4a6483a : jf: Keep SIM state on LPM mode <Zhao Wei Liew> 7 days ago
fa54e6f : Fix Greece SPN <leskal> 35 hours ago
 
**** vanir:device_samsung_kona-common ****
5557656 : kona : restore symbol for n5120 <RGIB> 16 hours ago
 
**** vanir:device_samsung_manta ****
f9f2751 : Don't use the CM charger <Scott Warner> 3 days ago
 
**** cm:CyanogenMod/android_device_samsung_noblelte-common ****
dcb6bfe : noblelte: Disable 24 bit PCM <Christopher N. Hesse> 2 days ago
e2481f1 : noblelte: Switch deep buffer back to sec-i2s interface <Christopher N. Hesse> 2 days ago
 
**** cm:CyanogenMod/android_device_samsung_zero-common ****
77aa8b6 : zero: Add support for NV21 format <WildfireDEV> 2 weeks ago
fbd1a0d : zero: Fix crash on audio playback <Christopher N. Hesse> 6 weeks ago
16ea609 : zero: Off-Mode Charging edits <WildfireDEV> 2 weeks ago
 
**** cm:CyanogenMod/android_device_yu_tomato ****
3f61cb7 : Partially revert "tomato: cmhw: Update and clean up" <Michael Bestas> 3 days ago
ef1b3a5 : tomato: cmhw: Update and clean up <Michael Bestas> 3 months ago
 
**** vanir:frameworks_base ****
633a906 : PhoneWindowManager: set focus flags on keyguard panels <Roman Birg> 10 days ago
 
**** vanir:frameworks_opt_telephony ****
854e2b3 : CdmaServiceStateTracker: Load CarrierConfig for NV Subscription <Aaron Knight> 4 weeks ago
 
**** cm:CyanogenMod/android_hardware_qcom_audio ****
bf8c1ab : audio: Fix complilation warnings under Clang <Steve Kondik> 2 months ago
a11ff3c : ssr: Fix building with OSS materials <Ricardo Cerqueira> 3 months ago
77bb1db : post proc : volume listener : fix effect release crash <Eric Laurent> 9 months ago
d796841 : hal: Add support to reload ACDB files <Karthik Reddy Katta> 5 months ago
e1b5f35 : make: Fixup cross-platform guards <Ricardo Cerqueira> 4 months ago
95d38b9 : hal : Fix banned API's and input validation errors <Preetam Singh Ranawat> 5 months ago
67ab751 : hal: return with error code to avoid tearing down existing recording <Zhou Song> 5 months ago
90f2a4c : hal: add support for msm8917 tmo, msm8917 sku5 and msm8940 sku6 <Meng Wang> 5 months ago
9898456 : audiopolicymanager: fix device selection in getNewOutputDevice <Satya Krishna Pindiproli> 5 months ago
21f9fa7 : hal: post_proc: Do not enable volume listener <Dhanalakshmi Siddani> 5 months ago
6540c07 : audiopolicy: check active direct output before adding DIRECT_PCM flag <Zhou Song> 6 months ago
354a07c : hal: Update to make code more reliable <Kuirong Wang> 7 months ago
5319430 : hal : Fix data initialization and input validation errors <Preetam Singh Ranawat> 6 months ago
d77d3b3 : policy_hal: add support for 32/48KHz support for voip <Shiv Maliyappanahalli> 7 months ago
e66aba2 : hal: add support for 32/48KHz for voip <Shiv Maliyappanahalli> 8 months ago
78b70c0 : hal: add support for fluence in voice recognition <Vidyakumar Athota> 1 year, 2 months ago
726c71d : Revert "hal: Fix SSR issue for compress offload playback" <Naresh Tanniru> 7 months ago
a969a9b : Remove internal code name of msmtitanium for msm8952. <Arusha Goyal> 6 months ago
fd7607b : hal: stop sound trigger buffering during close <Mingming Yin> 8 months ago
fdbcd9d : Remove internal code name of msmtitanium for msm8952. <Arusha Goyal> 6 months ago
60cd764 : audio: port sound trigger fixes <Mingming Yin> 7 months ago
0a79f2c : hal: reset backend configuration before speaker calibration <Vidyakumar Athota> 8 months ago
4ffc926 : hal: Add support to get speaker FTM parameters <Vidyakumar Athota> 7 months ago
3abfee2 : Revert "hal: Fix voice call routing issue on headset" <Karthik Reddy Katta> 7 months ago
b137994 : hal: Fix warnings in audio HAL and policy <Alexy Joseph> 8 months ago
31eefec : hal: correct offload tear down check due to sw effect <Weiyin Jiang> 6 months ago
869f201 : hal: force device switch only for headset and headphone <Xiaojun Sang> 7 months ago
46025ef : hal: update compress offload pcm device ID <Vidyakumar Athota> 9 months ago
58081b6 : audiopolicy: fix notification tone during call not stopped after call ended <Zhou Song> 7 months ago
fccb915 : audiopolicy: do not set FM volume during device connection/disconnection <Satya Krishna Pindiproli> 7 months ago
0d47176 : hal: Fix the device disable/enable sequence for capture usecases <Karthik Reddy Katta> 1 year, 1 month ago
74a2eee : hal: support wsa combo for jacala <Naresh Tanniru> 7 months ago
cd327f8 : hal: don't allow track offload if there's active sw effect <Weiyin Jiang> 7 months ago
488ac37 : hal: spkr_prot: read temperature once during calibration <Vidyakumar Athota> 7 months ago
fdd505a : hal: limit AFE and ADM sample rate at 48 for speaker <Sidipotu Ashok> 7 months ago
bbce432 : hal: Ensure that stream is not started during Sub system restart. <Ashish Jain> 7 months ago
d211ef5 : policy_hal: handle incall sonification without checking output refCount <Weiyin Jiang> 7 months ago
4bd09d0 : hal: Add support to dynamically configure MI2S rx sample rate <Venkata Narendra Kumar Gutta> 8 months ago
f98e42f : hal: Remove return values from void functions <Leena Winterrowd> 8 months ago
ad8fff8 : hal: enhance the combo device detection logic during native playback <Sidipotu Ashok> 7 months ago
7f4817f : hal: Add support for FBSP in WSA analog mode <Venkata Narendra Kumar Gutta> 8 months ago
aee4fdd : hal: Fix potential memory leaks in HAL <Alexy Joseph> 8 months ago
4051676 : mm-audio: omx: Fix handling of flush error on session not found <Mingming Yin> 7 months ago
bb4cf0b : hal: fix no audio issue in voice call <Shiv Maliyappanahalli> 8 months ago
8d019b0 : hal: fix to enable aanc handset dynamically during voice call <Shiv Maliyappanahalli> 8 months ago
dda29e6 : hal: fix resource leak issues in platform.c <Mingming Yin> 9 months ago
34a303c : hal: Remove alac, ape from hardware decoder list <Naresh Tanniru> 8 months ago
d7a04cd : hal: Set sampling rate for stream_out <Leena Winterrowd> 8 months ago
125900e : hal: fix usecase selection in adev_open_output_stream <Satya Krishna Pindiproli> 8 months ago
eeb6b31 : hal: fm: add parameter to set mute options <Dhananjay Kumar> 8 months ago
 
**** cm:CyanogenMod/android_hardware_qcom_audio ****
dc4a1f6 : DO NOT MERGE Fix AudioEffect reply overflow <Andy Hung> 3 months ago
52af337 : hal: Garbage output in logcat <Keith Mok> 4 months ago
23187da : policy_hal: handle incall sonification without checking output refCount <Weiyin Jiang> 7 months ago
79f27c0 : hal: Fix WFD and voice call over USB concurrency <vivek mehta> 5 months ago
59da825 : hal: spk_prot: remove cond_wait for spkr_calib_cancel <Laxminath Kasam> 6 months ago
a0266fe : audio: update flags for selection of VoIP direct output <Karthik Reddy Katta> 10 months ago
e38d22a : hal: Fix glitch in audio playback during device switch <Weiyin Jiang> 6 months ago
237f1e8 : hal: spkr_prot: read temperature once during calibration <Vidyakumar Athota> 7 months ago
a74d752 : hal: correct offload tear down check due to sw effect <Weiyin Jiang> 6 months ago
886c244 : hal: remove explicit direct pcm usecase <vivek mehta> 12 months ago
f6cd4f7 : hal: stop sound trigger buffering during close <Mingming Yin> 8 months ago
4fb2812 : hal: don't allow track offload if there's active sw effect <Weiyin Jiang> 7 months ago
bfe1cc3 : hal: Fix 44.1Khz playback when native support is not enabled <Amit Shekhar> 8 months ago
dc520bc : libaudiopolicymanager: DirectPCM: fix 44.1 clip playing noisy issue <vivek mehta> 10 months ago
b73a764 : audio: Extend platform parser to allow device name aliasing <Ethan Chen> 2 years ago
64387ed : hal: Fix voice call recording <solk2> 2 years ago
91c7d6b : hal: Fix digital USB headset combo device <Steve Kondik> 2 years ago
be6fdfc : hal: Clean up compilation warnings <Steve Kondik> 1 year, 9 months ago
13ba1b4 : hal: Add support for audio amplifier HAL <Ethan Chen> 3 years, 4 months ago
381b7a0 : audio: Configure CM default feature set <Steve Kondik> 1 year, 9 months ago
b25084a : hal: Allow building hardware audio encoders <Arne Coucheron> 1 year, 8 months ago
f48de3d : audio: Use project pathmap <Ethan Chen> 9 months ago
1362fc7 : audio: Only allow non-legacy HAL <Ethan Chen> 9 months ago
b5b6d33 : hal: Update format table with AAC ADTS formats. <Ashish Jain> 10 months ago
102616d : HAL: Identify the track offload session <Sharad Sangle> 9 months ago
d7eaf2b : HAL: Identify Track offload session <Alexy Joseph> 10 months ago
8c21ad7 : Merge DAX2 changes <Gao Jie> 10 months ago
fc04fdc : hal: update in_call flag state based on mode information <Venkata Narendra Kumar Gutta> 11 months ago
12467a1 : hal: Use AUDIO_TX_MONO_COPP topology for incall record usecases <Karthik Reddy Katta> 10 months ago
 
**** cm:CyanogenMod/android_hardware_qcom_display ****
e435cea : Don't build lights module if vendor supplies it <Steve Kondik> 1 year, 10 months ago
9f98625 : make: Adjust to dynamic paths <Ricardo Cerqueira> 4 months ago
df7f309 : sdm: Add NULL check for allocated memory <Ramakant Singh> 5 months ago
5b880f0 : gralloc : Add singleton class for mdp capability <Ramakant Singh> 5 months ago
b8cb6de : sdm: Fix incorrect permission on hw_info.cpp <Naseer Ahmed> 6 months ago
805ea87 : libgralloc: Get appropriate width and height from metadata <Ramkumar Radhakrishnan> 6 months ago
57f0cc4 : sdm: Set the new panel width and height correctly <Ramakant Singh> 6 months ago
354bf79 : sdm: Disable partial update only if is enabled. <Dileep Marchya> 6 months ago
4570003 : sdm: Add parameter check for content list <Manoj Kumar AVM> 7 months ago
c5109e6 : sdm : Apply Default Mode on real framework start <Sravan Kumar D.V.N> 6 months ago
5e0a1dc : hwc: Initialize pipe type to kPipeTypeUnused <Pullakavi Srinivas> 6 months ago
c487a88 : sdm: Initialize blit class members <Anjaneya Prasad Musunuri> 6 months ago
3cb64d9 : sdm:  Adding mapping of MDP RGB565_UBWC  format to SDM format <Anjaneya Prasad Musunuri> 6 months ago
f4912df : sdm: Add support for 10 bit RGB/YUV formats. <Ramkumar Radhakrishnan> 6 months ago
db89d1f : libgralloc: Add support for 10 bit RGB/YUV formats. <Ramkumar Radhakrishnan> 6 months ago
813ec82 : sdm: Create rotator modules only if a config has required h/w <Saurabh Shah> 7 months ago
cdd3895 : sdm: Add support for V4L2 Rotator <Saurabh Shah> 10 months ago
48c0356 : sdm: Indicate if Rotator is separate H/W block <Sushil Chauhan> 7 months ago
9964fc0 : sdm: Read number of rects from per-pipe caps <Sushil Chauhan> 7 months ago
07f4d41 : sdm:  Adding mapping of MDP RGB565_UBWC  format to SDM format <Anjaneya Prasad Musunuri> 6 months ago
6f227cf : sdm: Set max_layers to 0 when HDMI is in S3D mode <Xu Yang> 8 months ago
53a9573 : sdm: color-manager: PA Dither implementation. <Siddharth Zaveri> 6 months ago
d9f58e0 : sdm: Fix layer blending parameter setting. <Ramkumar Radhakrishnan> 8 months ago
bf04660 : sdm: Fix default ROI initialization <Ramkumar Radhakrishnan> 6 months ago
a212934 : gralloc: Ignore IGC setting. <Dileep Marchya> 8 months ago
bb069a6 : sdm: Fix Wconversion errors <Naseer Ahmed> 7 months ago
95cf0f2 : sdm: color-manager: Add support for global dither. <Siddharth Zaveri> 7 months ago
36e000a : gralloc: Fix RAW10 stride <Ranjith Kagathi Ananda> 1 year, 3 months ago
0899057 : sdm: Initialize blit engine only if blit is supported. <Anjaneya Prasad Musunuri> 7 months ago
7b23121 : sdm: Fix out of bound access to HWC layers. <Dileep Marchya> 7 months ago
15ac3bd : Revert "sdm: Allocate layer stack objects individually." <Dileep Marchya> 7 months ago
eb97bc9 : sdm: Populate supported format table map from sysfs node <Ramkumar Radhakrishnan> 8 months ago
b2781cc : sdm: Typecast void pointer to mdp scale structure for QSEED2. <Ramkumar Radhakrishnan> 7 months ago
d4fa563 : sdm: Avoid flush for virtual display when no app layer is present. <Anjaneya Prasad Musunuri> 7 months ago
cb44d97 : libgralloc: disable UBWC for video encoder usecase <Manikanta Kanamarlapudi> 7 months ago
9c72d0d : sdm: Resolve mismatched deallocation of memory <Anjaneya Prasad Musunuri> 7 months ago
ee63e37 : sdm: Add output buffer resolution in dump <Manoj Kumar AVM> 8 months ago
2e2830c : sdm: Read per-pipe caps from MDP caps <Sushil Chauhan> 8 months ago
66b1fa5 : sdm: Allocate layer stack objects individually. <Dileep Marchya> 8 months ago
165ef42 : sdm: color-manager: Resolve uninitialized variable access. <Siddharth Zaveri> 7 months ago
7d0727d : sdm: Mark layer as updating if geometry has changed. <Dileep Marchya> 8 months ago
a55f866 : sdm: Fix out of bounds access <Saurabh Shah> 8 months ago
bd4aaf2 : libmemtrack: Update the parsing of flags field <Harshdeep Dhatt> 9 months ago
f77878d : sdm: Read max panel brightness level from file node. <Siddharth Zaveri> 8 months ago
930582e : sdm: Add an interface to store layer's input buffer id. <Ramkumar Radhakrishnan> 8 months ago
647e171 : hwc: Fix mutex deadlock in GetVsyncPeriod <Manoj Kumar AVM> 8 months ago
46ef281 : sdm: Add support for S3D video <Yang Xu> 9 months ago
cd0dace : sdm: Add CSC information in dump. <Dileep Marchya> 8 months ago
f8fa2a8 : sdm: Write auto refresh value only if changed <Saurabh Shah> 9 months ago
ae51451 : sdm: hwc: Use display_defs.h <Arun Kumar K.R> 9 months ago
 
**** cm:CyanogenMod/android_hardware_qcom_display ****
7b9a3a1 : hwc/overlay: Validate cursor position in hwc_setPositionAsync <Baldev Sahu> 7 months ago
4c401f0 : hwc: Fix sanitize ROI func <Ramakant Singh> 7 months ago
6dab9c9 : hwc: Apply Default Mode on real framework start <Sravan Kumar D.V.N> 7 months ago
732b9ac : qdutils: Correct the hwc-driver mismatch <Ramakant Singh> 7 months ago
f1e2905 : hwc: remove local constant DISPLAY_ATTRIBUTES list <Ramakant Singh> 8 months ago
a74edfb : hwc: Remove references to display-frameworks <Ethan Chen> 8 months ago
c7cce05 : hwc: Fix compile errors after display-frameworks removal <Arne Coucheron> 8 months ago
b375570 : hwc: Support for QDCM Preference when PU enabled <Nitesh Gupta> 9 months ago
cc1ec84 : hwc: Set ioprio for vsync thread <Steve Kondik> 12 months ago
7516867 : Don't build lights module if vendor supplies it <Steve Kondik> 1 year, 10 months ago
730d245 : Revert "hqd: Use MSM_VIDC_TARGET_LIST for Venus color format" <Ethan Chen> 9 months ago
bc1215a : display: Use project pathmap <Ethan Chen> 1 year, 10 months ago
c324d73 : hwc: Set DefaultMode after bootup completion <Ramakant Singh> 9 months ago
8a6e7c9 : gralloc: Add a private flag for INTERNAL only <Arun Kumar K.R> 1 year ago
394c830 : hwc: Donot update dynamic-fps when device is not active <Ramakant Singh> 11 months ago
8f21571 : hwc: Do not wait for MDSS fence for layers with rotation <Dileep Kumar Reddi> 11 months ago
d2c5ca0 : hwc: Start with ROI set to destination <Arun Kumar K.R> 11 months ago
9ef4d8c : hwc: Set minfps as part of timeout_handler during idlefallback <Ramakant Singh> 11 months ago
0d616ba : Revert "hwc: Relax format change restrictions for certain targets" <Dileep Kumar Reddi> 11 months ago
213ead5 : Default flexible YUV format to NV21 <Tanmaya Godbole> 1 year, 1 month ago
ed75fdb : hwc: Reset refresh-rate for few cases as part of timeout handler <Dileep Kumar Reddi> 11 months ago
56ed396 : gralloc: Add support for PRIV_FLAGS_DISP_CONSUMER <Surajit Podder> 1 year, 3 months ago
a2d5295 : hwc: Support ActionSafe on targets with non-scaling RGB pipes. <Sandeep Panda> 1 year ago
248378d : gralloc: Use adreno_utils api for NV21 and NV12 alignment <Sushil Chauhan> 1 year ago
037d21d : hwc: Use basePipe for fullscreen and opaque layer <Pullakavi Srinivas> 1 year ago
77ec4ef : gralloc: Modify check for uncompressed RGB buffers <Naomi Luis> 1 year ago
449fbe0 : hwc: Use aligned width and height <Dileep Kumar Reddi> 1 year ago
02dbc50 : Revert "HWC: use aligned width and height for rearranging ROI" <Dileep Kumar Reddi> 1 year ago
cd7217a : hwc: Support ActionSafe on targets with non-scaling RGB pipes. <Sandeep Panda> 1 year ago
eed742d : overlay: add tertiary display definition in overlay <Vinu Deokaran> 1 year ago
a029479 : hwc: Validate display ID in hwc interface <Arun Kumar K.R> 1 year ago
09441c1 : gralloc: Add missing changes related to RAW16 <Raj Kamal> 1 year, 1 month ago
7ea10c5 : hwc: Use basePipe for fullscreen and opaque layer <Pullakavi Srinivas> 1 year ago
c039f6e : hwc: Use aligned width and height <Dileep Kumar Reddi> 1 year ago
60cbe72 : Revert "HWC: use aligned width and height for rearranging ROI" <Dileep Kumar Reddi> 1 year ago
2e918bf : hwc: Avoid idlefallback during video playback <Raj Kamal> 1 year, 1 month ago
fbe5a60 : HWC: use aligned width and height for rearranging ROI <Dileep Kumar Reddi> 1 year, 1 month ago
597b313 : hwc: Featurize HWC_DISPLAY_SECURE <Raj Kamal> 1 year, 1 month ago
eb4d7a6 : hwc: Use HWC_DISPLAY_NO_ATTRIBUTE as terminator. <Prabhanjan Kandula> 1 year, 1 month ago
410ba7c : hwc : Normalize source crop before validating scaling limits. <Prabhanjan Kandula> 1 year, 1 month ago
95fef31 : hwc: Relax format change restrictions for certain targets <Dileep Kumar Reddi> 1 year, 1 month ago
42a1c98 : hwc: Changes for display-hal compilation with QTI_BSP enabled <Ramakant Singh> 1 year, 1 month ago
c772eec : hwc: Do not use Borderfill pipe for composition in WFD <Dileep Kumar Reddi> 1 year, 1 month ago
e5268fd : hwc/overlay: Pass handle w/h and crop w/h through fb_image field <Arun Kumar K.R> 1 year, 2 months ago
5d39f02 : hwc: Log warning instead of mHDMIClient object not available <Dileep Kumar Reddi> 1 year, 1 month ago
55b3489 : hwc: Ignore float-conversion for included headers <Naseer Ahmed> 1 year, 1 month ago
82fe9c6 : hwc: Do not consider rotation for smart blit <Ramakant Singh> 1 year, 2 months ago
dd689ff : hwc: Do not create idle invalidator for MDP3 targets <Dileep Kumar Reddi> 1 year, 1 month ago
c58836b : hwc: Align ROI's width and height in both directions <Dileep Kumar Reddi> 1 year, 1 month ago
19f2250 : hwc: Fix SF crash due to SIGSEGV error <Raj Kamal> 1 year, 2 months ago
 
**** cm:CyanogenMod/android_hardware_qcom_display ****
c823234 : libmemtrack: Update the parsing of flags field <Harshdeep Dhatt> 5 months ago
5277cf2 : sdm: Handle spurious wakeup from pthread_cond_wait <Saurabh Shah> 4 months ago
1a7387c : hwc: Initialize pipe type to kPipeTypeUnused <Pullakavi Srinivas> 6 months ago
0400de2 : sdm: Fix HDMI connect failures while changing the mode <Ramkumar Radhakrishnan> 9 weeks ago
5a2c41d : Revert "sdm: Fix Dynamic frame rate issue" <Ramkumar Radhakrishnan> 9 weeks ago
ec5aa61 : hdmi: Reset S3D configuration on bootup <feifanz> 10 weeks ago
643a537 : sdm: Reconfigure display on SetRefreshRate <Manoj Kumar AVM> 2 months ago
e3a3353 : sdm: Fix Dynamic frame rate issue <Manoj Kumar AVM> 2 months ago
202ab44 : hdmi: Set correct initial S3D configuration <feifanz> 10 weeks ago
0bbc949 : sdm/hwc: Silence logspam <Steve Kondik> 2 months ago
37605f8 : sdm: Remain display framerate after dynamic resolution change <feifanz> 2 months ago
3b48227 : hdmi: Set correct S3D configuration on bootup <Manoj Kumar AVM> 2 months ago
8775a2b : sdm: Notify surfaceflinger to draw S3D framebuffer target <feifanz> 5 months ago
52da784 : sdm: Fix rotator input buffer fence initialization for S3D use case <Ramkumar Radhakrishnan> 2 months ago
9f840e1 : sdm: Fix dynamic refresh rate setting during S3D video playback. <Ramkumar Radhakrishnan> 2 months ago
30f3628 : sdm: Add binder support to force set HDMI framerate <feifanz> 4 months ago
2b9f200 : sdm: Limit composed layers for non primary displays <Krishna Srinivas> 3 months ago
68b10a4 : sdm: Add mode chose for dynamic framerate switch <feifanz> 3 months ago
5277365 : sdm: Power on HDMI panel when pluged in <feifanz> 3 months ago
3d5d4c1 : libmemtrack: Update the parsing of flags field <Harshdeep Dhatt> 5 months ago
0c39af5 : sdm:  Adding mapping of MDP RGB565_UBWC  format to SDM format <Anjaneya Prasad Musunuri> 6 months ago
5e6e766 : gralloc: Handle RAW_OPAQUE formats similar to blob <Naseer Ahmed> 4 months ago
2106b2a : sdm: Fix HDMI Primary and Virtual Display concurrency use case <Tatenda Chipeperekwa> 4 months ago
c5f91b1 : sdm: Set system property when HDMI is Primary <Tatenda Chipeperekwa> 5 months ago
371b9bc : sdm: Fix compilation error in hwc <Ramkumar Radhakrishnan> 4 months ago
a9f99ef : sdm: Typecast void pointer to mdp scale structure for QSEED2. <Ramkumar Radhakrishnan> 7 months ago
5e37cc9 : hwc: Initialize pipe type to kPipeTypeUnused <Pullakavi Srinivas> 6 months ago
49f32ce : sdm: Handle spurious wakeup from pthread_cond_wait <Saurabh Shah> 4 months ago
e588c17 : sdm : Apply Default Mode on real framework start <Sravan Kumar D.V.N> 6 months ago
4273f6c : sdm: Full ROI for 1 frame after resolution switch <Saurabh Shah> 5 months ago
09ed480 : sdm: Add support to report the pixel format of the display <Tatenda Chipeperekwa> 5 months ago
4d18fb9 : sdm: Disable partial update only if is enabled. <Dileep Marchya> 6 months ago
b60921b : sdm: Enable HDMI dynamic frame rate switch feature <feifanz> 6 months ago
2ca46a4 : qdMetadata: Add MetaData operation functions <feifanz> 6 months ago
d4f544e : sdm: HDMI as primary and headless display support <Tatenda Chipeperekwa> 5 months ago
3fc6dfa : sdm: Add independent hardware event thread for display events <Tatenda Chipeperekwa> 5 months ago
d180922 : sdm: Add sys wrappers for read, write, eventfd system calls <Tatenda Chipeperekwa> 5 months ago
57572d5 : qservice: Fixes for IQHDMIClient <Tatenda Chipeperekwa> 5 months ago
fcb06b6 : cec: Fix message parsing and enable wakeup feature <Tatenda Chipeperekwa> 5 months ago
d6591ae : sdm: Wrap DISPLAY_TERTIARY around QTI_BSP <Manoj Kumar AVM> 6 months ago
b7a0693 : sdm: Add parameter check for content list <Manoj Kumar AVM> 7 months ago
b5a157d : libmemtrack: Update parsing of kgsl mem file <Harshdeep Dhatt> 8 months ago
009ad60 : sdm: Set max_layers to 0 when HDMI is in S3D mode <Xu Yang> 8 months ago
bbeb6d6 : sdm: Initialize blit class members <Anjaneya Prasad Musunuri> 6 months ago
07d45cf : sdm: Fix out of bound access to HWC layers. <Dileep Marchya> 7 months ago
9b2cc73 : sdm: Fix default ROI initialization <Ramkumar Radhakrishnan> 6 months ago
cef3584 : sdm: color-manager: Add support for global dither. <Siddharth Zaveri> 7 months ago
19e6179 : sdm: Populate supported format table map from sysfs node <Ramkumar Radhakrishnan> 8 months ago
5fb5686 : sdm: Fix layer blending parameter setting. <Ramkumar Radhakrishnan> 8 months ago
631a683 : gralloc: Ignore IGC setting. <Dileep Marchya> 8 months ago
 
**** cm:CyanogenMod/android_hardware_qcom_media ****
a7b4886 : The libOmxSw encoders require prop headers :( <Ricardo Cerqueira> 6 weeks ago
4b1c56f : venc: Disable building vqzip into the encoder for OSS <Ricardo Cerqueira> 3 months ago
e9e9b32 : mm-core: change data type for version <Manikanta Kanamarlapudi> 3 months ago
07f11ee : make: Fix up platform inclusion <Ricardo Cerqueira> 3 months ago
e9f9ae8 : mm-video-v4l2: venc: Avoid processing ETBs/FTBs in invalid states <Praveen Chavan> 5 months ago
9eae7f2 : mm-video-v4l2: vdec: Avoid processing ETBs/FTBs in invalid states <Praveen Chavan> 5 months ago
3965563 : make: Adjust to dynamic paths <Ricardo Cerqueira> 4 months ago
b5a27bf : Avoid collision with the ffpmeg plugin <Ricardo Cerqueira> 4 months ago
d822edf : mm-video: Fix race condition in component. <Manikanta Sivapala> 5 months ago
cc6a5bb : mm-video: Handle ETB's with invalid length <Manikanta Sivapala> 5 months ago
d4c68ef : mm-video: Update function to flush cached ION output buffer. <Manikanta Sivapala> 5 months ago
6f4b96d : mm-video-v4l2: vidc: validate omx param/config data <Praveen Chavan> 6 months ago
70ecf07 : mm-video-v4l2: venc: add safety checks for freeing buffers <Praveen Chavan> 6 months ago
58cfe3e : mm-video-v4l2: vdec: add safety checks for freeing buffers <Praveen Chavan> 6 months ago
c9d33c1 : mm-video-v4l2: vdec: deprecate unused config OMX_IndexVendorVideoExtraData <Praveen Chavan> 6 months ago
162d7c2 : mm-video-v4l2: vidc: venc: KW fix to initialize v4l2 control. <Srinu Gorle> 5 months ago
ba4f857 : mm-video-v4l2: vdec: Malloc failure handling in memory prefetch <Rohit Kulkarni> 6 months ago
f05c40f : mm-video-v4l2: vdec: Add support for prefetching secure memory <Shalaj Jain> 8 months ago
1e09dcc : mm-video: swvdec: Flush cached ION output buffer. <Manikanta Sivapala> 6 months ago
5aa6868 : mm-video-v4l2: vidc: Do not queue output buffer if flush is in progress <Arun Menon> 9 months ago
451c330 : mm-video-v4l2: vidc: vdec: KW fix to initialize v4l2 control. <Abdulla Anam> 6 months ago
87af875 : Remove internal code name of msmtitanium for msm8953. <Arusha Goyal> 6 months ago
98c1933 : mm-video: swvdec: Enable "arbitrary bytes mode" via setparam. <Manikanta Sivapala> 6 months ago
6a113e8 : Remove internal code name of msmtitanium for msm8953. <Arusha Goyal> 6 months ago
66507f6 : mm-core: Add secure component registry entry <Vikash Garodia> 7 months ago
3c0c75c : mm-video-v4l2: vdec: Change preferred color format default order <Arun Menon> 10 months ago
47a3c9e : mm-core: Rename vpp component name in the registry. <Abdulla Anam> 7 months ago
f673dc5 : mm-video: swvdec: Fix bug in 'arbitrary bytes mode'. <Manikanta Sivapala> 7 months ago
658d7f6 : mm-video-v4l2: vdec: add support for vp8 secure decoder <Deepak Kushwah> 7 months ago
d5acdbb : mm-video-v4l2: vidc: update thread names <Vikash Garodia> 7 months ago
981d875 : mm-video: swvdec: Use C++ standard library queue classes. <Manikanta Sivapala> 7 months ago
4738e01 : mm-video: vidc: Communicate the right colorformat to the driver <Deva Ramasubramanian> 9 months ago
6480767 : mm-core: Add vp8 and vp9 secure decoders for titanium <Srinu Gorle> 7 months ago
3134ae4 : mm-video-v4l2: venc: revert add support for handling EOS buffer <Manikanta Kanamarlapudi> 7 months ago
3160904 : audio: Add entry for ALAC/APE software component <Preetam Singh Ranawat> 7 months ago
f09ef0f : mm-video: vidc: memset struct v4l2_format prior to S_FMT <Deva Ramasubramanian> 8 months ago
99a9dea : mm-video: swvdec: Fix FD leak. <Vikash Garodia> 7 months ago
21b0839 : Revert "mm-video-v4l2: vidc: Enhance VQZIP checks" <Manikanta Sivapala> 7 months ago
73109a9 : Revert "mm-video-v4l2: vidc: venc: Bug fixes for VZIP" <Manikanta Sivapala> 7 months ago
bf6b113 : mm-video-v4l2: venc: Add support for low latency mode <Srinu Gorle> 9 months ago
e3ab4f0 : mm-core: Fix compilation issue to erratic string constant <Amit Shekhar> 1 year ago
68a4b6c : mm-video: swvdec: Add 'arbitrary bytes mode' support. <Manikanta Kanamarlapudi> 7 months ago
89b5e96 : mm-video-v4l2: vidc: venc: Bug fixes for VZIP <Praneeth Paladugu> 9 months ago
d9b4206 : libc2dcolorconvert: check if platform support c2d <Alex Wong> 8 months ago
fd7f872 : mm-video-v4l2: vidc: Enhance VQZIP checks <Praneeth Paladugu> 1 year ago
ba30dca : mm-video: swvenc: update color format correctly <Manikanta Sivapala> 8 months ago
c950d91 : mm-video: swvdec: Fix bug in describe color format function. <Manikanta Sivapala> 8 months ago
cb9101d : mm-video-v4l2: venc: send flags to color converter <Maheshwar Ajja> 8 months ago
57a18a2 : mm-video: swvenc: Update color format correctly <Manikanta Sivapala> 8 months ago
66f5bdc : mm-video-v4l2: venc: Disable Bframes incase of UHD recording <Srinu Gorle> 10 months ago
 
**** cm:CyanogenMod/android_hardware_qcom_media ****
2182d03 : DO NOT MERGE mm-video-v4l2: venc: add checks before  accessing heap pointers <Praveen Chavan> 9 weeks ago
8db7a42 : DO NOT MERGE Fix wrong nAllocLen <Wonsik Kim> 9 weeks ago
d81a756 : mm-video-v4l2: vdec: Avoid processing ETBs/FTBs in invalid states <Praveen Chavan> 5 months ago
ddeb931 : mm-video-v4l2: venc: Avoid processing ETBs/FTBs in invalid states <Praveen Chavan> 5 months ago
1071714 : DO NOT MERGE mm-video-v4l2: vdec: deprecate unused config OMX_IndexVendorVideoExtraData <Praveen Chavan> 5 months ago
3dd7332 : DO NOT MERGE mm-video-v4l2: venc: add safety checks for freeing buffers <Praveen Chavan> 4 months ago
cbc1231 : DO NOT MERGE mm-video-v4l2: vidc: validate omx param/config data <Praveen Chavan> 4 months ago
bb2d97a : DO NOT MERGE mm-video-v4l2: vdec: add safety checks for freeing buffers <Praveen Chavan> 4 months ago
70ff94f : mm-video-v4l2: vdec: modify max supported level on msm8976 <Maheshwar Ajja> 6 months ago
9a1699d : mm-video-v4l2: Fix default session priority handling <Surajit Podder> 6 months ago
92b55f1 : mm-video-v4l2: vdec: Enhance video resolution check <Arun Menon> 7 months ago
bbcbc18 : mm-video-v4l2: vdec: Error out if set format ioctl fails <Abdulla Anam> 7 months ago
e184bed : mm-video-v4l2: vdec: Decrement semaphore count in error case. <vasantha> 7 months ago
ff3940f : mm-video-v4l2: Return correct level support for 8956 <Surajit Podder> 7 months ago
1fd6df0 : mm-video-v4l2: vidc: vdec: handle ftbs during reconfig and port disable <Abdulla Anam> 7 months ago
e9bacff : mm-video-v4l2: venc: check for null pointer <Maheshwar Ajja> 7 months ago
a699a13 : mm-video-v4l2: vdec: set 24 fps framerate for 4k clips <Deepak Kushwah> 8 months ago
bc9e191 : mm-video-v4l2: vidc: Fix race condition with msg thread fd close <Shalaj Jain> 10 months ago
a860362 : mm-video-v4l2: vidc: update thread names <Ashray Kulkarni> 1 year, 2 months ago
8e66146 : mm-video-v4l2: Add support for prefer adaptive playback extension <Shalaj Jain> 1 year, 2 months ago
41a5cfd : mm-video: Adjust stride value for planar format <Surajit Podder> 1 year, 4 months ago
c40cf77 : mm-video: vidc: Reliably stop the message thread <Deepak Kushwah> 9 months ago
62f611d : Fix duplicated OMX.qcom.audio.decoder.aac entry <Keith Mok> 9 months ago
69d6d4b : media: Avoid collision with FFMPEG plugin <Steve Kondik> 9 months ago
610c356 : media: Use project pathmap <Ethan Chen> 9 months ago
dc1b1d4 : mm-video-v4l2: Unmap dropped output buffers <Surajit Podder> 9 months ago
78521c5 : Include kernel header dependency for libOmxVidcCommon <Divya Sharma> 10 months ago
f9c92f0 : mm-video-v4l2: vidc: venc: Fix hybrid HP layer count <Abdulla Anam> 11 months ago
a5dce41 : mm-video-v4l2: Enable get_param to check downscalar enablement <Surajit Podder> 10 months ago
e7743ae : mm-video-v4l2: venc: Add support to enhance hybrid Hier-p mode <Abdulla Anam> 11 months ago
75bc6a6 : mm-video-v4l2: vdec:  release buffer when qbuf to driver fails <Manikanta Kanamarlapudi> 11 months ago
cfeaf87 : mm-video-v4l2: Use client buffer header for FTB <Surajit Podder> 12 months ago
b6c736d : mm-video-v4l2: Disable intra refresh mode on msm8956/76 <Maheshwar Ajja> 11 months ago
a54c5d4 : mm-video-v4l2: vdec: fix fps issues in arbitrary mode <Ashray Kulkarni> 1 year ago
826ba8c : QCMetadata: add a new key for big buffers <Sidipotu Ashok> 11 months ago
ef3143a : QCMetadata: Add key for setBuffers API support <Manikanta Kanamarlapudi> 1 year, 3 months ago
f178e8b : mm-video-v4l2: venc: support all I frame encoding usecase. <Abdulla Anam> 11 months ago
bcf4fa3 : libstagefrighthw: Add header guard to QComOMXMetadata.h and fix file perms <Deva Ramasubramanian> 12 months ago
e2d287f : mm-video-v4l2: vdec: streamoff while freeing first output buffer <Balamurugan Alagarsamy> 1 year, 9 months ago
f0fc3d0 : mm-video: Disable downscalar for non-display usecase <Surajit Podder> 1 year, 3 months ago
0997c8a : mm-video: Enable HEVC software encoder OMX component. <Manikanta Sivapala> 12 months ago
8bb96de : mm-video_v4l2: pass crop nWidth and nHeight in reconfig event. <Abdulla Anam> 1 year ago
afb1469 : mm-video-v4l2: Fix downscalar issue <Surajit Podder> 12 months ago
269f6cd : mm-video-v4l2: Fix crash due to divide by zero <Surajit Podder> 12 months ago
c14558c : mm-video-v4l2: venc: initialize the member variables <Maheshwar Ajja> 12 months ago
99c2455 : mm-video-v4l2: vdec: Fix closing of file descriptor "0" <Deepak Kushwah> 12 months ago
b4d0e38 : mm-video-v4l2: venc: limit pixels value in input buffers. <Abdulla Anam> 1 year ago
1202ebd : mm-video_v4l2: pass crop nWidth and nHeight in reconfig event. <Abdulla Anam> 1 year ago
1fc82f0 : mm-video: Disable downscalar for non-display usecase <Surajit Podder> 1 year, 3 months ago
6ecc67f : mm-core: update vpp related structures and enums. <Abdulla Anam> 1 year ago
 
**** cm:CyanogenMod/android_hardware_qcom_media ****
1cbab89 : DO NOT MERGE mm-video-v4l2: venc: add checks before  accessing heap pointers <Praveen Chavan> 9 weeks ago
de2960f : DO NOT MERGE Fix wrong nAllocLen <Wonsik Kim> 9 weeks ago
5029df7 : venc: Fix VQZip issue <Steve Kondik> 6 weeks ago
fe01ff3 : mm-video-v4l2: vidc: venc: Remove unspported Levels <Praneeth Paladugu> 4 months ago
9a2ff6f : mm-video-v4l2: Fix crash during decoder output dump <Surajit Podder> 8 weeks ago
dc02ee7 : mm-video-v4l2: Detect interlace format types correctly. <Kim Zhang> 3 months ago
341f7d6 : mm-core: Add De-interlace case for VPP <Kim Zhang> 3 months ago
e896660 : mm-core: Fix the nVersion type issue in QOMX_EXTNINDEX_VIDEO_VENC_SAR <Kim Zhang> 3 months ago
8c6e1b9 : mm-video-v4l2: vdec: refine refresh_rate handling <Qiwei Liu> 3 months ago
05beae8 : venc: Disable building vqzip into the encoder for OSS <Ricardo Cerqueira> 3 months ago
0444f03 : Revert "venc: use libOmxVenc as blob" <Chao Chen> 3 months ago
6c2bccf : mm-video-v4l2: Fix issue with DCVS in split mode <Surajit Podder> 3 months ago
d92e6d9 : mm-video-v4l2: venc: Avoid processing ETBs/FTBs in invalid states <Praveen Chavan> 5 months ago
726dddc : mm-video-v4l2: vdec: Avoid processing ETBs/FTBs in invalid states <Praveen Chavan> 5 months ago
6f4a4ba : mm-video-v4l2: vide: vdec: modify refresh rate calculation <Qiwei Liu> 4 months ago
352a82c : mm-video-v4l2: Handle decoder output crop extradata <Vikash Garodia> 3 months ago
219d27a : venc: use libOmxVenc as blob <Matt Wagantall> 6 months ago
6cafea7 : mm-video-v4l2: vidc: Enumerate supported HEVC decoder profiles <Rohit Kulkarni> 5 months ago
b597f7e : mm-video-v4l2: vidc: Update supported Level values <Praneeth Paladugu> 7 months ago
5ae7676 : mm-video-v4l2: vdec: Update the buffer size after g_fmt <Vikash Garodia> 4 months ago
5b2d521 : mm-core: Remove the size and version fields for some vpp structures <Kim Zhang> 4 months ago
85372cd : mm-video-v4l2: vidc: vdec: Change DPB mode to combined for VP9 <Praneeth Paladugu> 4 months ago
45e8530 : mm-video-v4l2: Pass stride and scanlines with reconfig event <Abdulla Anam> 4 months ago
accaaf8 : mm-video-v4l2: vdec: DPB mode to split for CPU access of buffers <Praneeth Paladugu> 5 months ago
4925114 : mm-video-v4l2: vdec: deprecate unused config OMX_IndexVendorVideoExtraData <Praveen Chavan> 5 months ago
d4f4cdf : mm-video-v4l2: venc: add safety checks for freeing buffers <Praveen Chavan> 5 months ago
a797942 : mm-video-v4l2: vidc: validate omx param/config data <Praveen Chavan> 5 months ago
8c6b30e : mm-video-v4l2: vdec: add safety checks for freeing buffers <Praveen Chavan> 5 months ago
8943d96 : mm-video-v4l2: vidc: vdec: Add support for Output crop extra data <Arun Menon> 6 months ago
d39458f : mm-video-v4l2: vidc: Restore pixel format on capture plane <Kim Zhang> 5 months ago
73699c1 : mm-video-v4l2: Pointer null check before deferencing it <Deepak Kushwah> 8 months ago
b107003 : mm-video-v4l2: vidc: validate omx param/config data <Praveen Chavan> 6 months ago
d77c4a9 : mm-video-v4l2: vdec: deprecate unused config OMX_IndexVendorVideoExtraData <Praveen Chavan> 6 months ago
4802a3d : mm-video-v4l2: vidc: vdec: Add Extra data size during update_portdef <Arun Menon> 5 months ago
20f4efa : mm-video-v4l2: vidc: venc: Fix VQZIP issues <Praneeth Paladugu> 5 months ago
ace6a48 : mm-video-v4l2: vdec: Call vidioc_g_fmt to get updated buffer size <Arun Menon> 6 months ago
538225b : mm-video-v4l2: vdec: Malloc failure handling in memory prefetch <Rohit Kulkarni> 6 months ago
2a3c3fc : mm-video-v4l2: vidc: venc: Fix rotation issue <Praneeth Paladugu> 6 months ago
c1c9a54 : mm-video-v4l2: vdec: Add support for prefetching secure memory <Shalaj Jain> 8 months ago
cdd8a4b : mm-video-v4l2: vdec: add safety checks for freeing buffers <Praveen Chavan> 6 months ago
bd10da8 : mm-video-v4l2: venc: add safety checks for freeing buffers <Praveen Chavan> 6 months ago
c59fcaa :  mm-video-v4l2: vidc: HEVC Main10 profile support <Rohit Kulkarni> 6 months ago
56dd269 : mm-video: vidc: Squashed changes for component <Praneeth Paladugu> 6 months ago
347b90c : libc2dcolorconvert: refer c2d header from display <Praveen Chavan> 2 years, 4 months ago
14a416b : mm-video-v4l2: vdec: Increase buffer count to support high fps <Arun Menon> 8 months ago
6316605 : vidc: Fix makefiles <Steve Kondik> 1 year, 5 months ago
416ba49 : mm-video-v4l2: vidc: vdec: skip enabling S3D extra data for secure session <Srinu Gorle> 1 year, 5 months ago
5f4d49f : mm-video-v4l2: vidc: vdec: Add support for S3D metadata <Ashray Kulkarni> 1 year, 7 months ago
a53124e : mm-core: Fix compilation issue to erratic string constant <Amit Shekhar> 1 year ago
a7f1dda : mm-video-v4l2: vidc: venc: Fix rotation issue for 180 degrees <Praneeth Paladugu> 10 months ago
 
**** cmold:android_kernel_htc_msm8974 ****
1cdfb62 : ASoC: msm: qdsp6v2: check param length for EAC3 format <Surendar karka> 2 weeks ago
3995dfe : wcnss: Avoid user buffer overloading for write cal data <Anand Kumar> 3 months ago
 
**** cmold:android_kernel_htc_msm8994 ****
2f17789 : Adds bound check on reg_cfg_cmd->u.dmi_info.hi_tbl_offset. <Trishansh Bhardwaj> 2 weeks ago
78959be : ASoC: msm: qdsp6v2: check param length for EAC3 format <Surendar karka> 2 weeks ago
 
**** vanir:kernel_huawei_angler ****
8bac269 : net: ipc_router: Bind only a client port as control port <Karthikeyan Ramasubramanian> 7 months ago
6e08b00 : ashmem: Validate ashmem memory with fops pointer <Sunil Khatri> 3 months ago
c080885 : fs: ext4: disable support for fallocate FALLOC_FL_PUNCH_HOLE <Nick Desaulniers> 8 weeks ago
9f9a275 : msm: ipa: fix potential race condition ioctls <Biswajit Paul> 9 weeks ago
e76614b : msm: camera: Fix memory read by adding bounds check <Biswajit Paul> 3 months ago
6cb1c81 : BACKPORT: netfilter: x_tables: validate e->target_offset early <Florian Westphal> 6 months ago
ca6a813 : UPSTREAM: netfilter: x_tables: make sure e->next_offset covers remaining blob size <Florian Westphal> 6 months ago
77ce241 : BACKPORT: cdc_ncm: do not call usbnet_link_change from cdc_ncm_bind <Yueyao (Nathan) Zhu> 8 weeks ago
0a5929a : BACKPORT: KEYS: potential uninitialized variable <Yueyao (Nathan) Zhu> 8 weeks ago
662e9d1 : UPSTREAM: ipv6: Don't reduce hop limit for an interface <D.S. Ljungmark> 1 year, 6 months ago
5bb7c78 : UPSTREAM: udp: fix behavior of wrong checksums <Eric Dumazet> 1 year, 3 months ago
a3b998c : UPSTREAM: ppp: take reference on channels netns <Guillaume Nault> 6 months ago
e62372b : UPSTREAM: netfilter: x_tables: fix unconditional helper <Florian Westphal> 6 months ago
d15d646 : qcom: ssr: Fix possible overflow when copying firmware name <Srinivasarao P> 3 months ago
14d3d17 : msm-core: debug: Fix the number of arguments for sysfs nodes <Biswajit Paul> 9 weeks ago
b6e74ac : UPSTREAM: KEYS: Fix ASN.1 indefinite length object parsing <David Howells> 7 months ago
6ff7d6e : BACKPORT: unix: avoid use-after-free in ep_remove_wait_queue <Rainer Weikusat> 10 months ago
59f8c77 : BACKPORT: ASN.1: Fix non-match detection failure on data overrun <David Howells> 1 year, 1 month ago
441f25c : ASoC: msm: qdsp6v2: check param length for EAC3 format <vivek mehta> 10 weeks ago
914bf37 : spmi: prevent showing the address of spmidev <Biswajit Paul> 3 months ago
93da96c : net: wireless: bcmdhd: security vulnerability - protect array overflow in PNO <Jerry Lee> 9 weeks ago
cd93a57 : UPSTREAM: ASoC: wcd9xxx: Fix unprotected userspace access <Patrick Daly> 10 weeks ago
 
**** cmold:android_kernel_huawei_kiwi ****
9452a29 : wcnss: Avoid user buffer overloading for write cal data <Anand Kumar> 3 months ago
 
**** cmold:android_kernel_lge_g3 ****
02f8f9c : wcnss: Avoid user buffer overloading for write cal data <Anand Kumar> 3 months ago
3a04ac3 : Adds bound check on reg_cfg_cmd->u.dmi_info.hi_tbl_offset. <Trishansh Bhardwaj> 2 weeks ago
c96a48d : ASoC: msm: qdsp6v2: check param length for EAC3 format <Surendar karka> 2 weeks ago
 
**** cmold:android_kernel_lge_hammerhead ****
f4693be : net: ipc_router: Bind only a client port as control port <Karthikeyan Ramasubramanian> 7 months ago
f512a6b : ashmem: Validate ashmem memory with fops pointer <Sunil Khatri> 3 months ago
5345d0b : fs: ext4: disable support for fallocate FALLOC_FL_PUNCH_HOLE <Nick Desaulniers> 8 weeks ago
39ff817 : UPSTREAM: ALSA: control: Fix replacing user controls <Lars-Peter Clausen> 2 years, 3 months ago
bdba81b : msm: camera: Fix memory read by adding bounds check <Biswajit Paul> 3 months ago
8090859 : UPSTREAM: KEYS: close race between key lookup and freeing <Sasha Levin> 9 weeks ago
50bb616 : BACKPORT: netfilter: x_tables: validate e->target_offset early <Florian Westphal> 6 months ago
c13cbfe : UPSTREAM: netfilter: x_tables: make sure e->next_offset covers remaining blob size <Florian Westphal> 6 months ago
a5556c2 : BACKPORT: KEYS: potential uninitialized variable <Yueyao (Nathan) Zhu> 8 weeks ago
c785fd9 : UPSTREAM: ipv4: try to cache dst_entries which would cause a redirect <Hannes Frederic Sowa> 9 weeks ago
4260c83 : BACKPORT: ipv6: Don't reduce hop limit for an interface <D.S. Ljungmark> 9 weeks ago
18f72e7 : UPSTREAM: udp: fix behavior of wrong checksums <Eric Dumazet> 2 months ago
7ba392c : UPSTREAM: ppp: take reference on channels netns <Guillaume Nault> 6 months ago
d11ba3e : UPSTREAM: netfilter: x_tables: fix unconditional helper <Florian Westphal> 6 months ago
de76c36 : UPSTREAM: unix: avoid use-after-free in ep_remove_wait_queue <Rainer Weikusat> 10 months ago
1773c87 : spmi: prevent showing the address of spmidev <Biswajit Paul> 3 months ago
d3ac9c1 : net: wireless: bcmdhd: security vulnerability - protect array overflow in PNO <Jerry Lee> 9 weeks ago
d46a4b6 : Subject: qseecom: Add checks for user space buffer pointers <Gilad Avidov> 3 months ago
 
**** vanir:kernel_lge_msm8974 ****
62d688c : Adds bound check on reg_cfg_cmd->u.dmi_info.hi_tbl_offset. <Trishansh Bhardwaj> 2 weeks ago
 
**** vanir:kernel_moto_shamu ****
27906c4 : net: ipc_router: Bind only a client port as control port <Karthikeyan Ramasubramanian> 7 months ago
e88c311 : ashmem: Validate ashmem memory with fops pointer <Sunil Khatri> 3 months ago
bdba352 : fs: ext4: disable support for fallocate FALLOC_FL_PUNCH_HOLE <Nick Desaulniers> 8 weeks ago
757288c : msm: dma: remove dma_test from defconfig <Min Chong> 8 weeks ago
c2653e0 : UPSTREAM: ALSA: control: Fix replacing user controls <Lars-Peter Clausen> 2 years, 3 months ago
2da2cf6 : msm: camera: Fix memory read by adding bounds check <Biswajit Paul> 3 months ago
8fb8797 : UPSTREAM: KEYS: close race between key lookup and freeing <Sasha Levin> 9 weeks ago
41c2b35 : BACKPORT: netfilter: x_tables: validate e->target_offset early <Florian Westphal> 6 months ago
f7c89e4 : UPSTREAM: netfilter: x_tables: make sure e->next_offset covers remaining blob size <Florian Westphal> 6 months ago
99fbfc6 : BACKPORT: cdc_ncm: do not call usbnet_link_change from cdc_ncm_bind <Yueyao (Nathan) Zhu> 8 weeks ago
1a2abad : BACKPORT: KEYS: potential uninitialized variable <Yueyao (Nathan) Zhu> 8 weeks ago
14f2e6c : UPSTREAM: ipv4: try to cache dst_entries which would cause a redirect <Hannes Frederic Sowa> 9 weeks ago
c8a0f1e : UPSTREAM: ipv6: Don't reduce hop limit for an interface <D.S. Ljungmark> 1 year, 6 months ago
c50f446 : UPSTREAM: ppp: take reference on channels netns <Guillaume Nault> 6 months ago
4bcddde : UPSTREAM: udp: fix behavior of wrong checksums <Eric Dumazet> 1 year, 3 months ago
2407fea : UPSTREAM: netfilter: x_tables: fix unconditional helper <Florian Westphal> 6 months ago
f0b53e1 : BACKPORT: unix: avoid use-after-free in ep_remove_wait_queue <Rainer Weikusat> 10 months ago
885e478 : spmi: prevent showing the address of spmidev <Biswajit Paul> 3 months ago
11d60e5 : ASoC: msm: qdsp6v2: check param length for EAC3 format <vivek mehta> 10 weeks ago
067086b : net: wireless: bcmdhd: security vulnerability - protect array overflow in PNO <Jerry Lee> 9 weeks ago
 
**** cmold:android_kernel_motorola_msm8226 ****
48c8cf9 : scripts: Call out python2 explicitly <David Brown> 1 year, 5 months ago
0bbdeeb : wlan: fix buffer overflow in linkspeed ioctl <Manjeet Singh> 4 months ago
eb124ce : wlan: Remove the support for setwpaie ioctl <SaidiReddy Yenuga> 4 months ago
a542a5a : Adds bound check on reg_cfg_cmd->u.dmi_info.hi_tbl_offset. <Trishansh Bhardwaj> 2 weeks ago
7fe5b94 : ASoC: msm: qdsp6v2: check param length for EAC3 format <Surendar karka> 2 weeks ago
8acbda0 : wcnss: Avoid user buffer overloading for write cal data <Anand Kumar> 3 months ago
e22e047 : BACKPORT: tcp: make challenge acks less predictable <Eric Dumazet> 9 weeks ago
 
**** cmold:android_kernel_motorola_msm8610 ****
23958cb : wlan: fix buffer overflow in linkspeed ioctl <Manjeet Singh> 4 months ago
558ed22 : Adds bound check on reg_cfg_cmd->u.dmi_info.hi_tbl_offset. <Trishansh Bhardwaj> 2 weeks ago
4677153 : ASoC: msm: qdsp6v2: check param length for EAC3 format <Surendar karka> 2 weeks ago
db9cd7f : wcnss: Avoid user buffer overloading for write cal data <Anand Kumar> 3 months ago
5c762b4 : BACKPORT: tcp: make challenge acks less predictable <Eric Dumazet> 9 weeks ago
22a3e49 : net: ipc_router: Bind only a client port as control port <Karthikeyan Ramasubramanian> 7 months ago
 
**** cmold:android_kernel_motorola_msm8916 ****
09ff0d1 : msm: camera: Fix memory read by adding bounds check <Trishansh Bhardwaj> 3 months ago
73617ca : wcnss: Avoid user buffer overloading for write cal data <Anand Kumar> 3 months ago
299ec2e : tcp: fix use after free in tcp_xmit_retransmit_queue() <Eric Dumazet> 4 weeks ago
97ebf84 : proc: prevent accessing /proc/<PID>/environ until it's ready <Mathias Krause> 4 months ago
aa8bd50 : [media] xc2028: unlock on error in xc2028_set_config() <Dan Carpenter> 7 months ago
fb3efe8 : [media] xc2028: avoid use after free <Mauro Carvalho Chehab> 8 months ago
b50eb66 : block: fix use-after-free in seq file <Vegard Nossum> 6 weeks ago
a5db100 : Revert "netfilter: have ip*t REJECT set the sock err when an icmp is to be sent" <Erik Kline> 3 months ago
af1cfa9 : ASoC: wcd9xxx: Fix unprotected userspace access <Patrick Daly> 1 year, 4 months ago
 
**** cmold:android_kernel_oneplus_msm8996 ****
8524342 : usb: gadget: mass_storage: added sysfs entry for cdrom to LUNs <Whoopie> 3 weeks ago
 
**** vanir:kernel_samsung_klte ****
ae358ac : wcnss: Avoid user buffer overloading for write cal data <Anand Kumar> 3 months ago
c272b50 : klte: defconfig: Enable CONFIG_FS <Kevin F. Haggerty> 4 days ago
 
**** cmold:android_kernel_sony_msm8x27 ****
2489a9b : msm : dma_test: Initialize newly allocated memory <Srinivasarao P> 7 weeks ago
6caaa2c : msm: crypto: Fix integer over flow check in qcedev driver <Zhen Kong> 6 weeks ago
 
**** github:CyanogenMod/android_kernel_xiaomi_cancro ****
734f770 : wcnss: Avoid user buffer overloading for write cal data <Anand Kumar> 8 hours ago
 
**** vanir:packages_apps_CellBroadcastReceiver ****
4d3ff88 : Correct channel 50 message in Spanish <Deepak Kundra> 7 weeks ago
 
**** vanir:packages_apps_Dialer ****
2092d2d : Fix tab position handling for RTL languages. <Danny Baumann> 7 days ago
 
**** vanir:packages_apps_Settings ****
8ebe173 : Fix AIOOBE with root access disabled. <Danny Baumann> 7 days ago
31be108 : Settings: Hidden option to view Device ID On tapping 7 times, show the device ID and copy it to clipboard. CYNGNOS-3232 <Janet Sun> 5 weeks ago
 
**** vanir:packages_apps_soundrecorder ****
2e5f3ba : SoundRecorder: Only attempt bluetooth recording if an adapter is present <Diogo Ferreira> 4 days ago
 
**** vanir:packages_providers_TelephonyProvider ****
6e2ee40 : TelephonyProvider: use name as part of unique apn identifier <Roman Birg> 9 days ago
 
**** commotio:commotio ****
ea5068f : Fingerprint for shamu + Bullhead <DHOMD> 3 days ago
 
**** vanir:vendor_lge ****
e71b633 : hammerhead: update blobs from MOB31E factory image <razorloves> 3 days ago
8ca64e1 : bullhead: update blobs from MTC20K factory image <razorloves> 3 days ago
 
**** vanir:vendor_motorola ****
6d59238 : Taint Hunnt - Reconcile Maserati & Co with Muppets <DHOMD> 3 days ago
bf0d6ed : shamu: update blobs to MOB31E <Elektroschmock> 4 days ago
 
**** vanir:vendor_vanir ****
43ee612 : cm: charger: Add support for Watch/LDPI devices <Caio Oliveira> 8 days ago
386f0a4 : Bullhead + shamu fingerprints <DHOMD> 3 days ago
 
